<?xml version="1.0" encoding="utf-8" standalone="no"?>
<!--This file represents the results of running a test suite-->
<test-results name="P:\Kistl\Tests\Kistl.Server.Tests\Kistl.ServerTests.nunit" total="54" failures="0" not-run="9" date="2009-03-12" time="17:04:29">
  <environment nunit-version="2.4.7.0" clr-version="2.0.50727.3074" os-version="Microsoft Windows NT 6.0.6001 Service Pack 1" platform="Win32NT" cwd="P:\Kistl\Tests\Kistl.Server.Tests" machine-name="KISTL" user="david" user-domain="kistl" />
  <culture-info current-culture="de-AT" current-uiculture="de-DE" />
  <test-suite name="P:\Kistl\Tests\Kistl.Server.Tests\Kistl.ServerTests.nunit" success="True" time="20.332" asserts="0">
    <results>
      <test-suite name="P:\Kistl\Tests\Kistl.Server.Tests\bin\Debug\Kistl.Server.Tests.exe" success="True" time="20.324" asserts="0">
        <results>
          <test-suite name="Kistl" success="True" time="20.316" asserts="0">
            <results>
              <test-suite name="Server" success="True" time="20.308" asserts="0">
                <results>
                  <test-suite name="Tests" success="True" time="20.300" asserts="0">
                    <results>
                      <test-suite name="FrozenContextTests" success="True" time="1.133" asserts="0">
                        <results>
                          <test-case name="Kistl.Server.Tests.FrozenContextTests.IsReadonly_Create" executed="True" success="True" time="1.066" asserts="0" />
                          <test-case name="Kistl.Server.Tests.FrozenContextTests.IsReadonlyFlag" executed="True" success="True" time="0.004" asserts="1" />
                          <test-case name="Kistl.Server.Tests.FrozenContextTests.IsReadonlyObject" executed="True" success="True" time="0.039" asserts="1" />
                          <test-case name="Kistl.Server.Tests.FrozenContextTests.IsReadonlyObject_Reference" executed="True" success="True" time="0.009" asserts="0" />
                          <test-case name="Kistl.Server.Tests.FrozenContextTests.IsReadonlyObject_String" executed="True" success="True" time="0.002" asserts="0" />
                        </results>
                      </test-suite>
                      <test-suite name="GetListOfTests" success="True" time="0.271" asserts="0">
                        <results>
                          <test-case name="Kistl.Server.Tests.GetListOfTests.GetListOf" executed="True" success="True" time="0.154" asserts="1" />
                          <test-case name="Kistl.Server.Tests.GetListOfTests.GetListOf_GetObject" executed="True" success="True" time="0.039" asserts="2" />
                          <test-case name="Kistl.Server.Tests.GetListOfTests.GetListOf_Twice" executed="True" success="True" time="0.012" asserts="3" />
                          <test-case name="Kistl.Server.Tests.GetListOfTests.GetObject_GetListOf" executed="True" success="True" time="0.062" asserts="3" />
                        </results>
                      </test-suite>
                      <test-suite name="GetListTests" success="True" time="1.706" asserts="0">
                        <results>
                          <test-case name="Kistl.Server.Tests.GetListTests.GetList" executed="True" success="True" time="0.047" asserts="1" />
                          <test-case name="Kistl.Server.Tests.GetListTests.GetList_GetObject" executed="True" success="True" time="0.939" asserts="3" />
                          <test-case name="Kistl.Server.Tests.GetListTests.GetList_Twice" executed="True" success="True" time="0.052" asserts="187" />
                          <test-case name="Kistl.Server.Tests.GetListTests.GetListByTypeWithOrderBy" executed="False">
                            <reason>
                              <message><![CDATA[Case 617]]></message>
                            </reason>
                          </test-case>
                          <test-case name="Kistl.Server.Tests.GetListTests.GetListFirst" executed="True" success="True" time="0.010" asserts="1" />
                          <test-case name="Kistl.Server.Tests.GetListTests.GetListSingle" executed="True" success="True" time="0.007" asserts="0" />
                          <test-case name="Kistl.Server.Tests.GetListTests.GetListWithFirst" executed="True" success="True" time="0.007" asserts="1" />
                          <test-case name="Kistl.Server.Tests.GetListTests.GetListWithOrderBy" executed="True" success="True" time="0.077" asserts="1" />
                          <test-case name="Kistl.Server.Tests.GetListTests.GetListWithOrderByAndWhere" executed="True" success="True" time="0.054" asserts="1" />
                          <test-case name="Kistl.Server.Tests.GetListTests.GetListWithOrderByThenOrderBy" executed="False">
                            <reason>
                              <message><![CDATA[Case 634]]></message>
                            </reason>
                          </test-case>
                          <test-case name="Kistl.Server.Tests.GetListTests.GetListWithParameterIllegal" executed="False">
                            <reason>
                              <message><![CDATA[System.InvalidOperationException : The operands for operator 'GreaterThan' do not match the parameters of method 'op_GreaterThan'.]]></message>
                            </reason>
                          </test-case>
                          <test-case name="Kistl.Server.Tests.GetListTests.GetListWithParameterLegal" executed="True" success="True" time="0.056" asserts="1" />
                          <test-case name="Kistl.Server.Tests.GetListTests.GetListWithProjection" executed="True" success="True" time="0.080" asserts="0" />
                          <test-case name="Kistl.Server.Tests.GetListTests.GetListWithPropertyAccessor" executed="True" success="True" time="0.016" asserts="2" />
                          <test-case name="Kistl.Server.Tests.GetListTests.GetListWithPropertyObjectAccessor" executed="True" success="True" time="0.049" asserts="2" />
                          <test-case name="Kistl.Server.Tests.GetListTests.GetListWithSingle" executed="True" success="True" time="0.005" asserts="0" />
                          <test-case name="Kistl.Server.Tests.GetListTests.GetListWithTake" executed="True" success="True" time="0.048" asserts="1" />
                          <test-case name="Kistl.Server.Tests.GetListTests.GetListWithTakeAndWhere" executed="True" success="True" time="0.050" asserts="1" />
                          <test-case name="Kistl.Server.Tests.GetListTests.GetObject_GetList" executed="True" success="True" time="0.184" asserts="6" />
                        </results>
                      </test-suite>
                      <test-suite name="InheritanceTests" success="True" time="2.567" asserts="0">
                        <results>
                          <test-case name="Kistl.Server.Tests.InheritanceTests.GetListOfInheritedObjects" executed="True" success="True" time="0.442" asserts="3" />
                          <test-case name="Kistl.Server.Tests.InheritanceTests.UpdateInheritedObject" executed="True" success="True" time="2.124" asserts="4" />
                        </results>
                      </test-suite>
                      <test-suite name="ListPropetiesTests" success="True" time="0.307" asserts="0">
                        <results>
                          <test-case name="Kistl.Server.Tests.ListPropetiesTests.AddStringListPropertyContent" executed="True" success="True" time="0.165" asserts="4" />
                          <test-case name="Kistl.Server.Tests.ListPropetiesTests.DeleteStringListPropertyContent" executed="True" success="True" time="0.048" asserts="4" />
                          <test-case name="Kistl.Server.Tests.ListPropetiesTests.GetPointerListPropertyContent" executed="True" success="True" time="0.084" asserts="9" />
                          <test-case name="Kistl.Server.Tests.ListPropetiesTests.GetStringListPropertyContent" executed="True" success="True" time="0.006" asserts="1" />
                          <test-case name="Kistl.Server.Tests.ListPropetiesTests.UpdateStringListPropertyContent" executed="False">
                            <reason>
                              <message><![CDATA[Implement IsSorted on Kunde.EMails]]></message>
                            </reason>
                          </test-case>
                        </results>
                      </test-suite>
                      <test-suite name="ObjectTests" success="True" time="0.221" asserts="0">
                        <results>
                          <test-case name="Kistl.Server.Tests.ObjectTests.GetListOf" executed="True" success="True" time="0.012" asserts="1" />
                          <test-case name="Kistl.Server.Tests.ObjectTests.GetListOf_List" executed="True" success="True" time="0.015" asserts="1" />
                          <test-case name="Kistl.Server.Tests.ObjectTests.GetObject" executed="True" success="True" time="0.039" asserts="1" />
                          <test-case name="Kistl.Server.Tests.ObjectTests.GetObject_Twice" executed="True" success="True" time="0.047" asserts="3" />
                          <test-case name="Kistl.Server.Tests.ObjectTests.NewObject" executed="True" success="True" time="0.042" asserts="4" />
                          <test-case name="Kistl.Server.Tests.ObjectTests.SetObject" executed="True" success="True" time="0.059" asserts="3" />
                        </results>
                      </test-suite>
                      <test-suite name="RelationTests" success="True" time="0.620" asserts="0">
                        <results>
                          <test-case name="Kistl.Server.Tests.RelationTests.Change_Relation_1_n_Set_1" executed="True" success="True" time="0.004" asserts="7" />
                          <test-case name="Kistl.Server.Tests.RelationTests.Change_Relation_1_n_Set_n_By_Index" executed="True" success="True" time="0.018" asserts="7" />
                          <test-case name="Kistl.Server.Tests.RelationTests.Change_Relation_1_n_Set_n_With_Clear" executed="True" success="True" time="0.006" asserts="7" />
                          <test-case name="Kistl.Server.Tests.RelationTests.Change_Relation_1_n_Set_n_With_Remove" executed="True" success="True" time="0.003" asserts="7" />
                          <test-case name="Kistl.Server.Tests.RelationTests.Change_Relation_n_m_Set_m_By_Index" executed="True" success="True" time="0.016" asserts="9" />
                          <test-case name="Kistl.Server.Tests.RelationTests.Change_Relation_n_m_Set_m_With_Clear" executed="True" success="True" time="0.008" asserts="9" />
                          <test-case name="Kistl.Server.Tests.RelationTests.Change_Relation_n_m_Set_m_With_Remove" executed="True" success="True" time="0.004" asserts="9" />
                          <test-case name="Kistl.Server.Tests.RelationTests.Change_Relation_n_m_Set_n_By_Index" executed="True" success="True" time="0.008" asserts="9" />
                          <test-case name="Kistl.Server.Tests.RelationTests.Change_Relation_n_m_Set_n_With_Clear" executed="True" success="True" time="0.004" asserts="9" />
                          <test-case name="Kistl.Server.Tests.RelationTests.Change_Relation_n_m_Set_n_With_Remove" executed="True" success="True" time="0.004" asserts="9" />
                          <test-case name="Kistl.Server.Tests.RelationTests.Relation_1_n_Set_1" executed="True" success="True" time="0.003" asserts="6" />
                          <test-case name="Kistl.Server.Tests.RelationTests.Relation_1_n_Set_n" executed="True" success="True" time="0.003" asserts="6" />
                          <test-case name="Kistl.Server.Tests.RelationTests.Relation_n_m_Set_m" executed="True" success="True" time="0.003" asserts="8" />
                          <test-case name="Kistl.Server.Tests.RelationTests.Relation_n_m_Set_n" executed="True" success="True" time="0.004" asserts="8" />
                          <test-case name="Kistl.Server.Tests.RelationTests.Sort_Relation_1_n" executed="True" success="True" time="0.413" asserts="1" />
                          <test-case name="Kistl.Server.Tests.RelationTests.Sort_Relation_n_m_m" executed="True" success="True" time="0.053" asserts="3" />
                          <test-case name="Kistl.Server.Tests.RelationTests.Sort_Relation_n_m_n" executed="True" success="True" time="0.046" asserts="3" />
                        </results>
                      </test-suite>
                      <test-suite name="StructTests" success="True" time="0.006" asserts="0">
                        <results>
                          <test-case name="Kistl.Server.Tests.StructTests.ChangeObjectWithStruct" executed="False">
                            <reason>
                              <message><![CDATA[To be implemented on server]]></message>
                            </reason>
                          </test-case>
                          <test-case name="Kistl.Server.Tests.StructTests.CreateObjectWithStruct" executed="False">
                            <reason>
                              <message><![CDATA[To be implemented on server]]></message>
                            </reason>
                          </test-case>
                          <test-case name="Kistl.Server.Tests.StructTests.GetObjectWithStruct" executed="False">
                            <reason>
                              <message><![CDATA[To be implemented on server]]></message>
                            </reason>
                          </test-case>
                          <test-case name="Kistl.Server.Tests.StructTests.SaveObjectWithStruct" executed="False">
                            <reason>
                              <message><![CDATA[To be implemented on server]]></message>
                            </reason>
                          </test-case>
                          <test-case name="Kistl.Server.Tests.StructTests.SetStructNull" executed="False">
                            <reason>
                              <message><![CDATA[Nicht fertig besprochen]]></message>
                            </reason>
                          </test-case>
                        </results>
                      </test-suite>
                    </results>
                  </test-suite>
                </results>
              </test-suite>
            </results>
          </test-suite>
        </results>
      </test-suite>
    </results>
  </test-suite>
</test-results>