<?xml version="1.0" encoding="utf-8" standalone="no"?>
<!--This file represents the results of running a test suite-->
<test-results name="P:\Kistl\Tests\Kistl.Server.Tests\Kistl.Server.Tests.nunit" total="49" errors="0" failures="0" not-run="10" inconclusive="0" ignored="10" skipped="0" invalid="0" date="2010-01-16" time="15:49:10">
  <environment nunit-version="2.5.2.9222" clr-version="2.0.50727.4200" os-version="Microsoft Windows NT 6.0.6002 Service Pack 2" platform="Win32NT" cwd="P:\Kistl\Tests\Kistl.Server.Tests" machine-name="DAVID-NB" user="david" user-domain="DASZ" />
  <culture-info current-culture="de-AT" current-uiculture="en-US" />
  <test-suite name="P:\Kistl\Tests\Kistl.Server.Tests\Kistl.Server.Tests.nunit" executed="True" success="True" time="67.720" asserts="0">
    <results>
      <test-suite name="P:\Kistl\Tests\Kistl.Server.Tests\bin\Debug\Kistl.Server.Tests.dll" executed="True" success="True" time="67.707" asserts="0">
        <results>
          <test-suite name="Kistl" executed="True" success="True" time="67.697" asserts="0">
            <results>
              <test-suite name="Server" executed="True" success="True" time="67.688" asserts="0">
                <results>
                  <test-suite name="Tests" executed="True" success="True" time="67.688" asserts="0">
                    <results>
                      <test-suite name="GetListTests" executed="True" success="True" time="17.428" asserts="1">
                        <results>
                          <test-case name="Kistl.Server.Tests.GetListTests.GetList" executed="True" success="True" time="10.698" asserts="1" />
                          <test-case name="Kistl.Server.Tests.GetListTests.GetList_GetObject" executed="True" success="True" time="4.108" asserts="3" />
                          <test-case name="Kistl.Server.Tests.GetListTests.GetList_Twice" executed="True" success="True" time="0.173" asserts="268" />
                          <test-case name="Kistl.Server.Tests.GetListTests.GetListByTypeWithOrderBy" executed="False">
                            <reason>
                              <message><![CDATA[Case 617]]></message>
                            </reason>
                          </test-case>
                          <test-case name="Kistl.Server.Tests.GetListTests.GetListFirst" executed="True" success="True" time="0.083" asserts="1" />
                          <test-case name="Kistl.Server.Tests.GetListTests.GetListSingle" executed="True" success="True" time="0.016" asserts="0" />
                          <test-case name="Kistl.Server.Tests.GetListTests.GetListWithFirst" executed="True" success="True" time="0.032" asserts="1" />
                          <test-case name="Kistl.Server.Tests.GetListTests.GetListWithOrderBy" executed="True" success="True" time="0.169" asserts="1" />
                          <test-case name="Kistl.Server.Tests.GetListTests.GetListWithOrderByAndWhere" executed="True" success="True" time="0.169" asserts="1" />
                          <test-case name="Kistl.Server.Tests.GetListTests.GetListWithOrderByThenOrderBy" executed="False">
                            <reason>
                              <message><![CDATA[Case 634]]></message>
                            </reason>
                          </test-case>
                          <test-case name="Kistl.Server.Tests.GetListTests.GetListWithParameterLegal" executed="True" success="True" time="0.081" asserts="1" />
                          <test-case name="Kistl.Server.Tests.GetListTests.GetListWithProjection" executed="True" success="True" time="0.092" asserts="0" />
                          <test-case name="Kistl.Server.Tests.GetListTests.GetListWithPropertyAccessor" executed="True" success="True" time="0.092" asserts="2" />
                          <test-case name="Kistl.Server.Tests.GetListTests.GetListWithPropertyObjectAccessor" executed="True" success="True" time="0.098" asserts="2" />
                          <test-case name="Kistl.Server.Tests.GetListTests.GetListWithSingle" executed="True" success="True" time="0.016" asserts="0" />
                          <test-case name="Kistl.Server.Tests.GetListTests.GetListWithTake" executed="True" success="True" time="0.086" asserts="1" />
                          <test-case name="Kistl.Server.Tests.GetListTests.GetListWithTakeAndWhere" executed="True" success="True" time="0.101" asserts="1" />
                          <test-case name="Kistl.Server.Tests.GetListTests.GetObject_GetList" executed="True" success="True" time="1.375" asserts="6" />
                        </results>
                      </test-suite>
                      <test-suite name="InheritanceTests" executed="True" success="True" time="1.383" asserts="0">
                        <results>
                          <test-case name="Kistl.Server.Tests.InheritanceTests.GetListOfInheritedObjects" executed="True" success="True" time="1.379" asserts="3" />
                          <test-case name="Kistl.Server.Tests.InheritanceTests.UpdateInheritedObject" executed="False">
                            <reason>
                              <message><![CDATA[no test class available]]></message>
                            </reason>
                          </test-case>
                        </results>
                      </test-suite>
                      <test-suite name="ListPropertiesTests" executed="True" success="True" time="11.949" asserts="0">
                        <results>
                          <test-case name="Kistl.Server.Tests.ListPropertiesTests.AddStringListPropertyContent" executed="True" success="True" time="6.015" asserts="5" />
                          <test-case name="Kistl.Server.Tests.ListPropertiesTests.DeleteStringListPropertyContent" executed="True" success="True" time="0.389" asserts="5" />
                          <test-case name="Kistl.Server.Tests.ListPropertiesTests.list_and_query_should_yield_consistent_results" executed="True" success="True" time="0.409" asserts="2" />
                          <test-case name="Kistl.Server.Tests.ListPropertiesTests.list_should_be_sorted_correctly" executed="True" success="True" time="0.921" asserts="6" />
                          <test-case name="Kistl.Server.Tests.ListPropertiesTests.navigating_a_fk_list_property_should_yield_related_objects" executed="True" success="True" time="1.646" asserts="1" />
                          <test-case name="Kistl.Server.Tests.ListPropertiesTests.navigating_a_nm_list_property_should_yield_related_objects" executed="False">
                            <reason>
                              <message><![CDATA[Needs N:M relation between frozen objects with navigators in both directions]]></message>
                            </reason>
                          </test-case>
                          <test-case name="Kistl.Server.Tests.ListPropertiesTests.object_lists_should_have_elements" executed="True" success="True" time="1.226" asserts="41" />
                          <test-case name="Kistl.Server.Tests.ListPropertiesTests.retrieving_a_fk_list_twice_should_yield_same_list" executed="True" success="True" time="0.494" asserts="1" />
                          <test-case name="Kistl.Server.Tests.ListPropertiesTests.retrieving_a_nm_list_twice_should_yield_same_list" executed="True" success="True" time="0.459" asserts="1" />
                          <test-case name="Kistl.Server.Tests.ListPropertiesTests.UpdateStringListPropertyContent" executed="False">
                            <reason>
                              <message><![CDATA[Set IsSorted on Kunde.EMails]]></message>
                            </reason>
                          </test-case>
                          <test-case name="Kistl.Server.Tests.ListPropertiesTests.value_lists_should_have_elements" executed="True" success="True" time="0.370" asserts="1" />
                        </results>
                      </test-suite>
                      <test-suite name="ObjectTests" executed="True" success="True" time="1.634" asserts="0">
                        <results>
                          <test-case name="Kistl.Server.Tests.ObjectTests.GetListOf" executed="True" success="True" time="0.230" asserts="1" />
                          <test-case name="Kistl.Server.Tests.ObjectTests.GetListOf_List" executed="True" success="True" time="0.232" asserts="1" />
                          <test-case name="Kistl.Server.Tests.ObjectTests.GetObject" executed="True" success="True" time="0.288" asserts="1" />
                          <test-case name="Kistl.Server.Tests.ObjectTests.GetObject_Twice" executed="True" success="True" time="0.314" asserts="3" />
                          <test-case name="Kistl.Server.Tests.ObjectTests.NewObject" executed="True" success="True" time="0.289" asserts="4" />
                          <test-case name="Kistl.Server.Tests.ObjectTests.SetObject" executed="True" success="True" time="0.272" asserts="3" />
                        </results>
                      </test-suite>
                      <test-suite name="RelationTests" executed="True" success="True" time="3.482" asserts="0">
                        <results>
                          <test-case name="Kistl.Server.Tests.RelationTests.Change_Relation_1_n_Set_1" executed="True" success="True" time="0.145" asserts="7" />
                          <test-case name="Kistl.Server.Tests.RelationTests.Change_Relation_1_n_Set_n_By_Index" executed="True" success="True" time="0.159" asserts="7" />
                          <test-case name="Kistl.Server.Tests.RelationTests.Change_Relation_1_n_Set_n_With_Clear" executed="True" success="True" time="0.146" asserts="7" />
                          <test-case name="Kistl.Server.Tests.RelationTests.Change_Relation_1_n_Set_n_With_Remove" executed="True" success="True" time="0.152" asserts="7" />
                          <test-case name="Kistl.Server.Tests.RelationTests.Change_Relation_n_m_Set_m_By_Index" executed="True" success="True" time="0.169" asserts="9" />
                          <test-case name="Kistl.Server.Tests.RelationTests.Change_Relation_n_m_Set_m_With_Clear" executed="True" success="True" time="0.151" asserts="9" />
                          <test-case name="Kistl.Server.Tests.RelationTests.Change_Relation_n_m_Set_m_With_Remove" executed="True" success="True" time="0.157" asserts="9" />
                          <test-case name="Kistl.Server.Tests.RelationTests.Change_Relation_n_m_Set_n_By_Index" executed="True" success="True" time="0.159" asserts="9" />
                          <test-case name="Kistl.Server.Tests.RelationTests.Change_Relation_n_m_Set_n_With_Clear" executed="True" success="True" time="0.156" asserts="9" />
                          <test-case name="Kistl.Server.Tests.RelationTests.Change_Relation_n_m_Set_n_With_Remove" executed="True" success="True" time="0.172" asserts="9" />
                          <test-case name="Kistl.Server.Tests.RelationTests.Relation_1_n_Set_1" executed="True" success="True" time="0.169" asserts="6" />
                          <test-case name="Kistl.Server.Tests.RelationTests.Relation_1_n_Set_n" executed="True" success="True" time="0.186" asserts="6" />
                          <test-case name="Kistl.Server.Tests.RelationTests.Relation_n_m_Set_m" executed="True" success="True" time="0.173" asserts="8" />
                          <test-case name="Kistl.Server.Tests.RelationTests.Relation_n_m_Set_n" executed="True" success="True" time="0.200" asserts="8" />
                          <test-case name="Kistl.Server.Tests.RelationTests.Sort_Relation_1_n" executed="True" success="True" time="0.534" asserts="1" />
                          <test-case name="Kistl.Server.Tests.RelationTests.Sort_Relation_n_m_m" executed="True" success="True" time="0.303" asserts="2" />
                          <test-case name="Kistl.Server.Tests.RelationTests.Sort_Relation_n_m_n" executed="True" success="True" time="0.323" asserts="2" />
                        </results>
                      </test-suite>
                      <test-suite name="StructTests" executed="True" success="False" time="0.005" asserts="0">
                        <results>
                          <test-case name="Kistl.Server.Tests.StructTests.ChangeObjectWithStruct" executed="False">
                            <reason>
                              <message><![CDATA[To be implemented on server]]></message>
                            </reason>
                          </test-case>
                          <test-case name="Kistl.Server.Tests.StructTests.CreateObjectWithStruct" executed="False">
                            <reason>
                              <message><![CDATA[To be implemented on server]]></message>
                            </reason>
                          </test-case>
                          <test-case name="Kistl.Server.Tests.StructTests.GetObjectWithStruct" executed="False">
                            <reason>
                              <message><![CDATA[To be implemented on server]]></message>
                            </reason>
                          </test-case>
                          <test-case name="Kistl.Server.Tests.StructTests.SaveObjectWithStruct" executed="False">
                            <reason>
                              <message><![CDATA[To be implemented on server]]></message>
                            </reason>
                          </test-case>
                          <test-case name="Kistl.Server.Tests.StructTests.SetStructNull" executed="False">
                            <reason>
                              <message><![CDATA[Nicht fertig besprochen]]></message>
                            </reason>
                          </test-case>
                        </results>
                      </test-suite>
                    </results>
                  </test-suite>
                </results>
              </test-suite>
            </results>
          </test-suite>
        </results>
      </test-suite>
    </results>
  </test-suite>
</test-results>