<?xml version="1.0" encoding="utf-8" standalone="no"?>
<!--This file represents the results of running a test suite-->
<test-results name="P:\Kistl\Tests\Kistl.DalProvider.NHibernate.Tests\Kistl.DalProvider.NHibernate.Tests.nunit" total="4" errors="0" failures="0" not-run="0" inconclusive="0" ignored="0" skipped="0" invalid="0" date="2010-12-22" time="10:31:04">
  <environment nunit-version="2.5.5.10112" clr-version="2.0.50727.4952" os-version="Microsoft Windows NT 6.1.7600.0" platform="Win32NT" cwd="P:\Kistl\Tests\Kistl.DalProvider.NHibernate.Tests" machine-name="ARTHUR-PC" user="arthur" user-domain="DASZ" />
  <culture-info current-culture="de-AT" current-uiculture="en-US" />
  <test-suite type="Project" name="P:\Kistl\Tests\Kistl.DalProvider.NHibernate.Tests\Kistl.DalProvider.NHibernate.Tests.nunit" executed="True" result="Success" success="True" time="15.234" asserts="0">
    <results>
      <test-suite type="Assembly" name="P:\Kistl\Tests\Kistl.DalProvider.NHibernate.Tests\..\..\bin\Debug\bin\Tests\Kistl.DalProvider.NHibernate.Tests.dll" executed="True" result="Success" success="True" time="15.226" asserts="0">
        <results>
          <test-suite type="Namespace" name="Kistl" executed="True" result="Success" success="True" time="15.226" asserts="0">
            <results>
              <test-suite type="Namespace" name="DalProvider" executed="True" result="Success" success="True" time="15.225" asserts="0">
                <results>
                  <test-suite type="Namespace" name="NHibernate" executed="True" result="Success" success="True" time="15.225" asserts="0">
                    <results>
                      <test-suite type="SetUpFixture" name="Tests" executed="True" result="Success" success="True" time="15.224" asserts="0">
                        <results>
                          <test-suite type="Namespace" name="BinarySerializers" executed="True" result="Success" success="True" time="0.039" asserts="0">
                            <results>
                              <test-suite type="GenericFixture" name="should_work_with_NHibernateCompoundObjects&lt;T&gt;" executed="True" result="Success" success="True" time="0.038" asserts="0">
                                <results>
                                  <test-suite type="TestFixture" name="should_work_with_NHibernateCompoundObjects&lt;CompoundObjectMockImpl&gt;" executed="True" result="Success" success="True" time="0.028" asserts="1">
                                    <results>
                                      <test-case name="Kistl.DalProvider.NHibernate.Tests.BinarySerializers.should_work_with_NHibernateCompoundObjects&lt;CompoundObjectMockImpl&gt;.should_work_with_ICompoundObjects`1.when_deserializing" executed="True" result="Success" success="True" time="0.016" asserts="0" />
                                      <test-case name="Kistl.DalProvider.NHibernate.Tests.BinarySerializers.should_work_with_NHibernateCompoundObjects&lt;CompoundObjectMockImpl&gt;.should_work_with_ICompoundObjects`1.when_serializing" executed="True" result="Success" success="True" time="0.001" asserts="0" />
                                    </results>
                                  </test-suite>
                                  <test-suite type="TestFixture" name="should_work_with_NHibernateCompoundObjects&lt;TestPhoneCompoundObjectNHibernateImpl&gt;" executed="True" result="Success" success="True" time="0.004" asserts="0">
                                    <results>
                                      <test-case name="Kistl.DalProvider.NHibernate.Tests.BinarySerializers.should_work_with_NHibernateCompoundObjects&lt;TestPhoneCompoundObjectNHibernateImpl&gt;.should_work_with_ICompoundObjects`1.when_deserializing" executed="True" result="Success" success="True" time="0.002" asserts="0" />
                                      <test-case name="Kistl.DalProvider.NHibernate.Tests.BinarySerializers.should_work_with_NHibernateCompoundObjects&lt;TestPhoneCompoundObjectNHibernateImpl&gt;.should_work_with_ICompoundObjects`1.when_serializing" executed="True" result="Success" success="True" time="0.000" asserts="0" />
                                    </results>
                                  </test-suite>
                                </results>
                              </test-suite>
                            </results>
                          </test-suite>
                        </results>
                      </test-suite>
                    </results>
                  </test-suite>
                </results>
              </test-suite>
            </results>
          </test-suite>
        </results>
      </test-suite>
    </results>
  </test-suite>
</test-results>