<?xml version="1.0" encoding="utf-8" standalone="no"?>
<!--This file represents the results of running a test suite-->
<test-results name="D:\Programmierung\Kistl\Kistl.Tests\Kistl.nunit" total="8" failures="0" not-run="0" date="2008-04-10" time="17:20:12">
  <environment nunit-version="2.4.6.0" clr-version="2.0.50727.1434" os-version="Microsoft Windows NT 6.0.6001 Service Pack 1" platform="Win32NT" cwd="D:\Programmierung\Kistl\Kistl.Tests" machine-name="KISTL" user="Douglas" user-domain="KISTL" />
  <culture-info current-culture="de-AT" current-uiculture="en-US" />
  <test-suite name="D:\Programmierung\Kistl\Kistl.Tests\Kistl.nunit" success="True" time="25.363" asserts="0">
    <results>
      <test-suite name="D:\Programmierung\Kistl\Kistl.Tests\bin\debug\..\Debug\Kistl.Tests.dll" success="True" time="25.363" asserts="0">
        <results>
          <test-suite name="Kistl" success="True" time="25.363" asserts="0">
            <results>
              <test-suite name="Tests" success="True" time="25.363" asserts="0">
                <results>
                  <test-suite name="IntegrationTests" success="True" time="25.363" asserts="0">
                    <results>
                      <test-suite name="GetListTests" success="True" time="1.215" asserts="0">
                        <results>
                          <test-case name="Kistl.Tests.IntegrationTests.GetListTests.GetList" executed="True" success="True" time="0.314" asserts="1" />
                          <test-case name="Kistl.Tests.IntegrationTests.GetListTests.GetListWithOrderBy" executed="True" success="True" time="0.439" asserts="1" />
                          <test-case name="Kistl.Tests.IntegrationTests.GetListTests.GetListWithParameterIllegal" executed="True" success="True" time="0.232" asserts="0" />
                          <test-case name="Kistl.Tests.IntegrationTests.GetListTests.GetListWithParameterLegal" executed="True" success="True" time="0.099" asserts="1" />
                          <test-case name="Kistl.Tests.IntegrationTests.GetListTests.GetListWithTop10" executed="True" success="True" time="0.114" asserts="1" />
                        </results>
                      </test-suite>
                      <test-suite name="ObjectTests" success="True" time="1.297" asserts="0">
                        <results>
                          <test-case name="Kistl.Tests.IntegrationTests.ObjectTests.GetObject" executed="True" success="True" time="0.002" asserts="1" />
                          <test-case name="Kistl.Tests.IntegrationTests.ObjectTests.NewObject" executed="True" success="True" time="0.991" asserts="6" />
                          <test-case name="Kistl.Tests.IntegrationTests.ObjectTests.SetObject" executed="True" success="True" time="0.302" asserts="3" />
                        </results>
                      </test-suite>
                    </results>
                  </test-suite>
                </results>
              </test-suite>
            </results>
          </test-suite>
        </results>
      </test-suite>
    </results>
  </test-suite>
</test-results>