<?xml version="1.0" encoding="utf-8" standalone="no"?>
<!--This file represents the results of running a test suite-->
<test-results name="P:\Kistl\Tests\Kistl.API.Server.Tests\Kistl.API.ServerTests.nunit" total="23" errors="0" failures="0" not-run="0" inconclusive="0" ignored="0" skipped="0" invalid="0" date="2010-01-14" time="21:00:25">
  <environment nunit-version="2.5.2.9222" clr-version="2.0.50727.4200" os-version="Microsoft Windows NT 6.0.6002 Service Pack 2" platform="Win32NT" cwd="P:\Kistl\Tests\Kistl.API.Server.Tests" machine-name="DAVID-NB" user="david" user-domain="DASZ" />
  <culture-info current-culture="de-AT" current-uiculture="en-US" />
  <test-suite name="P:\Kistl\Tests\Kistl.API.Server.Tests\Kistl.API.ServerTests.nunit" executed="True" success="True" time="0.311" asserts="0">
    <results>
      <test-suite name="P:\Kistl\Tests\Kistl.API.Server.Tests\bin\Debug\Kistl.API.Server.Tests.dll" executed="True" success="True" time="0.304" asserts="0">
        <results>
          <test-suite name="Kistl" executed="True" success="True" time="0.298" asserts="0">
            <results>
              <test-suite name="API" executed="True" success="True" time="0.292" asserts="0">
                <results>
                  <test-suite name="Server" executed="True" success="True" time="0.289" asserts="0">
                    <results>
                      <test-suite name="Tests" executed="True" success="True" time="0.285" asserts="0">
                        <results>
                          <test-suite name="BaseServerCollectionEntryTests" executed="True" success="True" time="0.091" asserts="0">
                            <results>
                              <test-case name="Kistl.API.Server.Tests.BaseServerCollectionEntryTests.fails_on_serializing_from_null_stream" executed="True" success="True" time="0.015" asserts="0" />
                              <test-case name="Kistl.API.Server.Tests.BaseServerCollectionEntryTests.fails_on_serializing_to_null_stream" executed="True" success="True" time="0.009" asserts="0" />
                              <test-case name="Kistl.API.Server.Tests.BaseServerCollectionEntryTests.FromStream_of_WrongType_fails" executed="True" success="True" time="0.039" asserts="1" />
                              <test-case name="Kistl.API.Server.Tests.BaseServerCollectionEntryTests.should_not_be_attached_when_created" executed="True" success="True" time="0.001" asserts="1" />
                              <test-case name="Kistl.API.Server.Tests.BaseServerCollectionEntryTests.should_roundtrip_IPersistenceObject_correctly" executed="True" success="True" time="0.014" asserts="2" />
                              <test-case name="Kistl.API.Server.Tests.BaseServerCollectionEntryTests.should_roundtrip_without_errors" executed="True" success="True" time="0.001" asserts="1" />
                            </results>
                          </test-suite>
                          <test-suite name="BaseServerDataObjectTests" executed="True" success="True" time="0.078" asserts="0">
                            <results>
                              <test-case name="Kistl.API.Server.Tests.BaseServerDataObjectTests.FromStream_Attached" executed="True" success="True" time="0.014" asserts="1" />
                              <test-case name="Kistl.API.Server.Tests.BaseServerDataObjectTests.FromStream_creates_correct_Object" executed="True" success="True" time="0.015" asserts="5" />
                              <test-case name="Kistl.API.Server.Tests.BaseServerDataObjectTests.FromStream_Null_StreamReader_fails" executed="True" success="True" time="0.007" asserts="0" />
                              <test-case name="Kistl.API.Server.Tests.BaseServerDataObjectTests.FromStream_WrongType" executed="True" success="True" time="0.007" asserts="0" />
                              <test-case name="Kistl.API.Server.Tests.BaseServerDataObjectTests.NotifyPropertyChanged_ing" executed="True" success="True" time="0.002" asserts="0" />
                              <test-case name="Kistl.API.Server.Tests.BaseServerDataObjectTests.should_use_interfacetype_on_the_stream" executed="True" success="True" time="0.001" asserts="1" />
                              <test-case name="Kistl.API.Server.Tests.BaseServerDataObjectTests.ToStream_creates_correct_Stream" executed="True" success="True" time="0.021" asserts="24" />
                              <test-case name="Kistl.API.Server.Tests.BaseServerDataObjectTests.ToStream_to_null_fails" executed="True" success="True" time="0.002" asserts="0" />
                            </results>
                          </test-suite>
                          <test-suite name="BaseServerStructObjectTests" executed="True" success="True" time="0.022" asserts="0">
                            <results>
                              <test-case name="Kistl.API.Server.Tests.BaseServerStructObjectTests.Clone" executed="True" success="True" time="0.001" asserts="2" />
                              <test-case name="Kistl.API.Server.Tests.BaseServerStructObjectTests.FromStream_Null_StreamReader" executed="True" success="True" time="0.005" asserts="0" />
                              <test-case name="Kistl.API.Server.Tests.BaseServerStructObjectTests.NotifyPropertyChanged_ing" executed="True" success="True" time="0.002" asserts="2" />
                              <test-case name="Kistl.API.Server.Tests.BaseServerStructObjectTests.should_use_interfacetype_on_the_stream" executed="True" success="True" time="0.002" asserts="1" />
                              <test-case name="Kistl.API.Server.Tests.BaseServerStructObjectTests.Stream" executed="True" success="True" time="0.005" asserts="3" />
                              <test-case name="Kistl.API.Server.Tests.BaseServerStructObjectTests.ToStream_Null" executed="True" success="True" time="0.000" asserts="0" />
                            </results>
                          </test-suite>
                          <test-suite name="BinarySerializers" executed="True" success="True" time="0.010" asserts="0">
                            <results>
                              <test-suite name="should_work_with_BaseServerStructs&lt;T&gt;" executed="True" success="True" time="0.009" asserts="0">
                                <results>
                                  <test-suite name="should_work_with_BaseServerStructs&lt;StructMock__Implementation__&gt;" executed="True" success="True" time="0.008" asserts="0">
                                    <results>
                                      <test-case name="Kistl.API.Server.Tests.BinarySerializers.should_work_with_BaseServerStructs`1[[Kistl.API.Server.Tests.BinarySerializers.StructMock__Implementation__, Kistl.API.Server.Tests, Version=1.0.0.0, Culture=neutral, PublicKeyToken=null]].when_deserializing" executed="True" success="True" time="0.006" asserts="0" />
                                      <test-case name="Kistl.API.Server.Tests.BinarySerializers.should_work_with_BaseServerStructs`1[[Kistl.API.Server.Tests.BinarySerializers.StructMock__Implementation__, Kistl.API.Server.Tests, Version=1.0.0.0, Culture=neutral, PublicKeyToken=null]].when_serializing" executed="True" success="True" time="0.001" asserts="0" />
                                    </results>
                                  </test-suite>
                                </results>
                              </test-suite>
                            </results>
                          </test-suite>
                          <test-suite name="QueryTranslatorTests" executed="True" success="True" time="0.053" asserts="0">
                            <results>
                              <test-case name="Kistl.API.Server.Tests.QueryTranslatorTests.should_keep_Convert_nodes_on_primitive_data" executed="True" success="True" time="0.053" asserts="0" />
                            </results>
                          </test-suite>
                        </results>
                      </test-suite>
                    </results>
                  </test-suite>
                </results>
              </test-suite>
            </results>
          </test-suite>
        </results>
      </test-suite>
    </results>
  </test-suite>
</test-results>