<?xml version="1.0" encoding="utf-8" standalone="no"?>
<!--This file represents the results of running a test suite-->
<test-results name="D:\Programmierung\Kistl\Kistl.Tests\CompleteTests\CompleteTests.nunit" total="20" failures="0" not-run="0" date="2008-05-12" time="15:12:39">
  <environment nunit-version="2.4.7.0" clr-version="2.0.50727.1434" os-version="Microsoft Windows NT 6.0.6001 Service Pack 1" platform="Win32NT" cwd="D:\Programmierung\Kistl\Kistl.Tests\CompleteTests" machine-name="KISTL" user="Douglas" user-domain="KISTL" />
  <culture-info current-culture="de-AT" current-uiculture="en-US" />
  <test-suite name="D:\Programmierung\Kistl\Kistl.Tests\CompleteTests\CompleteTests.nunit" success="True" time="30.904" asserts="0">
    <results>
      <test-suite name="D:\Programmierung\Kistl\Kistl.Tests\CompleteTests\bin\Debug\Integration.Tests.exe" success="True" time="30.904" asserts="0">
        <results>
          <test-suite name="Integration" success="True" time="30.888" asserts="0">
            <results>
              <test-suite name="Tests" success="True" time="30.872" asserts="0">
                <results>
                  <test-suite name="Tests" success="True" time="10.514" asserts="0">
                    <results>
                      <test-suite name="GeneratorTests" success="True" time="4.384" asserts="0">
                        <results>
                          <test-case name="Integration.Tests.Tests.GeneratorTests.Generate" executed="True" success="True" time="4.384" asserts="0" />
                        </results>
                      </test-suite>
                      <test-suite name="GetListTests" success="True" time="2.371" asserts="0">
                        <results>
                          <test-case name="Integration.Tests.Tests.GetListTests.GetList" executed="True" success="True" time="0.546" asserts="1" />
                          <test-case name="Integration.Tests.Tests.GetListTests.GetList_GetObject" executed="True" success="True" time="0.374" asserts="3" />
                          <test-case name="Integration.Tests.Tests.GetListTests.GetListWithOrderBy" executed="True" success="True" time="0.484" asserts="1" />
                          <test-case name="Integration.Tests.Tests.GetListTests.GetListWithParameterIllegal" executed="True" success="True" time="0.250" asserts="0" />
                          <test-case name="Integration.Tests.Tests.GetListTests.GetListWithParameterLegal" executed="True" success="True" time="0.094" asserts="1" />
                          <test-case name="Integration.Tests.Tests.GetListTests.GetListWithTop10" executed="True" success="True" time="0.125" asserts="1" />
                          <test-case name="Integration.Tests.Tests.GetListTests.GetObject_GetList" executed="True" success="True" time="0.484" asserts="6" />
                        </results>
                      </test-suite>
                      <test-suite name="InheritanceTests" success="True" time="1.919" asserts="0">
                        <results>
                          <test-case name="Integration.Tests.Tests.InheritanceTests.GetListOfInheritedObjects" executed="True" success="True" time="0.686" asserts="3" />
                          <test-case name="Integration.Tests.Tests.InheritanceTests.UpdateInheritedObject" executed="True" success="True" time="1.232" asserts="4" />
                        </results>
                      </test-suite>
                      <test-suite name="ListPropetiesTests" success="True" time="0.827" asserts="0">
                        <results>
                          <test-case name="Integration.Tests.Tests.ListPropetiesTests.AddStringListPropertyContent" executed="True" success="True" time="0.406" asserts="5" />
                          <test-case name="Integration.Tests.Tests.ListPropetiesTests.DeleteStringListPropertyContent" executed="True" success="True" time="0.156" asserts="6" />
                          <test-case name="Integration.Tests.Tests.ListPropetiesTests.GetPointerListPropertyContent" executed="True" success="True" time="0.156" asserts="17" />
                          <test-case name="Integration.Tests.Tests.ListPropetiesTests.GetStringListPropertyContent" executed="True" success="True" time="0.016" asserts="16" />
                          <test-case name="Integration.Tests.Tests.ListPropetiesTests.UpdateStringListPropertyContent" executed="True" success="True" time="0.094" asserts="7" />
                        </results>
                      </test-suite>
                      <test-suite name="ObjectTests" success="True" time="0.998" asserts="0">
                        <results>
                          <test-case name="Integration.Tests.Tests.ObjectTests.GetListOf" executed="True" success="True" time="0.359" asserts="1" />
                          <test-case name="Integration.Tests.Tests.ObjectTests.GetListOf_List" executed="True" success="True" time="0.265" asserts="1" />
                          <test-case name="Integration.Tests.Tests.ObjectTests.GetObject" executed="True" success="True" time="0.031" asserts="1" />
                          <test-case name="Integration.Tests.Tests.ObjectTests.NewObject" executed="True" success="True" time="0.234" asserts="4" />
                          <test-case name="Integration.Tests.Tests.ObjectTests.SetObject" executed="True" success="True" time="0.109" asserts="3" />
                        </results>
                      </test-suite>
                    </results>
                  </test-suite>
                </results>
              </test-suite>
            </results>
          </test-suite>
        </results>
      </test-suite>
    </results>
  </test-suite>
</test-results>