<?xml version="1.0" encoding="utf-8" standalone="no"?>
<!--This file represents the results of running a test suite-->
<test-results name="D:\Programmierung\Kistl\Kistl.Tests\CompleteTests\CompleteTests.nunit" total="22" failures="0" not-run="0" date="2008-05-12" time="16:17:19">
  <environment nunit-version="2.4.7.0" clr-version="2.0.50727.1434" os-version="Microsoft Windows NT 6.0.6001 Service Pack 1" platform="Win32NT" cwd="D:\Programmierung\Kistl\Kistl.Tests\CompleteTests" machine-name="KISTL" user="Douglas" user-domain="KISTL" />
  <culture-info current-culture="de-AT" current-uiculture="en-US" />
  <test-suite name="D:\Programmierung\Kistl\Kistl.Tests\CompleteTests\CompleteTests.nunit" success="True" time="33.277" asserts="0">
    <results>
      <test-suite name="D:\Programmierung\Kistl\Kistl.Tests\CompleteTests\bin\Debug\Integration.Tests.exe" success="True" time="33.261" asserts="0">
        <results>
          <test-suite name="Integration" success="True" time="33.261" asserts="0">
            <results>
              <test-suite name="Tests" success="True" time="33.245" asserts="0">
                <results>
                  <test-suite name="Tests" success="True" time="11.671" asserts="0">
                    <results>
                      <test-suite name="GeneratorTests" success="True" time="4.588" asserts="0">
                        <results>
                          <test-case name="Integration.Tests.Tests.GeneratorTests.Generate" executed="True" success="True" time="4.573" asserts="0" />
                        </results>
                      </test-suite>
                      <test-suite name="GetListTests" success="True" time="3.167" asserts="0">
                        <results>
                          <test-case name="Integration.Tests.Tests.GetListTests.GetList" executed="True" success="True" time="0.530" asserts="1" />
                          <test-case name="Integration.Tests.Tests.GetListTests.GetList_GetObject" executed="True" success="True" time="0.343" asserts="3" />
                          <test-case name="Integration.Tests.Tests.GetListTests.GetList_Twice" executed="True" success="True" time="0.702" asserts="124" />
                          <test-case name="Integration.Tests.Tests.GetListTests.GetListWithOrderBy" executed="True" success="True" time="0.530" asserts="1" />
                          <test-case name="Integration.Tests.Tests.GetListTests.GetListWithParameterIllegal" executed="True" success="True" time="0.296" asserts="0" />
                          <test-case name="Integration.Tests.Tests.GetListTests.GetListWithParameterLegal" executed="True" success="True" time="0.094" asserts="1" />
                          <test-case name="Integration.Tests.Tests.GetListTests.GetListWithTop10" executed="True" success="True" time="0.156" asserts="1" />
                          <test-case name="Integration.Tests.Tests.GetListTests.GetObject_GetList" executed="True" success="True" time="0.515" asserts="6" />
                        </results>
                      </test-suite>
                      <test-suite name="InheritanceTests" success="True" time="1.872" asserts="0">
                        <results>
                          <test-case name="Integration.Tests.Tests.InheritanceTests.GetListOfInheritedObjects" executed="True" success="True" time="0.655" asserts="3" />
                          <test-case name="Integration.Tests.Tests.InheritanceTests.UpdateInheritedObject" executed="True" success="True" time="1.201" asserts="4" />
                        </results>
                      </test-suite>
                      <test-suite name="ListPropetiesTests" success="True" time="1.014" asserts="0">
                        <results>
                          <test-case name="Integration.Tests.Tests.ListPropetiesTests.AddStringListPropertyContent" executed="True" success="True" time="0.359" asserts="5" />
                          <test-case name="Integration.Tests.Tests.ListPropetiesTests.DeleteStringListPropertyContent" executed="True" success="True" time="0.406" asserts="6" />
                          <test-case name="Integration.Tests.Tests.ListPropetiesTests.GetPointerListPropertyContent" executed="True" success="True" time="0.125" asserts="17" />
                          <test-case name="Integration.Tests.Tests.ListPropetiesTests.GetStringListPropertyContent" executed="True" success="True" time="0.031" asserts="16" />
                          <test-case name="Integration.Tests.Tests.ListPropetiesTests.UpdateStringListPropertyContent" executed="True" success="True" time="0.078" asserts="7" />
                        </results>
                      </test-suite>
                      <test-suite name="ObjectTests" success="True" time="0.998" asserts="0">
                        <results>
                          <test-case name="Integration.Tests.Tests.ObjectTests.GetListOf" executed="True" success="True" time="0.390" asserts="1" />
                          <test-case name="Integration.Tests.Tests.ObjectTests.GetListOf_List" executed="True" success="True" time="0.187" asserts="1" />
                          <test-case name="Integration.Tests.Tests.ObjectTests.GetObject" executed="True" success="True" time="0.031" asserts="1" />
                          <test-case name="Integration.Tests.Tests.ObjectTests.GetObject_Twice" executed="True" success="True" time="0.031" asserts="3" />
                          <test-case name="Integration.Tests.Tests.ObjectTests.NewObject" executed="True" success="True" time="0.203" asserts="4" />
                          <test-case name="Integration.Tests.Tests.ObjectTests.SetObject" executed="True" success="True" time="0.125" asserts="3" />
                        </results>
                      </test-suite>
                    </results>
                  </test-suite>
                </results>
              </test-suite>
            </results>
          </test-suite>
        </results>
      </test-suite>
    </results>
  </test-suite>
</test-results>