<?xml version="1.0" encoding="utf-8" standalone="no"?>
<!--This file represents the results of running a test suite-->
<test-results name="D:\Programmierung\Kistl\Kistl.Tests\CompleteTests\CompleteTests.nunit" total="18" failures="0" not-run="0" date="2008-05-12" time="12:13:58">
  <environment nunit-version="2.4.7.0" clr-version="2.0.50727.1434" os-version="Microsoft Windows NT 6.0.6001 Service Pack 1" platform="Win32NT" cwd="D:\Programmierung\Kistl\Kistl.Tests\CompleteTests" machine-name="KISTL" user="Douglas" user-domain="KISTL" />
  <culture-info current-culture="de-AT" current-uiculture="en-US" />
  <test-suite name="D:\Programmierung\Kistl\Kistl.Tests\CompleteTests\CompleteTests.nunit" success="True" time="32.401" asserts="0">
    <results>
      <test-suite name="D:\Programmierung\Kistl\Kistl.Tests\CompleteTests\bin\Debug\Integration.Tests.exe" success="True" time="32.383" asserts="0">
        <results>
          <test-suite name="Integration" success="True" time="32.383" asserts="0">
            <results>
              <test-suite name="Tests" success="True" time="32.373" asserts="0">
                <results>
                  <test-suite name="Tests" success="True" time="10.760" asserts="0">
                    <results>
                      <test-suite name="GeneratorTests" success="True" time="4.883" asserts="0">
                        <results>
                          <test-case name="Integration.Tests.Tests.GeneratorTests.Generate" executed="True" success="True" time="4.873" asserts="0" />
                        </results>
                      </test-suite>
                      <test-suite name="GetListTests" success="True" time="1.874" asserts="0">
                        <results>
                          <test-case name="Integration.Tests.Tests.GetListTests.GetList" executed="True" success="True" time="0.723" asserts="1" />
                          <test-case name="Integration.Tests.Tests.GetListTests.GetListWithOrderBy" executed="True" success="True" time="0.662" asserts="1" />
                          <test-case name="Integration.Tests.Tests.GetListTests.GetListWithParameterIllegal" executed="True" success="True" time="0.234" asserts="0" />
                          <test-case name="Integration.Tests.Tests.GetListTests.GetListWithParameterLegal" executed="True" success="True" time="0.122" asserts="1" />
                          <test-case name="Integration.Tests.Tests.GetListTests.GetListWithTop10" executed="True" success="True" time="0.124" asserts="1" />
                        </results>
                      </test-suite>
                      <test-suite name="InheritanceTests" success="True" time="2.034" asserts="0">
                        <results>
                          <test-case name="Integration.Tests.Tests.InheritanceTests.GetListOfInheritedObjects" executed="True" success="True" time="0.743" asserts="3" />
                          <test-case name="Integration.Tests.Tests.InheritanceTests.UpdateInheritedObject" executed="True" success="True" time="1.290" asserts="4" />
                        </results>
                      </test-suite>
                      <test-suite name="ListPropetiesTests" success="True" time="0.884" asserts="0">
                        <results>
                          <test-case name="Integration.Tests.Tests.ListPropetiesTests.AddStringListPropertyContent" executed="True" success="True" time="0.431" asserts="5" />
                          <test-case name="Integration.Tests.Tests.ListPropetiesTests.DeleteStringListPropertyContent" executed="True" success="True" time="0.145" asserts="6" />
                          <test-case name="Integration.Tests.Tests.ListPropetiesTests.GetPointerListPropertyContent" executed="True" success="True" time="0.155" asserts="17" />
                          <test-case name="Integration.Tests.Tests.ListPropetiesTests.GetStringListPropertyContent" executed="True" success="True" time="0.033" asserts="16" />
                          <test-case name="Integration.Tests.Tests.ListPropetiesTests.UpdateStringListPropertyContent" executed="True" success="True" time="0.109" asserts="7" />
                        </results>
                      </test-suite>
                      <test-suite name="ObjectTests" success="True" time="1.063" asserts="0">
                        <results>
                          <test-case name="Integration.Tests.Tests.ObjectTests.GetListOf" executed="True" success="True" time="0.413" asserts="1" />
                          <test-case name="Integration.Tests.Tests.ObjectTests.GetListOf_List" executed="True" success="True" time="0.216" asserts="1" />
                          <test-case name="Integration.Tests.Tests.ObjectTests.GetObject" executed="True" success="True" time="0.050" asserts="1" />
                          <test-case name="Integration.Tests.Tests.ObjectTests.NewObject" executed="True" success="True" time="0.240" asserts="4" />
                          <test-case name="Integration.Tests.Tests.ObjectTests.SetObject" executed="True" success="True" time="0.137" asserts="3" />
                        </results>
                      </test-suite>
                    </results>
                  </test-suite>
                </results>
              </test-suite>
            </results>
          </test-suite>
        </results>
      </test-suite>
    </results>
  </test-suite>
</test-results>