<?xml version="1.0" encoding="utf-8" standalone="no"?>
<!--This file represents the results of running a test suite-->
<test-results name="P:\Kistl\Tests\Kistl.IntegrationTests\Kistl.IntegrationTests.nunit" total="71" errors="0" failures="15" not-run="4" ignored="4" skipped="0" invalid="0" date="2009-03-31" time="17:47:49">
  <environment nunit-version="2.5.0.9015" clr-version="2.0.50727.3053" os-version="Microsoft Windows NT 6.0.6001 Service Pack 1" platform="Win32NT" cwd="P:\Kistl\Tests\Kistl.IntegrationTests" machine-name="KISTL" user="Douglas" user-domain="KISTL" />
  <culture-info current-culture="de-AT" current-uiculture="en-US" />
  <test-suite name="P:\Kistl\Tests\Kistl.IntegrationTests\Kistl.IntegrationTests.nunit" executed="True" success="False" time="53.974" asserts="0">
    <results>
      <test-suite name="P:\Kistl\Tests\Kistl.IntegrationTests\bin\Debug\Kistl.IntegrationTests.dll" executed="True" success="False" time="53.787" asserts="0">
        <results>
          <test-suite name="Kistl" executed="True" success="False" time="53.764" asserts="0">
            <results>
              <test-suite name="IntegrationTests" executed="True" success="False" time="53.761" asserts="0">
                <results>
                  <test-suite name="BinarySerializers" executed="True" success="True" time="0.038" asserts="0">
                    <results>
                      <test-suite name="should_work_with_ClientStructs&lt;T&gt;" executed="True" success="True" time="0.037" asserts="0">
                        <results>
                          <test-suite name="should_work_with_ClientStructs&lt;TestPhoneStruct__Implementation__&gt;" executed="True" success="True" time="0.036" asserts="1">
                            <results>
                              <test-case name="Kistl.IntegrationTests.BinarySerializers.should_work_with_ClientStructs`1[[Kistl.App.Test.TestPhoneStruct__Implementation__, Kistl.Objects.Client, Version=1.0.0.0, Culture=neutral, PublicKeyToken=null]].when_deserializing" executed="True" success="True" time="0.023" asserts="0" />
                              <test-case name="Kistl.IntegrationTests.BinarySerializers.should_work_with_ClientStructs`1[[Kistl.App.Test.TestPhoneStruct__Implementation__, Kistl.Objects.Client, Version=1.0.0.0, Culture=neutral, PublicKeyToken=null]].when_serializing" executed="True" success="True" time="0.000" asserts="0" />
                            </results>
                          </test-suite>
                        </results>
                      </test-suite>
                    </results>
                  </test-suite>
                  <test-suite name="GeneratorTests" executed="True" success="False" time="0.000" asserts="0">
                    <results>
                      <test-case name="Kistl.IntegrationTests.GeneratorTests.Generate" executed="False">
                        <reason>
                          <message><![CDATA[times out after 30s due to WCF policy]]></message>
                        </reason>
                      </test-case>
                    </results>
                  </test-suite>
                  <test-suite name="GetListTests" executed="True" success="True" time="9.885" asserts="0">
                    <results>
                      <test-case name="Kistl.IntegrationTests.GetListTests.GetList" executed="True" success="True" time="4.333" asserts="1" />
                      <test-case name="Kistl.IntegrationTests.GetListTests.GetList_GetObject" executed="True" success="True" time="2.948" asserts="3" />
                      <test-case name="Kistl.IntegrationTests.GetListTests.GetList_Twice" executed="True" success="True" time="0.256" asserts="181" />
                      <test-case name="Kistl.IntegrationTests.GetListTests.GetListByTypeWithOrderBy" executed="True" success="True" time="0.218" asserts="1" />
                      <test-case name="Kistl.IntegrationTests.GetListTests.GetListFirst" executed="True" success="True" time="0.057" asserts="1" />
                      <test-case name="Kistl.IntegrationTests.GetListTests.GetListSingle" executed="True" success="True" time="0.024" asserts="1" />
                      <test-case name="Kistl.IntegrationTests.GetListTests.GetListWithFirst" executed="True" success="True" time="0.045" asserts="1" />
                      <test-case name="Kistl.IntegrationTests.GetListTests.GetListWithOrderBy" executed="True" success="True" time="0.130" asserts="1" />
                      <test-case name="Kistl.IntegrationTests.GetListTests.GetListWithOrderByAndWhere" executed="True" success="True" time="0.176" asserts="1" />
                      <test-case name="Kistl.IntegrationTests.GetListTests.GetListWithOrderByThenOrderBy" executed="True" success="True" time="0.298" asserts="1" />
                      <test-case name="Kistl.IntegrationTests.GetListTests.GetListWithParameterIllegal" executed="True" success="True" time="0.193" asserts="0" />
                      <test-case name="Kistl.IntegrationTests.GetListTests.GetListWithParameterLegal" executed="True" success="True" time="0.117" asserts="1" />
                      <test-case name="Kistl.IntegrationTests.GetListTests.GetListWithProjection" executed="True" success="True" time="0.227" asserts="0" />
                      <test-case name="Kistl.IntegrationTests.GetListTests.GetListWithPropertyAccessor" executed="True" success="True" time="0.058" asserts="2" />
                      <test-case name="Kistl.IntegrationTests.GetListTests.GetListWithPropertyObjectAccessor" executed="True" success="True" time="0.133" asserts="2" />
                      <test-case name="Kistl.IntegrationTests.GetListTests.GetListWithSingle" executed="True" success="True" time="0.022" asserts="1" />
                      <test-case name="Kistl.IntegrationTests.GetListTests.GetListWithTake" executed="True" success="True" time="0.137" asserts="1" />
                      <test-case name="Kistl.IntegrationTests.GetListTests.GetListWithTakeAndWhere" executed="True" success="True" time="0.104" asserts="1" />
                      <test-case name="Kistl.IntegrationTests.GetListTests.GetObject_GetList" executed="True" success="True" time="0.364" asserts="6" />
                    </results>
                  </test-suite>
                  <test-suite name="InheritanceTests" executed="True" success="True" time="4.542" asserts="0">
                    <results>
                      <test-case name="Kistl.IntegrationTests.InheritanceTests.GetListOfInheritedObjects" executed="True" success="True" time="0.811" asserts="3" />
                      <test-case name="Kistl.IntegrationTests.InheritanceTests.UpdateInheritedObject" executed="True" success="True" time="3.729" asserts="4" />
                    </results>
                  </test-suite>
                  <test-suite name="ListPropertiesTests" executed="True" success="True" time="8.819" asserts="0">
                    <results>
                      <test-case name="Kistl.IntegrationTests.ListPropertiesTests.AddStringListPropertyContent" executed="True" success="True" time="0.495" asserts="5" />
                      <test-case name="Kistl.IntegrationTests.ListPropertiesTests.DeleteStringListPropertyContent" executed="True" success="True" time="0.128" asserts="5" />
                      <test-case name="Kistl.IntegrationTests.ListPropertiesTests.list_and_query_should_yield_consistent_results" executed="True" success="True" time="0.210" asserts="2" />
                      <test-case name="Kistl.IntegrationTests.ListPropertiesTests.navigating_a_fk_list_property_should_yield_related_objects" executed="True" success="True" time="0.444" asserts="1" />
                      <test-case name="Kistl.IntegrationTests.ListPropertiesTests.navigating_a_nm_list_property_should_yield_related_objects" executed="False">
                        <reason>
                          <message><![CDATA[Needs N:M relation between frozen objects with navigators in both directions]]></message>
                        </reason>
                      </test-case>
                      <test-case name="Kistl.IntegrationTests.ListPropertiesTests.object_lists_should_have_elements" executed="True" success="True" time="7.016" asserts="2" />
                      <test-case name="Kistl.IntegrationTests.ListPropertiesTests.retrieving_a_fk_list_twice_should_yield_same_list" executed="True" success="True" time="0.227" asserts="1" />
                      <test-case name="Kistl.IntegrationTests.ListPropertiesTests.retrieving_a_nm_list_twice_should_yield_same_list" executed="True" success="True" time="0.242" asserts="1" />
                      <test-case name="Kistl.IntegrationTests.ListPropertiesTests.UpdateStringListPropertyContent" executed="False">
                        <reason>
                          <message><![CDATA[Set IsSorted on Kunde.EMails]]></message>
                        </reason>
                      </test-case>
                      <test-case name="Kistl.IntegrationTests.ListPropertiesTests.value_lists_should_have_elements" executed="True" success="True" time="0.036" asserts="1" />
                    </results>
                  </test-suite>
                  <test-suite name="N_to_M_relations" executed="True" success="False" time="0.305" asserts="0">
                    <results>
                      <test-suite name="should_synchronize" executed="True" success="False" time="0.305" asserts="0">
                        <results>
                          <test-case name="Kistl.IntegrationTests.N_to_M_relations.should_synchronize.init_correct" executed="True" success="True" time="0.035" asserts="4" />
                          <test-case name="Kistl.IntegrationTests.N_to_M_relations.should_synchronize.when_setting_M_side_matrix" executed="True" success="False" time="0.036" asserts="3">
                            <failure>
                              <message><![CDATA[  Expected: equivalent to < <>, <> >
  But was:  <empty>
]]></message>
                              <stack-trace><![CDATA[at Kistl.API.AbstractConsumerTests.N_to_M_relations.should_synchronize.when_setting_M_side_matrix() in P:\Kistl\Tests\Kistl.API.AbstractConsumerTests\N_to_M_relations\should_synchronize.cs:line 117
]]></stack-trace>
                            </failure>
                          </test-case>
                          <test-case name="Kistl.IntegrationTests.N_to_M_relations.should_synchronize.when_setting_M_side_one_item" executed="True" success="False" time="0.004" asserts="1">
                            <failure>
                              <message><![CDATA[  Expected: equivalent to < <> >
  But was:  <empty>
]]></message>
                              <stack-trace><![CDATA[at Kistl.API.AbstractConsumerTests.N_to_M_relations.should_synchronize.when_setting_M_side_one_item() in P:\Kistl\Tests\Kistl.API.AbstractConsumerTests\N_to_M_relations\should_synchronize.cs:line 64
]]></stack-trace>
                            </failure>
                          </test-case>
                          <test-case name="Kistl.IntegrationTests.N_to_M_relations.should_synchronize.when_setting_M_side_two_items" executed="True" success="False" time="0.005" asserts="2">
                            <failure>
                              <message><![CDATA[  Expected: equivalent to < <> >
  But was:  <empty>
]]></message>
                              <stack-trace><![CDATA[at Kistl.API.AbstractConsumerTests.N_to_M_relations.should_synchronize.when_setting_M_side_two_items() in P:\Kistl\Tests\Kistl.API.AbstractConsumerTests\N_to_M_relations\should_synchronize.cs:line 86
]]></stack-trace>
                            </failure>
                          </test-case>
                          <test-case name="Kistl.IntegrationTests.N_to_M_relations.should_synchronize.when_setting_N_side_matrix" executed="True" success="False" time="0.150" asserts="3">
                            <failure>
                              <message><![CDATA[  Expected: equivalent to < <>, <> >
  But was:  <empty>
]]></message>
                              <stack-trace><![CDATA[at Kistl.API.AbstractConsumerTests.N_to_M_relations.should_synchronize.when_setting_N_side_matrix() in P:\Kistl\Tests\Kistl.API.AbstractConsumerTests\N_to_M_relations\should_synchronize.cs:line 102
]]></stack-trace>
                            </failure>
                          </test-case>
                          <test-case name="Kistl.IntegrationTests.N_to_M_relations.should_synchronize.when_setting_N_side_one_item" executed="True" success="False" time="0.004" asserts="2">
                            <failure>
                              <message><![CDATA[  Expected: equivalent to < <> >
  But was:  <empty>
]]></message>
                              <stack-trace><![CDATA[at Kistl.API.AbstractConsumerTests.N_to_M_relations.should_synchronize.when_setting_N_side_one_item() in P:\Kistl\Tests\Kistl.API.AbstractConsumerTests\N_to_M_relations\should_synchronize.cs:line 56
]]></stack-trace>
                            </failure>
                          </test-case>
                          <test-case name="Kistl.IntegrationTests.N_to_M_relations.should_synchronize.when_setting_N_side_two_items" executed="True" success="False" time="0.036" asserts="2">
                            <failure>
                              <message><![CDATA[  Expected: equivalent to < <> >
  But was:  <empty>
]]></message>
                              <stack-trace><![CDATA[at Kistl.API.AbstractConsumerTests.N_to_M_relations.should_synchronize.when_setting_N_side_two_items() in P:\Kistl\Tests\Kistl.API.AbstractConsumerTests\N_to_M_relations\should_synchronize.cs:line 75
]]></stack-trace>
                            </failure>
                          </test-case>
                        </results>
                      </test-suite>
                    </results>
                  </test-suite>
                  <test-suite name="ObjectTests" executed="True" success="True" time="1.182" asserts="0">
                    <results>
                      <test-case name="Kistl.IntegrationTests.ObjectTests.GetListOf" executed="True" success="True" time="0.305" asserts="1" />
                      <test-case name="Kistl.IntegrationTests.ObjectTests.GetListOf_List" executed="True" success="True" time="0.297" asserts="1" />
                      <test-case name="Kistl.IntegrationTests.ObjectTests.GetObject" executed="True" success="True" time="0.087" asserts="1" />
                      <test-case name="Kistl.IntegrationTests.ObjectTests.GetObject_Twice" executed="True" success="True" time="0.139" asserts="3" />
                      <test-case name="Kistl.IntegrationTests.ObjectTests.NewObject" executed="True" success="True" time="0.182" asserts="4" />
                      <test-case name="Kistl.IntegrationTests.ObjectTests.SetObject" executed="True" success="True" time="0.164" asserts="3" />
                    </results>
                  </test-suite>
                  <test-suite name="one_to_N_relations" executed="True" success="True" time="3.915" asserts="0">
                    <results>
                      <test-suite name="should_obey_order" executed="True" success="True" time="3.856" asserts="0">
                        <results>
                          <test-case name="Kistl.IntegrationTests.one_to_N_relations.should_obey_order.when_ordering_items" executed="True" success="True" time="3.856" asserts="1" />
                        </results>
                      </test-suite>
                      <test-suite name="should_synchronize" executed="True" success="True" time="0.052" asserts="0">
                        <results>
                          <test-case name="Kistl.IntegrationTests.one_to_N_relations.should_synchronize.init_correct" executed="True" success="True" time="0.003" asserts="4" />
                          <test-case name="Kistl.IntegrationTests.one_to_N_relations.should_synchronize.when_resetting_1_side" executed="True" success="True" time="0.007" asserts="5" />
                          <test-case name="Kistl.IntegrationTests.one_to_N_relations.should_synchronize.when_setting_1_side" executed="True" success="True" time="0.005" asserts="2" />
                          <test-case name="Kistl.IntegrationTests.one_to_N_relations.should_synchronize.when_setting_N_side" executed="True" success="True" time="0.004" asserts="2" />
                          <test-case name="Kistl.IntegrationTests.one_to_N_relations.should_synchronize.when_setting_N_side_via_index" executed="True" success="True" time="0.006" asserts="5" />
                          <test-case name="Kistl.IntegrationTests.one_to_N_relations.should_synchronize.when_setting_N_side_with_clear" executed="True" success="True" time="0.006" asserts="6" />
                          <test-case name="Kistl.IntegrationTests.one_to_N_relations.should_synchronize.when_setting_N_side_with_remove" executed="True" success="True" time="0.005" asserts="6" />
                        </results>
                      </test-suite>
                    </results>
                  </test-suite>
                  <test-suite name="PersistenceObjects" executed="True" success="True" time="0.149" asserts="0">
                    <results>
                      <test-suite name="when_changed" executed="True" success="True" time="0.091" asserts="0">
                        <results>
                          <test-case name="Kistl.IntegrationTests.PersistenceObjects.when_changed.should_be_modified" executed="True" success="True" time="0.091" asserts="1" />
                        </results>
                      </test-suite>
                      <test-suite name="when_loaded" executed="True" success="True" time="0.051" asserts="0">
                        <results>
                          <test-case name="Kistl.IntegrationTests.PersistenceObjects.when_loaded.should_be_attached" executed="True" success="True" time="0.025" asserts="1" />
                          <test-case name="Kistl.IntegrationTests.PersistenceObjects.when_loaded.should_be_unmodified" executed="True" success="True" time="0.024" asserts="1" />
                        </results>
                      </test-suite>
                    </results>
                  </test-suite>
                  <test-suite name="RelationTests" executed="True" success="False" time="1.261" asserts="0">
                    <results>
                      <test-case name="Kistl.IntegrationTests.RelationTests.Change_Relation_n_m_Set_m_By_Index" executed="True" success="False" time="0.009" asserts="1">
                        <failure>
                          <message><![CDATA[  Expected: 1
  But was:  0
]]></message>
                          <stack-trace><![CDATA[at Kistl.IntegrationTests.RelationTests.Change_Relation_n_m_Set_m_By_Index() in P:\Kistl\Tests\Kistl.IntegrationTests\Tests\RelationTests.cs:line 211
]]></stack-trace>
                        </failure>
                      </test-case>
                      <test-case name="Kistl.IntegrationTests.RelationTests.Change_Relation_n_m_Set_m_With_Clear" executed="True" success="False" time="0.021" asserts="1">
                        <failure>
                          <message><![CDATA[  Expected: 1
  But was:  0
]]></message>
                          <stack-trace><![CDATA[at Kistl.IntegrationTests.RelationTests.Change_Relation_n_m_Set_m_With_Clear() in P:\Kistl\Tests\Kistl.IntegrationTests\Tests\RelationTests.cs:line 185
]]></stack-trace>
                        </failure>
                      </test-case>
                      <test-case name="Kistl.IntegrationTests.RelationTests.Change_Relation_n_m_Set_m_With_Remove" executed="True" success="False" time="0.009" asserts="1">
                        <failure>
                          <message><![CDATA[  Expected: 1
  But was:  0
]]></message>
                          <stack-trace><![CDATA[at Kistl.IntegrationTests.RelationTests.Change_Relation_n_m_Set_m_With_Remove() in P:\Kistl\Tests\Kistl.IntegrationTests\Tests\RelationTests.cs:line 159
]]></stack-trace>
                        </failure>
                      </test-case>
                      <test-case name="Kistl.IntegrationTests.RelationTests.Change_Relation_n_m_Set_n_By_Index" executed="True" success="False" time="0.029" asserts="3">
                        <failure>
                          <message><![CDATA[  Expected: 1
  But was:  0
]]></message>
                          <stack-trace><![CDATA[at Kistl.IntegrationTests.RelationTests.Change_Relation_n_m_Set_n_By_Index() in P:\Kistl\Tests\Kistl.IntegrationTests\Tests\RelationTests.cs:line 135
]]></stack-trace>
                        </failure>
                      </test-case>
                      <test-case name="Kistl.IntegrationTests.RelationTests.Change_Relation_n_m_Set_n_With_Clear" executed="True" success="False" time="0.009" asserts="3">
                        <failure>
                          <message><![CDATA[  Expected: 1
  But was:  0
]]></message>
                          <stack-trace><![CDATA[at Kistl.IntegrationTests.RelationTests.Change_Relation_n_m_Set_n_With_Clear() in P:\Kistl\Tests\Kistl.IntegrationTests\Tests\RelationTests.cs:line 108
]]></stack-trace>
                        </failure>
                      </test-case>
                      <test-case name="Kistl.IntegrationTests.RelationTests.Change_Relation_n_m_Set_n_With_Remove" executed="True" success="False" time="0.010" asserts="3">
                        <failure>
                          <message><![CDATA[  Expected: 1
  But was:  0
]]></message>
                          <stack-trace><![CDATA[at Kistl.IntegrationTests.RelationTests.Change_Relation_n_m_Set_n_With_Remove() in P:\Kistl\Tests\Kistl.IntegrationTests\Tests\RelationTests.cs:line 81
]]></stack-trace>
                        </failure>
                      </test-case>
                      <test-case name="Kistl.IntegrationTests.RelationTests.Sort_Relation_n_m_m" executed="False">
                        <reason>
                          <message><![CDATA[Case: 669, Fix with new CodeGenerator]]></message>
                        </reason>
                      </test-case>
                      <test-case name="Kistl.IntegrationTests.RelationTests.Sort_Relation_n_m_n" executed="True" success="False" time="1.138" asserts="1">
                        <failure>
                          <message><![CDATA[  Expected: <Peter Mayer>
  But was:  <Arthur Zaczek>
]]></message>
                          <stack-trace><![CDATA[at Kistl.IntegrationTests.RelationTests.Sort_Relation_n_m_n() in P:\Kistl\Tests\Kistl.IntegrationTests\Tests\RelationTests.cs:line 264
]]></stack-trace>
                        </failure>
                      </test-case>
                    </results>
                  </test-suite>
                  <test-suite name="Structs" executed="True" success="False" time="0.240" asserts="0">
                    <results>
                      <test-suite name="when_changing_a_struct_member" executed="True" success="False" time="0.164" asserts="0">
                        <results>
                          <test-case name="Kistl.IntegrationTests.Structs.when_changing_a_struct_member.should_commit_changes" executed="True" success="False" time="0.092" asserts="4">
                            <failure>
                              <message><![CDATA[  changes were not written to database
  String lengths are both 18. Strings differ at index 4.
  Expected: "0.0469725211369677"
  But was:  "0.0483946614192774"
  ---------------^
]]></message>
                              <stack-trace><![CDATA[at Kistl.API.AbstractConsumerTests.Structs.when_changing_a_struct_member.should_commit_changes() in P:\Kistl\Tests\Kistl.API.AbstractConsumerTests\Structs\when_changing_a_struct_member.cs:line 100
]]></stack-trace>
                            </failure>
                          </test-case>
                          <test-case name="Kistl.IntegrationTests.Structs.when_changing_a_struct_member.should_notify_parent" executed="True" success="True" time="0.032" asserts="8" />
                          <test-case name="Kistl.IntegrationTests.Structs.when_changing_a_struct_member.should_notify_self" executed="True" success="True" time="0.025" asserts="8" />
                        </results>
                      </test-suite>
                      <test-suite name="when_initialized" executed="True" success="True" time="0.069" asserts="0">
                        <results>
                          <test-case name="Kistl.IntegrationTests.Structs.when_initialized.should_be_attached_to_their_parent" executed="True" success="True" time="0.020" asserts="1" />
                          <test-case name="Kistl.IntegrationTests.Structs.when_initialized.should_exist" executed="True" success="True" time="0.018" asserts="1" />
                          <test-case name="Kistl.IntegrationTests.Structs.when_initialized.should_have_right_property_name_set" executed="True" success="True" time="0.020" asserts="1" />
                        </results>
                      </test-suite>
                    </results>
                  </test-suite>
                  <test-suite name="StructTests" executed="True" success="False" time="0.195" asserts="0">
                    <results>
                      <test-case name="Kistl.IntegrationTests.StructTests.GetObjectWithStruct" executed="True" success="True" time="0.053" asserts="32" />
                      <test-suite name="SaveObjectWithStruct" executed="True" success="False" time="0.135" asserts="0">
                        <results>
                          <test-case name="Kistl.IntegrationTests.StructTests.SaveObjectWithStruct(Create new item)" executed="True" success="True" time="0.062" asserts="8" />
                          <test-case name="Kistl.IntegrationTests.StructTests.SaveObjectWithStruct(Load item from Context)" executed="True" success="False" time="0.072" asserts="5">
                            <failure>
                              <message><![CDATA[  Expected string length 11 but was 1. Strings differ at index 0.
  Expected: "560843243am"
  But was:  "1"
  -----------^
]]></message>
                              <stack-trace><![CDATA[at Kistl.IntegrationTests.StructTests.SaveObjectWithStruct(FactoryDescriptor fact) in P:\Kistl\Tests\Kistl.IntegrationTests\Tests\StructTests.cs:line 94
]]></stack-trace>
                            </failure>
                          </test-case>
                        </results>
                      </test-suite>
                    </results>
                  </test-suite>
                </results>
              </test-suite>
            </results>
          </test-suite>
        </results>
      </test-suite>
    </results>
  </test-suite>
</test-results>