<?xml version="1.0" encoding="utf-8" standalone="no"?>
<!--This file represents the results of running a test suite-->
<test-results name="P:\Kistl\Tests\Kistl.IntegrationTests\Kistl.IntegrationTests.nunit" total="41" failures="3" not-run="0" date="2008-10-31" time="16:50:12">
  <environment nunit-version="2.4.7.0" clr-version="2.0.50727.3053" os-version="Microsoft Windows NT 6.0.6001 Service Pack 1" platform="Win32NT" cwd="P:\Kistl\Tests\Kistl.IntegrationTests" machine-name="KISTL" user="david" user-domain="kistl" />
  <culture-info current-culture="de-AT" current-uiculture="de-DE" />
  <test-suite name="P:\Kistl\Tests\Kistl.IntegrationTests\Kistl.IntegrationTests.nunit" success="False" time="36.629" asserts="0">
    <results>
      <test-suite name="P:\Kistl\Tests\Kistl.IntegrationTests\bin\Debug\Kistl.IntegrationTests.exe" success="False" time="36.629" asserts="0">
        <results>
          <test-suite name="Kistl" success="False" time="36.613" asserts="0">
            <results>
              <test-suite name="IntegrationTests" success="False" time="36.613" asserts="0">
                <results>
                  <test-suite name="GeneratorTests" success="True" time="8.720" asserts="0">
                    <results>
                      <test-case name="Kistl.IntegrationTests.GeneratorTests.Generate" executed="True" success="True" time="8.720" asserts="0" />
                    </results>
                  </test-suite>
                  <test-suite name="GetListOfTests" success="True" time="0.312" asserts="0">
                    <results>
                      <test-case name="Kistl.IntegrationTests.GetListOfTests.GetListOf" executed="True" success="True" time="0.156" asserts="1" />
                      <test-case name="Kistl.IntegrationTests.GetListOfTests.GetListOf_GetObject" executed="True" success="True" time="0.047" asserts="2" />
                      <test-case name="Kistl.IntegrationTests.GetListOfTests.GetListOf_Twice" executed="True" success="True" time="0.047" asserts="3" />
                      <test-case name="Kistl.IntegrationTests.GetListOfTests.GetObject_GetListOf" executed="True" success="True" time="0.062" asserts="3" />
                    </results>
                  </test-suite>
                  <test-suite name="GetListTests" success="False" time="5.678" asserts="0">
                    <results>
                      <test-case name="Kistl.IntegrationTests.GetListTests.GetList" executed="True" success="True" time="0.640" asserts="1" />
                      <test-case name="Kistl.IntegrationTests.GetListTests.GetList_GetObject" executed="True" success="True" time="0.530" asserts="3" />
                      <test-case name="Kistl.IntegrationTests.GetListTests.GetList_Twice" executed="True" success="True" time="1.092" asserts="169" />
                      <test-case name="Kistl.IntegrationTests.GetListTests.GetListFirst" executed="True" success="True" time="0.016" asserts="1" />
                      <test-case name="Kistl.IntegrationTests.GetListTests.GetListSingle" executed="True" success="True" time="0.016" asserts="1" />
                      <test-case name="Kistl.IntegrationTests.GetListTests.GetListWithFirst" executed="True" success="True" time="0.016" asserts="1" />
                      <test-case name="Kistl.IntegrationTests.GetListTests.GetListWithOrderBy" executed="True" success="True" time="0.562" asserts="1" />
                      <test-case name="Kistl.IntegrationTests.GetListTests.GetListWithOrderByAndWhere" executed="True" success="True" time="0.343" asserts="1" />
                      <test-case name="Kistl.IntegrationTests.GetListTests.GetListWithOrderByThenOrderBy" executed="True" success="False" time="0.640" asserts="1">
                        <failure>
                          <message><![CDATA[List was not sorted]]></message>
                          <stack-trace><![CDATA[bei Kistl.IntegrationTests.GetListTests.GetListWithOrderByThenOrderBy() in P:\Kistl\Tests\Kistl.IntegrationTests\Tests\GetListTests.cs:Zeile 169.
]]></stack-trace>
                        </failure>
                      </test-case>
                      <test-case name="Kistl.IntegrationTests.GetListTests.GetListWithParameterIllegal" executed="True" success="True" time="0.140" asserts="0" />
                      <test-case name="Kistl.IntegrationTests.GetListTests.GetListWithParameterLegal" executed="True" success="True" time="0.062" asserts="1" />
                      <test-case name="Kistl.IntegrationTests.GetListTests.GetListWithProjection" executed="True" success="True" time="0.172" asserts="0" />
                      <test-case name="Kistl.IntegrationTests.GetListTests.GetListWithPropertyAccessor" executed="True" success="True" time="0.031" asserts="2" />
                      <test-case name="Kistl.IntegrationTests.GetListTests.GetListWithPropertyObjectAccessor" executed="True" success="True" time="0.312" asserts="2" />
                      <test-case name="Kistl.IntegrationTests.GetListTests.GetListWithSingle" executed="True" success="True" time="0.016" asserts="1" />
                      <test-case name="Kistl.IntegrationTests.GetListTests.GetListWithTake" executed="True" success="True" time="0.203" asserts="1" />
                      <test-case name="Kistl.IntegrationTests.GetListTests.GetListWithTakeAndWhere" executed="True" success="True" time="0.140" asserts="1" />
                      <test-case name="Kistl.IntegrationTests.GetListTests.GetObject_GetList" executed="True" success="True" time="0.718" asserts="6" />
                    </results>
                  </test-suite>
                  <test-suite name="InheritanceTests" success="True" time="2.730" asserts="0">
                    <results>
                      <test-case name="Kistl.IntegrationTests.InheritanceTests.GetListOfInheritedObjects" executed="True" success="True" time="0.624" asserts="3" />
                      <test-case name="Kistl.IntegrationTests.InheritanceTests.UpdateInheritedObject" executed="True" success="True" time="2.106" asserts="4" />
                    </results>
                  </test-suite>
                  <test-suite name="ListPropetiesTests" success="False" time="0.796" asserts="0">
                    <results>
                      <test-case name="Kistl.IntegrationTests.ListPropetiesTests.AddStringListPropertyContent" executed="True" success="True" time="0.312" asserts="5" />
                      <test-case name="Kistl.IntegrationTests.ListPropetiesTests.DeleteStringListPropertyContent" executed="True" success="True" time="0.140" asserts="5" />
                      <test-case name="Kistl.IntegrationTests.ListPropetiesTests.GetPointerListPropertyContent" executed="True" success="True" time="0.156" asserts="9" />
                      <test-case name="Kistl.IntegrationTests.ListPropetiesTests.GetStringListPropertyContent" executed="True" success="True" time="0.016" asserts="1" />
                      <test-case name="Kistl.IntegrationTests.ListPropetiesTests.UpdateStringListPropertyContent" executed="True" success="False" time="0.172" asserts="4">
                        <failure>
                          <message><![CDATA[System.InvalidOperationException : Die Sequenz enthält mehrere übereinstimmende Elemente.]]></message>
                          <stack-trace><![CDATA[bei System.Linq.Enumerable.SingleOrDefault[TSource](IEnumerable`1 source, Func`2 predicate)
bei Kistl.IntegrationTests.ListPropetiesTests.UpdateStringListPropertyContent() in P:\Kistl\Tests\Kistl.IntegrationTests\Tests\ListPropetiesTests.cs:Zeile 118.
]]></stack-trace>
                        </failure>
                      </test-case>
                    </results>
                  </test-suite>
                  <test-suite name="ObjectTests" success="True" time="0.749" asserts="0">
                    <results>
                      <test-case name="Kistl.IntegrationTests.ObjectTests.GetListOf" executed="True" success="True" time="0.172" asserts="1" />
                      <test-case name="Kistl.IntegrationTests.ObjectTests.GetListOf_List" executed="True" success="True" time="0.094" asserts="1" />
                      <test-case name="Kistl.IntegrationTests.ObjectTests.GetObject" executed="True" success="True" time="0.062" asserts="1" />
                      <test-case name="Kistl.IntegrationTests.ObjectTests.GetObject_Twice" executed="True" success="True" time="0.094" asserts="3" />
                      <test-case name="Kistl.IntegrationTests.ObjectTests.NewObject" executed="True" success="True" time="0.172" asserts="4" />
                      <test-case name="Kistl.IntegrationTests.ObjectTests.SetObject" executed="True" success="True" time="0.156" asserts="3" />
                    </results>
                  </test-suite>
                  <test-suite name="StructTests" success="False" time="0.562" asserts="0">
                    <results>
                      <test-case name="Kistl.IntegrationTests.StructTests.ChangeObjectWithStruct" executed="True" success="True" time="0.172" asserts="9" />
                      <test-case name="Kistl.IntegrationTests.StructTests.CreateObjectWithStruct" executed="True" success="True" time="0.125" asserts="8" />
                      <test-case name="Kistl.IntegrationTests.StructTests.GetObjectWithStruct" executed="True" success="True" time="0.016" asserts="13" />
                      <test-case name="Kistl.IntegrationTests.StructTests.SaveObjectWithStruct" executed="True" success="True" time="0.125" asserts="6" />
                      <test-case name="Kistl.IntegrationTests.StructTests.SetStructNull" executed="True" success="False" time="0.125" asserts="4">
                        <failure>
                          <message><![CDATA[  Expected: null
  But was:  <Kistl.App.Test.TestPhoneStruct__Implementation__>
]]></message>
                          <stack-trace><![CDATA[bei Kistl.IntegrationTests.StructTests.SetStructNull() in P:\Kistl\Tests\Kistl.IntegrationTests\Tests\StructTests.cs:Zeile 189.
]]></stack-trace>
                        </failure>
                      </test-case>
                    </results>
                  </test-suite>
                </results>
              </test-suite>
            </results>
          </test-suite>
        </results>
      </test-suite>
    </results>
  </test-suite>
</test-results>