<?xml version="1.0" encoding="utf-8" standalone="no"?>
<!--This file represents the results of running a test suite-->
<test-results name="P:\Kistl\Tests\Kistl.IntegrationTests\Kistl.IntegrationTests.nunit" total="49" failures="0" not-run="3" date="2008-11-21" time="12:27:16">
  <environment nunit-version="2.4.7.0" clr-version="2.0.50727.3053" os-version="Microsoft Windows NT 6.0.6001 Service Pack 1" platform="Win32NT" cwd="P:\Kistl\Tests\Kistl.IntegrationTests" machine-name="KISTL" user="Douglas" user-domain="KISTL" />
  <culture-info current-culture="de-AT" current-uiculture="en-US" />
  <test-suite name="P:\Kistl\Tests\Kistl.IntegrationTests\Kistl.IntegrationTests.nunit" success="False" time="43.674" asserts="0">
    <results>
      <test-suite name="P:\Kistl\Tests\Kistl.IntegrationTests\bin\Debug\Kistl.IntegrationTests.exe" success="False" time="43.560" asserts="0">
        <results>
          <test-suite name="Kistl" success="False" time="43.552" asserts="0">
            <results>
              <test-suite name="IntegrationTests" success="False" time="43.531" asserts="0">
                <results>
                  <test-suite name="FrozenContextTests" success="True" time="0.065" asserts="0">
                    <results>
                      <test-case name="Kistl.IntegrationTests.FrozenContextTests.IsReadonly_Create" executed="True" success="True" time="0.006" asserts="0" />
                      <test-case name="Kistl.IntegrationTests.FrozenContextTests.IsReadonlyFlag" executed="True" success="True" time="0.007" asserts="1" />
                      <test-case name="Kistl.IntegrationTests.FrozenContextTests.IsReadonlyObject" executed="True" success="True" time="0.005" asserts="1" />
                      <test-case name="Kistl.IntegrationTests.FrozenContextTests.IsReadonlyObject_Reference" executed="True" success="True" time="0.018" asserts="0" />
                      <test-case name="Kistl.IntegrationTests.FrozenContextTests.IsReadonlyObject_String" executed="True" success="True" time="0.002" asserts="0" />
                    </results>
                  </test-suite>
                  <test-suite name="GetListOfTests" success="True" time="5.278" asserts="0">
                    <results>
                      <test-case name="Kistl.IntegrationTests.GetListOfTests.GetListOf" executed="True" success="True" time="4.938" asserts="1" />
                      <test-case name="Kistl.IntegrationTests.GetListOfTests.GetListOf_GetObject" executed="True" success="True" time="0.069" asserts="2" />
                      <test-case name="Kistl.IntegrationTests.GetListOfTests.GetListOf_Twice" executed="True" success="True" time="0.093" asserts="3" />
                      <test-case name="Kistl.IntegrationTests.GetListOfTests.GetObject_GetListOf" executed="True" success="True" time="0.174" asserts="3" />
                    </results>
                  </test-suite>
                  <test-suite name="GetListTests" success="True" time="6.230" asserts="0">
                    <results>
                      <test-case name="Kistl.IntegrationTests.GetListTests.GetList" executed="True" success="True" time="0.598" asserts="1" />
                      <test-case name="Kistl.IntegrationTests.GetListTests.GetList_GetObject" executed="True" success="True" time="2.545" asserts="3" />
                      <test-case name="Kistl.IntegrationTests.GetListTests.GetList_Twice" executed="True" success="True" time="0.356" asserts="178" />
                      <test-case name="Kistl.IntegrationTests.GetListTests.GetListByTypeWithOrderBy" executed="False">
                        <reason>
                          <message><![CDATA[Case 617]]></message>
                        </reason>
                      </test-case>
                      <test-case name="Kistl.IntegrationTests.GetListTests.GetListFirst" executed="True" success="True" time="0.033" asserts="1" />
                      <test-case name="Kistl.IntegrationTests.GetListTests.GetListSingle" executed="True" success="True" time="0.023" asserts="1" />
                      <test-case name="Kistl.IntegrationTests.GetListTests.GetListWithFirst" executed="True" success="True" time="0.034" asserts="1" />
                      <test-case name="Kistl.IntegrationTests.GetListTests.GetListWithOrderBy" executed="True" success="True" time="0.321" asserts="1" />
                      <test-case name="Kistl.IntegrationTests.GetListTests.GetListWithOrderByAndWhere" executed="True" success="True" time="0.186" asserts="1" />
                      <test-case name="Kistl.IntegrationTests.GetListTests.GetListWithOrderByThenOrderBy" executed="False">
                        <reason>
                          <message><![CDATA[Case 634]]></message>
                        </reason>
                      </test-case>
                      <test-case name="Kistl.IntegrationTests.GetListTests.GetListWithParameterIllegal" executed="True" success="True" time="0.251" asserts="0" />
                      <test-case name="Kistl.IntegrationTests.GetListTests.GetListWithParameterLegal" executed="True" success="True" time="0.120" asserts="1" />
                      <test-case name="Kistl.IntegrationTests.GetListTests.GetListWithProjection" executed="True" success="True" time="0.344" asserts="0" />
                      <test-case name="Kistl.IntegrationTests.GetListTests.GetListWithPropertyAccessor" executed="True" success="True" time="0.047" asserts="2" />
                      <test-case name="Kistl.IntegrationTests.GetListTests.GetListWithPropertyObjectAccessor" executed="True" success="True" time="0.163" asserts="2" />
                      <test-case name="Kistl.IntegrationTests.GetListTests.GetListWithSingle" executed="True" success="True" time="0.032" asserts="1" />
                      <test-case name="Kistl.IntegrationTests.GetListTests.GetListWithTake" executed="True" success="True" time="0.137" asserts="1" />
                      <test-case name="Kistl.IntegrationTests.GetListTests.GetListWithTakeAndWhere" executed="True" success="True" time="0.116" asserts="1" />
                      <test-case name="Kistl.IntegrationTests.GetListTests.GetObject_GetList" executed="True" success="True" time="0.893" asserts="6" />
                    </results>
                  </test-suite>
                  <test-suite name="InheritanceTests" success="True" time="5.579" asserts="0">
                    <results>
                      <test-case name="Kistl.IntegrationTests.InheritanceTests.GetListOfInheritedObjects" executed="True" success="True" time="1.265" asserts="3" />
                      <test-case name="Kistl.IntegrationTests.InheritanceTests.UpdateInheritedObject" executed="True" success="True" time="4.311" asserts="4" />
                    </results>
                  </test-suite>
                  <test-suite name="ListPropetiesTests" success="True" time="1.451" asserts="0">
                    <results>
                      <test-case name="Kistl.IntegrationTests.ListPropetiesTests.AddStringListPropertyContent" executed="True" success="True" time="0.512" asserts="5" />
                      <test-case name="Kistl.IntegrationTests.ListPropetiesTests.DeleteStringListPropertyContent" executed="True" success="True" time="0.325" asserts="5" />
                      <test-case name="Kistl.IntegrationTests.ListPropetiesTests.GetPointerListPropertyContent" executed="True" success="True" time="0.288" asserts="9" />
                      <test-case name="Kistl.IntegrationTests.ListPropetiesTests.GetStringListPropertyContent" executed="True" success="True" time="0.032" asserts="1" />
                      <test-case name="Kistl.IntegrationTests.ListPropetiesTests.UpdateStringListPropertyContent" executed="True" success="True" time="0.290" asserts="5" />
                    </results>
                  </test-suite>
                  <test-suite name="ObjectTests" success="True" time="1.504" asserts="0">
                    <results>
                      <test-case name="Kistl.IntegrationTests.ObjectTests.GetListOf" executed="True" success="True" time="0.339" asserts="1" />
                      <test-case name="Kistl.IntegrationTests.ObjectTests.GetListOf_List" executed="True" success="True" time="0.187" asserts="1" />
                      <test-case name="Kistl.IntegrationTests.ObjectTests.GetObject" executed="True" success="True" time="0.086" asserts="1" />
                      <test-case name="Kistl.IntegrationTests.ObjectTests.GetObject_Twice" executed="True" success="True" time="0.147" asserts="3" />
                      <test-case name="Kistl.IntegrationTests.ObjectTests.NewObject" executed="True" success="True" time="0.413" asserts="4" />
                      <test-case name="Kistl.IntegrationTests.ObjectTests.SetObject" executed="True" success="True" time="0.330" asserts="3" />
                    </results>
                  </test-suite>
                  <test-suite name="RelationTests" success="True" time="0.048" asserts="0">
                    <results>
                      <test-case name="Kistl.IntegrationTests.RelationTests.Relation_1_1_Set_Left" executed="True" success="True" time="0.002" asserts="4" />
                      <test-case name="Kistl.IntegrationTests.RelationTests.Relation_1_1_Set_Right" executed="True" success="True" time="0.001" asserts="4" />
                      <test-case name="Kistl.IntegrationTests.RelationTests.Relation_1_n_Set_1" executed="True" success="True" time="0.002" asserts="6" />
                      <test-case name="Kistl.IntegrationTests.RelationTests.Relation_1_n_Set_n" executed="True" success="True" time="0.001" asserts="6" />
                      <test-case name="Kistl.IntegrationTests.RelationTests.Relation_n_m_Set_m" executed="True" success="True" time="0.020" asserts="8" />
                      <test-case name="Kistl.IntegrationTests.RelationTests.Relation_n_m_Set_n" executed="True" success="True" time="0.011" asserts="8" />
                    </results>
                  </test-suite>
                  <test-suite name="StructTests" success="True" time="1.016" asserts="0">
                    <results>
                      <test-case name="Kistl.IntegrationTests.StructTests.ChangeObjectWithStruct" executed="True" success="True" time="0.371" asserts="9" />
                      <test-case name="Kistl.IntegrationTests.StructTests.CreateObjectWithStruct" executed="True" success="True" time="0.244" asserts="8" />
                      <test-case name="Kistl.IntegrationTests.StructTests.GetObjectWithStruct" executed="True" success="True" time="0.041" asserts="28" />
                      <test-case name="Kistl.IntegrationTests.StructTests.SaveObjectWithStruct" executed="True" success="True" time="0.355" asserts="6" />
                      <test-case name="Kistl.IntegrationTests.StructTests.SetStructNull" executed="False">
                        <reason>
                          <message><![CDATA[Nicht fertig besprochen]]></message>
                        </reason>
                      </test-case>
                    </results>
                  </test-suite>
                </results>
              </test-suite>
            </results>
          </test-suite>
        </results>
      </test-suite>
    </results>
  </test-suite>
</test-results>