<?xml version="1.0" encoding="utf-8" standalone="no"?>
<!--This file represents the results of running a test suite-->
<test-results name="P:\Kistl\Tests\Kistl.IntegrationTests\Kistl.IntegrationTests.nunit" total="60" errors="9" failures="15" not-run="3" ignored="3" skipped="0" invalid="0" date="2009-03-19" time="15:04:45">
  <environment nunit-version="2.5.0.9015" clr-version="2.0.50727.3074" os-version="Microsoft Windows NT 6.0.6001 Service Pack 1" platform="Win32NT" cwd="P:\Kistl\Tests\Kistl.IntegrationTests" machine-name="KISTL" user="david" user-domain="kistl" />
  <culture-info current-culture="de-AT" current-uiculture="de-DE" />
  <test-suite name="P:\Kistl\Tests\Kistl.IntegrationTests\Kistl.IntegrationTests.nunit" executed="True" success="False" time="29.930" asserts="0">
    <results>
      <test-suite name="P:\Kistl\Tests\Kistl.IntegrationTests\bin\Debug\Kistl.IntegrationTests.dll" executed="True" success="False" time="29.828" asserts="0">
        <results>
          <test-suite name="Kistl" executed="True" success="False" time="29.817" asserts="0">
            <results>
              <test-suite name="IntegrationTests" executed="True" success="False" time="29.815" asserts="0">
                <results>
                  <test-suite name="FrozenContextTests" executed="True" success="True" time="0.035" asserts="0">
                    <results>
                      <test-case name="Kistl.IntegrationTests.FrozenContextTests.IsReadonly_Create" executed="True" success="True" time="0.007" asserts="0" />
                      <test-case name="Kistl.IntegrationTests.FrozenContextTests.IsReadonlyFlag" executed="True" success="True" time="0.002" asserts="1" />
                      <test-case name="Kistl.IntegrationTests.FrozenContextTests.IsReadonlyObject" executed="True" success="True" time="0.006" asserts="1" />
                      <test-case name="Kistl.IntegrationTests.FrozenContextTests.IsReadonlyObject_Reference" executed="True" success="True" time="0.009" asserts="0" />
                      <test-case name="Kistl.IntegrationTests.FrozenContextTests.IsReadonlyObject_String" executed="True" success="True" time="0.001" asserts="0" />
                    </results>
                  </test-suite>
                  <test-suite name="GetListOfTests" executed="True" success="True" time="3.434" asserts="0">
                    <results>
                      <test-case name="Kistl.IntegrationTests.GetListOfTests.GetListOf" executed="True" success="True" time="2.979" asserts="1" />
                      <test-case name="Kistl.IntegrationTests.GetListOfTests.GetListOf_GetObject" executed="True" success="True" time="0.125" asserts="2" />
                      <test-case name="Kistl.IntegrationTests.GetListOfTests.GetListOf_Twice" executed="True" success="True" time="0.137" asserts="3" />
                      <test-case name="Kistl.IntegrationTests.GetListOfTests.GetObject_GetListOf" executed="True" success="True" time="0.189" asserts="3" />
                    </results>
                  </test-suite>
                  <test-suite name="GetListTests" executed="True" success="True" time="4.852" asserts="0">
                    <results>
                      <test-case name="Kistl.IntegrationTests.GetListTests.GetList" executed="True" success="True" time="0.315" asserts="1" />
                      <test-case name="Kistl.IntegrationTests.GetListTests.GetList_GetObject" executed="True" success="True" time="1.558" asserts="3" />
                      <test-case name="Kistl.IntegrationTests.GetListTests.GetList_Twice" executed="True" success="True" time="0.418" asserts="187" />
                      <test-case name="Kistl.IntegrationTests.GetListTests.GetListByTypeWithOrderBy" executed="True" success="True" time="0.309" asserts="1" />
                      <test-case name="Kistl.IntegrationTests.GetListTests.GetListFirst" executed="True" success="True" time="0.020" asserts="1" />
                      <test-case name="Kistl.IntegrationTests.GetListTests.GetListSingle" executed="True" success="True" time="0.015" asserts="1" />
                      <test-case name="Kistl.IntegrationTests.GetListTests.GetListWithFirst" executed="True" success="True" time="0.017" asserts="1" />
                      <test-case name="Kistl.IntegrationTests.GetListTests.GetListWithOrderBy" executed="True" success="True" time="0.298" asserts="1" />
                      <test-case name="Kistl.IntegrationTests.GetListTests.GetListWithOrderByAndWhere" executed="True" success="True" time="0.207" asserts="1" />
                      <test-case name="Kistl.IntegrationTests.GetListTests.GetListWithOrderByThenOrderBy" executed="True" success="True" time="0.372" asserts="1" />
                      <test-case name="Kistl.IntegrationTests.GetListTests.GetListWithParameterIllegal" executed="True" success="True" time="0.164" asserts="0" />
                      <test-case name="Kistl.IntegrationTests.GetListTests.GetListWithParameterLegal" executed="True" success="True" time="0.067" asserts="1" />
                      <test-case name="Kistl.IntegrationTests.GetListTests.GetListWithProjection" executed="True" success="True" time="0.137" asserts="0" />
                      <test-case name="Kistl.IntegrationTests.GetListTests.GetListWithPropertyAccessor" executed="True" success="True" time="0.033" asserts="2" />
                      <test-case name="Kistl.IntegrationTests.GetListTests.GetListWithPropertyObjectAccessor" executed="True" success="True" time="0.210" asserts="2" />
                      <test-case name="Kistl.IntegrationTests.GetListTests.GetListWithSingle" executed="True" success="True" time="0.016" asserts="1" />
                      <test-case name="Kistl.IntegrationTests.GetListTests.GetListWithTake" executed="True" success="True" time="0.087" asserts="1" />
                      <test-case name="Kistl.IntegrationTests.GetListTests.GetListWithTakeAndWhere" executed="True" success="True" time="0.102" asserts="1" />
                      <test-case name="Kistl.IntegrationTests.GetListTests.GetObject_GetList" executed="True" success="True" time="0.474" asserts="6" />
                    </results>
                  </test-suite>
                  <test-suite name="InheritanceTests" executed="True" success="False" time="2.621" asserts="0">
                    <results>
                      <test-case name="Kistl.IntegrationTests.InheritanceTests.GetListOfInheritedObjects" executed="True" success="True" time="1.224" asserts="3" />
                      <test-case name="Kistl.IntegrationTests.InheritanceTests.UpdateInheritedObject" executed="True" success="False" time="1.395" asserts="1">
                        <failure>
                          <message><![CDATA[System.ServiceModel.FaultException : Die Methode oder der Vorgang sind nicht implementiert.]]></message>
                          <stack-trace><![CDATA[
Server stack trace:
bei System.ServiceModel.Channels.ServiceChannel.HandleReply(ProxyOperationRuntime operation, ProxyRpc& rpc)
bei System.ServiceModel.Channels.ServiceChannel.Call(String action, Boolean oneway, ProxyOperationRuntime operation, Object[] ins, Object[] outs, TimeSpan timeout)
bei System.ServiceModel.Channels.ServiceChannel.Call(String action, Boolean oneway, ProxyOperationRuntime operation, Object[] ins, Object[] outs)
bei System.ServiceModel.Channels.ServiceChannelProxy.InvokeService(IMethodCallMessage methodCall, ProxyOperationRuntime operation)
bei System.ServiceModel.Channels.ServiceChannelProxy.Invoke(IMessage message)

Exception rethrown at [0]:
bei System.Runtime.Remoting.Proxies.RealProxy.HandleReturnMessage(IMessage reqMsg, IMessage retMsg)
bei System.Runtime.Remoting.Proxies.RealProxy.PrivateInvoke(MessageData& msgData, Int32 type)
bei Kistl.API.Client.KistlServiceStreams.IKistlServiceStreams.SetObjects(MemoryStream msg)
bei Kistl.API.Client.KistlServiceStreams.KistlServiceStreamsClient.SetObjects(MemoryStream msg) in P:\Kistl\Kistl.API.Client\Service References\KistlServiceStreams\Reference.cs:Zeile 67.
bei Kistl.API.Client.ProxyImplementation.SetObjects(IEnumerable`1 objects) in P:\Kistl\Kistl.API.Client\Proxy.cs:Zeile 280.
bei Kistl.API.Client.KistlContextImpl.SubmitChanges() in P:\Kistl\Kistl.API.Client\LinqToKistl\KistlContext.cs:Zeile 404.
bei Kistl.IntegrationTests.InheritanceTests.UpdateInheritedObject() in P:\Kistl\Tests\Kistl.IntegrationTests\Tests\InheritanceTests.cs:Zeile 66.
]]></stack-trace>
                        </failure>
                      </test-case>
                    </results>
                  </test-suite>
                  <test-suite name="ListPropetiesTests" executed="True" success="False" time="1.279" asserts="0">
                    <results>
                      <test-case name="Kistl.IntegrationTests.ListPropetiesTests.AddStringListPropertyContent" executed="True" success="False" time="0.067" asserts="0">
                        <failure>
                          <message><![CDATA[System.ArgumentNullException : Der Wert darf nicht NULL sein.
Parametername: val]]></message>
                          <stack-trace><![CDATA[bei Kistl.API.BinarySerializer.FromStreamCollectionEntries[T](ICollection`1 val, BinaryReader sr) in P:\Kistl\Kistl.API\BinarySerializer.cs:Zeile 571.
bei Kistl.App.Projekte.Kunde__Implementation__.FromStream(BinaryReader binStream) in P:\Kistl\Kistl.Objects.Client\Kunde.Client.Designer.cs:Zeile 218.
bei Kistl.API.Client.ProxyImplementation.GetList(InterfaceType ifType, Int32 maxListCount, Expression filter, IEnumerable`1 orderBy) in P:\Kistl\Kistl.API.Client\Proxy.cs:Zeile 184.
bei Kistl.API.Client.KistlContextProvider.CallService() in P:\Kistl\Kistl.API.Client\LinqToKistl\KistlContextProvider.cs:Zeile 170.
bei Kistl.API.Client.KistlContextProvider.VisitAndCallService(Expression e) in P:\Kistl\Kistl.API.Client\LinqToKistl\KistlContextProvider.cs:Zeile 165.
bei Kistl.API.Client.KistlContextProvider.GetListCall[T](Expression e) in P:\Kistl\Kistl.API.Client\LinqToKistl\KistlContextProvider.cs:Zeile 196.
bei Kistl.API.Client.KistlContextQuery`1.GetEnumerator() in P:\Kistl\Kistl.API.Client\LinqToKistl\KistlContextQuery.cs:Zeile 49.
bei Kistl.IntegrationTests.ListPropetiesTests.AddStringListPropertyContent() in P:\Kistl\Tests\Kistl.IntegrationTests\Tests\ListPropetiesTests.cs:Zeile 65.
]]></stack-trace>
                        </failure>
                      </test-case>
                      <test-case name="Kistl.IntegrationTests.ListPropetiesTests.DeleteStringListPropertyContent" executed="True" success="False" time="0.013" asserts="0">
                        <failure>
                          <message><![CDATA[System.ArgumentNullException : Der Wert darf nicht NULL sein.
Parametername: val]]></message>
                          <stack-trace><![CDATA[bei Kistl.API.BinarySerializer.FromStreamCollectionEntries[T](ICollection`1 val, BinaryReader sr) in P:\Kistl\Kistl.API\BinarySerializer.cs:Zeile 571.
bei Kistl.App.Projekte.Kunde__Implementation__.FromStream(BinaryReader binStream) in P:\Kistl\Kistl.Objects.Client\Kunde.Client.Designer.cs:Zeile 218.
bei Kistl.API.Client.ProxyImplementation.GetList(InterfaceType ifType, Int32 maxListCount, Expression filter, IEnumerable`1 orderBy) in P:\Kistl\Kistl.API.Client\Proxy.cs:Zeile 184.
bei Kistl.API.Client.KistlContextProvider.CallService() in P:\Kistl\Kistl.API.Client\LinqToKistl\KistlContextProvider.cs:Zeile 170.
bei Kistl.API.Client.KistlContextProvider.VisitAndCallService(Expression e) in P:\Kistl\Kistl.API.Client\LinqToKistl\KistlContextProvider.cs:Zeile 165.
bei Kistl.API.Client.KistlContextProvider.GetListCall[T](Expression e) in P:\Kistl\Kistl.API.Client\LinqToKistl\KistlContextProvider.cs:Zeile 196.
bei Kistl.API.Client.KistlContextQuery`1.GetEnumerator() in P:\Kistl\Kistl.API.Client\LinqToKistl\KistlContextQuery.cs:Zeile 49.
bei Kistl.IntegrationTests.ListPropetiesTests.DeleteStringListPropertyContent() in P:\Kistl\Tests\Kistl.IntegrationTests\Tests\ListPropetiesTests.cs:Zeile 134.
]]></stack-trace>
                        </failure>
                      </test-case>
                      <test-case name="Kistl.IntegrationTests.ListPropetiesTests.GetPointerListPropertyContent" executed="True" success="True" time="1.172" asserts="9" />
                      <test-case name="Kistl.IntegrationTests.ListPropetiesTests.GetStringListPropertyContent" executed="True" success="False" time="0.011" asserts="0">
                        <failure>
                          <message><![CDATA[System.ArgumentNullException : Der Wert darf nicht NULL sein.
Parametername: val]]></message>
                          <stack-trace><![CDATA[bei Kistl.API.BinarySerializer.FromStreamCollectionEntries[T](ICollection`1 val, BinaryReader sr) in P:\Kistl\Kistl.API\BinarySerializer.cs:Zeile 571.
bei Kistl.App.Projekte.Kunde__Implementation__.FromStream(BinaryReader binStream) in P:\Kistl\Kistl.Objects.Client\Kunde.Client.Designer.cs:Zeile 218.
bei Kistl.API.Client.ProxyImplementation.GetList(InterfaceType ifType, Int32 maxListCount, Expression filter, IEnumerable`1 orderBy) in P:\Kistl\Kistl.API.Client\Proxy.cs:Zeile 184.
bei Kistl.API.Client.KistlContextProvider.CallService() in P:\Kistl\Kistl.API.Client\LinqToKistl\KistlContextProvider.cs:Zeile 170.
bei Kistl.API.Client.KistlContextProvider.VisitAndCallService(Expression e) in P:\Kistl\Kistl.API.Client\LinqToKistl\KistlContextProvider.cs:Zeile 165.
bei Kistl.API.Client.KistlContextProvider.GetListCall[T](Expression e) in P:\Kistl\Kistl.API.Client\LinqToKistl\KistlContextProvider.cs:Zeile 196.
bei Kistl.API.Client.KistlContextQuery`1.GetEnumerator() in P:\Kistl\Kistl.API.Client\LinqToKistl\KistlContextQuery.cs:Zeile 49.
bei Kistl.IntegrationTests.ListPropetiesTests.GetStringListPropertyContent() in P:\Kistl\Tests\Kistl.IntegrationTests\Tests\ListPropetiesTests.cs:Zeile 30.
]]></stack-trace>
                        </failure>
                      </test-case>
                      <test-case name="Kistl.IntegrationTests.ListPropetiesTests.UpdateStringListPropertyContent" executed="False">
                        <reason>
                          <message><![CDATA[Implement IsSorted on Kunde.EMails]]></message>
                        </reason>
                      </test-case>
                    </results>
                  </test-suite>
                  <test-suite name="ObjectTests" executed="True" success="False" time="1.133" asserts="0">
                    <results>
                      <test-case name="Kistl.IntegrationTests.ObjectTests.GetListOf" executed="True" success="True" time="0.318" asserts="1" />
                      <test-case name="Kistl.IntegrationTests.ObjectTests.GetListOf_List" executed="True" success="True" time="0.188" asserts="1" />
                      <test-case name="Kistl.IntegrationTests.ObjectTests.GetObject" executed="True" success="True" time="0.039" asserts="1" />
                      <test-case name="Kistl.IntegrationTests.ObjectTests.GetObject_Twice" executed="True" success="True" time="0.073" asserts="3" />
                      <test-case name="Kistl.IntegrationTests.ObjectTests.NewObject" executed="True" success="False" time="0.230" asserts="0">
                        <failure>
                          <message><![CDATA[System.ServiceModel.FaultException : Die Methode oder der Vorgang sind nicht implementiert.]]></message>
                          <stack-trace><![CDATA[
Server stack trace:
bei System.ServiceModel.Channels.ServiceChannel.HandleReply(ProxyOperationRuntime operation, ProxyRpc& rpc)
bei System.ServiceModel.Channels.ServiceChannel.Call(String action, Boolean oneway, ProxyOperationRuntime operation, Object[] ins, Object[] outs, TimeSpan timeout)
bei System.ServiceModel.Channels.ServiceChannel.Call(String action, Boolean oneway, ProxyOperationRuntime operation, Object[] ins, Object[] outs)
bei System.ServiceModel.Channels.ServiceChannelProxy.InvokeService(IMethodCallMessage methodCall, ProxyOperationRuntime operation)
bei System.ServiceModel.Channels.ServiceChannelProxy.Invoke(IMessage message)

Exception rethrown at [0]:
bei System.Runtime.Remoting.Proxies.RealProxy.HandleReturnMessage(IMessage reqMsg, IMessage retMsg)
bei System.Runtime.Remoting.Proxies.RealProxy.PrivateInvoke(MessageData& msgData, Int32 type)
bei Kistl.API.Client.KistlServiceStreams.IKistlServiceStreams.SetObjects(MemoryStream msg)
bei Kistl.API.Client.KistlServiceStreams.KistlServiceStreamsClient.SetObjects(MemoryStream msg) in P:\Kistl\Kistl.API.Client\Service References\KistlServiceStreams\Reference.cs:Zeile 67.
bei Kistl.API.Client.ProxyImplementation.SetObjects(IEnumerable`1 objects) in P:\Kistl\Kistl.API.Client\Proxy.cs:Zeile 280.
bei Kistl.API.Client.KistlContextImpl.SubmitChanges() in P:\Kistl\Kistl.API.Client\LinqToKistl\KistlContext.cs:Zeile 404.
bei Kistl.IntegrationTests.ObjectTests.NewObject() in P:\Kistl\Tests\Kistl.IntegrationTests\Tests\ObjectTests.cs:Zeile 126.
]]></stack-trace>
                        </failure>
                      </test-case>
                      <test-case name="Kistl.IntegrationTests.ObjectTests.SetObject" executed="True" success="False" time="0.273" asserts="1">
                        <failure>
                          <message><![CDATA[System.ServiceModel.FaultException : Die Methode oder der Vorgang sind nicht implementiert.]]></message>
                          <stack-trace><![CDATA[
Server stack trace:
bei System.ServiceModel.Channels.ServiceChannel.HandleReply(ProxyOperationRuntime operation, ProxyRpc& rpc)
bei System.ServiceModel.Channels.ServiceChannel.Call(String action, Boolean oneway, ProxyOperationRuntime operation, Object[] ins, Object[] outs, TimeSpan timeout)
bei System.ServiceModel.Channels.ServiceChannel.Call(String action, Boolean oneway, ProxyOperationRuntime operation, Object[] ins, Object[] outs)
bei System.ServiceModel.Channels.ServiceChannelProxy.InvokeService(IMethodCallMessage methodCall, ProxyOperationRuntime operation)
bei System.ServiceModel.Channels.ServiceChannelProxy.Invoke(IMessage message)

Exception rethrown at [0]:
bei System.Runtime.Remoting.Proxies.RealProxy.HandleReturnMessage(IMessage reqMsg, IMessage retMsg)
bei System.Runtime.Remoting.Proxies.RealProxy.PrivateInvoke(MessageData& msgData, Int32 type)
bei Kistl.API.Client.KistlServiceStreams.IKistlServiceStreams.SetObjects(MemoryStream msg)
bei Kistl.API.Client.KistlServiceStreams.KistlServiceStreamsClient.SetObjects(MemoryStream msg) in P:\Kistl\Kistl.API.Client\Service References\KistlServiceStreams\Reference.cs:Zeile 67.
bei Kistl.API.Client.ProxyImplementation.SetObjects(IEnumerable`1 objects) in P:\Kistl\Kistl.API.Client\Proxy.cs:Zeile 280.
bei Kistl.API.Client.KistlContextImpl.SubmitChanges() in P:\Kistl\Kistl.API.Client\LinqToKistl\KistlContext.cs:Zeile 404.
bei Kistl.IntegrationTests.ObjectTests.SetObject() in P:\Kistl\Tests\Kistl.IntegrationTests\Tests\ObjectTests.cs:Zeile 95.
]]></stack-trace>
                        </failure>
                      </test-case>
                    </results>
                  </test-suite>
                  <test-suite name="RelationTests" executed="True" success="False" time="3.950" asserts="0">
                    <results>
                      <test-case name="Kistl.IntegrationTests.RelationTests.Change_Relation_1_n_Set_1" executed="True" success="False" time="0.016" asserts="6">
                        <failure>
                          <message><![CDATA[  Expected: 1
  But was:  2
]]></message>
                          <stack-trace><![CDATA[bei Kistl.IntegrationTests.RelationTests.Change_Relation_1_n_Set_1() in P:\Kistl\Tests\Kistl.IntegrationTests\Tests\RelationTests.cs:Zeile 173.
]]></stack-trace>
                        </failure>
                      </test-case>
                      <test-case name="Kistl.IntegrationTests.RelationTests.Change_Relation_1_n_Set_n_By_Index" executed="True" success="False" time="0.012" asserts="2">
                        <failure>
                          <message><![CDATA[  Expected: 1
  But was:  2
]]></message>
                          <stack-trace><![CDATA[bei Kistl.IntegrationTests.RelationTests.Change_Relation_1_n_Set_n_By_Index() in P:\Kistl\Tests\Kistl.IntegrationTests\Tests\RelationTests.cs:Zeile 239.
]]></stack-trace>
                        </failure>
                      </test-case>
                      <test-case name="Kistl.IntegrationTests.RelationTests.Change_Relation_1_n_Set_n_With_Clear" executed="True" success="False" time="0.009" asserts="2">
                        <failure>
                          <message><![CDATA[  Expected: 1
  But was:  2
]]></message>
                          <stack-trace><![CDATA[bei Kistl.IntegrationTests.RelationTests.Change_Relation_1_n_Set_n_With_Clear() in P:\Kistl\Tests\Kistl.IntegrationTests\Tests\RelationTests.cs:Zeile 215.
]]></stack-trace>
                        </failure>
                      </test-case>
                      <test-case name="Kistl.IntegrationTests.RelationTests.Change_Relation_1_n_Set_n_With_Remove" executed="True" success="False" time="0.010" asserts="2">
                        <failure>
                          <message><![CDATA[  Expected: 1
  But was:  2
]]></message>
                          <stack-trace><![CDATA[bei Kistl.IntegrationTests.RelationTests.Change_Relation_1_n_Set_n_With_Remove() in P:\Kistl\Tests\Kistl.IntegrationTests\Tests\RelationTests.cs:Zeile 190.
]]></stack-trace>
                        </failure>
                      </test-case>
                      <test-case name="Kistl.IntegrationTests.RelationTests.Change_Relation_n_m_Set_m_By_Index" executed="True" success="False" time="0.020" asserts="1">
                        <failure>
                          <message><![CDATA[  Expected: 1
  But was:  0
]]></message>
                          <stack-trace><![CDATA[bei Kistl.IntegrationTests.RelationTests.Change_Relation_n_m_Set_m_By_Index() in P:\Kistl\Tests\Kistl.IntegrationTests\Tests\RelationTests.cs:Zeile 396.
]]></stack-trace>
                        </failure>
                      </test-case>
                      <test-case name="Kistl.IntegrationTests.RelationTests.Change_Relation_n_m_Set_m_With_Clear" executed="True" success="False" time="0.015" asserts="1">
                        <failure>
                          <message><![CDATA[  Expected: 1
  But was:  0
]]></message>
                          <stack-trace><![CDATA[bei Kistl.IntegrationTests.RelationTests.Change_Relation_n_m_Set_m_With_Clear() in P:\Kistl\Tests\Kistl.IntegrationTests\Tests\RelationTests.cs:Zeile 370.
]]></stack-trace>
                        </failure>
                      </test-case>
                      <test-case name="Kistl.IntegrationTests.RelationTests.Change_Relation_n_m_Set_m_With_Remove" executed="True" success="False" time="0.015" asserts="1">
                        <failure>
                          <message><![CDATA[  Expected: 1
  But was:  0
]]></message>
                          <stack-trace><![CDATA[bei Kistl.IntegrationTests.RelationTests.Change_Relation_n_m_Set_m_With_Remove() in P:\Kistl\Tests\Kistl.IntegrationTests\Tests\RelationTests.cs:Zeile 344.
]]></stack-trace>
                        </failure>
                      </test-case>
                      <test-case name="Kistl.IntegrationTests.RelationTests.Change_Relation_n_m_Set_n_By_Index" executed="True" success="False" time="0.025" asserts="3">
                        <failure>
                          <message><![CDATA[  Expected: 1
  But was:  0
]]></message>
                          <stack-trace><![CDATA[bei Kistl.IntegrationTests.RelationTests.Change_Relation_n_m_Set_n_By_Index() in P:\Kistl\Tests\Kistl.IntegrationTests\Tests\RelationTests.cs:Zeile 320.
]]></stack-trace>
                        </failure>
                      </test-case>
                      <test-case name="Kistl.IntegrationTests.RelationTests.Change_Relation_n_m_Set_n_With_Clear" executed="True" success="False" time="0.015" asserts="3">
                        <failure>
                          <message><![CDATA[  Expected: 1
  But was:  0
]]></message>
                          <stack-trace><![CDATA[bei Kistl.IntegrationTests.RelationTests.Change_Relation_n_m_Set_n_With_Clear() in P:\Kistl\Tests\Kistl.IntegrationTests\Tests\RelationTests.cs:Zeile 293.
]]></stack-trace>
                        </failure>
                      </test-case>
                      <test-case name="Kistl.IntegrationTests.RelationTests.Change_Relation_n_m_Set_n_With_Remove" executed="True" success="False" time="0.015" asserts="3">
                        <failure>
                          <message><![CDATA[  Expected: 1
  But was:  0
]]></message>
                          <stack-trace><![CDATA[bei Kistl.IntegrationTests.RelationTests.Change_Relation_n_m_Set_n_With_Remove() in P:\Kistl\Tests\Kistl.IntegrationTests\Tests\RelationTests.cs:Zeile 266.
]]></stack-trace>
                        </failure>
                      </test-case>
                      <test-case name="Kistl.IntegrationTests.RelationTests.Relation_1_n_Set_1" executed="True" success="True" time="0.005" asserts="6" />
                      <test-case name="Kistl.IntegrationTests.RelationTests.Relation_1_n_Set_n" executed="True" success="False" time="0.008" asserts="5">
                        <failure>
                          <message><![CDATA[  Expected: 1
  But was:  2
]]></message>
                          <stack-trace><![CDATA[bei Kistl.IntegrationTests.RelationTests.Relation_1_n_Set_n() in P:\Kistl\Tests\Kistl.IntegrationTests\Tests\RelationTests.cs:Zeile 59.
]]></stack-trace>
                        </failure>
                      </test-case>
                      <test-case name="Kistl.IntegrationTests.RelationTests.Relation_n_m_Set_m" executed="True" success="False" time="0.013" asserts="5">
                        <failure>
                          <message><![CDATA[  Expected: 1
  But was:  0
]]></message>
                          <stack-trace><![CDATA[bei Kistl.IntegrationTests.RelationTests.Relation_n_m_Set_m() in P:\Kistl\Tests\Kistl.IntegrationTests\Tests\RelationTests.cs:Zeile 103.
]]></stack-trace>
                        </failure>
                      </test-case>
                      <test-case name="Kistl.IntegrationTests.RelationTests.Relation_n_m_Set_n" executed="True" success="False" time="0.013" asserts="7">
                        <failure>
                          <message><![CDATA[  Expected: 1
  But was:  0
]]></message>
                          <stack-trace><![CDATA[bei Kistl.IntegrationTests.RelationTests.Relation_n_m_Set_n() in P:\Kistl\Tests\Kistl.IntegrationTests\Tests\RelationTests.cs:Zeile 83.
]]></stack-trace>
                        </failure>
                      </test-case>
                      <test-case name="Kistl.IntegrationTests.RelationTests.Sort_Relation_1_n" executed="True" success="False" time="1.270" asserts="0">
                        <failure>
                          <message><![CDATA[System.ServiceModel.FaultException : Die Methode oder der Vorgang sind nicht implementiert.]]></message>
                          <stack-trace><![CDATA[
Server stack trace:
bei System.ServiceModel.Channels.ServiceChannel.HandleReply(ProxyOperationRuntime operation, ProxyRpc& rpc)
bei System.ServiceModel.Channels.ServiceChannel.Call(String action, Boolean oneway, ProxyOperationRuntime operation, Object[] ins, Object[] outs, TimeSpan timeout)
bei System.ServiceModel.Channels.ServiceChannel.Call(String action, Boolean oneway, ProxyOperationRuntime operation, Object[] ins, Object[] outs)
bei System.ServiceModel.Channels.ServiceChannelProxy.InvokeService(IMethodCallMessage methodCall, ProxyOperationRuntime operation)
bei System.ServiceModel.Channels.ServiceChannelProxy.Invoke(IMessage message)

Exception rethrown at [0]:
bei System.Runtime.Remoting.Proxies.RealProxy.HandleReturnMessage(IMessage reqMsg, IMessage retMsg)
bei System.Runtime.Remoting.Proxies.RealProxy.PrivateInvoke(MessageData& msgData, Int32 type)
bei Kistl.API.Client.KistlServiceStreams.IKistlServiceStreams.SetObjects(MemoryStream msg)
bei Kistl.API.Client.KistlServiceStreams.KistlServiceStreamsClient.SetObjects(MemoryStream msg) in P:\Kistl\Kistl.API.Client\Service References\KistlServiceStreams\Reference.cs:Zeile 67.
bei Kistl.API.Client.ProxyImplementation.SetObjects(IEnumerable`1 objects) in P:\Kistl\Kistl.API.Client\Proxy.cs:Zeile 280.
bei Kistl.API.Client.KistlContextImpl.SubmitChanges() in P:\Kistl\Kistl.API.Client\LinqToKistl\KistlContext.cs:Zeile 404.
bei Kistl.IntegrationTests.RelationTests.Sort_Relation_1_n() in P:\Kistl\Tests\Kistl.IntegrationTests\Tests\RelationTests.cs:Zeile 436.
]]></stack-trace>
                        </failure>
                      </test-case>
                      <test-case name="Kistl.IntegrationTests.RelationTests.Sort_Relation_n_m_m" executed="False">
                        <reason>
                          <message><![CDATA[Case: 669, Fix with new CodeGenerator]]></message>
                        </reason>
                      </test-case>
                      <test-case name="Kistl.IntegrationTests.RelationTests.Sort_Relation_n_m_n" executed="True" success="False" time="2.403" asserts="0">
                        <failure>
                          <message><![CDATA[System.ServiceModel.FaultException : Cannot insert the value NULL into column 'fk_Projekt', table 'kistl.dbo.Projekte_MitarbeiterCollection'; column does not allow nulls. INSERT fails.
The statement has been terminated.]]></message>
                          <stack-trace><![CDATA[
Server stack trace:
bei System.ServiceModel.Channels.ServiceChannel.HandleReply(ProxyOperationRuntime operation, ProxyRpc& rpc)
bei System.ServiceModel.Channels.ServiceChannel.Call(String action, Boolean oneway, ProxyOperationRuntime operation, Object[] ins, Object[] outs, TimeSpan timeout)
bei System.ServiceModel.Channels.ServiceChannel.Call(String action, Boolean oneway, ProxyOperationRuntime operation, Object[] ins, Object[] outs)
bei System.ServiceModel.Channels.ServiceChannelProxy.InvokeService(IMethodCallMessage methodCall, ProxyOperationRuntime operation)
bei System.ServiceModel.Channels.ServiceChannelProxy.Invoke(IMessage message)

Exception rethrown at [0]:
bei System.Runtime.Remoting.Proxies.RealProxy.HandleReturnMessage(IMessage reqMsg, IMessage retMsg)
bei System.Runtime.Remoting.Proxies.RealProxy.PrivateInvoke(MessageData& msgData, Int32 type)
bei Kistl.API.Client.KistlServiceStreams.IKistlServiceStreams.SetObjects(MemoryStream msg)
bei Kistl.API.Client.KistlServiceStreams.KistlServiceStreamsClient.SetObjects(MemoryStream msg) in P:\Kistl\Kistl.API.Client\Service References\KistlServiceStreams\Reference.cs:Zeile 67.
bei Kistl.API.Client.ProxyImplementation.SetObjects(IEnumerable`1 objects) in P:\Kistl\Kistl.API.Client\Proxy.cs:Zeile 280.
bei Kistl.API.Client.KistlContextImpl.SubmitChanges() in P:\Kistl\Kistl.API.Client\LinqToKistl\KistlContext.cs:Zeile 404.
bei Kistl.IntegrationTests.RelationTests.Sort_Relation_n_m_n() in P:\Kistl\Tests\Kistl.IntegrationTests\Tests\RelationTests.cs:Zeile 471.
]]></stack-trace>
                        </failure>
                      </test-case>
                    </results>
                  </test-suite>
                  <test-suite name="StructTests" executed="True" success="False" time="0.464" asserts="0">
                    <results>
                      <test-case name="Kistl.IntegrationTests.StructTests.ChangeObjectWithStruct" executed="True" success="False" time="0.186" asserts="1">
                        <failure>
                          <message><![CDATA[  Expected: not null
  But was:  null
]]></message>
                          <stack-trace><![CDATA[bei Kistl.IntegrationTests.StructTests.ChangeObjectWithStruct() in P:\Kistl\Tests\Kistl.IntegrationTests\Tests\StructTests.cs:Zeile 132.
]]></stack-trace>
                        </failure>
                      </test-case>
                      <test-case name="Kistl.IntegrationTests.StructTests.CreateObjectWithStruct" executed="True" success="False" time="0.056" asserts="2">
                        <failure>
                          <message><![CDATA[System.ServiceModel.FaultException : NULL-Wert für Element, für das keine NULL-Werte zulässig sind. Element: 'PhoneNumberMobile__Implementation__'.]]></message>
                          <stack-trace><![CDATA[
Server stack trace:
bei System.ServiceModel.Channels.ServiceChannel.HandleReply(ProxyOperationRuntime operation, ProxyRpc& rpc)
bei System.ServiceModel.Channels.ServiceChannel.Call(String action, Boolean oneway, ProxyOperationRuntime operation, Object[] ins, Object[] outs, TimeSpan timeout)
bei System.ServiceModel.Channels.ServiceChannel.Call(String action, Boolean oneway, ProxyOperationRuntime operation, Object[] ins, Object[] outs)
bei System.ServiceModel.Channels.ServiceChannelProxy.InvokeService(IMethodCallMessage methodCall, ProxyOperationRuntime operation)
bei System.ServiceModel.Channels.ServiceChannelProxy.Invoke(IMessage message)

Exception rethrown at [0]:
bei System.Runtime.Remoting.Proxies.RealProxy.HandleReturnMessage(IMessage reqMsg, IMessage retMsg)
bei System.Runtime.Remoting.Proxies.RealProxy.PrivateInvoke(MessageData& msgData, Int32 type)
bei Kistl.API.Client.KistlServiceStreams.IKistlServiceStreams.SetObjects(MemoryStream msg)
bei Kistl.API.Client.KistlServiceStreams.KistlServiceStreamsClient.SetObjects(MemoryStream msg) in P:\Kistl\Kistl.API.Client\Service References\KistlServiceStreams\Reference.cs:Zeile 67.
bei Kistl.API.Client.ProxyImplementation.SetObjects(IEnumerable`1 objects) in P:\Kistl\Kistl.API.Client\Proxy.cs:Zeile 280.
bei Kistl.API.Client.KistlContextImpl.SubmitChanges() in P:\Kistl\Kistl.API.Client\LinqToKistl\KistlContext.cs:Zeile 404.
bei Kistl.IntegrationTests.StructTests.CreateObjectWithStruct() in P:\Kistl\Tests\Kistl.IntegrationTests\Tests\StructTests.cs:Zeile 48.
]]></stack-trace>
                        </failure>
                      </test-case>
                      <test-case name="Kistl.IntegrationTests.StructTests.GetObjectWithStruct" executed="True" success="True" time="0.169" asserts="32" />
                      <test-case name="Kistl.IntegrationTests.StructTests.SaveObjectWithStruct" executed="True" success="False" time="0.036" asserts="1">
                        <failure>
                          <message><![CDATA[  Expected: 1
  But was:  0
]]></message>
                          <stack-trace><![CDATA[bei Kistl.IntegrationTests.StructTests.SaveObjectWithStruct() in P:\Kistl\Tests\Kistl.IntegrationTests\Tests\StructTests.cs:Zeile 96.
]]></stack-trace>
                        </failure>
                      </test-case>
                      <test-case name="Kistl.IntegrationTests.StructTests.SetStructNull" executed="False">
                        <reason>
                          <message><![CDATA[Nicht fertig besprochen]]></message>
                        </reason>
                      </test-case>
                    </results>
                  </test-suite>
                </results>
              </test-suite>
            </results>
          </test-suite>
        </results>
      </test-suite>
    </results>
  </test-suite>
</test-results>