<?xml version="1.0" encoding="utf-8" standalone="no"?>
<!--This file represents the results of running a test suite-->
<test-results name="P:\Kistl\Tests\Kistl.IntegrationTests\Kistl.IntegrationTests.nunit" total="93" errors="0" failures="93" not-run="0" inconclusive="0" ignored="0" skipped="0" invalid="0" date="2010-01-16" time="16:20:25">
  <environment nunit-version="2.5.2.9222" clr-version="2.0.50727.4200" os-version="Microsoft Windows NT 6.0.6002 Service Pack 2" platform="Win32NT" cwd="P:\Kistl\Tests\Kistl.IntegrationTests" machine-name="DAVID-NB" user="david" user-domain="DASZ" />
  <culture-info current-culture="de-AT" current-uiculture="en-US" />
  <test-suite name="P:\Kistl\Tests\Kistl.IntegrationTests\Kistl.IntegrationTests.nunit" executed="True" success="False" time="61.724" asserts="0">
    <results>
      <test-suite name="P:\Kistl\Tests\Kistl.IntegrationTests\bin\Debug\Kistl.IntegrationTests.dll" executed="True" success="False" time="61.720" asserts="0">
        <results>
          <test-suite name="Kistl" executed="True" success="False" time="61.720" asserts="0">
            <results>
              <test-suite name="IntegrationTests" executed="True" success="False" time="61.719" asserts="0">
                <failure>
                  <message><![CDATA[System.Runtime.Serialization.SerializationException : Type 'Kistl.Server.Service.ServerManager' in assembly 'Kistl.Server.Service, Version=1.0.0.0, Culture=neutral, PublicKeyToken=null' is not marked as serializable.]]></message>
                  <stack-trace><![CDATA[at System.AppDomain.CreateInstanceAndUnwrap(String assemblyName, String typeName)
at Kistl.Client.ServerDomainManager.Start(KistlConfig config) in P:\Kistl\Kistl.Client\ServerDomainManager.cs:line 47
at Kistl.IntegrationTests.SetUp.Init() in P:\Kistl\Tests\Kistl.IntegrationTests\SetUp.cs:line 48
]]></stack-trace>
                </failure>
                <results>
                  <test-case name="Kistl.IntegrationTests.GetListTests.GetList" executed="True" success="False" time="0.000" asserts="0">
                    <failure>
                      <message><![CDATA[TestFixtureSetUp failed in SetUp]]></message>
                      <stack-trace />
                    </failure>
                  </test-case>
                  <test-case name="Kistl.IntegrationTests.GetListTests.GetList_GetObject" executed="True" success="False" time="0.000" asserts="0">
                    <failure>
                      <message><![CDATA[TestFixtureSetUp failed in SetUp]]></message>
                      <stack-trace />
                    </failure>
                  </test-case>
                  <test-case name="Kistl.IntegrationTests.GetListTests.GetList_Twice" executed="True" success="False" time="0.000" asserts="0">
                    <failure>
                      <message><![CDATA[TestFixtureSetUp failed in SetUp]]></message>
                      <stack-trace />
                    </failure>
                  </test-case>
                  <test-case name="Kistl.IntegrationTests.GetListTests.GetListByTypeWithOrderBy" executed="True" success="False" time="0.000" asserts="0">
                    <failure>
                      <message><![CDATA[TestFixtureSetUp failed in SetUp]]></message>
                      <stack-trace />
                    </failure>
                  </test-case>
                  <test-case name="Kistl.IntegrationTests.GetListTests.GetListFirst" executed="True" success="False" time="0.000" asserts="0">
                    <failure>
                      <message><![CDATA[TestFixtureSetUp failed in SetUp]]></message>
                      <stack-trace />
                    </failure>
                  </test-case>
                  <test-case name="Kistl.IntegrationTests.GetListTests.GetListSingle" executed="True" success="False" time="0.000" asserts="0">
                    <failure>
                      <message><![CDATA[TestFixtureSetUp failed in SetUp]]></message>
                      <stack-trace />
                    </failure>
                  </test-case>
                  <test-case name="Kistl.IntegrationTests.GetListTests.GetListWithEnum" executed="True" success="False" time="0.000" asserts="0">
                    <failure>
                      <message><![CDATA[TestFixtureSetUp failed in SetUp]]></message>
                      <stack-trace />
                    </failure>
                  </test-case>
                  <test-case name="Kistl.IntegrationTests.GetListTests.GetListWithFirst" executed="True" success="False" time="0.000" asserts="0">
                    <failure>
                      <message><![CDATA[TestFixtureSetUp failed in SetUp]]></message>
                      <stack-trace />
                    </failure>
                  </test-case>
                  <test-case name="Kistl.IntegrationTests.GetListTests.GetListWithObjectFilter" executed="True" success="False" time="0.000" asserts="0">
                    <failure>
                      <message><![CDATA[TestFixtureSetUp failed in SetUp]]></message>
                      <stack-trace />
                    </failure>
                  </test-case>
                  <test-case name="Kistl.IntegrationTests.GetListTests.GetListWithOrderBy" executed="True" success="False" time="0.000" asserts="0">
                    <failure>
                      <message><![CDATA[TestFixtureSetUp failed in SetUp]]></message>
                      <stack-trace />
                    </failure>
                  </test-case>
                  <test-case name="Kistl.IntegrationTests.GetListTests.GetListWithOrderByAndWhere" executed="True" success="False" time="0.000" asserts="0">
                    <failure>
                      <message><![CDATA[TestFixtureSetUp failed in SetUp]]></message>
                      <stack-trace />
                    </failure>
                  </test-case>
                  <test-case name="Kistl.IntegrationTests.GetListTests.GetListWithOrderByThenOrderBy" executed="True" success="False" time="0.000" asserts="0">
                    <failure>
                      <message><![CDATA[TestFixtureSetUp failed in SetUp]]></message>
                      <stack-trace />
                    </failure>
                  </test-case>
                  <test-case name="Kistl.IntegrationTests.GetListTests.GetListWithParameterIllegal" executed="True" success="False" time="0.000" asserts="0">
                    <failure>
                      <message><![CDATA[TestFixtureSetUp failed in SetUp]]></message>
                      <stack-trace />
                    </failure>
                  </test-case>
                  <test-case name="Kistl.IntegrationTests.GetListTests.GetListWithParameterLegal" executed="True" success="False" time="0.000" asserts="0">
                    <failure>
                      <message><![CDATA[TestFixtureSetUp failed in SetUp]]></message>
                      <stack-trace />
                    </failure>
                  </test-case>
                  <test-case name="Kistl.IntegrationTests.GetListTests.GetListWithProjection" executed="True" success="False" time="0.000" asserts="0">
                    <failure>
                      <message><![CDATA[TestFixtureSetUp failed in SetUp]]></message>
                      <stack-trace />
                    </failure>
                  </test-case>
                  <test-case name="Kistl.IntegrationTests.GetListTests.GetListWithPropertyAccessor" executed="True" success="False" time="0.000" asserts="0">
                    <failure>
                      <message><![CDATA[TestFixtureSetUp failed in SetUp]]></message>
                      <stack-trace />
                    </failure>
                  </test-case>
                  <test-case name="Kistl.IntegrationTests.GetListTests.GetListWithPropertyObjectAccessor" executed="True" success="False" time="0.000" asserts="0">
                    <failure>
                      <message><![CDATA[TestFixtureSetUp failed in SetUp]]></message>
                      <stack-trace />
                    </failure>
                  </test-case>
                  <test-case name="Kistl.IntegrationTests.GetListTests.GetListWithSingle" executed="True" success="False" time="0.000" asserts="0">
                    <failure>
                      <message><![CDATA[TestFixtureSetUp failed in SetUp]]></message>
                      <stack-trace />
                    </failure>
                  </test-case>
                  <test-case name="Kistl.IntegrationTests.GetListTests.GetListWithTake" executed="True" success="False" time="0.000" asserts="0">
                    <failure>
                      <message><![CDATA[TestFixtureSetUp failed in SetUp]]></message>
                      <stack-trace />
                    </failure>
                  </test-case>
                  <test-case name="Kistl.IntegrationTests.GetListTests.GetListWithTakeAndWhere" executed="True" success="False" time="0.000" asserts="0">
                    <failure>
                      <message><![CDATA[TestFixtureSetUp failed in SetUp]]></message>
                      <stack-trace />
                    </failure>
                  </test-case>
                  <test-case name="Kistl.IntegrationTests.GetListTests.GetObject_GetList" executed="True" success="False" time="0.000" asserts="0">
                    <failure>
                      <message><![CDATA[TestFixtureSetUp failed in SetUp]]></message>
                      <stack-trace />
                    </failure>
                  </test-case>
                  <test-suite name="GetListTests" executed="True" success="False" time="0.000" asserts="0" />
                  <test-case name="Kistl.IntegrationTests.InheritanceTests.GetListOfInheritedObjects" executed="True" success="False" time="0.000" asserts="0">
                    <failure>
                      <message><![CDATA[TestFixtureSetUp failed in SetUp]]></message>
                      <stack-trace />
                    </failure>
                  </test-case>
                  <test-case name="Kistl.IntegrationTests.InheritanceTests.UpdateInheritedObject" executed="True" success="False" time="0.000" asserts="0">
                    <failure>
                      <message><![CDATA[TestFixtureSetUp failed in SetUp]]></message>
                      <stack-trace />
                    </failure>
                  </test-case>
                  <test-suite name="InheritanceTests" executed="True" success="False" time="0.000" asserts="0" />
                  <test-case name="Kistl.IntegrationTests.ListPropertiesTests.AddStringListPropertyContent" executed="True" success="False" time="0.000" asserts="0">
                    <failure>
                      <message><![CDATA[TestFixtureSetUp failed in SetUp]]></message>
                      <stack-trace />
                    </failure>
                  </test-case>
                  <test-case name="Kistl.IntegrationTests.ListPropertiesTests.DeleteStringListPropertyContent" executed="True" success="False" time="0.000" asserts="0">
                    <failure>
                      <message><![CDATA[TestFixtureSetUp failed in SetUp]]></message>
                      <stack-trace />
                    </failure>
                  </test-case>
                  <test-case name="Kistl.IntegrationTests.ListPropertiesTests.list_and_query_should_yield_consistent_results" executed="True" success="False" time="0.000" asserts="0">
                    <failure>
                      <message><![CDATA[TestFixtureSetUp failed in SetUp]]></message>
                      <stack-trace />
                    </failure>
                  </test-case>
                  <test-case name="Kistl.IntegrationTests.ListPropertiesTests.list_should_be_sorted_correctly" executed="True" success="False" time="0.000" asserts="0">
                    <failure>
                      <message><![CDATA[TestFixtureSetUp failed in SetUp]]></message>
                      <stack-trace />
                    </failure>
                  </test-case>
                  <test-case name="Kistl.IntegrationTests.ListPropertiesTests.navigating_a_fk_list_property_should_yield_related_objects" executed="True" success="False" time="0.000" asserts="0">
                    <failure>
                      <message><![CDATA[TestFixtureSetUp failed in SetUp]]></message>
                      <stack-trace />
                    </failure>
                  </test-case>
                  <test-case name="Kistl.IntegrationTests.ListPropertiesTests.navigating_a_nm_list_property_should_yield_related_objects" executed="True" success="False" time="0.000" asserts="0">
                    <failure>
                      <message><![CDATA[TestFixtureSetUp failed in SetUp]]></message>
                      <stack-trace />
                    </failure>
                  </test-case>
                  <test-case name="Kistl.IntegrationTests.ListPropertiesTests.object_lists_should_have_elements" executed="True" success="False" time="0.000" asserts="0">
                    <failure>
                      <message><![CDATA[TestFixtureSetUp failed in SetUp]]></message>
                      <stack-trace />
                    </failure>
                  </test-case>
                  <test-case name="Kistl.IntegrationTests.ListPropertiesTests.retrieving_a_fk_list_twice_should_yield_same_list" executed="True" success="False" time="0.000" asserts="0">
                    <failure>
                      <message><![CDATA[TestFixtureSetUp failed in SetUp]]></message>
                      <stack-trace />
                    </failure>
                  </test-case>
                  <test-case name="Kistl.IntegrationTests.ListPropertiesTests.retrieving_a_nm_list_twice_should_yield_same_list" executed="True" success="False" time="0.000" asserts="0">
                    <failure>
                      <message><![CDATA[TestFixtureSetUp failed in SetUp]]></message>
                      <stack-trace />
                    </failure>
                  </test-case>
                  <test-case name="Kistl.IntegrationTests.ListPropertiesTests.UpdateStringListPropertyContent" executed="True" success="False" time="0.000" asserts="0">
                    <failure>
                      <message><![CDATA[TestFixtureSetUp failed in SetUp]]></message>
                      <stack-trace />
                    </failure>
                  </test-case>
                  <test-case name="Kistl.IntegrationTests.ListPropertiesTests.value_lists_should_have_elements" executed="True" success="False" time="0.000" asserts="0">
                    <failure>
                      <message><![CDATA[TestFixtureSetUp failed in SetUp]]></message>
                      <stack-trace />
                    </failure>
                  </test-case>
                  <test-suite name="ListPropertiesTests" executed="True" success="False" time="0.000" asserts="0" />
                  <test-case name="Kistl.IntegrationTests.N_to_M_relations.should_synchronize.init_correct" executed="True" success="False" time="0.000" asserts="0">
                    <failure>
                      <message><![CDATA[TestFixtureSetUp failed in SetUp]]></message>
                      <stack-trace />
                    </failure>
                  </test-case>
                  <test-case name="Kistl.IntegrationTests.N_to_M_relations.should_synchronize.when_setting_both_sides_matrix" executed="True" success="False" time="0.000" asserts="0">
                    <failure>
                      <message><![CDATA[TestFixtureSetUp failed in SetUp]]></message>
                      <stack-trace />
                    </failure>
                  </test-case>
                  <test-case name="Kistl.IntegrationTests.N_to_M_relations.should_synchronize.when_setting_both_sides_one_item" executed="True" success="False" time="0.000" asserts="0">
                    <failure>
                      <message><![CDATA[TestFixtureSetUp failed in SetUp]]></message>
                      <stack-trace />
                    </failure>
                  </test-case>
                  <test-case name="Kistl.IntegrationTests.N_to_M_relations.should_synchronize.when_setting_both_sides_two_items" executed="True" success="False" time="0.000" asserts="0">
                    <failure>
                      <message><![CDATA[TestFixtureSetUp failed in SetUp]]></message>
                      <stack-trace />
                    </failure>
                  </test-case>
                  <test-case name="Kistl.IntegrationTests.N_to_M_relations.should_synchronize.when_setting_M_side_matrix" executed="True" success="False" time="0.000" asserts="0">
                    <failure>
                      <message><![CDATA[TestFixtureSetUp failed in SetUp]]></message>
                      <stack-trace />
                    </failure>
                  </test-case>
                  <test-case name="Kistl.IntegrationTests.N_to_M_relations.should_synchronize.when_setting_M_side_one_item" executed="True" success="False" time="0.000" asserts="0">
                    <failure>
                      <message><![CDATA[TestFixtureSetUp failed in SetUp]]></message>
                      <stack-trace />
                    </failure>
                  </test-case>
                  <test-case name="Kistl.IntegrationTests.N_to_M_relations.should_synchronize.when_setting_M_side_two_items" executed="True" success="False" time="0.000" asserts="0">
                    <failure>
                      <message><![CDATA[TestFixtureSetUp failed in SetUp]]></message>
                      <stack-trace />
                    </failure>
                  </test-case>
                  <test-case name="Kistl.IntegrationTests.N_to_M_relations.should_synchronize.when_setting_N_side_matrix" executed="True" success="False" time="0.000" asserts="0">
                    <failure>
                      <message><![CDATA[TestFixtureSetUp failed in SetUp]]></message>
                      <stack-trace />
                    </failure>
                  </test-case>
                  <test-case name="Kistl.IntegrationTests.N_to_M_relations.should_synchronize.when_setting_N_side_one_item" executed="True" success="False" time="0.000" asserts="0">
                    <failure>
                      <message><![CDATA[TestFixtureSetUp failed in SetUp]]></message>
                      <stack-trace />
                    </failure>
                  </test-case>
                  <test-case name="Kistl.IntegrationTests.N_to_M_relations.should_synchronize.when_setting_N_side_two_items" executed="True" success="False" time="0.000" asserts="0">
                    <failure>
                      <message><![CDATA[TestFixtureSetUp failed in SetUp]]></message>
                      <stack-trace />
                    </failure>
                  </test-case>
                  <test-suite name="should_synchronize" executed="True" success="False" time="0.000" asserts="0" />
                  <test-suite name="N_to_M_relations" executed="True" success="False" time="0.000" asserts="0" />
                  <test-case name="Kistl.IntegrationTests.ObjectTests.GetListOf" executed="True" success="False" time="0.000" asserts="0">
                    <failure>
                      <message><![CDATA[TestFixtureSetUp failed in SetUp]]></message>
                      <stack-trace />
                    </failure>
                  </test-case>
                  <test-case name="Kistl.IntegrationTests.ObjectTests.GetObject" executed="True" success="False" time="0.000" asserts="0">
                    <failure>
                      <message><![CDATA[TestFixtureSetUp failed in SetUp]]></message>
                      <stack-trace />
                    </failure>
                  </test-case>
                  <test-case name="Kistl.IntegrationTests.ObjectTests.GetObject_Twice" executed="True" success="False" time="0.000" asserts="0">
                    <failure>
                      <message><![CDATA[TestFixtureSetUp failed in SetUp]]></message>
                      <stack-trace />
                    </failure>
                  </test-case>
                  <test-case name="Kistl.IntegrationTests.ObjectTests.NewObject" executed="True" success="False" time="0.000" asserts="0">
                    <failure>
                      <message><![CDATA[TestFixtureSetUp failed in SetUp]]></message>
                      <stack-trace />
                    </failure>
                  </test-case>
                  <test-case name="Kistl.IntegrationTests.ObjectTests.SetObject" executed="True" success="False" time="0.000" asserts="0">
                    <failure>
                      <message><![CDATA[TestFixtureSetUp failed in SetUp]]></message>
                      <stack-trace />
                    </failure>
                  </test-case>
                  <test-suite name="ObjectTests" executed="True" success="False" time="0.000" asserts="0" />
                  <test-case name="Kistl.IntegrationTests.one_to_N_relations.should_obey_order.when_ordering_items" executed="True" success="False" time="0.000" asserts="0">
                    <failure>
                      <message><![CDATA[TestFixtureSetUp failed in SetUp]]></message>
                      <stack-trace />
                    </failure>
                  </test-case>
                  <test-suite name="should_obey_order" executed="True" success="False" time="0.000" asserts="0" />
                  <test-case name="Kistl.IntegrationTests.one_to_N_relations.should_synchronize.init_correct" executed="True" success="False" time="0.000" asserts="0">
                    <failure>
                      <message><![CDATA[TestFixtureSetUp failed in SetUp]]></message>
                      <stack-trace />
                    </failure>
                  </test-case>
                  <test-case name="Kistl.IntegrationTests.one_to_N_relations.should_synchronize.when_resetting_1_side" executed="True" success="False" time="0.000" asserts="0">
                    <failure>
                      <message><![CDATA[TestFixtureSetUp failed in SetUp]]></message>
                      <stack-trace />
                    </failure>
                  </test-case>
                  <test-case name="Kistl.IntegrationTests.one_to_N_relations.should_synchronize.when_setting_1_side" executed="True" success="False" time="0.000" asserts="0">
                    <failure>
                      <message><![CDATA[TestFixtureSetUp failed in SetUp]]></message>
                      <stack-trace />
                    </failure>
                  </test-case>
                  <test-case name="Kistl.IntegrationTests.one_to_N_relations.should_synchronize.when_setting_N_side" executed="True" success="False" time="0.000" asserts="0">
                    <failure>
                      <message><![CDATA[TestFixtureSetUp failed in SetUp]]></message>
                      <stack-trace />
                    </failure>
                  </test-case>
                  <test-case name="Kistl.IntegrationTests.one_to_N_relations.should_synchronize.when_setting_N_side_via_index" executed="True" success="False" time="0.000" asserts="0">
                    <failure>
                      <message><![CDATA[TestFixtureSetUp failed in SetUp]]></message>
                      <stack-trace />
                    </failure>
                  </test-case>
                  <test-case name="Kistl.IntegrationTests.one_to_N_relations.should_synchronize.when_setting_N_side_with_clear" executed="True" success="False" time="0.000" asserts="0">
                    <failure>
                      <message><![CDATA[TestFixtureSetUp failed in SetUp]]></message>
                      <stack-trace />
                    </failure>
                  </test-case>
                  <test-case name="Kistl.IntegrationTests.one_to_N_relations.should_synchronize.when_setting_N_side_with_remove" executed="True" success="False" time="0.000" asserts="0">
                    <failure>
                      <message><![CDATA[TestFixtureSetUp failed in SetUp]]></message>
                      <stack-trace />
                    </failure>
                  </test-case>
                  <test-suite name="should_synchronize" executed="True" success="False" time="0.000" asserts="0" />
                  <test-suite name="one_to_N_relations" executed="True" success="False" time="0.000" asserts="0" />
                  <test-case name="Kistl.IntegrationTests.PersistenceObjects.when_changed.should_be_modified" executed="True" success="False" time="0.000" asserts="0">
                    <failure>
                      <message><![CDATA[TestFixtureSetUp failed in SetUp]]></message>
                      <stack-trace />
                    </failure>
                  </test-case>
                  <test-suite name="when_changed" executed="True" success="False" time="0.000" asserts="0" />
                  <test-case name="Kistl.IntegrationTests.PersistenceObjects.when_loaded.should_be_attached" executed="True" success="False" time="0.000" asserts="0">
                    <failure>
                      <message><![CDATA[TestFixtureSetUp failed in SetUp]]></message>
                      <stack-trace />
                    </failure>
                  </test-case>
                  <test-case name="Kistl.IntegrationTests.PersistenceObjects.when_loaded.should_be_unmodified" executed="True" success="False" time="0.000" asserts="0">
                    <failure>
                      <message><![CDATA[TestFixtureSetUp failed in SetUp]]></message>
                      <stack-trace />
                    </failure>
                  </test-case>
                  <test-suite name="when_loaded" executed="True" success="False" time="0.000" asserts="0" />
                  <test-suite name="PersistenceObjects" executed="True" success="False" time="0.000" asserts="0" />
                  <test-case name="Kistl.IntegrationTests.Presentables.ObjectReferenceModels.should_present_underlying_property_as_value.when_displaying_a_value" executed="True" success="False" time="0.000" asserts="0">
                    <failure>
                      <message><![CDATA[TestFixtureSetUp failed in SetUp]]></message>
                      <stack-trace />
                    </failure>
                  </test-case>
                  <test-suite name="should_present_underlying_property_as_value" executed="True" success="False" time="0.000" asserts="0" />
                  <test-suite name="ObjectReferenceModels" executed="True" success="False" time="0.000" asserts="0" />
                  <test-suite name="Presentables" executed="True" success="False" time="0.000" asserts="0" />
                  <test-case name="Kistl.IntegrationTests.RelationDefinitionTests.CalculateParent" executed="True" success="False" time="0.000" asserts="0">
                    <failure>
                      <message><![CDATA[TestFixtureSetUp failed in SetUp]]></message>
                      <stack-trace />
                    </failure>
                  </test-case>
                  <test-suite name="RelationDefinitionTests" executed="True" success="False" time="0.000" asserts="0" />
                  <test-case name="Kistl.IntegrationTests.RelationTests.Change_Relation_n_m_Set_m_By_Index" executed="True" success="False" time="0.000" asserts="0">
                    <failure>
                      <message><![CDATA[TestFixtureSetUp failed in SetUp]]></message>
                      <stack-trace />
                    </failure>
                  </test-case>
                  <test-case name="Kistl.IntegrationTests.RelationTests.Change_Relation_n_m_Set_m_With_Clear" executed="True" success="False" time="0.000" asserts="0">
                    <failure>
                      <message><![CDATA[TestFixtureSetUp failed in SetUp]]></message>
                      <stack-trace />
                    </failure>
                  </test-case>
                  <test-case name="Kistl.IntegrationTests.RelationTests.Change_Relation_n_m_Set_m_With_Remove" executed="True" success="False" time="0.000" asserts="0">
                    <failure>
                      <message><![CDATA[TestFixtureSetUp failed in SetUp]]></message>
                      <stack-trace />
                    </failure>
                  </test-case>
                  <test-case name="Kistl.IntegrationTests.RelationTests.Change_Relation_n_m_Set_n_By_Index" executed="True" success="False" time="0.000" asserts="0">
                    <failure>
                      <message><![CDATA[TestFixtureSetUp failed in SetUp]]></message>
                      <stack-trace />
                    </failure>
                  </test-case>
                  <test-case name="Kistl.IntegrationTests.RelationTests.Change_Relation_n_m_Set_n_With_Clear" executed="True" success="False" time="0.000" asserts="0">
                    <failure>
                      <message><![CDATA[TestFixtureSetUp failed in SetUp]]></message>
                      <stack-trace />
                    </failure>
                  </test-case>
                  <test-case name="Kistl.IntegrationTests.RelationTests.Change_Relation_n_m_Set_n_With_Remove" executed="True" success="False" time="0.000" asserts="0">
                    <failure>
                      <message><![CDATA[TestFixtureSetUp failed in SetUp]]></message>
                      <stack-trace />
                    </failure>
                  </test-case>
                  <test-case name="Kistl.IntegrationTests.RelationTests.Relation_1_1_Set_Left" executed="True" success="False" time="0.000" asserts="0">
                    <failure>
                      <message><![CDATA[TestFixtureSetUp failed in SetUp]]></message>
                      <stack-trace />
                    </failure>
                  </test-case>
                  <test-case name="Kistl.IntegrationTests.RelationTests.Relation_1_1_Set_Right" executed="True" success="False" time="0.000" asserts="0">
                    <failure>
                      <message><![CDATA[TestFixtureSetUp failed in SetUp]]></message>
                      <stack-trace />
                    </failure>
                  </test-case>
                  <test-case name="Kistl.IntegrationTests.RelationTests.Sort_Relation_n_m_m" executed="True" success="False" time="0.000" asserts="0">
                    <failure>
                      <message><![CDATA[TestFixtureSetUp failed in SetUp]]></message>
                      <stack-trace />
                    </failure>
                  </test-case>
                  <test-case name="Kistl.IntegrationTests.RelationTests.Sort_Relation_n_m_n" executed="True" success="False" time="0.000" asserts="0">
                    <failure>
                      <message><![CDATA[TestFixtureSetUp failed in SetUp]]></message>
                      <stack-trace />
                    </failure>
                  </test-case>
                  <test-suite name="RelationTests" executed="True" success="False" time="0.000" asserts="0" />
                  <test-case name="Kistl.IntegrationTests.Structs.when_changing_a_struct_member.should_commit_changes" executed="True" success="False" time="0.000" asserts="0">
                    <failure>
                      <message><![CDATA[TestFixtureSetUp failed in SetUp]]></message>
                      <stack-trace />
                    </failure>
                  </test-case>
                  <test-case name="Kistl.IntegrationTests.Structs.when_changing_a_struct_member.should_notify_parent" executed="True" success="False" time="0.000" asserts="0">
                    <failure>
                      <message><![CDATA[TestFixtureSetUp failed in SetUp]]></message>
                      <stack-trace />
                    </failure>
                  </test-case>
                  <test-case name="Kistl.IntegrationTests.Structs.when_changing_a_struct_member.should_notify_self" executed="True" success="False" time="0.000" asserts="0">
                    <failure>
                      <message><![CDATA[TestFixtureSetUp failed in SetUp]]></message>
                      <stack-trace />
                    </failure>
                  </test-case>
                  <test-suite name="when_changing_a_struct_member" executed="True" success="False" time="0.000" asserts="0" />
                  <test-case name="Kistl.IntegrationTests.Structs.when_initialized.should_be_attached_to_their_parent" executed="True" success="False" time="0.000" asserts="0">
                    <failure>
                      <message><![CDATA[TestFixtureSetUp failed in SetUp]]></message>
                      <stack-trace />
                    </failure>
                  </test-case>
                  <test-case name="Kistl.IntegrationTests.Structs.when_initialized.should_exist" executed="True" success="False" time="0.000" asserts="0">
                    <failure>
                      <message><![CDATA[TestFixtureSetUp failed in SetUp]]></message>
                      <stack-trace />
                    </failure>
                  </test-case>
                  <test-case name="Kistl.IntegrationTests.Structs.when_initialized.should_have_right_property_name_set" executed="True" success="False" time="0.000" asserts="0">
                    <failure>
                      <message><![CDATA[TestFixtureSetUp failed in SetUp]]></message>
                      <stack-trace />
                    </failure>
                  </test-case>
                  <test-suite name="when_initialized" executed="True" success="False" time="0.000" asserts="0" />
                  <test-suite name="Structs" executed="True" success="False" time="0.000" asserts="0" />
                  <test-case name="Kistl.IntegrationTests.StructTests.GetObjectWithStruct" executed="True" success="False" time="0.000" asserts="0">
                    <failure>
                      <message><![CDATA[TestFixtureSetUp failed in SetUp]]></message>
                      <stack-trace />
                    </failure>
                  </test-case>
                  <test-case name="Kistl.IntegrationTests.StructTests.SaveObjectWithStruct(Load item from Context)" executed="True" success="False" time="0.000" asserts="0">
                    <failure>
                      <message><![CDATA[TestFixtureSetUp failed in SetUp]]></message>
                      <stack-trace />
                    </failure>
                  </test-case>
                  <test-case name="Kistl.IntegrationTests.StructTests.SaveObjectWithStruct(Create new item)" executed="True" success="False" time="0.000" asserts="0">
                    <failure>
                      <message><![CDATA[TestFixtureSetUp failed in SetUp]]></message>
                      <stack-trace />
                    </failure>
                  </test-case>
                  <test-suite name="SaveObjectWithStruct" executed="True" success="False" time="0.000" asserts="0" />
                  <test-suite name="StructTests" executed="True" success="False" time="0.000" asserts="0" />
                  <test-case name="Kistl.IntegrationTests.TypeRefs.should_convert_types_correctly.when_calling_ToFrozenRef_on_a_Type(System.Int32)" executed="True" success="False" time="0.000" asserts="0">
                    <failure>
                      <message><![CDATA[TestFixtureSetUp failed in SetUp]]></message>
                      <stack-trace />
                    </failure>
                  </test-case>
                  <test-case name="Kistl.IntegrationTests.TypeRefs.should_convert_types_correctly.when_calling_ToFrozenRef_on_a_Type(System.Nullable`1[System.Int32])" executed="True" success="False" time="0.000" asserts="0">
                    <failure>
                      <message><![CDATA[TestFixtureSetUp failed in SetUp]]></message>
                      <stack-trace />
                    </failure>
                  </test-case>
                  <test-case name="Kistl.IntegrationTests.TypeRefs.should_convert_types_correctly.when_calling_ToFrozenRef_on_a_Type(System.String)" executed="True" success="False" time="0.000" asserts="0">
                    <failure>
                      <message><![CDATA[TestFixtureSetUp failed in SetUp]]></message>
                      <stack-trace />
                    </failure>
                  </test-case>
                  <test-case name="Kistl.IntegrationTests.TypeRefs.should_convert_types_correctly.when_calling_ToFrozenRef_on_a_Type(System.Collections.Generic.ICollection`1[System.Int32])" executed="True" success="False" time="0.000" asserts="0">
                    <failure>
                      <message><![CDATA[TestFixtureSetUp failed in SetUp]]></message>
                      <stack-trace />
                    </failure>
                  </test-case>
                  <test-case name="Kistl.IntegrationTests.TypeRefs.should_convert_types_correctly.when_calling_ToFrozenRef_on_a_Type(System.Collections.Generic.ICollection`1[System.Nullable`1[System.Int32]])" executed="True" success="False" time="0.000" asserts="0">
                    <failure>
                      <message><![CDATA[TestFixtureSetUp failed in SetUp]]></message>
                      <stack-trace />
                    </failure>
                  </test-case>
                  <test-case name="Kistl.IntegrationTests.TypeRefs.should_convert_types_correctly.when_calling_ToFrozenRef_on_a_Type(System.Collections.Generic.ICollection`1[System.String])" executed="True" success="False" time="0.000" asserts="0">
                    <failure>
                      <message><![CDATA[TestFixtureSetUp failed in SetUp]]></message>
                      <stack-trace />
                    </failure>
                  </test-case>
                  <test-suite name="when_calling_ToFrozenRef_on_a_Type" executed="True" success="False" time="0.000" asserts="0" />
                  <test-case name="Kistl.IntegrationTests.TypeRefs.should_convert_types_correctly.when_calling_ToRef_on_a_Type(System.Int32)" executed="True" success="False" time="0.000" asserts="0">
                    <failure>
                      <message><![CDATA[TestFixtureSetUp failed in SetUp]]></message>
                      <stack-trace />
                    </failure>
                  </test-case>
                  <test-case name="Kistl.IntegrationTests.TypeRefs.should_convert_types_correctly.when_calling_ToRef_on_a_Type(System.Nullable`1[System.Int32])" executed="True" success="False" time="0.000" asserts="0">
                    <failure>
                      <message><![CDATA[TestFixtureSetUp failed in SetUp]]></message>
                      <stack-trace />
                    </failure>
                  </test-case>
                  <test-case name="Kistl.IntegrationTests.TypeRefs.should_convert_types_correctly.when_calling_ToRef_on_a_Type(System.String)" executed="True" success="False" time="0.000" asserts="0">
                    <failure>
                      <message><![CDATA[TestFixtureSetUp failed in SetUp]]></message>
                      <stack-trace />
                    </failure>
                  </test-case>
                  <test-case name="Kistl.IntegrationTests.TypeRefs.should_convert_types_correctly.when_calling_ToRef_on_a_Type(System.Collections.Generic.ICollection`1[System.Int32])" executed="True" success="False" time="0.000" asserts="0">
                    <failure>
                      <message><![CDATA[TestFixtureSetUp failed in SetUp]]></message>
                      <stack-trace />
                    </failure>
                  </test-case>
                  <test-case name="Kistl.IntegrationTests.TypeRefs.should_convert_types_correctly.when_calling_ToRef_on_a_Type(System.Collections.Generic.ICollection`1[System.Nullable`1[System.Int32]])" executed="True" success="False" time="0.000" asserts="0">
                    <failure>
                      <message><![CDATA[TestFixtureSetUp failed in SetUp]]></message>
                      <stack-trace />
                    </failure>
                  </test-case>
                  <test-case name="Kistl.IntegrationTests.TypeRefs.should_convert_types_correctly.when_calling_ToRef_on_a_Type(System.Collections.Generic.ICollection`1[System.String])" executed="True" success="False" time="0.000" asserts="0">
                    <failure>
                      <message><![CDATA[TestFixtureSetUp failed in SetUp]]></message>
                      <stack-trace />
                    </failure>
                  </test-case>
                  <test-suite name="when_calling_ToRef_on_a_Type" executed="True" success="False" time="0.000" asserts="0" />
                  <test-suite name="should_convert_types_correctly" executed="True" success="False" time="0.000" asserts="0" />
                  <test-suite name="TypeRefs" executed="True" success="False" time="0.000" asserts="0" />
                </results>
              </test-suite>
            </results>
          </test-suite>
        </results>
      </test-suite>
    </results>
  </test-suite>
</test-results>