<?xml version="1.0" encoding="utf-8" standalone="no"?>
<!--This file represents the results of running a test suite-->
<test-results name="P:\Kistl\Tests\Kistl.IntegrationTests\Kistl.IntegrationTests.nunit" total="1" errors="0" failures="0" not-run="0" ignored="0" skipped="0" invalid="0" date="2009-03-20" time="23:15:56">
  <environment nunit-version="2.5.0.9015" clr-version="2.0.50727.3074" os-version="Microsoft Windows NT 6.0.6001 Service Pack 1" platform="Win32NT" cwd="P:\Kistl\Tests\Kistl.IntegrationTests" machine-name="KISTL" user="david" user-domain="kistl" />
  <culture-info current-culture="de-AT" current-uiculture="de-DE" />
  <test-suite name="P:\Kistl\Tests\Kistl.IntegrationTests\Kistl.IntegrationTests.nunit" executed="True" success="True" time="18.819" asserts="0">
    <results>
      <test-suite name="P:\Kistl\Tests\Kistl.IntegrationTests\bin\Debug\Kistl.IntegrationTests.dll" executed="True" success="True" time="18.737" asserts="0">
        <results>
          <test-suite name="Kistl" executed="True" success="True" time="18.732" asserts="0">
            <results>
              <test-suite name="IntegrationTests" executed="True" success="True" time="18.731" asserts="0">
                <results>
                  <test-suite name="ListPropertiesTests" executed="True" success="True" time="4.722" asserts="0">
                    <results>
                      <test-case name="Kistl.IntegrationTests.ListPropertiesTests.DeleteStringListPropertyContent" executed="True" success="True" time="4.717" asserts="5" />
                    </results>
                  </test-suite>
                </results>
              </test-suite>
            </results>
          </test-suite>
        </results>
      </test-suite>
    </results>
  </test-suite>
</test-results>