<?xml version="1.0" encoding="utf-8" standalone="no"?>
<!--This file represents the results of running a test suite-->
<test-results name="P:\Kistl\Tests\Kistl.IntegrationTests\Kistl.IntegrationTests.nunit" total="1" errors="0" failures="1" not-run="0" inconclusive="0" ignored="0" skipped="0" invalid="0" date="2010-01-05" time="16:15:42">
  <environment nunit-version="2.5.2.9222" clr-version="2.0.50727.4200" os-version="Microsoft Windows NT 6.0.6002 Service Pack 2" platform="Win32NT" cwd="P:\Kistl\Tests\Kistl.IntegrationTests" machine-name="DAVID-NB" user="david" user-domain="DASZ" />
  <culture-info current-culture="de-AT" current-uiculture="en-US" />
  <test-suite name="P:\Kistl\Tests\Kistl.IntegrationTests\Kistl.IntegrationTests.nunit" executed="True" success="False" time="65.259" asserts="0">
    <results>
      <test-suite name="P:\Kistl\Tests\Kistl.IntegrationTests\bin\Debug\Kistl.IntegrationTests.dll" executed="True" success="False" time="65.255" asserts="0">
        <results>
          <test-suite name="Kistl" executed="True" success="False" time="65.254" asserts="0">
            <results>
              <test-suite name="IntegrationTests" executed="True" success="False" time="65.253" asserts="0">
                <results>
                  <test-suite name="RelationDefinitionTests" executed="True" success="False" time="22.293" asserts="1">
                    <results>
                      <test-case name="Kistl.IntegrationTests.RelationDefinitionTests.CalculateParent" executed="True" success="False" time="22.288" asserts="1">
                        <failure>
                          <message><![CDATA[  Expected: same as <Relation: PresentableModelDescriptor displayedInGridBy DefaultGridCellKind(ControlKind)>
  But was:  null
]]></message>
                          <stack-trace><![CDATA[at Kistl.IntegrationTests.RelationDefinitionTests.CalculateParent()
]]></stack-trace>
                        </failure>
                      </test-case>
                    </results>
                  </test-suite>
                </results>
              </test-suite>
            </results>
          </test-suite>
        </results>
      </test-suite>
    </results>
  </test-suite>
</test-results>