<?xml version="1.0" encoding="utf-8" standalone="no"?>
<!--This file represents the results of running a test suite-->
<test-results name="C:\Projekte\Kistl\Kistl.Tests\Integration.Tests\Kistl.IntegrationTests.nunit" total="8" failures="0" not-run="0" date="2008-04-14" time="14:31:33">
  <environment nunit-version="2.4.7.0" clr-version="2.0.50727.1433" os-version="Microsoft Windows NT 5.1.2600 Service Pack 2" platform="Win32NT" cwd="C:\Projekte\Kistl\Kistl.Tests\Integration.Tests" machine-name="MONEY" user="David" user-domain="MONEY" />
  <culture-info current-culture="de-AT" current-uiculture="de-DE" />
  <test-suite name="C:\Projekte\Kistl\Kistl.Tests\Integration.Tests\Kistl.IntegrationTests.nunit" success="True" time="66.219" asserts="0">
    <results>
      <test-suite name="C:\Projekte\Kistl\Kistl.Tests\Integration.Tests\bin\debug\..\Debug\Integration.Tests.dll" success="True" time="66.203" asserts="0">
        <results>
          <test-suite name="Integration" success="True" time="66.203" asserts="0">
            <results>
              <test-suite name="Tests" success="True" time="66.188" asserts="0">
                <results>
                  <test-suite name="Tests" success="True" time="7.484" asserts="0">
                    <results>
                      <test-suite name="GetListTests" success="True" time="4.359" asserts="0">
                        <results>
                          <test-case name="Integration.Tests.Tests.GetListTests.GetList" executed="True" success="True" time="1.109" asserts="1" />
                          <test-case name="Integration.Tests.Tests.GetListTests.GetListWithOrderBy" executed="True" success="True" time="1.406" asserts="1" />
                          <test-case name="Integration.Tests.Tests.GetListTests.GetListWithParameterIllegal" executed="True" success="True" time="0.656" asserts="0" />
                          <test-case name="Integration.Tests.Tests.GetListTests.GetListWithParameterLegal" executed="True" success="True" time="0.781" asserts="1" />
                          <test-case name="Integration.Tests.Tests.GetListTests.GetListWithTop10" executed="True" success="True" time="0.359" asserts="1" />
                        </results>
                      </test-suite>
                      <test-suite name="ObjectTests" success="True" time="3.125" asserts="0">
                        <results>
                          <test-case name="Integration.Tests.Tests.ObjectTests.GetObject" executed="True" success="True" time="0.016" asserts="1" />
                          <test-case name="Integration.Tests.Tests.ObjectTests.NewObject" executed="True" success="True" time="2.484" asserts="6" />
                          <test-case name="Integration.Tests.Tests.ObjectTests.SetObject" executed="True" success="True" time="0.625" asserts="3" />
                        </results>
                      </test-suite>
                    </results>
                  </test-suite>
                </results>
              </test-suite>
            </results>
          </test-suite>
        </results>
      </test-suite>
    </results>
  </test-suite>
</test-results>