<?xml version="1.0" encoding="utf-8" standalone="no"?>
<!--This file represents the results of running a test suite-->
<test-results name="D:\Programmierung\Kistl\Kistl.Tests\Integration.Tests\Kistl.IntegrationTests.nunit" total="8" failures="0" not-run="0" date="2008-04-11" time="18:29:57">
  <environment nunit-version="2.4.7.0" clr-version="2.0.50727.1434" os-version="Microsoft Windows NT 6.0.6001 Service Pack 1" platform="Win32NT" cwd="D:\Programmierung\Kistl\Kistl.Tests\Integration.Tests" machine-name="KISTL" user="Douglas" user-domain="KISTL" />
  <culture-info current-culture="de-AT" current-uiculture="en-US" />
  <test-suite name="D:\Programmierung\Kistl\Kistl.Tests\Integration.Tests\Kistl.IntegrationTests.nunit" success="True" time="27.860" asserts="0">
    <results>
      <test-suite name="D:\Programmierung\Kistl\Kistl.Tests\Integration.Tests\bin\debug\..\Debug\Integration.Tests.dll" success="True" time="27.853" asserts="0">
        <results>
          <test-suite name="Integration" success="True" time="27.850" asserts="0">
            <results>
              <test-suite name="Tests" success="True" time="27.849" asserts="0">
                <results>
                  <test-suite name="Tests" success="True" time="27.835" asserts="0">
                    <results>
                      <test-suite name="GetListTests" success="True" time="1.241" asserts="0">
                        <results>
                          <test-case name="Integration.Tests.Tests.GetListTests.GetList" executed="True" success="True" time="0.353" asserts="1" />
                          <test-case name="Integration.Tests.Tests.GetListTests.GetListWithOrderBy" executed="True" success="True" time="0.466" asserts="1" />
                          <test-case name="Integration.Tests.Tests.GetListTests.GetListWithParameterIllegal" executed="True" success="True" time="0.212" asserts="0" />
                          <test-case name="Integration.Tests.Tests.GetListTests.GetListWithParameterLegal" executed="True" success="True" time="0.075" asserts="1" />
                          <test-case name="Integration.Tests.Tests.GetListTests.GetListWithTop10" executed="True" success="True" time="0.122" asserts="1" />
                        </results>
                      </test-suite>
                      <test-suite name="ObjectTests" success="True" time="1.211" asserts="0">
                        <results>
                          <test-case name="Integration.Tests.Tests.ObjectTests.GetObject" executed="True" success="True" time="0.002" asserts="1" />
                          <test-case name="Integration.Tests.Tests.ObjectTests.NewObject" executed="True" success="True" time="0.952" asserts="6" />
                          <test-case name="Integration.Tests.Tests.ObjectTests.SetObject" executed="True" success="True" time="0.254" asserts="3" />
                        </results>
                      </test-suite>
                    </results>
                  </test-suite>
                </results>
              </test-suite>
            </results>
          </test-suite>
        </results>
      </test-suite>
    </results>
  </test-suite>
</test-results>