<?xml version="1.0" encoding="utf-8" standalone="no"?>
<!--This file represents the results of running a test suite-->
<test-results name="P:\Kistl\Tests\Kistl.Client.Tests\Kistl.Client.Tests.nunit" total="5" failures="0" not-run="0" date="2009-03-18" time="12:29:18">
  <environment nunit-version="2.4.7.0" clr-version="2.0.50727.3074" os-version="Microsoft Windows NT 6.0.6001 Service Pack 1" platform="Win32NT" cwd="P:\Kistl\Tests\Kistl.Client.Tests" machine-name="KISTL" user="david" user-domain="kistl" />
  <culture-info current-culture="de-AT" current-uiculture="de-DE" />
  <test-suite name="P:\Kistl\Tests\Kistl.Client.Tests\Kistl.Client.Tests.nunit" success="True" time="0.276" asserts="0">
    <results>
      <test-suite name="P:\Kistl\Tests\Kistl.Client.Tests\bin\Debug\Kistl.Client.Tests.exe" success="True" time="0.270" asserts="0">
        <results>
          <test-suite name="Kistl" success="True" time="0.270" asserts="0">
            <results>
              <test-suite name="Client" success="True" time="0.268" asserts="0">
                <results>
                  <test-suite name="Tests" success="True" time="0.259" asserts="0">
                    <results>
                      <test-suite name="DataObjectModelTests" success="True" time="0.024" asserts="0">
                        <results>
                          <test-case name="Kistl.Client.Tests.DataObjectModelTests.TestDesignMock" executed="True" success="True" time="0.020" asserts="0" />
                        </results>
                      </test-suite>
                      <test-suite name="PresenterModelTests" success="True" time="0.001" asserts="0">
                        <results />
                      </test-suite>
                      <test-suite name="SynchronousThreadManagerTests" success="True" time="0.211" asserts="0">
                        <results>
                          <test-case name="Kistl.Client.Tests.SynchronousThreadManagerTests.TestQueue" executed="True" success="True" time="0.105" asserts="1" />
                          <test-case name="Kistl.Client.Tests.SynchronousThreadManagerTests.TestQueueWithParameter" executed="True" success="True" time="0.101" asserts="2" />
                          <test-case name="Kistl.Client.Tests.SynchronousThreadManagerTests.TestVerify" executed="True" success="True" time="0.000" asserts="0" />
                          <test-case name="Kistl.Client.Tests.SynchronousThreadManagerTests.TestVerifyInThreadPool" executed="True" success="True" time="0.000" asserts="0" />
                        </results>
                      </test-suite>
                    </results>
                  </test-suite>
                </results>
              </test-suite>
            </results>
          </test-suite>
        </results>
      </test-suite>
    </results>
  </test-suite>
</test-results>