<?xml version="1.0" encoding="utf-8" standalone="no"?>
<!--This file represents the results of running a test suite-->
<test-results name="P:\Kistl\Tests\Kistl.Client.Tests\Kistl.Client.Tests.nunit" total="15" failures="1" not-run="0" date="2008-11-18" time="15:13:32">
  <environment nunit-version="2.4.7.0" clr-version="2.0.50727.3053" os-version="Microsoft Windows NT 6.0.6001 Service Pack 1" platform="Win32NT" cwd="P:\Kistl\Tests\Kistl.Client.Tests" machine-name="DAVID-PC" user="david" user-domain="david-PC" />
  <culture-info current-culture="de-AT" current-uiculture="en-US" />
  <test-suite name="P:\Kistl\Tests\Kistl.Client.Tests\Kistl.Client.Tests.nunit" success="False" time="0.377" asserts="0">
    <results>
      <test-suite name="P:\Kistl\Tests\Kistl.Client.Tests\bin\Debug\Kistl.Client.Tests.exe" success="False" time="0.342" asserts="0">
        <results>
          <test-suite name="Kistl" success="False" time="0.341" asserts="0">
            <results>
              <test-suite name="Client" success="False" time="0.306" asserts="0">
                <results>
                  <test-suite name="Tests" success="False" time="0.293" asserts="0">
                    <results>
                      <test-suite name="ObjectListModelTests" success="False" time="0.072" asserts="0">
                        <results>
                          <test-case name="Kistl.Client.Tests.ObjectListModelTests.TestCreation" executed="True" success="False" time="0.068" asserts="2">
                            <failure>
                              <message><![CDATA[System.ArgumentOutOfRangeException : Property TestCollection was not found in Type MockObjectType2
Parameter name: propName]]></message>
                              <stack-trace><![CDATA[at Kistl.API.ExtensionHelpers.GetPropertyValue[T](Object obj, String propName) in C:\Projekte\Kistl\Kistl.API\Helper.cs:line 135
at Kistl.Client.Presentables.ObjectListModel.AsyncGetPropertyValue() in C:\Projekte\Kistl\Kistl.Client\Presentables\ObjectListModel.cs:line 172
at Kistl.Client.Presentables.PropertyModel`1.<.ctor>b__3() in C:\Projekte\Kistl\Kistl.Client\Presentables\ValuePropertyModels.cs:line 62
at Kistl.Client.Mocks.ThreadManagerMock.Queue(Object lck, Action asyncTask) in C:\Projekte\Kistl\Tests\Kistl.Client.Tests\Kistl.Client.Mocks\ThreadManagerMock.cs:line 39
at Kistl.Client.Presentables.PropertyModel`1..ctor(IThreadManager uiManager, IThreadManager asyncManager, IKistlContext guiCtx, IKistlContext dataCtx, ModelFactory factory, IDataObject obj, BaseProperty bp) in C:\Projekte\Kistl\Kistl.Client\Presentables\ValuePropertyModels.cs:line 60
at Kistl.Client.Presentables.ObjectListModel..ctor(IThreadManager uiManager, IThreadManager asyncManager, IKistlContext guiCtx, IKistlContext dataCtx, ModelFactory factory, IDataObject referenceHolder, ObjectReferenceProperty prop) in C:\Projekte\Kistl\Kistl.Client\Presentables\ObjectListModel.cs:line 17
at Kistl.Client.Tests.ObjectListModelTests.TestCreation() in C:\Projekte\Kistl\Tests\Kistl.Client.Tests\Kistl.Client.Tests\ObjectListModelTests.cs:line 71
]]></stack-trace>
                            </failure>
                          </test-case>
                        </results>
                      </test-suite>
                      <test-suite name="PresenterModelTests" success="True" time="0.003" asserts="0">
                        <results>
                          <test-case name="Kistl.Client.Tests.PresenterModelTests.CreatePresenterModel" executed="True" success="True" time="0.003" asserts="26" />
                        </results>
                      </test-suite>
                      <test-suite name="SynchronousThreadManagerTests" success="True" time="0.205" asserts="0">
                        <results>
                          <test-case name="Kistl.Client.Tests.SynchronousThreadManagerTests.TestQueue" executed="True" success="True" time="0.102" asserts="1" />
                          <test-case name="Kistl.Client.Tests.SynchronousThreadManagerTests.TestQueueWithParameter" executed="True" success="True" time="0.101" asserts="2" />
                          <test-case name="Kistl.Client.Tests.SynchronousThreadManagerTests.TestVerify" executed="True" success="True" time="0.000" asserts="0" />
                          <test-case name="Kistl.Client.Tests.SynchronousThreadManagerTests.TestVerifyInThreadPool" executed="True" success="True" time="0.000" asserts="0" />
                        </results>
                      </test-suite>
                    </results>
                  </test-suite>
                </results>
              </test-suite>
              <test-suite name="GUI" success="True" time="0.035" asserts="0">
                <results>
                  <test-suite name="Tests" success="True" time="0.035" asserts="0">
                    <results>
                      <test-suite name="PresenterTests" success="True" time="0.034" asserts="0">
                        <results>
                          <test-case name="Kistl.GUI.Tests.PresenterTests.IDisposable_Dispose" executed="True" success="True" time="0.002" asserts="2" />
                          <test-case name="Kistl.GUI.Tests.PresenterTests.IDisposable_Finalizer" executed="True" success="True" time="0.010" asserts="1" />
                          <test-case name="Kistl.GUI.Tests.PresenterTests.InitializeComponent" executed="True" success="True" time="0.007" asserts="4" />
                          <test-case name="Kistl.GUI.Tests.PresenterTests.InitializeComponentOnlyOnce" executed="True" success="True" time="0.002" asserts="0" />
                          <test-case name="Kistl.GUI.Tests.PresenterTests.InitializeFirstArgNull" executed="True" success="True" time="0.000" asserts="0" />
                          <test-case name="Kistl.GUI.Tests.PresenterTests.InitializeSecondArgNull" executed="True" success="True" time="0.000" asserts="0" />
                          <test-case name="Kistl.GUI.Tests.PresenterTests.InitializeThirdArgNull" executed="True" success="True" time="0.001" asserts="0" />
                          <test-case name="Kistl.GUI.Tests.PresenterTests.IPresenter_InitializeComponent" executed="True" success="True" time="0.001" asserts="0" />
                          <test-case name="Kistl.GUI.Tests.PresenterTests.IPresenter_InitializeComponentFailFast" executed="True" success="True" time="0.002" asserts="0" />
                        </results>
                      </test-suite>
                    </results>
                  </test-suite>
                </results>
              </test-suite>
            </results>
          </test-suite>
        </results>
      </test-suite>
    </results>
  </test-suite>
</test-results>