<?xml version="1.0" encoding="utf-8" standalone="no"?>
<!--This file represents the results of running a test suite-->
<test-results name="P:\Kistl\Tests\Kistl.Client.Tests\Kistl.Client.Tests.nunit" total="14" failures="0" not-run="0" date="2008-11-07" time="20:32:53">
  <environment nunit-version="2.4.7.0" clr-version="2.0.50727.3053" os-version="Microsoft Windows NT 6.0.6001 Service Pack 1" platform="Win32NT" cwd="P:\Kistl\Tests\Kistl.Client.Tests" machine-name="KISTL" user="david" user-domain="kistl" />
  <culture-info current-culture="de-AT" current-uiculture="de-DE" />
  <test-suite name="P:\Kistl\Tests\Kistl.Client.Tests\Kistl.Client.Tests.nunit" success="True" time="0.380" asserts="0">
    <results>
      <test-suite name="P:\Kistl\Tests\Kistl.Client.Tests\bin\Debug\Kistl.Client.Tests.exe" success="True" time="0.345" asserts="0">
        <results>
          <test-suite name="PresenterModelTests" success="True" time="0.040" asserts="0">
            <results>
              <test-case name="Kistl.Client.Tests.PresenterModelTests.CreatePresenterModel" executed="True" success="True" time="0.035" asserts="26" />
            </results>
          </test-suite>
          <test-suite name="Tests" success="True" time="0.000" asserts="0">
            <results />
          </test-suite>
          <test-suite name="SynchronousThreadManagerTests" success="True" time="0.205" asserts="0">
            <results>
              <test-case name="Kistl.Client.Tests.SynchronousThreadManagerTests.TestQueue" executed="True" success="True" time="0.101" asserts="1" />
              <test-case name="Kistl.Client.Tests.SynchronousThreadManagerTests.TestQueueWithParameter" executed="True" success="True" time="0.100" asserts="2" />
              <test-case name="Kistl.Client.Tests.SynchronousThreadManagerTests.TestVerify" executed="True" success="True" time="0.000" asserts="0" />
              <test-case name="Kistl.Client.Tests.SynchronousThreadManagerTests.TestVerifyInThreadPool" executed="True" success="True" time="0.000" asserts="0" />
            </results>
          </test-suite>
          <test-suite name="PresenterTests" success="True" time="0.086" asserts="0">
            <results>
              <test-case name="Kistl.GUI.Tests.PresenterTests.IDisposable_Dispose" executed="True" success="True" time="0.002" asserts="2" />
              <test-case name="Kistl.GUI.Tests.PresenterTests.IDisposable_Finalizer" executed="True" success="True" time="0.025" asserts="1" />
              <test-case name="Kistl.GUI.Tests.PresenterTests.InitializeComponent" executed="True" success="True" time="0.047" asserts="4" />
              <test-case name="Kistl.GUI.Tests.PresenterTests.InitializeComponentOnlyOnce" executed="True" success="True" time="0.003" asserts="0" />
              <test-case name="Kistl.GUI.Tests.PresenterTests.InitializeFirstArgNull" executed="True" success="True" time="0.001" asserts="0" />
              <test-case name="Kistl.GUI.Tests.PresenterTests.InitializeSecondArgNull" executed="True" success="True" time="0.001" asserts="0" />
              <test-case name="Kistl.GUI.Tests.PresenterTests.InitializeThirdArgNull" executed="True" success="True" time="0.001" asserts="0" />
              <test-case name="Kistl.GUI.Tests.PresenterTests.IPresenter_InitializeComponent" executed="True" success="True" time="0.001" asserts="0" />
              <test-case name="Kistl.GUI.Tests.PresenterTests.IPresenter_InitializeComponentFailFast" executed="True" success="True" time="0.001" asserts="0" />
            </results>
          </test-suite>
        </results>
      </test-suite>
    </results>
  </test-suite>
</test-results>