<?xml version="1.0" encoding="utf-8" standalone="no"?>
<!--This file represents the results of running a test suite-->
<test-results name="P:\Kistl\Tests\Kistl.Client.Tests\Kistl.Client.Tests.nunit" total="1" errors="0" failures="0" not-run="0" inconclusive="0" ignored="0" skipped="0" invalid="0" date="2010-02-11" time="13:26:31">
  <environment nunit-version="2.5.3.9345" clr-version="2.0.50727.4200" os-version="Microsoft Windows NT 6.0.6002 Service Pack 2" platform="Win32NT" cwd="P:\Kistl\Tests\Kistl.Client.Tests" machine-name="KISTL" user="david" user-domain="kistl" />
  <culture-info current-culture="de-AT" current-uiculture="de-DE" />
  <test-suite name="P:\Kistl\Tests\Kistl.Client.Tests\Kistl.Client.Tests.nunit" executed="True" success="True" time="0.887" asserts="0">
    <results>
      <test-suite name="P:\Kistl\Tests\Kistl.Client.Tests\bin\Debug\Kistl.Client.Tests.dll" executed="True" success="True" time="0.758" asserts="0">
        <results>
          <test-suite name="Kistl" executed="True" success="True" time="0.748" asserts="0">
            <results>
              <test-suite name="Client" executed="True" success="True" time="0.747" asserts="0">
                <results>
                  <test-suite name="Tests" executed="True" success="True" time="0.746" asserts="0">
                    <results>
                      <test-suite name="ObjectListModelTests" executed="True" success="True" time="0.743" asserts="0">
                        <results>
                          <test-case name="Kistl.Client.Tests.ObjectListModelTests.TestCreation" executed="True" success="True" time="0.737" asserts="1" />
                        </results>
                      </test-suite>
                    </results>
                  </test-suite>
                </results>
              </test-suite>
            </results>
          </test-suite>
        </results>
      </test-suite>
    </results>
  </test-suite>
</test-results>