<?xml version="1.0" encoding="utf-8" standalone="no"?>
<!--This file represents the results of running a test suite-->
<test-results name="D:\Programmierung\Kistl\Tests\Kistl.Client.Tests\Kistl.Client.Tests.nunit" total="1" failures="1" not-run="0" date="2008-06-09" time="20:17:25">
  <environment nunit-version="2.4.7.0" clr-version="2.0.50727.1434" os-version="Microsoft Windows NT 6.0.6001 Service Pack 1" platform="Win32NT" cwd="D:\Programmierung\Kistl\Tests\Kistl.Client.Tests" machine-name="KISTL" user="Douglas" user-domain="KISTL" />
  <culture-info current-culture="de-AT" current-uiculture="en-US" />
  <test-suite name="D:\Programmierung\Kistl\Tests\Kistl.Client.Tests\Kistl.Client.Tests.nunit" success="False" time="1.216" asserts="0">
    <results>
      <test-suite name="D:\Programmierung\Kistl\Tests\Kistl.Client.Tests\bin\Debug\Kistl.Client.Tests.exe" success="False" time="1.199" asserts="0">
        <results>
          <test-suite name="Kistl" success="False" time="0.439" asserts="0">
            <results>
              <test-suite name="GUI" success="False" time="0.439" asserts="0">
                <results>
                  <test-suite name="Tests" success="False" time="0.434" asserts="0">
                    <results>
                      <test-suite name="ObjectListPresenterTests" success="False" time="0.415" asserts="2">
                        <results>
                          <test-case name="Kistl.GUI.Tests.ObjectListPresenterTests.HandleValidUserInput" executed="True" success="False" time="0.164" asserts="18">
                            <failure>
                              <message><![CDATA[System.Reflection.TargetInvocationException : Exception has been thrown by the target of an invocation.
  ----> System.InvalidCastException : Unable to cast object of type 'Kistl.Client.Mocks.TestObject' to type 'Kistl.API.ICollectionEntry'.]]></message>
                              <stack-trace><![CDATA[at System.RuntimeMethodHandle._InvokeMethodFast(Object target, Object[] arguments, SignatureStruct& sig, MethodAttributes methodAttributes, RuntimeTypeHandle typeOwner)
at System.RuntimeMethodHandle.InvokeMethodFast(Object target, Object[] arguments, Signature sig, MethodAttributes methodAttributes, RuntimeTypeHandle typeOwner)
at System.Reflection.RuntimeMethodInfo.Invoke(Object obj, BindingFlags invokeAttr, Binder binder, Object[] parameters, CultureInfo culture, Boolean skipVisibilityChecks)
at System.Reflection.RuntimeMethodInfo.Invoke(Object obj, BindingFlags invokeAttr, Binder binder, Object[] parameters, CultureInfo culture)
at System.Reflection.RuntimePropertyInfo.SetValue(Object obj, Object value, BindingFlags invokeAttr, Binder binder, Object[] index, CultureInfo culture)
at System.Reflection.RuntimePropertyInfo.SetValue(Object obj, Object value, Object[] index)
at Kistl.GUI.ExtensionHelper.SetList(IDataObject obj, ObjectReferenceProperty prop, IList`1 value) in D:\Programmierung\Kistl\Kistl.Client\GUI\Presenter.cs:line 604
at Kistl.GUI.ObjectListPresenter.OnUserInput() in D:\Programmierung\Kistl\Kistl.Client\GUI\Presenter.cs:line 390
at Kistl.GUI.DefaultPresenter`3.Control_UserInput(Object sender, EventArgs e) in D:\Programmierung\Kistl\Kistl.Client\GUI\Presenter.cs:line 207
at Kistl.Client.Mocks.TestObjectListControl.SimulateUserInput(IList`1 newValue) in D:\Programmierung\Kistl\Tests\Kistl.Client.Tests\Mocks\TestControl.cs:line 380
at Kistl.GUI.Tests.ObjectListPresenterTests.UserInput(IList`1 v) in D:\Programmierung\Kistl\Tests\Kistl.Client.Tests\GUI\ObjectPresenterTests.cs:line 150
at Kistl.GUI.Tests.ReferencePresenterTests`4.HandleValidUserInput() in D:\Programmierung\Kistl\Tests\Kistl.Client.Tests\GUI\PresenterTests.cs:line 334
--InvalidCastException
at System.Linq.Enumerable.<CastIterator>d__b0`1.MoveNext()
at System.Linq.Enumerable.<SelectIterator>d__d`2.MoveNext()
at System.Collections.Generic.List`1..ctor(IEnumerable`1 collection)
at System.Linq.Enumerable.ToList[TSource](IEnumerable`1 source)
at Kistl.GUI.ExtensionHelper.GetList(IDataObject obj, ObjectReferenceProperty prop) in D:\Programmierung\Kistl\Kistl.Client\GUI\Presenter.cs:line 586
at Kistl.GUI.ObjectListPresenter.GetPropertyValue() in D:\Programmierung\Kistl\Kistl.Client\GUI\Presenter.cs:line 370
at Kistl.GUI.DefaultPresenter`3.Object_PropertyChanged(Object sender, PropertyChangedEventArgs e) in D:\Programmierung\Kistl\Kistl.Client\GUI\Presenter.cs:line 201
at Kistl.Client.Mocks.TestObject.OnPropertyChanged(DependencyPropertyChangedEventArgs e) in D:\Programmierung\Kistl\Tests\Kistl.Client.Tests\Mocks\TestObject.cs:line 396
at System.Windows.DependencyObject.NotifyPropertyChange(DependencyPropertyChangedEventArgs args)
at System.Windows.DependencyObject.UpdateEffectiveValue(EntryIndex entryIndex, DependencyProperty dp, PropertyMetadata metadata, EffectiveValueEntry oldEntry, EffectiveValueEntry& newEntry, Boolean coerceWithDeferredReference, OperationType operationType)
at System.Windows.DependencyObject.SetValueCommon(DependencyProperty dp, Object value, PropertyMetadata metadata, Boolean coerceWithDeferredReference, OperationType operationType, Boolean isInternal)
at System.Windows.DependencyObject.SetValue(DependencyProperty dp, Object value)
at Kistl.Client.Mocks.TestObject.set_TestObjectList(List`1 value) in D:\Programmierung\Kistl\Tests\Kistl.Client.Tests\Mocks\TestObject.cs:line 267
]]></stack-trace>
                            </failure>
                          </test-case>
                        </results>
                      </test-suite>
                    </results>
                  </test-suite>
                </results>
              </test-suite>
            </results>
          </test-suite>
        </results>
      </test-suite>
    </results>
  </test-suite>
</test-results>