<?xml version="1.0" encoding="utf-8" standalone="no"?>
<!--This file represents the results of running a test suite-->
<test-results name="D:\Programmierung\Kistl\Tests\Kistl.Client.Tests\Kistl.Client.Tests.nunit" total="7" failures="7" not-run="0" date="2008-06-10" time="16:16:22">
  <environment nunit-version="2.4.7.0" clr-version="2.0.50727.1434" os-version="Microsoft Windows NT 6.0.6001 Service Pack 1" platform="Win32NT" cwd="D:\Programmierung\Kistl\Tests\Kistl.Client.Tests" machine-name="KISTL" user="Douglas" user-domain="KISTL" />
  <culture-info current-culture="de-AT" current-uiculture="en-US" />
  <test-suite name="D:\Programmierung\Kistl\Tests\Kistl.Client.Tests\Kistl.Client.Tests.nunit" success="False" time="1.154" asserts="0">
    <results>
      <test-suite name="D:\Programmierung\Kistl\Tests\Kistl.Client.Tests\bin\Debug\Kistl.Client.Tests.exe" success="False" time="1.139" asserts="0">
        <results>
          <test-suite name="Kistl" success="False" time="0.312" asserts="0">
            <results>
              <test-suite name="GUI" success="False" time="0.312" asserts="0">
                <results>
                  <test-suite name="Renderer" success="False" time="0.312" asserts="0">
                    <results>
                      <test-suite name="ASPNET" success="False" time="0.312" asserts="0">
                        <results>
                          <test-suite name="Tests" success="False" time="0.312" asserts="0">
                            <results>
                              <test-suite name="StringControlTests" success="False" time="0.218" asserts="2">
                                <results>
                                  <test-case name="Kistl.GUI.Renderer.ASPNET.Tests.StringControlTests.TestDescription" executed="True" success="False" time="0.125" asserts="0">
                                    <failure>
                                      <message><![CDATA[System.Reflection.TargetInvocationException : Exception has been thrown by the target of an invocation.
  ----> System.NullReferenceException : Object reference not set to an instance of an object.]]></message>
                                      <stack-trace><![CDATA[at System.RuntimeTypeHandle.CreateInstance(RuntimeType type, Boolean publicOnly, Boolean noCheck, Boolean& canBeCached, RuntimeMethodHandle& ctor, Boolean& bNeedSecurityCheck)
at System.RuntimeType.CreateInstanceSlow(Boolean publicOnly, Boolean fillCache)
at System.RuntimeType.CreateInstanceImpl(Boolean publicOnly, Boolean skipVisibilityChecks, Boolean fillCache)
at System.Activator.CreateInstance(Type type, Boolean nonPublic)
at System.Activator.CreateInstance(Type type)
at Kistl.GUI.DB.KistlGUIContext.CreateControl(ControlInfo info) in D:\Programmierung\Kistl\Kistl.Client\GUI.DB\KistlGUIContext.cs:line 50
at Kistl.GUI.Mocks.ControlHarness`1.SetUp() in D:\Programmierung\Kistl\Tests\Kistl.Client.Tests\Mocks\ControlHarness.cs:line 29
at Kistl.GUI.Tests.BasicControlTests`1.SetUp() in D:\Programmierung\Kistl\Tests\Kistl.Client.Tests\GUI\BasicControlTests.cs:line 40
at Kistl.GUI.Tests.ValueControlTests`2.AddEvents() in D:\Programmierung\Kistl\Tests\Kistl.Client.Tests\GUI\ValueControlTests.cs:line 39
--NullReferenceException
at System.Web.Compilation.BuildManager.GetCacheKeyFromVirtualPath(VirtualPath virtualPath, Boolean& keyFromVPP)
at System.Web.Compilation.BuildManager.GetVPathBuildResultFromCacheInternal(VirtualPath virtualPath)
at System.Web.Compilation.BuildManager.GetVPathBuildResultInternal(VirtualPath virtualPath, Boolean noBuild, Boolean allowCrossApp, Boolean allowBuildInPrecompile)
at System.Web.Compilation.BuildManager.GetVPathBuildResultWithNoAssert(HttpContext context, VirtualPath virtualPath, Boolean noBuild, Boolean allowCrossApp, Boolean allowBuildInPrecompile)
at System.Web.UI.TemplateControl.LoadControl(VirtualPath virtualPath)
at System.Web.UI.TemplateControl.LoadControl(String virtualPath)
at Kistl.Client.ASPNET.Toolkit.BaseASPNETControl..ctor() in D:\Programmierung\Kistl\Kistl.Client.ASPNET.Toolkit\ASPNetControls.cs:line 27
at Kistl.Client.ASPNET.Toolkit.StringPropertyControl..ctor()
]]></stack-trace>
                                    </failure>
                                  </test-case>
                                  <test-case name="Kistl.GUI.Renderer.ASPNET.Tests.StringControlTests.TestFieldSize" executed="True" success="False" time="0.000" asserts="0">
                                    <failure>
                                      <message><![CDATA[System.Reflection.TargetInvocationException : Exception has been thrown by the target of an invocation.
  ----> System.NullReferenceException : Object reference not set to an instance of an object.]]></message>
                                      <stack-trace><![CDATA[at System.RuntimeTypeHandle.CreateInstance(RuntimeType type, Boolean publicOnly, Boolean noCheck, Boolean& canBeCached, RuntimeMethodHandle& ctor, Boolean& bNeedSecurityCheck)
at System.RuntimeType.CreateInstanceSlow(Boolean publicOnly, Boolean fillCache)
at System.RuntimeType.CreateInstanceImpl(Boolean publicOnly, Boolean skipVisibilityChecks, Boolean fillCache)
at System.Activator.CreateInstance(Type type, Boolean nonPublic)
at System.Activator.CreateInstance(Type type)
at Kistl.GUI.DB.KistlGUIContext.CreateControl(ControlInfo info) in D:\Programmierung\Kistl\Kistl.Client\GUI.DB\KistlGUIContext.cs:line 50
at Kistl.GUI.Mocks.ControlHarness`1.SetUp() in D:\Programmierung\Kistl\Tests\Kistl.Client.Tests\Mocks\ControlHarness.cs:line 29
at Kistl.GUI.Tests.BasicControlTests`1.SetUp() in D:\Programmierung\Kistl\Tests\Kistl.Client.Tests\GUI\BasicControlTests.cs:line 40
at Kistl.GUI.Tests.ValueControlTests`2.AddEvents() in D:\Programmierung\Kistl\Tests\Kistl.Client.Tests\GUI\ValueControlTests.cs:line 39
--NullReferenceException
at System.Web.Compilation.BuildManager.GetCacheKeyFromVirtualPath(VirtualPath virtualPath, Boolean& keyFromVPP)
at System.Web.Compilation.BuildManager.GetVPathBuildResultFromCacheInternal(VirtualPath virtualPath)
at System.Web.Compilation.BuildManager.GetVPathBuildResultInternal(VirtualPath virtualPath, Boolean noBuild, Boolean allowCrossApp, Boolean allowBuildInPrecompile)
at System.Web.Compilation.BuildManager.GetVPathBuildResultWithNoAssert(HttpContext context, VirtualPath virtualPath, Boolean noBuild, Boolean allowCrossApp, Boolean allowBuildInPrecompile)
at System.Web.UI.TemplateControl.LoadControl(VirtualPath virtualPath)
at System.Web.UI.TemplateControl.LoadControl(String virtualPath)
at Kistl.Client.ASPNET.Toolkit.BaseASPNETControl..ctor() in D:\Programmierung\Kistl\Kistl.Client.ASPNET.Toolkit\ASPNetControls.cs:line 27
at Kistl.Client.ASPNET.Toolkit.StringPropertyControl..ctor()
]]></stack-trace>
                                    </failure>
                                  </test-case>
                                  <test-case name="Kistl.GUI.Renderer.ASPNET.Tests.StringControlTests.TestIsValidValue" executed="True" success="False" time="0.000" asserts="0">
                                    <failure>
                                      <message><![CDATA[System.Reflection.TargetInvocationException : Exception has been thrown by the target of an invocation.
  ----> System.NullReferenceException : Object reference not set to an instance of an object.]]></message>
                                      <stack-trace><![CDATA[at System.RuntimeTypeHandle.CreateInstance(RuntimeType type, Boolean publicOnly, Boolean noCheck, Boolean& canBeCached, RuntimeMethodHandle& ctor, Boolean& bNeedSecurityCheck)
at System.RuntimeType.CreateInstanceSlow(Boolean publicOnly, Boolean fillCache)
at System.RuntimeType.CreateInstanceImpl(Boolean publicOnly, Boolean skipVisibilityChecks, Boolean fillCache)
at System.Activator.CreateInstance(Type type, Boolean nonPublic)
at System.Activator.CreateInstance(Type type)
at Kistl.GUI.DB.KistlGUIContext.CreateControl(ControlInfo info) in D:\Programmierung\Kistl\Kistl.Client\GUI.DB\KistlGUIContext.cs:line 50
at Kistl.GUI.Mocks.ControlHarness`1.SetUp() in D:\Programmierung\Kistl\Tests\Kistl.Client.Tests\Mocks\ControlHarness.cs:line 29
at Kistl.GUI.Tests.BasicControlTests`1.SetUp() in D:\Programmierung\Kistl\Tests\Kistl.Client.Tests\GUI\BasicControlTests.cs:line 40
at Kistl.GUI.Tests.ValueControlTests`2.AddEvents() in D:\Programmierung\Kistl\Tests\Kistl.Client.Tests\GUI\ValueControlTests.cs:line 39
--NullReferenceException
at System.Web.Compilation.BuildManager.GetCacheKeyFromVirtualPath(VirtualPath virtualPath, Boolean& keyFromVPP)
at System.Web.Compilation.BuildManager.GetVPathBuildResultFromCacheInternal(VirtualPath virtualPath)
at System.Web.Compilation.BuildManager.GetVPathBuildResultInternal(VirtualPath virtualPath, Boolean noBuild, Boolean allowCrossApp, Boolean allowBuildInPrecompile)
at System.Web.Compilation.BuildManager.GetVPathBuildResultWithNoAssert(HttpContext context, VirtualPath virtualPath, Boolean noBuild, Boolean allowCrossApp, Boolean allowBuildInPrecompile)
at System.Web.UI.TemplateControl.LoadControl(VirtualPath virtualPath)
at System.Web.UI.TemplateControl.LoadControl(String virtualPath)
at Kistl.Client.ASPNET.Toolkit.BaseASPNETControl..ctor() in D:\Programmierung\Kistl\Kistl.Client.ASPNET.Toolkit\ASPNetControls.cs:line 27
at Kistl.Client.ASPNET.Toolkit.StringPropertyControl..ctor()
]]></stack-trace>
                                    </failure>
                                  </test-case>
                                  <test-case name="Kistl.GUI.Renderer.ASPNET.Tests.StringControlTests.TestSetUpCorrect" executed="True" success="False" time="0.000" asserts="0">
                                    <failure>
                                      <message><![CDATA[System.Reflection.TargetInvocationException : Exception has been thrown by the target of an invocation.
  ----> System.NullReferenceException : Object reference not set to an instance of an object.]]></message>
                                      <stack-trace><![CDATA[at System.RuntimeTypeHandle.CreateInstance(RuntimeType type, Boolean publicOnly, Boolean noCheck, Boolean& canBeCached, RuntimeMethodHandle& ctor, Boolean& bNeedSecurityCheck)
at System.RuntimeType.CreateInstanceSlow(Boolean publicOnly, Boolean fillCache)
at System.RuntimeType.CreateInstanceImpl(Boolean publicOnly, Boolean skipVisibilityChecks, Boolean fillCache)
at System.Activator.CreateInstance(Type type, Boolean nonPublic)
at System.Activator.CreateInstance(Type type)
at Kistl.GUI.DB.KistlGUIContext.CreateControl(ControlInfo info) in D:\Programmierung\Kistl\Kistl.Client\GUI.DB\KistlGUIContext.cs:line 50
at Kistl.GUI.Mocks.ControlHarness`1.SetUp() in D:\Programmierung\Kistl\Tests\Kistl.Client.Tests\Mocks\ControlHarness.cs:line 29
at Kistl.GUI.Tests.BasicControlTests`1.SetUp() in D:\Programmierung\Kistl\Tests\Kistl.Client.Tests\GUI\BasicControlTests.cs:line 40
at Kistl.GUI.Tests.ValueControlTests`2.AddEvents() in D:\Programmierung\Kistl\Tests\Kistl.Client.Tests\GUI\ValueControlTests.cs:line 39
--NullReferenceException
at System.Web.Compilation.BuildManager.GetCacheKeyFromVirtualPath(VirtualPath virtualPath, Boolean& keyFromVPP)
at System.Web.Compilation.BuildManager.GetVPathBuildResultFromCacheInternal(VirtualPath virtualPath)
at System.Web.Compilation.BuildManager.GetVPathBuildResultInternal(VirtualPath virtualPath, Boolean noBuild, Boolean allowCrossApp, Boolean allowBuildInPrecompile)
at System.Web.Compilation.BuildManager.GetVPathBuildResultWithNoAssert(HttpContext context, VirtualPath virtualPath, Boolean noBuild, Boolean allowCrossApp, Boolean allowBuildInPrecompile)
at System.Web.UI.TemplateControl.LoadControl(VirtualPath virtualPath)
at System.Web.UI.TemplateControl.LoadControl(String virtualPath)
at Kistl.Client.ASPNET.Toolkit.BaseASPNETControl..ctor() in D:\Programmierung\Kistl\Kistl.Client.ASPNET.Toolkit\ASPNetControls.cs:line 27
at Kistl.Client.ASPNET.Toolkit.StringPropertyControl..ctor()
]]></stack-trace>
                                    </failure>
                                  </test-case>
                                  <test-case name="Kistl.GUI.Renderer.ASPNET.Tests.StringControlTests.TestShortLabel" executed="True" success="False" time="0.000" asserts="0">
                                    <failure>
                                      <message><![CDATA[System.Reflection.TargetInvocationException : Exception has been thrown by the target of an invocation.
  ----> System.NullReferenceException : Object reference not set to an instance of an object.]]></message>
                                      <stack-trace><![CDATA[at System.RuntimeTypeHandle.CreateInstance(RuntimeType type, Boolean publicOnly, Boolean noCheck, Boolean& canBeCached, RuntimeMethodHandle& ctor, Boolean& bNeedSecurityCheck)
at System.RuntimeType.CreateInstanceSlow(Boolean publicOnly, Boolean fillCache)
at System.RuntimeType.CreateInstanceImpl(Boolean publicOnly, Boolean skipVisibilityChecks, Boolean fillCache)
at System.Activator.CreateInstance(Type type, Boolean nonPublic)
at System.Activator.CreateInstance(Type type)
at Kistl.GUI.DB.KistlGUIContext.CreateControl(ControlInfo info) in D:\Programmierung\Kistl\Kistl.Client\GUI.DB\KistlGUIContext.cs:line 50
at Kistl.GUI.Mocks.ControlHarness`1.SetUp() in D:\Programmierung\Kistl\Tests\Kistl.Client.Tests\Mocks\ControlHarness.cs:line 29
at Kistl.GUI.Tests.BasicControlTests`1.SetUp() in D:\Programmierung\Kistl\Tests\Kistl.Client.Tests\GUI\BasicControlTests.cs:line 40
at Kistl.GUI.Tests.ValueControlTests`2.AddEvents() in D:\Programmierung\Kistl\Tests\Kistl.Client.Tests\GUI\ValueControlTests.cs:line 39
--NullReferenceException
at System.Web.Compilation.BuildManager.GetCacheKeyFromVirtualPath(VirtualPath virtualPath, Boolean& keyFromVPP)
at System.Web.Compilation.BuildManager.GetVPathBuildResultFromCacheInternal(VirtualPath virtualPath)
at System.Web.Compilation.BuildManager.GetVPathBuildResultInternal(VirtualPath virtualPath, Boolean noBuild, Boolean allowCrossApp, Boolean allowBuildInPrecompile)
at System.Web.Compilation.BuildManager.GetVPathBuildResultWithNoAssert(HttpContext context, VirtualPath virtualPath, Boolean noBuild, Boolean allowCrossApp, Boolean allowBuildInPrecompile)
at System.Web.UI.TemplateControl.LoadControl(VirtualPath virtualPath)
at System.Web.UI.TemplateControl.LoadControl(String virtualPath)
at Kistl.Client.ASPNET.Toolkit.BaseASPNETControl..ctor() in D:\Programmierung\Kistl\Kistl.Client.ASPNET.Toolkit\ASPNetControls.cs:line 27
at Kistl.Client.ASPNET.Toolkit.StringPropertyControl..ctor()
]]></stack-trace>
                                    </failure>
                                  </test-case>
                                  <test-case name="Kistl.GUI.Renderer.ASPNET.Tests.StringControlTests.TestUserInput" executed="True" success="False" time="0.000" asserts="0">
                                    <failure>
                                      <message><![CDATA[System.Reflection.TargetInvocationException : Exception has been thrown by the target of an invocation.
  ----> System.NullReferenceException : Object reference not set to an instance of an object.]]></message>
                                      <stack-trace><![CDATA[at System.RuntimeTypeHandle.CreateInstance(RuntimeType type, Boolean publicOnly, Boolean noCheck, Boolean& canBeCached, RuntimeMethodHandle& ctor, Boolean& bNeedSecurityCheck)
at System.RuntimeType.CreateInstanceSlow(Boolean publicOnly, Boolean fillCache)
at System.RuntimeType.CreateInstanceImpl(Boolean publicOnly, Boolean skipVisibilityChecks, Boolean fillCache)
at System.Activator.CreateInstance(Type type, Boolean nonPublic)
at System.Activator.CreateInstance(Type type)
at Kistl.GUI.DB.KistlGUIContext.CreateControl(ControlInfo info) in D:\Programmierung\Kistl\Kistl.Client\GUI.DB\KistlGUIContext.cs:line 50
at Kistl.GUI.Mocks.ControlHarness`1.SetUp() in D:\Programmierung\Kistl\Tests\Kistl.Client.Tests\Mocks\ControlHarness.cs:line 29
at Kistl.GUI.Tests.BasicControlTests`1.SetUp() in D:\Programmierung\Kistl\Tests\Kistl.Client.Tests\GUI\BasicControlTests.cs:line 40
at Kistl.GUI.Tests.ValueControlTests`2.AddEvents() in D:\Programmierung\Kistl\Tests\Kistl.Client.Tests\GUI\ValueControlTests.cs:line 39
--NullReferenceException
at System.Web.Compilation.BuildManager.GetCacheKeyFromVirtualPath(VirtualPath virtualPath, Boolean& keyFromVPP)
at System.Web.Compilation.BuildManager.GetVPathBuildResultFromCacheInternal(VirtualPath virtualPath)
at System.Web.Compilation.BuildManager.GetVPathBuildResultInternal(VirtualPath virtualPath, Boolean noBuild, Boolean allowCrossApp, Boolean allowBuildInPrecompile)
at System.Web.Compilation.BuildManager.GetVPathBuildResultWithNoAssert(HttpContext context, VirtualPath virtualPath, Boolean noBuild, Boolean allowCrossApp, Boolean allowBuildInPrecompile)
at System.Web.UI.TemplateControl.LoadControl(VirtualPath virtualPath)
at System.Web.UI.TemplateControl.LoadControl(String virtualPath)
at Kistl.Client.ASPNET.Toolkit.BaseASPNETControl..ctor() in D:\Programmierung\Kistl\Kistl.Client.ASPNET.Toolkit\ASPNetControls.cs:line 27
at Kistl.Client.ASPNET.Toolkit.StringPropertyControl..ctor()
]]></stack-trace>
                                    </failure>
                                  </test-case>
                                  <test-case name="Kistl.GUI.Renderer.ASPNET.Tests.StringControlTests.TestValueProgrammatically" executed="True" success="False" time="0.000" asserts="0">
                                    <failure>
                                      <message><![CDATA[System.Reflection.TargetInvocationException : Exception has been thrown by the target of an invocation.
  ----> System.NullReferenceException : Object reference not set to an instance of an object.]]></message>
                                      <stack-trace><![CDATA[at System.RuntimeTypeHandle.CreateInstance(RuntimeType type, Boolean publicOnly, Boolean noCheck, Boolean& canBeCached, RuntimeMethodHandle& ctor, Boolean& bNeedSecurityCheck)
at System.RuntimeType.CreateInstanceSlow(Boolean publicOnly, Boolean fillCache)
at System.RuntimeType.CreateInstanceImpl(Boolean publicOnly, Boolean skipVisibilityChecks, Boolean fillCache)
at System.Activator.CreateInstance(Type type, Boolean nonPublic)
at System.Activator.CreateInstance(Type type)
at Kistl.GUI.DB.KistlGUIContext.CreateControl(ControlInfo info) in D:\Programmierung\Kistl\Kistl.Client\GUI.DB\KistlGUIContext.cs:line 50
at Kistl.GUI.Mocks.ControlHarness`1.SetUp() in D:\Programmierung\Kistl\Tests\Kistl.Client.Tests\Mocks\ControlHarness.cs:line 29
at Kistl.GUI.Tests.BasicControlTests`1.SetUp() in D:\Programmierung\Kistl\Tests\Kistl.Client.Tests\GUI\BasicControlTests.cs:line 40
at Kistl.GUI.Tests.ValueControlTests`2.AddEvents() in D:\Programmierung\Kistl\Tests\Kistl.Client.Tests\GUI\ValueControlTests.cs:line 39
--NullReferenceException
at System.Web.Compilation.BuildManager.GetCacheKeyFromVirtualPath(VirtualPath virtualPath, Boolean& keyFromVPP)
at System.Web.Compilation.BuildManager.GetVPathBuildResultFromCacheInternal(VirtualPath virtualPath)
at System.Web.Compilation.BuildManager.GetVPathBuildResultInternal(VirtualPath virtualPath, Boolean noBuild, Boolean allowCrossApp, Boolean allowBuildInPrecompile)
at System.Web.Compilation.BuildManager.GetVPathBuildResultWithNoAssert(HttpContext context, VirtualPath virtualPath, Boolean noBuild, Boolean allowCrossApp, Boolean allowBuildInPrecompile)
at System.Web.UI.TemplateControl.LoadControl(VirtualPath virtualPath)
at System.Web.UI.TemplateControl.LoadControl(String virtualPath)
at Kistl.Client.ASPNET.Toolkit.BaseASPNETControl..ctor() in D:\Programmierung\Kistl\Kistl.Client.ASPNET.Toolkit\ASPNetControls.cs:line 27
at Kistl.Client.ASPNET.Toolkit.StringPropertyControl..ctor()
]]></stack-trace>
                                    </failure>
                                  </test-case>
                                </results>
                              </test-suite>
                            </results>
                          </test-suite>
                        </results>
                      </test-suite>
                    </results>
                  </test-suite>
                </results>
              </test-suite>
            </results>
          </test-suite>
        </results>
      </test-suite>
    </results>
  </test-suite>
</test-results>