<?xml version="1.0" encoding="utf-8" standalone="no"?>
<!--This file represents the results of running a test suite-->
<test-results name="E:\Projekte\Kistl\Tests\Kistl.Client.Tests\Kistl.Client.Tests.nunit" total="140" failures="2" not-run="5" date="2008-06-07" time="11:51:15">
  <environment nunit-version="2.4.7.0" clr-version="2.0.50727.1433" os-version="Microsoft Windows NT 6.0.6000.0" platform="Win32NT" cwd="E:\Projekte\Kistl\Tests\Kistl.Client.Tests" machine-name="KISTL" user="david" user-domain="kistl" />
  <culture-info current-culture="de-AT" current-uiculture="de-DE" />
  <test-suite name="E:\Projekte\Kistl\Tests\Kistl.Client.Tests\Kistl.Client.Tests.nunit" success="False" time="4.763" asserts="0">
    <results>
      <test-suite name="E:\Projekte\Kistl\Tests\Kistl.Client.Tests\bin\Debug\Kistl.Client.Tests.exe" success="False" time="4.736" asserts="0">
        <results>
          <test-suite name="Kistl" success="False" time="4.139" asserts="0">
            <results>
              <test-suite name="GUI" success="False" time="4.139" asserts="0">
                <results>
                  <test-suite name="Integration" success="True" time="2.422" asserts="0">
                    <results>
                      <test-suite name="WPF" success="True" time="2.419" asserts="0">
                        <results>
                          <test-suite name="ObjectReferenceControlIntegrationTests" success="True" time="2.418" asserts="2">
                            <results>
                              <test-case name="Kistl.GUI.Integration.WPF.ObjectReferenceControlIntegrationTests.HandleInvalidUserInput" executed="True" success="True" time="2.133" asserts="18" />
                              <test-case name="Kistl.GUI.Integration.WPF.ObjectReferenceControlIntegrationTests.HandleNoUserInput" executed="True" success="True" time="0.006" asserts="10" />
                              <test-case name="Kistl.GUI.Integration.WPF.ObjectReferenceControlIntegrationTests.HandleNullUserInput" executed="True" success="True" time="0.004" asserts="17" />
                              <test-case name="Kistl.GUI.Integration.WPF.ObjectReferenceControlIntegrationTests.HandleProgrammaticChange" executed="True" success="True" time="0.003" asserts="68" />
                              <test-case name="Kistl.GUI.Integration.WPF.ObjectReferenceControlIntegrationTests.HandleValidUserInput" executed="True" success="True" time="0.003" asserts="68" />
                              <test-case name="Kistl.GUI.Integration.WPF.ObjectReferenceControlIntegrationTests.ReInit" executed="True" success="True" time="0.005" asserts="0" />
                              <test-case name="Kistl.GUI.Integration.WPF.ObjectReferenceControlIntegrationTests.TestPresenterSetUpCorrect" executed="True" success="True" time="0.005" asserts="11" />
                            </results>
                          </test-suite>
                        </results>
                      </test-suite>
                    </results>
                  </test-suite>
                  <test-suite name="Renderer" success="True" time="0.773" asserts="0">
                    <results>
                      <test-suite name="WPF" success="True" time="0.764" asserts="0">
                        <results>
                          <test-suite name="Tests" success="True" time="0.762" asserts="0">
                            <results>
                              <test-suite name="BoolControlTests" success="True" time="0.078" asserts="2">
                                <results>
                                  <test-case name="Kistl.GUI.Renderer.WPF.Tests.BoolControlTests.TestDescription" executed="True" success="True" time="0.024" asserts="5" />
                                  <test-case name="Kistl.GUI.Renderer.WPF.Tests.BoolControlTests.TestFieldSize" executed="True" success="True" time="0.015" asserts="11" />
                                  <test-case name="Kistl.GUI.Renderer.WPF.Tests.BoolControlTests.TestIsValidValue" executed="True" success="True" time="0.007" asserts="15" />
                                  <test-case name="Kistl.GUI.Renderer.WPF.Tests.BoolControlTests.TestSetUpCorrect" executed="True" success="True" time="0.002" asserts="5" />
                                  <test-case name="Kistl.GUI.Renderer.WPF.Tests.BoolControlTests.TestShortLabel" executed="True" success="True" time="0.003" asserts="5" />
                                  <test-case name="Kistl.GUI.Renderer.WPF.Tests.BoolControlTests.TestUserInput" executed="True" success="True" time="0.009" asserts="5" />
                                  <test-case name="Kistl.GUI.Renderer.WPF.Tests.BoolControlTests.TestValueProgrammatically" executed="True" success="True" time="0.003" asserts="5" />
                                </results>
                              </test-suite>
                              <test-suite name="DateTimeControlTests" success="True" time="0.156" asserts="2">
                                <results>
                                  <test-case name="Kistl.GUI.Renderer.WPF.Tests.DateTimeControlTests.TestDescription" executed="True" success="True" time="0.131" asserts="5" />
                                  <test-case name="Kistl.GUI.Renderer.WPF.Tests.DateTimeControlTests.TestFieldSize" executed="True" success="True" time="0.002" asserts="11" />
                                  <test-case name="Kistl.GUI.Renderer.WPF.Tests.DateTimeControlTests.TestIsValidValue" executed="True" success="True" time="0.003" asserts="15" />
                                  <test-case name="Kistl.GUI.Renderer.WPF.Tests.DateTimeControlTests.TestSetUpCorrect" executed="True" success="True" time="0.001" asserts="5" />
                                  <test-case name="Kistl.GUI.Renderer.WPF.Tests.DateTimeControlTests.TestShortLabel" executed="True" success="True" time="0.001" asserts="5" />
                                  <test-case name="Kistl.GUI.Renderer.WPF.Tests.DateTimeControlTests.TestUserInput" executed="True" success="True" time="0.011" asserts="15" />
                                  <test-case name="Kistl.GUI.Renderer.WPF.Tests.DateTimeControlTests.TestValueProgrammatically" executed="True" success="True" time="0.003" asserts="15" />
                                </results>
                              </test-suite>
                              <test-suite name="DoubleControlTests" success="True" time="0.301" asserts="2">
                                <results>
                                  <test-case name="Kistl.GUI.Renderer.WPF.Tests.DoubleControlTests.TestDescription" executed="True" success="True" time="0.208" asserts="5" />
                                  <test-case name="Kistl.GUI.Renderer.WPF.Tests.DoubleControlTests.TestFieldSize" executed="True" success="True" time="0.001" asserts="11" />
                                  <test-case name="Kistl.GUI.Renderer.WPF.Tests.DoubleControlTests.TestIsValidValue" executed="True" success="True" time="0.002" asserts="15" />
                                  <test-case name="Kistl.GUI.Renderer.WPF.Tests.DoubleControlTests.TestSetUpCorrect" executed="True" success="True" time="0.001" asserts="5" />
                                  <test-case name="Kistl.GUI.Renderer.WPF.Tests.DoubleControlTests.TestShortLabel" executed="True" success="True" time="0.001" asserts="5" />
                                  <test-case name="Kistl.GUI.Renderer.WPF.Tests.DoubleControlTests.TestUserInput" executed="True" success="True" time="0.078" asserts="33" />
                                  <test-case name="Kistl.GUI.Renderer.WPF.Tests.DoubleControlTests.TestValueProgrammatically" executed="True" success="True" time="0.003" asserts="33" />
                                </results>
                              </test-suite>
                              <test-suite name="IntControlTests" success="True" time="0.027" asserts="2">
                                <results>
                                  <test-case name="Kistl.GUI.Renderer.WPF.Tests.IntControlTests.TestDescription" executed="True" success="True" time="0.003" asserts="5" />
                                  <test-case name="Kistl.GUI.Renderer.WPF.Tests.IntControlTests.TestFieldSize" executed="True" success="True" time="0.002" asserts="11" />
                                  <test-case name="Kistl.GUI.Renderer.WPF.Tests.IntControlTests.TestIsValidValue" executed="True" success="True" time="0.003" asserts="15" />
                                  <test-case name="Kistl.GUI.Renderer.WPF.Tests.IntControlTests.TestSetUpCorrect" executed="True" success="True" time="0.001" asserts="5" />
                                  <test-case name="Kistl.GUI.Renderer.WPF.Tests.IntControlTests.TestShortLabel" executed="True" success="True" time="0.001" asserts="5" />
                                  <test-case name="Kistl.GUI.Renderer.WPF.Tests.IntControlTests.TestUserInput" executed="True" success="True" time="0.009" asserts="35" />
                                  <test-case name="Kistl.GUI.Renderer.WPF.Tests.IntControlTests.TestValueProgrammatically" executed="True" success="True" time="0.004" asserts="35" />
                                </results>
                              </test-suite>
                              <test-suite name="ListValuesTests" success="True" time="0.049" asserts="0">
                                <results>
                                  <test-case name="Kistl.GUI.Renderer.WPF.Tests.ListValuesTests.TestInvalids" executed="True" success="True" time="0.022" asserts="8" />
                                  <test-case name="Kistl.GUI.Renderer.WPF.Tests.ListValuesTests.TestIsValid" executed="True" success="True" time="0.003" asserts="14" />
                                  <test-case name="Kistl.GUI.Renderer.WPF.Tests.ListValuesTests.TestNonUniqueListGenerationCore" executed="True" success="True" time="0.014" asserts="7" />
                                  <test-case name="Kistl.GUI.Renderer.WPF.Tests.ListValuesTests.TestNonUniqueListGenerationWithEmpty" executed="True" success="True" time="0.001" asserts="37" />
                                  <test-case name="Kistl.GUI.Renderer.WPF.Tests.ListValuesTests.TestNonUniqueListGenerationWithoutEmpty" executed="True" success="True" time="0.001" asserts="37" />
                                  <test-case name="Kistl.GUI.Renderer.WPF.Tests.ListValuesTests.TestUniqueListGenerationCore" executed="True" success="True" time="0.000" asserts="6" />
                                  <test-case name="Kistl.GUI.Renderer.WPF.Tests.ListValuesTests.TestUniqueListGenerationWithEmpty" executed="True" success="True" time="0.000" asserts="22" />
                                  <test-case name="Kistl.GUI.Renderer.WPF.Tests.ListValuesTests.TestUniqueListGenerationWithoutEmpty" executed="True" success="True" time="0.001" asserts="21" />
                                  <test-case name="Kistl.GUI.Renderer.WPF.Tests.ListValuesTests.TestValids" executed="True" success="True" time="0.000" asserts="48" />
                                </results>
                              </test-suite>
                              <test-suite name="ObjectListControlTests" success="True" time="0.080" asserts="2">
                                <results>
                                  <test-case name="Kistl.GUI.Renderer.WPF.Tests.ObjectListControlTests.TestDescription" executed="True" success="True" time="0.030" asserts="5" />
                                  <test-case name="Kistl.GUI.Renderer.WPF.Tests.ObjectListControlTests.TestFieldSize" executed="True" success="True" time="0.002" asserts="11" />
                                  <test-case name="Kistl.GUI.Renderer.WPF.Tests.ObjectListControlTests.TestIsValidValue" executed="True" success="True" time="0.003" asserts="15" />
                                  <test-case name="Kistl.GUI.Renderer.WPF.Tests.ObjectListControlTests.TestItemsSource" executed="False">
                                    <reason>
                                      <message><![CDATA[unimplemented]]></message>
                                    </reason>
                                  </test-case>
                                  <test-case name="Kistl.GUI.Renderer.WPF.Tests.ObjectListControlTests.TestListboxProgrammatically" executed="True" success="True" time="0.011" asserts="23" />
                                  <test-case name="Kistl.GUI.Renderer.WPF.Tests.ObjectListControlTests.TestListboxUserInput" executed="True" success="True" time="0.003" asserts="23" />
                                  <test-case name="Kistl.GUI.Renderer.WPF.Tests.ObjectListControlTests.TestNullValue" executed="True" success="True" time="0.001" asserts="1" />
                                  <test-case name="Kistl.GUI.Renderer.WPF.Tests.ObjectListControlTests.TestObjectType" executed="False">
                                    <reason>
                                      <message><![CDATA[unimplemented, needs IValues<ObjectType>, should go to Reference*Tests base class]]></message>
                                    </reason>
                                  </test-case>
                                  <test-case name="Kistl.GUI.Renderer.WPF.Tests.ObjectListControlTests.TestSetUpCorrect" executed="True" success="True" time="0.001" asserts="5" />
                                  <test-case name="Kistl.GUI.Renderer.WPF.Tests.ObjectListControlTests.TestShortLabel" executed="True" success="True" time="0.002" asserts="5" />
                                  <test-case name="Kistl.GUI.Renderer.WPF.Tests.ObjectListControlTests.TestUserInput" executed="True" success="True" time="0.003" asserts="15" />
                                  <test-case name="Kistl.GUI.Renderer.WPF.Tests.ObjectListControlTests.TestValueProgrammatically" executed="True" success="True" time="0.004" asserts="15" />
                                </results>
                              </test-suite>
                              <test-suite name="ObjectReferenceControlTests" success="True" time="0.025" asserts="2">
                                <results>
                                  <test-case name="Kistl.GUI.Renderer.WPF.Tests.ObjectReferenceControlTests.TestComboboxProgrammatically" executed="True" success="True" time="0.004" asserts="21" />
                                  <test-case name="Kistl.GUI.Renderer.WPF.Tests.ObjectReferenceControlTests.TestComboboxUserInput" executed="True" success="True" time="0.002" asserts="21" />
                                  <test-case name="Kistl.GUI.Renderer.WPF.Tests.ObjectReferenceControlTests.TestDescription" executed="True" success="True" time="0.002" asserts="6" />
                                  <test-case name="Kistl.GUI.Renderer.WPF.Tests.ObjectReferenceControlTests.TestFieldSize" executed="True" success="True" time="0.002" asserts="12" />
                                  <test-case name="Kistl.GUI.Renderer.WPF.Tests.ObjectReferenceControlTests.TestIsValidValue" executed="True" success="True" time="0.001" asserts="16" />
                                  <test-case name="Kistl.GUI.Renderer.WPF.Tests.ObjectReferenceControlTests.TestItemsSource" executed="False">
                                    <reason>
                                      <message><![CDATA[unimplemented]]></message>
                                    </reason>
                                  </test-case>
                                  <test-case name="Kistl.GUI.Renderer.WPF.Tests.ObjectReferenceControlTests.TestObjectType" executed="False">
                                    <reason>
                                      <message><![CDATA[unimplemented, needs IValues<ObjectType>, should go to Reference*Tests base class]]></message>
                                    </reason>
                                  </test-case>
                                  <test-case name="Kistl.GUI.Renderer.WPF.Tests.ObjectReferenceControlTests.TestSetUpCorrect" executed="True" success="True" time="0.001" asserts="6" />
                                  <test-case name="Kistl.GUI.Renderer.WPF.Tests.ObjectReferenceControlTests.TestShortLabel" executed="True" success="True" time="0.001" asserts="6" />
                                  <test-case name="Kistl.GUI.Renderer.WPF.Tests.ObjectReferenceControlTests.TestUserInput" executed="True" success="True" time="0.002" asserts="14" />
                                  <test-case name="Kistl.GUI.Renderer.WPF.Tests.ObjectReferenceControlTests.TestValueProgrammatically" executed="True" success="True" time="0.002" asserts="14" />
                                </results>
                              </test-suite>
                              <test-suite name="StringControlTests" success="True" time="0.027" asserts="2">
                                <results>
                                  <test-case name="Kistl.GUI.Renderer.WPF.Tests.StringControlTests.TestDescription" executed="True" success="True" time="0.003" asserts="5" />
                                  <test-case name="Kistl.GUI.Renderer.WPF.Tests.StringControlTests.TestFieldSize" executed="True" success="True" time="0.001" asserts="11" />
                                  <test-case name="Kistl.GUI.Renderer.WPF.Tests.StringControlTests.TestIsValidValue" executed="True" success="True" time="0.001" asserts="15" />
                                  <test-case name="Kistl.GUI.Renderer.WPF.Tests.StringControlTests.TestSetUpCorrect" executed="True" success="True" time="0.001" asserts="5" />
                                  <test-case name="Kistl.GUI.Renderer.WPF.Tests.StringControlTests.TestShortLabel" executed="True" success="True" time="0.001" asserts="5" />
                                  <test-case name="Kistl.GUI.Renderer.WPF.Tests.StringControlTests.TestUserInput" executed="True" success="True" time="0.003" asserts="35" />
                                  <test-case name="Kistl.GUI.Renderer.WPF.Tests.StringControlTests.TestValueProgrammatically" executed="True" success="True" time="0.002" asserts="35" />
                                </results>
                              </test-suite>
                            </results>
                          </test-suite>
                        </results>
                      </test-suite>
                    </results>
                  </test-suite>
                  <test-suite name="Tests" success="False" time="0.924" asserts="0">
                    <results>
                      <test-suite name="BackReferencePresenterTests" success="True" time="0.022" asserts="2">
                        <results>
                          <test-case name="Kistl.GUI.Tests.BackReferencePresenterTests.HandleInvalidUserInput" executed="True" success="True" time="0.008" asserts="18" />
                          <test-case name="Kistl.GUI.Tests.BackReferencePresenterTests.HandleNoUserInput" executed="True" success="True" time="0.001" asserts="10" />
                          <test-case name="Kistl.GUI.Tests.BackReferencePresenterTests.HandleNullUserInput" executed="True" success="True" time="0.002" asserts="17" />
                          <test-case name="Kistl.GUI.Tests.BackReferencePresenterTests.HandleProgrammaticChange" executed="True" success="True" time="0.001" asserts="78" />
                          <test-case name="Kistl.GUI.Tests.BackReferencePresenterTests.HandleValidUserInput" executed="True" success="True" time="0.001" asserts="78" />
                          <test-case name="Kistl.GUI.Tests.BackReferencePresenterTests.ReInit" executed="True" success="True" time="0.001" asserts="0" />
                          <test-case name="Kistl.GUI.Tests.BackReferencePresenterTests.TestPresenterSetUpCorrect" executed="True" success="True" time="0.001" asserts="11" />
                        </results>
                      </test-suite>
                      <test-suite name="BoolPresenterTests" success="True" time="0.026" asserts="2">
                        <results>
                          <test-case name="Kistl.GUI.Tests.BoolPresenterTests.HandleInvalidUserInput" executed="True" success="True" time="0.010" asserts="6" />
                          <test-case name="Kistl.GUI.Tests.BoolPresenterTests.HandleNoUserInput" executed="True" success="True" time="0.003" asserts="3" />
                          <test-case name="Kistl.GUI.Tests.BoolPresenterTests.HandleNullUserInput" executed="True" success="True" time="0.001" asserts="5" />
                          <test-case name="Kistl.GUI.Tests.BoolPresenterTests.HandleProgrammaticChange" executed="True" success="True" time="0.002" asserts="10" />
                          <test-case name="Kistl.GUI.Tests.BoolPresenterTests.HandleValidUserInput" executed="True" success="True" time="0.001" asserts="10" />
                          <test-case name="Kistl.GUI.Tests.BoolPresenterTests.ReInit" executed="True" success="True" time="0.002" asserts="0" />
                          <test-case name="Kistl.GUI.Tests.BoolPresenterTests.TestPresenterSetUpCorrect" executed="True" success="True" time="0.001" asserts="11" />
                        </results>
                      </test-suite>
                      <test-suite name="DateTimePresenterTests" success="True" time="0.019" asserts="2">
                        <results>
                          <test-case name="Kistl.GUI.Tests.DateTimePresenterTests.HandleInvalidUserInput" executed="True" success="True" time="0.007" asserts="6" />
                          <test-case name="Kistl.GUI.Tests.DateTimePresenterTests.HandleNoUserInput" executed="True" success="True" time="0.002" asserts="3" />
                          <test-case name="Kistl.GUI.Tests.DateTimePresenterTests.HandleNullUserInput" executed="True" success="True" time="0.001" asserts="5" />
                          <test-case name="Kistl.GUI.Tests.DateTimePresenterTests.HandleProgrammaticChange" executed="True" success="True" time="0.001" asserts="30" />
                          <test-case name="Kistl.GUI.Tests.DateTimePresenterTests.HandleValidUserInput" executed="True" success="True" time="0.000" asserts="30" />
                          <test-case name="Kistl.GUI.Tests.DateTimePresenterTests.ReInit" executed="True" success="True" time="0.001" asserts="0" />
                          <test-case name="Kistl.GUI.Tests.DateTimePresenterTests.TestPresenterSetUpCorrect" executed="True" success="True" time="0.000" asserts="11" />
                        </results>
                      </test-suite>
                      <test-suite name="DoublePresenterTests" success="True" time="0.019" asserts="2">
                        <results>
                          <test-case name="Kistl.GUI.Tests.DoublePresenterTests.HandleInvalidUserInput" executed="True" success="True" time="0.008" asserts="6" />
                          <test-case name="Kistl.GUI.Tests.DoublePresenterTests.HandleNoUserInput" executed="True" success="True" time="0.001" asserts="3" />
                          <test-case name="Kistl.GUI.Tests.DoublePresenterTests.HandleNullUserInput" executed="True" success="True" time="0.001" asserts="5" />
                          <test-case name="Kistl.GUI.Tests.DoublePresenterTests.HandleProgrammaticChange" executed="True" success="True" time="0.001" asserts="66" />
                          <test-case name="Kistl.GUI.Tests.DoublePresenterTests.HandleValidUserInput" executed="True" success="True" time="0.002" asserts="66" />
                          <test-case name="Kistl.GUI.Tests.DoublePresenterTests.ReInit" executed="True" success="True" time="0.001" asserts="0" />
                          <test-case name="Kistl.GUI.Tests.DoublePresenterTests.TestPresenterSetUpCorrect" executed="True" success="True" time="0.001" asserts="11" />
                        </results>
                      </test-suite>
                      <test-suite name="GuiDbTests" success="False" time="0.076" asserts="2">
                        <results>
                          <test-case name="Kistl.GUI.Tests.GuiDbTests.CreatePresenterFailNoInfo" executed="True" success="True" time="0.002" asserts="0" />
                          <test-case name="Kistl.GUI.Tests.GuiDbTests.CreatePresenterFailNoObject" executed="True" success="True" time="0.001" asserts="0" />
                          <test-case name="Kistl.GUI.Tests.GuiDbTests.CreatePresenterFailNoProperty" executed="True" success="False" time="0.050" asserts="0">
                            <failure>
                              <message><![CDATA[An unexpected exception type was thrown
Expected: System.ArgumentNullException
 but was: System.InvalidOperationException : Sequence contains no elements]]></message>
                              <stack-trace><![CDATA[bei System.Linq.Enumerable.Single[TSource](IEnumerable`1 source)
bei Kistl.GUI.DB.KistlGUIContext.FindPresenterInfo(Visual visual, Type sourceType) in E:\Projekte\Kistl\Kistl.Client\GUI.DB\KistlGUIContext.cs:Zeile 31.
bei Kistl.GUI.Tests.GuiDbTests.CreatePresenterFailNoProperty() in E:\Projekte\Kistl\Tests\Kistl.Client.Tests\GUI\GuiDbTests.cs:Zeile 63.
]]></stack-trace>
                            </failure>
                          </test-case>
                          <test-case name="Kistl.GUI.Tests.GuiDbTests.CreatePresenterFailNoVisual" executed="True" success="True" time="0.001" asserts="0" />
                          <test-case name="Kistl.GUI.Tests.GuiDbTests.CreatePresenterFailNoWidget" executed="True" success="True" time="0.001" asserts="0" />
                          <test-case name="Kistl.GUI.Tests.GuiDbTests.ReInit" executed="True" success="True" time="0.001" asserts="0" />
                          <test-case name="Kistl.GUI.Tests.GuiDbTests.TestPresenterSetUpCorrect" executed="True" success="True" time="0.000" asserts="11" />
                        </results>
                      </test-suite>
                      <test-suite name="IntPresenterTests" success="True" time="0.020" asserts="2">
                        <results>
                          <test-case name="Kistl.GUI.Tests.IntPresenterTests.HandleInvalidUserInput" executed="True" success="True" time="0.009" asserts="6" />
                          <test-case name="Kistl.GUI.Tests.IntPresenterTests.HandleNoUserInput" executed="True" success="True" time="0.001" asserts="3" />
                          <test-case name="Kistl.GUI.Tests.IntPresenterTests.HandleNullUserInput" executed="True" success="True" time="0.000" asserts="5" />
                          <test-case name="Kistl.GUI.Tests.IntPresenterTests.HandleProgrammaticChange" executed="True" success="True" time="0.001" asserts="70" />
                          <test-case name="Kistl.GUI.Tests.IntPresenterTests.HandleValidUserInput" executed="True" success="True" time="0.001" asserts="70" />
                          <test-case name="Kistl.GUI.Tests.IntPresenterTests.ReInit" executed="True" success="True" time="0.001" asserts="0" />
                          <test-case name="Kistl.GUI.Tests.IntPresenterTests.TestPresenterSetUpCorrect" executed="True" success="True" time="0.000" asserts="11" />
                        </results>
                      </test-suite>
                      <test-suite name="ObjectListPresenterTests" success="True" time="0.015" asserts="2">
                        <results>
                          <test-case name="Kistl.GUI.Tests.ObjectListPresenterTests.HandleInvalidUserInput" executed="True" success="True" time="0.004" asserts="18" />
                          <test-case name="Kistl.GUI.Tests.ObjectListPresenterTests.HandleNoUserInput" executed="True" success="True" time="0.001" asserts="10" />
                          <test-case name="Kistl.GUI.Tests.ObjectListPresenterTests.HandleNullUserInput" executed="True" success="True" time="0.000" asserts="17" />
                          <test-case name="Kistl.GUI.Tests.ObjectListPresenterTests.HandleProgrammaticChange" executed="True" success="True" time="0.001" asserts="78" />
                          <test-case name="Kistl.GUI.Tests.ObjectListPresenterTests.HandleValidUserInput" executed="True" success="True" time="0.001" asserts="78" />
                          <test-case name="Kistl.GUI.Tests.ObjectListPresenterTests.ReInit" executed="True" success="True" time="0.002" asserts="0" />
                          <test-case name="Kistl.GUI.Tests.ObjectListPresenterTests.TestPresenterSetUpCorrect" executed="True" success="True" time="0.001" asserts="11" />
                        </results>
                      </test-suite>
                      <test-suite name="ObjectReferencePresenterTests" success="True" time="0.014" asserts="2">
                        <results>
                          <test-case name="Kistl.GUI.Tests.ObjectReferencePresenterTests.HandleInvalidUserInput" executed="True" success="True" time="0.003" asserts="18" />
                          <test-case name="Kistl.GUI.Tests.ObjectReferencePresenterTests.HandleNoUserInput" executed="True" success="True" time="0.001" asserts="10" />
                          <test-case name="Kistl.GUI.Tests.ObjectReferencePresenterTests.HandleNullUserInput" executed="True" success="True" time="0.001" asserts="17" />
                          <test-case name="Kistl.GUI.Tests.ObjectReferencePresenterTests.HandleProgrammaticChange" executed="True" success="True" time="0.001" asserts="68" />
                          <test-case name="Kistl.GUI.Tests.ObjectReferencePresenterTests.HandleValidUserInput" executed="True" success="True" time="0.001" asserts="68" />
                          <test-case name="Kistl.GUI.Tests.ObjectReferencePresenterTests.ReInit" executed="True" success="True" time="0.001" asserts="0" />
                          <test-case name="Kistl.GUI.Tests.ObjectReferencePresenterTests.TestPresenterSetUpCorrect" executed="True" success="True" time="0.001" asserts="11" />
                        </results>
                      </test-suite>
                      <test-suite name="StringPresenterTests" success="True" time="0.012" asserts="2">
                        <results>
                          <test-case name="Kistl.GUI.Tests.StringPresenterTests.HandleInvalidUserInput" executed="True" success="True" time="0.003" asserts="6" />
                          <test-case name="Kistl.GUI.Tests.StringPresenterTests.HandleNoUserInput" executed="True" success="True" time="0.001" asserts="4" />
                          <test-case name="Kistl.GUI.Tests.StringPresenterTests.HandleNullUserInput" executed="True" success="True" time="0.000" asserts="5" />
                          <test-case name="Kistl.GUI.Tests.StringPresenterTests.HandleProgrammaticChange" executed="True" success="True" time="0.001" asserts="70" />
                          <test-case name="Kistl.GUI.Tests.StringPresenterTests.HandleValidUserInput" executed="True" success="True" time="0.000" asserts="70" />
                          <test-case name="Kistl.GUI.Tests.StringPresenterTests.ReInit" executed="True" success="True" time="0.001" asserts="0" />
                          <test-case name="Kistl.GUI.Tests.StringPresenterTests.TestPresenterSetUpCorrect" executed="True" success="True" time="0.001" asserts="11" />
                        </results>
                      </test-suite>
                      <test-suite name="TemplateTests" success="False" time="0.653" asserts="0">
                        <results>
                          <test-case name="Kistl.GUI.Tests.TemplateTests.TestDefaultsOther" executed="False">
                            <reason>
                              <message><![CDATA[unable to test at the moment, because ClientHelper.Objectclasses cannot be mocked]]></message>
                            </reason>
                          </test-case>
                          <test-case name="Kistl.GUI.Tests.TemplateTests.TestDefaultUnknownObjectType" executed="True" success="False" time="0.641" asserts="1">
                            <failure>
                              <message><![CDATA[System.InvalidOperationException : Es wurde kein standardmäßiges Endpunktelement gefunden, das auf den Vertrag "KistlService.IKistlService" im ServiceModel-Clientkonfigurationsabschnitt verweist. Dies kann folgende Ursachen haben: Für die Anwendung wurde keine Konfigurationsdatei gefunden, oder im Clientelement wurde kein Endpunktelement gefunden, das diesem Vertrag entsprach.]]></message>
                              <stack-trace><![CDATA[bei System.ServiceModel.Description.ConfigLoader.LoadChannelBehaviors(ServiceEndpoint serviceEndpoint, String configurationName)
bei System.ServiceModel.ChannelFactory.ApplyConfiguration(String configurationName)
bei System.ServiceModel.ChannelFactory.InitializeEndpoint(String configurationName, EndpointAddress address)
bei System.ServiceModel.ChannelFactory`1..ctor(String endpointConfigurationName, EndpointAddress remoteAddress)
bei System.ServiceModel.EndpointTrait`1.CreateSimplexFactory()
bei System.ServiceModel.ClientBase`1.CreateChannelFactoryRef(EndpointTrait`1 endpointTrait)
bei System.ServiceModel.ClientBase`1.InitializeChannelFactoryRef()
bei System.ServiceModel.ClientBase`1..ctor()
bei Kistl.API.Client.KistlService.KistlServiceClient..ctor() in E:\Projekte\Kistl\Kistl.API.Client\Service References\KistlService\Reference.cs:Zeile 51.
bei Kistl.API.Client.ProxyImplementation..ctor() in E:\Projekte\Kistl\Kistl.API.Client\Proxy.cs:Zeile 121.
bei Kistl.API.Client.Proxy.get_Current() in E:\Projekte\Kistl\Kistl.API.Client\Proxy.cs:Zeile 44.
bei Kistl.API.Client.KistlContextProvider`1.GetListCall(Expression e) in E:\Projekte\Kistl\Kistl.API.Client\LinqToKistl\KistlContextProvider.cs:Zeile 89.
bei Kistl.API.Client.KistlContextProvider`1.Execute(Expression e) in E:\Projekte\Kistl\Kistl.API.Client\LinqToKistl\KistlContextProvider.cs:Zeile 163.
bei Kistl.API.Client.KistlContextProvider`1.Execute[TResult](Expression e) in E:\Projekte\Kistl\Kistl.API.Client\LinqToKistl\KistlContextProvider.cs:Zeile 152.
bei Kistl.API.Client.KistlContextQuery`1.GetEnumerator() in E:\Projekte\Kistl\Kistl.API.Client\LinqToKistl\KistlContextQuery.cs:Zeile 40.
bei System.Linq.Enumerable.ToDictionary[TSource,TKey,TElement](IEnumerable`1 source, Func`2 keySelector, Func`2 elementSelector, IEqualityComparer`1 comparer)
bei System.Linq.Enumerable.ToDictionary[TSource,TKey](IEnumerable`1 source, Func`2 keySelector)
bei Kistl.Client.ClientHelper.FetchModules() in E:\Projekte\Kistl\Kistl.Client\ClientHelper.cs:Zeile 93.
bei Kistl.Client.ClientHelper.FetchObjectClasses() in E:\Projekte\Kistl\Kistl.Client\ClientHelper.cs:Zeile 60.
bei Kistl.Client.ClientHelper.get_ObjectClasses() in E:\Projekte\Kistl\Kistl.Client\ClientHelper.cs:Zeile 78.
bei Kistl.GUI.DB.Template.DefaultTemplate(ObjectType objectType) in E:\Projekte\Kistl\Kistl.Client\GUI.DB\Template.cs:Zeile 38.
bei Kistl.GUI.Tests.TemplateTests.TestDefaultUnknownObjectType() in E:\Projekte\Kistl\Tests\Kistl.Client.Tests\GUI\GuiDbTests.cs:Zeile 198.
]]></stack-trace>
                            </failure>
                          </test-case>
                          <test-case name="Kistl.GUI.Tests.TemplateTests.TestProperties" executed="True" success="True" time="0.001" asserts="5" />
                        </results>
                      </test-suite>
                      <test-suite name="VisualTests" success="True" time="0.012" asserts="0">
                        <results>
                          <test-case name="Kistl.GUI.Tests.VisualTests.TestDefaults" executed="True" success="True" time="0.004" asserts="9" />
                          <test-case name="Kistl.GUI.Tests.VisualTests.TestEnumeration" executed="True" success="True" time="0.001" asserts="1" />
                          <test-case name="Kistl.GUI.Tests.VisualTests.TestFailure" executed="True" success="True" time="0.001" asserts="1" />
                          <test-case name="Kistl.GUI.Tests.VisualTests.TestProperties" executed="True" success="True" time="0.001" asserts="5" />
                          <test-case name="Kistl.GUI.Tests.VisualTests.TestValueType" executed="True" success="True" time="0.001" asserts="1" />
                        </results>
                      </test-suite>
                    </results>
                  </test-suite>
                </results>
              </test-suite>
            </results>
          </test-suite>
        </results>
      </test-suite>
    </results>
  </test-suite>
</test-results>