<?xml version="1.0" encoding="utf-8" standalone="no"?>
<!--This file represents the results of running a test suite-->
<test-results name="E:\Projekte\Kistl\Tests\Kistl.Client.Tests\Kistl.Client.Tests.nunit" total="154" failures="106" not-run="37" date="2008-07-22" time="17:22:56">
  <environment nunit-version="2.4.7.0" clr-version="2.0.50727.1433" os-version="Microsoft Windows NT 6.0.6000.0" platform="Win32NT" cwd="E:\Projekte\Kistl\Tests\Kistl.Client.Tests" machine-name="KISTL" user="david" user-domain="kistl" />
  <culture-info current-culture="de-AT" current-uiculture="de-DE" />
  <test-suite name="E:\Projekte\Kistl\Tests\Kistl.Client.Tests\Kistl.Client.Tests.nunit" success="False" time="14.399" asserts="0">
    <results>
      <test-suite name="E:\Projekte\Kistl\Tests\Kistl.Client.Tests\bin\Debug\Kistl.Client.Tests.exe" success="False" time="14.180" asserts="0">
        <results>
          <test-suite name="Kistl" success="False" time="3.572" asserts="0">
            <results>
              <test-suite name="GUI" success="False" time="3.557" asserts="0">
                <results>
                  <test-suite name="Integration" success="False" time="0.484" asserts="0">
                    <results>
                      <test-suite name="WPF" success="False" time="0.468" asserts="0">
                        <results>
                          <test-suite name="ObjectReferenceControlIntegrationTests" success="False" time="0.468" asserts="0">
                            <failure>
                              <message><![CDATA[System.TypeInitializationException : Der Typeninitialisierer für Kistl.GUI.Tests.TestObjectValues hat eine Ausnahme verursacht.
  ----> NMock2.Internal.ExpectationException : unexpected invocation of MockContext.ContainsObject(<Kistl.App.Base.ObjectReferenceProperty>, <94>)
Expected:
Stubs:
  Stub: MockContext.Find(equal to <97>), will return <Kistl.App.Base.Module> [called 0 times]
  Stub: MockContext.ContainsObject(equal to <Kistl.App.Base.Module>, equal to <97>), will return <Kistl.App.Base.Module> [called 2 times]
  Stub: MockContext.Find(equal to <98>), will return <Kistl.App.Base.ObjectClass> [called 0 times]
  Stub: MockContext.ContainsObject(equal to <Kistl.App.Base.ObjectClass>, equal to <98>), will return <Kistl.App.Base.ObjectClass> [called 2 times]
  Stub: MockContext.Find(equal to <95>), will return <Kistl.App.Base.Module> [called 0 times]
  Stub: MockContext.ContainsObject(equal to <Kistl.App.Base.Module>, equal to <95>), will return <Kistl.App.Base.Module> [called 2 times]
  Stub: MockContext.Find(equal to <96>), will return <Kistl.App.Base.ObjectClass> [called 0 times]
  Stub: MockContext.ContainsObject(equal to <Kistl.App.Base.ObjectClass>, equal to <96>), will return <Kistl.App.Base.ObjectClass> [called 2 times]
]]></message>
                              <stack-trace><![CDATA[bei Kistl.GUI.Tests.TestObjectValues.get_TestValues()
bei Kistl.GUI.Integration.WPF.ObjectReferenceControlIntegrationTests..ctor() in E:\Projekte\Kistl\Tests\Kistl.Client.Tests\Integration\ObjectReferenceControlIntegration.cs:Zeile 24.
--ExpectationException
bei NMock2.Mockery.FailUnexpectedInvocation(Invocation invocation) in E:\Projekte\Kistl\Tests\NMock2\Mockery.cs:Zeile 184.
bei NMock2.Mockery.Dispatch(Invocation invocation) in E:\Projekte\Kistl\Tests\NMock2\Mockery.cs:Zeile 88.
bei NMock2.Internal.MockObject.Invoke(Invocation invocation) in E:\Projekte\Kistl\Tests\NMock2\Internal\MockObject.cs:Zeile 30.
bei NMock2.Monitoring.Invoker.Invoke(Invocation invocation) in E:\Projekte\Kistl\Tests\NMock2\Monitoring\Invoker.cs:Zeile 26.
bei NMock2.Monitoring.ProxiedObjectIdentity.Invoke(Invocation invocation) in E:\Projekte\Kistl\Tests\NMock2\Monitoring\ProxiedObjectIdentity.cs:Zeile 35.
bei NMock2.Monitoring.ProxyInvokableAdapter.Invoke(IMessage msg) in E:\Projekte\Kistl\Tests\NMock2\Monitoring\ProxyInvokableAdapter.cs:Zeile 27.
bei System.Runtime.Remoting.Proxies.RealProxy.PrivateInvoke(MessageData& msgData, Int32 type)
bei Kistl.API.IKistlContext.ContainsObject(Type type, Int32 ID)
bei Kistl.API.Client.BaseClientPersistenceObject.AttachToContext(IKistlContext ctx) in E:\Projekte\Kistl\Kistl.API.Client\BaseClientDataObject.cs:Zeile 51.
bei Kistl.App.Base.BaseProperty.AttachToContext(IKistlContext ctx) in E:\Projekte\Kistl\Kistl.Objects.Client\BaseProperty.Client.Designer.cs:Zeile 197.
bei Kistl.App.Base.Property.AttachToContext(IKistlContext ctx) in E:\Projekte\Kistl\Kistl.Objects.Client\Property.Client.Designer.cs:Zeile 115.
bei Kistl.App.Base.ObjectReferenceProperty.AttachToContext(IKistlContext ctx) in E:\Projekte\Kistl\Kistl.Objects.Client\ObjectReferenceProperty.Client.Designer.cs:Zeile 109.
bei Kistl.Client.Mocks.TestObject..ctor() in E:\Projekte\Kistl\Tests\Kistl.Client.Tests\Mocks\TestObject.cs:Zeile 25.
bei Kistl.GUI.Tests.TestObjectValues..ctor() in E:\Projekte\Kistl\Tests\Kistl.Client.Tests\GUI\ObjectPresenterTests.cs:Zeile 48.
bei Kistl.GUI.Tests.TestObjectValues..cctor() in E:\Projekte\Kistl\Tests\Kistl.Client.Tests\GUI\ObjectPresenterTests.cs:Zeile 42.
]]></stack-trace>
                            </failure>
                            <results>
                              <test-case name="Kistl.GUI.Integration.WPF.ObjectReferenceControlIntegrationTests.HandleInvalidUserInput" executed="True" success="False" time="0.000" asserts="0">
                                <failure>
                                  <message><![CDATA[TestFixtureSetUp failed in ObjectReferenceControlIntegrationTests]]></message>
                                  <stack-trace />
                                </failure>
                              </test-case>
                              <test-case name="Kistl.GUI.Integration.WPF.ObjectReferenceControlIntegrationTests.HandleNoUserInput" executed="True" success="False" time="0.000" asserts="0">
                                <failure>
                                  <message><![CDATA[TestFixtureSetUp failed in ObjectReferenceControlIntegrationTests]]></message>
                                  <stack-trace />
                                </failure>
                              </test-case>
                              <test-case name="Kistl.GUI.Integration.WPF.ObjectReferenceControlIntegrationTests.HandleNullUserInput" executed="True" success="False" time="0.000" asserts="0">
                                <failure>
                                  <message><![CDATA[TestFixtureSetUp failed in ObjectReferenceControlIntegrationTests]]></message>
                                  <stack-trace />
                                </failure>
                              </test-case>
                              <test-case name="Kistl.GUI.Integration.WPF.ObjectReferenceControlIntegrationTests.HandleProgrammaticChange" executed="True" success="False" time="0.000" asserts="0">
                                <failure>
                                  <message><![CDATA[TestFixtureSetUp failed in ObjectReferenceControlIntegrationTests]]></message>
                                  <stack-trace />
                                </failure>
                              </test-case>
                              <test-case name="Kistl.GUI.Integration.WPF.ObjectReferenceControlIntegrationTests.HandleValidUserInput" executed="True" success="False" time="0.000" asserts="0">
                                <failure>
                                  <message><![CDATA[TestFixtureSetUp failed in ObjectReferenceControlIntegrationTests]]></message>
                                  <stack-trace />
                                </failure>
                              </test-case>
                              <test-case name="Kistl.GUI.Integration.WPF.ObjectReferenceControlIntegrationTests.ReInit" executed="True" success="False" time="0.000" asserts="0">
                                <failure>
                                  <message><![CDATA[TestFixtureSetUp failed in ObjectReferenceControlIntegrationTests]]></message>
                                  <stack-trace />
                                </failure>
                              </test-case>
                              <test-case name="Kistl.GUI.Integration.WPF.ObjectReferenceControlIntegrationTests.TestPresenterSetUpCorrect" executed="True" success="False" time="0.000" asserts="0">
                                <failure>
                                  <message><![CDATA[TestFixtureSetUp failed in ObjectReferenceControlIntegrationTests]]></message>
                                  <stack-trace />
                                </failure>
                              </test-case>
                            </results>
                          </test-suite>
                        </results>
                      </test-suite>
                    </results>
                  </test-suite>
                  <test-suite name="Renderer" success="False" time="2.246" asserts="0">
                    <results>
                      <test-suite name="ASPNET" success="True" time="0.062" asserts="0">
                        <results>
                          <test-suite name="Tests" success="True" time="0.062" asserts="0">
                            <results>
                              <test-suite name="BoolControlTests" success="True" time="0.016" asserts="0">
                                <results>
                                  <test-case name="Kistl.GUI.Renderer.ASPNET.Tests.BoolControlTests.TestDescription" executed="False">
                                    <reason>
                                      <message><![CDATA[TODO: ASP.NET Testframework]]></message>
                                    </reason>
                                  </test-case>
                                  <test-case name="Kistl.GUI.Renderer.ASPNET.Tests.BoolControlTests.TestFieldSize" executed="False">
                                    <reason>
                                      <message><![CDATA[TODO: ASP.NET Testframework]]></message>
                                    </reason>
                                  </test-case>
                                  <test-case name="Kistl.GUI.Renderer.ASPNET.Tests.BoolControlTests.TestIsValidValue" executed="False">
                                    <reason>
                                      <message><![CDATA[TODO: ASP.NET Testframework]]></message>
                                    </reason>
                                  </test-case>
                                  <test-case name="Kistl.GUI.Renderer.ASPNET.Tests.BoolControlTests.TestSetUpCorrect" executed="False">
                                    <reason>
                                      <message><![CDATA[TODO: ASP.NET Testframework]]></message>
                                    </reason>
                                  </test-case>
                                  <test-case name="Kistl.GUI.Renderer.ASPNET.Tests.BoolControlTests.TestShortLabel" executed="False">
                                    <reason>
                                      <message><![CDATA[TODO: ASP.NET Testframework]]></message>
                                    </reason>
                                  </test-case>
                                  <test-case name="Kistl.GUI.Renderer.ASPNET.Tests.BoolControlTests.TestUserInput" executed="False">
                                    <reason>
                                      <message><![CDATA[TODO: ASP.NET Testframework]]></message>
                                    </reason>
                                  </test-case>
                                  <test-case name="Kistl.GUI.Renderer.ASPNET.Tests.BoolControlTests.TestValueProgrammatically" executed="False">
                                    <reason>
                                      <message><![CDATA[TODO: ASP.NET Testframework]]></message>
                                    </reason>
                                  </test-case>
                                </results>
                              </test-suite>
                              <test-suite name="DateTimeControlTests" success="True" time="0.000" asserts="0">
                                <results>
                                  <test-case name="Kistl.GUI.Renderer.ASPNET.Tests.DateTimeControlTests.TestDescription" executed="False">
                                    <reason>
                                      <message><![CDATA[TODO: ASP.NET Testframework]]></message>
                                    </reason>
                                  </test-case>
                                  <test-case name="Kistl.GUI.Renderer.ASPNET.Tests.DateTimeControlTests.TestFieldSize" executed="False">
                                    <reason>
                                      <message><![CDATA[TODO: ASP.NET Testframework]]></message>
                                    </reason>
                                  </test-case>
                                  <test-case name="Kistl.GUI.Renderer.ASPNET.Tests.DateTimeControlTests.TestIsValidValue" executed="False">
                                    <reason>
                                      <message><![CDATA[TODO: ASP.NET Testframework]]></message>
                                    </reason>
                                  </test-case>
                                  <test-case name="Kistl.GUI.Renderer.ASPNET.Tests.DateTimeControlTests.TestSetUpCorrect" executed="False">
                                    <reason>
                                      <message><![CDATA[TODO: ASP.NET Testframework]]></message>
                                    </reason>
                                  </test-case>
                                  <test-case name="Kistl.GUI.Renderer.ASPNET.Tests.DateTimeControlTests.TestShortLabel" executed="False">
                                    <reason>
                                      <message><![CDATA[TODO: ASP.NET Testframework]]></message>
                                    </reason>
                                  </test-case>
                                  <test-case name="Kistl.GUI.Renderer.ASPNET.Tests.DateTimeControlTests.TestUserInput" executed="False">
                                    <reason>
                                      <message><![CDATA[TODO: ASP.NET Testframework]]></message>
                                    </reason>
                                  </test-case>
                                  <test-case name="Kistl.GUI.Renderer.ASPNET.Tests.DateTimeControlTests.TestValueProgrammatically" executed="False">
                                    <reason>
                                      <message><![CDATA[TODO: ASP.NET Testframework]]></message>
                                    </reason>
                                  </test-case>
                                </results>
                              </test-suite>
                              <test-suite name="DoubleControlTests" success="True" time="0.016" asserts="0">
                                <results>
                                  <test-case name="Kistl.GUI.Renderer.ASPNET.Tests.DoubleControlTests.TestDescription" executed="False">
                                    <reason>
                                      <message><![CDATA[TODO: ASP.NET Testframework]]></message>
                                    </reason>
                                  </test-case>
                                  <test-case name="Kistl.GUI.Renderer.ASPNET.Tests.DoubleControlTests.TestFieldSize" executed="False">
                                    <reason>
                                      <message><![CDATA[TODO: ASP.NET Testframework]]></message>
                                    </reason>
                                  </test-case>
                                  <test-case name="Kistl.GUI.Renderer.ASPNET.Tests.DoubleControlTests.TestIsValidValue" executed="False">
                                    <reason>
                                      <message><![CDATA[TODO: ASP.NET Testframework]]></message>
                                    </reason>
                                  </test-case>
                                  <test-case name="Kistl.GUI.Renderer.ASPNET.Tests.DoubleControlTests.TestSetUpCorrect" executed="False">
                                    <reason>
                                      <message><![CDATA[TODO: ASP.NET Testframework]]></message>
                                    </reason>
                                  </test-case>
                                  <test-case name="Kistl.GUI.Renderer.ASPNET.Tests.DoubleControlTests.TestShortLabel" executed="False">
                                    <reason>
                                      <message><![CDATA[TODO: ASP.NET Testframework]]></message>
                                    </reason>
                                  </test-case>
                                  <test-case name="Kistl.GUI.Renderer.ASPNET.Tests.DoubleControlTests.TestUserInput" executed="False">
                                    <reason>
                                      <message><![CDATA[TODO: ASP.NET Testframework]]></message>
                                    </reason>
                                  </test-case>
                                  <test-case name="Kistl.GUI.Renderer.ASPNET.Tests.DoubleControlTests.TestValueProgrammatically" executed="False">
                                    <reason>
                                      <message><![CDATA[TODO: ASP.NET Testframework]]></message>
                                    </reason>
                                  </test-case>
                                </results>
                              </test-suite>
                              <test-suite name="IntControlTests" success="True" time="0.016" asserts="0">
                                <results>
                                  <test-case name="Kistl.GUI.Renderer.ASPNET.Tests.IntControlTests.TestDescription" executed="False">
                                    <reason>
                                      <message><![CDATA[TODO: ASP.NET Testframework]]></message>
                                    </reason>
                                  </test-case>
                                  <test-case name="Kistl.GUI.Renderer.ASPNET.Tests.IntControlTests.TestFieldSize" executed="False">
                                    <reason>
                                      <message><![CDATA[TODO: ASP.NET Testframework]]></message>
                                    </reason>
                                  </test-case>
                                  <test-case name="Kistl.GUI.Renderer.ASPNET.Tests.IntControlTests.TestIsValidValue" executed="False">
                                    <reason>
                                      <message><![CDATA[TODO: ASP.NET Testframework]]></message>
                                    </reason>
                                  </test-case>
                                  <test-case name="Kistl.GUI.Renderer.ASPNET.Tests.IntControlTests.TestSetUpCorrect" executed="False">
                                    <reason>
                                      <message><![CDATA[TODO: ASP.NET Testframework]]></message>
                                    </reason>
                                  </test-case>
                                  <test-case name="Kistl.GUI.Renderer.ASPNET.Tests.IntControlTests.TestShortLabel" executed="False">
                                    <reason>
                                      <message><![CDATA[TODO: ASP.NET Testframework]]></message>
                                    </reason>
                                  </test-case>
                                  <test-case name="Kistl.GUI.Renderer.ASPNET.Tests.IntControlTests.TestUserInput" executed="False">
                                    <reason>
                                      <message><![CDATA[TODO: ASP.NET Testframework]]></message>
                                    </reason>
                                  </test-case>
                                  <test-case name="Kistl.GUI.Renderer.ASPNET.Tests.IntControlTests.TestValueProgrammatically" executed="False">
                                    <reason>
                                      <message><![CDATA[TODO: ASP.NET Testframework]]></message>
                                    </reason>
                                  </test-case>
                                </results>
                              </test-suite>
                              <test-suite name="StringControlTests" success="True" time="0.000" asserts="0">
                                <results>
                                  <test-case name="Kistl.GUI.Renderer.ASPNET.Tests.StringControlTests.TestDescription" executed="False">
                                    <reason>
                                      <message><![CDATA[TODO: ASP.NET Testframework]]></message>
                                    </reason>
                                  </test-case>
                                  <test-case name="Kistl.GUI.Renderer.ASPNET.Tests.StringControlTests.TestFieldSize" executed="False">
                                    <reason>
                                      <message><![CDATA[TODO: ASP.NET Testframework]]></message>
                                    </reason>
                                  </test-case>
                                  <test-case name="Kistl.GUI.Renderer.ASPNET.Tests.StringControlTests.TestIsValidValue" executed="False">
                                    <reason>
                                      <message><![CDATA[TODO: ASP.NET Testframework]]></message>
                                    </reason>
                                  </test-case>
                                  <test-case name="Kistl.GUI.Renderer.ASPNET.Tests.StringControlTests.TestSetUpCorrect" executed="False">
                                    <reason>
                                      <message><![CDATA[TODO: ASP.NET Testframework]]></message>
                                    </reason>
                                  </test-case>
                                  <test-case name="Kistl.GUI.Renderer.ASPNET.Tests.StringControlTests.TestShortLabel" executed="False">
                                    <reason>
                                      <message><![CDATA[TODO: ASP.NET Testframework]]></message>
                                    </reason>
                                  </test-case>
                                  <test-case name="Kistl.GUI.Renderer.ASPNET.Tests.StringControlTests.TestUserInput" executed="False">
                                    <reason>
                                      <message><![CDATA[TODO: ASP.NET Testframework]]></message>
                                    </reason>
                                  </test-case>
                                  <test-case name="Kistl.GUI.Renderer.ASPNET.Tests.StringControlTests.TestValueProgrammatically" executed="False">
                                    <reason>
                                      <message><![CDATA[TODO: ASP.NET Testframework]]></message>
                                    </reason>
                                  </test-case>
                                </results>
                              </test-suite>
                            </results>
                          </test-suite>
                        </results>
                      </test-suite>
                      <test-suite name="WPF" success="False" time="2.184" asserts="0">
                        <results>
                          <test-suite name="Tests" success="False" time="2.184" asserts="0">
                            <results>
                              <test-suite name="BoolControlTests" success="True" time="1.217" asserts="2">
                                <results>
                                  <test-case name="Kistl.GUI.Renderer.WPF.Tests.BoolControlTests.TestDescription" executed="True" success="True" time="1.139" asserts="5" />
                                  <test-case name="Kistl.GUI.Renderer.WPF.Tests.BoolControlTests.TestFieldSize" executed="True" success="True" time="0.016" asserts="11" />
                                  <test-case name="Kistl.GUI.Renderer.WPF.Tests.BoolControlTests.TestIsValidValue" executed="True" success="True" time="0.016" asserts="15" />
                                  <test-case name="Kistl.GUI.Renderer.WPF.Tests.BoolControlTests.TestSetUpCorrect" executed="True" success="True" time="0.000" asserts="5" />
                                  <test-case name="Kistl.GUI.Renderer.WPF.Tests.BoolControlTests.TestShortLabel" executed="True" success="True" time="0.000" asserts="5" />
                                  <test-case name="Kistl.GUI.Renderer.WPF.Tests.BoolControlTests.TestUserInput" executed="True" success="True" time="0.000" asserts="5" />
                                  <test-case name="Kistl.GUI.Renderer.WPF.Tests.BoolControlTests.TestValueProgrammatically" executed="True" success="True" time="0.000" asserts="5" />
                                </results>
                              </test-suite>
                              <test-suite name="DateTimeControlTests" success="True" time="0.374" asserts="2">
                                <results>
                                  <test-case name="Kistl.GUI.Renderer.WPF.Tests.DateTimeControlTests.TestDescription" executed="True" success="True" time="0.328" asserts="5" />
                                  <test-case name="Kistl.GUI.Renderer.WPF.Tests.DateTimeControlTests.TestFieldSize" executed="True" success="True" time="0.016" asserts="11" />
                                  <test-case name="Kistl.GUI.Renderer.WPF.Tests.DateTimeControlTests.TestIsValidValue" executed="True" success="True" time="0.000" asserts="15" />
                                  <test-case name="Kistl.GUI.Renderer.WPF.Tests.DateTimeControlTests.TestSetUpCorrect" executed="True" success="True" time="0.000" asserts="5" />
                                  <test-case name="Kistl.GUI.Renderer.WPF.Tests.DateTimeControlTests.TestShortLabel" executed="True" success="True" time="0.000" asserts="5" />
                                  <test-case name="Kistl.GUI.Renderer.WPF.Tests.DateTimeControlTests.TestUserInput" executed="True" success="True" time="0.031" asserts="15" />
                                  <test-case name="Kistl.GUI.Renderer.WPF.Tests.DateTimeControlTests.TestValueProgrammatically" executed="True" success="True" time="0.000" asserts="15" />
                                </results>
                              </test-suite>
                              <test-suite name="DoubleControlTests" success="True" time="0.406" asserts="2">
                                <results>
                                  <test-case name="Kistl.GUI.Renderer.WPF.Tests.DoubleControlTests.TestDescription" executed="True" success="True" time="0.312" asserts="5" />
                                  <test-case name="Kistl.GUI.Renderer.WPF.Tests.DoubleControlTests.TestFieldSize" executed="True" success="True" time="0.000" asserts="11" />
                                  <test-case name="Kistl.GUI.Renderer.WPF.Tests.DoubleControlTests.TestIsValidValue" executed="True" success="True" time="0.000" asserts="15" />
                                  <test-case name="Kistl.GUI.Renderer.WPF.Tests.DoubleControlTests.TestSetUpCorrect" executed="True" success="True" time="0.000" asserts="5" />
                                  <test-case name="Kistl.GUI.Renderer.WPF.Tests.DoubleControlTests.TestShortLabel" executed="True" success="True" time="0.000" asserts="5" />
                                  <test-case name="Kistl.GUI.Renderer.WPF.Tests.DoubleControlTests.TestUserInput" executed="True" success="True" time="0.078" asserts="33" />
                                  <test-case name="Kistl.GUI.Renderer.WPF.Tests.DoubleControlTests.TestValueProgrammatically" executed="True" success="True" time="0.000" asserts="33" />
                                </results>
                              </test-suite>
                              <test-suite name="IntControlTests" success="True" time="0.031" asserts="2">
                                <results>
                                  <test-case name="Kistl.GUI.Renderer.WPF.Tests.IntControlTests.TestDescription" executed="True" success="True" time="0.016" asserts="5" />
                                  <test-case name="Kistl.GUI.Renderer.WPF.Tests.IntControlTests.TestFieldSize" executed="True" success="True" time="0.000" asserts="11" />
                                  <test-case name="Kistl.GUI.Renderer.WPF.Tests.IntControlTests.TestIsValidValue" executed="True" success="True" time="0.000" asserts="15" />
                                  <test-case name="Kistl.GUI.Renderer.WPF.Tests.IntControlTests.TestSetUpCorrect" executed="True" success="True" time="0.000" asserts="5" />
                                  <test-case name="Kistl.GUI.Renderer.WPF.Tests.IntControlTests.TestShortLabel" executed="True" success="True" time="0.000" asserts="5" />
                                  <test-case name="Kistl.GUI.Renderer.WPF.Tests.IntControlTests.TestUserInput" executed="True" success="True" time="0.016" asserts="35" />
                                  <test-case name="Kistl.GUI.Renderer.WPF.Tests.IntControlTests.TestValueProgrammatically" executed="True" success="True" time="0.000" asserts="35" />
                                </results>
                              </test-suite>
                              <test-suite name="ListValuesTests" success="True" time="0.062" asserts="0">
                                <results>
                                  <test-case name="Kistl.GUI.Renderer.WPF.Tests.ListValuesTests.TestInvalids" executed="True" success="True" time="0.031" asserts="8" />
                                  <test-case name="Kistl.GUI.Renderer.WPF.Tests.ListValuesTests.TestIsValid" executed="True" success="True" time="0.000" asserts="14" />
                                  <test-case name="Kistl.GUI.Renderer.WPF.Tests.ListValuesTests.TestNonUniqueListGenerationCore" executed="True" success="True" time="0.016" asserts="7" />
                                  <test-case name="Kistl.GUI.Renderer.WPF.Tests.ListValuesTests.TestNonUniqueListGenerationWithEmpty" executed="True" success="True" time="0.016" asserts="37" />
                                  <test-case name="Kistl.GUI.Renderer.WPF.Tests.ListValuesTests.TestNonUniqueListGenerationWithoutEmpty" executed="True" success="True" time="0.000" asserts="37" />
                                  <test-case name="Kistl.GUI.Renderer.WPF.Tests.ListValuesTests.TestUniqueListGenerationCore" executed="True" success="True" time="0.000" asserts="6" />
                                  <test-case name="Kistl.GUI.Renderer.WPF.Tests.ListValuesTests.TestUniqueListGenerationWithEmpty" executed="True" success="True" time="0.000" asserts="22" />
                                  <test-case name="Kistl.GUI.Renderer.WPF.Tests.ListValuesTests.TestUniqueListGenerationWithoutEmpty" executed="True" success="True" time="0.000" asserts="21" />
                                  <test-case name="Kistl.GUI.Renderer.WPF.Tests.ListValuesTests.TestValids" executed="True" success="True" time="0.000" asserts="48" />
                                </results>
                              </test-suite>
                              <test-suite name="ObjectListControlTests" success="False" time="0.031" asserts="0">
                                <failure>
                                  <message><![CDATA[System.TypeInitializationException : Der Typeninitialisierer für Kistl.GUI.Tests.IDataObjectValues hat eine Ausnahme verursacht.
  ----> NMock2.Internal.ExpectationException : unexpected invocation of MockContext.ContainsObject(<Kistl.App.Base.ObjectReferenceProperty>, <94>)
Expected:
Stubs:
  Stub: MockContext.Find(equal to <97>), will return <Kistl.App.Base.Module> [called 0 times]
  Stub: MockContext.ContainsObject(equal to <Kistl.App.Base.Module>, equal to <97>), will return <Kistl.App.Base.Module> [called 2 times]
  Stub: MockContext.Find(equal to <98>), will return <Kistl.App.Base.ObjectClass> [called 0 times]
  Stub: MockContext.ContainsObject(equal to <Kistl.App.Base.ObjectClass>, equal to <98>), will return <Kistl.App.Base.ObjectClass> [called 2 times]
  Stub: MockContext.Find(equal to <95>), will return <Kistl.App.Base.Module> [called 0 times]
  Stub: MockContext.ContainsObject(equal to <Kistl.App.Base.Module>, equal to <95>), will return <Kistl.App.Base.Module> [called 2 times]
  Stub: MockContext.Find(equal to <96>), will return <Kistl.App.Base.ObjectClass> [called 0 times]
  Stub: MockContext.ContainsObject(equal to <Kistl.App.Base.ObjectClass>, equal to <96>), will return <Kistl.App.Base.ObjectClass> [called 2 times]
]]></message>
                                  <stack-trace><![CDATA[bei Kistl.GUI.Tests.IDataObjectValues.get_TestValues()
bei Kistl.GUI.Renderer.WPF.Tests.ObjectListControlTests..ctor() in E:\Projekte\Kistl\Tests\Kistl.Client.Tests\Renderer.WPF\ObjectControlTests.cs:Zeile 104.
--ExpectationException
bei NMock2.Mockery.FailUnexpectedInvocation(Invocation invocation) in E:\Projekte\Kistl\Tests\NMock2\Mockery.cs:Zeile 184.
bei NMock2.Mockery.Dispatch(Invocation invocation) in E:\Projekte\Kistl\Tests\NMock2\Mockery.cs:Zeile 88.
bei NMock2.Internal.MockObject.Invoke(Invocation invocation) in E:\Projekte\Kistl\Tests\NMock2\Internal\MockObject.cs:Zeile 30.
bei NMock2.Monitoring.Invoker.Invoke(Invocation invocation) in E:\Projekte\Kistl\Tests\NMock2\Monitoring\Invoker.cs:Zeile 26.
bei NMock2.Monitoring.ProxiedObjectIdentity.Invoke(Invocation invocation) in E:\Projekte\Kistl\Tests\NMock2\Monitoring\ProxiedObjectIdentity.cs:Zeile 35.
bei NMock2.Monitoring.ProxyInvokableAdapter.Invoke(IMessage msg) in E:\Projekte\Kistl\Tests\NMock2\Monitoring\ProxyInvokableAdapter.cs:Zeile 27.
bei System.Runtime.Remoting.Proxies.RealProxy.PrivateInvoke(MessageData& msgData, Int32 type)
bei Kistl.API.IKistlContext.ContainsObject(Type type, Int32 ID)
bei Kistl.API.Client.BaseClientPersistenceObject.AttachToContext(IKistlContext ctx) in E:\Projekte\Kistl\Kistl.API.Client\BaseClientDataObject.cs:Zeile 51.
bei Kistl.App.Base.BaseProperty.AttachToContext(IKistlContext ctx) in E:\Projekte\Kistl\Kistl.Objects.Client\BaseProperty.Client.Designer.cs:Zeile 197.
bei Kistl.App.Base.Property.AttachToContext(IKistlContext ctx) in E:\Projekte\Kistl\Kistl.Objects.Client\Property.Client.Designer.cs:Zeile 115.
bei Kistl.App.Base.ObjectReferenceProperty.AttachToContext(IKistlContext ctx) in E:\Projekte\Kistl\Kistl.Objects.Client\ObjectReferenceProperty.Client.Designer.cs:Zeile 109.
bei Kistl.Client.Mocks.TestObject..ctor() in E:\Projekte\Kistl\Tests\Kistl.Client.Tests\Mocks\TestObject.cs:Zeile 25.
bei Kistl.GUI.Tests.IDataObjectValues..ctor() in E:\Projekte\Kistl\Tests\Kistl.Client.Tests\GUI\ObjectPresenterTests.cs:Zeile 29.
bei Kistl.GUI.Tests.IDataObjectValues..cctor() in E:\Projekte\Kistl\Tests\Kistl.Client.Tests\GUI\ObjectPresenterTests.cs:Zeile 23.
]]></stack-trace>
                                </failure>
                                <results>
                                  <test-case name="Kistl.GUI.Renderer.WPF.Tests.ObjectListControlTests.TestDescription" executed="True" success="False" time="0.000" asserts="0">
                                    <failure>
                                      <message><![CDATA[TestFixtureSetUp failed in ObjectListControlTests]]></message>
                                      <stack-trace />
                                    </failure>
                                  </test-case>
                                  <test-case name="Kistl.GUI.Renderer.WPF.Tests.ObjectListControlTests.TestFieldSize" executed="True" success="False" time="0.000" asserts="0">
                                    <failure>
                                      <message><![CDATA[TestFixtureSetUp failed in ObjectListControlTests]]></message>
                                      <stack-trace />
                                    </failure>
                                  </test-case>
                                  <test-case name="Kistl.GUI.Renderer.WPF.Tests.ObjectListControlTests.TestIsValidValue" executed="True" success="False" time="0.000" asserts="0">
                                    <failure>
                                      <message><![CDATA[TestFixtureSetUp failed in ObjectListControlTests]]></message>
                                      <stack-trace />
                                    </failure>
                                  </test-case>
                                  <test-case name="Kistl.GUI.Renderer.WPF.Tests.ObjectListControlTests.TestItemsSource" executed="True" success="False" time="0.000" asserts="0">
                                    <failure>
                                      <message><![CDATA[TestFixtureSetUp failed in ObjectListControlTests]]></message>
                                      <stack-trace />
                                    </failure>
                                  </test-case>
                                  <test-case name="Kistl.GUI.Renderer.WPF.Tests.ObjectListControlTests.TestListboxProgrammatically" executed="True" success="False" time="0.000" asserts="0">
                                    <failure>
                                      <message><![CDATA[TestFixtureSetUp failed in ObjectListControlTests]]></message>
                                      <stack-trace />
                                    </failure>
                                  </test-case>
                                  <test-case name="Kistl.GUI.Renderer.WPF.Tests.ObjectListControlTests.TestListboxUserInput" executed="True" success="False" time="0.000" asserts="0">
                                    <failure>
                                      <message><![CDATA[TestFixtureSetUp failed in ObjectListControlTests]]></message>
                                      <stack-trace />
                                    </failure>
                                  </test-case>
                                  <test-case name="Kistl.GUI.Renderer.WPF.Tests.ObjectListControlTests.TestNullValue" executed="True" success="False" time="0.000" asserts="0">
                                    <failure>
                                      <message><![CDATA[TestFixtureSetUp failed in ObjectListControlTests]]></message>
                                      <stack-trace />
                                    </failure>
                                  </test-case>
                                  <test-case name="Kistl.GUI.Renderer.WPF.Tests.ObjectListControlTests.TestObjectType" executed="True" success="False" time="0.000" asserts="0">
                                    <failure>
                                      <message><![CDATA[TestFixtureSetUp failed in ObjectListControlTests]]></message>
                                      <stack-trace />
                                    </failure>
                                  </test-case>
                                  <test-case name="Kistl.GUI.Renderer.WPF.Tests.ObjectListControlTests.TestSetUpCorrect" executed="True" success="False" time="0.000" asserts="0">
                                    <failure>
                                      <message><![CDATA[TestFixtureSetUp failed in ObjectListControlTests]]></message>
                                      <stack-trace />
                                    </failure>
                                  </test-case>
                                  <test-case name="Kistl.GUI.Renderer.WPF.Tests.ObjectListControlTests.TestShortLabel" executed="True" success="False" time="0.000" asserts="0">
                                    <failure>
                                      <message><![CDATA[TestFixtureSetUp failed in ObjectListControlTests]]></message>
                                      <stack-trace />
                                    </failure>
                                  </test-case>
                                  <test-case name="Kistl.GUI.Renderer.WPF.Tests.ObjectListControlTests.TestUserInput" executed="True" success="False" time="0.000" asserts="0">
                                    <failure>
                                      <message><![CDATA[TestFixtureSetUp failed in ObjectListControlTests]]></message>
                                      <stack-trace />
                                    </failure>
                                  </test-case>
                                  <test-case name="Kistl.GUI.Renderer.WPF.Tests.ObjectListControlTests.TestValueProgrammatically" executed="True" success="False" time="0.000" asserts="0">
                                    <failure>
                                      <message><![CDATA[TestFixtureSetUp failed in ObjectListControlTests]]></message>
                                      <stack-trace />
                                    </failure>
                                  </test-case>
                                </results>
                              </test-suite>
                              <test-suite name="ObjectReferenceControlTests" success="False" time="0.031" asserts="0">
                                <failure>
                                  <message><![CDATA[System.TypeInitializationException : Der Typeninitialisierer für Kistl.GUI.Tests.IDataObjectValues hat eine Ausnahme verursacht.
  ----> NMock2.Internal.ExpectationException : unexpected invocation of MockContext.ContainsObject(<Kistl.App.Base.ObjectReferenceProperty>, <94>)
Expected:
Stubs:
  Stub: MockContext.Find(equal to <97>), will return <Kistl.App.Base.Module> [called 0 times]
  Stub: MockContext.ContainsObject(equal to <Kistl.App.Base.Module>, equal to <97>), will return <Kistl.App.Base.Module> [called 2 times]
  Stub: MockContext.Find(equal to <98>), will return <Kistl.App.Base.ObjectClass> [called 0 times]
  Stub: MockContext.ContainsObject(equal to <Kistl.App.Base.ObjectClass>, equal to <98>), will return <Kistl.App.Base.ObjectClass> [called 2 times]
  Stub: MockContext.Find(equal to <95>), will return <Kistl.App.Base.Module> [called 0 times]
  Stub: MockContext.ContainsObject(equal to <Kistl.App.Base.Module>, equal to <95>), will return <Kistl.App.Base.Module> [called 2 times]
  Stub: MockContext.Find(equal to <96>), will return <Kistl.App.Base.ObjectClass> [called 0 times]
  Stub: MockContext.ContainsObject(equal to <Kistl.App.Base.ObjectClass>, equal to <96>), will return <Kistl.App.Base.ObjectClass> [called 2 times]
]]></message>
                                  <stack-trace><![CDATA[bei Kistl.GUI.Tests.IDataObjectValues.get_TestValues()
bei Kistl.GUI.Renderer.WPF.Tests.ObjectReferenceControlTests..ctor() in E:\Projekte\Kistl\Tests\Kistl.Client.Tests\Renderer.WPF\ObjectControlTests.cs:Zeile 26.
--ExpectationException
bei NMock2.Mockery.FailUnexpectedInvocation(Invocation invocation) in E:\Projekte\Kistl\Tests\NMock2\Mockery.cs:Zeile 184.
bei NMock2.Mockery.Dispatch(Invocation invocation) in E:\Projekte\Kistl\Tests\NMock2\Mockery.cs:Zeile 88.
bei NMock2.Internal.MockObject.Invoke(Invocation invocation) in E:\Projekte\Kistl\Tests\NMock2\Internal\MockObject.cs:Zeile 30.
bei NMock2.Monitoring.Invoker.Invoke(Invocation invocation) in E:\Projekte\Kistl\Tests\NMock2\Monitoring\Invoker.cs:Zeile 26.
bei NMock2.Monitoring.ProxiedObjectIdentity.Invoke(Invocation invocation) in E:\Projekte\Kistl\Tests\NMock2\Monitoring\ProxiedObjectIdentity.cs:Zeile 35.
bei NMock2.Monitoring.ProxyInvokableAdapter.Invoke(IMessage msg) in E:\Projekte\Kistl\Tests\NMock2\Monitoring\ProxyInvokableAdapter.cs:Zeile 27.
bei System.Runtime.Remoting.Proxies.RealProxy.PrivateInvoke(MessageData& msgData, Int32 type)
bei Kistl.API.IKistlContext.ContainsObject(Type type, Int32 ID)
bei Kistl.API.Client.BaseClientPersistenceObject.AttachToContext(IKistlContext ctx) in E:\Projekte\Kistl\Kistl.API.Client\BaseClientDataObject.cs:Zeile 51.
bei Kistl.App.Base.BaseProperty.AttachToContext(IKistlContext ctx) in E:\Projekte\Kistl\Kistl.Objects.Client\BaseProperty.Client.Designer.cs:Zeile 197.
bei Kistl.App.Base.Property.AttachToContext(IKistlContext ctx) in E:\Projekte\Kistl\Kistl.Objects.Client\Property.Client.Designer.cs:Zeile 115.
bei Kistl.App.Base.ObjectReferenceProperty.AttachToContext(IKistlContext ctx) in E:\Projekte\Kistl\Kistl.Objects.Client\ObjectReferenceProperty.Client.Designer.cs:Zeile 109.
bei Kistl.Client.Mocks.TestObject..ctor() in E:\Projekte\Kistl\Tests\Kistl.Client.Tests\Mocks\TestObject.cs:Zeile 25.
bei Kistl.GUI.Tests.IDataObjectValues..ctor() in E:\Projekte\Kistl\Tests\Kistl.Client.Tests\GUI\ObjectPresenterTests.cs:Zeile 29.
bei Kistl.GUI.Tests.IDataObjectValues..cctor() in E:\Projekte\Kistl\Tests\Kistl.Client.Tests\GUI\ObjectPresenterTests.cs:Zeile 23.
]]></stack-trace>
                                </failure>
                                <results>
                                  <test-case name="Kistl.GUI.Renderer.WPF.Tests.ObjectReferenceControlTests.TestComboboxProgrammatically" executed="True" success="False" time="0.000" asserts="0">
                                    <failure>
                                      <message><![CDATA[TestFixtureSetUp failed in ObjectReferenceControlTests]]></message>
                                      <stack-trace />
                                    </failure>
                                  </test-case>
                                  <test-case name="Kistl.GUI.Renderer.WPF.Tests.ObjectReferenceControlTests.TestComboboxUserInput" executed="True" success="False" time="0.000" asserts="0">
                                    <failure>
                                      <message><![CDATA[TestFixtureSetUp failed in ObjectReferenceControlTests]]></message>
                                      <stack-trace />
                                    </failure>
                                  </test-case>
                                  <test-case name="Kistl.GUI.Renderer.WPF.Tests.ObjectReferenceControlTests.TestDescription" executed="True" success="False" time="0.000" asserts="0">
                                    <failure>
                                      <message><![CDATA[TestFixtureSetUp failed in ObjectReferenceControlTests]]></message>
                                      <stack-trace />
                                    </failure>
                                  </test-case>
                                  <test-case name="Kistl.GUI.Renderer.WPF.Tests.ObjectReferenceControlTests.TestFieldSize" executed="True" success="False" time="0.000" asserts="0">
                                    <failure>
                                      <message><![CDATA[TestFixtureSetUp failed in ObjectReferenceControlTests]]></message>
                                      <stack-trace />
                                    </failure>
                                  </test-case>
                                  <test-case name="Kistl.GUI.Renderer.WPF.Tests.ObjectReferenceControlTests.TestIsValidValue" executed="True" success="False" time="0.000" asserts="0">
                                    <failure>
                                      <message><![CDATA[TestFixtureSetUp failed in ObjectReferenceControlTests]]></message>
                                      <stack-trace />
                                    </failure>
                                  </test-case>
                                  <test-case name="Kistl.GUI.Renderer.WPF.Tests.ObjectReferenceControlTests.TestItemsSource" executed="True" success="False" time="0.000" asserts="0">
                                    <failure>
                                      <message><![CDATA[TestFixtureSetUp failed in ObjectReferenceControlTests]]></message>
                                      <stack-trace />
                                    </failure>
                                  </test-case>
                                  <test-case name="Kistl.GUI.Renderer.WPF.Tests.ObjectReferenceControlTests.TestObjectType" executed="True" success="False" time="0.000" asserts="0">
                                    <failure>
                                      <message><![CDATA[TestFixtureSetUp failed in ObjectReferenceControlTests]]></message>
                                      <stack-trace />
                                    </failure>
                                  </test-case>
                                  <test-case name="Kistl.GUI.Renderer.WPF.Tests.ObjectReferenceControlTests.TestSetUpCorrect" executed="True" success="False" time="0.000" asserts="0">
                                    <failure>
                                      <message><![CDATA[TestFixtureSetUp failed in ObjectReferenceControlTests]]></message>
                                      <stack-trace />
                                    </failure>
                                  </test-case>
                                  <test-case name="Kistl.GUI.Renderer.WPF.Tests.ObjectReferenceControlTests.TestShortLabel" executed="True" success="False" time="0.000" asserts="0">
                                    <failure>
                                      <message><![CDATA[TestFixtureSetUp failed in ObjectReferenceControlTests]]></message>
                                      <stack-trace />
                                    </failure>
                                  </test-case>
                                  <test-case name="Kistl.GUI.Renderer.WPF.Tests.ObjectReferenceControlTests.TestUserInput" executed="True" success="False" time="0.000" asserts="0">
                                    <failure>
                                      <message><![CDATA[TestFixtureSetUp failed in ObjectReferenceControlTests]]></message>
                                      <stack-trace />
                                    </failure>
                                  </test-case>
                                  <test-case name="Kistl.GUI.Renderer.WPF.Tests.ObjectReferenceControlTests.TestValueProgrammatically" executed="True" success="False" time="0.000" asserts="0">
                                    <failure>
                                      <message><![CDATA[TestFixtureSetUp failed in ObjectReferenceControlTests]]></message>
                                      <stack-trace />
                                    </failure>
                                  </test-case>
                                </results>
                              </test-suite>
                              <test-suite name="StringControlTests" success="True" time="0.031" asserts="2">
                                <results>
                                  <test-case name="Kistl.GUI.Renderer.WPF.Tests.StringControlTests.TestDescription" executed="True" success="True" time="0.016" asserts="5" />
                                  <test-case name="Kistl.GUI.Renderer.WPF.Tests.StringControlTests.TestFieldSize" executed="True" success="True" time="0.000" asserts="11" />
                                  <test-case name="Kistl.GUI.Renderer.WPF.Tests.StringControlTests.TestIsValidValue" executed="True" success="True" time="0.000" asserts="15" />
                                  <test-case name="Kistl.GUI.Renderer.WPF.Tests.StringControlTests.TestSetUpCorrect" executed="True" success="True" time="0.000" asserts="5" />
                                  <test-case name="Kistl.GUI.Renderer.WPF.Tests.StringControlTests.TestShortLabel" executed="True" success="True" time="0.000" asserts="5" />
                                  <test-case name="Kistl.GUI.Renderer.WPF.Tests.StringControlTests.TestUserInput" executed="True" success="True" time="0.000" asserts="35" />
                                  <test-case name="Kistl.GUI.Renderer.WPF.Tests.StringControlTests.TestValueProgrammatically" executed="True" success="True" time="0.016" asserts="35" />
                                </results>
                              </test-suite>
                            </results>
                          </test-suite>
                        </results>
                      </test-suite>
                    </results>
                  </test-suite>
                  <test-suite name="Tests" success="False" time="0.780" asserts="0">
                    <results>
                      <test-suite name="BackReferencePresenterTests" success="False" time="0.000" asserts="0">
                        <failure>
                          <message><![CDATA[System.TypeInitializationException : Der Typeninitialisierer für Kistl.GUI.Tests.TestObjectValues hat eine Ausnahme verursacht.
  ----> NMock2.Internal.ExpectationException : unexpected invocation of MockContext.ContainsObject(<Kistl.App.Base.ObjectReferenceProperty>, <94>)
Expected:
Stubs:
  Stub: MockContext.Find(equal to <97>), will return <Kistl.App.Base.Module> [called 0 times]
  Stub: MockContext.ContainsObject(equal to <Kistl.App.Base.Module>, equal to <97>), will return <Kistl.App.Base.Module> [called 2 times]
  Stub: MockContext.Find(equal to <98>), will return <Kistl.App.Base.ObjectClass> [called 0 times]
  Stub: MockContext.ContainsObject(equal to <Kistl.App.Base.ObjectClass>, equal to <98>), will return <Kistl.App.Base.ObjectClass> [called 2 times]
  Stub: MockContext.Find(equal to <95>), will return <Kistl.App.Base.Module> [called 0 times]
  Stub: MockContext.ContainsObject(equal to <Kistl.App.Base.Module>, equal to <95>), will return <Kistl.App.Base.Module> [called 2 times]
  Stub: MockContext.Find(equal to <96>), will return <Kistl.App.Base.ObjectClass> [called 0 times]
  Stub: MockContext.ContainsObject(equal to <Kistl.App.Base.ObjectClass>, equal to <96>), will return <Kistl.App.Base.ObjectClass> [called 2 times]
]]></message>
                          <stack-trace><![CDATA[bei Kistl.GUI.Tests.TestObjectValues.get_TestValues()
bei Kistl.GUI.Tests.BackReferencePresenterTests..ctor() in E:\Projekte\Kistl\Tests\Kistl.Client.Tests\GUI\ObjectPresenterTests.cs:Zeile 259.
--ExpectationException
bei NMock2.Mockery.FailUnexpectedInvocation(Invocation invocation) in E:\Projekte\Kistl\Tests\NMock2\Mockery.cs:Zeile 184.
bei NMock2.Mockery.Dispatch(Invocation invocation) in E:\Projekte\Kistl\Tests\NMock2\Mockery.cs:Zeile 88.
bei NMock2.Internal.MockObject.Invoke(Invocation invocation) in E:\Projekte\Kistl\Tests\NMock2\Internal\MockObject.cs:Zeile 30.
bei NMock2.Monitoring.Invoker.Invoke(Invocation invocation) in E:\Projekte\Kistl\Tests\NMock2\Monitoring\Invoker.cs:Zeile 26.
bei NMock2.Monitoring.ProxiedObjectIdentity.Invoke(Invocation invocation) in E:\Projekte\Kistl\Tests\NMock2\Monitoring\ProxiedObjectIdentity.cs:Zeile 35.
bei NMock2.Monitoring.ProxyInvokableAdapter.Invoke(IMessage msg) in E:\Projekte\Kistl\Tests\NMock2\Monitoring\ProxyInvokableAdapter.cs:Zeile 27.
bei System.Runtime.Remoting.Proxies.RealProxy.PrivateInvoke(MessageData& msgData, Int32 type)
bei Kistl.API.IKistlContext.ContainsObject(Type type, Int32 ID)
bei Kistl.API.Client.BaseClientPersistenceObject.AttachToContext(IKistlContext ctx) in E:\Projekte\Kistl\Kistl.API.Client\BaseClientDataObject.cs:Zeile 51.
bei Kistl.App.Base.BaseProperty.AttachToContext(IKistlContext ctx) in E:\Projekte\Kistl\Kistl.Objects.Client\BaseProperty.Client.Designer.cs:Zeile 197.
bei Kistl.App.Base.Property.AttachToContext(IKistlContext ctx) in E:\Projekte\Kistl\Kistl.Objects.Client\Property.Client.Designer.cs:Zeile 115.
bei Kistl.App.Base.ObjectReferenceProperty.AttachToContext(IKistlContext ctx) in E:\Projekte\Kistl\Kistl.Objects.Client\ObjectReferenceProperty.Client.Designer.cs:Zeile 109.
bei Kistl.Client.Mocks.TestObject..ctor() in E:\Projekte\Kistl\Tests\Kistl.Client.Tests\Mocks\TestObject.cs:Zeile 25.
bei Kistl.GUI.Tests.TestObjectValues..ctor() in E:\Projekte\Kistl\Tests\Kistl.Client.Tests\GUI\ObjectPresenterTests.cs:Zeile 48.
bei Kistl.GUI.Tests.TestObjectValues..cctor() in E:\Projekte\Kistl\Tests\Kistl.Client.Tests\GUI\ObjectPresenterTests.cs:Zeile 42.
]]></stack-trace>
                        </failure>
                        <results>
                          <test-case name="Kistl.GUI.Tests.BackReferencePresenterTests.HandleInvalidUserInput" executed="True" success="False" time="0.000" asserts="0">
                            <failure>
                              <message><![CDATA[TestFixtureSetUp failed in BackReferencePresenterTests]]></message>
                              <stack-trace />
                            </failure>
                          </test-case>
                          <test-case name="Kistl.GUI.Tests.BackReferencePresenterTests.HandleNoUserInput" executed="True" success="False" time="0.000" asserts="0">
                            <failure>
                              <message><![CDATA[TestFixtureSetUp failed in BackReferencePresenterTests]]></message>
                              <stack-trace />
                            </failure>
                          </test-case>
                          <test-case name="Kistl.GUI.Tests.BackReferencePresenterTests.HandleNullUserInput" executed="True" success="False" time="0.000" asserts="0">
                            <failure>
                              <message><![CDATA[TestFixtureSetUp failed in BackReferencePresenterTests]]></message>
                              <stack-trace />
                            </failure>
                          </test-case>
                          <test-case name="Kistl.GUI.Tests.BackReferencePresenterTests.HandleProgrammaticChange" executed="True" success="False" time="0.000" asserts="0">
                            <failure>
                              <message><![CDATA[TestFixtureSetUp failed in BackReferencePresenterTests]]></message>
                              <stack-trace />
                            </failure>
                          </test-case>
                          <test-case name="Kistl.GUI.Tests.BackReferencePresenterTests.HandleValidUserInput" executed="True" success="False" time="0.000" asserts="0">
                            <failure>
                              <message><![CDATA[TestFixtureSetUp failed in BackReferencePresenterTests]]></message>
                              <stack-trace />
                            </failure>
                          </test-case>
                          <test-case name="Kistl.GUI.Tests.BackReferencePresenterTests.ReInit" executed="True" success="False" time="0.000" asserts="0">
                            <failure>
                              <message><![CDATA[TestFixtureSetUp failed in BackReferencePresenterTests]]></message>
                              <stack-trace />
                            </failure>
                          </test-case>
                          <test-case name="Kistl.GUI.Tests.BackReferencePresenterTests.TestPresenterSetUpCorrect" executed="True" success="False" time="0.000" asserts="0">
                            <failure>
                              <message><![CDATA[TestFixtureSetUp failed in BackReferencePresenterTests]]></message>
                              <stack-trace />
                            </failure>
                          </test-case>
                        </results>
                      </test-suite>
                      <test-suite name="BoolPresenterTests" success="False" time="0.031" asserts="2">
                        <results>
                          <test-case name="Kistl.GUI.Tests.BoolPresenterTests.HandleInvalidUserInput" executed="True" success="False" time="0.000" asserts="0">
                            <failure>
                              <message><![CDATA[NMock2.Internal.ExpectationException : unexpected invocation of MockContext.ContainsObject(<Kistl.App.Base.ObjectReferenceProperty>, <94>)
Expected:
Stubs:
  Stub: MockContext.Find(equal to <97>), will return <Kistl.App.Base.Module> [called 0 times]
  Stub: MockContext.ContainsObject(equal to <Kistl.App.Base.Module>, equal to <97>), will return <Kistl.App.Base.Module> [called 2 times]
  Stub: MockContext.Find(equal to <98>), will return <Kistl.App.Base.ObjectClass> [called 0 times]
  Stub: MockContext.ContainsObject(equal to <Kistl.App.Base.ObjectClass>, equal to <98>), will return <Kistl.App.Base.ObjectClass> [called 2 times]
  Stub: MockContext.Find(equal to <95>), will return <Kistl.App.Base.Module> [called 0 times]
  Stub: MockContext.ContainsObject(equal to <Kistl.App.Base.Module>, equal to <95>), will return <Kistl.App.Base.Module> [called 2 times]
  Stub: MockContext.Find(equal to <96>), will return <Kistl.App.Base.ObjectClass> [called 0 times]
  Stub: MockContext.ContainsObject(equal to <Kistl.App.Base.ObjectClass>, equal to <96>), will return <Kistl.App.Base.ObjectClass> [called 2 times]
]]></message>
                              <stack-trace><![CDATA[bei NMock2.Mockery.FailUnexpectedInvocation(Invocation invocation) in E:\Projekte\Kistl\Tests\NMock2\Mockery.cs:Zeile 184.
bei NMock2.Mockery.Dispatch(Invocation invocation) in E:\Projekte\Kistl\Tests\NMock2\Mockery.cs:Zeile 88.
bei NMock2.Internal.MockObject.Invoke(Invocation invocation) in E:\Projekte\Kistl\Tests\NMock2\Internal\MockObject.cs:Zeile 30.
bei NMock2.Monitoring.Invoker.Invoke(Invocation invocation) in E:\Projekte\Kistl\Tests\NMock2\Monitoring\Invoker.cs:Zeile 26.
bei NMock2.Monitoring.ProxiedObjectIdentity.Invoke(Invocation invocation) in E:\Projekte\Kistl\Tests\NMock2\Monitoring\ProxiedObjectIdentity.cs:Zeile 35.
bei NMock2.Monitoring.ProxyInvokableAdapter.Invoke(IMessage msg) in E:\Projekte\Kistl\Tests\NMock2\Monitoring\ProxyInvokableAdapter.cs:Zeile 27.
bei System.Runtime.Remoting.Proxies.RealProxy.PrivateInvoke(MessageData& msgData, Int32 type)
bei Kistl.API.IKistlContext.ContainsObject(Type type, Int32 ID)
bei Kistl.API.Client.BaseClientPersistenceObject.AttachToContext(IKistlContext ctx) in E:\Projekte\Kistl\Kistl.API.Client\BaseClientDataObject.cs:Zeile 51.
bei Kistl.App.Base.BaseProperty.AttachToContext(IKistlContext ctx) in E:\Projekte\Kistl\Kistl.Objects.Client\BaseProperty.Client.Designer.cs:Zeile 197.
bei Kistl.App.Base.Property.AttachToContext(IKistlContext ctx) in E:\Projekte\Kistl\Kistl.Objects.Client\Property.Client.Designer.cs:Zeile 115.
bei Kistl.App.Base.ObjectReferenceProperty.AttachToContext(IKistlContext ctx) in E:\Projekte\Kistl\Kistl.Objects.Client\ObjectReferenceProperty.Client.Designer.cs:Zeile 109.
bei Kistl.Client.Mocks.TestObject..ctor() in E:\Projekte\Kistl\Tests\Kistl.Client.Tests\Mocks\TestObject.cs:Zeile 25.
bei Kistl.Client.Mocks.TestObjectHarness.CreateObject() in E:\Projekte\Kistl\Tests\Kistl.Client.Tests\Mocks\ObjectHarness.cs:Zeile 80.
bei Kistl.Client.Mocks.ObjectHarness`1.SetUp() in E:\Projekte\Kistl\Tests\Kistl.Client.Tests\Mocks\ObjectHarness.cs:Zeile 27.
bei Kistl.Client.Mocks.TestObjectHarness.SetUp() in E:\Projekte\Kistl\Tests\Kistl.Client.Tests\Mocks\ObjectHarness.cs:Zeile 55.
bei Kistl.GUI.Tests.PresenterTests`4.SetUp() in E:\Projekte\Kistl\Tests\Kistl.Client.Tests\GUI\PresenterTests.cs:Zeile 95.
]]></stack-trace>
                            </failure>
                          </test-case>
                          <test-case name="Kistl.GUI.Tests.BoolPresenterTests.HandleNoUserInput" executed="True" success="False" time="0.000" asserts="0">
                            <failure>
                              <message><![CDATA[NMock2.Internal.ExpectationException : unexpected invocation of MockContext.ContainsObject(<Kistl.App.Base.ObjectReferenceProperty>, <94>)
Expected:
Stubs:
  Stub: MockContext.Find(equal to <97>), will return <Kistl.App.Base.Module> [called 0 times]
  Stub: MockContext.ContainsObject(equal to <Kistl.App.Base.Module>, equal to <97>), will return <Kistl.App.Base.Module> [called 2 times]
  Stub: MockContext.Find(equal to <98>), will return <Kistl.App.Base.ObjectClass> [called 0 times]
  Stub: MockContext.ContainsObject(equal to <Kistl.App.Base.ObjectClass>, equal to <98>), will return <Kistl.App.Base.ObjectClass> [called 2 times]
  Stub: MockContext.Find(equal to <95>), will return <Kistl.App.Base.Module> [called 0 times]
  Stub: MockContext.ContainsObject(equal to <Kistl.App.Base.Module>, equal to <95>), will return <Kistl.App.Base.Module> [called 2 times]
  Stub: MockContext.Find(equal to <96>), will return <Kistl.App.Base.ObjectClass> [called 0 times]
  Stub: MockContext.ContainsObject(equal to <Kistl.App.Base.ObjectClass>, equal to <96>), will return <Kistl.App.Base.ObjectClass> [called 2 times]
]]></message>
                              <stack-trace><![CDATA[bei NMock2.Mockery.FailUnexpectedInvocation(Invocation invocation) in E:\Projekte\Kistl\Tests\NMock2\Mockery.cs:Zeile 184.
bei NMock2.Mockery.Dispatch(Invocation invocation) in E:\Projekte\Kistl\Tests\NMock2\Mockery.cs:Zeile 88.
bei NMock2.Internal.MockObject.Invoke(Invocation invocation) in E:\Projekte\Kistl\Tests\NMock2\Internal\MockObject.cs:Zeile 30.
bei NMock2.Monitoring.Invoker.Invoke(Invocation invocation) in E:\Projekte\Kistl\Tests\NMock2\Monitoring\Invoker.cs:Zeile 26.
bei NMock2.Monitoring.ProxiedObjectIdentity.Invoke(Invocation invocation) in E:\Projekte\Kistl\Tests\NMock2\Monitoring\ProxiedObjectIdentity.cs:Zeile 35.
bei NMock2.Monitoring.ProxyInvokableAdapter.Invoke(IMessage msg) in E:\Projekte\Kistl\Tests\NMock2\Monitoring\ProxyInvokableAdapter.cs:Zeile 27.
bei System.Runtime.Remoting.Proxies.RealProxy.PrivateInvoke(MessageData& msgData, Int32 type)
bei Kistl.API.IKistlContext.ContainsObject(Type type, Int32 ID)
bei Kistl.API.Client.BaseClientPersistenceObject.AttachToContext(IKistlContext ctx) in E:\Projekte\Kistl\Kistl.API.Client\BaseClientDataObject.cs:Zeile 51.
bei Kistl.App.Base.BaseProperty.AttachToContext(IKistlContext ctx) in E:\Projekte\Kistl\Kistl.Objects.Client\BaseProperty.Client.Designer.cs:Zeile 197.
bei Kistl.App.Base.Property.AttachToContext(IKistlContext ctx) in E:\Projekte\Kistl\Kistl.Objects.Client\Property.Client.Designer.cs:Zeile 115.
bei Kistl.App.Base.ObjectReferenceProperty.AttachToContext(IKistlContext ctx) in E:\Projekte\Kistl\Kistl.Objects.Client\ObjectReferenceProperty.Client.Designer.cs:Zeile 109.
bei Kistl.Client.Mocks.TestObject..ctor() in E:\Projekte\Kistl\Tests\Kistl.Client.Tests\Mocks\TestObject.cs:Zeile 25.
bei Kistl.Client.Mocks.TestObjectHarness.CreateObject() in E:\Projekte\Kistl\Tests\Kistl.Client.Tests\Mocks\ObjectHarness.cs:Zeile 80.
bei Kistl.Client.Mocks.ObjectHarness`1.SetUp() in E:\Projekte\Kistl\Tests\Kistl.Client.Tests\Mocks\ObjectHarness.cs:Zeile 27.
bei Kistl.Client.Mocks.TestObjectHarness.SetUp() in E:\Projekte\Kistl\Tests\Kistl.Client.Tests\Mocks\ObjectHarness.cs:Zeile 55.
bei Kistl.GUI.Tests.PresenterTests`4.SetUp() in E:\Projekte\Kistl\Tests\Kistl.Client.Tests\GUI\PresenterTests.cs:Zeile 95.
]]></stack-trace>
                            </failure>
                          </test-case>
                          <test-case name="Kistl.GUI.Tests.BoolPresenterTests.HandleNullUserInput" executed="True" success="False" time="0.000" asserts="0">
                            <failure>
                              <message><![CDATA[NMock2.Internal.ExpectationException : unexpected invocation of MockContext.ContainsObject(<Kistl.App.Base.ObjectReferenceProperty>, <94>)
Expected:
Stubs:
  Stub: MockContext.Find(equal to <97>), will return <Kistl.App.Base.Module> [called 0 times]
  Stub: MockContext.ContainsObject(equal to <Kistl.App.Base.Module>, equal to <97>), will return <Kistl.App.Base.Module> [called 2 times]
  Stub: MockContext.Find(equal to <98>), will return <Kistl.App.Base.ObjectClass> [called 0 times]
  Stub: MockContext.ContainsObject(equal to <Kistl.App.Base.ObjectClass>, equal to <98>), will return <Kistl.App.Base.ObjectClass> [called 2 times]
  Stub: MockContext.Find(equal to <95>), will return <Kistl.App.Base.Module> [called 0 times]
  Stub: MockContext.ContainsObject(equal to <Kistl.App.Base.Module>, equal to <95>), will return <Kistl.App.Base.Module> [called 2 times]
  Stub: MockContext.Find(equal to <96>), will return <Kistl.App.Base.ObjectClass> [called 0 times]
  Stub: MockContext.ContainsObject(equal to <Kistl.App.Base.ObjectClass>, equal to <96>), will return <Kistl.App.Base.ObjectClass> [called 2 times]
]]></message>
                              <stack-trace><![CDATA[bei NMock2.Mockery.FailUnexpectedInvocation(Invocation invocation) in E:\Projekte\Kistl\Tests\NMock2\Mockery.cs:Zeile 184.
bei NMock2.Mockery.Dispatch(Invocation invocation) in E:\Projekte\Kistl\Tests\NMock2\Mockery.cs:Zeile 88.
bei NMock2.Internal.MockObject.Invoke(Invocation invocation) in E:\Projekte\Kistl\Tests\NMock2\Internal\MockObject.cs:Zeile 30.
bei NMock2.Monitoring.Invoker.Invoke(Invocation invocation) in E:\Projekte\Kistl\Tests\NMock2\Monitoring\Invoker.cs:Zeile 26.
bei NMock2.Monitoring.ProxiedObjectIdentity.Invoke(Invocation invocation) in E:\Projekte\Kistl\Tests\NMock2\Monitoring\ProxiedObjectIdentity.cs:Zeile 35.
bei NMock2.Monitoring.ProxyInvokableAdapter.Invoke(IMessage msg) in E:\Projekte\Kistl\Tests\NMock2\Monitoring\ProxyInvokableAdapter.cs:Zeile 27.
bei System.Runtime.Remoting.Proxies.RealProxy.PrivateInvoke(MessageData& msgData, Int32 type)
bei Kistl.API.IKistlContext.ContainsObject(Type type, Int32 ID)
bei Kistl.API.Client.BaseClientPersistenceObject.AttachToContext(IKistlContext ctx) in E:\Projekte\Kistl\Kistl.API.Client\BaseClientDataObject.cs:Zeile 51.
bei Kistl.App.Base.BaseProperty.AttachToContext(IKistlContext ctx) in E:\Projekte\Kistl\Kistl.Objects.Client\BaseProperty.Client.Designer.cs:Zeile 197.
bei Kistl.App.Base.Property.AttachToContext(IKistlContext ctx) in E:\Projekte\Kistl\Kistl.Objects.Client\Property.Client.Designer.cs:Zeile 115.
bei Kistl.App.Base.ObjectReferenceProperty.AttachToContext(IKistlContext ctx) in E:\Projekte\Kistl\Kistl.Objects.Client\ObjectReferenceProperty.Client.Designer.cs:Zeile 109.
bei Kistl.Client.Mocks.TestObject..ctor() in E:\Projekte\Kistl\Tests\Kistl.Client.Tests\Mocks\TestObject.cs:Zeile 25.
bei Kistl.Client.Mocks.TestObjectHarness.CreateObject() in E:\Projekte\Kistl\Tests\Kistl.Client.Tests\Mocks\ObjectHarness.cs:Zeile 80.
bei Kistl.Client.Mocks.ObjectHarness`1.SetUp() in E:\Projekte\Kistl\Tests\Kistl.Client.Tests\Mocks\ObjectHarness.cs:Zeile 27.
bei Kistl.Client.Mocks.TestObjectHarness.SetUp() in E:\Projekte\Kistl\Tests\Kistl.Client.Tests\Mocks\ObjectHarness.cs:Zeile 55.
bei Kistl.GUI.Tests.PresenterTests`4.SetUp() in E:\Projekte\Kistl\Tests\Kistl.Client.Tests\GUI\PresenterTests.cs:Zeile 95.
]]></stack-trace>
                            </failure>
                          </test-case>
                          <test-case name="Kistl.GUI.Tests.BoolPresenterTests.HandleProgrammaticChange" executed="True" success="False" time="0.000" asserts="0">
                            <failure>
                              <message><![CDATA[NMock2.Internal.ExpectationException : unexpected invocation of MockContext.ContainsObject(<Kistl.App.Base.ObjectReferenceProperty>, <94>)
Expected:
Stubs:
  Stub: MockContext.Find(equal to <97>), will return <Kistl.App.Base.Module> [called 0 times]
  Stub: MockContext.ContainsObject(equal to <Kistl.App.Base.Module>, equal to <97>), will return <Kistl.App.Base.Module> [called 2 times]
  Stub: MockContext.Find(equal to <98>), will return <Kistl.App.Base.ObjectClass> [called 0 times]
  Stub: MockContext.ContainsObject(equal to <Kistl.App.Base.ObjectClass>, equal to <98>), will return <Kistl.App.Base.ObjectClass> [called 2 times]
  Stub: MockContext.Find(equal to <95>), will return <Kistl.App.Base.Module> [called 0 times]
  Stub: MockContext.ContainsObject(equal to <Kistl.App.Base.Module>, equal to <95>), will return <Kistl.App.Base.Module> [called 2 times]
  Stub: MockContext.Find(equal to <96>), will return <Kistl.App.Base.ObjectClass> [called 0 times]
  Stub: MockContext.ContainsObject(equal to <Kistl.App.Base.ObjectClass>, equal to <96>), will return <Kistl.App.Base.ObjectClass> [called 2 times]
]]></message>
                              <stack-trace><![CDATA[bei NMock2.Mockery.FailUnexpectedInvocation(Invocation invocation) in E:\Projekte\Kistl\Tests\NMock2\Mockery.cs:Zeile 184.
bei NMock2.Mockery.Dispatch(Invocation invocation) in E:\Projekte\Kistl\Tests\NMock2\Mockery.cs:Zeile 88.
bei NMock2.Internal.MockObject.Invoke(Invocation invocation) in E:\Projekte\Kistl\Tests\NMock2\Internal\MockObject.cs:Zeile 30.
bei NMock2.Monitoring.Invoker.Invoke(Invocation invocation) in E:\Projekte\Kistl\Tests\NMock2\Monitoring\Invoker.cs:Zeile 26.
bei NMock2.Monitoring.ProxiedObjectIdentity.Invoke(Invocation invocation) in E:\Projekte\Kistl\Tests\NMock2\Monitoring\ProxiedObjectIdentity.cs:Zeile 35.
bei NMock2.Monitoring.ProxyInvokableAdapter.Invoke(IMessage msg) in E:\Projekte\Kistl\Tests\NMock2\Monitoring\ProxyInvokableAdapter.cs:Zeile 27.
bei System.Runtime.Remoting.Proxies.RealProxy.PrivateInvoke(MessageData& msgData, Int32 type)
bei Kistl.API.IKistlContext.ContainsObject(Type type, Int32 ID)
bei Kistl.API.Client.BaseClientPersistenceObject.AttachToContext(IKistlContext ctx) in E:\Projekte\Kistl\Kistl.API.Client\BaseClientDataObject.cs:Zeile 51.
bei Kistl.App.Base.BaseProperty.AttachToContext(IKistlContext ctx) in E:\Projekte\Kistl\Kistl.Objects.Client\BaseProperty.Client.Designer.cs:Zeile 197.
bei Kistl.App.Base.Property.AttachToContext(IKistlContext ctx) in E:\Projekte\Kistl\Kistl.Objects.Client\Property.Client.Designer.cs:Zeile 115.
bei Kistl.App.Base.ObjectReferenceProperty.AttachToContext(IKistlContext ctx) in E:\Projekte\Kistl\Kistl.Objects.Client\ObjectReferenceProperty.Client.Designer.cs:Zeile 109.
bei Kistl.Client.Mocks.TestObject..ctor() in E:\Projekte\Kistl\Tests\Kistl.Client.Tests\Mocks\TestObject.cs:Zeile 25.
bei Kistl.Client.Mocks.TestObjectHarness.CreateObject() in E:\Projekte\Kistl\Tests\Kistl.Client.Tests\Mocks\ObjectHarness.cs:Zeile 80.
bei Kistl.Client.Mocks.ObjectHarness`1.SetUp() in E:\Projekte\Kistl\Tests\Kistl.Client.Tests\Mocks\ObjectHarness.cs:Zeile 27.
bei Kistl.Client.Mocks.TestObjectHarness.SetUp() in E:\Projekte\Kistl\Tests\Kistl.Client.Tests\Mocks\ObjectHarness.cs:Zeile 55.
bei Kistl.GUI.Tests.PresenterTests`4.SetUp() in E:\Projekte\Kistl\Tests\Kistl.Client.Tests\GUI\PresenterTests.cs:Zeile 95.
]]></stack-trace>
                            </failure>
                          </test-case>
                          <test-case name="Kistl.GUI.Tests.BoolPresenterTests.HandleValidUserInput" executed="True" success="False" time="0.000" asserts="0">
                            <failure>
                              <message><![CDATA[NMock2.Internal.ExpectationException : unexpected invocation of MockContext.ContainsObject(<Kistl.App.Base.ObjectReferenceProperty>, <94>)
Expected:
Stubs:
  Stub: MockContext.Find(equal to <97>), will return <Kistl.App.Base.Module> [called 0 times]
  Stub: MockContext.ContainsObject(equal to <Kistl.App.Base.Module>, equal to <97>), will return <Kistl.App.Base.Module> [called 2 times]
  Stub: MockContext.Find(equal to <98>), will return <Kistl.App.Base.ObjectClass> [called 0 times]
  Stub: MockContext.ContainsObject(equal to <Kistl.App.Base.ObjectClass>, equal to <98>), will return <Kistl.App.Base.ObjectClass> [called 2 times]
  Stub: MockContext.Find(equal to <95>), will return <Kistl.App.Base.Module> [called 0 times]
  Stub: MockContext.ContainsObject(equal to <Kistl.App.Base.Module>, equal to <95>), will return <Kistl.App.Base.Module> [called 2 times]
  Stub: MockContext.Find(equal to <96>), will return <Kistl.App.Base.ObjectClass> [called 0 times]
  Stub: MockContext.ContainsObject(equal to <Kistl.App.Base.ObjectClass>, equal to <96>), will return <Kistl.App.Base.ObjectClass> [called 2 times]
]]></message>
                              <stack-trace><![CDATA[bei NMock2.Mockery.FailUnexpectedInvocation(Invocation invocation) in E:\Projekte\Kistl\Tests\NMock2\Mockery.cs:Zeile 184.
bei NMock2.Mockery.Dispatch(Invocation invocation) in E:\Projekte\Kistl\Tests\NMock2\Mockery.cs:Zeile 88.
bei NMock2.Internal.MockObject.Invoke(Invocation invocation) in E:\Projekte\Kistl\Tests\NMock2\Internal\MockObject.cs:Zeile 30.
bei NMock2.Monitoring.Invoker.Invoke(Invocation invocation) in E:\Projekte\Kistl\Tests\NMock2\Monitoring\Invoker.cs:Zeile 26.
bei NMock2.Monitoring.ProxiedObjectIdentity.Invoke(Invocation invocation) in E:\Projekte\Kistl\Tests\NMock2\Monitoring\ProxiedObjectIdentity.cs:Zeile 35.
bei NMock2.Monitoring.ProxyInvokableAdapter.Invoke(IMessage msg) in E:\Projekte\Kistl\Tests\NMock2\Monitoring\ProxyInvokableAdapter.cs:Zeile 27.
bei System.Runtime.Remoting.Proxies.RealProxy.PrivateInvoke(MessageData& msgData, Int32 type)
bei Kistl.API.IKistlContext.ContainsObject(Type type, Int32 ID)
bei Kistl.API.Client.BaseClientPersistenceObject.AttachToContext(IKistlContext ctx) in E:\Projekte\Kistl\Kistl.API.Client\BaseClientDataObject.cs:Zeile 51.
bei Kistl.App.Base.BaseProperty.AttachToContext(IKistlContext ctx) in E:\Projekte\Kistl\Kistl.Objects.Client\BaseProperty.Client.Designer.cs:Zeile 197.
bei Kistl.App.Base.Property.AttachToContext(IKistlContext ctx) in E:\Projekte\Kistl\Kistl.Objects.Client\Property.Client.Designer.cs:Zeile 115.
bei Kistl.App.Base.ObjectReferenceProperty.AttachToContext(IKistlContext ctx) in E:\Projekte\Kistl\Kistl.Objects.Client\ObjectReferenceProperty.Client.Designer.cs:Zeile 109.
bei Kistl.Client.Mocks.TestObject..ctor() in E:\Projekte\Kistl\Tests\Kistl.Client.Tests\Mocks\TestObject.cs:Zeile 25.
bei Kistl.Client.Mocks.TestObjectHarness.CreateObject() in E:\Projekte\Kistl\Tests\Kistl.Client.Tests\Mocks\ObjectHarness.cs:Zeile 80.
bei Kistl.Client.Mocks.ObjectHarness`1.SetUp() in E:\Projekte\Kistl\Tests\Kistl.Client.Tests\Mocks\ObjectHarness.cs:Zeile 27.
bei Kistl.Client.Mocks.TestObjectHarness.SetUp() in E:\Projekte\Kistl\Tests\Kistl.Client.Tests\Mocks\ObjectHarness.cs:Zeile 55.
bei Kistl.GUI.Tests.PresenterTests`4.SetUp() in E:\Projekte\Kistl\Tests\Kistl.Client.Tests\GUI\PresenterTests.cs:Zeile 95.
]]></stack-trace>
                            </failure>
                          </test-case>
                          <test-case name="Kistl.GUI.Tests.BoolPresenterTests.ReInit" executed="True" success="False" time="0.000" asserts="0">
                            <failure>
                              <message><![CDATA[NMock2.Internal.ExpectationException : unexpected invocation of MockContext.ContainsObject(<Kistl.App.Base.ObjectReferenceProperty>, <94>)
Expected:
Stubs:
  Stub: MockContext.Find(equal to <97>), will return <Kistl.App.Base.Module> [called 0 times]
  Stub: MockContext.ContainsObject(equal to <Kistl.App.Base.Module>, equal to <97>), will return <Kistl.App.Base.Module> [called 2 times]
  Stub: MockContext.Find(equal to <98>), will return <Kistl.App.Base.ObjectClass> [called 0 times]
  Stub: MockContext.ContainsObject(equal to <Kistl.App.Base.ObjectClass>, equal to <98>), will return <Kistl.App.Base.ObjectClass> [called 2 times]
  Stub: MockContext.Find(equal to <95>), will return <Kistl.App.Base.Module> [called 0 times]
  Stub: MockContext.ContainsObject(equal to <Kistl.App.Base.Module>, equal to <95>), will return <Kistl.App.Base.Module> [called 2 times]
  Stub: MockContext.Find(equal to <96>), will return <Kistl.App.Base.ObjectClass> [called 0 times]
  Stub: MockContext.ContainsObject(equal to <Kistl.App.Base.ObjectClass>, equal to <96>), will return <Kistl.App.Base.ObjectClass> [called 2 times]
]]></message>
                              <stack-trace><![CDATA[bei NMock2.Mockery.FailUnexpectedInvocation(Invocation invocation) in E:\Projekte\Kistl\Tests\NMock2\Mockery.cs:Zeile 184.
bei NMock2.Mockery.Dispatch(Invocation invocation) in E:\Projekte\Kistl\Tests\NMock2\Mockery.cs:Zeile 88.
bei NMock2.Internal.MockObject.Invoke(Invocation invocation) in E:\Projekte\Kistl\Tests\NMock2\Internal\MockObject.cs:Zeile 30.
bei NMock2.Monitoring.Invoker.Invoke(Invocation invocation) in E:\Projekte\Kistl\Tests\NMock2\Monitoring\Invoker.cs:Zeile 26.
bei NMock2.Monitoring.ProxiedObjectIdentity.Invoke(Invocation invocation) in E:\Projekte\Kistl\Tests\NMock2\Monitoring\ProxiedObjectIdentity.cs:Zeile 35.
bei NMock2.Monitoring.ProxyInvokableAdapter.Invoke(IMessage msg) in E:\Projekte\Kistl\Tests\NMock2\Monitoring\ProxyInvokableAdapter.cs:Zeile 27.
bei System.Runtime.Remoting.Proxies.RealProxy.PrivateInvoke(MessageData& msgData, Int32 type)
bei Kistl.API.IKistlContext.ContainsObject(Type type, Int32 ID)
bei Kistl.API.Client.BaseClientPersistenceObject.AttachToContext(IKistlContext ctx) in E:\Projekte\Kistl\Kistl.API.Client\BaseClientDataObject.cs:Zeile 51.
bei Kistl.App.Base.BaseProperty.AttachToContext(IKistlContext ctx) in E:\Projekte\Kistl\Kistl.Objects.Client\BaseProperty.Client.Designer.cs:Zeile 197.
bei Kistl.App.Base.Property.AttachToContext(IKistlContext ctx) in E:\Projekte\Kistl\Kistl.Objects.Client\Property.Client.Designer.cs:Zeile 115.
bei Kistl.App.Base.ObjectReferenceProperty.AttachToContext(IKistlContext ctx) in E:\Projekte\Kistl\Kistl.Objects.Client\ObjectReferenceProperty.Client.Designer.cs:Zeile 109.
bei Kistl.Client.Mocks.TestObject..ctor() in E:\Projekte\Kistl\Tests\Kistl.Client.Tests\Mocks\TestObject.cs:Zeile 25.
bei Kistl.Client.Mocks.TestObjectHarness.CreateObject() in E:\Projekte\Kistl\Tests\Kistl.Client.Tests\Mocks\ObjectHarness.cs:Zeile 80.
bei Kistl.Client.Mocks.ObjectHarness`1.SetUp() in E:\Projekte\Kistl\Tests\Kistl.Client.Tests\Mocks\ObjectHarness.cs:Zeile 27.
bei Kistl.Client.Mocks.TestObjectHarness.SetUp() in E:\Projekte\Kistl\Tests\Kistl.Client.Tests\Mocks\ObjectHarness.cs:Zeile 55.
bei Kistl.GUI.Tests.PresenterTests`4.SetUp() in E:\Projekte\Kistl\Tests\Kistl.Client.Tests\GUI\PresenterTests.cs:Zeile 95.
]]></stack-trace>
                            </failure>
                          </test-case>
                          <test-case name="Kistl.GUI.Tests.BoolPresenterTests.TestPresenterSetUpCorrect" executed="True" success="False" time="0.000" asserts="0">
                            <failure>
                              <message><![CDATA[NMock2.Internal.ExpectationException : unexpected invocation of MockContext.ContainsObject(<Kistl.App.Base.ObjectReferenceProperty>, <94>)
Expected:
Stubs:
  Stub: MockContext.Find(equal to <97>), will return <Kistl.App.Base.Module> [called 0 times]
  Stub: MockContext.ContainsObject(equal to <Kistl.App.Base.Module>, equal to <97>), will return <Kistl.App.Base.Module> [called 2 times]
  Stub: MockContext.Find(equal to <98>), will return <Kistl.App.Base.ObjectClass> [called 0 times]
  Stub: MockContext.ContainsObject(equal to <Kistl.App.Base.ObjectClass>, equal to <98>), will return <Kistl.App.Base.ObjectClass> [called 2 times]
  Stub: MockContext.Find(equal to <95>), will return <Kistl.App.Base.Module> [called 0 times]
  Stub: MockContext.ContainsObject(equal to <Kistl.App.Base.Module>, equal to <95>), will return <Kistl.App.Base.Module> [called 2 times]
  Stub: MockContext.Find(equal to <96>), will return <Kistl.App.Base.ObjectClass> [called 0 times]
  Stub: MockContext.ContainsObject(equal to <Kistl.App.Base.ObjectClass>, equal to <96>), will return <Kistl.App.Base.ObjectClass> [called 2 times]
]]></message>
                              <stack-trace><![CDATA[bei NMock2.Mockery.FailUnexpectedInvocation(Invocation invocation) in E:\Projekte\Kistl\Tests\NMock2\Mockery.cs:Zeile 184.
bei NMock2.Mockery.Dispatch(Invocation invocation) in E:\Projekte\Kistl\Tests\NMock2\Mockery.cs:Zeile 88.
bei NMock2.Internal.MockObject.Invoke(Invocation invocation) in E:\Projekte\Kistl\Tests\NMock2\Internal\MockObject.cs:Zeile 30.
bei NMock2.Monitoring.Invoker.Invoke(Invocation invocation) in E:\Projekte\Kistl\Tests\NMock2\Monitoring\Invoker.cs:Zeile 26.
bei NMock2.Monitoring.ProxiedObjectIdentity.Invoke(Invocation invocation) in E:\Projekte\Kistl\Tests\NMock2\Monitoring\ProxiedObjectIdentity.cs:Zeile 35.
bei NMock2.Monitoring.ProxyInvokableAdapter.Invoke(IMessage msg) in E:\Projekte\Kistl\Tests\NMock2\Monitoring\ProxyInvokableAdapter.cs:Zeile 27.
bei System.Runtime.Remoting.Proxies.RealProxy.PrivateInvoke(MessageData& msgData, Int32 type)
bei Kistl.API.IKistlContext.ContainsObject(Type type, Int32 ID)
bei Kistl.API.Client.BaseClientPersistenceObject.AttachToContext(IKistlContext ctx) in E:\Projekte\Kistl\Kistl.API.Client\BaseClientDataObject.cs:Zeile 51.
bei Kistl.App.Base.BaseProperty.AttachToContext(IKistlContext ctx) in E:\Projekte\Kistl\Kistl.Objects.Client\BaseProperty.Client.Designer.cs:Zeile 197.
bei Kistl.App.Base.Property.AttachToContext(IKistlContext ctx) in E:\Projekte\Kistl\Kistl.Objects.Client\Property.Client.Designer.cs:Zeile 115.
bei Kistl.App.Base.ObjectReferenceProperty.AttachToContext(IKistlContext ctx) in E:\Projekte\Kistl\Kistl.Objects.Client\ObjectReferenceProperty.Client.Designer.cs:Zeile 109.
bei Kistl.Client.Mocks.TestObject..ctor() in E:\Projekte\Kistl\Tests\Kistl.Client.Tests\Mocks\TestObject.cs:Zeile 25.
bei Kistl.Client.Mocks.TestObjectHarness.CreateObject() in E:\Projekte\Kistl\Tests\Kistl.Client.Tests\Mocks\ObjectHarness.cs:Zeile 80.
bei Kistl.Client.Mocks.ObjectHarness`1.SetUp() in E:\Projekte\Kistl\Tests\Kistl.Client.Tests\Mocks\ObjectHarness.cs:Zeile 27.
bei Kistl.Client.Mocks.TestObjectHarness.SetUp() in E:\Projekte\Kistl\Tests\Kistl.Client.Tests\Mocks\ObjectHarness.cs:Zeile 55.
bei Kistl.GUI.Tests.PresenterTests`4.SetUp() in E:\Projekte\Kistl\Tests\Kistl.Client.Tests\GUI\PresenterTests.cs:Zeile 95.
]]></stack-trace>
                            </failure>
                          </test-case>
                        </results>
                      </test-suite>
                      <test-suite name="DateTimePresenterTests" success="False" time="0.031" asserts="2">
                        <results>
                          <test-case name="Kistl.GUI.Tests.DateTimePresenterTests.HandleInvalidUserInput" executed="True" success="False" time="0.000" asserts="0">
                            <failure>
                              <message><![CDATA[NMock2.Internal.ExpectationException : unexpected invocation of MockContext.ContainsObject(<Kistl.App.Base.ObjectReferenceProperty>, <94>)
Expected:
Stubs:
  Stub: MockContext.Find(equal to <97>), will return <Kistl.App.Base.Module> [called 0 times]
  Stub: MockContext.ContainsObject(equal to <Kistl.App.Base.Module>, equal to <97>), will return <Kistl.App.Base.Module> [called 2 times]
  Stub: MockContext.Find(equal to <98>), will return <Kistl.App.Base.ObjectClass> [called 0 times]
  Stub: MockContext.ContainsObject(equal to <Kistl.App.Base.ObjectClass>, equal to <98>), will return <Kistl.App.Base.ObjectClass> [called 2 times]
  Stub: MockContext.Find(equal to <95>), will return <Kistl.App.Base.Module> [called 0 times]
  Stub: MockContext.ContainsObject(equal to <Kistl.App.Base.Module>, equal to <95>), will return <Kistl.App.Base.Module> [called 2 times]
  Stub: MockContext.Find(equal to <96>), will return <Kistl.App.Base.ObjectClass> [called 0 times]
  Stub: MockContext.ContainsObject(equal to <Kistl.App.Base.ObjectClass>, equal to <96>), will return <Kistl.App.Base.ObjectClass> [called 2 times]
]]></message>
                              <stack-trace><![CDATA[bei NMock2.Mockery.FailUnexpectedInvocation(Invocation invocation) in E:\Projekte\Kistl\Tests\NMock2\Mockery.cs:Zeile 184.
bei NMock2.Mockery.Dispatch(Invocation invocation) in E:\Projekte\Kistl\Tests\NMock2\Mockery.cs:Zeile 88.
bei NMock2.Internal.MockObject.Invoke(Invocation invocation) in E:\Projekte\Kistl\Tests\NMock2\Internal\MockObject.cs:Zeile 30.
bei NMock2.Monitoring.Invoker.Invoke(Invocation invocation) in E:\Projekte\Kistl\Tests\NMock2\Monitoring\Invoker.cs:Zeile 26.
bei NMock2.Monitoring.ProxiedObjectIdentity.Invoke(Invocation invocation) in E:\Projekte\Kistl\Tests\NMock2\Monitoring\ProxiedObjectIdentity.cs:Zeile 35.
bei NMock2.Monitoring.ProxyInvokableAdapter.Invoke(IMessage msg) in E:\Projekte\Kistl\Tests\NMock2\Monitoring\ProxyInvokableAdapter.cs:Zeile 27.
bei System.Runtime.Remoting.Proxies.RealProxy.PrivateInvoke(MessageData& msgData, Int32 type)
bei Kistl.API.IKistlContext.ContainsObject(Type type, Int32 ID)
bei Kistl.API.Client.BaseClientPersistenceObject.AttachToContext(IKistlContext ctx) in E:\Projekte\Kistl\Kistl.API.Client\BaseClientDataObject.cs:Zeile 51.
bei Kistl.App.Base.BaseProperty.AttachToContext(IKistlContext ctx) in E:\Projekte\Kistl\Kistl.Objects.Client\BaseProperty.Client.Designer.cs:Zeile 197.
bei Kistl.App.Base.Property.AttachToContext(IKistlContext ctx) in E:\Projekte\Kistl\Kistl.Objects.Client\Property.Client.Designer.cs:Zeile 115.
bei Kistl.App.Base.ObjectReferenceProperty.AttachToContext(IKistlContext ctx) in E:\Projekte\Kistl\Kistl.Objects.Client\ObjectReferenceProperty.Client.Designer.cs:Zeile 109.
bei Kistl.Client.Mocks.TestObject..ctor() in E:\Projekte\Kistl\Tests\Kistl.Client.Tests\Mocks\TestObject.cs:Zeile 25.
bei Kistl.Client.Mocks.TestObjectHarness.CreateObject() in E:\Projekte\Kistl\Tests\Kistl.Client.Tests\Mocks\ObjectHarness.cs:Zeile 80.
bei Kistl.Client.Mocks.ObjectHarness`1.SetUp() in E:\Projekte\Kistl\Tests\Kistl.Client.Tests\Mocks\ObjectHarness.cs:Zeile 27.
bei Kistl.Client.Mocks.TestObjectHarness.SetUp() in E:\Projekte\Kistl\Tests\Kistl.Client.Tests\Mocks\ObjectHarness.cs:Zeile 55.
bei Kistl.GUI.Tests.PresenterTests`4.SetUp() in E:\Projekte\Kistl\Tests\Kistl.Client.Tests\GUI\PresenterTests.cs:Zeile 95.
]]></stack-trace>
                            </failure>
                          </test-case>
                          <test-case name="Kistl.GUI.Tests.DateTimePresenterTests.HandleNoUserInput" executed="True" success="False" time="0.000" asserts="0">
                            <failure>
                              <message><![CDATA[NMock2.Internal.ExpectationException : unexpected invocation of MockContext.ContainsObject(<Kistl.App.Base.ObjectReferenceProperty>, <94>)
Expected:
Stubs:
  Stub: MockContext.Find(equal to <97>), will return <Kistl.App.Base.Module> [called 0 times]
  Stub: MockContext.ContainsObject(equal to <Kistl.App.Base.Module>, equal to <97>), will return <Kistl.App.Base.Module> [called 2 times]
  Stub: MockContext.Find(equal to <98>), will return <Kistl.App.Base.ObjectClass> [called 0 times]
  Stub: MockContext.ContainsObject(equal to <Kistl.App.Base.ObjectClass>, equal to <98>), will return <Kistl.App.Base.ObjectClass> [called 2 times]
  Stub: MockContext.Find(equal to <95>), will return <Kistl.App.Base.Module> [called 0 times]
  Stub: MockContext.ContainsObject(equal to <Kistl.App.Base.Module>, equal to <95>), will return <Kistl.App.Base.Module> [called 2 times]
  Stub: MockContext.Find(equal to <96>), will return <Kistl.App.Base.ObjectClass> [called 0 times]
  Stub: MockContext.ContainsObject(equal to <Kistl.App.Base.ObjectClass>, equal to <96>), will return <Kistl.App.Base.ObjectClass> [called 2 times]
]]></message>
                              <stack-trace><![CDATA[bei NMock2.Mockery.FailUnexpectedInvocation(Invocation invocation) in E:\Projekte\Kistl\Tests\NMock2\Mockery.cs:Zeile 184.
bei NMock2.Mockery.Dispatch(Invocation invocation) in E:\Projekte\Kistl\Tests\NMock2\Mockery.cs:Zeile 88.
bei NMock2.Internal.MockObject.Invoke(Invocation invocation) in E:\Projekte\Kistl\Tests\NMock2\Internal\MockObject.cs:Zeile 30.
bei NMock2.Monitoring.Invoker.Invoke(Invocation invocation) in E:\Projekte\Kistl\Tests\NMock2\Monitoring\Invoker.cs:Zeile 26.
bei NMock2.Monitoring.ProxiedObjectIdentity.Invoke(Invocation invocation) in E:\Projekte\Kistl\Tests\NMock2\Monitoring\ProxiedObjectIdentity.cs:Zeile 35.
bei NMock2.Monitoring.ProxyInvokableAdapter.Invoke(IMessage msg) in E:\Projekte\Kistl\Tests\NMock2\Monitoring\ProxyInvokableAdapter.cs:Zeile 27.
bei System.Runtime.Remoting.Proxies.RealProxy.PrivateInvoke(MessageData& msgData, Int32 type)
bei Kistl.API.IKistlContext.ContainsObject(Type type, Int32 ID)
bei Kistl.API.Client.BaseClientPersistenceObject.AttachToContext(IKistlContext ctx) in E:\Projekte\Kistl\Kistl.API.Client\BaseClientDataObject.cs:Zeile 51.
bei Kistl.App.Base.BaseProperty.AttachToContext(IKistlContext ctx) in E:\Projekte\Kistl\Kistl.Objects.Client\BaseProperty.Client.Designer.cs:Zeile 197.
bei Kistl.App.Base.Property.AttachToContext(IKistlContext ctx) in E:\Projekte\Kistl\Kistl.Objects.Client\Property.Client.Designer.cs:Zeile 115.
bei Kistl.App.Base.ObjectReferenceProperty.AttachToContext(IKistlContext ctx) in E:\Projekte\Kistl\Kistl.Objects.Client\ObjectReferenceProperty.Client.Designer.cs:Zeile 109.
bei Kistl.Client.Mocks.TestObject..ctor() in E:\Projekte\Kistl\Tests\Kistl.Client.Tests\Mocks\TestObject.cs:Zeile 25.
bei Kistl.Client.Mocks.TestObjectHarness.CreateObject() in E:\Projekte\Kistl\Tests\Kistl.Client.Tests\Mocks\ObjectHarness.cs:Zeile 80.
bei Kistl.Client.Mocks.ObjectHarness`1.SetUp() in E:\Projekte\Kistl\Tests\Kistl.Client.Tests\Mocks\ObjectHarness.cs:Zeile 27.
bei Kistl.Client.Mocks.TestObjectHarness.SetUp() in E:\Projekte\Kistl\Tests\Kistl.Client.Tests\Mocks\ObjectHarness.cs:Zeile 55.
bei Kistl.GUI.Tests.PresenterTests`4.SetUp() in E:\Projekte\Kistl\Tests\Kistl.Client.Tests\GUI\PresenterTests.cs:Zeile 95.
]]></stack-trace>
                            </failure>
                          </test-case>
                          <test-case name="Kistl.GUI.Tests.DateTimePresenterTests.HandleNullUserInput" executed="True" success="False" time="0.016" asserts="0">
                            <failure>
                              <message><![CDATA[NMock2.Internal.ExpectationException : unexpected invocation of MockContext.ContainsObject(<Kistl.App.Base.ObjectReferenceProperty>, <94>)
Expected:
Stubs:
  Stub: MockContext.Find(equal to <97>), will return <Kistl.App.Base.Module> [called 0 times]
  Stub: MockContext.ContainsObject(equal to <Kistl.App.Base.Module>, equal to <97>), will return <Kistl.App.Base.Module> [called 2 times]
  Stub: MockContext.Find(equal to <98>), will return <Kistl.App.Base.ObjectClass> [called 0 times]
  Stub: MockContext.ContainsObject(equal to <Kistl.App.Base.ObjectClass>, equal to <98>), will return <Kistl.App.Base.ObjectClass> [called 2 times]
  Stub: MockContext.Find(equal to <95>), will return <Kistl.App.Base.Module> [called 0 times]
  Stub: MockContext.ContainsObject(equal to <Kistl.App.Base.Module>, equal to <95>), will return <Kistl.App.Base.Module> [called 2 times]
  Stub: MockContext.Find(equal to <96>), will return <Kistl.App.Base.ObjectClass> [called 0 times]
  Stub: MockContext.ContainsObject(equal to <Kistl.App.Base.ObjectClass>, equal to <96>), will return <Kistl.App.Base.ObjectClass> [called 2 times]
]]></message>
                              <stack-trace><![CDATA[bei NMock2.Mockery.FailUnexpectedInvocation(Invocation invocation) in E:\Projekte\Kistl\Tests\NMock2\Mockery.cs:Zeile 184.
bei NMock2.Mockery.Dispatch(Invocation invocation) in E:\Projekte\Kistl\Tests\NMock2\Mockery.cs:Zeile 88.
bei NMock2.Internal.MockObject.Invoke(Invocation invocation) in E:\Projekte\Kistl\Tests\NMock2\Internal\MockObject.cs:Zeile 30.
bei NMock2.Monitoring.Invoker.Invoke(Invocation invocation) in E:\Projekte\Kistl\Tests\NMock2\Monitoring\Invoker.cs:Zeile 26.
bei NMock2.Monitoring.ProxiedObjectIdentity.Invoke(Invocation invocation) in E:\Projekte\Kistl\Tests\NMock2\Monitoring\ProxiedObjectIdentity.cs:Zeile 35.
bei NMock2.Monitoring.ProxyInvokableAdapter.Invoke(IMessage msg) in E:\Projekte\Kistl\Tests\NMock2\Monitoring\ProxyInvokableAdapter.cs:Zeile 27.
bei System.Runtime.Remoting.Proxies.RealProxy.PrivateInvoke(MessageData& msgData, Int32 type)
bei Kistl.API.IKistlContext.ContainsObject(Type type, Int32 ID)
bei Kistl.API.Client.BaseClientPersistenceObject.AttachToContext(IKistlContext ctx) in E:\Projekte\Kistl\Kistl.API.Client\BaseClientDataObject.cs:Zeile 51.
bei Kistl.App.Base.BaseProperty.AttachToContext(IKistlContext ctx) in E:\Projekte\Kistl\Kistl.Objects.Client\BaseProperty.Client.Designer.cs:Zeile 197.
bei Kistl.App.Base.Property.AttachToContext(IKistlContext ctx) in E:\Projekte\Kistl\Kistl.Objects.Client\Property.Client.Designer.cs:Zeile 115.
bei Kistl.App.Base.ObjectReferenceProperty.AttachToContext(IKistlContext ctx) in E:\Projekte\Kistl\Kistl.Objects.Client\ObjectReferenceProperty.Client.Designer.cs:Zeile 109.
bei Kistl.Client.Mocks.TestObject..ctor() in E:\Projekte\Kistl\Tests\Kistl.Client.Tests\Mocks\TestObject.cs:Zeile 25.
bei Kistl.Client.Mocks.TestObjectHarness.CreateObject() in E:\Projekte\Kistl\Tests\Kistl.Client.Tests\Mocks\ObjectHarness.cs:Zeile 80.
bei Kistl.Client.Mocks.ObjectHarness`1.SetUp() in E:\Projekte\Kistl\Tests\Kistl.Client.Tests\Mocks\ObjectHarness.cs:Zeile 27.
bei Kistl.Client.Mocks.TestObjectHarness.SetUp() in E:\Projekte\Kistl\Tests\Kistl.Client.Tests\Mocks\ObjectHarness.cs:Zeile 55.
bei Kistl.GUI.Tests.PresenterTests`4.SetUp() in E:\Projekte\Kistl\Tests\Kistl.Client.Tests\GUI\PresenterTests.cs:Zeile 95.
]]></stack-trace>
                            </failure>
                          </test-case>
                          <test-case name="Kistl.GUI.Tests.DateTimePresenterTests.HandleProgrammaticChange" executed="True" success="False" time="0.000" asserts="0">
                            <failure>
                              <message><![CDATA[NMock2.Internal.ExpectationException : unexpected invocation of MockContext.ContainsObject(<Kistl.App.Base.ObjectReferenceProperty>, <94>)
Expected:
Stubs:
  Stub: MockContext.Find(equal to <97>), will return <Kistl.App.Base.Module> [called 0 times]
  Stub: MockContext.ContainsObject(equal to <Kistl.App.Base.Module>, equal to <97>), will return <Kistl.App.Base.Module> [called 2 times]
  Stub: MockContext.Find(equal to <98>), will return <Kistl.App.Base.ObjectClass> [called 0 times]
  Stub: MockContext.ContainsObject(equal to <Kistl.App.Base.ObjectClass>, equal to <98>), will return <Kistl.App.Base.ObjectClass> [called 2 times]
  Stub: MockContext.Find(equal to <95>), will return <Kistl.App.Base.Module> [called 0 times]
  Stub: MockContext.ContainsObject(equal to <Kistl.App.Base.Module>, equal to <95>), will return <Kistl.App.Base.Module> [called 2 times]
  Stub: MockContext.Find(equal to <96>), will return <Kistl.App.Base.ObjectClass> [called 0 times]
  Stub: MockContext.ContainsObject(equal to <Kistl.App.Base.ObjectClass>, equal to <96>), will return <Kistl.App.Base.ObjectClass> [called 2 times]
]]></message>
                              <stack-trace><![CDATA[bei NMock2.Mockery.FailUnexpectedInvocation(Invocation invocation) in E:\Projekte\Kistl\Tests\NMock2\Mockery.cs:Zeile 184.
bei NMock2.Mockery.Dispatch(Invocation invocation) in E:\Projekte\Kistl\Tests\NMock2\Mockery.cs:Zeile 88.
bei NMock2.Internal.MockObject.Invoke(Invocation invocation) in E:\Projekte\Kistl\Tests\NMock2\Internal\MockObject.cs:Zeile 30.
bei NMock2.Monitoring.Invoker.Invoke(Invocation invocation) in E:\Projekte\Kistl\Tests\NMock2\Monitoring\Invoker.cs:Zeile 26.
bei NMock2.Monitoring.ProxiedObjectIdentity.Invoke(Invocation invocation) in E:\Projekte\Kistl\Tests\NMock2\Monitoring\ProxiedObjectIdentity.cs:Zeile 35.
bei NMock2.Monitoring.ProxyInvokableAdapter.Invoke(IMessage msg) in E:\Projekte\Kistl\Tests\NMock2\Monitoring\ProxyInvokableAdapter.cs:Zeile 27.
bei System.Runtime.Remoting.Proxies.RealProxy.PrivateInvoke(MessageData& msgData, Int32 type)
bei Kistl.API.IKistlContext.ContainsObject(Type type, Int32 ID)
bei Kistl.API.Client.BaseClientPersistenceObject.AttachToContext(IKistlContext ctx) in E:\Projekte\Kistl\Kistl.API.Client\BaseClientDataObject.cs:Zeile 51.
bei Kistl.App.Base.BaseProperty.AttachToContext(IKistlContext ctx) in E:\Projekte\Kistl\Kistl.Objects.Client\BaseProperty.Client.Designer.cs:Zeile 197.
bei Kistl.App.Base.Property.AttachToContext(IKistlContext ctx) in E:\Projekte\Kistl\Kistl.Objects.Client\Property.Client.Designer.cs:Zeile 115.
bei Kistl.App.Base.ObjectReferenceProperty.AttachToContext(IKistlContext ctx) in E:\Projekte\Kistl\Kistl.Objects.Client\ObjectReferenceProperty.Client.Designer.cs:Zeile 109.
bei Kistl.Client.Mocks.TestObject..ctor() in E:\Projekte\Kistl\Tests\Kistl.Client.Tests\Mocks\TestObject.cs:Zeile 25.
bei Kistl.Client.Mocks.TestObjectHarness.CreateObject() in E:\Projekte\Kistl\Tests\Kistl.Client.Tests\Mocks\ObjectHarness.cs:Zeile 80.
bei Kistl.Client.Mocks.ObjectHarness`1.SetUp() in E:\Projekte\Kistl\Tests\Kistl.Client.Tests\Mocks\ObjectHarness.cs:Zeile 27.
bei Kistl.Client.Mocks.TestObjectHarness.SetUp() in E:\Projekte\Kistl\Tests\Kistl.Client.Tests\Mocks\ObjectHarness.cs:Zeile 55.
bei Kistl.GUI.Tests.PresenterTests`4.SetUp() in E:\Projekte\Kistl\Tests\Kistl.Client.Tests\GUI\PresenterTests.cs:Zeile 95.
]]></stack-trace>
                            </failure>
                          </test-case>
                          <test-case name="Kistl.GUI.Tests.DateTimePresenterTests.HandleValidUserInput" executed="True" success="False" time="0.000" asserts="0">
                            <failure>
                              <message><![CDATA[NMock2.Internal.ExpectationException : unexpected invocation of MockContext.ContainsObject(<Kistl.App.Base.ObjectReferenceProperty>, <94>)
Expected:
Stubs:
  Stub: MockContext.Find(equal to <97>), will return <Kistl.App.Base.Module> [called 0 times]
  Stub: MockContext.ContainsObject(equal to <Kistl.App.Base.Module>, equal to <97>), will return <Kistl.App.Base.Module> [called 2 times]
  Stub: MockContext.Find(equal to <98>), will return <Kistl.App.Base.ObjectClass> [called 0 times]
  Stub: MockContext.ContainsObject(equal to <Kistl.App.Base.ObjectClass>, equal to <98>), will return <Kistl.App.Base.ObjectClass> [called 2 times]
  Stub: MockContext.Find(equal to <95>), will return <Kistl.App.Base.Module> [called 0 times]
  Stub: MockContext.ContainsObject(equal to <Kistl.App.Base.Module>, equal to <95>), will return <Kistl.App.Base.Module> [called 2 times]
  Stub: MockContext.Find(equal to <96>), will return <Kistl.App.Base.ObjectClass> [called 0 times]
  Stub: MockContext.ContainsObject(equal to <Kistl.App.Base.ObjectClass>, equal to <96>), will return <Kistl.App.Base.ObjectClass> [called 2 times]
]]></message>
                              <stack-trace><![CDATA[bei NMock2.Mockery.FailUnexpectedInvocation(Invocation invocation) in E:\Projekte\Kistl\Tests\NMock2\Mockery.cs:Zeile 184.
bei NMock2.Mockery.Dispatch(Invocation invocation) in E:\Projekte\Kistl\Tests\NMock2\Mockery.cs:Zeile 88.
bei NMock2.Internal.MockObject.Invoke(Invocation invocation) in E:\Projekte\Kistl\Tests\NMock2\Internal\MockObject.cs:Zeile 30.
bei NMock2.Monitoring.Invoker.Invoke(Invocation invocation) in E:\Projekte\Kistl\Tests\NMock2\Monitoring\Invoker.cs:Zeile 26.
bei NMock2.Monitoring.ProxiedObjectIdentity.Invoke(Invocation invocation) in E:\Projekte\Kistl\Tests\NMock2\Monitoring\ProxiedObjectIdentity.cs:Zeile 35.
bei NMock2.Monitoring.ProxyInvokableAdapter.Invoke(IMessage msg) in E:\Projekte\Kistl\Tests\NMock2\Monitoring\ProxyInvokableAdapter.cs:Zeile 27.
bei System.Runtime.Remoting.Proxies.RealProxy.PrivateInvoke(MessageData& msgData, Int32 type)
bei Kistl.API.IKistlContext.ContainsObject(Type type, Int32 ID)
bei Kistl.API.Client.BaseClientPersistenceObject.AttachToContext(IKistlContext ctx) in E:\Projekte\Kistl\Kistl.API.Client\BaseClientDataObject.cs:Zeile 51.
bei Kistl.App.Base.BaseProperty.AttachToContext(IKistlContext ctx) in E:\Projekte\Kistl\Kistl.Objects.Client\BaseProperty.Client.Designer.cs:Zeile 197.
bei Kistl.App.Base.Property.AttachToContext(IKistlContext ctx) in E:\Projekte\Kistl\Kistl.Objects.Client\Property.Client.Designer.cs:Zeile 115.
bei Kistl.App.Base.ObjectReferenceProperty.AttachToContext(IKistlContext ctx) in E:\Projekte\Kistl\Kistl.Objects.Client\ObjectReferenceProperty.Client.Designer.cs:Zeile 109.
bei Kistl.Client.Mocks.TestObject..ctor() in E:\Projekte\Kistl\Tests\Kistl.Client.Tests\Mocks\TestObject.cs:Zeile 25.
bei Kistl.Client.Mocks.TestObjectHarness.CreateObject() in E:\Projekte\Kistl\Tests\Kistl.Client.Tests\Mocks\ObjectHarness.cs:Zeile 80.
bei Kistl.Client.Mocks.ObjectHarness`1.SetUp() in E:\Projekte\Kistl\Tests\Kistl.Client.Tests\Mocks\ObjectHarness.cs:Zeile 27.
bei Kistl.Client.Mocks.TestObjectHarness.SetUp() in E:\Projekte\Kistl\Tests\Kistl.Client.Tests\Mocks\ObjectHarness.cs:Zeile 55.
bei Kistl.GUI.Tests.PresenterTests`4.SetUp() in E:\Projekte\Kistl\Tests\Kistl.Client.Tests\GUI\PresenterTests.cs:Zeile 95.
]]></stack-trace>
                            </failure>
                          </test-case>
                          <test-case name="Kistl.GUI.Tests.DateTimePresenterTests.ReInit" executed="True" success="False" time="0.000" asserts="0">
                            <failure>
                              <message><![CDATA[NMock2.Internal.ExpectationException : unexpected invocation of MockContext.ContainsObject(<Kistl.App.Base.ObjectReferenceProperty>, <94>)
Expected:
Stubs:
  Stub: MockContext.Find(equal to <97>), will return <Kistl.App.Base.Module> [called 0 times]
  Stub: MockContext.ContainsObject(equal to <Kistl.App.Base.Module>, equal to <97>), will return <Kistl.App.Base.Module> [called 2 times]
  Stub: MockContext.Find(equal to <98>), will return <Kistl.App.Base.ObjectClass> [called 0 times]
  Stub: MockContext.ContainsObject(equal to <Kistl.App.Base.ObjectClass>, equal to <98>), will return <Kistl.App.Base.ObjectClass> [called 2 times]
  Stub: MockContext.Find(equal to <95>), will return <Kistl.App.Base.Module> [called 0 times]
  Stub: MockContext.ContainsObject(equal to <Kistl.App.Base.Module>, equal to <95>), will return <Kistl.App.Base.Module> [called 2 times]
  Stub: MockContext.Find(equal to <96>), will return <Kistl.App.Base.ObjectClass> [called 0 times]
  Stub: MockContext.ContainsObject(equal to <Kistl.App.Base.ObjectClass>, equal to <96>), will return <Kistl.App.Base.ObjectClass> [called 2 times]
]]></message>
                              <stack-trace><![CDATA[bei NMock2.Mockery.FailUnexpectedInvocation(Invocation invocation) in E:\Projekte\Kistl\Tests\NMock2\Mockery.cs:Zeile 184.
bei NMock2.Mockery.Dispatch(Invocation invocation) in E:\Projekte\Kistl\Tests\NMock2\Mockery.cs:Zeile 88.
bei NMock2.Internal.MockObject.Invoke(Invocation invocation) in E:\Projekte\Kistl\Tests\NMock2\Internal\MockObject.cs:Zeile 30.
bei NMock2.Monitoring.Invoker.Invoke(Invocation invocation) in E:\Projekte\Kistl\Tests\NMock2\Monitoring\Invoker.cs:Zeile 26.
bei NMock2.Monitoring.ProxiedObjectIdentity.Invoke(Invocation invocation) in E:\Projekte\Kistl\Tests\NMock2\Monitoring\ProxiedObjectIdentity.cs:Zeile 35.
bei NMock2.Monitoring.ProxyInvokableAdapter.Invoke(IMessage msg) in E:\Projekte\Kistl\Tests\NMock2\Monitoring\ProxyInvokableAdapter.cs:Zeile 27.
bei System.Runtime.Remoting.Proxies.RealProxy.PrivateInvoke(MessageData& msgData, Int32 type)
bei Kistl.API.IKistlContext.ContainsObject(Type type, Int32 ID)
bei Kistl.API.Client.BaseClientPersistenceObject.AttachToContext(IKistlContext ctx) in E:\Projekte\Kistl\Kistl.API.Client\BaseClientDataObject.cs:Zeile 51.
bei Kistl.App.Base.BaseProperty.AttachToContext(IKistlContext ctx) in E:\Projekte\Kistl\Kistl.Objects.Client\BaseProperty.Client.Designer.cs:Zeile 197.
bei Kistl.App.Base.Property.AttachToContext(IKistlContext ctx) in E:\Projekte\Kistl\Kistl.Objects.Client\Property.Client.Designer.cs:Zeile 115.
bei Kistl.App.Base.ObjectReferenceProperty.AttachToContext(IKistlContext ctx) in E:\Projekte\Kistl\Kistl.Objects.Client\ObjectReferenceProperty.Client.Designer.cs:Zeile 109.
bei Kistl.Client.Mocks.TestObject..ctor() in E:\Projekte\Kistl\Tests\Kistl.Client.Tests\Mocks\TestObject.cs:Zeile 25.
bei Kistl.Client.Mocks.TestObjectHarness.CreateObject() in E:\Projekte\Kistl\Tests\Kistl.Client.Tests\Mocks\ObjectHarness.cs:Zeile 80.
bei Kistl.Client.Mocks.ObjectHarness`1.SetUp() in E:\Projekte\Kistl\Tests\Kistl.Client.Tests\Mocks\ObjectHarness.cs:Zeile 27.
bei Kistl.Client.Mocks.TestObjectHarness.SetUp() in E:\Projekte\Kistl\Tests\Kistl.Client.Tests\Mocks\ObjectHarness.cs:Zeile 55.
bei Kistl.GUI.Tests.PresenterTests`4.SetUp() in E:\Projekte\Kistl\Tests\Kistl.Client.Tests\GUI\PresenterTests.cs:Zeile 95.
]]></stack-trace>
                            </failure>
                          </test-case>
                          <test-case name="Kistl.GUI.Tests.DateTimePresenterTests.TestPresenterSetUpCorrect" executed="True" success="False" time="0.000" asserts="0">
                            <failure>
                              <message><![CDATA[NMock2.Internal.ExpectationException : unexpected invocation of MockContext.ContainsObject(<Kistl.App.Base.ObjectReferenceProperty>, <94>)
Expected:
Stubs:
  Stub: MockContext.Find(equal to <97>), will return <Kistl.App.Base.Module> [called 0 times]
  Stub: MockContext.ContainsObject(equal to <Kistl.App.Base.Module>, equal to <97>), will return <Kistl.App.Base.Module> [called 2 times]
  Stub: MockContext.Find(equal to <98>), will return <Kistl.App.Base.ObjectClass> [called 0 times]
  Stub: MockContext.ContainsObject(equal to <Kistl.App.Base.ObjectClass>, equal to <98>), will return <Kistl.App.Base.ObjectClass> [called 2 times]
  Stub: MockContext.Find(equal to <95>), will return <Kistl.App.Base.Module> [called 0 times]
  Stub: MockContext.ContainsObject(equal to <Kistl.App.Base.Module>, equal to <95>), will return <Kistl.App.Base.Module> [called 2 times]
  Stub: MockContext.Find(equal to <96>), will return <Kistl.App.Base.ObjectClass> [called 0 times]
  Stub: MockContext.ContainsObject(equal to <Kistl.App.Base.ObjectClass>, equal to <96>), will return <Kistl.App.Base.ObjectClass> [called 2 times]
]]></message>
                              <stack-trace><![CDATA[bei NMock2.Mockery.FailUnexpectedInvocation(Invocation invocation) in E:\Projekte\Kistl\Tests\NMock2\Mockery.cs:Zeile 184.
bei NMock2.Mockery.Dispatch(Invocation invocation) in E:\Projekte\Kistl\Tests\NMock2\Mockery.cs:Zeile 88.
bei NMock2.Internal.MockObject.Invoke(Invocation invocation) in E:\Projekte\Kistl\Tests\NMock2\Internal\MockObject.cs:Zeile 30.
bei NMock2.Monitoring.Invoker.Invoke(Invocation invocation) in E:\Projekte\Kistl\Tests\NMock2\Monitoring\Invoker.cs:Zeile 26.
bei NMock2.Monitoring.ProxiedObjectIdentity.Invoke(Invocation invocation) in E:\Projekte\Kistl\Tests\NMock2\Monitoring\ProxiedObjectIdentity.cs:Zeile 35.
bei NMock2.Monitoring.ProxyInvokableAdapter.Invoke(IMessage msg) in E:\Projekte\Kistl\Tests\NMock2\Monitoring\ProxyInvokableAdapter.cs:Zeile 27.
bei System.Runtime.Remoting.Proxies.RealProxy.PrivateInvoke(MessageData& msgData, Int32 type)
bei Kistl.API.IKistlContext.ContainsObject(Type type, Int32 ID)
bei Kistl.API.Client.BaseClientPersistenceObject.AttachToContext(IKistlContext ctx) in E:\Projekte\Kistl\Kistl.API.Client\BaseClientDataObject.cs:Zeile 51.
bei Kistl.App.Base.BaseProperty.AttachToContext(IKistlContext ctx) in E:\Projekte\Kistl\Kistl.Objects.Client\BaseProperty.Client.Designer.cs:Zeile 197.
bei Kistl.App.Base.Property.AttachToContext(IKistlContext ctx) in E:\Projekte\Kistl\Kistl.Objects.Client\Property.Client.Designer.cs:Zeile 115.
bei Kistl.App.Base.ObjectReferenceProperty.AttachToContext(IKistlContext ctx) in E:\Projekte\Kistl\Kistl.Objects.Client\ObjectReferenceProperty.Client.Designer.cs:Zeile 109.
bei Kistl.Client.Mocks.TestObject..ctor() in E:\Projekte\Kistl\Tests\Kistl.Client.Tests\Mocks\TestObject.cs:Zeile 25.
bei Kistl.Client.Mocks.TestObjectHarness.CreateObject() in E:\Projekte\Kistl\Tests\Kistl.Client.Tests\Mocks\ObjectHarness.cs:Zeile 80.
bei Kistl.Client.Mocks.ObjectHarness`1.SetUp() in E:\Projekte\Kistl\Tests\Kistl.Client.Tests\Mocks\ObjectHarness.cs:Zeile 27.
bei Kistl.Client.Mocks.TestObjectHarness.SetUp() in E:\Projekte\Kistl\Tests\Kistl.Client.Tests\Mocks\ObjectHarness.cs:Zeile 55.
bei Kistl.GUI.Tests.PresenterTests`4.SetUp() in E:\Projekte\Kistl\Tests\Kistl.Client.Tests\GUI\PresenterTests.cs:Zeile 95.
]]></stack-trace>
                            </failure>
                          </test-case>
                        </results>
                      </test-suite>
                      <test-suite name="DoublePresenterTests" success="False" time="0.047" asserts="2">
                        <results>
                          <test-case name="Kistl.GUI.Tests.DoublePresenterTests.HandleInvalidUserInput" executed="True" success="False" time="0.016" asserts="0">
                            <failure>
                              <message><![CDATA[NMock2.Internal.ExpectationException : unexpected invocation of MockContext.ContainsObject(<Kistl.App.Base.ObjectReferenceProperty>, <94>)
Expected:
Stubs:
  Stub: MockContext.Find(equal to <97>), will return <Kistl.App.Base.Module> [called 0 times]
  Stub: MockContext.ContainsObject(equal to <Kistl.App.Base.Module>, equal to <97>), will return <Kistl.App.Base.Module> [called 2 times]
  Stub: MockContext.Find(equal to <98>), will return <Kistl.App.Base.ObjectClass> [called 0 times]
  Stub: MockContext.ContainsObject(equal to <Kistl.App.Base.ObjectClass>, equal to <98>), will return <Kistl.App.Base.ObjectClass> [called 2 times]
  Stub: MockContext.Find(equal to <95>), will return <Kistl.App.Base.Module> [called 0 times]
  Stub: MockContext.ContainsObject(equal to <Kistl.App.Base.Module>, equal to <95>), will return <Kistl.App.Base.Module> [called 2 times]
  Stub: MockContext.Find(equal to <96>), will return <Kistl.App.Base.ObjectClass> [called 0 times]
  Stub: MockContext.ContainsObject(equal to <Kistl.App.Base.ObjectClass>, equal to <96>), will return <Kistl.App.Base.ObjectClass> [called 2 times]
]]></message>
                              <stack-trace><![CDATA[bei NMock2.Mockery.FailUnexpectedInvocation(Invocation invocation) in E:\Projekte\Kistl\Tests\NMock2\Mockery.cs:Zeile 184.
bei NMock2.Mockery.Dispatch(Invocation invocation) in E:\Projekte\Kistl\Tests\NMock2\Mockery.cs:Zeile 88.
bei NMock2.Internal.MockObject.Invoke(Invocation invocation) in E:\Projekte\Kistl\Tests\NMock2\Internal\MockObject.cs:Zeile 30.
bei NMock2.Monitoring.Invoker.Invoke(Invocation invocation) in E:\Projekte\Kistl\Tests\NMock2\Monitoring\Invoker.cs:Zeile 26.
bei NMock2.Monitoring.ProxiedObjectIdentity.Invoke(Invocation invocation) in E:\Projekte\Kistl\Tests\NMock2\Monitoring\ProxiedObjectIdentity.cs:Zeile 35.
bei NMock2.Monitoring.ProxyInvokableAdapter.Invoke(IMessage msg) in E:\Projekte\Kistl\Tests\NMock2\Monitoring\ProxyInvokableAdapter.cs:Zeile 27.
bei System.Runtime.Remoting.Proxies.RealProxy.PrivateInvoke(MessageData& msgData, Int32 type)
bei Kistl.API.IKistlContext.ContainsObject(Type type, Int32 ID)
bei Kistl.API.Client.BaseClientPersistenceObject.AttachToContext(IKistlContext ctx) in E:\Projekte\Kistl\Kistl.API.Client\BaseClientDataObject.cs:Zeile 51.
bei Kistl.App.Base.BaseProperty.AttachToContext(IKistlContext ctx) in E:\Projekte\Kistl\Kistl.Objects.Client\BaseProperty.Client.Designer.cs:Zeile 197.
bei Kistl.App.Base.Property.AttachToContext(IKistlContext ctx) in E:\Projekte\Kistl\Kistl.Objects.Client\Property.Client.Designer.cs:Zeile 115.
bei Kistl.App.Base.ObjectReferenceProperty.AttachToContext(IKistlContext ctx) in E:\Projekte\Kistl\Kistl.Objects.Client\ObjectReferenceProperty.Client.Designer.cs:Zeile 109.
bei Kistl.Client.Mocks.TestObject..ctor() in E:\Projekte\Kistl\Tests\Kistl.Client.Tests\Mocks\TestObject.cs:Zeile 25.
bei Kistl.Client.Mocks.TestObjectHarness.CreateObject() in E:\Projekte\Kistl\Tests\Kistl.Client.Tests\Mocks\ObjectHarness.cs:Zeile 80.
bei Kistl.Client.Mocks.ObjectHarness`1.SetUp() in E:\Projekte\Kistl\Tests\Kistl.Client.Tests\Mocks\ObjectHarness.cs:Zeile 27.
bei Kistl.Client.Mocks.TestObjectHarness.SetUp() in E:\Projekte\Kistl\Tests\Kistl.Client.Tests\Mocks\ObjectHarness.cs:Zeile 55.
bei Kistl.GUI.Tests.PresenterTests`4.SetUp() in E:\Projekte\Kistl\Tests\Kistl.Client.Tests\GUI\PresenterTests.cs:Zeile 95.
]]></stack-trace>
                            </failure>
                          </test-case>
                          <test-case name="Kistl.GUI.Tests.DoublePresenterTests.HandleNoUserInput" executed="True" success="False" time="0.000" asserts="0">
                            <failure>
                              <message><![CDATA[NMock2.Internal.ExpectationException : unexpected invocation of MockContext.ContainsObject(<Kistl.App.Base.ObjectReferenceProperty>, <94>)
Expected:
Stubs:
  Stub: MockContext.Find(equal to <97>), will return <Kistl.App.Base.Module> [called 0 times]
  Stub: MockContext.ContainsObject(equal to <Kistl.App.Base.Module>, equal to <97>), will return <Kistl.App.Base.Module> [called 2 times]
  Stub: MockContext.Find(equal to <98>), will return <Kistl.App.Base.ObjectClass> [called 0 times]
  Stub: MockContext.ContainsObject(equal to <Kistl.App.Base.ObjectClass>, equal to <98>), will return <Kistl.App.Base.ObjectClass> [called 2 times]
  Stub: MockContext.Find(equal to <95>), will return <Kistl.App.Base.Module> [called 0 times]
  Stub: MockContext.ContainsObject(equal to <Kistl.App.Base.Module>, equal to <95>), will return <Kistl.App.Base.Module> [called 2 times]
  Stub: MockContext.Find(equal to <96>), will return <Kistl.App.Base.ObjectClass> [called 0 times]
  Stub: MockContext.ContainsObject(equal to <Kistl.App.Base.ObjectClass>, equal to <96>), will return <Kistl.App.Base.ObjectClass> [called 2 times]
]]></message>
                              <stack-trace><![CDATA[bei NMock2.Mockery.FailUnexpectedInvocation(Invocation invocation) in E:\Projekte\Kistl\Tests\NMock2\Mockery.cs:Zeile 184.
bei NMock2.Mockery.Dispatch(Invocation invocation) in E:\Projekte\Kistl\Tests\NMock2\Mockery.cs:Zeile 88.
bei NMock2.Internal.MockObject.Invoke(Invocation invocation) in E:\Projekte\Kistl\Tests\NMock2\Internal\MockObject.cs:Zeile 30.
bei NMock2.Monitoring.Invoker.Invoke(Invocation invocation) in E:\Projekte\Kistl\Tests\NMock2\Monitoring\Invoker.cs:Zeile 26.
bei NMock2.Monitoring.ProxiedObjectIdentity.Invoke(Invocation invocation) in E:\Projekte\Kistl\Tests\NMock2\Monitoring\ProxiedObjectIdentity.cs:Zeile 35.
bei NMock2.Monitoring.ProxyInvokableAdapter.Invoke(IMessage msg) in E:\Projekte\Kistl\Tests\NMock2\Monitoring\ProxyInvokableAdapter.cs:Zeile 27.
bei System.Runtime.Remoting.Proxies.RealProxy.PrivateInvoke(MessageData& msgData, Int32 type)
bei Kistl.API.IKistlContext.ContainsObject(Type type, Int32 ID)
bei Kistl.API.Client.BaseClientPersistenceObject.AttachToContext(IKistlContext ctx) in E:\Projekte\Kistl\Kistl.API.Client\BaseClientDataObject.cs:Zeile 51.
bei Kistl.App.Base.BaseProperty.AttachToContext(IKistlContext ctx) in E:\Projekte\Kistl\Kistl.Objects.Client\BaseProperty.Client.Designer.cs:Zeile 197.
bei Kistl.App.Base.Property.AttachToContext(IKistlContext ctx) in E:\Projekte\Kistl\Kistl.Objects.Client\Property.Client.Designer.cs:Zeile 115.
bei Kistl.App.Base.ObjectReferenceProperty.AttachToContext(IKistlContext ctx) in E:\Projekte\Kistl\Kistl.Objects.Client\ObjectReferenceProperty.Client.Designer.cs:Zeile 109.
bei Kistl.Client.Mocks.TestObject..ctor() in E:\Projekte\Kistl\Tests\Kistl.Client.Tests\Mocks\TestObject.cs:Zeile 25.
bei Kistl.Client.Mocks.TestObjectHarness.CreateObject() in E:\Projekte\Kistl\Tests\Kistl.Client.Tests\Mocks\ObjectHarness.cs:Zeile 80.
bei Kistl.Client.Mocks.ObjectHarness`1.SetUp() in E:\Projekte\Kistl\Tests\Kistl.Client.Tests\Mocks\ObjectHarness.cs:Zeile 27.
bei Kistl.Client.Mocks.TestObjectHarness.SetUp() in E:\Projekte\Kistl\Tests\Kistl.Client.Tests\Mocks\ObjectHarness.cs:Zeile 55.
bei Kistl.GUI.Tests.PresenterTests`4.SetUp() in E:\Projekte\Kistl\Tests\Kistl.Client.Tests\GUI\PresenterTests.cs:Zeile 95.
]]></stack-trace>
                            </failure>
                          </test-case>
                          <test-case name="Kistl.GUI.Tests.DoublePresenterTests.HandleNullUserInput" executed="True" success="False" time="0.000" asserts="0">
                            <failure>
                              <message><![CDATA[NMock2.Internal.ExpectationException : unexpected invocation of MockContext.ContainsObject(<Kistl.App.Base.ObjectReferenceProperty>, <94>)
Expected:
Stubs:
  Stub: MockContext.Find(equal to <97>), will return <Kistl.App.Base.Module> [called 0 times]
  Stub: MockContext.ContainsObject(equal to <Kistl.App.Base.Module>, equal to <97>), will return <Kistl.App.Base.Module> [called 2 times]
  Stub: MockContext.Find(equal to <98>), will return <Kistl.App.Base.ObjectClass> [called 0 times]
  Stub: MockContext.ContainsObject(equal to <Kistl.App.Base.ObjectClass>, equal to <98>), will return <Kistl.App.Base.ObjectClass> [called 2 times]
  Stub: MockContext.Find(equal to <95>), will return <Kistl.App.Base.Module> [called 0 times]
  Stub: MockContext.ContainsObject(equal to <Kistl.App.Base.Module>, equal to <95>), will return <Kistl.App.Base.Module> [called 2 times]
  Stub: MockContext.Find(equal to <96>), will return <Kistl.App.Base.ObjectClass> [called 0 times]
  Stub: MockContext.ContainsObject(equal to <Kistl.App.Base.ObjectClass>, equal to <96>), will return <Kistl.App.Base.ObjectClass> [called 2 times]
]]></message>
                              <stack-trace><![CDATA[bei NMock2.Mockery.FailUnexpectedInvocation(Invocation invocation) in E:\Projekte\Kistl\Tests\NMock2\Mockery.cs:Zeile 184.
bei NMock2.Mockery.Dispatch(Invocation invocation) in E:\Projekte\Kistl\Tests\NMock2\Mockery.cs:Zeile 88.
bei NMock2.Internal.MockObject.Invoke(Invocation invocation) in E:\Projekte\Kistl\Tests\NMock2\Internal\MockObject.cs:Zeile 30.
bei NMock2.Monitoring.Invoker.Invoke(Invocation invocation) in E:\Projekte\Kistl\Tests\NMock2\Monitoring\Invoker.cs:Zeile 26.
bei NMock2.Monitoring.ProxiedObjectIdentity.Invoke(Invocation invocation) in E:\Projekte\Kistl\Tests\NMock2\Monitoring\ProxiedObjectIdentity.cs:Zeile 35.
bei NMock2.Monitoring.ProxyInvokableAdapter.Invoke(IMessage msg) in E:\Projekte\Kistl\Tests\NMock2\Monitoring\ProxyInvokableAdapter.cs:Zeile 27.
bei System.Runtime.Remoting.Proxies.RealProxy.PrivateInvoke(MessageData& msgData, Int32 type)
bei Kistl.API.IKistlContext.ContainsObject(Type type, Int32 ID)
bei Kistl.API.Client.BaseClientPersistenceObject.AttachToContext(IKistlContext ctx) in E:\Projekte\Kistl\Kistl.API.Client\BaseClientDataObject.cs:Zeile 51.
bei Kistl.App.Base.BaseProperty.AttachToContext(IKistlContext ctx) in E:\Projekte\Kistl\Kistl.Objects.Client\BaseProperty.Client.Designer.cs:Zeile 197.
bei Kistl.App.Base.Property.AttachToContext(IKistlContext ctx) in E:\Projekte\Kistl\Kistl.Objects.Client\Property.Client.Designer.cs:Zeile 115.
bei Kistl.App.Base.ObjectReferenceProperty.AttachToContext(IKistlContext ctx) in E:\Projekte\Kistl\Kistl.Objects.Client\ObjectReferenceProperty.Client.Designer.cs:Zeile 109.
bei Kistl.Client.Mocks.TestObject..ctor() in E:\Projekte\Kistl\Tests\Kistl.Client.Tests\Mocks\TestObject.cs:Zeile 25.
bei Kistl.Client.Mocks.TestObjectHarness.CreateObject() in E:\Projekte\Kistl\Tests\Kistl.Client.Tests\Mocks\ObjectHarness.cs:Zeile 80.
bei Kistl.Client.Mocks.ObjectHarness`1.SetUp() in E:\Projekte\Kistl\Tests\Kistl.Client.Tests\Mocks\ObjectHarness.cs:Zeile 27.
bei Kistl.Client.Mocks.TestObjectHarness.SetUp() in E:\Projekte\Kistl\Tests\Kistl.Client.Tests\Mocks\ObjectHarness.cs:Zeile 55.
bei Kistl.GUI.Tests.PresenterTests`4.SetUp() in E:\Projekte\Kistl\Tests\Kistl.Client.Tests\GUI\PresenterTests.cs:Zeile 95.
]]></stack-trace>
                            </failure>
                          </test-case>
                          <test-case name="Kistl.GUI.Tests.DoublePresenterTests.HandleProgrammaticChange" executed="True" success="False" time="0.000" asserts="0">
                            <failure>
                              <message><![CDATA[NMock2.Internal.ExpectationException : unexpected invocation of MockContext.ContainsObject(<Kistl.App.Base.ObjectReferenceProperty>, <94>)
Expected:
Stubs:
  Stub: MockContext.Find(equal to <97>), will return <Kistl.App.Base.Module> [called 0 times]
  Stub: MockContext.ContainsObject(equal to <Kistl.App.Base.Module>, equal to <97>), will return <Kistl.App.Base.Module> [called 2 times]
  Stub: MockContext.Find(equal to <98>), will return <Kistl.App.Base.ObjectClass> [called 0 times]
  Stub: MockContext.ContainsObject(equal to <Kistl.App.Base.ObjectClass>, equal to <98>), will return <Kistl.App.Base.ObjectClass> [called 2 times]
  Stub: MockContext.Find(equal to <95>), will return <Kistl.App.Base.Module> [called 0 times]
  Stub: MockContext.ContainsObject(equal to <Kistl.App.Base.Module>, equal to <95>), will return <Kistl.App.Base.Module> [called 2 times]
  Stub: MockContext.Find(equal to <96>), will return <Kistl.App.Base.ObjectClass> [called 0 times]
  Stub: MockContext.ContainsObject(equal to <Kistl.App.Base.ObjectClass>, equal to <96>), will return <Kistl.App.Base.ObjectClass> [called 2 times]
]]></message>
                              <stack-trace><![CDATA[bei NMock2.Mockery.FailUnexpectedInvocation(Invocation invocation) in E:\Projekte\Kistl\Tests\NMock2\Mockery.cs:Zeile 184.
bei NMock2.Mockery.Dispatch(Invocation invocation) in E:\Projekte\Kistl\Tests\NMock2\Mockery.cs:Zeile 88.
bei NMock2.Internal.MockObject.Invoke(Invocation invocation) in E:\Projekte\Kistl\Tests\NMock2\Internal\MockObject.cs:Zeile 30.
bei NMock2.Monitoring.Invoker.Invoke(Invocation invocation) in E:\Projekte\Kistl\Tests\NMock2\Monitoring\Invoker.cs:Zeile 26.
bei NMock2.Monitoring.ProxiedObjectIdentity.Invoke(Invocation invocation) in E:\Projekte\Kistl\Tests\NMock2\Monitoring\ProxiedObjectIdentity.cs:Zeile 35.
bei NMock2.Monitoring.ProxyInvokableAdapter.Invoke(IMessage msg) in E:\Projekte\Kistl\Tests\NMock2\Monitoring\ProxyInvokableAdapter.cs:Zeile 27.
bei System.Runtime.Remoting.Proxies.RealProxy.PrivateInvoke(MessageData& msgData, Int32 type)
bei Kistl.API.IKistlContext.ContainsObject(Type type, Int32 ID)
bei Kistl.API.Client.BaseClientPersistenceObject.AttachToContext(IKistlContext ctx) in E:\Projekte\Kistl\Kistl.API.Client\BaseClientDataObject.cs:Zeile 51.
bei Kistl.App.Base.BaseProperty.AttachToContext(IKistlContext ctx) in E:\Projekte\Kistl\Kistl.Objects.Client\BaseProperty.Client.Designer.cs:Zeile 197.
bei Kistl.App.Base.Property.AttachToContext(IKistlContext ctx) in E:\Projekte\Kistl\Kistl.Objects.Client\Property.Client.Designer.cs:Zeile 115.
bei Kistl.App.Base.ObjectReferenceProperty.AttachToContext(IKistlContext ctx) in E:\Projekte\Kistl\Kistl.Objects.Client\ObjectReferenceProperty.Client.Designer.cs:Zeile 109.
bei Kistl.Client.Mocks.TestObject..ctor() in E:\Projekte\Kistl\Tests\Kistl.Client.Tests\Mocks\TestObject.cs:Zeile 25.
bei Kistl.Client.Mocks.TestObjectHarness.CreateObject() in E:\Projekte\Kistl\Tests\Kistl.Client.Tests\Mocks\ObjectHarness.cs:Zeile 80.
bei Kistl.Client.Mocks.ObjectHarness`1.SetUp() in E:\Projekte\Kistl\Tests\Kistl.Client.Tests\Mocks\ObjectHarness.cs:Zeile 27.
bei Kistl.Client.Mocks.TestObjectHarness.SetUp() in E:\Projekte\Kistl\Tests\Kistl.Client.Tests\Mocks\ObjectHarness.cs:Zeile 55.
bei Kistl.GUI.Tests.PresenterTests`4.SetUp() in E:\Projekte\Kistl\Tests\Kistl.Client.Tests\GUI\PresenterTests.cs:Zeile 95.
]]></stack-trace>
                            </failure>
                          </test-case>
                          <test-case name="Kistl.GUI.Tests.DoublePresenterTests.HandleValidUserInput" executed="True" success="False" time="0.000" asserts="0">
                            <failure>
                              <message><![CDATA[NMock2.Internal.ExpectationException : unexpected invocation of MockContext.ContainsObject(<Kistl.App.Base.ObjectReferenceProperty>, <94>)
Expected:
Stubs:
  Stub: MockContext.Find(equal to <97>), will return <Kistl.App.Base.Module> [called 0 times]
  Stub: MockContext.ContainsObject(equal to <Kistl.App.Base.Module>, equal to <97>), will return <Kistl.App.Base.Module> [called 2 times]
  Stub: MockContext.Find(equal to <98>), will return <Kistl.App.Base.ObjectClass> [called 0 times]
  Stub: MockContext.ContainsObject(equal to <Kistl.App.Base.ObjectClass>, equal to <98>), will return <Kistl.App.Base.ObjectClass> [called 2 times]
  Stub: MockContext.Find(equal to <95>), will return <Kistl.App.Base.Module> [called 0 times]
  Stub: MockContext.ContainsObject(equal to <Kistl.App.Base.Module>, equal to <95>), will return <Kistl.App.Base.Module> [called 2 times]
  Stub: MockContext.Find(equal to <96>), will return <Kistl.App.Base.ObjectClass> [called 0 times]
  Stub: MockContext.ContainsObject(equal to <Kistl.App.Base.ObjectClass>, equal to <96>), will return <Kistl.App.Base.ObjectClass> [called 2 times]
]]></message>
                              <stack-trace><![CDATA[bei NMock2.Mockery.FailUnexpectedInvocation(Invocation invocation) in E:\Projekte\Kistl\Tests\NMock2\Mockery.cs:Zeile 184.
bei NMock2.Mockery.Dispatch(Invocation invocation) in E:\Projekte\Kistl\Tests\NMock2\Mockery.cs:Zeile 88.
bei NMock2.Internal.MockObject.Invoke(Invocation invocation) in E:\Projekte\Kistl\Tests\NMock2\Internal\MockObject.cs:Zeile 30.
bei NMock2.Monitoring.Invoker.Invoke(Invocation invocation) in E:\Projekte\Kistl\Tests\NMock2\Monitoring\Invoker.cs:Zeile 26.
bei NMock2.Monitoring.ProxiedObjectIdentity.Invoke(Invocation invocation) in E:\Projekte\Kistl\Tests\NMock2\Monitoring\ProxiedObjectIdentity.cs:Zeile 35.
bei NMock2.Monitoring.ProxyInvokableAdapter.Invoke(IMessage msg) in E:\Projekte\Kistl\Tests\NMock2\Monitoring\ProxyInvokableAdapter.cs:Zeile 27.
bei System.Runtime.Remoting.Proxies.RealProxy.PrivateInvoke(MessageData& msgData, Int32 type)
bei Kistl.API.IKistlContext.ContainsObject(Type type, Int32 ID)
bei Kistl.API.Client.BaseClientPersistenceObject.AttachToContext(IKistlContext ctx) in E:\Projekte\Kistl\Kistl.API.Client\BaseClientDataObject.cs:Zeile 51.
bei Kistl.App.Base.BaseProperty.AttachToContext(IKistlContext ctx) in E:\Projekte\Kistl\Kistl.Objects.Client\BaseProperty.Client.Designer.cs:Zeile 197.
bei Kistl.App.Base.Property.AttachToContext(IKistlContext ctx) in E:\Projekte\Kistl\Kistl.Objects.Client\Property.Client.Designer.cs:Zeile 115.
bei Kistl.App.Base.ObjectReferenceProperty.AttachToContext(IKistlContext ctx) in E:\Projekte\Kistl\Kistl.Objects.Client\ObjectReferenceProperty.Client.Designer.cs:Zeile 109.
bei Kistl.Client.Mocks.TestObject..ctor() in E:\Projekte\Kistl\Tests\Kistl.Client.Tests\Mocks\TestObject.cs:Zeile 25.
bei Kistl.Client.Mocks.TestObjectHarness.CreateObject() in E:\Projekte\Kistl\Tests\Kistl.Client.Tests\Mocks\ObjectHarness.cs:Zeile 80.
bei Kistl.Client.Mocks.ObjectHarness`1.SetUp() in E:\Projekte\Kistl\Tests\Kistl.Client.Tests\Mocks\ObjectHarness.cs:Zeile 27.
bei Kistl.Client.Mocks.TestObjectHarness.SetUp() in E:\Projekte\Kistl\Tests\Kistl.Client.Tests\Mocks\ObjectHarness.cs:Zeile 55.
bei Kistl.GUI.Tests.PresenterTests`4.SetUp() in E:\Projekte\Kistl\Tests\Kistl.Client.Tests\GUI\PresenterTests.cs:Zeile 95.
]]></stack-trace>
                            </failure>
                          </test-case>
                          <test-case name="Kistl.GUI.Tests.DoublePresenterTests.ReInit" executed="True" success="False" time="0.000" asserts="0">
                            <failure>
                              <message><![CDATA[NMock2.Internal.ExpectationException : unexpected invocation of MockContext.ContainsObject(<Kistl.App.Base.ObjectReferenceProperty>, <94>)
Expected:
Stubs:
  Stub: MockContext.Find(equal to <97>), will return <Kistl.App.Base.Module> [called 0 times]
  Stub: MockContext.ContainsObject(equal to <Kistl.App.Base.Module>, equal to <97>), will return <Kistl.App.Base.Module> [called 2 times]
  Stub: MockContext.Find(equal to <98>), will return <Kistl.App.Base.ObjectClass> [called 0 times]
  Stub: MockContext.ContainsObject(equal to <Kistl.App.Base.ObjectClass>, equal to <98>), will return <Kistl.App.Base.ObjectClass> [called 2 times]
  Stub: MockContext.Find(equal to <95>), will return <Kistl.App.Base.Module> [called 0 times]
  Stub: MockContext.ContainsObject(equal to <Kistl.App.Base.Module>, equal to <95>), will return <Kistl.App.Base.Module> [called 2 times]
  Stub: MockContext.Find(equal to <96>), will return <Kistl.App.Base.ObjectClass> [called 0 times]
  Stub: MockContext.ContainsObject(equal to <Kistl.App.Base.ObjectClass>, equal to <96>), will return <Kistl.App.Base.ObjectClass> [called 2 times]
]]></message>
                              <stack-trace><![CDATA[bei NMock2.Mockery.FailUnexpectedInvocation(Invocation invocation) in E:\Projekte\Kistl\Tests\NMock2\Mockery.cs:Zeile 184.
bei NMock2.Mockery.Dispatch(Invocation invocation) in E:\Projekte\Kistl\Tests\NMock2\Mockery.cs:Zeile 88.
bei NMock2.Internal.MockObject.Invoke(Invocation invocation) in E:\Projekte\Kistl\Tests\NMock2\Internal\MockObject.cs:Zeile 30.
bei NMock2.Monitoring.Invoker.Invoke(Invocation invocation) in E:\Projekte\Kistl\Tests\NMock2\Monitoring\Invoker.cs:Zeile 26.
bei NMock2.Monitoring.ProxiedObjectIdentity.Invoke(Invocation invocation) in E:\Projekte\Kistl\Tests\NMock2\Monitoring\ProxiedObjectIdentity.cs:Zeile 35.
bei NMock2.Monitoring.ProxyInvokableAdapter.Invoke(IMessage msg) in E:\Projekte\Kistl\Tests\NMock2\Monitoring\ProxyInvokableAdapter.cs:Zeile 27.
bei System.Runtime.Remoting.Proxies.RealProxy.PrivateInvoke(MessageData& msgData, Int32 type)
bei Kistl.API.IKistlContext.ContainsObject(Type type, Int32 ID)
bei Kistl.API.Client.BaseClientPersistenceObject.AttachToContext(IKistlContext ctx) in E:\Projekte\Kistl\Kistl.API.Client\BaseClientDataObject.cs:Zeile 51.
bei Kistl.App.Base.BaseProperty.AttachToContext(IKistlContext ctx) in E:\Projekte\Kistl\Kistl.Objects.Client\BaseProperty.Client.Designer.cs:Zeile 197.
bei Kistl.App.Base.Property.AttachToContext(IKistlContext ctx) in E:\Projekte\Kistl\Kistl.Objects.Client\Property.Client.Designer.cs:Zeile 115.
bei Kistl.App.Base.ObjectReferenceProperty.AttachToContext(IKistlContext ctx) in E:\Projekte\Kistl\Kistl.Objects.Client\ObjectReferenceProperty.Client.Designer.cs:Zeile 109.
bei Kistl.Client.Mocks.TestObject..ctor() in E:\Projekte\Kistl\Tests\Kistl.Client.Tests\Mocks\TestObject.cs:Zeile 25.
bei Kistl.Client.Mocks.TestObjectHarness.CreateObject() in E:\Projekte\Kistl\Tests\Kistl.Client.Tests\Mocks\ObjectHarness.cs:Zeile 80.
bei Kistl.Client.Mocks.ObjectHarness`1.SetUp() in E:\Projekte\Kistl\Tests\Kistl.Client.Tests\Mocks\ObjectHarness.cs:Zeile 27.
bei Kistl.Client.Mocks.TestObjectHarness.SetUp() in E:\Projekte\Kistl\Tests\Kistl.Client.Tests\Mocks\ObjectHarness.cs:Zeile 55.
bei Kistl.GUI.Tests.PresenterTests`4.SetUp() in E:\Projekte\Kistl\Tests\Kistl.Client.Tests\GUI\PresenterTests.cs:Zeile 95.
]]></stack-trace>
                            </failure>
                          </test-case>
                          <test-case name="Kistl.GUI.Tests.DoublePresenterTests.TestPresenterSetUpCorrect" executed="True" success="False" time="0.000" asserts="0">
                            <failure>
                              <message><![CDATA[NMock2.Internal.ExpectationException : unexpected invocation of MockContext.ContainsObject(<Kistl.App.Base.ObjectReferenceProperty>, <94>)
Expected:
Stubs:
  Stub: MockContext.Find(equal to <97>), will return <Kistl.App.Base.Module> [called 0 times]
  Stub: MockContext.ContainsObject(equal to <Kistl.App.Base.Module>, equal to <97>), will return <Kistl.App.Base.Module> [called 2 times]
  Stub: MockContext.Find(equal to <98>), will return <Kistl.App.Base.ObjectClass> [called 0 times]
  Stub: MockContext.ContainsObject(equal to <Kistl.App.Base.ObjectClass>, equal to <98>), will return <Kistl.App.Base.ObjectClass> [called 2 times]
  Stub: MockContext.Find(equal to <95>), will return <Kistl.App.Base.Module> [called 0 times]
  Stub: MockContext.ContainsObject(equal to <Kistl.App.Base.Module>, equal to <95>), will return <Kistl.App.Base.Module> [called 2 times]
  Stub: MockContext.Find(equal to <96>), will return <Kistl.App.Base.ObjectClass> [called 0 times]
  Stub: MockContext.ContainsObject(equal to <Kistl.App.Base.ObjectClass>, equal to <96>), will return <Kistl.App.Base.ObjectClass> [called 2 times]
]]></message>
                              <stack-trace><![CDATA[bei NMock2.Mockery.FailUnexpectedInvocation(Invocation invocation) in E:\Projekte\Kistl\Tests\NMock2\Mockery.cs:Zeile 184.
bei NMock2.Mockery.Dispatch(Invocation invocation) in E:\Projekte\Kistl\Tests\NMock2\Mockery.cs:Zeile 88.
bei NMock2.Internal.MockObject.Invoke(Invocation invocation) in E:\Projekte\Kistl\Tests\NMock2\Internal\MockObject.cs:Zeile 30.
bei NMock2.Monitoring.Invoker.Invoke(Invocation invocation) in E:\Projekte\Kistl\Tests\NMock2\Monitoring\Invoker.cs:Zeile 26.
bei NMock2.Monitoring.ProxiedObjectIdentity.Invoke(Invocation invocation) in E:\Projekte\Kistl\Tests\NMock2\Monitoring\ProxiedObjectIdentity.cs:Zeile 35.
bei NMock2.Monitoring.ProxyInvokableAdapter.Invoke(IMessage msg) in E:\Projekte\Kistl\Tests\NMock2\Monitoring\ProxyInvokableAdapter.cs:Zeile 27.
bei System.Runtime.Remoting.Proxies.RealProxy.PrivateInvoke(MessageData& msgData, Int32 type)
bei Kistl.API.IKistlContext.ContainsObject(Type type, Int32 ID)
bei Kistl.API.Client.BaseClientPersistenceObject.AttachToContext(IKistlContext ctx) in E:\Projekte\Kistl\Kistl.API.Client\BaseClientDataObject.cs:Zeile 51.
bei Kistl.App.Base.BaseProperty.AttachToContext(IKistlContext ctx) in E:\Projekte\Kistl\Kistl.Objects.Client\BaseProperty.Client.Designer.cs:Zeile 197.
bei Kistl.App.Base.Property.AttachToContext(IKistlContext ctx) in E:\Projekte\Kistl\Kistl.Objects.Client\Property.Client.Designer.cs:Zeile 115.
bei Kistl.App.Base.ObjectReferenceProperty.AttachToContext(IKistlContext ctx) in E:\Projekte\Kistl\Kistl.Objects.Client\ObjectReferenceProperty.Client.Designer.cs:Zeile 109.
bei Kistl.Client.Mocks.TestObject..ctor() in E:\Projekte\Kistl\Tests\Kistl.Client.Tests\Mocks\TestObject.cs:Zeile 25.
bei Kistl.Client.Mocks.TestObjectHarness.CreateObject() in E:\Projekte\Kistl\Tests\Kistl.Client.Tests\Mocks\ObjectHarness.cs:Zeile 80.
bei Kistl.Client.Mocks.ObjectHarness`1.SetUp() in E:\Projekte\Kistl\Tests\Kistl.Client.Tests\Mocks\ObjectHarness.cs:Zeile 27.
bei Kistl.Client.Mocks.TestObjectHarness.SetUp() in E:\Projekte\Kistl\Tests\Kistl.Client.Tests\Mocks\ObjectHarness.cs:Zeile 55.
bei Kistl.GUI.Tests.PresenterTests`4.SetUp() in E:\Projekte\Kistl\Tests\Kistl.Client.Tests\GUI\PresenterTests.cs:Zeile 95.
]]></stack-trace>
                            </failure>
                          </test-case>
                        </results>
                      </test-suite>
                      <test-suite name="GenericPresenterCreationTests" success="False" time="0.000" asserts="0">
                        <failure>
                          <message><![CDATA[System.TypeInitializationException : Der Typeninitialisierer für Kistl.GUI.Tests.TestObjectValues hat eine Ausnahme verursacht.
  ----> NMock2.Internal.ExpectationException : unexpected invocation of MockContext.ContainsObject(<Kistl.App.Base.ObjectReferenceProperty>, <94>)
Expected:
Stubs:
  Stub: MockContext.Find(equal to <97>), will return <Kistl.App.Base.Module> [called 0 times]
  Stub: MockContext.ContainsObject(equal to <Kistl.App.Base.Module>, equal to <97>), will return <Kistl.App.Base.Module> [called 2 times]
  Stub: MockContext.Find(equal to <98>), will return <Kistl.App.Base.ObjectClass> [called 0 times]
  Stub: MockContext.ContainsObject(equal to <Kistl.App.Base.ObjectClass>, equal to <98>), will return <Kistl.App.Base.ObjectClass> [called 2 times]
  Stub: MockContext.Find(equal to <95>), will return <Kistl.App.Base.Module> [called 0 times]
  Stub: MockContext.ContainsObject(equal to <Kistl.App.Base.Module>, equal to <95>), will return <Kistl.App.Base.Module> [called 2 times]
  Stub: MockContext.Find(equal to <96>), will return <Kistl.App.Base.ObjectClass> [called 0 times]
  Stub: MockContext.ContainsObject(equal to <Kistl.App.Base.ObjectClass>, equal to <96>), will return <Kistl.App.Base.ObjectClass> [called 2 times]
]]></message>
                          <stack-trace><![CDATA[bei Kistl.GUI.Tests.TestObjectValues.get_TestValues()
bei Kistl.GUI.Tests.GenericPresenterCreationTests..ctor() in E:\Projekte\Kistl\Tests\Kistl.Client.Tests\GUI\GuiDbTests.cs:Zeile 112.
--ExpectationException
bei NMock2.Mockery.FailUnexpectedInvocation(Invocation invocation) in E:\Projekte\Kistl\Tests\NMock2\Mockery.cs:Zeile 184.
bei NMock2.Mockery.Dispatch(Invocation invocation) in E:\Projekte\Kistl\Tests\NMock2\Mockery.cs:Zeile 88.
bei NMock2.Internal.MockObject.Invoke(Invocation invocation) in E:\Projekte\Kistl\Tests\NMock2\Internal\MockObject.cs:Zeile 30.
bei NMock2.Monitoring.Invoker.Invoke(Invocation invocation) in E:\Projekte\Kistl\Tests\NMock2\Monitoring\Invoker.cs:Zeile 26.
bei NMock2.Monitoring.ProxiedObjectIdentity.Invoke(Invocation invocation) in E:\Projekte\Kistl\Tests\NMock2\Monitoring\ProxiedObjectIdentity.cs:Zeile 35.
bei NMock2.Monitoring.ProxyInvokableAdapter.Invoke(IMessage msg) in E:\Projekte\Kistl\Tests\NMock2\Monitoring\ProxyInvokableAdapter.cs:Zeile 27.
bei System.Runtime.Remoting.Proxies.RealProxy.PrivateInvoke(MessageData& msgData, Int32 type)
bei Kistl.API.IKistlContext.ContainsObject(Type type, Int32 ID)
bei Kistl.API.Client.BaseClientPersistenceObject.AttachToContext(IKistlContext ctx) in E:\Projekte\Kistl\Kistl.API.Client\BaseClientDataObject.cs:Zeile 51.
bei Kistl.App.Base.BaseProperty.AttachToContext(IKistlContext ctx) in E:\Projekte\Kistl\Kistl.Objects.Client\BaseProperty.Client.Designer.cs:Zeile 197.
bei Kistl.App.Base.Property.AttachToContext(IKistlContext ctx) in E:\Projekte\Kistl\Kistl.Objects.Client\Property.Client.Designer.cs:Zeile 115.
bei Kistl.App.Base.ObjectReferenceProperty.AttachToContext(IKistlContext ctx) in E:\Projekte\Kistl\Kistl.Objects.Client\ObjectReferenceProperty.Client.Designer.cs:Zeile 109.
bei Kistl.Client.Mocks.TestObject..ctor() in E:\Projekte\Kistl\Tests\Kistl.Client.Tests\Mocks\TestObject.cs:Zeile 25.
bei Kistl.GUI.Tests.TestObjectValues..ctor() in E:\Projekte\Kistl\Tests\Kistl.Client.Tests\GUI\ObjectPresenterTests.cs:Zeile 48.
bei Kistl.GUI.Tests.TestObjectValues..cctor() in E:\Projekte\Kistl\Tests\Kistl.Client.Tests\GUI\ObjectPresenterTests.cs:Zeile 42.
]]></stack-trace>
                        </failure>
                        <results>
                          <test-case name="Kistl.GUI.Tests.GenericPresenterCreationTests.CreatePresenter" executed="True" success="False" time="0.000" asserts="0">
                            <failure>
                              <message><![CDATA[TestFixtureSetUp failed in GenericPresenterCreationTests]]></message>
                              <stack-trace />
                            </failure>
                          </test-case>
                          <test-case name="Kistl.GUI.Tests.GenericPresenterCreationTests.ReInit" executed="True" success="False" time="0.000" asserts="0">
                            <failure>
                              <message><![CDATA[TestFixtureSetUp failed in GenericPresenterCreationTests]]></message>
                              <stack-trace />
                            </failure>
                          </test-case>
                          <test-case name="Kistl.GUI.Tests.GenericPresenterCreationTests.TestPresenterSetUpCorrect" executed="True" success="False" time="0.000" asserts="0">
                            <failure>
                              <message><![CDATA[TestFixtureSetUp failed in GenericPresenterCreationTests]]></message>
                              <stack-trace />
                            </failure>
                          </test-case>
                        </results>
                      </test-suite>
                      <test-suite name="GuiDbTests" success="False" time="0.078" asserts="2">
                        <results>
                          <test-case name="Kistl.GUI.Tests.GuiDbTests.CreatePresenterFailNoInfo" executed="True" success="False" time="0.000" asserts="0">
                            <failure>
                              <message><![CDATA[NMock2.Internal.ExpectationException : unexpected invocation of MockContext.ContainsObject(<Kistl.App.Base.ObjectReferenceProperty>, <94>)
Expected:
Stubs:
  Stub: MockContext.Find(equal to <97>), will return <Kistl.App.Base.Module> [called 0 times]
  Stub: MockContext.ContainsObject(equal to <Kistl.App.Base.Module>, equal to <97>), will return <Kistl.App.Base.Module> [called 2 times]
  Stub: MockContext.Find(equal to <98>), will return <Kistl.App.Base.ObjectClass> [called 0 times]
  Stub: MockContext.ContainsObject(equal to <Kistl.App.Base.ObjectClass>, equal to <98>), will return <Kistl.App.Base.ObjectClass> [called 2 times]
  Stub: MockContext.Find(equal to <95>), will return <Kistl.App.Base.Module> [called 0 times]
  Stub: MockContext.ContainsObject(equal to <Kistl.App.Base.Module>, equal to <95>), will return <Kistl.App.Base.Module> [called 2 times]
  Stub: MockContext.Find(equal to <96>), will return <Kistl.App.Base.ObjectClass> [called 0 times]
  Stub: MockContext.ContainsObject(equal to <Kistl.App.Base.ObjectClass>, equal to <96>), will return <Kistl.App.Base.ObjectClass> [called 2 times]
]]></message>
                              <stack-trace><![CDATA[bei NMock2.Mockery.FailUnexpectedInvocation(Invocation invocation) in E:\Projekte\Kistl\Tests\NMock2\Mockery.cs:Zeile 184.
bei NMock2.Mockery.Dispatch(Invocation invocation) in E:\Projekte\Kistl\Tests\NMock2\Mockery.cs:Zeile 88.
bei NMock2.Internal.MockObject.Invoke(Invocation invocation) in E:\Projekte\Kistl\Tests\NMock2\Internal\MockObject.cs:Zeile 30.
bei NMock2.Monitoring.Invoker.Invoke(Invocation invocation) in E:\Projekte\Kistl\Tests\NMock2\Monitoring\Invoker.cs:Zeile 26.
bei NMock2.Monitoring.ProxiedObjectIdentity.Invoke(Invocation invocation) in E:\Projekte\Kistl\Tests\NMock2\Monitoring\ProxiedObjectIdentity.cs:Zeile 35.
bei NMock2.Monitoring.ProxyInvokableAdapter.Invoke(IMessage msg) in E:\Projekte\Kistl\Tests\NMock2\Monitoring\ProxyInvokableAdapter.cs:Zeile 27.
bei System.Runtime.Remoting.Proxies.RealProxy.PrivateInvoke(MessageData& msgData, Int32 type)
bei Kistl.API.IKistlContext.ContainsObject(Type type, Int32 ID)
bei Kistl.API.Client.BaseClientPersistenceObject.AttachToContext(IKistlContext ctx) in E:\Projekte\Kistl\Kistl.API.Client\BaseClientDataObject.cs:Zeile 51.
bei Kistl.App.Base.BaseProperty.AttachToContext(IKistlContext ctx) in E:\Projekte\Kistl\Kistl.Objects.Client\BaseProperty.Client.Designer.cs:Zeile 197.
bei Kistl.App.Base.Property.AttachToContext(IKistlContext ctx) in E:\Projekte\Kistl\Kistl.Objects.Client\Property.Client.Designer.cs:Zeile 115.
bei Kistl.App.Base.ObjectReferenceProperty.AttachToContext(IKistlContext ctx) in E:\Projekte\Kistl\Kistl.Objects.Client\ObjectReferenceProperty.Client.Designer.cs:Zeile 109.
bei Kistl.Client.Mocks.TestObject..ctor() in E:\Projekte\Kistl\Tests\Kistl.Client.Tests\Mocks\TestObject.cs:Zeile 25.
bei Kistl.Client.Mocks.TestObjectHarness.CreateObject() in E:\Projekte\Kistl\Tests\Kistl.Client.Tests\Mocks\ObjectHarness.cs:Zeile 80.
bei Kistl.Client.Mocks.ObjectHarness`1.SetUp() in E:\Projekte\Kistl\Tests\Kistl.Client.Tests\Mocks\ObjectHarness.cs:Zeile 27.
bei Kistl.Client.Mocks.TestObjectHarness.SetUp() in E:\Projekte\Kistl\Tests\Kistl.Client.Tests\Mocks\ObjectHarness.cs:Zeile 55.
bei Kistl.GUI.Tests.PresenterTests`4.SetUp() in E:\Projekte\Kistl\Tests\Kistl.Client.Tests\GUI\PresenterTests.cs:Zeile 95.
]]></stack-trace>
                            </failure>
                          </test-case>
                          <test-case name="Kistl.GUI.Tests.GuiDbTests.CreatePresenterFailNoObject" executed="True" success="False" time="0.000" asserts="0">
                            <failure>
                              <message><![CDATA[NMock2.Internal.ExpectationException : unexpected invocation of MockContext.ContainsObject(<Kistl.App.Base.ObjectReferenceProperty>, <94>)
Expected:
Stubs:
  Stub: MockContext.Find(equal to <97>), will return <Kistl.App.Base.Module> [called 0 times]
  Stub: MockContext.ContainsObject(equal to <Kistl.App.Base.Module>, equal to <97>), will return <Kistl.App.Base.Module> [called 2 times]
  Stub: MockContext.Find(equal to <98>), will return <Kistl.App.Base.ObjectClass> [called 0 times]
  Stub: MockContext.ContainsObject(equal to <Kistl.App.Base.ObjectClass>, equal to <98>), will return <Kistl.App.Base.ObjectClass> [called 2 times]
  Stub: MockContext.Find(equal to <95>), will return <Kistl.App.Base.Module> [called 0 times]
  Stub: MockContext.ContainsObject(equal to <Kistl.App.Base.Module>, equal to <95>), will return <Kistl.App.Base.Module> [called 2 times]
  Stub: MockContext.Find(equal to <96>), will return <Kistl.App.Base.ObjectClass> [called 0 times]
  Stub: MockContext.ContainsObject(equal to <Kistl.App.Base.ObjectClass>, equal to <96>), will return <Kistl.App.Base.ObjectClass> [called 2 times]
]]></message>
                              <stack-trace><![CDATA[bei NMock2.Mockery.FailUnexpectedInvocation(Invocation invocation) in E:\Projekte\Kistl\Tests\NMock2\Mockery.cs:Zeile 184.
bei NMock2.Mockery.Dispatch(Invocation invocation) in E:\Projekte\Kistl\Tests\NMock2\Mockery.cs:Zeile 88.
bei NMock2.Internal.MockObject.Invoke(Invocation invocation) in E:\Projekte\Kistl\Tests\NMock2\Internal\MockObject.cs:Zeile 30.
bei NMock2.Monitoring.Invoker.Invoke(Invocation invocation) in E:\Projekte\Kistl\Tests\NMock2\Monitoring\Invoker.cs:Zeile 26.
bei NMock2.Monitoring.ProxiedObjectIdentity.Invoke(Invocation invocation) in E:\Projekte\Kistl\Tests\NMock2\Monitoring\ProxiedObjectIdentity.cs:Zeile 35.
bei NMock2.Monitoring.ProxyInvokableAdapter.Invoke(IMessage msg) in E:\Projekte\Kistl\Tests\NMock2\Monitoring\ProxyInvokableAdapter.cs:Zeile 27.
bei System.Runtime.Remoting.Proxies.RealProxy.PrivateInvoke(MessageData& msgData, Int32 type)
bei Kistl.API.IKistlContext.ContainsObject(Type type, Int32 ID)
bei Kistl.API.Client.BaseClientPersistenceObject.AttachToContext(IKistlContext ctx) in E:\Projekte\Kistl\Kistl.API.Client\BaseClientDataObject.cs:Zeile 51.
bei Kistl.App.Base.BaseProperty.AttachToContext(IKistlContext ctx) in E:\Projekte\Kistl\Kistl.Objects.Client\BaseProperty.Client.Designer.cs:Zeile 197.
bei Kistl.App.Base.Property.AttachToContext(IKistlContext ctx) in E:\Projekte\Kistl\Kistl.Objects.Client\Property.Client.Designer.cs:Zeile 115.
bei Kistl.App.Base.ObjectReferenceProperty.AttachToContext(IKistlContext ctx) in E:\Projekte\Kistl\Kistl.Objects.Client\ObjectReferenceProperty.Client.Designer.cs:Zeile 109.
bei Kistl.Client.Mocks.TestObject..ctor() in E:\Projekte\Kistl\Tests\Kistl.Client.Tests\Mocks\TestObject.cs:Zeile 25.
bei Kistl.Client.Mocks.TestObjectHarness.CreateObject() in E:\Projekte\Kistl\Tests\Kistl.Client.Tests\Mocks\ObjectHarness.cs:Zeile 80.
bei Kistl.Client.Mocks.ObjectHarness`1.SetUp() in E:\Projekte\Kistl\Tests\Kistl.Client.Tests\Mocks\ObjectHarness.cs:Zeile 27.
bei Kistl.Client.Mocks.TestObjectHarness.SetUp() in E:\Projekte\Kistl\Tests\Kistl.Client.Tests\Mocks\ObjectHarness.cs:Zeile 55.
bei Kistl.GUI.Tests.PresenterTests`4.SetUp() in E:\Projekte\Kistl\Tests\Kistl.Client.Tests\GUI\PresenterTests.cs:Zeile 95.
]]></stack-trace>
                            </failure>
                          </test-case>
                          <test-case name="Kistl.GUI.Tests.GuiDbTests.CreatePresenterFailNoVisual" executed="True" success="False" time="0.000" asserts="0">
                            <failure>
                              <message><![CDATA[NMock2.Internal.ExpectationException : unexpected invocation of MockContext.ContainsObject(<Kistl.App.Base.ObjectReferenceProperty>, <94>)
Expected:
Stubs:
  Stub: MockContext.Find(equal to <97>), will return <Kistl.App.Base.Module> [called 0 times]
  Stub: MockContext.ContainsObject(equal to <Kistl.App.Base.Module>, equal to <97>), will return <Kistl.App.Base.Module> [called 2 times]
  Stub: MockContext.Find(equal to <98>), will return <Kistl.App.Base.ObjectClass> [called 0 times]
  Stub: MockContext.ContainsObject(equal to <Kistl.App.Base.ObjectClass>, equal to <98>), will return <Kistl.App.Base.ObjectClass> [called 2 times]
  Stub: MockContext.Find(equal to <95>), will return <Kistl.App.Base.Module> [called 0 times]
  Stub: MockContext.ContainsObject(equal to <Kistl.App.Base.Module>, equal to <95>), will return <Kistl.App.Base.Module> [called 2 times]
  Stub: MockContext.Find(equal to <96>), will return <Kistl.App.Base.ObjectClass> [called 0 times]
  Stub: MockContext.ContainsObject(equal to <Kistl.App.Base.ObjectClass>, equal to <96>), will return <Kistl.App.Base.ObjectClass> [called 2 times]
]]></message>
                              <stack-trace><![CDATA[bei NMock2.Mockery.FailUnexpectedInvocation(Invocation invocation) in E:\Projekte\Kistl\Tests\NMock2\Mockery.cs:Zeile 184.
bei NMock2.Mockery.Dispatch(Invocation invocation) in E:\Projekte\Kistl\Tests\NMock2\Mockery.cs:Zeile 88.
bei NMock2.Internal.MockObject.Invoke(Invocation invocation) in E:\Projekte\Kistl\Tests\NMock2\Internal\MockObject.cs:Zeile 30.
bei NMock2.Monitoring.Invoker.Invoke(Invocation invocation) in E:\Projekte\Kistl\Tests\NMock2\Monitoring\Invoker.cs:Zeile 26.
bei NMock2.Monitoring.ProxiedObjectIdentity.Invoke(Invocation invocation) in E:\Projekte\Kistl\Tests\NMock2\Monitoring\ProxiedObjectIdentity.cs:Zeile 35.
bei NMock2.Monitoring.ProxyInvokableAdapter.Invoke(IMessage msg) in E:\Projekte\Kistl\Tests\NMock2\Monitoring\ProxyInvokableAdapter.cs:Zeile 27.
bei System.Runtime.Remoting.Proxies.RealProxy.PrivateInvoke(MessageData& msgData, Int32 type)
bei Kistl.API.IKistlContext.ContainsObject(Type type, Int32 ID)
bei Kistl.API.Client.BaseClientPersistenceObject.AttachToContext(IKistlContext ctx) in E:\Projekte\Kistl\Kistl.API.Client\BaseClientDataObject.cs:Zeile 51.
bei Kistl.App.Base.BaseProperty.AttachToContext(IKistlContext ctx) in E:\Projekte\Kistl\Kistl.Objects.Client\BaseProperty.Client.Designer.cs:Zeile 197.
bei Kistl.App.Base.Property.AttachToContext(IKistlContext ctx) in E:\Projekte\Kistl\Kistl.Objects.Client\Property.Client.Designer.cs:Zeile 115.
bei Kistl.App.Base.ObjectReferenceProperty.AttachToContext(IKistlContext ctx) in E:\Projekte\Kistl\Kistl.Objects.Client\ObjectReferenceProperty.Client.Designer.cs:Zeile 109.
bei Kistl.Client.Mocks.TestObject..ctor() in E:\Projekte\Kistl\Tests\Kistl.Client.Tests\Mocks\TestObject.cs:Zeile 25.
bei Kistl.Client.Mocks.TestObjectHarness.CreateObject() in E:\Projekte\Kistl\Tests\Kistl.Client.Tests\Mocks\ObjectHarness.cs:Zeile 80.
bei Kistl.Client.Mocks.ObjectHarness`1.SetUp() in E:\Projekte\Kistl\Tests\Kistl.Client.Tests\Mocks\ObjectHarness.cs:Zeile 27.
bei Kistl.Client.Mocks.TestObjectHarness.SetUp() in E:\Projekte\Kistl\Tests\Kistl.Client.Tests\Mocks\ObjectHarness.cs:Zeile 55.
bei Kistl.GUI.Tests.PresenterTests`4.SetUp() in E:\Projekte\Kistl\Tests\Kistl.Client.Tests\GUI\PresenterTests.cs:Zeile 95.
]]></stack-trace>
                            </failure>
                          </test-case>
                          <test-case name="Kistl.GUI.Tests.GuiDbTests.CreatePresenterFailNoWidget" executed="True" success="False" time="0.000" asserts="0">
                            <failure>
                              <message><![CDATA[NMock2.Internal.ExpectationException : unexpected invocation of MockContext.ContainsObject(<Kistl.App.Base.ObjectReferenceProperty>, <94>)
Expected:
Stubs:
  Stub: MockContext.Find(equal to <97>), will return <Kistl.App.Base.Module> [called 0 times]
  Stub: MockContext.ContainsObject(equal to <Kistl.App.Base.Module>, equal to <97>), will return <Kistl.App.Base.Module> [called 2 times]
  Stub: MockContext.Find(equal to <98>), will return <Kistl.App.Base.ObjectClass> [called 0 times]
  Stub: MockContext.ContainsObject(equal to <Kistl.App.Base.ObjectClass>, equal to <98>), will return <Kistl.App.Base.ObjectClass> [called 2 times]
  Stub: MockContext.Find(equal to <95>), will return <Kistl.App.Base.Module> [called 0 times]
  Stub: MockContext.ContainsObject(equal to <Kistl.App.Base.Module>, equal to <95>), will return <Kistl.App.Base.Module> [called 2 times]
  Stub: MockContext.Find(equal to <96>), will return <Kistl.App.Base.ObjectClass> [called 0 times]
  Stub: MockContext.ContainsObject(equal to <Kistl.App.Base.ObjectClass>, equal to <96>), will return <Kistl.App.Base.ObjectClass> [called 2 times]
]]></message>
                              <stack-trace><![CDATA[bei NMock2.Mockery.FailUnexpectedInvocation(Invocation invocation) in E:\Projekte\Kistl\Tests\NMock2\Mockery.cs:Zeile 184.
bei NMock2.Mockery.Dispatch(Invocation invocation) in E:\Projekte\Kistl\Tests\NMock2\Mockery.cs:Zeile 88.
bei NMock2.Internal.MockObject.Invoke(Invocation invocation) in E:\Projekte\Kistl\Tests\NMock2\Internal\MockObject.cs:Zeile 30.
bei NMock2.Monitoring.Invoker.Invoke(Invocation invocation) in E:\Projekte\Kistl\Tests\NMock2\Monitoring\Invoker.cs:Zeile 26.
bei NMock2.Monitoring.ProxiedObjectIdentity.Invoke(Invocation invocation) in E:\Projekte\Kistl\Tests\NMock2\Monitoring\ProxiedObjectIdentity.cs:Zeile 35.
bei NMock2.Monitoring.ProxyInvokableAdapter.Invoke(IMessage msg) in E:\Projekte\Kistl\Tests\NMock2\Monitoring\ProxyInvokableAdapter.cs:Zeile 27.
bei System.Runtime.Remoting.Proxies.RealProxy.PrivateInvoke(MessageData& msgData, Int32 type)
bei Kistl.API.IKistlContext.ContainsObject(Type type, Int32 ID)
bei Kistl.API.Client.BaseClientPersistenceObject.AttachToContext(IKistlContext ctx) in E:\Projekte\Kistl\Kistl.API.Client\BaseClientDataObject.cs:Zeile 51.
bei Kistl.App.Base.BaseProperty.AttachToContext(IKistlContext ctx) in E:\Projekte\Kistl\Kistl.Objects.Client\BaseProperty.Client.Designer.cs:Zeile 197.
bei Kistl.App.Base.Property.AttachToContext(IKistlContext ctx) in E:\Projekte\Kistl\Kistl.Objects.Client\Property.Client.Designer.cs:Zeile 115.
bei Kistl.App.Base.ObjectReferenceProperty.AttachToContext(IKistlContext ctx) in E:\Projekte\Kistl\Kistl.Objects.Client\ObjectReferenceProperty.Client.Designer.cs:Zeile 109.
bei Kistl.Client.Mocks.TestObject..ctor() in E:\Projekte\Kistl\Tests\Kistl.Client.Tests\Mocks\TestObject.cs:Zeile 25.
bei Kistl.Client.Mocks.TestObjectHarness.CreateObject() in E:\Projekte\Kistl\Tests\Kistl.Client.Tests\Mocks\ObjectHarness.cs:Zeile 80.
bei Kistl.Client.Mocks.ObjectHarness`1.SetUp() in E:\Projekte\Kistl\Tests\Kistl.Client.Tests\Mocks\ObjectHarness.cs:Zeile 27.
bei Kistl.Client.Mocks.TestObjectHarness.SetUp() in E:\Projekte\Kistl\Tests\Kistl.Client.Tests\Mocks\ObjectHarness.cs:Zeile 55.
bei Kistl.GUI.Tests.PresenterTests`4.SetUp() in E:\Projekte\Kistl\Tests\Kistl.Client.Tests\GUI\PresenterTests.cs:Zeile 95.
]]></stack-trace>
                            </failure>
                          </test-case>
                          <test-case name="Kistl.GUI.Tests.GuiDbTests.FindControlFailNoVisualType" executed="True" success="False" time="0.000" asserts="0">
                            <failure>
                              <message><![CDATA[NMock2.Internal.ExpectationException : unexpected invocation of MockContext.ContainsObject(<Kistl.App.Base.ObjectReferenceProperty>, <94>)
Expected:
Stubs:
  Stub: MockContext.Find(equal to <97>), will return <Kistl.App.Base.Module> [called 0 times]
  Stub: MockContext.ContainsObject(equal to <Kistl.App.Base.Module>, equal to <97>), will return <Kistl.App.Base.Module> [called 2 times]
  Stub: MockContext.Find(equal to <98>), will return <Kistl.App.Base.ObjectClass> [called 0 times]
  Stub: MockContext.ContainsObject(equal to <Kistl.App.Base.ObjectClass>, equal to <98>), will return <Kistl.App.Base.ObjectClass> [called 2 times]
  Stub: MockContext.Find(equal to <95>), will return <Kistl.App.Base.Module> [called 0 times]
  Stub: MockContext.ContainsObject(equal to <Kistl.App.Base.Module>, equal to <95>), will return <Kistl.App.Base.Module> [called 2 times]
  Stub: MockContext.Find(equal to <96>), will return <Kistl.App.Base.ObjectClass> [called 0 times]
  Stub: MockContext.ContainsObject(equal to <Kistl.App.Base.ObjectClass>, equal to <96>), will return <Kistl.App.Base.ObjectClass> [called 2 times]
]]></message>
                              <stack-trace><![CDATA[bei NMock2.Mockery.FailUnexpectedInvocation(Invocation invocation) in E:\Projekte\Kistl\Tests\NMock2\Mockery.cs:Zeile 184.
bei NMock2.Mockery.Dispatch(Invocation invocation) in E:\Projekte\Kistl\Tests\NMock2\Mockery.cs:Zeile 88.
bei NMock2.Internal.MockObject.Invoke(Invocation invocation) in E:\Projekte\Kistl\Tests\NMock2\Internal\MockObject.cs:Zeile 30.
bei NMock2.Monitoring.Invoker.Invoke(Invocation invocation) in E:\Projekte\Kistl\Tests\NMock2\Monitoring\Invoker.cs:Zeile 26.
bei NMock2.Monitoring.ProxiedObjectIdentity.Invoke(Invocation invocation) in E:\Projekte\Kistl\Tests\NMock2\Monitoring\ProxiedObjectIdentity.cs:Zeile 35.
bei NMock2.Monitoring.ProxyInvokableAdapter.Invoke(IMessage msg) in E:\Projekte\Kistl\Tests\NMock2\Monitoring\ProxyInvokableAdapter.cs:Zeile 27.
bei System.Runtime.Remoting.Proxies.RealProxy.PrivateInvoke(MessageData& msgData, Int32 type)
bei Kistl.API.IKistlContext.ContainsObject(Type type, Int32 ID)
bei Kistl.API.Client.BaseClientPersistenceObject.AttachToContext(IKistlContext ctx) in E:\Projekte\Kistl\Kistl.API.Client\BaseClientDataObject.cs:Zeile 51.
bei Kistl.App.Base.BaseProperty.AttachToContext(IKistlContext ctx) in E:\Projekte\Kistl\Kistl.Objects.Client\BaseProperty.Client.Designer.cs:Zeile 197.
bei Kistl.App.Base.Property.AttachToContext(IKistlContext ctx) in E:\Projekte\Kistl\Kistl.Objects.Client\Property.Client.Designer.cs:Zeile 115.
bei Kistl.App.Base.ObjectReferenceProperty.AttachToContext(IKistlContext ctx) in E:\Projekte\Kistl\Kistl.Objects.Client\ObjectReferenceProperty.Client.Designer.cs:Zeile 109.
bei Kistl.Client.Mocks.TestObject..ctor() in E:\Projekte\Kistl\Tests\Kistl.Client.Tests\Mocks\TestObject.cs:Zeile 25.
bei Kistl.Client.Mocks.TestObjectHarness.CreateObject() in E:\Projekte\Kistl\Tests\Kistl.Client.Tests\Mocks\ObjectHarness.cs:Zeile 80.
bei Kistl.Client.Mocks.ObjectHarness`1.SetUp() in E:\Projekte\Kistl\Tests\Kistl.Client.Tests\Mocks\ObjectHarness.cs:Zeile 27.
bei Kistl.Client.Mocks.TestObjectHarness.SetUp() in E:\Projekte\Kistl\Tests\Kistl.Client.Tests\Mocks\ObjectHarness.cs:Zeile 55.
bei Kistl.GUI.Tests.PresenterTests`4.SetUp() in E:\Projekte\Kistl\Tests\Kistl.Client.Tests\GUI\PresenterTests.cs:Zeile 95.
]]></stack-trace>
                            </failure>
                          </test-case>
                          <test-case name="Kistl.GUI.Tests.GuiDbTests.FindPresenterFailNoProperty" executed="True" success="False" time="0.016" asserts="0">
                            <failure>
                              <message><![CDATA[NMock2.Internal.ExpectationException : unexpected invocation of MockContext.ContainsObject(<Kistl.App.Base.ObjectReferenceProperty>, <94>)
Expected:
Stubs:
  Stub: MockContext.Find(equal to <97>), will return <Kistl.App.Base.Module> [called 0 times]
  Stub: MockContext.ContainsObject(equal to <Kistl.App.Base.Module>, equal to <97>), will return <Kistl.App.Base.Module> [called 2 times]
  Stub: MockContext.Find(equal to <98>), will return <Kistl.App.Base.ObjectClass> [called 0 times]
  Stub: MockContext.ContainsObject(equal to <Kistl.App.Base.ObjectClass>, equal to <98>), will return <Kistl.App.Base.ObjectClass> [called 2 times]
  Stub: MockContext.Find(equal to <95>), will return <Kistl.App.Base.Module> [called 0 times]
  Stub: MockContext.ContainsObject(equal to <Kistl.App.Base.Module>, equal to <95>), will return <Kistl.App.Base.Module> [called 2 times]
  Stub: MockContext.Find(equal to <96>), will return <Kistl.App.Base.ObjectClass> [called 0 times]
  Stub: MockContext.ContainsObject(equal to <Kistl.App.Base.ObjectClass>, equal to <96>), will return <Kistl.App.Base.ObjectClass> [called 2 times]
]]></message>
                              <stack-trace><![CDATA[bei NMock2.Mockery.FailUnexpectedInvocation(Invocation invocation) in E:\Projekte\Kistl\Tests\NMock2\Mockery.cs:Zeile 184.
bei NMock2.Mockery.Dispatch(Invocation invocation) in E:\Projekte\Kistl\Tests\NMock2\Mockery.cs:Zeile 88.
bei NMock2.Internal.MockObject.Invoke(Invocation invocation) in E:\Projekte\Kistl\Tests\NMock2\Internal\MockObject.cs:Zeile 30.
bei NMock2.Monitoring.Invoker.Invoke(Invocation invocation) in E:\Projekte\Kistl\Tests\NMock2\Monitoring\Invoker.cs:Zeile 26.
bei NMock2.Monitoring.ProxiedObjectIdentity.Invoke(Invocation invocation) in E:\Projekte\Kistl\Tests\NMock2\Monitoring\ProxiedObjectIdentity.cs:Zeile 35.
bei NMock2.Monitoring.ProxyInvokableAdapter.Invoke(IMessage msg) in E:\Projekte\Kistl\Tests\NMock2\Monitoring\ProxyInvokableAdapter.cs:Zeile 27.
bei System.Runtime.Remoting.Proxies.RealProxy.PrivateInvoke(MessageData& msgData, Int32 type)
bei Kistl.API.IKistlContext.ContainsObject(Type type, Int32 ID)
bei Kistl.API.Client.BaseClientPersistenceObject.AttachToContext(IKistlContext ctx) in E:\Projekte\Kistl\Kistl.API.Client\BaseClientDataObject.cs:Zeile 51.
bei Kistl.App.Base.BaseProperty.AttachToContext(IKistlContext ctx) in E:\Projekte\Kistl\Kistl.Objects.Client\BaseProperty.Client.Designer.cs:Zeile 197.
bei Kistl.App.Base.Property.AttachToContext(IKistlContext ctx) in E:\Projekte\Kistl\Kistl.Objects.Client\Property.Client.Designer.cs:Zeile 115.
bei Kistl.App.Base.ObjectReferenceProperty.AttachToContext(IKistlContext ctx) in E:\Projekte\Kistl\Kistl.Objects.Client\ObjectReferenceProperty.Client.Designer.cs:Zeile 109.
bei Kistl.Client.Mocks.TestObject..ctor() in E:\Projekte\Kistl\Tests\Kistl.Client.Tests\Mocks\TestObject.cs:Zeile 25.
bei Kistl.Client.Mocks.TestObjectHarness.CreateObject() in E:\Projekte\Kistl\Tests\Kistl.Client.Tests\Mocks\ObjectHarness.cs:Zeile 80.
bei Kistl.Client.Mocks.ObjectHarness`1.SetUp() in E:\Projekte\Kistl\Tests\Kistl.Client.Tests\Mocks\ObjectHarness.cs:Zeile 27.
bei Kistl.Client.Mocks.TestObjectHarness.SetUp() in E:\Projekte\Kistl\Tests\Kistl.Client.Tests\Mocks\ObjectHarness.cs:Zeile 55.
bei Kistl.GUI.Tests.PresenterTests`4.SetUp() in E:\Projekte\Kistl\Tests\Kistl.Client.Tests\GUI\PresenterTests.cs:Zeile 95.
]]></stack-trace>
                            </failure>
                          </test-case>
                          <test-case name="Kistl.GUI.Tests.GuiDbTests.FindPresenterFailNoVisual" executed="True" success="False" time="0.000" asserts="0">
                            <failure>
                              <message><![CDATA[NMock2.Internal.ExpectationException : unexpected invocation of MockContext.ContainsObject(<Kistl.App.Base.ObjectReferenceProperty>, <94>)
Expected:
Stubs:
  Stub: MockContext.Find(equal to <97>), will return <Kistl.App.Base.Module> [called 0 times]
  Stub: MockContext.ContainsObject(equal to <Kistl.App.Base.Module>, equal to <97>), will return <Kistl.App.Base.Module> [called 2 times]
  Stub: MockContext.Find(equal to <98>), will return <Kistl.App.Base.ObjectClass> [called 0 times]
  Stub: MockContext.ContainsObject(equal to <Kistl.App.Base.ObjectClass>, equal to <98>), will return <Kistl.App.Base.ObjectClass> [called 2 times]
  Stub: MockContext.Find(equal to <95>), will return <Kistl.App.Base.Module> [called 0 times]
  Stub: MockContext.ContainsObject(equal to <Kistl.App.Base.Module>, equal to <95>), will return <Kistl.App.Base.Module> [called 2 times]
  Stub: MockContext.Find(equal to <96>), will return <Kistl.App.Base.ObjectClass> [called 0 times]
  Stub: MockContext.ContainsObject(equal to <Kistl.App.Base.ObjectClass>, equal to <96>), will return <Kistl.App.Base.ObjectClass> [called 2 times]
]]></message>
                              <stack-trace><![CDATA[bei NMock2.Mockery.FailUnexpectedInvocation(Invocation invocation) in E:\Projekte\Kistl\Tests\NMock2\Mockery.cs:Zeile 184.
bei NMock2.Mockery.Dispatch(Invocation invocation) in E:\Projekte\Kistl\Tests\NMock2\Mockery.cs:Zeile 88.
bei NMock2.Internal.MockObject.Invoke(Invocation invocation) in E:\Projekte\Kistl\Tests\NMock2\Internal\MockObject.cs:Zeile 30.
bei NMock2.Monitoring.Invoker.Invoke(Invocation invocation) in E:\Projekte\Kistl\Tests\NMock2\Monitoring\Invoker.cs:Zeile 26.
bei NMock2.Monitoring.ProxiedObjectIdentity.Invoke(Invocation invocation) in E:\Projekte\Kistl\Tests\NMock2\Monitoring\ProxiedObjectIdentity.cs:Zeile 35.
bei NMock2.Monitoring.ProxyInvokableAdapter.Invoke(IMessage msg) in E:\Projekte\Kistl\Tests\NMock2\Monitoring\ProxyInvokableAdapter.cs:Zeile 27.
bei System.Runtime.Remoting.Proxies.RealProxy.PrivateInvoke(MessageData& msgData, Int32 type)
bei Kistl.API.IKistlContext.ContainsObject(Type type, Int32 ID)
bei Kistl.API.Client.BaseClientPersistenceObject.AttachToContext(IKistlContext ctx) in E:\Projekte\Kistl\Kistl.API.Client\BaseClientDataObject.cs:Zeile 51.
bei Kistl.App.Base.BaseProperty.AttachToContext(IKistlContext ctx) in E:\Projekte\Kistl\Kistl.Objects.Client\BaseProperty.Client.Designer.cs:Zeile 197.
bei Kistl.App.Base.Property.AttachToContext(IKistlContext ctx) in E:\Projekte\Kistl\Kistl.Objects.Client\Property.Client.Designer.cs:Zeile 115.
bei Kistl.App.Base.ObjectReferenceProperty.AttachToContext(IKistlContext ctx) in E:\Projekte\Kistl\Kistl.Objects.Client\ObjectReferenceProperty.Client.Designer.cs:Zeile 109.
bei Kistl.Client.Mocks.TestObject..ctor() in E:\Projekte\Kistl\Tests\Kistl.Client.Tests\Mocks\TestObject.cs:Zeile 25.
bei Kistl.Client.Mocks.TestObjectHarness.CreateObject() in E:\Projekte\Kistl\Tests\Kistl.Client.Tests\Mocks\ObjectHarness.cs:Zeile 80.
bei Kistl.Client.Mocks.ObjectHarness`1.SetUp() in E:\Projekte\Kistl\Tests\Kistl.Client.Tests\Mocks\ObjectHarness.cs:Zeile 27.
bei Kistl.Client.Mocks.TestObjectHarness.SetUp() in E:\Projekte\Kistl\Tests\Kistl.Client.Tests\Mocks\ObjectHarness.cs:Zeile 55.
bei Kistl.GUI.Tests.PresenterTests`4.SetUp() in E:\Projekte\Kistl\Tests\Kistl.Client.Tests\GUI\PresenterTests.cs:Zeile 95.
]]></stack-trace>
                            </failure>
                          </test-case>
                          <test-case name="Kistl.GUI.Tests.GuiDbTests.ReInit" executed="True" success="False" time="0.000" asserts="0">
                            <failure>
                              <message><![CDATA[NMock2.Internal.ExpectationException : unexpected invocation of MockContext.ContainsObject(<Kistl.App.Base.ObjectReferenceProperty>, <94>)
Expected:
Stubs:
  Stub: MockContext.Find(equal to <97>), will return <Kistl.App.Base.Module> [called 0 times]
  Stub: MockContext.ContainsObject(equal to <Kistl.App.Base.Module>, equal to <97>), will return <Kistl.App.Base.Module> [called 2 times]
  Stub: MockContext.Find(equal to <98>), will return <Kistl.App.Base.ObjectClass> [called 0 times]
  Stub: MockContext.ContainsObject(equal to <Kistl.App.Base.ObjectClass>, equal to <98>), will return <Kistl.App.Base.ObjectClass> [called 2 times]
  Stub: MockContext.Find(equal to <95>), will return <Kistl.App.Base.Module> [called 0 times]
  Stub: MockContext.ContainsObject(equal to <Kistl.App.Base.Module>, equal to <95>), will return <Kistl.App.Base.Module> [called 2 times]
  Stub: MockContext.Find(equal to <96>), will return <Kistl.App.Base.ObjectClass> [called 0 times]
  Stub: MockContext.ContainsObject(equal to <Kistl.App.Base.ObjectClass>, equal to <96>), will return <Kistl.App.Base.ObjectClass> [called 2 times]
]]></message>
                              <stack-trace><![CDATA[bei NMock2.Mockery.FailUnexpectedInvocation(Invocation invocation) in E:\Projekte\Kistl\Tests\NMock2\Mockery.cs:Zeile 184.
bei NMock2.Mockery.Dispatch(Invocation invocation) in E:\Projekte\Kistl\Tests\NMock2\Mockery.cs:Zeile 88.
bei NMock2.Internal.MockObject.Invoke(Invocation invocation) in E:\Projekte\Kistl\Tests\NMock2\Internal\MockObject.cs:Zeile 30.
bei NMock2.Monitoring.Invoker.Invoke(Invocation invocation) in E:\Projekte\Kistl\Tests\NMock2\Monitoring\Invoker.cs:Zeile 26.
bei NMock2.Monitoring.ProxiedObjectIdentity.Invoke(Invocation invocation) in E:\Projekte\Kistl\Tests\NMock2\Monitoring\ProxiedObjectIdentity.cs:Zeile 35.
bei NMock2.Monitoring.ProxyInvokableAdapter.Invoke(IMessage msg) in E:\Projekte\Kistl\Tests\NMock2\Monitoring\ProxyInvokableAdapter.cs:Zeile 27.
bei System.Runtime.Remoting.Proxies.RealProxy.PrivateInvoke(MessageData& msgData, Int32 type)
bei Kistl.API.IKistlContext.ContainsObject(Type type, Int32 ID)
bei Kistl.API.Client.BaseClientPersistenceObject.AttachToContext(IKistlContext ctx) in E:\Projekte\Kistl\Kistl.API.Client\BaseClientDataObject.cs:Zeile 51.
bei Kistl.App.Base.BaseProperty.AttachToContext(IKistlContext ctx) in E:\Projekte\Kistl\Kistl.Objects.Client\BaseProperty.Client.Designer.cs:Zeile 197.
bei Kistl.App.Base.Property.AttachToContext(IKistlContext ctx) in E:\Projekte\Kistl\Kistl.Objects.Client\Property.Client.Designer.cs:Zeile 115.
bei Kistl.App.Base.ObjectReferenceProperty.AttachToContext(IKistlContext ctx) in E:\Projekte\Kistl\Kistl.Objects.Client\ObjectReferenceProperty.Client.Designer.cs:Zeile 109.
bei Kistl.Client.Mocks.TestObject..ctor() in E:\Projekte\Kistl\Tests\Kistl.Client.Tests\Mocks\TestObject.cs:Zeile 25.
bei Kistl.Client.Mocks.TestObjectHarness.CreateObject() in E:\Projekte\Kistl\Tests\Kistl.Client.Tests\Mocks\ObjectHarness.cs:Zeile 80.
bei Kistl.Client.Mocks.ObjectHarness`1.SetUp() in E:\Projekte\Kistl\Tests\Kistl.Client.Tests\Mocks\ObjectHarness.cs:Zeile 27.
bei Kistl.Client.Mocks.TestObjectHarness.SetUp() in E:\Projekte\Kistl\Tests\Kistl.Client.Tests\Mocks\ObjectHarness.cs:Zeile 55.
bei Kistl.GUI.Tests.PresenterTests`4.SetUp() in E:\Projekte\Kistl\Tests\Kistl.Client.Tests\GUI\PresenterTests.cs:Zeile 95.
]]></stack-trace>
                            </failure>
                          </test-case>
                          <test-case name="Kistl.GUI.Tests.GuiDbTests.TestCreateRenderer" executed="True" success="False" time="0.000" asserts="0">
                            <failure>
                              <message><![CDATA[NMock2.Internal.ExpectationException : unexpected invocation of MockContext.ContainsObject(<Kistl.App.Base.ObjectReferenceProperty>, <94>)
Expected:
Stubs:
  Stub: MockContext.Find(equal to <97>), will return <Kistl.App.Base.Module> [called 0 times]
  Stub: MockContext.ContainsObject(equal to <Kistl.App.Base.Module>, equal to <97>), will return <Kistl.App.Base.Module> [called 2 times]
  Stub: MockContext.Find(equal to <98>), will return <Kistl.App.Base.ObjectClass> [called 0 times]
  Stub: MockContext.ContainsObject(equal to <Kistl.App.Base.ObjectClass>, equal to <98>), will return <Kistl.App.Base.ObjectClass> [called 2 times]
  Stub: MockContext.Find(equal to <95>), will return <Kistl.App.Base.Module> [called 0 times]
  Stub: MockContext.ContainsObject(equal to <Kistl.App.Base.Module>, equal to <95>), will return <Kistl.App.Base.Module> [called 2 times]
  Stub: MockContext.Find(equal to <96>), will return <Kistl.App.Base.ObjectClass> [called 0 times]
  Stub: MockContext.ContainsObject(equal to <Kistl.App.Base.ObjectClass>, equal to <96>), will return <Kistl.App.Base.ObjectClass> [called 2 times]
]]></message>
                              <stack-trace><![CDATA[bei NMock2.Mockery.FailUnexpectedInvocation(Invocation invocation) in E:\Projekte\Kistl\Tests\NMock2\Mockery.cs:Zeile 184.
bei NMock2.Mockery.Dispatch(Invocation invocation) in E:\Projekte\Kistl\Tests\NMock2\Mockery.cs:Zeile 88.
bei NMock2.Internal.MockObject.Invoke(Invocation invocation) in E:\Projekte\Kistl\Tests\NMock2\Internal\MockObject.cs:Zeile 30.
bei NMock2.Monitoring.Invoker.Invoke(Invocation invocation) in E:\Projekte\Kistl\Tests\NMock2\Monitoring\Invoker.cs:Zeile 26.
bei NMock2.Monitoring.ProxiedObjectIdentity.Invoke(Invocation invocation) in E:\Projekte\Kistl\Tests\NMock2\Monitoring\ProxiedObjectIdentity.cs:Zeile 35.
bei NMock2.Monitoring.ProxyInvokableAdapter.Invoke(IMessage msg) in E:\Projekte\Kistl\Tests\NMock2\Monitoring\ProxyInvokableAdapter.cs:Zeile 27.
bei System.Runtime.Remoting.Proxies.RealProxy.PrivateInvoke(MessageData& msgData, Int32 type)
bei Kistl.API.IKistlContext.ContainsObject(Type type, Int32 ID)
bei Kistl.API.Client.BaseClientPersistenceObject.AttachToContext(IKistlContext ctx) in E:\Projekte\Kistl\Kistl.API.Client\BaseClientDataObject.cs:Zeile 51.
bei Kistl.App.Base.BaseProperty.AttachToContext(IKistlContext ctx) in E:\Projekte\Kistl\Kistl.Objects.Client\BaseProperty.Client.Designer.cs:Zeile 197.
bei Kistl.App.Base.Property.AttachToContext(IKistlContext ctx) in E:\Projekte\Kistl\Kistl.Objects.Client\Property.Client.Designer.cs:Zeile 115.
bei Kistl.App.Base.ObjectReferenceProperty.AttachToContext(IKistlContext ctx) in E:\Projekte\Kistl\Kistl.Objects.Client\ObjectReferenceProperty.Client.Designer.cs:Zeile 109.
bei Kistl.Client.Mocks.TestObject..ctor() in E:\Projekte\Kistl\Tests\Kistl.Client.Tests\Mocks\TestObject.cs:Zeile 25.
bei Kistl.Client.Mocks.TestObjectHarness.CreateObject() in E:\Projekte\Kistl\Tests\Kistl.Client.Tests\Mocks\ObjectHarness.cs:Zeile 80.
bei Kistl.Client.Mocks.ObjectHarness`1.SetUp() in E:\Projekte\Kistl\Tests\Kistl.Client.Tests\Mocks\ObjectHarness.cs:Zeile 27.
bei Kistl.Client.Mocks.TestObjectHarness.SetUp() in E:\Projekte\Kistl\Tests\Kistl.Client.Tests\Mocks\ObjectHarness.cs:Zeile 55.
bei Kistl.GUI.Tests.PresenterTests`4.SetUp() in E:\Projekte\Kistl\Tests\Kistl.Client.Tests\GUI\PresenterTests.cs:Zeile 95.
]]></stack-trace>
                            </failure>
                          </test-case>
                          <test-case name="Kistl.GUI.Tests.GuiDbTests.TestFindControlByVisual" executed="True" success="False" time="0.000" asserts="0">
                            <failure>
                              <message><![CDATA[NMock2.Internal.ExpectationException : unexpected invocation of MockContext.ContainsObject(<Kistl.App.Base.ObjectReferenceProperty>, <94>)
Expected:
Stubs:
  Stub: MockContext.Find(equal to <97>), will return <Kistl.App.Base.Module> [called 0 times]
  Stub: MockContext.ContainsObject(equal to <Kistl.App.Base.Module>, equal to <97>), will return <Kistl.App.Base.Module> [called 2 times]
  Stub: MockContext.Find(equal to <98>), will return <Kistl.App.Base.ObjectClass> [called 0 times]
  Stub: MockContext.ContainsObject(equal to <Kistl.App.Base.ObjectClass>, equal to <98>), will return <Kistl.App.Base.ObjectClass> [called 2 times]
  Stub: MockContext.Find(equal to <95>), will return <Kistl.App.Base.Module> [called 0 times]
  Stub: MockContext.ContainsObject(equal to <Kistl.App.Base.Module>, equal to <95>), will return <Kistl.App.Base.Module> [called 2 times]
  Stub: MockContext.Find(equal to <96>), will return <Kistl.App.Base.ObjectClass> [called 0 times]
  Stub: MockContext.ContainsObject(equal to <Kistl.App.Base.ObjectClass>, equal to <96>), will return <Kistl.App.Base.ObjectClass> [called 2 times]
]]></message>
                              <stack-trace><![CDATA[bei NMock2.Mockery.FailUnexpectedInvocation(Invocation invocation) in E:\Projekte\Kistl\Tests\NMock2\Mockery.cs:Zeile 184.
bei NMock2.Mockery.Dispatch(Invocation invocation) in E:\Projekte\Kistl\Tests\NMock2\Mockery.cs:Zeile 88.
bei NMock2.Internal.MockObject.Invoke(Invocation invocation) in E:\Projekte\Kistl\Tests\NMock2\Internal\MockObject.cs:Zeile 30.
bei NMock2.Monitoring.Invoker.Invoke(Invocation invocation) in E:\Projekte\Kistl\Tests\NMock2\Monitoring\Invoker.cs:Zeile 26.
bei NMock2.Monitoring.ProxiedObjectIdentity.Invoke(Invocation invocation) in E:\Projekte\Kistl\Tests\NMock2\Monitoring\ProxiedObjectIdentity.cs:Zeile 35.
bei NMock2.Monitoring.ProxyInvokableAdapter.Invoke(IMessage msg) in E:\Projekte\Kistl\Tests\NMock2\Monitoring\ProxyInvokableAdapter.cs:Zeile 27.
bei System.Runtime.Remoting.Proxies.RealProxy.PrivateInvoke(MessageData& msgData, Int32 type)
bei Kistl.API.IKistlContext.ContainsObject(Type type, Int32 ID)
bei Kistl.API.Client.BaseClientPersistenceObject.AttachToContext(IKistlContext ctx) in E:\Projekte\Kistl\Kistl.API.Client\BaseClientDataObject.cs:Zeile 51.
bei Kistl.App.Base.BaseProperty.AttachToContext(IKistlContext ctx) in E:\Projekte\Kistl\Kistl.Objects.Client\BaseProperty.Client.Designer.cs:Zeile 197.
bei Kistl.App.Base.Property.AttachToContext(IKistlContext ctx) in E:\Projekte\Kistl\Kistl.Objects.Client\Property.Client.Designer.cs:Zeile 115.
bei Kistl.App.Base.ObjectReferenceProperty.AttachToContext(IKistlContext ctx) in E:\Projekte\Kistl\Kistl.Objects.Client\ObjectReferenceProperty.Client.Designer.cs:Zeile 109.
bei Kistl.Client.Mocks.TestObject..ctor() in E:\Projekte\Kistl\Tests\Kistl.Client.Tests\Mocks\TestObject.cs:Zeile 25.
bei Kistl.Client.Mocks.TestObjectHarness.CreateObject() in E:\Projekte\Kistl\Tests\Kistl.Client.Tests\Mocks\ObjectHarness.cs:Zeile 80.
bei Kistl.Client.Mocks.ObjectHarness`1.SetUp() in E:\Projekte\Kistl\Tests\Kistl.Client.Tests\Mocks\ObjectHarness.cs:Zeile 27.
bei Kistl.Client.Mocks.TestObjectHarness.SetUp() in E:\Projekte\Kistl\Tests\Kistl.Client.Tests\Mocks\ObjectHarness.cs:Zeile 55.
bei Kistl.GUI.Tests.PresenterTests`4.SetUp() in E:\Projekte\Kistl\Tests\Kistl.Client.Tests\GUI\PresenterTests.cs:Zeile 95.
]]></stack-trace>
                            </failure>
                          </test-case>
                          <test-case name="Kistl.GUI.Tests.GuiDbTests.TestFindPresenter" executed="True" success="False" time="0.000" asserts="0">
                            <failure>
                              <message><![CDATA[NMock2.Internal.ExpectationException : unexpected invocation of MockContext.ContainsObject(<Kistl.App.Base.ObjectReferenceProperty>, <94>)
Expected:
Stubs:
  Stub: MockContext.Find(equal to <97>), will return <Kistl.App.Base.Module> [called 0 times]
  Stub: MockContext.ContainsObject(equal to <Kistl.App.Base.Module>, equal to <97>), will return <Kistl.App.Base.Module> [called 2 times]
  Stub: MockContext.Find(equal to <98>), will return <Kistl.App.Base.ObjectClass> [called 0 times]
  Stub: MockContext.ContainsObject(equal to <Kistl.App.Base.ObjectClass>, equal to <98>), will return <Kistl.App.Base.ObjectClass> [called 2 times]
  Stub: MockContext.Find(equal to <95>), will return <Kistl.App.Base.Module> [called 0 times]
  Stub: MockContext.ContainsObject(equal to <Kistl.App.Base.Module>, equal to <95>), will return <Kistl.App.Base.Module> [called 2 times]
  Stub: MockContext.Find(equal to <96>), will return <Kistl.App.Base.ObjectClass> [called 0 times]
  Stub: MockContext.ContainsObject(equal to <Kistl.App.Base.ObjectClass>, equal to <96>), will return <Kistl.App.Base.ObjectClass> [called 2 times]
]]></message>
                              <stack-trace><![CDATA[bei NMock2.Mockery.FailUnexpectedInvocation(Invocation invocation) in E:\Projekte\Kistl\Tests\NMock2\Mockery.cs:Zeile 184.
bei NMock2.Mockery.Dispatch(Invocation invocation) in E:\Projekte\Kistl\Tests\NMock2\Mockery.cs:Zeile 88.
bei NMock2.Internal.MockObject.Invoke(Invocation invocation) in E:\Projekte\Kistl\Tests\NMock2\Internal\MockObject.cs:Zeile 30.
bei NMock2.Monitoring.Invoker.Invoke(Invocation invocation) in E:\Projekte\Kistl\Tests\NMock2\Monitoring\Invoker.cs:Zeile 26.
bei NMock2.Monitoring.ProxiedObjectIdentity.Invoke(Invocation invocation) in E:\Projekte\Kistl\Tests\NMock2\Monitoring\ProxiedObjectIdentity.cs:Zeile 35.
bei NMock2.Monitoring.ProxyInvokableAdapter.Invoke(IMessage msg) in E:\Projekte\Kistl\Tests\NMock2\Monitoring\ProxyInvokableAdapter.cs:Zeile 27.
bei System.Runtime.Remoting.Proxies.RealProxy.PrivateInvoke(MessageData& msgData, Int32 type)
bei Kistl.API.IKistlContext.ContainsObject(Type type, Int32 ID)
bei Kistl.API.Client.BaseClientPersistenceObject.AttachToContext(IKistlContext ctx) in E:\Projekte\Kistl\Kistl.API.Client\BaseClientDataObject.cs:Zeile 51.
bei Kistl.App.Base.BaseProperty.AttachToContext(IKistlContext ctx) in E:\Projekte\Kistl\Kistl.Objects.Client\BaseProperty.Client.Designer.cs:Zeile 197.
bei Kistl.App.Base.Property.AttachToContext(IKistlContext ctx) in E:\Projekte\Kistl\Kistl.Objects.Client\Property.Client.Designer.cs:Zeile 115.
bei Kistl.App.Base.ObjectReferenceProperty.AttachToContext(IKistlContext ctx) in E:\Projekte\Kistl\Kistl.Objects.Client\ObjectReferenceProperty.Client.Designer.cs:Zeile 109.
bei Kistl.Client.Mocks.TestObject..ctor() in E:\Projekte\Kistl\Tests\Kistl.Client.Tests\Mocks\TestObject.cs:Zeile 25.
bei Kistl.Client.Mocks.TestObjectHarness.CreateObject() in E:\Projekte\Kistl\Tests\Kistl.Client.Tests\Mocks\ObjectHarness.cs:Zeile 80.
bei Kistl.Client.Mocks.ObjectHarness`1.SetUp() in E:\Projekte\Kistl\Tests\Kistl.Client.Tests\Mocks\ObjectHarness.cs:Zeile 27.
bei Kistl.Client.Mocks.TestObjectHarness.SetUp() in E:\Projekte\Kistl\Tests\Kistl.Client.Tests\Mocks\ObjectHarness.cs:Zeile 55.
bei Kistl.GUI.Tests.PresenterTests`4.SetUp() in E:\Projekte\Kistl\Tests\Kistl.Client.Tests\GUI\PresenterTests.cs:Zeile 95.
]]></stack-trace>
                            </failure>
                          </test-case>
                          <test-case name="Kistl.GUI.Tests.GuiDbTests.TestPresenterSetUpCorrect" executed="True" success="False" time="0.000" asserts="0">
                            <failure>
                              <message><![CDATA[NMock2.Internal.ExpectationException : unexpected invocation of MockContext.ContainsObject(<Kistl.App.Base.ObjectReferenceProperty>, <94>)
Expected:
Stubs:
  Stub: MockContext.Find(equal to <97>), will return <Kistl.App.Base.Module> [called 0 times]
  Stub: MockContext.ContainsObject(equal to <Kistl.App.Base.Module>, equal to <97>), will return <Kistl.App.Base.Module> [called 2 times]
  Stub: MockContext.Find(equal to <98>), will return <Kistl.App.Base.ObjectClass> [called 0 times]
  Stub: MockContext.ContainsObject(equal to <Kistl.App.Base.ObjectClass>, equal to <98>), will return <Kistl.App.Base.ObjectClass> [called 2 times]
  Stub: MockContext.Find(equal to <95>), will return <Kistl.App.Base.Module> [called 0 times]
  Stub: MockContext.ContainsObject(equal to <Kistl.App.Base.Module>, equal to <95>), will return <Kistl.App.Base.Module> [called 2 times]
  Stub: MockContext.Find(equal to <96>), will return <Kistl.App.Base.ObjectClass> [called 0 times]
  Stub: MockContext.ContainsObject(equal to <Kistl.App.Base.ObjectClass>, equal to <96>), will return <Kistl.App.Base.ObjectClass> [called 2 times]
]]></message>
                              <stack-trace><![CDATA[bei NMock2.Mockery.FailUnexpectedInvocation(Invocation invocation) in E:\Projekte\Kistl\Tests\NMock2\Mockery.cs:Zeile 184.
bei NMock2.Mockery.Dispatch(Invocation invocation) in E:\Projekte\Kistl\Tests\NMock2\Mockery.cs:Zeile 88.
bei NMock2.Internal.MockObject.Invoke(Invocation invocation) in E:\Projekte\Kistl\Tests\NMock2\Internal\MockObject.cs:Zeile 30.
bei NMock2.Monitoring.Invoker.Invoke(Invocation invocation) in E:\Projekte\Kistl\Tests\NMock2\Monitoring\Invoker.cs:Zeile 26.
bei NMock2.Monitoring.ProxiedObjectIdentity.Invoke(Invocation invocation) in E:\Projekte\Kistl\Tests\NMock2\Monitoring\ProxiedObjectIdentity.cs:Zeile 35.
bei NMock2.Monitoring.ProxyInvokableAdapter.Invoke(IMessage msg) in E:\Projekte\Kistl\Tests\NMock2\Monitoring\ProxyInvokableAdapter.cs:Zeile 27.
bei System.Runtime.Remoting.Proxies.RealProxy.PrivateInvoke(MessageData& msgData, Int32 type)
bei Kistl.API.IKistlContext.ContainsObject(Type type, Int32 ID)
bei Kistl.API.Client.BaseClientPersistenceObject.AttachToContext(IKistlContext ctx) in E:\Projekte\Kistl\Kistl.API.Client\BaseClientDataObject.cs:Zeile 51.
bei Kistl.App.Base.BaseProperty.AttachToContext(IKistlContext ctx) in E:\Projekte\Kistl\Kistl.Objects.Client\BaseProperty.Client.Designer.cs:Zeile 197.
bei Kistl.App.Base.Property.AttachToContext(IKistlContext ctx) in E:\Projekte\Kistl\Kistl.Objects.Client\Property.Client.Designer.cs:Zeile 115.
bei Kistl.App.Base.ObjectReferenceProperty.AttachToContext(IKistlContext ctx) in E:\Projekte\Kistl\Kistl.Objects.Client\ObjectReferenceProperty.Client.Designer.cs:Zeile 109.
bei Kistl.Client.Mocks.TestObject..ctor() in E:\Projekte\Kistl\Tests\Kistl.Client.Tests\Mocks\TestObject.cs:Zeile 25.
bei Kistl.Client.Mocks.TestObjectHarness.CreateObject() in E:\Projekte\Kistl\Tests\Kistl.Client.Tests\Mocks\ObjectHarness.cs:Zeile 80.
bei Kistl.Client.Mocks.ObjectHarness`1.SetUp() in E:\Projekte\Kistl\Tests\Kistl.Client.Tests\Mocks\ObjectHarness.cs:Zeile 27.
bei Kistl.Client.Mocks.TestObjectHarness.SetUp() in E:\Projekte\Kistl\Tests\Kistl.Client.Tests\Mocks\ObjectHarness.cs:Zeile 55.
bei Kistl.GUI.Tests.PresenterTests`4.SetUp() in E:\Projekte\Kistl\Tests\Kistl.Client.Tests\GUI\PresenterTests.cs:Zeile 95.
]]></stack-trace>
                            </failure>
                          </test-case>
                        </results>
                      </test-suite>
                      <test-suite name="IntPresenterTests" success="False" time="0.047" asserts="2">
                        <results>
                          <test-case name="Kistl.GUI.Tests.IntPresenterTests.HandleInvalidUserInput" executed="True" success="False" time="0.000" asserts="0">
                            <failure>
                              <message><![CDATA[NMock2.Internal.ExpectationException : unexpected invocation of MockContext.ContainsObject(<Kistl.App.Base.ObjectReferenceProperty>, <94>)
Expected:
Stubs:
  Stub: MockContext.Find(equal to <97>), will return <Kistl.App.Base.Module> [called 0 times]
  Stub: MockContext.ContainsObject(equal to <Kistl.App.Base.Module>, equal to <97>), will return <Kistl.App.Base.Module> [called 2 times]
  Stub: MockContext.Find(equal to <98>), will return <Kistl.App.Base.ObjectClass> [called 0 times]
  Stub: MockContext.ContainsObject(equal to <Kistl.App.Base.ObjectClass>, equal to <98>), will return <Kistl.App.Base.ObjectClass> [called 2 times]
  Stub: MockContext.Find(equal to <95>), will return <Kistl.App.Base.Module> [called 0 times]
  Stub: MockContext.ContainsObject(equal to <Kistl.App.Base.Module>, equal to <95>), will return <Kistl.App.Base.Module> [called 2 times]
  Stub: MockContext.Find(equal to <96>), will return <Kistl.App.Base.ObjectClass> [called 0 times]
  Stub: MockContext.ContainsObject(equal to <Kistl.App.Base.ObjectClass>, equal to <96>), will return <Kistl.App.Base.ObjectClass> [called 2 times]
]]></message>
                              <stack-trace><![CDATA[bei NMock2.Mockery.FailUnexpectedInvocation(Invocation invocation) in E:\Projekte\Kistl\Tests\NMock2\Mockery.cs:Zeile 184.
bei NMock2.Mockery.Dispatch(Invocation invocation) in E:\Projekte\Kistl\Tests\NMock2\Mockery.cs:Zeile 88.
bei NMock2.Internal.MockObject.Invoke(Invocation invocation) in E:\Projekte\Kistl\Tests\NMock2\Internal\MockObject.cs:Zeile 30.
bei NMock2.Monitoring.Invoker.Invoke(Invocation invocation) in E:\Projekte\Kistl\Tests\NMock2\Monitoring\Invoker.cs:Zeile 26.
bei NMock2.Monitoring.ProxiedObjectIdentity.Invoke(Invocation invocation) in E:\Projekte\Kistl\Tests\NMock2\Monitoring\ProxiedObjectIdentity.cs:Zeile 35.
bei NMock2.Monitoring.ProxyInvokableAdapter.Invoke(IMessage msg) in E:\Projekte\Kistl\Tests\NMock2\Monitoring\ProxyInvokableAdapter.cs:Zeile 27.
bei System.Runtime.Remoting.Proxies.RealProxy.PrivateInvoke(MessageData& msgData, Int32 type)
bei Kistl.API.IKistlContext.ContainsObject(Type type, Int32 ID)
bei Kistl.API.Client.BaseClientPersistenceObject.AttachToContext(IKistlContext ctx) in E:\Projekte\Kistl\Kistl.API.Client\BaseClientDataObject.cs:Zeile 51.
bei Kistl.App.Base.BaseProperty.AttachToContext(IKistlContext ctx) in E:\Projekte\Kistl\Kistl.Objects.Client\BaseProperty.Client.Designer.cs:Zeile 197.
bei Kistl.App.Base.Property.AttachToContext(IKistlContext ctx) in E:\Projekte\Kistl\Kistl.Objects.Client\Property.Client.Designer.cs:Zeile 115.
bei Kistl.App.Base.ObjectReferenceProperty.AttachToContext(IKistlContext ctx) in E:\Projekte\Kistl\Kistl.Objects.Client\ObjectReferenceProperty.Client.Designer.cs:Zeile 109.
bei Kistl.Client.Mocks.TestObject..ctor() in E:\Projekte\Kistl\Tests\Kistl.Client.Tests\Mocks\TestObject.cs:Zeile 25.
bei Kistl.Client.Mocks.TestObjectHarness.CreateObject() in E:\Projekte\Kistl\Tests\Kistl.Client.Tests\Mocks\ObjectHarness.cs:Zeile 80.
bei Kistl.Client.Mocks.ObjectHarness`1.SetUp() in E:\Projekte\Kistl\Tests\Kistl.Client.Tests\Mocks\ObjectHarness.cs:Zeile 27.
bei Kistl.Client.Mocks.TestObjectHarness.SetUp() in E:\Projekte\Kistl\Tests\Kistl.Client.Tests\Mocks\ObjectHarness.cs:Zeile 55.
bei Kistl.GUI.Tests.PresenterTests`4.SetUp() in E:\Projekte\Kistl\Tests\Kistl.Client.Tests\GUI\PresenterTests.cs:Zeile 95.
]]></stack-trace>
                            </failure>
                          </test-case>
                          <test-case name="Kistl.GUI.Tests.IntPresenterTests.HandleNoUserInput" executed="True" success="False" time="0.000" asserts="0">
                            <failure>
                              <message><![CDATA[NMock2.Internal.ExpectationException : unexpected invocation of MockContext.ContainsObject(<Kistl.App.Base.ObjectReferenceProperty>, <94>)
Expected:
Stubs:
  Stub: MockContext.Find(equal to <97>), will return <Kistl.App.Base.Module> [called 0 times]
  Stub: MockContext.ContainsObject(equal to <Kistl.App.Base.Module>, equal to <97>), will return <Kistl.App.Base.Module> [called 2 times]
  Stub: MockContext.Find(equal to <98>), will return <Kistl.App.Base.ObjectClass> [called 0 times]
  Stub: MockContext.ContainsObject(equal to <Kistl.App.Base.ObjectClass>, equal to <98>), will return <Kistl.App.Base.ObjectClass> [called 2 times]
  Stub: MockContext.Find(equal to <95>), will return <Kistl.App.Base.Module> [called 0 times]
  Stub: MockContext.ContainsObject(equal to <Kistl.App.Base.Module>, equal to <95>), will return <Kistl.App.Base.Module> [called 2 times]
  Stub: MockContext.Find(equal to <96>), will return <Kistl.App.Base.ObjectClass> [called 0 times]
  Stub: MockContext.ContainsObject(equal to <Kistl.App.Base.ObjectClass>, equal to <96>), will return <Kistl.App.Base.ObjectClass> [called 2 times]
]]></message>
                              <stack-trace><![CDATA[bei NMock2.Mockery.FailUnexpectedInvocation(Invocation invocation) in E:\Projekte\Kistl\Tests\NMock2\Mockery.cs:Zeile 184.
bei NMock2.Mockery.Dispatch(Invocation invocation) in E:\Projekte\Kistl\Tests\NMock2\Mockery.cs:Zeile 88.
bei NMock2.Internal.MockObject.Invoke(Invocation invocation) in E:\Projekte\Kistl\Tests\NMock2\Internal\MockObject.cs:Zeile 30.
bei NMock2.Monitoring.Invoker.Invoke(Invocation invocation) in E:\Projekte\Kistl\Tests\NMock2\Monitoring\Invoker.cs:Zeile 26.
bei NMock2.Monitoring.ProxiedObjectIdentity.Invoke(Invocation invocation) in E:\Projekte\Kistl\Tests\NMock2\Monitoring\ProxiedObjectIdentity.cs:Zeile 35.
bei NMock2.Monitoring.ProxyInvokableAdapter.Invoke(IMessage msg) in E:\Projekte\Kistl\Tests\NMock2\Monitoring\ProxyInvokableAdapter.cs:Zeile 27.
bei System.Runtime.Remoting.Proxies.RealProxy.PrivateInvoke(MessageData& msgData, Int32 type)
bei Kistl.API.IKistlContext.ContainsObject(Type type, Int32 ID)
bei Kistl.API.Client.BaseClientPersistenceObject.AttachToContext(IKistlContext ctx) in E:\Projekte\Kistl\Kistl.API.Client\BaseClientDataObject.cs:Zeile 51.
bei Kistl.App.Base.BaseProperty.AttachToContext(IKistlContext ctx) in E:\Projekte\Kistl\Kistl.Objects.Client\BaseProperty.Client.Designer.cs:Zeile 197.
bei Kistl.App.Base.Property.AttachToContext(IKistlContext ctx) in E:\Projekte\Kistl\Kistl.Objects.Client\Property.Client.Designer.cs:Zeile 115.
bei Kistl.App.Base.ObjectReferenceProperty.AttachToContext(IKistlContext ctx) in E:\Projekte\Kistl\Kistl.Objects.Client\ObjectReferenceProperty.Client.Designer.cs:Zeile 109.
bei Kistl.Client.Mocks.TestObject..ctor() in E:\Projekte\Kistl\Tests\Kistl.Client.Tests\Mocks\TestObject.cs:Zeile 25.
bei Kistl.Client.Mocks.TestObjectHarness.CreateObject() in E:\Projekte\Kistl\Tests\Kistl.Client.Tests\Mocks\ObjectHarness.cs:Zeile 80.
bei Kistl.Client.Mocks.ObjectHarness`1.SetUp() in E:\Projekte\Kistl\Tests\Kistl.Client.Tests\Mocks\ObjectHarness.cs:Zeile 27.
bei Kistl.Client.Mocks.TestObjectHarness.SetUp() in E:\Projekte\Kistl\Tests\Kistl.Client.Tests\Mocks\ObjectHarness.cs:Zeile 55.
bei Kistl.GUI.Tests.PresenterTests`4.SetUp() in E:\Projekte\Kistl\Tests\Kistl.Client.Tests\GUI\PresenterTests.cs:Zeile 95.
]]></stack-trace>
                            </failure>
                          </test-case>
                          <test-case name="Kistl.GUI.Tests.IntPresenterTests.HandleNullUserInput" executed="True" success="False" time="0.000" asserts="0">
                            <failure>
                              <message><![CDATA[NMock2.Internal.ExpectationException : unexpected invocation of MockContext.ContainsObject(<Kistl.App.Base.ObjectReferenceProperty>, <94>)
Expected:
Stubs:
  Stub: MockContext.Find(equal to <97>), will return <Kistl.App.Base.Module> [called 0 times]
  Stub: MockContext.ContainsObject(equal to <Kistl.App.Base.Module>, equal to <97>), will return <Kistl.App.Base.Module> [called 2 times]
  Stub: MockContext.Find(equal to <98>), will return <Kistl.App.Base.ObjectClass> [called 0 times]
  Stub: MockContext.ContainsObject(equal to <Kistl.App.Base.ObjectClass>, equal to <98>), will return <Kistl.App.Base.ObjectClass> [called 2 times]
  Stub: MockContext.Find(equal to <95>), will return <Kistl.App.Base.Module> [called 0 times]
  Stub: MockContext.ContainsObject(equal to <Kistl.App.Base.Module>, equal to <95>), will return <Kistl.App.Base.Module> [called 2 times]
  Stub: MockContext.Find(equal to <96>), will return <Kistl.App.Base.ObjectClass> [called 0 times]
  Stub: MockContext.ContainsObject(equal to <Kistl.App.Base.ObjectClass>, equal to <96>), will return <Kistl.App.Base.ObjectClass> [called 2 times]
]]></message>
                              <stack-trace><![CDATA[bei NMock2.Mockery.FailUnexpectedInvocation(Invocation invocation) in E:\Projekte\Kistl\Tests\NMock2\Mockery.cs:Zeile 184.
bei NMock2.Mockery.Dispatch(Invocation invocation) in E:\Projekte\Kistl\Tests\NMock2\Mockery.cs:Zeile 88.
bei NMock2.Internal.MockObject.Invoke(Invocation invocation) in E:\Projekte\Kistl\Tests\NMock2\Internal\MockObject.cs:Zeile 30.
bei NMock2.Monitoring.Invoker.Invoke(Invocation invocation) in E:\Projekte\Kistl\Tests\NMock2\Monitoring\Invoker.cs:Zeile 26.
bei NMock2.Monitoring.ProxiedObjectIdentity.Invoke(Invocation invocation) in E:\Projekte\Kistl\Tests\NMock2\Monitoring\ProxiedObjectIdentity.cs:Zeile 35.
bei NMock2.Monitoring.ProxyInvokableAdapter.Invoke(IMessage msg) in E:\Projekte\Kistl\Tests\NMock2\Monitoring\ProxyInvokableAdapter.cs:Zeile 27.
bei System.Runtime.Remoting.Proxies.RealProxy.PrivateInvoke(MessageData& msgData, Int32 type)
bei Kistl.API.IKistlContext.ContainsObject(Type type, Int32 ID)
bei Kistl.API.Client.BaseClientPersistenceObject.AttachToContext(IKistlContext ctx) in E:\Projekte\Kistl\Kistl.API.Client\BaseClientDataObject.cs:Zeile 51.
bei Kistl.App.Base.BaseProperty.AttachToContext(IKistlContext ctx) in E:\Projekte\Kistl\Kistl.Objects.Client\BaseProperty.Client.Designer.cs:Zeile 197.
bei Kistl.App.Base.Property.AttachToContext(IKistlContext ctx) in E:\Projekte\Kistl\Kistl.Objects.Client\Property.Client.Designer.cs:Zeile 115.
bei Kistl.App.Base.ObjectReferenceProperty.AttachToContext(IKistlContext ctx) in E:\Projekte\Kistl\Kistl.Objects.Client\ObjectReferenceProperty.Client.Designer.cs:Zeile 109.
bei Kistl.Client.Mocks.TestObject..ctor() in E:\Projekte\Kistl\Tests\Kistl.Client.Tests\Mocks\TestObject.cs:Zeile 25.
bei Kistl.Client.Mocks.TestObjectHarness.CreateObject() in E:\Projekte\Kistl\Tests\Kistl.Client.Tests\Mocks\ObjectHarness.cs:Zeile 80.
bei Kistl.Client.Mocks.ObjectHarness`1.SetUp() in E:\Projekte\Kistl\Tests\Kistl.Client.Tests\Mocks\ObjectHarness.cs:Zeile 27.
bei Kistl.Client.Mocks.TestObjectHarness.SetUp() in E:\Projekte\Kistl\Tests\Kistl.Client.Tests\Mocks\ObjectHarness.cs:Zeile 55.
bei Kistl.GUI.Tests.PresenterTests`4.SetUp() in E:\Projekte\Kistl\Tests\Kistl.Client.Tests\GUI\PresenterTests.cs:Zeile 95.
]]></stack-trace>
                            </failure>
                          </test-case>
                          <test-case name="Kistl.GUI.Tests.IntPresenterTests.HandleProgrammaticChange" executed="True" success="False" time="0.000" asserts="0">
                            <failure>
                              <message><![CDATA[NMock2.Internal.ExpectationException : unexpected invocation of MockContext.ContainsObject(<Kistl.App.Base.ObjectReferenceProperty>, <94>)
Expected:
Stubs:
  Stub: MockContext.Find(equal to <97>), will return <Kistl.App.Base.Module> [called 0 times]
  Stub: MockContext.ContainsObject(equal to <Kistl.App.Base.Module>, equal to <97>), will return <Kistl.App.Base.Module> [called 2 times]
  Stub: MockContext.Find(equal to <98>), will return <Kistl.App.Base.ObjectClass> [called 0 times]
  Stub: MockContext.ContainsObject(equal to <Kistl.App.Base.ObjectClass>, equal to <98>), will return <Kistl.App.Base.ObjectClass> [called 2 times]
  Stub: MockContext.Find(equal to <95>), will return <Kistl.App.Base.Module> [called 0 times]
  Stub: MockContext.ContainsObject(equal to <Kistl.App.Base.Module>, equal to <95>), will return <Kistl.App.Base.Module> [called 2 times]
  Stub: MockContext.Find(equal to <96>), will return <Kistl.App.Base.ObjectClass> [called 0 times]
  Stub: MockContext.ContainsObject(equal to <Kistl.App.Base.ObjectClass>, equal to <96>), will return <Kistl.App.Base.ObjectClass> [called 2 times]
]]></message>
                              <stack-trace><![CDATA[bei NMock2.Mockery.FailUnexpectedInvocation(Invocation invocation) in E:\Projekte\Kistl\Tests\NMock2\Mockery.cs:Zeile 184.
bei NMock2.Mockery.Dispatch(Invocation invocation) in E:\Projekte\Kistl\Tests\NMock2\Mockery.cs:Zeile 88.
bei NMock2.Internal.MockObject.Invoke(Invocation invocation) in E:\Projekte\Kistl\Tests\NMock2\Internal\MockObject.cs:Zeile 30.
bei NMock2.Monitoring.Invoker.Invoke(Invocation invocation) in E:\Projekte\Kistl\Tests\NMock2\Monitoring\Invoker.cs:Zeile 26.
bei NMock2.Monitoring.ProxiedObjectIdentity.Invoke(Invocation invocation) in E:\Projekte\Kistl\Tests\NMock2\Monitoring\ProxiedObjectIdentity.cs:Zeile 35.
bei NMock2.Monitoring.ProxyInvokableAdapter.Invoke(IMessage msg) in E:\Projekte\Kistl\Tests\NMock2\Monitoring\ProxyInvokableAdapter.cs:Zeile 27.
bei System.Runtime.Remoting.Proxies.RealProxy.PrivateInvoke(MessageData& msgData, Int32 type)
bei Kistl.API.IKistlContext.ContainsObject(Type type, Int32 ID)
bei Kistl.API.Client.BaseClientPersistenceObject.AttachToContext(IKistlContext ctx) in E:\Projekte\Kistl\Kistl.API.Client\BaseClientDataObject.cs:Zeile 51.
bei Kistl.App.Base.BaseProperty.AttachToContext(IKistlContext ctx) in E:\Projekte\Kistl\Kistl.Objects.Client\BaseProperty.Client.Designer.cs:Zeile 197.
bei Kistl.App.Base.Property.AttachToContext(IKistlContext ctx) in E:\Projekte\Kistl\Kistl.Objects.Client\Property.Client.Designer.cs:Zeile 115.
bei Kistl.App.Base.ObjectReferenceProperty.AttachToContext(IKistlContext ctx) in E:\Projekte\Kistl\Kistl.Objects.Client\ObjectReferenceProperty.Client.Designer.cs:Zeile 109.
bei Kistl.Client.Mocks.TestObject..ctor() in E:\Projekte\Kistl\Tests\Kistl.Client.Tests\Mocks\TestObject.cs:Zeile 25.
bei Kistl.Client.Mocks.TestObjectHarness.CreateObject() in E:\Projekte\Kistl\Tests\Kistl.Client.Tests\Mocks\ObjectHarness.cs:Zeile 80.
bei Kistl.Client.Mocks.ObjectHarness`1.SetUp() in E:\Projekte\Kistl\Tests\Kistl.Client.Tests\Mocks\ObjectHarness.cs:Zeile 27.
bei Kistl.Client.Mocks.TestObjectHarness.SetUp() in E:\Projekte\Kistl\Tests\Kistl.Client.Tests\Mocks\ObjectHarness.cs:Zeile 55.
bei Kistl.GUI.Tests.PresenterTests`4.SetUp() in E:\Projekte\Kistl\Tests\Kistl.Client.Tests\GUI\PresenterTests.cs:Zeile 95.
]]></stack-trace>
                            </failure>
                          </test-case>
                          <test-case name="Kistl.GUI.Tests.IntPresenterTests.HandleValidUserInput" executed="True" success="False" time="0.000" asserts="0">
                            <failure>
                              <message><![CDATA[NMock2.Internal.ExpectationException : unexpected invocation of MockContext.ContainsObject(<Kistl.App.Base.ObjectReferenceProperty>, <94>)
Expected:
Stubs:
  Stub: MockContext.Find(equal to <97>), will return <Kistl.App.Base.Module> [called 0 times]
  Stub: MockContext.ContainsObject(equal to <Kistl.App.Base.Module>, equal to <97>), will return <Kistl.App.Base.Module> [called 2 times]
  Stub: MockContext.Find(equal to <98>), will return <Kistl.App.Base.ObjectClass> [called 0 times]
  Stub: MockContext.ContainsObject(equal to <Kistl.App.Base.ObjectClass>, equal to <98>), will return <Kistl.App.Base.ObjectClass> [called 2 times]
  Stub: MockContext.Find(equal to <95>), will return <Kistl.App.Base.Module> [called 0 times]
  Stub: MockContext.ContainsObject(equal to <Kistl.App.Base.Module>, equal to <95>), will return <Kistl.App.Base.Module> [called 2 times]
  Stub: MockContext.Find(equal to <96>), will return <Kistl.App.Base.ObjectClass> [called 0 times]
  Stub: MockContext.ContainsObject(equal to <Kistl.App.Base.ObjectClass>, equal to <96>), will return <Kistl.App.Base.ObjectClass> [called 2 times]
]]></message>
                              <stack-trace><![CDATA[bei NMock2.Mockery.FailUnexpectedInvocation(Invocation invocation) in E:\Projekte\Kistl\Tests\NMock2\Mockery.cs:Zeile 184.
bei NMock2.Mockery.Dispatch(Invocation invocation) in E:\Projekte\Kistl\Tests\NMock2\Mockery.cs:Zeile 88.
bei NMock2.Internal.MockObject.Invoke(Invocation invocation) in E:\Projekte\Kistl\Tests\NMock2\Internal\MockObject.cs:Zeile 30.
bei NMock2.Monitoring.Invoker.Invoke(Invocation invocation) in E:\Projekte\Kistl\Tests\NMock2\Monitoring\Invoker.cs:Zeile 26.
bei NMock2.Monitoring.ProxiedObjectIdentity.Invoke(Invocation invocation) in E:\Projekte\Kistl\Tests\NMock2\Monitoring\ProxiedObjectIdentity.cs:Zeile 35.
bei NMock2.Monitoring.ProxyInvokableAdapter.Invoke(IMessage msg) in E:\Projekte\Kistl\Tests\NMock2\Monitoring\ProxyInvokableAdapter.cs:Zeile 27.
bei System.Runtime.Remoting.Proxies.RealProxy.PrivateInvoke(MessageData& msgData, Int32 type)
bei Kistl.API.IKistlContext.ContainsObject(Type type, Int32 ID)
bei Kistl.API.Client.BaseClientPersistenceObject.AttachToContext(IKistlContext ctx) in E:\Projekte\Kistl\Kistl.API.Client\BaseClientDataObject.cs:Zeile 51.
bei Kistl.App.Base.BaseProperty.AttachToContext(IKistlContext ctx) in E:\Projekte\Kistl\Kistl.Objects.Client\BaseProperty.Client.Designer.cs:Zeile 197.
bei Kistl.App.Base.Property.AttachToContext(IKistlContext ctx) in E:\Projekte\Kistl\Kistl.Objects.Client\Property.Client.Designer.cs:Zeile 115.
bei Kistl.App.Base.ObjectReferenceProperty.AttachToContext(IKistlContext ctx) in E:\Projekte\Kistl\Kistl.Objects.Client\ObjectReferenceProperty.Client.Designer.cs:Zeile 109.
bei Kistl.Client.Mocks.TestObject..ctor() in E:\Projekte\Kistl\Tests\Kistl.Client.Tests\Mocks\TestObject.cs:Zeile 25.
bei Kistl.Client.Mocks.TestObjectHarness.CreateObject() in E:\Projekte\Kistl\Tests\Kistl.Client.Tests\Mocks\ObjectHarness.cs:Zeile 80.
bei Kistl.Client.Mocks.ObjectHarness`1.SetUp() in E:\Projekte\Kistl\Tests\Kistl.Client.Tests\Mocks\ObjectHarness.cs:Zeile 27.
bei Kistl.Client.Mocks.TestObjectHarness.SetUp() in E:\Projekte\Kistl\Tests\Kistl.Client.Tests\Mocks\ObjectHarness.cs:Zeile 55.
bei Kistl.GUI.Tests.PresenterTests`4.SetUp() in E:\Projekte\Kistl\Tests\Kistl.Client.Tests\GUI\PresenterTests.cs:Zeile 95.
]]></stack-trace>
                            </failure>
                          </test-case>
                          <test-case name="Kistl.GUI.Tests.IntPresenterTests.ReInit" executed="True" success="False" time="0.000" asserts="0">
                            <failure>
                              <message><![CDATA[NMock2.Internal.ExpectationException : unexpected invocation of MockContext.ContainsObject(<Kistl.App.Base.ObjectReferenceProperty>, <94>)
Expected:
Stubs:
  Stub: MockContext.Find(equal to <97>), will return <Kistl.App.Base.Module> [called 0 times]
  Stub: MockContext.ContainsObject(equal to <Kistl.App.Base.Module>, equal to <97>), will return <Kistl.App.Base.Module> [called 2 times]
  Stub: MockContext.Find(equal to <98>), will return <Kistl.App.Base.ObjectClass> [called 0 times]
  Stub: MockContext.ContainsObject(equal to <Kistl.App.Base.ObjectClass>, equal to <98>), will return <Kistl.App.Base.ObjectClass> [called 2 times]
  Stub: MockContext.Find(equal to <95>), will return <Kistl.App.Base.Module> [called 0 times]
  Stub: MockContext.ContainsObject(equal to <Kistl.App.Base.Module>, equal to <95>), will return <Kistl.App.Base.Module> [called 2 times]
  Stub: MockContext.Find(equal to <96>), will return <Kistl.App.Base.ObjectClass> [called 0 times]
  Stub: MockContext.ContainsObject(equal to <Kistl.App.Base.ObjectClass>, equal to <96>), will return <Kistl.App.Base.ObjectClass> [called 2 times]
]]></message>
                              <stack-trace><![CDATA[bei NMock2.Mockery.FailUnexpectedInvocation(Invocation invocation) in E:\Projekte\Kistl\Tests\NMock2\Mockery.cs:Zeile 184.
bei NMock2.Mockery.Dispatch(Invocation invocation) in E:\Projekte\Kistl\Tests\NMock2\Mockery.cs:Zeile 88.
bei NMock2.Internal.MockObject.Invoke(Invocation invocation) in E:\Projekte\Kistl\Tests\NMock2\Internal\MockObject.cs:Zeile 30.
bei NMock2.Monitoring.Invoker.Invoke(Invocation invocation) in E:\Projekte\Kistl\Tests\NMock2\Monitoring\Invoker.cs:Zeile 26.
bei NMock2.Monitoring.ProxiedObjectIdentity.Invoke(Invocation invocation) in E:\Projekte\Kistl\Tests\NMock2\Monitoring\ProxiedObjectIdentity.cs:Zeile 35.
bei NMock2.Monitoring.ProxyInvokableAdapter.Invoke(IMessage msg) in E:\Projekte\Kistl\Tests\NMock2\Monitoring\ProxyInvokableAdapter.cs:Zeile 27.
bei System.Runtime.Remoting.Proxies.RealProxy.PrivateInvoke(MessageData& msgData, Int32 type)
bei Kistl.API.IKistlContext.ContainsObject(Type type, Int32 ID)
bei Kistl.API.Client.BaseClientPersistenceObject.AttachToContext(IKistlContext ctx) in E:\Projekte\Kistl\Kistl.API.Client\BaseClientDataObject.cs:Zeile 51.
bei Kistl.App.Base.BaseProperty.AttachToContext(IKistlContext ctx) in E:\Projekte\Kistl\Kistl.Objects.Client\BaseProperty.Client.Designer.cs:Zeile 197.
bei Kistl.App.Base.Property.AttachToContext(IKistlContext ctx) in E:\Projekte\Kistl\Kistl.Objects.Client\Property.Client.Designer.cs:Zeile 115.
bei Kistl.App.Base.ObjectReferenceProperty.AttachToContext(IKistlContext ctx) in E:\Projekte\Kistl\Kistl.Objects.Client\ObjectReferenceProperty.Client.Designer.cs:Zeile 109.
bei Kistl.Client.Mocks.TestObject..ctor() in E:\Projekte\Kistl\Tests\Kistl.Client.Tests\Mocks\TestObject.cs:Zeile 25.
bei Kistl.Client.Mocks.TestObjectHarness.CreateObject() in E:\Projekte\Kistl\Tests\Kistl.Client.Tests\Mocks\ObjectHarness.cs:Zeile 80.
bei Kistl.Client.Mocks.ObjectHarness`1.SetUp() in E:\Projekte\Kistl\Tests\Kistl.Client.Tests\Mocks\ObjectHarness.cs:Zeile 27.
bei Kistl.Client.Mocks.TestObjectHarness.SetUp() in E:\Projekte\Kistl\Tests\Kistl.Client.Tests\Mocks\ObjectHarness.cs:Zeile 55.
bei Kistl.GUI.Tests.PresenterTests`4.SetUp() in E:\Projekte\Kistl\Tests\Kistl.Client.Tests\GUI\PresenterTests.cs:Zeile 95.
]]></stack-trace>
                            </failure>
                          </test-case>
                          <test-case name="Kistl.GUI.Tests.IntPresenterTests.TestPresenterSetUpCorrect" executed="True" success="False" time="0.000" asserts="0">
                            <failure>
                              <message><![CDATA[NMock2.Internal.ExpectationException : unexpected invocation of MockContext.ContainsObject(<Kistl.App.Base.ObjectReferenceProperty>, <94>)
Expected:
Stubs:
  Stub: MockContext.Find(equal to <97>), will return <Kistl.App.Base.Module> [called 0 times]
  Stub: MockContext.ContainsObject(equal to <Kistl.App.Base.Module>, equal to <97>), will return <Kistl.App.Base.Module> [called 2 times]
  Stub: MockContext.Find(equal to <98>), will return <Kistl.App.Base.ObjectClass> [called 0 times]
  Stub: MockContext.ContainsObject(equal to <Kistl.App.Base.ObjectClass>, equal to <98>), will return <Kistl.App.Base.ObjectClass> [called 2 times]
  Stub: MockContext.Find(equal to <95>), will return <Kistl.App.Base.Module> [called 0 times]
  Stub: MockContext.ContainsObject(equal to <Kistl.App.Base.Module>, equal to <95>), will return <Kistl.App.Base.Module> [called 2 times]
  Stub: MockContext.Find(equal to <96>), will return <Kistl.App.Base.ObjectClass> [called 0 times]
  Stub: MockContext.ContainsObject(equal to <Kistl.App.Base.ObjectClass>, equal to <96>), will return <Kistl.App.Base.ObjectClass> [called 2 times]
]]></message>
                              <stack-trace><![CDATA[bei NMock2.Mockery.FailUnexpectedInvocation(Invocation invocation) in E:\Projekte\Kistl\Tests\NMock2\Mockery.cs:Zeile 184.
bei NMock2.Mockery.Dispatch(Invocation invocation) in E:\Projekte\Kistl\Tests\NMock2\Mockery.cs:Zeile 88.
bei NMock2.Internal.MockObject.Invoke(Invocation invocation) in E:\Projekte\Kistl\Tests\NMock2\Internal\MockObject.cs:Zeile 30.
bei NMock2.Monitoring.Invoker.Invoke(Invocation invocation) in E:\Projekte\Kistl\Tests\NMock2\Monitoring\Invoker.cs:Zeile 26.
bei NMock2.Monitoring.ProxiedObjectIdentity.Invoke(Invocation invocation) in E:\Projekte\Kistl\Tests\NMock2\Monitoring\ProxiedObjectIdentity.cs:Zeile 35.
bei NMock2.Monitoring.ProxyInvokableAdapter.Invoke(IMessage msg) in E:\Projekte\Kistl\Tests\NMock2\Monitoring\ProxyInvokableAdapter.cs:Zeile 27.
bei System.Runtime.Remoting.Proxies.RealProxy.PrivateInvoke(MessageData& msgData, Int32 type)
bei Kistl.API.IKistlContext.ContainsObject(Type type, Int32 ID)
bei Kistl.API.Client.BaseClientPersistenceObject.AttachToContext(IKistlContext ctx) in E:\Projekte\Kistl\Kistl.API.Client\BaseClientDataObject.cs:Zeile 51.
bei Kistl.App.Base.BaseProperty.AttachToContext(IKistlContext ctx) in E:\Projekte\Kistl\Kistl.Objects.Client\BaseProperty.Client.Designer.cs:Zeile 197.
bei Kistl.App.Base.Property.AttachToContext(IKistlContext ctx) in E:\Projekte\Kistl\Kistl.Objects.Client\Property.Client.Designer.cs:Zeile 115.
bei Kistl.App.Base.ObjectReferenceProperty.AttachToContext(IKistlContext ctx) in E:\Projekte\Kistl\Kistl.Objects.Client\ObjectReferenceProperty.Client.Designer.cs:Zeile 109.
bei Kistl.Client.Mocks.TestObject..ctor() in E:\Projekte\Kistl\Tests\Kistl.Client.Tests\Mocks\TestObject.cs:Zeile 25.
bei Kistl.Client.Mocks.TestObjectHarness.CreateObject() in E:\Projekte\Kistl\Tests\Kistl.Client.Tests\Mocks\ObjectHarness.cs:Zeile 80.
bei Kistl.Client.Mocks.ObjectHarness`1.SetUp() in E:\Projekte\Kistl\Tests\Kistl.Client.Tests\Mocks\ObjectHarness.cs:Zeile 27.
bei Kistl.Client.Mocks.TestObjectHarness.SetUp() in E:\Projekte\Kistl\Tests\Kistl.Client.Tests\Mocks\ObjectHarness.cs:Zeile 55.
bei Kistl.GUI.Tests.PresenterTests`4.SetUp() in E:\Projekte\Kistl\Tests\Kistl.Client.Tests\GUI\PresenterTests.cs:Zeile 95.
]]></stack-trace>
                            </failure>
                          </test-case>
                        </results>
                      </test-suite>
                      <test-suite name="ObjectListPresenterTests" success="False" time="0.016" asserts="0">
                        <failure>
                          <message><![CDATA[System.TypeInitializationException : Der Typeninitialisierer für Kistl.GUI.Tests.TestObjectValues hat eine Ausnahme verursacht.
  ----> NMock2.Internal.ExpectationException : unexpected invocation of MockContext.ContainsObject(<Kistl.App.Base.ObjectReferenceProperty>, <94>)
Expected:
Stubs:
  Stub: MockContext.Find(equal to <97>), will return <Kistl.App.Base.Module> [called 0 times]
  Stub: MockContext.ContainsObject(equal to <Kistl.App.Base.Module>, equal to <97>), will return <Kistl.App.Base.Module> [called 2 times]
  Stub: MockContext.Find(equal to <98>), will return <Kistl.App.Base.ObjectClass> [called 0 times]
  Stub: MockContext.ContainsObject(equal to <Kistl.App.Base.ObjectClass>, equal to <98>), will return <Kistl.App.Base.ObjectClass> [called 2 times]
  Stub: MockContext.Find(equal to <95>), will return <Kistl.App.Base.Module> [called 0 times]
  Stub: MockContext.ContainsObject(equal to <Kistl.App.Base.Module>, equal to <95>), will return <Kistl.App.Base.Module> [called 2 times]
  Stub: MockContext.Find(equal to <96>), will return <Kistl.App.Base.ObjectClass> [called 0 times]
  Stub: MockContext.ContainsObject(equal to <Kistl.App.Base.ObjectClass>, equal to <96>), will return <Kistl.App.Base.ObjectClass> [called 2 times]
]]></message>
                          <stack-trace><![CDATA[bei Kistl.GUI.Tests.TestObjectValues.get_TestValues()
bei Kistl.GUI.Tests.ObjectListPresenterTests..ctor() in E:\Projekte\Kistl\Tests\Kistl.Client.Tests\GUI\ObjectPresenterTests.cs:Zeile 226.
--ExpectationException
bei NMock2.Mockery.FailUnexpectedInvocation(Invocation invocation) in E:\Projekte\Kistl\Tests\NMock2\Mockery.cs:Zeile 184.
bei NMock2.Mockery.Dispatch(Invocation invocation) in E:\Projekte\Kistl\Tests\NMock2\Mockery.cs:Zeile 88.
bei NMock2.Internal.MockObject.Invoke(Invocation invocation) in E:\Projekte\Kistl\Tests\NMock2\Internal\MockObject.cs:Zeile 30.
bei NMock2.Monitoring.Invoker.Invoke(Invocation invocation) in E:\Projekte\Kistl\Tests\NMock2\Monitoring\Invoker.cs:Zeile 26.
bei NMock2.Monitoring.ProxiedObjectIdentity.Invoke(Invocation invocation) in E:\Projekte\Kistl\Tests\NMock2\Monitoring\ProxiedObjectIdentity.cs:Zeile 35.
bei NMock2.Monitoring.ProxyInvokableAdapter.Invoke(IMessage msg) in E:\Projekte\Kistl\Tests\NMock2\Monitoring\ProxyInvokableAdapter.cs:Zeile 27.
bei System.Runtime.Remoting.Proxies.RealProxy.PrivateInvoke(MessageData& msgData, Int32 type)
bei Kistl.API.IKistlContext.ContainsObject(Type type, Int32 ID)
bei Kistl.API.Client.BaseClientPersistenceObject.AttachToContext(IKistlContext ctx) in E:\Projekte\Kistl\Kistl.API.Client\BaseClientDataObject.cs:Zeile 51.
bei Kistl.App.Base.BaseProperty.AttachToContext(IKistlContext ctx) in E:\Projekte\Kistl\Kistl.Objects.Client\BaseProperty.Client.Designer.cs:Zeile 197.
bei Kistl.App.Base.Property.AttachToContext(IKistlContext ctx) in E:\Projekte\Kistl\Kistl.Objects.Client\Property.Client.Designer.cs:Zeile 115.
bei Kistl.App.Base.ObjectReferenceProperty.AttachToContext(IKistlContext ctx) in E:\Projekte\Kistl\Kistl.Objects.Client\ObjectReferenceProperty.Client.Designer.cs:Zeile 109.
bei Kistl.Client.Mocks.TestObject..ctor() in E:\Projekte\Kistl\Tests\Kistl.Client.Tests\Mocks\TestObject.cs:Zeile 25.
bei Kistl.GUI.Tests.TestObjectValues..ctor() in E:\Projekte\Kistl\Tests\Kistl.Client.Tests\GUI\ObjectPresenterTests.cs:Zeile 48.
bei Kistl.GUI.Tests.TestObjectValues..cctor() in E:\Projekte\Kistl\Tests\Kistl.Client.Tests\GUI\ObjectPresenterTests.cs:Zeile 42.
]]></stack-trace>
                        </failure>
                        <results>
                          <test-case name="Kistl.GUI.Tests.ObjectListPresenterTests.HandleInvalidUserInput" executed="True" success="False" time="0.000" asserts="0">
                            <failure>
                              <message><![CDATA[TestFixtureSetUp failed in ObjectListPresenterTests]]></message>
                              <stack-trace />
                            </failure>
                          </test-case>
                          <test-case name="Kistl.GUI.Tests.ObjectListPresenterTests.HandleNoUserInput" executed="True" success="False" time="0.000" asserts="0">
                            <failure>
                              <message><![CDATA[TestFixtureSetUp failed in ObjectListPresenterTests]]></message>
                              <stack-trace />
                            </failure>
                          </test-case>
                          <test-case name="Kistl.GUI.Tests.ObjectListPresenterTests.HandleNullUserInput" executed="True" success="False" time="0.000" asserts="0">
                            <failure>
                              <message><![CDATA[TestFixtureSetUp failed in ObjectListPresenterTests]]></message>
                              <stack-trace />
                            </failure>
                          </test-case>
                          <test-case name="Kistl.GUI.Tests.ObjectListPresenterTests.HandleProgrammaticChange" executed="True" success="False" time="0.000" asserts="0">
                            <failure>
                              <message><![CDATA[TestFixtureSetUp failed in ObjectListPresenterTests]]></message>
                              <stack-trace />
                            </failure>
                          </test-case>
                          <test-case name="Kistl.GUI.Tests.ObjectListPresenterTests.HandleValidUserInput" executed="True" success="False" time="0.000" asserts="0">
                            <failure>
                              <message><![CDATA[TestFixtureSetUp failed in ObjectListPresenterTests]]></message>
                              <stack-trace />
                            </failure>
                          </test-case>
                          <test-case name="Kistl.GUI.Tests.ObjectListPresenterTests.ReInit" executed="True" success="False" time="0.000" asserts="0">
                            <failure>
                              <message><![CDATA[TestFixtureSetUp failed in ObjectListPresenterTests]]></message>
                              <stack-trace />
                            </failure>
                          </test-case>
                          <test-case name="Kistl.GUI.Tests.ObjectListPresenterTests.TestPresenterSetUpCorrect" executed="True" success="False" time="0.000" asserts="0">
                            <failure>
                              <message><![CDATA[TestFixtureSetUp failed in ObjectListPresenterTests]]></message>
                              <stack-trace />
                            </failure>
                          </test-case>
                        </results>
                      </test-suite>
                      <test-suite name="ObjectReferencePresenterTests" success="False" time="0.016" asserts="0">
                        <failure>
                          <message><![CDATA[System.TypeInitializationException : Der Typeninitialisierer für Kistl.GUI.Tests.TestObjectValues hat eine Ausnahme verursacht.
  ----> NMock2.Internal.ExpectationException : unexpected invocation of MockContext.ContainsObject(<Kistl.App.Base.ObjectReferenceProperty>, <94>)
Expected:
Stubs:
  Stub: MockContext.Find(equal to <97>), will return <Kistl.App.Base.Module> [called 0 times]
  Stub: MockContext.ContainsObject(equal to <Kistl.App.Base.Module>, equal to <97>), will return <Kistl.App.Base.Module> [called 2 times]
  Stub: MockContext.Find(equal to <98>), will return <Kistl.App.Base.ObjectClass> [called 0 times]
  Stub: MockContext.ContainsObject(equal to <Kistl.App.Base.ObjectClass>, equal to <98>), will return <Kistl.App.Base.ObjectClass> [called 2 times]
  Stub: MockContext.Find(equal to <95>), will return <Kistl.App.Base.Module> [called 0 times]
  Stub: MockContext.ContainsObject(equal to <Kistl.App.Base.Module>, equal to <95>), will return <Kistl.App.Base.Module> [called 2 times]
  Stub: MockContext.Find(equal to <96>), will return <Kistl.App.Base.ObjectClass> [called 0 times]
  Stub: MockContext.ContainsObject(equal to <Kistl.App.Base.ObjectClass>, equal to <96>), will return <Kistl.App.Base.ObjectClass> [called 2 times]
]]></message>
                          <stack-trace><![CDATA[bei Kistl.GUI.Tests.TestObjectValues.get_TestValues()
bei Kistl.GUI.Tests.ObjectReferencePresenterTests..ctor() in E:\Projekte\Kistl\Tests\Kistl.Client.Tests\GUI\ObjectPresenterTests.cs:Zeile 124.
--ExpectationException
bei NMock2.Mockery.FailUnexpectedInvocation(Invocation invocation) in E:\Projekte\Kistl\Tests\NMock2\Mockery.cs:Zeile 184.
bei NMock2.Mockery.Dispatch(Invocation invocation) in E:\Projekte\Kistl\Tests\NMock2\Mockery.cs:Zeile 88.
bei NMock2.Internal.MockObject.Invoke(Invocation invocation) in E:\Projekte\Kistl\Tests\NMock2\Internal\MockObject.cs:Zeile 30.
bei NMock2.Monitoring.Invoker.Invoke(Invocation invocation) in E:\Projekte\Kistl\Tests\NMock2\Monitoring\Invoker.cs:Zeile 26.
bei NMock2.Monitoring.ProxiedObjectIdentity.Invoke(Invocation invocation) in E:\Projekte\Kistl\Tests\NMock2\Monitoring\ProxiedObjectIdentity.cs:Zeile 35.
bei NMock2.Monitoring.ProxyInvokableAdapter.Invoke(IMessage msg) in E:\Projekte\Kistl\Tests\NMock2\Monitoring\ProxyInvokableAdapter.cs:Zeile 27.
bei System.Runtime.Remoting.Proxies.RealProxy.PrivateInvoke(MessageData& msgData, Int32 type)
bei Kistl.API.IKistlContext.ContainsObject(Type type, Int32 ID)
bei Kistl.API.Client.BaseClientPersistenceObject.AttachToContext(IKistlContext ctx) in E:\Projekte\Kistl\Kistl.API.Client\BaseClientDataObject.cs:Zeile 51.
bei Kistl.App.Base.BaseProperty.AttachToContext(IKistlContext ctx) in E:\Projekte\Kistl\Kistl.Objects.Client\BaseProperty.Client.Designer.cs:Zeile 197.
bei Kistl.App.Base.Property.AttachToContext(IKistlContext ctx) in E:\Projekte\Kistl\Kistl.Objects.Client\Property.Client.Designer.cs:Zeile 115.
bei Kistl.App.Base.ObjectReferenceProperty.AttachToContext(IKistlContext ctx) in E:\Projekte\Kistl\Kistl.Objects.Client\ObjectReferenceProperty.Client.Designer.cs:Zeile 109.
bei Kistl.Client.Mocks.TestObject..ctor() in E:\Projekte\Kistl\Tests\Kistl.Client.Tests\Mocks\TestObject.cs:Zeile 25.
bei Kistl.GUI.Tests.TestObjectValues..ctor() in E:\Projekte\Kistl\Tests\Kistl.Client.Tests\GUI\ObjectPresenterTests.cs:Zeile 48.
bei Kistl.GUI.Tests.TestObjectValues..cctor() in E:\Projekte\Kistl\Tests\Kistl.Client.Tests\GUI\ObjectPresenterTests.cs:Zeile 42.
]]></stack-trace>
                        </failure>
                        <results>
                          <test-case name="Kistl.GUI.Tests.ObjectReferencePresenterTests.HandleInvalidUserInput" executed="True" success="False" time="0.000" asserts="0">
                            <failure>
                              <message><![CDATA[TestFixtureSetUp failed in ObjectReferencePresenterTests]]></message>
                              <stack-trace />
                            </failure>
                          </test-case>
                          <test-case name="Kistl.GUI.Tests.ObjectReferencePresenterTests.HandleNoUserInput" executed="True" success="False" time="0.000" asserts="0">
                            <failure>
                              <message><![CDATA[TestFixtureSetUp failed in ObjectReferencePresenterTests]]></message>
                              <stack-trace />
                            </failure>
                          </test-case>
                          <test-case name="Kistl.GUI.Tests.ObjectReferencePresenterTests.HandleNullUserInput" executed="True" success="False" time="0.000" asserts="0">
                            <failure>
                              <message><![CDATA[TestFixtureSetUp failed in ObjectReferencePresenterTests]]></message>
                              <stack-trace />
                            </failure>
                          </test-case>
                          <test-case name="Kistl.GUI.Tests.ObjectReferencePresenterTests.HandleProgrammaticChange" executed="True" success="False" time="0.000" asserts="0">
                            <failure>
                              <message><![CDATA[TestFixtureSetUp failed in ObjectReferencePresenterTests]]></message>
                              <stack-trace />
                            </failure>
                          </test-case>
                          <test-case name="Kistl.GUI.Tests.ObjectReferencePresenterTests.HandleValidUserInput" executed="True" success="False" time="0.000" asserts="0">
                            <failure>
                              <message><![CDATA[TestFixtureSetUp failed in ObjectReferencePresenterTests]]></message>
                              <stack-trace />
                            </failure>
                          </test-case>
                          <test-case name="Kistl.GUI.Tests.ObjectReferencePresenterTests.ReInit" executed="True" success="False" time="0.000" asserts="0">
                            <failure>
                              <message><![CDATA[TestFixtureSetUp failed in ObjectReferencePresenterTests]]></message>
                              <stack-trace />
                            </failure>
                          </test-case>
                          <test-case name="Kistl.GUI.Tests.ObjectReferencePresenterTests.TestGenerics" executed="True" success="False" time="0.000" asserts="0">
                            <failure>
                              <message><![CDATA[TestFixtureSetUp failed in ObjectReferencePresenterTests]]></message>
                              <stack-trace />
                            </failure>
                          </test-case>
                          <test-case name="Kistl.GUI.Tests.ObjectReferencePresenterTests.TestPresenterSetUpCorrect" executed="True" success="False" time="0.000" asserts="0">
                            <failure>
                              <message><![CDATA[TestFixtureSetUp failed in ObjectReferencePresenterTests]]></message>
                              <stack-trace />
                            </failure>
                          </test-case>
                        </results>
                      </test-suite>
                      <test-suite name="RendererTests" success="False" time="0.000" asserts="0">
                        <results>
                          <test-case name="Kistl.GUI.Tests.RendererTests.TestCreateControl" executed="True" success="False" time="0.000" asserts="1">
                            <failure>
                              <message><![CDATA[NMock2.Internal.ExpectationException : unexpected invocation of MockContext.ContainsObject(<Kistl.App.Base.ObjectReferenceProperty>, <94>)
Expected:
Stubs:
  Stub: MockContext.Find(equal to <97>), will return <Kistl.App.Base.Module> [called 0 times]
  Stub: MockContext.ContainsObject(equal to <Kistl.App.Base.Module>, equal to <97>), will return <Kistl.App.Base.Module> [called 2 times]
  Stub: MockContext.Find(equal to <98>), will return <Kistl.App.Base.ObjectClass> [called 0 times]
  Stub: MockContext.ContainsObject(equal to <Kistl.App.Base.ObjectClass>, equal to <98>), will return <Kistl.App.Base.ObjectClass> [called 2 times]
  Stub: MockContext.Find(equal to <95>), will return <Kistl.App.Base.Module> [called 0 times]
  Stub: MockContext.ContainsObject(equal to <Kistl.App.Base.Module>, equal to <95>), will return <Kistl.App.Base.Module> [called 2 times]
  Stub: MockContext.Find(equal to <96>), will return <Kistl.App.Base.ObjectClass> [called 0 times]
  Stub: MockContext.ContainsObject(equal to <Kistl.App.Base.ObjectClass>, equal to <96>), will return <Kistl.App.Base.ObjectClass> [called 2 times]
]]></message>
                              <stack-trace><![CDATA[bei NMock2.Mockery.FailUnexpectedInvocation(Invocation invocation) in E:\Projekte\Kistl\Tests\NMock2\Mockery.cs:Zeile 184.
bei NMock2.Mockery.Dispatch(Invocation invocation) in E:\Projekte\Kistl\Tests\NMock2\Mockery.cs:Zeile 88.
bei NMock2.Internal.MockObject.Invoke(Invocation invocation) in E:\Projekte\Kistl\Tests\NMock2\Internal\MockObject.cs:Zeile 30.
bei NMock2.Monitoring.Invoker.Invoke(Invocation invocation) in E:\Projekte\Kistl\Tests\NMock2\Monitoring\Invoker.cs:Zeile 26.
bei NMock2.Monitoring.ProxiedObjectIdentity.Invoke(Invocation invocation) in E:\Projekte\Kistl\Tests\NMock2\Monitoring\ProxiedObjectIdentity.cs:Zeile 35.
bei NMock2.Monitoring.ProxyInvokableAdapter.Invoke(IMessage msg) in E:\Projekte\Kistl\Tests\NMock2\Monitoring\ProxyInvokableAdapter.cs:Zeile 27.
bei System.Runtime.Remoting.Proxies.RealProxy.PrivateInvoke(MessageData& msgData, Int32 type)
bei Kistl.API.IKistlContext.ContainsObject(Type type, Int32 ID)
bei Kistl.API.Client.BaseClientPersistenceObject.AttachToContext(IKistlContext ctx) in E:\Projekte\Kistl\Kistl.API.Client\BaseClientDataObject.cs:Zeile 51.
bei Kistl.App.Base.BaseProperty.AttachToContext(IKistlContext ctx) in E:\Projekte\Kistl\Kistl.Objects.Client\BaseProperty.Client.Designer.cs:Zeile 197.
bei Kistl.App.Base.Property.AttachToContext(IKistlContext ctx) in E:\Projekte\Kistl\Kistl.Objects.Client\Property.Client.Designer.cs:Zeile 115.
bei Kistl.App.Base.ObjectReferenceProperty.AttachToContext(IKistlContext ctx) in E:\Projekte\Kistl\Kistl.Objects.Client\ObjectReferenceProperty.Client.Designer.cs:Zeile 109.
bei Kistl.Client.Mocks.TestObject..ctor() in E:\Projekte\Kistl\Tests\Kistl.Client.Tests\Mocks\TestObject.cs:Zeile 25.
bei Kistl.GUI.Tests.RendererTests.TestCreateControl() in E:\Projekte\Kistl\Tests\Kistl.Client.Tests\GUI\RendererTests.cs:Zeile 20.
]]></stack-trace>
                            </failure>
                          </test-case>
                          <test-case name="Kistl.GUI.Tests.RendererTests.TestCreateObjectControl" executed="True" success="False" time="0.000" asserts="0">
                            <failure>
                              <message><![CDATA[NMock2.Internal.ExpectationException : unexpected invocation of MockContext.ContainsObject(<Kistl.App.Base.ObjectReferenceProperty>, <94>)
Expected:
Stubs:
  Stub: MockContext.Find(equal to <97>), will return <Kistl.App.Base.Module> [called 0 times]
  Stub: MockContext.ContainsObject(equal to <Kistl.App.Base.Module>, equal to <97>), will return <Kistl.App.Base.Module> [called 2 times]
  Stub: MockContext.Find(equal to <98>), will return <Kistl.App.Base.ObjectClass> [called 0 times]
  Stub: MockContext.ContainsObject(equal to <Kistl.App.Base.ObjectClass>, equal to <98>), will return <Kistl.App.Base.ObjectClass> [called 2 times]
  Stub: MockContext.Find(equal to <95>), will return <Kistl.App.Base.Module> [called 0 times]
  Stub: MockContext.ContainsObject(equal to <Kistl.App.Base.Module>, equal to <95>), will return <Kistl.App.Base.Module> [called 2 times]
  Stub: MockContext.Find(equal to <96>), will return <Kistl.App.Base.ObjectClass> [called 0 times]
  Stub: MockContext.ContainsObject(equal to <Kistl.App.Base.ObjectClass>, equal to <96>), will return <Kistl.App.Base.ObjectClass> [called 2 times]
]]></message>
                              <stack-trace><![CDATA[bei NMock2.Mockery.FailUnexpectedInvocation(Invocation invocation) in E:\Projekte\Kistl\Tests\NMock2\Mockery.cs:Zeile 184.
bei NMock2.Mockery.Dispatch(Invocation invocation) in E:\Projekte\Kistl\Tests\NMock2\Mockery.cs:Zeile 88.
bei NMock2.Internal.MockObject.Invoke(Invocation invocation) in E:\Projekte\Kistl\Tests\NMock2\Internal\MockObject.cs:Zeile 30.
bei NMock2.Monitoring.Invoker.Invoke(Invocation invocation) in E:\Projekte\Kistl\Tests\NMock2\Monitoring\Invoker.cs:Zeile 26.
bei NMock2.Monitoring.ProxiedObjectIdentity.Invoke(Invocation invocation) in E:\Projekte\Kistl\Tests\NMock2\Monitoring\ProxiedObjectIdentity.cs:Zeile 35.
bei NMock2.Monitoring.ProxyInvokableAdapter.Invoke(IMessage msg) in E:\Projekte\Kistl\Tests\NMock2\Monitoring\ProxyInvokableAdapter.cs:Zeile 27.
bei System.Runtime.Remoting.Proxies.RealProxy.PrivateInvoke(MessageData& msgData, Int32 type)
bei Kistl.API.IKistlContext.ContainsObject(Type type, Int32 ID)
bei Kistl.API.Client.BaseClientPersistenceObject.AttachToContext(IKistlContext ctx) in E:\Projekte\Kistl\Kistl.API.Client\BaseClientDataObject.cs:Zeile 51.
bei Kistl.App.Base.BaseProperty.AttachToContext(IKistlContext ctx) in E:\Projekte\Kistl\Kistl.Objects.Client\BaseProperty.Client.Designer.cs:Zeile 197.
bei Kistl.App.Base.Property.AttachToContext(IKistlContext ctx) in E:\Projekte\Kistl\Kistl.Objects.Client\Property.Client.Designer.cs:Zeile 115.
bei Kistl.App.Base.ObjectReferenceProperty.AttachToContext(IKistlContext ctx) in E:\Projekte\Kistl\Kistl.Objects.Client\ObjectReferenceProperty.Client.Designer.cs:Zeile 109.
bei Kistl.Client.Mocks.TestObject..ctor() in E:\Projekte\Kistl\Tests\Kistl.Client.Tests\Mocks\TestObject.cs:Zeile 25.
bei Kistl.GUI.Tests.RendererTests.TestCreateObjectControl() in E:\Projekte\Kistl\Tests\Kistl.Client.Tests\GUI\RendererTests.cs:Zeile 30.
]]></stack-trace>
                            </failure>
                          </test-case>
                        </results>
                      </test-suite>
                      <test-suite name="StringPresenterTests" success="False" time="0.047" asserts="2">
                        <results>
                          <test-case name="Kistl.GUI.Tests.StringPresenterTests.HandleInvalidUserInput" executed="True" success="False" time="0.000" asserts="0">
                            <failure>
                              <message><![CDATA[NMock2.Internal.ExpectationException : unexpected invocation of MockContext.ContainsObject(<Kistl.App.Base.ObjectReferenceProperty>, <94>)
Expected:
Stubs:
  Stub: MockContext.Find(equal to <97>), will return <Kistl.App.Base.Module> [called 0 times]
  Stub: MockContext.ContainsObject(equal to <Kistl.App.Base.Module>, equal to <97>), will return <Kistl.App.Base.Module> [called 2 times]
  Stub: MockContext.Find(equal to <98>), will return <Kistl.App.Base.ObjectClass> [called 0 times]
  Stub: MockContext.ContainsObject(equal to <Kistl.App.Base.ObjectClass>, equal to <98>), will return <Kistl.App.Base.ObjectClass> [called 2 times]
  Stub: MockContext.Find(equal to <95>), will return <Kistl.App.Base.Module> [called 0 times]
  Stub: MockContext.ContainsObject(equal to <Kistl.App.Base.Module>, equal to <95>), will return <Kistl.App.Base.Module> [called 2 times]
  Stub: MockContext.Find(equal to <96>), will return <Kistl.App.Base.ObjectClass> [called 0 times]
  Stub: MockContext.ContainsObject(equal to <Kistl.App.Base.ObjectClass>, equal to <96>), will return <Kistl.App.Base.ObjectClass> [called 2 times]
]]></message>
                              <stack-trace><![CDATA[bei NMock2.Mockery.FailUnexpectedInvocation(Invocation invocation) in E:\Projekte\Kistl\Tests\NMock2\Mockery.cs:Zeile 184.
bei NMock2.Mockery.Dispatch(Invocation invocation) in E:\Projekte\Kistl\Tests\NMock2\Mockery.cs:Zeile 88.
bei NMock2.Internal.MockObject.Invoke(Invocation invocation) in E:\Projekte\Kistl\Tests\NMock2\Internal\MockObject.cs:Zeile 30.
bei NMock2.Monitoring.Invoker.Invoke(Invocation invocation) in E:\Projekte\Kistl\Tests\NMock2\Monitoring\Invoker.cs:Zeile 26.
bei NMock2.Monitoring.ProxiedObjectIdentity.Invoke(Invocation invocation) in E:\Projekte\Kistl\Tests\NMock2\Monitoring\ProxiedObjectIdentity.cs:Zeile 35.
bei NMock2.Monitoring.ProxyInvokableAdapter.Invoke(IMessage msg) in E:\Projekte\Kistl\Tests\NMock2\Monitoring\ProxyInvokableAdapter.cs:Zeile 27.
bei System.Runtime.Remoting.Proxies.RealProxy.PrivateInvoke(MessageData& msgData, Int32 type)
bei Kistl.API.IKistlContext.ContainsObject(Type type, Int32 ID)
bei Kistl.API.Client.BaseClientPersistenceObject.AttachToContext(IKistlContext ctx) in E:\Projekte\Kistl\Kistl.API.Client\BaseClientDataObject.cs:Zeile 51.
bei Kistl.App.Base.BaseProperty.AttachToContext(IKistlContext ctx) in E:\Projekte\Kistl\Kistl.Objects.Client\BaseProperty.Client.Designer.cs:Zeile 197.
bei Kistl.App.Base.Property.AttachToContext(IKistlContext ctx) in E:\Projekte\Kistl\Kistl.Objects.Client\Property.Client.Designer.cs:Zeile 115.
bei Kistl.App.Base.ObjectReferenceProperty.AttachToContext(IKistlContext ctx) in E:\Projekte\Kistl\Kistl.Objects.Client\ObjectReferenceProperty.Client.Designer.cs:Zeile 109.
bei Kistl.Client.Mocks.TestObject..ctor() in E:\Projekte\Kistl\Tests\Kistl.Client.Tests\Mocks\TestObject.cs:Zeile 25.
bei Kistl.Client.Mocks.TestObjectHarness.CreateObject() in E:\Projekte\Kistl\Tests\Kistl.Client.Tests\Mocks\ObjectHarness.cs:Zeile 80.
bei Kistl.Client.Mocks.ObjectHarness`1.SetUp() in E:\Projekte\Kistl\Tests\Kistl.Client.Tests\Mocks\ObjectHarness.cs:Zeile 27.
bei Kistl.Client.Mocks.TestObjectHarness.SetUp() in E:\Projekte\Kistl\Tests\Kistl.Client.Tests\Mocks\ObjectHarness.cs:Zeile 55.
bei Kistl.GUI.Tests.PresenterTests`4.SetUp() in E:\Projekte\Kistl\Tests\Kistl.Client.Tests\GUI\PresenterTests.cs:Zeile 95.
]]></stack-trace>
                            </failure>
                          </test-case>
                          <test-case name="Kistl.GUI.Tests.StringPresenterTests.HandleNoUserInput" executed="True" success="False" time="0.000" asserts="0">
                            <failure>
                              <message><![CDATA[NMock2.Internal.ExpectationException : unexpected invocation of MockContext.ContainsObject(<Kistl.App.Base.ObjectReferenceProperty>, <94>)
Expected:
Stubs:
  Stub: MockContext.Find(equal to <97>), will return <Kistl.App.Base.Module> [called 0 times]
  Stub: MockContext.ContainsObject(equal to <Kistl.App.Base.Module>, equal to <97>), will return <Kistl.App.Base.Module> [called 2 times]
  Stub: MockContext.Find(equal to <98>), will return <Kistl.App.Base.ObjectClass> [called 0 times]
  Stub: MockContext.ContainsObject(equal to <Kistl.App.Base.ObjectClass>, equal to <98>), will return <Kistl.App.Base.ObjectClass> [called 2 times]
  Stub: MockContext.Find(equal to <95>), will return <Kistl.App.Base.Module> [called 0 times]
  Stub: MockContext.ContainsObject(equal to <Kistl.App.Base.Module>, equal to <95>), will return <Kistl.App.Base.Module> [called 2 times]
  Stub: MockContext.Find(equal to <96>), will return <Kistl.App.Base.ObjectClass> [called 0 times]
  Stub: MockContext.ContainsObject(equal to <Kistl.App.Base.ObjectClass>, equal to <96>), will return <Kistl.App.Base.ObjectClass> [called 2 times]
]]></message>
                              <stack-trace><![CDATA[bei NMock2.Mockery.FailUnexpectedInvocation(Invocation invocation) in E:\Projekte\Kistl\Tests\NMock2\Mockery.cs:Zeile 184.
bei NMock2.Mockery.Dispatch(Invocation invocation) in E:\Projekte\Kistl\Tests\NMock2\Mockery.cs:Zeile 88.
bei NMock2.Internal.MockObject.Invoke(Invocation invocation) in E:\Projekte\Kistl\Tests\NMock2\Internal\MockObject.cs:Zeile 30.
bei NMock2.Monitoring.Invoker.Invoke(Invocation invocation) in E:\Projekte\Kistl\Tests\NMock2\Monitoring\Invoker.cs:Zeile 26.
bei NMock2.Monitoring.ProxiedObjectIdentity.Invoke(Invocation invocation) in E:\Projekte\Kistl\Tests\NMock2\Monitoring\ProxiedObjectIdentity.cs:Zeile 35.
bei NMock2.Monitoring.ProxyInvokableAdapter.Invoke(IMessage msg) in E:\Projekte\Kistl\Tests\NMock2\Monitoring\ProxyInvokableAdapter.cs:Zeile 27.
bei System.Runtime.Remoting.Proxies.RealProxy.PrivateInvoke(MessageData& msgData, Int32 type)
bei Kistl.API.IKistlContext.ContainsObject(Type type, Int32 ID)
bei Kistl.API.Client.BaseClientPersistenceObject.AttachToContext(IKistlContext ctx) in E:\Projekte\Kistl\Kistl.API.Client\BaseClientDataObject.cs:Zeile 51.
bei Kistl.App.Base.BaseProperty.AttachToContext(IKistlContext ctx) in E:\Projekte\Kistl\Kistl.Objects.Client\BaseProperty.Client.Designer.cs:Zeile 197.
bei Kistl.App.Base.Property.AttachToContext(IKistlContext ctx) in E:\Projekte\Kistl\Kistl.Objects.Client\Property.Client.Designer.cs:Zeile 115.
bei Kistl.App.Base.ObjectReferenceProperty.AttachToContext(IKistlContext ctx) in E:\Projekte\Kistl\Kistl.Objects.Client\ObjectReferenceProperty.Client.Designer.cs:Zeile 109.
bei Kistl.Client.Mocks.TestObject..ctor() in E:\Projekte\Kistl\Tests\Kistl.Client.Tests\Mocks\TestObject.cs:Zeile 25.
bei Kistl.Client.Mocks.TestObjectHarness.CreateObject() in E:\Projekte\Kistl\Tests\Kistl.Client.Tests\Mocks\ObjectHarness.cs:Zeile 80.
bei Kistl.Client.Mocks.ObjectHarness`1.SetUp() in E:\Projekte\Kistl\Tests\Kistl.Client.Tests\Mocks\ObjectHarness.cs:Zeile 27.
bei Kistl.Client.Mocks.TestObjectHarness.SetUp() in E:\Projekte\Kistl\Tests\Kistl.Client.Tests\Mocks\ObjectHarness.cs:Zeile 55.
bei Kistl.GUI.Tests.PresenterTests`4.SetUp() in E:\Projekte\Kistl\Tests\Kistl.Client.Tests\GUI\PresenterTests.cs:Zeile 95.
]]></stack-trace>
                            </failure>
                          </test-case>
                          <test-case name="Kistl.GUI.Tests.StringPresenterTests.HandleNullUserInput" executed="True" success="False" time="0.000" asserts="0">
                            <failure>
                              <message><![CDATA[NMock2.Internal.ExpectationException : unexpected invocation of MockContext.ContainsObject(<Kistl.App.Base.ObjectReferenceProperty>, <94>)
Expected:
Stubs:
  Stub: MockContext.Find(equal to <97>), will return <Kistl.App.Base.Module> [called 0 times]
  Stub: MockContext.ContainsObject(equal to <Kistl.App.Base.Module>, equal to <97>), will return <Kistl.App.Base.Module> [called 2 times]
  Stub: MockContext.Find(equal to <98>), will return <Kistl.App.Base.ObjectClass> [called 0 times]
  Stub: MockContext.ContainsObject(equal to <Kistl.App.Base.ObjectClass>, equal to <98>), will return <Kistl.App.Base.ObjectClass> [called 2 times]
  Stub: MockContext.Find(equal to <95>), will return <Kistl.App.Base.Module> [called 0 times]
  Stub: MockContext.ContainsObject(equal to <Kistl.App.Base.Module>, equal to <95>), will return <Kistl.App.Base.Module> [called 2 times]
  Stub: MockContext.Find(equal to <96>), will return <Kistl.App.Base.ObjectClass> [called 0 times]
  Stub: MockContext.ContainsObject(equal to <Kistl.App.Base.ObjectClass>, equal to <96>), will return <Kistl.App.Base.ObjectClass> [called 2 times]
]]></message>
                              <stack-trace><![CDATA[bei NMock2.Mockery.FailUnexpectedInvocation(Invocation invocation) in E:\Projekte\Kistl\Tests\NMock2\Mockery.cs:Zeile 184.
bei NMock2.Mockery.Dispatch(Invocation invocation) in E:\Projekte\Kistl\Tests\NMock2\Mockery.cs:Zeile 88.
bei NMock2.Internal.MockObject.Invoke(Invocation invocation) in E:\Projekte\Kistl\Tests\NMock2\Internal\MockObject.cs:Zeile 30.
bei NMock2.Monitoring.Invoker.Invoke(Invocation invocation) in E:\Projekte\Kistl\Tests\NMock2\Monitoring\Invoker.cs:Zeile 26.
bei NMock2.Monitoring.ProxiedObjectIdentity.Invoke(Invocation invocation) in E:\Projekte\Kistl\Tests\NMock2\Monitoring\ProxiedObjectIdentity.cs:Zeile 35.
bei NMock2.Monitoring.ProxyInvokableAdapter.Invoke(IMessage msg) in E:\Projekte\Kistl\Tests\NMock2\Monitoring\ProxyInvokableAdapter.cs:Zeile 27.
bei System.Runtime.Remoting.Proxies.RealProxy.PrivateInvoke(MessageData& msgData, Int32 type)
bei Kistl.API.IKistlContext.ContainsObject(Type type, Int32 ID)
bei Kistl.API.Client.BaseClientPersistenceObject.AttachToContext(IKistlContext ctx) in E:\Projekte\Kistl\Kistl.API.Client\BaseClientDataObject.cs:Zeile 51.
bei Kistl.App.Base.BaseProperty.AttachToContext(IKistlContext ctx) in E:\Projekte\Kistl\Kistl.Objects.Client\BaseProperty.Client.Designer.cs:Zeile 197.
bei Kistl.App.Base.Property.AttachToContext(IKistlContext ctx) in E:\Projekte\Kistl\Kistl.Objects.Client\Property.Client.Designer.cs:Zeile 115.
bei Kistl.App.Base.ObjectReferenceProperty.AttachToContext(IKistlContext ctx) in E:\Projekte\Kistl\Kistl.Objects.Client\ObjectReferenceProperty.Client.Designer.cs:Zeile 109.
bei Kistl.Client.Mocks.TestObject..ctor() in E:\Projekte\Kistl\Tests\Kistl.Client.Tests\Mocks\TestObject.cs:Zeile 25.
bei Kistl.Client.Mocks.TestObjectHarness.CreateObject() in E:\Projekte\Kistl\Tests\Kistl.Client.Tests\Mocks\ObjectHarness.cs:Zeile 80.
bei Kistl.Client.Mocks.ObjectHarness`1.SetUp() in E:\Projekte\Kistl\Tests\Kistl.Client.Tests\Mocks\ObjectHarness.cs:Zeile 27.
bei Kistl.Client.Mocks.TestObjectHarness.SetUp() in E:\Projekte\Kistl\Tests\Kistl.Client.Tests\Mocks\ObjectHarness.cs:Zeile 55.
bei Kistl.GUI.Tests.PresenterTests`4.SetUp() in E:\Projekte\Kistl\Tests\Kistl.Client.Tests\GUI\PresenterTests.cs:Zeile 95.
]]></stack-trace>
                            </failure>
                          </test-case>
                          <test-case name="Kistl.GUI.Tests.StringPresenterTests.HandleProgrammaticChange" executed="True" success="False" time="0.000" asserts="0">
                            <failure>
                              <message><![CDATA[NMock2.Internal.ExpectationException : unexpected invocation of MockContext.ContainsObject(<Kistl.App.Base.ObjectReferenceProperty>, <94>)
Expected:
Stubs:
  Stub: MockContext.Find(equal to <97>), will return <Kistl.App.Base.Module> [called 0 times]
  Stub: MockContext.ContainsObject(equal to <Kistl.App.Base.Module>, equal to <97>), will return <Kistl.App.Base.Module> [called 2 times]
  Stub: MockContext.Find(equal to <98>), will return <Kistl.App.Base.ObjectClass> [called 0 times]
  Stub: MockContext.ContainsObject(equal to <Kistl.App.Base.ObjectClass>, equal to <98>), will return <Kistl.App.Base.ObjectClass> [called 2 times]
  Stub: MockContext.Find(equal to <95>), will return <Kistl.App.Base.Module> [called 0 times]
  Stub: MockContext.ContainsObject(equal to <Kistl.App.Base.Module>, equal to <95>), will return <Kistl.App.Base.Module> [called 2 times]
  Stub: MockContext.Find(equal to <96>), will return <Kistl.App.Base.ObjectClass> [called 0 times]
  Stub: MockContext.ContainsObject(equal to <Kistl.App.Base.ObjectClass>, equal to <96>), will return <Kistl.App.Base.ObjectClass> [called 2 times]
]]></message>
                              <stack-trace><![CDATA[bei NMock2.Mockery.FailUnexpectedInvocation(Invocation invocation) in E:\Projekte\Kistl\Tests\NMock2\Mockery.cs:Zeile 184.
bei NMock2.Mockery.Dispatch(Invocation invocation) in E:\Projekte\Kistl\Tests\NMock2\Mockery.cs:Zeile 88.
bei NMock2.Internal.MockObject.Invoke(Invocation invocation) in E:\Projekte\Kistl\Tests\NMock2\Internal\MockObject.cs:Zeile 30.
bei NMock2.Monitoring.Invoker.Invoke(Invocation invocation) in E:\Projekte\Kistl\Tests\NMock2\Monitoring\Invoker.cs:Zeile 26.
bei NMock2.Monitoring.ProxiedObjectIdentity.Invoke(Invocation invocation) in E:\Projekte\Kistl\Tests\NMock2\Monitoring\ProxiedObjectIdentity.cs:Zeile 35.
bei NMock2.Monitoring.ProxyInvokableAdapter.Invoke(IMessage msg) in E:\Projekte\Kistl\Tests\NMock2\Monitoring\ProxyInvokableAdapter.cs:Zeile 27.
bei System.Runtime.Remoting.Proxies.RealProxy.PrivateInvoke(MessageData& msgData, Int32 type)
bei Kistl.API.IKistlContext.ContainsObject(Type type, Int32 ID)
bei Kistl.API.Client.BaseClientPersistenceObject.AttachToContext(IKistlContext ctx) in E:\Projekte\Kistl\Kistl.API.Client\BaseClientDataObject.cs:Zeile 51.
bei Kistl.App.Base.BaseProperty.AttachToContext(IKistlContext ctx) in E:\Projekte\Kistl\Kistl.Objects.Client\BaseProperty.Client.Designer.cs:Zeile 197.
bei Kistl.App.Base.Property.AttachToContext(IKistlContext ctx) in E:\Projekte\Kistl\Kistl.Objects.Client\Property.Client.Designer.cs:Zeile 115.
bei Kistl.App.Base.ObjectReferenceProperty.AttachToContext(IKistlContext ctx) in E:\Projekte\Kistl\Kistl.Objects.Client\ObjectReferenceProperty.Client.Designer.cs:Zeile 109.
bei Kistl.Client.Mocks.TestObject..ctor() in E:\Projekte\Kistl\Tests\Kistl.Client.Tests\Mocks\TestObject.cs:Zeile 25.
bei Kistl.Client.Mocks.TestObjectHarness.CreateObject() in E:\Projekte\Kistl\Tests\Kistl.Client.Tests\Mocks\ObjectHarness.cs:Zeile 80.
bei Kistl.Client.Mocks.ObjectHarness`1.SetUp() in E:\Projekte\Kistl\Tests\Kistl.Client.Tests\Mocks\ObjectHarness.cs:Zeile 27.
bei Kistl.Client.Mocks.TestObjectHarness.SetUp() in E:\Projekte\Kistl\Tests\Kistl.Client.Tests\Mocks\ObjectHarness.cs:Zeile 55.
bei Kistl.GUI.Tests.PresenterTests`4.SetUp() in E:\Projekte\Kistl\Tests\Kistl.Client.Tests\GUI\PresenterTests.cs:Zeile 95.
]]></stack-trace>
                            </failure>
                          </test-case>
                          <test-case name="Kistl.GUI.Tests.StringPresenterTests.HandleValidUserInput" executed="True" success="False" time="0.000" asserts="0">
                            <failure>
                              <message><![CDATA[NMock2.Internal.ExpectationException : unexpected invocation of MockContext.ContainsObject(<Kistl.App.Base.ObjectReferenceProperty>, <94>)
Expected:
Stubs:
  Stub: MockContext.Find(equal to <97>), will return <Kistl.App.Base.Module> [called 0 times]
  Stub: MockContext.ContainsObject(equal to <Kistl.App.Base.Module>, equal to <97>), will return <Kistl.App.Base.Module> [called 2 times]
  Stub: MockContext.Find(equal to <98>), will return <Kistl.App.Base.ObjectClass> [called 0 times]
  Stub: MockContext.ContainsObject(equal to <Kistl.App.Base.ObjectClass>, equal to <98>), will return <Kistl.App.Base.ObjectClass> [called 2 times]
  Stub: MockContext.Find(equal to <95>), will return <Kistl.App.Base.Module> [called 0 times]
  Stub: MockContext.ContainsObject(equal to <Kistl.App.Base.Module>, equal to <95>), will return <Kistl.App.Base.Module> [called 2 times]
  Stub: MockContext.Find(equal to <96>), will return <Kistl.App.Base.ObjectClass> [called 0 times]
  Stub: MockContext.ContainsObject(equal to <Kistl.App.Base.ObjectClass>, equal to <96>), will return <Kistl.App.Base.ObjectClass> [called 2 times]
]]></message>
                              <stack-trace><![CDATA[bei NMock2.Mockery.FailUnexpectedInvocation(Invocation invocation) in E:\Projekte\Kistl\Tests\NMock2\Mockery.cs:Zeile 184.
bei NMock2.Mockery.Dispatch(Invocation invocation) in E:\Projekte\Kistl\Tests\NMock2\Mockery.cs:Zeile 88.
bei NMock2.Internal.MockObject.Invoke(Invocation invocation) in E:\Projekte\Kistl\Tests\NMock2\Internal\MockObject.cs:Zeile 30.
bei NMock2.Monitoring.Invoker.Invoke(Invocation invocation) in E:\Projekte\Kistl\Tests\NMock2\Monitoring\Invoker.cs:Zeile 26.
bei NMock2.Monitoring.ProxiedObjectIdentity.Invoke(Invocation invocation) in E:\Projekte\Kistl\Tests\NMock2\Monitoring\ProxiedObjectIdentity.cs:Zeile 35.
bei NMock2.Monitoring.ProxyInvokableAdapter.Invoke(IMessage msg) in E:\Projekte\Kistl\Tests\NMock2\Monitoring\ProxyInvokableAdapter.cs:Zeile 27.
bei System.Runtime.Remoting.Proxies.RealProxy.PrivateInvoke(MessageData& msgData, Int32 type)
bei Kistl.API.IKistlContext.ContainsObject(Type type, Int32 ID)
bei Kistl.API.Client.BaseClientPersistenceObject.AttachToContext(IKistlContext ctx) in E:\Projekte\Kistl\Kistl.API.Client\BaseClientDataObject.cs:Zeile 51.
bei Kistl.App.Base.BaseProperty.AttachToContext(IKistlContext ctx) in E:\Projekte\Kistl\Kistl.Objects.Client\BaseProperty.Client.Designer.cs:Zeile 197.
bei Kistl.App.Base.Property.AttachToContext(IKistlContext ctx) in E:\Projekte\Kistl\Kistl.Objects.Client\Property.Client.Designer.cs:Zeile 115.
bei Kistl.App.Base.ObjectReferenceProperty.AttachToContext(IKistlContext ctx) in E:\Projekte\Kistl\Kistl.Objects.Client\ObjectReferenceProperty.Client.Designer.cs:Zeile 109.
bei Kistl.Client.Mocks.TestObject..ctor() in E:\Projekte\Kistl\Tests\Kistl.Client.Tests\Mocks\TestObject.cs:Zeile 25.
bei Kistl.Client.Mocks.TestObjectHarness.CreateObject() in E:\Projekte\Kistl\Tests\Kistl.Client.Tests\Mocks\ObjectHarness.cs:Zeile 80.
bei Kistl.Client.Mocks.ObjectHarness`1.SetUp() in E:\Projekte\Kistl\Tests\Kistl.Client.Tests\Mocks\ObjectHarness.cs:Zeile 27.
bei Kistl.Client.Mocks.TestObjectHarness.SetUp() in E:\Projekte\Kistl\Tests\Kistl.Client.Tests\Mocks\ObjectHarness.cs:Zeile 55.
bei Kistl.GUI.Tests.PresenterTests`4.SetUp() in E:\Projekte\Kistl\Tests\Kistl.Client.Tests\GUI\PresenterTests.cs:Zeile 95.
]]></stack-trace>
                            </failure>
                          </test-case>
                          <test-case name="Kistl.GUI.Tests.StringPresenterTests.ReInit" executed="True" success="False" time="0.000" asserts="0">
                            <failure>
                              <message><![CDATA[NMock2.Internal.ExpectationException : unexpected invocation of MockContext.ContainsObject(<Kistl.App.Base.ObjectReferenceProperty>, <94>)
Expected:
Stubs:
  Stub: MockContext.Find(equal to <97>), will return <Kistl.App.Base.Module> [called 0 times]
  Stub: MockContext.ContainsObject(equal to <Kistl.App.Base.Module>, equal to <97>), will return <Kistl.App.Base.Module> [called 2 times]
  Stub: MockContext.Find(equal to <98>), will return <Kistl.App.Base.ObjectClass> [called 0 times]
  Stub: MockContext.ContainsObject(equal to <Kistl.App.Base.ObjectClass>, equal to <98>), will return <Kistl.App.Base.ObjectClass> [called 2 times]
  Stub: MockContext.Find(equal to <95>), will return <Kistl.App.Base.Module> [called 0 times]
  Stub: MockContext.ContainsObject(equal to <Kistl.App.Base.Module>, equal to <95>), will return <Kistl.App.Base.Module> [called 2 times]
  Stub: MockContext.Find(equal to <96>), will return <Kistl.App.Base.ObjectClass> [called 0 times]
  Stub: MockContext.ContainsObject(equal to <Kistl.App.Base.ObjectClass>, equal to <96>), will return <Kistl.App.Base.ObjectClass> [called 2 times]
]]></message>
                              <stack-trace><![CDATA[bei NMock2.Mockery.FailUnexpectedInvocation(Invocation invocation) in E:\Projekte\Kistl\Tests\NMock2\Mockery.cs:Zeile 184.
bei NMock2.Mockery.Dispatch(Invocation invocation) in E:\Projekte\Kistl\Tests\NMock2\Mockery.cs:Zeile 88.
bei NMock2.Internal.MockObject.Invoke(Invocation invocation) in E:\Projekte\Kistl\Tests\NMock2\Internal\MockObject.cs:Zeile 30.
bei NMock2.Monitoring.Invoker.Invoke(Invocation invocation) in E:\Projekte\Kistl\Tests\NMock2\Monitoring\Invoker.cs:Zeile 26.
bei NMock2.Monitoring.ProxiedObjectIdentity.Invoke(Invocation invocation) in E:\Projekte\Kistl\Tests\NMock2\Monitoring\ProxiedObjectIdentity.cs:Zeile 35.
bei NMock2.Monitoring.ProxyInvokableAdapter.Invoke(IMessage msg) in E:\Projekte\Kistl\Tests\NMock2\Monitoring\ProxyInvokableAdapter.cs:Zeile 27.
bei System.Runtime.Remoting.Proxies.RealProxy.PrivateInvoke(MessageData& msgData, Int32 type)
bei Kistl.API.IKistlContext.ContainsObject(Type type, Int32 ID)
bei Kistl.API.Client.BaseClientPersistenceObject.AttachToContext(IKistlContext ctx) in E:\Projekte\Kistl\Kistl.API.Client\BaseClientDataObject.cs:Zeile 51.
bei Kistl.App.Base.BaseProperty.AttachToContext(IKistlContext ctx) in E:\Projekte\Kistl\Kistl.Objects.Client\BaseProperty.Client.Designer.cs:Zeile 197.
bei Kistl.App.Base.Property.AttachToContext(IKistlContext ctx) in E:\Projekte\Kistl\Kistl.Objects.Client\Property.Client.Designer.cs:Zeile 115.
bei Kistl.App.Base.ObjectReferenceProperty.AttachToContext(IKistlContext ctx) in E:\Projekte\Kistl\Kistl.Objects.Client\ObjectReferenceProperty.Client.Designer.cs:Zeile 109.
bei Kistl.Client.Mocks.TestObject..ctor() in E:\Projekte\Kistl\Tests\Kistl.Client.Tests\Mocks\TestObject.cs:Zeile 25.
bei Kistl.Client.Mocks.TestObjectHarness.CreateObject() in E:\Projekte\Kistl\Tests\Kistl.Client.Tests\Mocks\ObjectHarness.cs:Zeile 80.
bei Kistl.Client.Mocks.ObjectHarness`1.SetUp() in E:\Projekte\Kistl\Tests\Kistl.Client.Tests\Mocks\ObjectHarness.cs:Zeile 27.
bei Kistl.Client.Mocks.TestObjectHarness.SetUp() in E:\Projekte\Kistl\Tests\Kistl.Client.Tests\Mocks\ObjectHarness.cs:Zeile 55.
bei Kistl.GUI.Tests.PresenterTests`4.SetUp() in E:\Projekte\Kistl\Tests\Kistl.Client.Tests\GUI\PresenterTests.cs:Zeile 95.
]]></stack-trace>
                            </failure>
                          </test-case>
                          <test-case name="Kistl.GUI.Tests.StringPresenterTests.TestPresenterSetUpCorrect" executed="True" success="False" time="0.000" asserts="0">
                            <failure>
                              <message><![CDATA[NMock2.Internal.ExpectationException : unexpected invocation of MockContext.ContainsObject(<Kistl.App.Base.ObjectReferenceProperty>, <94>)
Expected:
Stubs:
  Stub: MockContext.Find(equal to <97>), will return <Kistl.App.Base.Module> [called 0 times]
  Stub: MockContext.ContainsObject(equal to <Kistl.App.Base.Module>, equal to <97>), will return <Kistl.App.Base.Module> [called 2 times]
  Stub: MockContext.Find(equal to <98>), will return <Kistl.App.Base.ObjectClass> [called 0 times]
  Stub: MockContext.ContainsObject(equal to <Kistl.App.Base.ObjectClass>, equal to <98>), will return <Kistl.App.Base.ObjectClass> [called 2 times]
  Stub: MockContext.Find(equal to <95>), will return <Kistl.App.Base.Module> [called 0 times]
  Stub: MockContext.ContainsObject(equal to <Kistl.App.Base.Module>, equal to <95>), will return <Kistl.App.Base.Module> [called 2 times]
  Stub: MockContext.Find(equal to <96>), will return <Kistl.App.Base.ObjectClass> [called 0 times]
  Stub: MockContext.ContainsObject(equal to <Kistl.App.Base.ObjectClass>, equal to <96>), will return <Kistl.App.Base.ObjectClass> [called 2 times]
]]></message>
                              <stack-trace><![CDATA[bei NMock2.Mockery.FailUnexpectedInvocation(Invocation invocation) in E:\Projekte\Kistl\Tests\NMock2\Mockery.cs:Zeile 184.
bei NMock2.Mockery.Dispatch(Invocation invocation) in E:\Projekte\Kistl\Tests\NMock2\Mockery.cs:Zeile 88.
bei NMock2.Internal.MockObject.Invoke(Invocation invocation) in E:\Projekte\Kistl\Tests\NMock2\Internal\MockObject.cs:Zeile 30.
bei NMock2.Monitoring.Invoker.Invoke(Invocation invocation) in E:\Projekte\Kistl\Tests\NMock2\Monitoring\Invoker.cs:Zeile 26.
bei NMock2.Monitoring.ProxiedObjectIdentity.Invoke(Invocation invocation) in E:\Projekte\Kistl\Tests\NMock2\Monitoring\ProxiedObjectIdentity.cs:Zeile 35.
bei NMock2.Monitoring.ProxyInvokableAdapter.Invoke(IMessage msg) in E:\Projekte\Kistl\Tests\NMock2\Monitoring\ProxyInvokableAdapter.cs:Zeile 27.
bei System.Runtime.Remoting.Proxies.RealProxy.PrivateInvoke(MessageData& msgData, Int32 type)
bei Kistl.API.IKistlContext.ContainsObject(Type type, Int32 ID)
bei Kistl.API.Client.BaseClientPersistenceObject.AttachToContext(IKistlContext ctx) in E:\Projekte\Kistl\Kistl.API.Client\BaseClientDataObject.cs:Zeile 51.
bei Kistl.App.Base.BaseProperty.AttachToContext(IKistlContext ctx) in E:\Projekte\Kistl\Kistl.Objects.Client\BaseProperty.Client.Designer.cs:Zeile 197.
bei Kistl.App.Base.Property.AttachToContext(IKistlContext ctx) in E:\Projekte\Kistl\Kistl.Objects.Client\Property.Client.Designer.cs:Zeile 115.
bei Kistl.App.Base.ObjectReferenceProperty.AttachToContext(IKistlContext ctx) in E:\Projekte\Kistl\Kistl.Objects.Client\ObjectReferenceProperty.Client.Designer.cs:Zeile 109.
bei Kistl.Client.Mocks.TestObject..ctor() in E:\Projekte\Kistl\Tests\Kistl.Client.Tests\Mocks\TestObject.cs:Zeile 25.
bei Kistl.Client.Mocks.TestObjectHarness.CreateObject() in E:\Projekte\Kistl\Tests\Kistl.Client.Tests\Mocks\ObjectHarness.cs:Zeile 80.
bei Kistl.Client.Mocks.ObjectHarness`1.SetUp() in E:\Projekte\Kistl\Tests\Kistl.Client.Tests\Mocks\ObjectHarness.cs:Zeile 27.
bei Kistl.Client.Mocks.TestObjectHarness.SetUp() in E:\Projekte\Kistl\Tests\Kistl.Client.Tests\Mocks\ObjectHarness.cs:Zeile 55.
bei Kistl.GUI.Tests.PresenterTests`4.SetUp() in E:\Projekte\Kistl\Tests\Kistl.Client.Tests\GUI\PresenterTests.cs:Zeile 95.
]]></stack-trace>
                            </failure>
                          </test-case>
                        </results>
                      </test-suite>
                      <test-suite name="TemplateTests" success="True" time="0.000" asserts="0">
                        <results>
                          <test-case name="Kistl.GUI.Tests.TemplateTests.TestDefaultsOther" executed="False">
                            <reason>
                              <message><![CDATA[unable to test at the moment, because ClientHelper.Objectclasses cannot be mocked]]></message>
                            </reason>
                          </test-case>
                          <test-case name="Kistl.GUI.Tests.TemplateTests.TestDefaultUnknownObjectType" executed="False">
                            <reason>
                              <message><![CDATA[unable to test at the moment, because ClientHelper.Objectclasses cannot be mocked]]></message>
                            </reason>
                          </test-case>
                          <test-case name="Kistl.GUI.Tests.TemplateTests.TestProperties" executed="True" success="True" time="0.000" asserts="5" />
                        </results>
                      </test-suite>
                      <test-suite name="VisualTests" success="False" time="0.390" asserts="0">
                        <results>
                          <test-case name="Kistl.GUI.Tests.VisualTests.TestDefaults" executed="True" success="False" time="0.374" asserts="1">
                            <failure>
                              <message><![CDATA[System.InvalidOperationException : Es wurde kein standardmäßiges Endpunktelement gefunden, das auf den Vertrag "KistlService.IKistlService" im ServiceModel-Clientkonfigurationsabschnitt verweist. Dies kann folgende Ursachen haben: Für die Anwendung wurde keine Konfigurationsdatei gefunden, oder im Clientelement wurde kein Endpunktelement gefunden, das diesem Vertrag entsprach.]]></message>
                              <stack-trace><![CDATA[bei System.ServiceModel.Description.ConfigLoader.LoadChannelBehaviors(ServiceEndpoint serviceEndpoint, String configurationName)
bei System.ServiceModel.ChannelFactory.ApplyConfiguration(String configurationName)
bei System.ServiceModel.ChannelFactory.InitializeEndpoint(String configurationName, EndpointAddress address)
bei System.ServiceModel.ChannelFactory`1..ctor(String endpointConfigurationName, EndpointAddress remoteAddress)
bei System.ServiceModel.EndpointTrait`1.CreateSimplexFactory()
bei System.ServiceModel.ClientBase`1.CreateChannelFactoryRef(EndpointTrait`1 endpointTrait)
bei System.ServiceModel.ClientBase`1.InitializeChannelFactoryRef()
bei System.ServiceModel.ClientBase`1..ctor()
bei Kistl.API.Client.KistlService.KistlServiceClient..ctor() in E:\Projekte\Kistl\Kistl.API.Client\Service References\KistlService\Reference.cs:Zeile 51.
bei Kistl.API.Client.ProxyImplementation..ctor() in E:\Projekte\Kistl\Kistl.API.Client\Proxy.cs:Zeile 171.
bei Kistl.API.Client.Proxy.get_Current() in E:\Projekte\Kistl\Kistl.API.Client\Proxy.cs:Zeile 90.
bei Kistl.API.Client.KistlContextProvider.GetListCall[T](Expression e) in E:\Projekte\Kistl\Kistl.API.Client\LinqToKistl\KistlContextProvider.cs:Zeile 105.
bei Kistl.API.Client.KistlContextProvider.Execute[TResult](Expression e) in E:\Projekte\Kistl\Kistl.API.Client\LinqToKistl\KistlContextProvider.cs:Zeile 250.
bei Kistl.API.Client.KistlContextQuery`1.GetEnumerator() in E:\Projekte\Kistl\Kistl.API.Client\LinqToKistl\KistlContextQuery.cs:Zeile 48.
bei System.Linq.Enumerable.ToDictionary[TSource,TKey,TElement](IEnumerable`1 source, Func`2 keySelector, Func`2 elementSelector, IEqualityComparer`1 comparer)
bei System.Linq.Enumerable.ToDictionary[TSource,TKey](IEnumerable`1 source, Func`2 keySelector)
bei Kistl.Client.ClientHelper.FetchModules() in E:\Projekte\Kistl\Kistl.Client\ClientHelper.cs:Zeile 109.
bei Kistl.Client.ClientHelper.FetchObjectClasses() in E:\Projekte\Kistl\Kistl.Client\ClientHelper.cs:Zeile 69.
bei Kistl.Client.ClientHelper.get_ObjectClasses() in E:\Projekte\Kistl\Kistl.Client\ClientHelper.cs:Zeile 96.
bei Kistl.GUI.DB.Visual.CreateVisual(BackReferenceProperty backReferenceProperty) in E:\Projekte\Kistl\Kistl.Client\GUI.DB\Visual.cs:Zeile 200.
bei Kistl.GUI.DB.Visual.CreateDefaultVisual(BaseProperty p) in E:\Projekte\Kistl\Kistl.Client\GUI.DB\Visual.cs:Zeile 57.
bei Kistl.GUI.Tests.VisualTests.TestDefaults() in E:\Projekte\Kistl\Tests\Kistl.Client.Tests\GUI\GuiDbTests.cs:Zeile 191.
]]></stack-trace>
                            </failure>
                          </test-case>
                          <test-case name="Kistl.GUI.Tests.VisualTests.TestEnumeration" executed="True" success="False" time="0.000" asserts="1">
                            <failure>
                              <message><![CDATA[System.NotImplementedException was expected]]></message>
                              <stack-trace />
                            </failure>
                          </test-case>
                          <test-case name="Kistl.GUI.Tests.VisualTests.TestFailure" executed="True" success="True" time="0.000" asserts="1" />
                          <test-case name="Kistl.GUI.Tests.VisualTests.TestProperties" executed="True" success="True" time="0.000" asserts="5" />
                          <test-case name="Kistl.GUI.Tests.VisualTests.TestValueType" executed="True" success="True" time="0.000" asserts="1" />
                        </results>
                      </test-suite>
                    </results>
                  </test-suite>
                </results>
              </test-suite>
            </results>
          </test-suite>
        </results>
      </test-suite>
    </results>
  </test-suite>
</test-results>