<?xml version="1.0" encoding="utf-8" standalone="no"?>
<!--This file represents the results of running a test suite-->
<test-results name="P:\Kistl\Tests\Kistl.DalProvider.ClientObjects.Tests\Kistl.DalProvider.ClientObjects.Tests.nunit" total="56" errors="0" failures="0" not-run="32" inconclusive="0" ignored="32" skipped="0" invalid="0" date="2010-10-13" time="15:07:40">
  <environment nunit-version="2.5.5.10112" clr-version="2.0.50727.4952" os-version="Microsoft Windows NT 6.1.7600.0" platform="Win32NT" cwd="P:\Kistl\Tests\Kistl.DalProvider.ClientObjects.Tests" machine-name="ARTHUR-PC" user="arthur" user-domain="DASZ" />
  <culture-info current-culture="de-AT" current-uiculture="en-US" />
  <test-suite type="Project" name="P:\Kistl\Tests\Kistl.DalProvider.ClientObjects.Tests\Kistl.DalProvider.ClientObjects.Tests.nunit" executed="True" result="Success" success="True" time="5.305" asserts="0">
    <results>
      <test-suite type="Assembly" name="P:\Kistl\Tests\Kistl.DalProvider.ClientObjects.Tests\bin\Debug\Kistl.DalProvider.ClientObjects.Tests.dll" executed="True" result="Success" success="True" time="5.289" asserts="0">
        <results>
          <test-suite type="Namespace" name="Kistl" executed="True" result="Success" success="True" time="5.280" asserts="0">
            <results>
              <test-suite type="Namespace" name="DalProvider" executed="True" result="Success" success="True" time="5.272" asserts="0">
                <results>
                  <test-suite type="Namespace" name="Client" executed="True" result="Success" success="True" time="5.263" asserts="0">
                    <results>
                      <test-suite type="SetUpFixture" name="Tests" executed="True" result="Success" success="True" time="5.262" asserts="0">
                        <results>
                          <test-suite type="TestFixture" name="BaseClientDataObjectTests" executed="True" result="Success" success="True" time="3.306" asserts="0">
                            <results>
                              <test-case name="Kistl.DalProvider.Client.Tests.BaseClientDataObjectTests.ApplyChanges" executed="True" result="Success" success="True" time="0.036" asserts="2" />
                              <test-case name="Kistl.DalProvider.Client.Tests.BaseClientDataObjectTests.ApplyChanges_Null" executed="True" result="Success" success="True" time="0.003" asserts="0" />
                              <test-case name="Kistl.DalProvider.Client.Tests.BaseClientDataObjectTests.AttachToContext" executed="True" result="Success" success="True" time="3.216" asserts="4" />
                              <test-case name="Kistl.DalProvider.Client.Tests.BaseClientDataObjectTests.AttachToContext_New" executed="True" result="Success" success="True" time="0.001" asserts="4" />
                              <test-case name="Kistl.DalProvider.Client.Tests.BaseClientDataObjectTests.AttachToContext_New_InvalidID" executed="True" result="Success" success="True" time="0.002" asserts="1" />
                              <test-case name="Kistl.DalProvider.Client.Tests.BaseClientDataObjectTests.AttachToContext_Twice" executed="True" result="Success" success="True" time="0.001" asserts="4" />
                              <test-case name="Kistl.DalProvider.Client.Tests.BaseClientDataObjectTests.DetachFromContext" executed="True" result="Success" success="True" time="0.001" asserts="5" />
                              <test-case name="Kistl.DalProvider.Client.Tests.BaseClientDataObjectTests.DetachFromContext_NotAttached" executed="True" result="Success" success="True" time="0.002" asserts="1" />
                              <test-case name="Kistl.DalProvider.Client.Tests.BaseClientDataObjectTests.FromStream_Null_StreamReader" executed="True" result="Success" success="True" time="0.002" asserts="0" />
                              <test-case name="Kistl.DalProvider.Client.Tests.BaseClientDataObjectTests.NotifyPropertyChanged_ing" executed="True" result="Success" success="True" time="0.000" asserts="1" />
                              <test-case name="Kistl.DalProvider.Client.Tests.BaseClientDataObjectTests.ObjectState_CreatedObject" executed="True" result="Success" success="True" time="0.000" asserts="1" />
                              <test-case name="Kistl.DalProvider.Client.Tests.BaseClientDataObjectTests.ObjectState_CreatedObject_Modified" executed="True" result="Success" success="True" time="0.000" asserts="1" />
                              <test-case name="Kistl.DalProvider.Client.Tests.BaseClientDataObjectTests.ObjectState_New_then_UnModified" executed="True" result="Success" success="True" time="0.001" asserts="2" />
                              <test-case name="Kistl.DalProvider.Client.Tests.BaseClientDataObjectTests.ObjectState_ObjectWithID" executed="True" result="Success" success="True" time="0.000" asserts="1" />
                              <test-case name="Kistl.DalProvider.Client.Tests.BaseClientDataObjectTests.ObjectState_ObjectWithID_Modified" executed="True" result="Success" success="True" time="0.000" asserts="1" />
                              <test-case name="Kistl.DalProvider.Client.Tests.BaseClientDataObjectTests.Stream" executed="True" result="Success" success="True" time="0.013" asserts="4" />
                              <test-case name="Kistl.DalProvider.Client.Tests.BaseClientDataObjectTests.ToStream_Null" executed="True" result="Success" success="True" time="0.001" asserts="0" />
                            </results>
                          </test-suite>
                          <test-suite type="Namespace" name="Blobs" executed="True" result="Inconclusive" success="False" time="0.007" asserts="0">
                            <results>
                              <test-suite type="TestFixture" name="when_using" executed="False" result="Ignored">
                                <reason>
                                  <message><![CDATA[Needs mocked IKistlService and IKistlServiceStreams]]></message>
                                </reason>
                                <results>
                                  <test-case name="Kistl.DalProvider.Client.Tests.Blobs.when_using.when_using.should_be_created" executed="False" result="Ignored">
                                    <reason>
                                      <message><![CDATA[Needs mocked IKistlService and IKistlServiceStreams]]></message>
                                    </reason>
                                  </test-case>
                                  <test-case name="Kistl.DalProvider.Client.Tests.Blobs.when_using.when_using.should_be_created_and_retreived" executed="False" result="Ignored">
                                    <reason>
                                      <message><![CDATA[Needs mocked IKistlService and IKistlServiceStreams]]></message>
                                    </reason>
                                  </test-case>
                                  <test-case name="Kistl.DalProvider.Client.Tests.Blobs.when_using.when_using.should_be_deleted" executed="False" result="Ignored">
                                    <reason>
                                      <message><![CDATA[Needs mocked IKistlService and IKistlServiceStreams]]></message>
                                    </reason>
                                  </test-case>
                                  <test-case name="Kistl.DalProvider.Client.Tests.Blobs.when_using.when_using.should_not_be_changed" executed="False" result="Ignored">
                                    <reason>
                                      <message><![CDATA[Needs mocked IKistlService and IKistlServiceStreams]]></message>
                                    </reason>
                                  </test-case>
                                  <test-case name="Kistl.DalProvider.Client.Tests.Blobs.when_using.when_using.should_not_be_created_trough_create" executed="False" result="Ignored">
                                    <reason>
                                      <message><![CDATA[Needs mocked IKistlService and IKistlServiceStreams]]></message>
                                    </reason>
                                  </test-case>
                                </results>
                              </test-suite>
                            </results>
                          </test-suite>
                          <test-suite type="Namespace" name="CompoundObjects" executed="True" result="Inconclusive" success="False" time="0.027" asserts="0">
                            <results>
                              <test-suite type="TestFixture" name="when_changing" executed="False" result="Ignored">
                                <reason>
                                  <message><![CDATA[Needs mocked IKistlService and IKistlServiceStreams]]></message>
                                </reason>
                                <results>
                                  <test-case name="Kistl.DalProvider.Client.Tests.CompoundObjects.when_changing.when_changing.clone_creates_memberwise_equal_object" executed="False" result="Ignored">
                                    <reason>
                                      <message><![CDATA[Needs mocked IKistlService and IKistlServiceStreams]]></message>
                                    </reason>
                                  </test-case>
                                  <test-case name="Kistl.DalProvider.Client.Tests.CompoundObjects.when_changing.when_changing.getter_should_return_same_instance_twice" executed="False" result="Ignored">
                                    <reason>
                                      <message><![CDATA[Needs mocked IKistlService and IKistlServiceStreams]]></message>
                                    </reason>
                                  </test-case>
                                  <test-case name="Kistl.DalProvider.Client.Tests.CompoundObjects.when_changing.when_changing.should_be_modified_when_changing_to_existing_reference" executed="False" result="Ignored">
                                    <reason>
                                      <message><![CDATA[Needs mocked IKistlService and IKistlServiceStreams]]></message>
                                    </reason>
                                  </test-case>
                                  <test-case name="Kistl.DalProvider.Client.Tests.CompoundObjects.when_changing.when_changing.should_be_modified_when_changing_to_new_reference" executed="False" result="Ignored">
                                    <reason>
                                      <message><![CDATA[Needs mocked IKistlService and IKistlServiceStreams]]></message>
                                    </reason>
                                  </test-case>
                                  <test-case name="Kistl.DalProvider.Client.Tests.CompoundObjects.when_changing.when_changing.should_be_modified_when_setting_nullable_to_new_reference" executed="False" result="Ignored">
                                    <reason>
                                      <message><![CDATA[Needs mocked IKistlService and IKistlServiceStreams]]></message>
                                    </reason>
                                  </test-case>
                                  <test-case name="Kistl.DalProvider.Client.Tests.CompoundObjects.when_changing.when_changing.should_be_set_null" executed="False" result="Ignored">
                                    <reason>
                                      <message><![CDATA[Needs mocked IKistlService and IKistlServiceStreams]]></message>
                                    </reason>
                                  </test-case>
                                  <test-case name="Kistl.DalProvider.Client.Tests.CompoundObjects.when_changing.when_changing.should_change_with_reference" executed="False" result="Ignored">
                                    <reason>
                                      <message><![CDATA[Needs mocked IKistlService and IKistlServiceStreams]]></message>
                                    </reason>
                                  </test-case>
                                  <test-case name="Kistl.DalProvider.Client.Tests.CompoundObjects.when_changing.when_changing.should_clone_reference" executed="False" result="Ignored">
                                    <reason>
                                      <message><![CDATA[Needs mocked IKistlService and IKistlServiceStreams]]></message>
                                    </reason>
                                  </test-case>
                                  <test-case name="Kistl.DalProvider.Client.Tests.CompoundObjects.when_changing.when_changing.should_not_be_set_null" executed="False" result="Ignored">
                                    <reason>
                                      <message><![CDATA[Needs mocked IKistlService and IKistlServiceStreams]]></message>
                                    </reason>
                                  </test-case>
                                </results>
                              </test-suite>
                              <test-suite type="TestFixture" name="when_changing_a_CompoundObject_list" executed="False" result="Ignored">
                                <reason>
                                  <message><![CDATA[Needs mocked IProxy]]></message>
                                </reason>
                                <results>
                                  <test-case name="Kistl.DalProvider.Client.Tests.CompoundObjects.when_changing_a_CompoundObject_list.when_changing_a_CompoundObject_list.should_not_be_modified_on_add" executed="False" result="Ignored">
                                    <reason>
                                      <message><![CDATA[Needs mocked IProxy]]></message>
                                    </reason>
                                  </test-case>
                                  <test-case name="Kistl.DalProvider.Client.Tests.CompoundObjects.when_changing_a_CompoundObject_list.when_changing_a_CompoundObject_list.should_not_be_modified_on_change_member" executed="False" result="Ignored">
                                    <reason>
                                      <message><![CDATA[Needs mocked IProxy]]></message>
                                    </reason>
                                  </test-case>
                                  <test-case name="Kistl.DalProvider.Client.Tests.CompoundObjects.when_changing_a_CompoundObject_list.when_changing_a_CompoundObject_list.should_not_be_modified_on_delete" executed="False" result="Ignored">
                                    <reason>
                                      <message><![CDATA[Needs mocked IProxy]]></message>
                                    </reason>
                                  </test-case>
                                </results>
                              </test-suite>
                              <test-suite type="TestFixture" name="when_changing_a_CompoundObject_member" executed="False" result="Ignored">
                                <reason>
                                  <message><![CDATA[Needs mocked IKistlService and IKistlServiceStreams]]></message>
                                </reason>
                                <results>
                                  <test-case name="Kistl.DalProvider.Client.Tests.CompoundObjects.when_changing_a_CompoundObject_member.when_changing_a_CompoundObject_member.should_commit_changes" executed="False" result="Ignored">
                                    <reason>
                                      <message><![CDATA[Needs mocked IKistlService and IKistlServiceStreams]]></message>
                                    </reason>
                                  </test-case>
                                  <test-case name="Kistl.DalProvider.Client.Tests.CompoundObjects.when_changing_a_CompoundObject_member.when_changing_a_CompoundObject_member.should_notify_parent" executed="False" result="Ignored">
                                    <reason>
                                      <message><![CDATA[Needs mocked IKistlService and IKistlServiceStreams]]></message>
                                    </reason>
                                  </test-case>
                                  <test-case name="Kistl.DalProvider.Client.Tests.CompoundObjects.when_changing_a_CompoundObject_member.when_changing_a_CompoundObject_member.should_notify_self" executed="False" result="Ignored">
                                    <reason>
                                      <message><![CDATA[Needs mocked IKistlService and IKistlServiceStreams]]></message>
                                    </reason>
                                  </test-case>
                                </results>
                              </test-suite>
                              <test-suite type="TestFixture" name="when_initialized" executed="False" result="Ignored">
                                <reason>
                                  <message><![CDATA[Needs mocked IKistlService and IKistlServiceStreams]]></message>
                                </reason>
                                <results>
                                  <test-case name="Kistl.DalProvider.Client.Tests.CompoundObjects.when_initialized.when_initialized.should_be_attached_to_their_parent" executed="False" result="Ignored">
                                    <reason>
                                      <message><![CDATA[Needs mocked IKistlService and IKistlServiceStreams]]></message>
                                    </reason>
                                  </test-case>
                                  <test-case name="Kistl.DalProvider.Client.Tests.CompoundObjects.when_initialized.when_initialized.should_be_null" executed="False" result="Ignored">
                                    <reason>
                                      <message><![CDATA[Needs mocked IKistlService and IKistlServiceStreams]]></message>
                                    </reason>
                                  </test-case>
                                  <test-case name="Kistl.DalProvider.Client.Tests.CompoundObjects.when_initialized.when_initialized.should_exist" executed="False" result="Ignored">
                                    <reason>
                                      <message><![CDATA[Needs mocked IKistlService and IKistlServiceStreams]]></message>
                                    </reason>
                                  </test-case>
                                  <test-case name="Kistl.DalProvider.Client.Tests.CompoundObjects.when_initialized.when_initialized.should_have_right_property_name_set" executed="False" result="Ignored">
                                    <reason>
                                      <message><![CDATA[Needs mocked IKistlService and IKistlServiceStreams]]></message>
                                    </reason>
                                  </test-case>
                                </results>
                              </test-suite>
                              <test-suite type="TestFixture" name="when_roundtrip" executed="False" result="Ignored">
                                <reason>
                                  <message><![CDATA[Needs mocked IKistlService and IKistlServiceStreams]]></message>
                                </reason>
                                <results>
                                  <test-case name="Kistl.DalProvider.Client.Tests.CompoundObjects.when_roundtrip.when_roundtrip.should_add_to_list" executed="False" result="Ignored">
                                    <reason>
                                      <message><![CDATA[Needs mocked IKistlService and IKistlServiceStreams]]></message>
                                    </reason>
                                  </test-case>
                                  <test-case name="Kistl.DalProvider.Client.Tests.CompoundObjects.when_roundtrip.when_roundtrip.should_change_a_list" executed="False" result="Ignored">
                                    <reason>
                                      <message><![CDATA[Needs mocked IKistlService and IKistlServiceStreams]]></message>
                                    </reason>
                                  </test-case>
                                  <test-case name="Kistl.DalProvider.Client.Tests.CompoundObjects.when_roundtrip.when_roundtrip.should_createobject" executed="False" result="Ignored">
                                    <reason>
                                      <message><![CDATA[Needs mocked IKistlService and IKistlServiceStreams]]></message>
                                    </reason>
                                  </test-case>
                                  <test-case name="Kistl.DalProvider.Client.Tests.CompoundObjects.when_roundtrip.when_roundtrip.should_createobject_nullable" executed="False" result="Ignored">
                                    <reason>
                                      <message><![CDATA[Needs mocked IKistlService and IKistlServiceStreams]]></message>
                                    </reason>
                                  </test-case>
                                  <test-case name="Kistl.DalProvider.Client.Tests.CompoundObjects.when_roundtrip.when_roundtrip.should_getobject" executed="False" result="Ignored">
                                    <reason>
                                      <message><![CDATA[Needs mocked IKistlService and IKistlServiceStreams]]></message>
                                    </reason>
                                  </test-case>
                                  <test-case name="Kistl.DalProvider.Client.Tests.CompoundObjects.when_roundtrip.when_roundtrip.should_remove_from_list" executed="False" result="Ignored">
                                    <reason>
                                      <message><![CDATA[Needs mocked IKistlService and IKistlServiceStreams]]></message>
                                    </reason>
                                  </test-case>
                                  <test-case name="Kistl.DalProvider.Client.Tests.CompoundObjects.when_roundtrip.when_roundtrip.should_save_nullable" executed="False" result="Ignored">
                                    <reason>
                                      <message><![CDATA[Needs mocked IKistlService and IKistlServiceStreams]]></message>
                                    </reason>
                                  </test-case>
                                  <test-case name="Kistl.DalProvider.Client.Tests.CompoundObjects.when_roundtrip.when_roundtrip.should_saveobject" executed="False" result="Ignored">
                                    <reason>
                                      <message><![CDATA[Needs mocked IKistlService and IKistlServiceStreams]]></message>
                                    </reason>
                                  </test-case>
                                </results>
                              </test-suite>
                            </results>
                          </test-suite>
                          <test-suite type="Namespace" name="KistlContextTests" executed="True" result="Success" success="True" time="0.340" asserts="0">
                            <results>
                              <test-suite type="TestFixture" name="KistlContextTests" executed="True" result="Success" success="True" time="0.303" asserts="0">
                                <results>
                                  <test-case name="Kistl.DalProvider.Client.Tests.KistlContextTests.KistlContextTests.Attach_IDataObject_Null" executed="True" result="Success" success="True" time="0.002" asserts="0" />
                                  <test-case name="Kistl.DalProvider.Client.Tests.KistlContextTests.KistlContextTests.Create_ObjectType" executed="True" result="Success" success="True" time="0.006" asserts="4" />
                                  <test-case name="Kistl.DalProvider.Client.Tests.KistlContextTests.KistlContextTests.Create_T" executed="True" result="Success" success="True" time="0.003" asserts="4" />
                                  <test-case name="Kistl.DalProvider.Client.Tests.KistlContextTests.KistlContextTests.Create_T_Twice" executed="True" result="Success" success="True" time="0.003" asserts="7" />
                                  <test-case name="Kistl.DalProvider.Client.Tests.KistlContextTests.KistlContextTests.Create_Type" executed="True" result="Success" success="True" time="0.002" asserts="4" />
                                  <test-case name="Kistl.DalProvider.Client.Tests.KistlContextTests.KistlContextTests.Delete" executed="True" result="Success" success="True" time="0.107" asserts="2" />
                                  <test-case name="Kistl.DalProvider.Client.Tests.KistlContextTests.KistlContextTests.Delete_Null" executed="True" result="Success" success="True" time="0.002" asserts="0" />
                                  <test-case name="Kistl.DalProvider.Client.Tests.KistlContextTests.KistlContextTests.Delete_Wrong_Context" executed="True" result="Success" success="True" time="0.009" asserts="0" />
                                  <test-case name="Kistl.DalProvider.Client.Tests.KistlContextTests.KistlContextTests.Detach_Null" executed="True" result="Success" success="True" time="0.003" asserts="0" />
                                  <test-case name="Kistl.DalProvider.Client.Tests.KistlContextTests.KistlContextTests.Find_ObjectType_should_return_correct_item" executed="True" result="Success" success="True" time="0.012" asserts="5" />
                                  <test-case name="Kistl.DalProvider.Client.Tests.KistlContextTests.KistlContextTests.Find_should_return_the_same_object_on_second_call" executed="True" result="Success" success="True" time="0.007" asserts="1" />
                                  <test-case name="Kistl.DalProvider.Client.Tests.KistlContextTests.KistlContextTests.Find_T_should_return_correct_item" executed="True" result="Success" success="True" time="0.007" asserts="5" />
                                  <test-case name="Kistl.DalProvider.Client.Tests.KistlContextTests.KistlContextTests.GetList" executed="True" result="Success" success="True" time="0.013" asserts="17" />
                                  <test-case name="Kistl.DalProvider.Client.Tests.KistlContextTests.KistlContextTests.GetList_GetListOf" executed="True" result="Success" success="True" time="0.011" asserts="9" />
                                  <test-case name="Kistl.DalProvider.Client.Tests.KistlContextTests.KistlContextTests.GetList_Twice" executed="True" result="Success" success="True" time="0.007" asserts="19" />
                                  <test-case name="Kistl.DalProvider.Client.Tests.KistlContextTests.KistlContextTests.GetListOf" executed="True" result="Success" success="True" time="0.003" asserts="8" />
                                  <test-case name="Kistl.DalProvider.Client.Tests.KistlContextTests.KistlContextTests.GetListOf_Twice" executed="True" result="Success" success="True" time="0.003" asserts="10" />
                                  <test-case name="Kistl.DalProvider.Client.Tests.KistlContextTests.KistlContextTests.GetObject_GetList" executed="True" result="Success" success="True" time="0.010" asserts="7" />
                                  <test-case name="Kistl.DalProvider.Client.Tests.KistlContextTests.KistlContextTests.GetObject_GetListOf" executed="True" result="Success" success="True" time="0.009" asserts="7" />
                                  <test-case name="Kistl.DalProvider.Client.Tests.KistlContextTests.KistlContextTests.GetQuery_ObjectType_should_create_query_with_proper_ElementType" executed="True" result="Success" success="True" time="0.002" asserts="2" />
                                  <test-case name="Kistl.DalProvider.Client.Tests.KistlContextTests.KistlContextTests.GetQuery_T_should_create_query_with_proper_ElementType" executed="True" result="Success" success="True" time="0.002" asserts="2" />
                                  <test-case name="Kistl.DalProvider.Client.Tests.KistlContextTests.KistlContextTests.SubmitChanges" executed="True" result="Success" success="True" time="0.028" asserts="6" />
                                  <test-case name="Kistl.DalProvider.Client.Tests.KistlContextTests.KistlContextTests.SubmitChanges_Delete" executed="True" result="Success" success="True" time="0.008" asserts="5" />
                                  <test-case name="Kistl.DalProvider.Client.Tests.KistlContextTests.KistlContextTests.SubmitChanges_New" executed="True" result="Success" success="True" time="0.002" asserts="4" />
                                  <test-case name="Kistl.DalProvider.Client.Tests.KistlContextTests.KistlContextTests.SubmitChanges_Nothing" executed="True" result="Success" success="True" time="0.008" asserts="4" />
                                </results>
                              </test-suite>
                              <test-suite type="TestFixture" name="when_using_ClientIsolationLevel_MergeServerData" executed="True" result="Success" success="True" time="0.034" asserts="0">
                                <results>
                                  <test-case name="Kistl.DalProvider.Client.Tests.KistlContextTests.when_using_ClientIsolationLevel_MergeServerData.should_change_on_GetList" executed="True" result="Success" success="True" time="0.012" asserts="5" />
                                  <test-case name="Kistl.DalProvider.Client.Tests.KistlContextTests.when_using_ClientIsolationLevel_MergeServerData.should_not_change_on_Find" executed="True" result="Success" success="True" time="0.008" asserts="4" />
                                  <test-case name="Kistl.DalProvider.Client.Tests.KistlContextTests.when_using_ClientIsolationLevel_MergeServerData.should_not_change_on_First" executed="True" result="Success" success="True" time="0.009" asserts="4" />
                                </results>
                              </test-suite>
                            </results>
                          </test-suite>
                          <test-suite type="Namespace" name="PersistenceObjects" executed="True" result="Success" success="True" time="0.155" asserts="0">
                            <results>
                              <test-suite type="TestFixture" name="navigator_context_checks" executed="True" result="Success" success="True" time="0.120" asserts="0">
                                <results>
                                  <test-case name="Kistl.DalProvider.Client.Tests.PersistenceObjects.navigator_context_checks.navigator_context_checks.set_1_1_same_context" executed="True" result="Success" success="True" time="0.030" asserts="0" />
                                  <test-case name="Kistl.DalProvider.Client.Tests.PersistenceObjects.navigator_context_checks.navigator_context_checks.set_1_1_wrong_context" executed="True" result="Success" success="True" time="0.008" asserts="0" />
                                  <test-case name="Kistl.DalProvider.Client.Tests.PersistenceObjects.navigator_context_checks.navigator_context_checks.set_1_N_same_context" executed="True" result="Success" success="True" time="0.015" asserts="0" />
                                  <test-case name="Kistl.DalProvider.Client.Tests.PersistenceObjects.navigator_context_checks.navigator_context_checks.set_1_N_wrong_context" executed="True" result="Success" success="True" time="0.008" asserts="0" />
                                  <test-case name="Kistl.DalProvider.Client.Tests.PersistenceObjects.navigator_context_checks.navigator_context_checks.set_N_1_same_context" executed="True" result="Success" success="True" time="0.010" asserts="0" />
                                  <test-case name="Kistl.DalProvider.Client.Tests.PersistenceObjects.navigator_context_checks.navigator_context_checks.set_N_1_wrong_context" executed="True" result="Success" success="True" time="0.008" asserts="0" />
                                  <test-case name="Kistl.DalProvider.Client.Tests.PersistenceObjects.navigator_context_checks.navigator_context_checks.set_N_M_same_context" executed="True" result="Success" success="True" time="0.023" asserts="0" />
                                  <test-case name="Kistl.DalProvider.Client.Tests.PersistenceObjects.navigator_context_checks.navigator_context_checks.set_N_M_wrong_context" executed="True" result="Success" success="True" time="0.009" asserts="0" />
                                </results>
                              </test-suite>
                              <test-suite type="TestFixture" name="when_changed" executed="True" result="Success" success="True" time="0.009" asserts="0">
                                <results>
                                  <test-case name="Kistl.DalProvider.Client.Tests.PersistenceObjects.when_changed.when_changed.should_be_modified" executed="True" result="Success" success="True" time="0.009" asserts="2" />
                                </results>
                              </test-suite>
                              <test-suite type="TestFixture" name="when_loaded" executed="True" result="Success" success="True" time="0.017" asserts="0">
                                <results>
                                  <test-case name="Kistl.DalProvider.Client.Tests.PersistenceObjects.when_loaded.when_loaded.should_be_attached" executed="True" result="Success" success="True" time="0.007" asserts="1" />
                                  <test-case name="Kistl.DalProvider.Client.Tests.PersistenceObjects.when_loaded.when_loaded.should_be_unmodified" executed="True" result="Success" success="True" time="0.009" asserts="1" />
                                </results>
                              </test-suite>
                            </results>
                          </test-suite>
                        </results>
                      </test-suite>
                    </results>
                  </test-suite>
                </results>
              </test-suite>
            </results>
          </test-suite>
        </results>
      </test-suite>
    </results>
  </test-suite>
</test-results>