<?xml version="1.0" encoding="utf-8" standalone="no"?>
<!--This file represents the results of running a test suite-->
<test-results name="P:\Kistl\Tests\Kistl.DalProvider.ClientObjects.Tests\Kistl.DalProvider.ClientObjects.Tests.nunit" total="11" errors="0" failures="0" not-run="32" inconclusive="0" ignored="32" skipped="0" invalid="0" date="2010-05-02" time="16:43:20">
  <environment nunit-version="2.5.2.9222" clr-version="2.0.50727.4927" os-version="Microsoft Windows NT 6.1.7600.0" platform="Win32NT" cwd="P:\Kistl\Tests\Kistl.DalProvider.ClientObjects.Tests" machine-name="ARTHUR-NB" user="arthur" user-domain="DASZ" />
  <culture-info current-culture="de-AT" current-uiculture="en-US" />
  <test-suite name="P:\Kistl\Tests\Kistl.DalProvider.ClientObjects.Tests\Kistl.DalProvider.ClientObjects.Tests.nunit" executed="True" success="True" time="18.035" asserts="0">
    <results>
      <test-suite name="P:\Kistl\Tests\Kistl.DalProvider.ClientObjects.Tests\bin\Debug\Kistl.DalProvider.ClientObjects.Tests.dll" executed="True" success="True" time="18.022" asserts="0">
        <results>
          <test-suite name="Kistl" executed="True" success="True" time="18.015" asserts="0">
            <results>
              <test-suite name="DalProvider" executed="True" success="True" time="18.013" asserts="0">
                <results>
                  <test-suite name="ClientObjects" executed="True" success="True" time="18.003" asserts="0">
                    <results>
                      <test-suite name="Tests" executed="True" success="True" time="17.994" asserts="0">
                        <results>
                          <test-suite name="Blobs" executed="True" success="False" time="0.023" asserts="0">
                            <results>
                              <test-suite name="when_using" executed="False">
                                <reason>
                                  <message><![CDATA[Needs mocked IKistlService and IKistlServiceStreams]]></message>
                                </reason>
                                <results>
                                  <test-case name="Kistl.DalProvider.ClientObjects.Tests.Blobs.when_using.should_be_created" executed="False">
                                    <reason>
                                      <message><![CDATA[Needs mocked IKistlService and IKistlServiceStreams]]></message>
                                    </reason>
                                  </test-case>
                                  <test-case name="Kistl.DalProvider.ClientObjects.Tests.Blobs.when_using.should_be_created_and_retreived" executed="False">
                                    <reason>
                                      <message><![CDATA[Needs mocked IKistlService and IKistlServiceStreams]]></message>
                                    </reason>
                                  </test-case>
                                  <test-case name="Kistl.DalProvider.ClientObjects.Tests.Blobs.when_using.should_be_deleted" executed="False">
                                    <reason>
                                      <message><![CDATA[Needs mocked IKistlService and IKistlServiceStreams]]></message>
                                    </reason>
                                  </test-case>
                                  <test-case name="Kistl.DalProvider.ClientObjects.Tests.Blobs.when_using.should_not_be_changed" executed="False">
                                    <reason>
                                      <message><![CDATA[Needs mocked IKistlService and IKistlServiceStreams]]></message>
                                    </reason>
                                  </test-case>
                                  <test-case name="Kistl.DalProvider.ClientObjects.Tests.Blobs.when_using.should_not_be_created_trough_create" executed="False">
                                    <reason>
                                      <message><![CDATA[Needs mocked IKistlService and IKistlServiceStreams]]></message>
                                    </reason>
                                  </test-case>
                                </results>
                              </test-suite>
                            </results>
                          </test-suite>
                          <test-suite name="CompoundObjects" executed="True" success="False" time="0.042" asserts="0">
                            <results>
                              <test-suite name="when_changing" executed="False">
                                <reason>
                                  <message><![CDATA[Needs mocked IKistlService and IKistlServiceStreams]]></message>
                                </reason>
                                <results>
                                  <test-case name="Kistl.DalProvider.ClientObjects.Tests.CompoundObjects.when_changing.clone_creates_memberwise_equal_object" executed="False">
                                    <reason>
                                      <message><![CDATA[Needs mocked IKistlService and IKistlServiceStreams]]></message>
                                    </reason>
                                  </test-case>
                                  <test-case name="Kistl.DalProvider.ClientObjects.Tests.CompoundObjects.when_changing.getter_should_return_same_instance_twice" executed="False">
                                    <reason>
                                      <message><![CDATA[Needs mocked IKistlService and IKistlServiceStreams]]></message>
                                    </reason>
                                  </test-case>
                                  <test-case name="Kistl.DalProvider.ClientObjects.Tests.CompoundObjects.when_changing.should_be_modified_when_changing_to_existing_reference" executed="False">
                                    <reason>
                                      <message><![CDATA[Needs mocked IKistlService and IKistlServiceStreams]]></message>
                                    </reason>
                                  </test-case>
                                  <test-case name="Kistl.DalProvider.ClientObjects.Tests.CompoundObjects.when_changing.should_be_modified_when_changing_to_new_reference" executed="False">
                                    <reason>
                                      <message><![CDATA[Needs mocked IKistlService and IKistlServiceStreams]]></message>
                                    </reason>
                                  </test-case>
                                  <test-case name="Kistl.DalProvider.ClientObjects.Tests.CompoundObjects.when_changing.should_be_modified_when_setting_nullable_to_new_reference" executed="False">
                                    <reason>
                                      <message><![CDATA[Needs mocked IKistlService and IKistlServiceStreams]]></message>
                                    </reason>
                                  </test-case>
                                  <test-case name="Kistl.DalProvider.ClientObjects.Tests.CompoundObjects.when_changing.should_be_set_null" executed="False">
                                    <reason>
                                      <message><![CDATA[Needs mocked IKistlService and IKistlServiceStreams]]></message>
                                    </reason>
                                  </test-case>
                                  <test-case name="Kistl.DalProvider.ClientObjects.Tests.CompoundObjects.when_changing.should_change_with_reference" executed="False">
                                    <reason>
                                      <message><![CDATA[Needs mocked IKistlService and IKistlServiceStreams]]></message>
                                    </reason>
                                  </test-case>
                                  <test-case name="Kistl.DalProvider.ClientObjects.Tests.CompoundObjects.when_changing.should_clone_reference" executed="False">
                                    <reason>
                                      <message><![CDATA[Needs mocked IKistlService and IKistlServiceStreams]]></message>
                                    </reason>
                                  </test-case>
                                  <test-case name="Kistl.DalProvider.ClientObjects.Tests.CompoundObjects.when_changing.should_not_be_set_null" executed="False">
                                    <reason>
                                      <message><![CDATA[Needs mocked IKistlService and IKistlServiceStreams]]></message>
                                    </reason>
                                  </test-case>
                                </results>
                              </test-suite>
                              <test-suite name="when_changing_a_compoundobject_list" executed="False">
                                <reason>
                                  <message><![CDATA[Needs mocked IKistlService and IKistlServiceStreams]]></message>
                                </reason>
                                <results>
                                  <test-case name="Kistl.DalProvider.ClientObjects.Tests.CompoundObjects.when_changing_a_compoundobject_list.should_not_be_modified_on_add" executed="False">
                                    <reason>
                                      <message><![CDATA[Needs mocked IKistlService and IKistlServiceStreams]]></message>
                                    </reason>
                                  </test-case>
                                  <test-case name="Kistl.DalProvider.ClientObjects.Tests.CompoundObjects.when_changing_a_compoundobject_list.should_not_be_modified_on_change_member" executed="False">
                                    <reason>
                                      <message><![CDATA[Needs mocked IKistlService and IKistlServiceStreams]]></message>
                                    </reason>
                                  </test-case>
                                  <test-case name="Kistl.DalProvider.ClientObjects.Tests.CompoundObjects.when_changing_a_compoundobject_list.should_not_be_modified_on_delete" executed="False">
                                    <reason>
                                      <message><![CDATA[Needs mocked IKistlService and IKistlServiceStreams]]></message>
                                    </reason>
                                  </test-case>
                                </results>
                              </test-suite>
                              <test-suite name="when_changing_a_compoundobject_member" executed="False">
                                <reason>
                                  <message><![CDATA[Needs mocked IKistlService and IKistlServiceStreams]]></message>
                                </reason>
                                <results>
                                  <test-case name="Kistl.DalProvider.ClientObjects.Tests.CompoundObjects.when_changing_a_compoundobject_member.should_commit_changes" executed="False">
                                    <reason>
                                      <message><![CDATA[Needs mocked IKistlService and IKistlServiceStreams]]></message>
                                    </reason>
                                  </test-case>
                                  <test-case name="Kistl.DalProvider.ClientObjects.Tests.CompoundObjects.when_changing_a_compoundobject_member.should_notify_parent" executed="False">
                                    <reason>
                                      <message><![CDATA[Needs mocked IKistlService and IKistlServiceStreams]]></message>
                                    </reason>
                                  </test-case>
                                  <test-case name="Kistl.DalProvider.ClientObjects.Tests.CompoundObjects.when_changing_a_compoundobject_member.should_notify_self" executed="False">
                                    <reason>
                                      <message><![CDATA[Needs mocked IKistlService and IKistlServiceStreams]]></message>
                                    </reason>
                                  </test-case>
                                </results>
                              </test-suite>
                              <test-suite name="when_initialized" executed="False">
                                <reason>
                                  <message><![CDATA[Needs mocked IKistlService and IKistlServiceStreams]]></message>
                                </reason>
                                <results>
                                  <test-case name="Kistl.DalProvider.ClientObjects.Tests.CompoundObjects.when_initialized.should_be_attached_to_their_parent" executed="False">
                                    <reason>
                                      <message><![CDATA[Needs mocked IKistlService and IKistlServiceStreams]]></message>
                                    </reason>
                                  </test-case>
                                  <test-case name="Kistl.DalProvider.ClientObjects.Tests.CompoundObjects.when_initialized.should_be_null" executed="False">
                                    <reason>
                                      <message><![CDATA[Needs mocked IKistlService and IKistlServiceStreams]]></message>
                                    </reason>
                                  </test-case>
                                  <test-case name="Kistl.DalProvider.ClientObjects.Tests.CompoundObjects.when_initialized.should_exist" executed="False">
                                    <reason>
                                      <message><![CDATA[Needs mocked IKistlService and IKistlServiceStreams]]></message>
                                    </reason>
                                  </test-case>
                                  <test-case name="Kistl.DalProvider.ClientObjects.Tests.CompoundObjects.when_initialized.should_have_right_property_name_set" executed="False">
                                    <reason>
                                      <message><![CDATA[Needs mocked IKistlService and IKistlServiceStreams]]></message>
                                    </reason>
                                  </test-case>
                                </results>
                              </test-suite>
                              <test-suite name="when_roundtrip" executed="False">
                                <reason>
                                  <message><![CDATA[Needs mocked IKistlService and IKistlServiceStreams]]></message>
                                </reason>
                                <results>
                                  <test-case name="Kistl.DalProvider.ClientObjects.Tests.CompoundObjects.when_roundtrip.should_add_to_list" executed="False">
                                    <reason>
                                      <message><![CDATA[Needs mocked IKistlService and IKistlServiceStreams]]></message>
                                    </reason>
                                  </test-case>
                                  <test-case name="Kistl.DalProvider.ClientObjects.Tests.CompoundObjects.when_roundtrip.should_change_a_list" executed="False">
                                    <reason>
                                      <message><![CDATA[Needs mocked IKistlService and IKistlServiceStreams]]></message>
                                    </reason>
                                  </test-case>
                                  <test-case name="Kistl.DalProvider.ClientObjects.Tests.CompoundObjects.when_roundtrip.should_createobject" executed="False">
                                    <reason>
                                      <message><![CDATA[Needs mocked IKistlService and IKistlServiceStreams]]></message>
                                    </reason>
                                  </test-case>
                                  <test-case name="Kistl.DalProvider.ClientObjects.Tests.CompoundObjects.when_roundtrip.should_createobject_nullable" executed="False">
                                    <reason>
                                      <message><![CDATA[Needs mocked IKistlService and IKistlServiceStreams]]></message>
                                    </reason>
                                  </test-case>
                                  <test-case name="Kistl.DalProvider.ClientObjects.Tests.CompoundObjects.when_roundtrip.should_getobject" executed="False">
                                    <reason>
                                      <message><![CDATA[Needs mocked IKistlService and IKistlServiceStreams]]></message>
                                    </reason>
                                  </test-case>
                                  <test-case name="Kistl.DalProvider.ClientObjects.Tests.CompoundObjects.when_roundtrip.should_remove_from_list" executed="False">
                                    <reason>
                                      <message><![CDATA[Needs mocked IKistlService and IKistlServiceStreams]]></message>
                                    </reason>
                                  </test-case>
                                  <test-case name="Kistl.DalProvider.ClientObjects.Tests.CompoundObjects.when_roundtrip.should_save_nullable" executed="False">
                                    <reason>
                                      <message><![CDATA[Needs mocked IKistlService and IKistlServiceStreams]]></message>
                                    </reason>
                                  </test-case>
                                  <test-case name="Kistl.DalProvider.ClientObjects.Tests.CompoundObjects.when_roundtrip.should_saveobject" executed="False">
                                    <reason>
                                      <message><![CDATA[Needs mocked IKistlService and IKistlServiceStreams]]></message>
                                    </reason>
                                  </test-case>
                                </results>
                              </test-suite>
                            </results>
                          </test-suite>
                          <test-suite name="PersistenceObjects" executed="True" success="True" time="0.559" asserts="0">
                            <results>
                              <test-suite name="navigator_context_checks" executed="True" success="True" time="0.468" asserts="0">
                                <results>
                                  <test-case name="Kistl.DalProvider.ClientObjects.Tests.PersistenceObjects.navigator_context_checks.set_1_1_same_context" executed="True" success="True" time="0.277" asserts="0" />
                                  <test-case name="Kistl.DalProvider.ClientObjects.Tests.PersistenceObjects.navigator_context_checks.set_1_1_wrong_context" executed="True" success="True" time="0.023" asserts="0" />
                                  <test-case name="Kistl.DalProvider.ClientObjects.Tests.PersistenceObjects.navigator_context_checks.set_1_N_same_context" executed="True" success="True" time="0.024" asserts="0" />
                                  <test-case name="Kistl.DalProvider.ClientObjects.Tests.PersistenceObjects.navigator_context_checks.set_1_N_wrong_context" executed="True" success="True" time="0.022" asserts="0" />
                                  <test-case name="Kistl.DalProvider.ClientObjects.Tests.PersistenceObjects.navigator_context_checks.set_N_1_same_context" executed="True" success="True" time="0.024" asserts="0" />
                                  <test-case name="Kistl.DalProvider.ClientObjects.Tests.PersistenceObjects.navigator_context_checks.set_N_1_wrong_context" executed="True" success="True" time="0.016" asserts="0" />
                                  <test-case name="Kistl.DalProvider.ClientObjects.Tests.PersistenceObjects.navigator_context_checks.set_N_M_same_context" executed="True" success="True" time="0.046" asserts="0" />
                                  <test-case name="Kistl.DalProvider.ClientObjects.Tests.PersistenceObjects.navigator_context_checks.set_N_M_wrong_context" executed="True" success="True" time="0.019" asserts="0" />
                                </results>
                              </test-suite>
                              <test-suite name="when_changed" executed="True" success="True" time="0.029" asserts="0">
                                <results>
                                  <test-case name="Kistl.DalProvider.ClientObjects.Tests.PersistenceObjects.when_changed.should_be_modified" executed="True" success="True" time="0.028" asserts="2" />
                                </results>
                              </test-suite>
                              <test-suite name="when_loaded" executed="True" success="True" time="0.030" asserts="0">
                                <results>
                                  <test-case name="Kistl.DalProvider.ClientObjects.Tests.PersistenceObjects.when_loaded.should_be_attached" executed="True" success="True" time="0.014" asserts="1" />
                                  <test-case name="Kistl.DalProvider.ClientObjects.Tests.PersistenceObjects.when_loaded.should_be_unmodified" executed="True" success="True" time="0.014" asserts="1" />
                                </results>
                              </test-suite>
                            </results>
                          </test-suite>
                        </results>
                      </test-suite>
                    </results>
                  </test-suite>
                </results>
              </test-suite>
            </results>
          </test-suite>
        </results>
      </test-suite>
    </results>
  </test-suite>
</test-results>