<?xml version="1.0" encoding="utf-8" standalone="no"?>
<!--This file represents the results of running a test suite-->
<test-results name="P:\Kistl\Tests\Kistl.DalProvider.ClientObjects.Tests\Kistl.DalProvider.ClientObjects.Tests.nunit" total="609" errors="0" failures="0" not-run="32" inconclusive="192" ignored="32" skipped="0" invalid="0" date="2010-06-28" time="17:09:16">
  <environment nunit-version="2.5.5.10112" clr-version="2.0.50727.4927" os-version="Microsoft Windows NT 6.1.7600.0" platform="Win32NT" cwd="P:\Kistl\Tests\Kistl.DalProvider.ClientObjects.Tests" machine-name="DAVID-PC" user="david" user-domain="DASZ" />
  <culture-info current-culture="en-US" current-uiculture="en-US" />
  <test-suite type="Test Project" name="P:\Kistl\Tests\Kistl.DalProvider.ClientObjects.Tests\Kistl.DalProvider.ClientObjects.Tests.nunit" executed="True" result="Success" success="True" time="52.404" asserts="0">
    <results>
      <test-suite type="Assembly" name="P:\Kistl\Tests\Kistl.DalProvider.ClientObjects.Tests\bin\Debug\Kistl.DalProvider.ClientObjects.Tests.dll" executed="True" result="Success" success="True" time="51.456" asserts="0">
        <results>
          <test-suite type="Namespace" name="Kistl" executed="True" result="Success" success="True" time="51.381" asserts="0">
            <results>
              <test-suite type="Namespace" name="DalProvider" executed="True" result="Success" success="True" time="51.306" asserts="0">
                <results>
                  <test-suite type="Namespace" name="Client" executed="True" result="Success" success="True" time="51.238" asserts="0">
                    <results>
                      <test-suite type="SetUpFixture" name="Tests" executed="True" result="Success" success="True" time="51.236" asserts="0">
                        <results>
                          <test-suite type="TestFixture" name="BaseClientCollectionEntryTests" executed="True" result="Success" success="True" time="0.088" asserts="0">
                            <results>
                              <test-case name="Kistl.DalProvider.Client.Tests.BaseClientCollectionEntryTests.IPersistenceObjectTests`1.should_roundtrip_IPersistenceObject_correctly" executed="True" result="Success" success="True" time="0.066" asserts="2" />
                              <test-case name="Kistl.DalProvider.Client.Tests.BaseClientCollectionEntryTests.IStreamableTests`1.fails_on_serializing_from_null_stream" executed="True" result="Success" success="True" time="0.004" asserts="0" />
                              <test-case name="Kistl.DalProvider.Client.Tests.BaseClientCollectionEntryTests.IStreamableTests`1.fails_on_serializing_to_null_stream" executed="True" result="Success" success="True" time="0.002" asserts="0" />
                              <test-case name="Kistl.DalProvider.Client.Tests.BaseClientCollectionEntryTests.IStreamableTests`1.should_roundtrip_without_errors" executed="True" result="Success" success="True" time="0.001" asserts="1" />
                            </results>
                          </test-suite>
                          <test-suite type="TestFixture" name="BaseClientDataObjectTests" executed="True" result="Success" success="True" time="0.052" asserts="0">
                            <results>
                              <test-case name="Kistl.DalProvider.Client.Tests.BaseClientDataObjectTests.ApplyChanges" executed="True" result="Success" success="True" time="0.005" asserts="2" />
                              <test-case name="Kistl.DalProvider.Client.Tests.BaseClientDataObjectTests.ApplyChanges_Null" executed="True" result="Success" success="True" time="0.001" asserts="0" />
                              <test-case name="Kistl.DalProvider.Client.Tests.BaseClientDataObjectTests.AttachToContext" executed="True" result="Success" success="True" time="0.012" asserts="4" />
                              <test-case name="Kistl.DalProvider.Client.Tests.BaseClientDataObjectTests.AttachToContext_New" executed="True" result="Success" success="True" time="0.002" asserts="4" />
                              <test-case name="Kistl.DalProvider.Client.Tests.BaseClientDataObjectTests.AttachToContext_New_InvalidID" executed="True" result="Success" success="True" time="0.002" asserts="1" />
                              <test-case name="Kistl.DalProvider.Client.Tests.BaseClientDataObjectTests.AttachToContext_Twice" executed="True" result="Success" success="True" time="0.002" asserts="4" />
                              <test-case name="Kistl.DalProvider.Client.Tests.BaseClientDataObjectTests.DetachFromContext" executed="True" result="Success" success="True" time="0.002" asserts="5" />
                              <test-case name="Kistl.DalProvider.Client.Tests.BaseClientDataObjectTests.DetachFromContext_NotAttached" executed="True" result="Success" success="True" time="0.002" asserts="1" />
                              <test-case name="Kistl.DalProvider.Client.Tests.BaseClientDataObjectTests.FromStream_Null_StreamReader" executed="True" result="Success" success="True" time="0.002" asserts="0" />
                              <test-case name="Kistl.DalProvider.Client.Tests.BaseClientDataObjectTests.NotifyPropertyChanged_ing" executed="True" result="Success" success="True" time="0.001" asserts="1" />
                              <test-case name="Kistl.DalProvider.Client.Tests.BaseClientDataObjectTests.ObjectState_CreatedObject" executed="True" result="Success" success="True" time="0.000" asserts="1" />
                              <test-case name="Kistl.DalProvider.Client.Tests.BaseClientDataObjectTests.ObjectState_CreatedObject_Modified" executed="True" result="Success" success="True" time="0.001" asserts="1" />
                              <test-case name="Kistl.DalProvider.Client.Tests.BaseClientDataObjectTests.ObjectState_New_then_UnModified" executed="True" result="Success" success="True" time="0.001" asserts="2" />
                              <test-case name="Kistl.DalProvider.Client.Tests.BaseClientDataObjectTests.ObjectState_ObjectWithID" executed="True" result="Success" success="True" time="0.001" asserts="1" />
                              <test-case name="Kistl.DalProvider.Client.Tests.BaseClientDataObjectTests.ObjectState_ObjectWithID_Modified" executed="True" result="Success" success="True" time="0.000" asserts="1" />
                              <test-case name="Kistl.DalProvider.Client.Tests.BaseClientDataObjectTests.Stream" executed="True" result="Success" success="True" time="0.003" asserts="4" />
                              <test-case name="Kistl.DalProvider.Client.Tests.BaseClientDataObjectTests.ToStream_Null" executed="True" result="Success" success="True" time="0.001" asserts="0" />
                            </results>
                          </test-suite>
                          <test-suite type="Namespace" name="Blobs" executed="True" result="Inconclusive" success="False" time="0.012" asserts="0">
                            <results>
                              <test-suite type="TestFixture" name="when_using" executed="False" result="Ignored">
                                <reason>
                                  <message><![CDATA[Needs mocked IKistlService and IKistlServiceStreams]]></message>
                                </reason>
                                <results>
                                  <test-case name="Kistl.DalProvider.Client.Tests.Blobs.when_using.when_using.should_be_created" executed="False" result="Ignored">
                                    <reason>
                                      <message><![CDATA[Needs mocked IKistlService and IKistlServiceStreams]]></message>
                                    </reason>
                                  </test-case>
                                  <test-case name="Kistl.DalProvider.Client.Tests.Blobs.when_using.when_using.should_be_created_and_retreived" executed="False" result="Ignored">
                                    <reason>
                                      <message><![CDATA[Needs mocked IKistlService and IKistlServiceStreams]]></message>
                                    </reason>
                                  </test-case>
                                  <test-case name="Kistl.DalProvider.Client.Tests.Blobs.when_using.when_using.should_be_deleted" executed="False" result="Ignored">
                                    <reason>
                                      <message><![CDATA[Needs mocked IKistlService and IKistlServiceStreams]]></message>
                                    </reason>
                                  </test-case>
                                  <test-case name="Kistl.DalProvider.Client.Tests.Blobs.when_using.when_using.should_not_be_changed" executed="False" result="Ignored">
                                    <reason>
                                      <message><![CDATA[Needs mocked IKistlService and IKistlServiceStreams]]></message>
                                    </reason>
                                  </test-case>
                                  <test-case name="Kistl.DalProvider.Client.Tests.Blobs.when_using.when_using.should_not_be_created_trough_create" executed="False" result="Ignored">
                                    <reason>
                                      <message><![CDATA[Needs mocked IKistlService and IKistlServiceStreams]]></message>
                                    </reason>
                                  </test-case>
                                </results>
                              </test-suite>
                            </results>
                          </test-suite>
                          <test-suite type="Namespace" name="CompoundObjects" executed="True" result="Inconclusive" success="False" time="0.033" asserts="0">
                            <results>
                              <test-suite type="TestFixture" name="when_changing" executed="False" result="Ignored">
                                <reason>
                                  <message><![CDATA[Needs mocked IKistlService and IKistlServiceStreams]]></message>
                                </reason>
                                <results>
                                  <test-case name="Kistl.DalProvider.Client.Tests.CompoundObjects.when_changing.when_changing.clone_creates_memberwise_equal_object" executed="False" result="Ignored">
                                    <reason>
                                      <message><![CDATA[Needs mocked IKistlService and IKistlServiceStreams]]></message>
                                    </reason>
                                  </test-case>
                                  <test-case name="Kistl.DalProvider.Client.Tests.CompoundObjects.when_changing.when_changing.getter_should_return_same_instance_twice" executed="False" result="Ignored">
                                    <reason>
                                      <message><![CDATA[Needs mocked IKistlService and IKistlServiceStreams]]></message>
                                    </reason>
                                  </test-case>
                                  <test-case name="Kistl.DalProvider.Client.Tests.CompoundObjects.when_changing.when_changing.should_be_modified_when_changing_to_existing_reference" executed="False" result="Ignored">
                                    <reason>
                                      <message><![CDATA[Needs mocked IKistlService and IKistlServiceStreams]]></message>
                                    </reason>
                                  </test-case>
                                  <test-case name="Kistl.DalProvider.Client.Tests.CompoundObjects.when_changing.when_changing.should_be_modified_when_changing_to_new_reference" executed="False" result="Ignored">
                                    <reason>
                                      <message><![CDATA[Needs mocked IKistlService and IKistlServiceStreams]]></message>
                                    </reason>
                                  </test-case>
                                  <test-case name="Kistl.DalProvider.Client.Tests.CompoundObjects.when_changing.when_changing.should_be_modified_when_setting_nullable_to_new_reference" executed="False" result="Ignored">
                                    <reason>
                                      <message><![CDATA[Needs mocked IKistlService and IKistlServiceStreams]]></message>
                                    </reason>
                                  </test-case>
                                  <test-case name="Kistl.DalProvider.Client.Tests.CompoundObjects.when_changing.when_changing.should_be_set_null" executed="False" result="Ignored">
                                    <reason>
                                      <message><![CDATA[Needs mocked IKistlService and IKistlServiceStreams]]></message>
                                    </reason>
                                  </test-case>
                                  <test-case name="Kistl.DalProvider.Client.Tests.CompoundObjects.when_changing.when_changing.should_change_with_reference" executed="False" result="Ignored">
                                    <reason>
                                      <message><![CDATA[Needs mocked IKistlService and IKistlServiceStreams]]></message>
                                    </reason>
                                  </test-case>
                                  <test-case name="Kistl.DalProvider.Client.Tests.CompoundObjects.when_changing.when_changing.should_clone_reference" executed="False" result="Ignored">
                                    <reason>
                                      <message><![CDATA[Needs mocked IKistlService and IKistlServiceStreams]]></message>
                                    </reason>
                                  </test-case>
                                  <test-case name="Kistl.DalProvider.Client.Tests.CompoundObjects.when_changing.when_changing.should_not_be_set_null" executed="False" result="Ignored">
                                    <reason>
                                      <message><![CDATA[Needs mocked IKistlService and IKistlServiceStreams]]></message>
                                    </reason>
                                  </test-case>
                                </results>
                              </test-suite>
                              <test-suite type="TestFixture" name="when_changing_a_CompoundObject_list" executed="False" result="Ignored">
                                <reason>
                                  <message><![CDATA[Needs mocked IProxy]]></message>
                                </reason>
                                <results>
                                  <test-case name="Kistl.DalProvider.Client.Tests.CompoundObjects.when_changing_a_CompoundObject_list.when_changing_a_CompoundObject_list.should_not_be_modified_on_add" executed="False" result="Ignored">
                                    <reason>
                                      <message><![CDATA[Needs mocked IProxy]]></message>
                                    </reason>
                                  </test-case>
                                  <test-case name="Kistl.DalProvider.Client.Tests.CompoundObjects.when_changing_a_CompoundObject_list.when_changing_a_CompoundObject_list.should_not_be_modified_on_change_member" executed="False" result="Ignored">
                                    <reason>
                                      <message><![CDATA[Needs mocked IProxy]]></message>
                                    </reason>
                                  </test-case>
                                  <test-case name="Kistl.DalProvider.Client.Tests.CompoundObjects.when_changing_a_CompoundObject_list.when_changing_a_CompoundObject_list.should_not_be_modified_on_delete" executed="False" result="Ignored">
                                    <reason>
                                      <message><![CDATA[Needs mocked IProxy]]></message>
                                    </reason>
                                  </test-case>
                                </results>
                              </test-suite>
                              <test-suite type="TestFixture" name="when_changing_a_compoundobject_member" executed="False" result="Ignored">
                                <reason>
                                  <message><![CDATA[Needs mocked IKistlService and IKistlServiceStreams]]></message>
                                </reason>
                                <results>
                                  <test-case name="Kistl.DalProvider.Client.Tests.CompoundObjects.when_changing_a_compoundobject_member.when_changing_a_compoundobject_member.should_commit_changes" executed="False" result="Ignored">
                                    <reason>
                                      <message><![CDATA[Needs mocked IKistlService and IKistlServiceStreams]]></message>
                                    </reason>
                                  </test-case>
                                  <test-case name="Kistl.DalProvider.Client.Tests.CompoundObjects.when_changing_a_compoundobject_member.when_changing_a_compoundobject_member.should_notify_parent" executed="False" result="Ignored">
                                    <reason>
                                      <message><![CDATA[Needs mocked IKistlService and IKistlServiceStreams]]></message>
                                    </reason>
                                  </test-case>
                                  <test-case name="Kistl.DalProvider.Client.Tests.CompoundObjects.when_changing_a_compoundobject_member.when_changing_a_compoundobject_member.should_notify_self" executed="False" result="Ignored">
                                    <reason>
                                      <message><![CDATA[Needs mocked IKistlService and IKistlServiceStreams]]></message>
                                    </reason>
                                  </test-case>
                                </results>
                              </test-suite>
                              <test-suite type="TestFixture" name="when_initialized" executed="False" result="Ignored">
                                <reason>
                                  <message><![CDATA[Needs mocked IKistlService and IKistlServiceStreams]]></message>
                                </reason>
                                <results>
                                  <test-case name="Kistl.DalProvider.Client.Tests.CompoundObjects.when_initialized.when_initialized.should_be_attached_to_their_parent" executed="False" result="Ignored">
                                    <reason>
                                      <message><![CDATA[Needs mocked IKistlService and IKistlServiceStreams]]></message>
                                    </reason>
                                  </test-case>
                                  <test-case name="Kistl.DalProvider.Client.Tests.CompoundObjects.when_initialized.when_initialized.should_be_null" executed="False" result="Ignored">
                                    <reason>
                                      <message><![CDATA[Needs mocked IKistlService and IKistlServiceStreams]]></message>
                                    </reason>
                                  </test-case>
                                  <test-case name="Kistl.DalProvider.Client.Tests.CompoundObjects.when_initialized.when_initialized.should_exist" executed="False" result="Ignored">
                                    <reason>
                                      <message><![CDATA[Needs mocked IKistlService and IKistlServiceStreams]]></message>
                                    </reason>
                                  </test-case>
                                  <test-case name="Kistl.DalProvider.Client.Tests.CompoundObjects.when_initialized.when_initialized.should_have_right_property_name_set" executed="False" result="Ignored">
                                    <reason>
                                      <message><![CDATA[Needs mocked IKistlService and IKistlServiceStreams]]></message>
                                    </reason>
                                  </test-case>
                                </results>
                              </test-suite>
                              <test-suite type="TestFixture" name="when_roundtrip" executed="False" result="Ignored">
                                <reason>
                                  <message><![CDATA[Needs mocked IKistlService and IKistlServiceStreams]]></message>
                                </reason>
                                <results>
                                  <test-case name="Kistl.DalProvider.Client.Tests.CompoundObjects.when_roundtrip.when_roundtrip.should_add_to_list" executed="False" result="Ignored">
                                    <reason>
                                      <message><![CDATA[Needs mocked IKistlService and IKistlServiceStreams]]></message>
                                    </reason>
                                  </test-case>
                                  <test-case name="Kistl.DalProvider.Client.Tests.CompoundObjects.when_roundtrip.when_roundtrip.should_change_a_list" executed="False" result="Ignored">
                                    <reason>
                                      <message><![CDATA[Needs mocked IKistlService and IKistlServiceStreams]]></message>
                                    </reason>
                                  </test-case>
                                  <test-case name="Kistl.DalProvider.Client.Tests.CompoundObjects.when_roundtrip.when_roundtrip.should_createobject" executed="False" result="Ignored">
                                    <reason>
                                      <message><![CDATA[Needs mocked IKistlService and IKistlServiceStreams]]></message>
                                    </reason>
                                  </test-case>
                                  <test-case name="Kistl.DalProvider.Client.Tests.CompoundObjects.when_roundtrip.when_roundtrip.should_createobject_nullable" executed="False" result="Ignored">
                                    <reason>
                                      <message><![CDATA[Needs mocked IKistlService and IKistlServiceStreams]]></message>
                                    </reason>
                                  </test-case>
                                  <test-case name="Kistl.DalProvider.Client.Tests.CompoundObjects.when_roundtrip.when_roundtrip.should_getobject" executed="False" result="Ignored">
                                    <reason>
                                      <message><![CDATA[Needs mocked IKistlService and IKistlServiceStreams]]></message>
                                    </reason>
                                  </test-case>
                                  <test-case name="Kistl.DalProvider.Client.Tests.CompoundObjects.when_roundtrip.when_roundtrip.should_remove_from_list" executed="False" result="Ignored">
                                    <reason>
                                      <message><![CDATA[Needs mocked IKistlService and IKistlServiceStreams]]></message>
                                    </reason>
                                  </test-case>
                                  <test-case name="Kistl.DalProvider.Client.Tests.CompoundObjects.when_roundtrip.when_roundtrip.should_save_nullable" executed="False" result="Ignored">
                                    <reason>
                                      <message><![CDATA[Needs mocked IKistlService and IKistlServiceStreams]]></message>
                                    </reason>
                                  </test-case>
                                  <test-case name="Kistl.DalProvider.Client.Tests.CompoundObjects.when_roundtrip.when_roundtrip.should_saveobject" executed="False" result="Ignored">
                                    <reason>
                                      <message><![CDATA[Needs mocked IKistlService and IKistlServiceStreams]]></message>
                                    </reason>
                                  </test-case>
                                </results>
                              </test-suite>
                            </results>
                          </test-suite>
                          <test-suite type="TestFixture" name="KistlContextTests" executed="True" result="Success" success="True" time="0.327" asserts="0">
                            <results>
                              <test-case name="Kistl.DalProvider.Client.Tests.KistlContextTests.Attach_IDataObject_Existing_Twice_But_Different" executed="True" result="Success" success="True" time="0.004" asserts="3" />
                              <test-case name="Kistl.DalProvider.Client.Tests.KistlContextTests.Attach_IDataObject_New" executed="True" result="Success" success="True" time="0.002" asserts="2" />
                              <test-case name="Kistl.DalProvider.Client.Tests.KistlContextTests.Attach_IDataObject_Null" executed="True" result="Success" success="True" time="0.002" asserts="0" />
                              <test-case name="Kistl.DalProvider.Client.Tests.KistlContextTests.Attach_IDataObject_Twice" executed="True" result="Success" success="True" time="0.002" asserts="2" />
                              <test-case name="Kistl.DalProvider.Client.Tests.KistlContextTests.Attach_IDataObject_Twice_Modified" executed="True" result="Success" success="True" time="0.004" asserts="4" />
                              <test-case name="Kistl.DalProvider.Client.Tests.KistlContextTests.Create_ObjectType" executed="True" result="Success" success="True" time="0.005" asserts="4" />
                              <test-case name="Kistl.DalProvider.Client.Tests.KistlContextTests.Create_T" executed="True" result="Success" success="True" time="0.002" asserts="4" />
                              <test-case name="Kistl.DalProvider.Client.Tests.KistlContextTests.Create_T_Twice" executed="True" result="Success" success="True" time="0.003" asserts="7" />
                              <test-case name="Kistl.DalProvider.Client.Tests.KistlContextTests.Create_Type" executed="True" result="Success" success="True" time="0.002" asserts="4" />
                              <test-case name="Kistl.DalProvider.Client.Tests.KistlContextTests.Delete" executed="True" result="Success" success="True" time="0.118" asserts="2" />
                              <test-case name="Kistl.DalProvider.Client.Tests.KistlContextTests.Delete_Not_Attached" executed="True" result="Success" success="True" time="0.002" asserts="0" />
                              <test-case name="Kistl.DalProvider.Client.Tests.KistlContextTests.Delete_Null" executed="True" result="Success" success="True" time="0.001" asserts="0" />
                              <test-case name="Kistl.DalProvider.Client.Tests.KistlContextTests.Delete_Wrong_Context" executed="True" result="Success" success="True" time="0.008" asserts="0" />
                              <test-case name="Kistl.DalProvider.Client.Tests.KistlContextTests.Detach" executed="True" result="Success" success="True" time="0.003" asserts="2" />
                              <test-case name="Kistl.DalProvider.Client.Tests.KistlContextTests.Detach_NotAttached" executed="True" result="Success" success="True" time="0.002" asserts="0" />
                              <test-case name="Kistl.DalProvider.Client.Tests.KistlContextTests.Detach_Null" executed="True" result="Success" success="True" time="0.001" asserts="0" />
                              <test-case name="Kistl.DalProvider.Client.Tests.KistlContextTests.Detach_Twice" executed="True" result="Success" success="True" time="0.002" asserts="2" />
                              <test-case name="Kistl.DalProvider.Client.Tests.KistlContextTests.Find_ObjectType_should_return_correct_item" executed="True" result="Success" success="True" time="0.010" asserts="5" />
                              <test-case name="Kistl.DalProvider.Client.Tests.KistlContextTests.Find_should_return_the_same_object_on_second_call" executed="True" result="Success" success="True" time="0.008" asserts="1" />
                              <test-case name="Kistl.DalProvider.Client.Tests.KistlContextTests.Find_T_should_return_correct_item" executed="True" result="Success" success="True" time="0.007" asserts="5" />
                              <test-case name="Kistl.DalProvider.Client.Tests.KistlContextTests.GetList" executed="True" result="Success" success="True" time="0.014" asserts="17" />
                              <test-case name="Kistl.DalProvider.Client.Tests.KistlContextTests.GetList_GetListOf" executed="True" result="Success" success="True" time="0.011" asserts="9" />
                              <test-case name="Kistl.DalProvider.Client.Tests.KistlContextTests.GetList_Twice" executed="True" result="Success" success="True" time="0.007" asserts="19" />
                              <test-case name="Kistl.DalProvider.Client.Tests.KistlContextTests.GetListOf" executed="True" result="Success" success="True" time="0.004" asserts="8" />
                              <test-case name="Kistl.DalProvider.Client.Tests.KistlContextTests.GetListOf_Twice" executed="True" result="Success" success="True" time="0.004" asserts="10" />
                              <test-case name="Kistl.DalProvider.Client.Tests.KistlContextTests.GetObject_GetList" executed="True" result="Success" success="True" time="0.010" asserts="7" />
                              <test-case name="Kistl.DalProvider.Client.Tests.KistlContextTests.GetObject_GetListOf" executed="True" result="Success" success="True" time="0.009" asserts="7" />
                              <test-case name="Kistl.DalProvider.Client.Tests.KistlContextTests.GetQuery_ObjectType_should_create_query_with_proper_ElementType" executed="True" result="Success" success="True" time="0.002" asserts="2" />
                              <test-case name="Kistl.DalProvider.Client.Tests.KistlContextTests.GetQuery_T_should_create_query_with_proper_ElementType" executed="True" result="Success" success="True" time="0.002" asserts="2" />
                              <test-case name="Kistl.DalProvider.Client.Tests.KistlContextTests.SubmitChanges" executed="True" result="Success" success="True" time="0.030" asserts="6" />
                              <test-case name="Kistl.DalProvider.Client.Tests.KistlContextTests.SubmitChanges_Delete" executed="True" result="Success" success="True" time="0.008" asserts="5" />
                              <test-case name="Kistl.DalProvider.Client.Tests.KistlContextTests.SubmitChanges_New" executed="True" result="Success" success="True" time="0.002" asserts="4" />
                              <test-case name="Kistl.DalProvider.Client.Tests.KistlContextTests.SubmitChanges_Nothing" executed="True" result="Success" success="True" time="0.010" asserts="4" />
                            </results>
                          </test-suite>
                          <test-suite type="ParameterizedFixture" name="NMRelationBSideTests" executed="True" result="Success" success="True" time="47.146" asserts="0">
                            <results>
                              <test-suite type="TestFixture" name="NMRelationBSideTests(0)" executed="True" result="Success" success="True" time="4.148" asserts="0">
                                <results>
                                  <test-case name="Kistl.DalProvider.Client.Tests.NMRelationBSideTests(0).BasicCollectionTests`2.copyto_should_check_array_dimensions" executed="True" result="Success" success="True" time="0.027" asserts="5" />
                                  <test-case name="Kistl.DalProvider.Client.Tests.NMRelationBSideTests(0).BasicCollectionTests`2.copyto_should_check_array_for_null" executed="True" result="Success" success="True" time="0.003" asserts="5" />
                                  <test-case name="Kistl.DalProvider.Client.Tests.NMRelationBSideTests(0).BasicCollectionTests`2.copyto_should_check_index_nonnegative" executed="True" result="Success" success="True" time="0.001" asserts="5" />
                                  <test-case name="Kistl.DalProvider.Client.Tests.NMRelationBSideTests(0).BasicCollectionTests`2.copyto_should_fail_on_wrong_destination_type" executed="True" result="Success" success="True" time="0.002" asserts="5" />
                                  <test-case name="Kistl.DalProvider.Client.Tests.NMRelationBSideTests(0).BasicCollectionTests`2.count_should_have_initial_number_of_items" executed="True" result="Success" success="True" time="0.001" asserts="5" />
                                  <test-case name="Kistl.DalProvider.Client.Tests.NMRelationBSideTests(0).BasicCollectionTests`2.enumerator_should_yield_all_items" executed="True" result="Success" success="True" time="0.004" asserts="5" />
                                  <test-case name="Kistl.DalProvider.Client.Tests.NMRelationBSideTests(0).BasicCollectionTests`2.issynchronized_should_not_throw" executed="True" result="Success" success="True" time="0.003" asserts="5" />
                                  <test-case name="Kistl.DalProvider.Client.Tests.NMRelationBSideTests(0).BasicCollectionTests`2.syncroot_should_exist" executed="True" result="Success" success="True" time="0.001" asserts="5" />
                                  <test-case name="Kistl.DalProvider.Client.Tests.NMRelationBSideTests(0).BasicListTests`2.clear_should_remove_all_items" executed="True" result="Success" success="True" time="0.007" asserts="5" />
                                  <test-case name="Kistl.DalProvider.Client.Tests.NMRelationBSideTests(0).BasicListTests`2.indexer_should_get_items" executed="True" result="Success" success="True" time="0.002" asserts="4" />
                                  <test-case name="Kistl.DalProvider.Client.Tests.NMRelationBSideTests(0).BasicListTests`2.indexOf_should_return_index" executed="True" result="Success" success="True" time="0.002" asserts="4" />
                                  <test-case name="Kistl.DalProvider.Client.Tests.NMRelationBSideTests(0).BasicListTests`2.indexOf_should_return_minus_one_for_otherItem" executed="True" result="Success" success="True" time="0.009" asserts="5" />
                                  <test-case name="Kistl.DalProvider.Client.Tests.NMRelationBSideTests(0).BasicListTests`2.isfixedsize_should_not_be_set" executed="True" result="Success" success="True" time="0.002" asserts="5" />
                                  <test-case name="Kistl.DalProvider.Client.Tests.NMRelationBSideTests(0).BasicListTests`2.isreadonly_should_not_be_set" executed="True" result="Success" success="True" time="0.002" asserts="5" />
                                  <test-case name="Kistl.DalProvider.Client.Tests.NMRelationBSideTests(0).BasicListTests`2.remove_should_ignore_other_item" executed="True" result="Success" success="True" time="0.008" asserts="7" />
                                  <test-suite type="ParameterizedTest" name="add_should_insert_items_at_the_end" executed="True" result="Success" success="True" time="3.809" asserts="0">
                                    <results>
                                      <test-case name="Kistl.DalProvider.Client.Tests.NMRelationBSideTests(0).add_should_insert_items_at_the_end(1)" executed="True" result="Success" success="True" time="0.021" asserts="6" />
                                      <test-case name="Kistl.DalProvider.Client.Tests.NMRelationBSideTests(0).add_should_insert_items_at_the_end(11)" executed="True" result="Success" success="True" time="0.026" asserts="26" />
                                      <test-case name="Kistl.DalProvider.Client.Tests.NMRelationBSideTests(0).add_should_insert_items_at_the_end(21)" executed="True" result="Success" success="True" time="0.073" asserts="46" />
                                      <test-case name="Kistl.DalProvider.Client.Tests.NMRelationBSideTests(0).add_should_insert_items_at_the_end(31)" executed="True" result="Success" success="True" time="0.141" asserts="66" />
                                      <test-case name="Kistl.DalProvider.Client.Tests.NMRelationBSideTests(0).add_should_insert_items_at_the_end(41)" executed="True" result="Success" success="True" time="0.232" asserts="86" />
                                      <test-case name="Kistl.DalProvider.Client.Tests.NMRelationBSideTests(0).add_should_insert_items_at_the_end(51)" executed="True" result="Success" success="True" time="0.344" asserts="106" />
                                      <test-case name="Kistl.DalProvider.Client.Tests.NMRelationBSideTests(0).add_should_insert_items_at_the_end(61)" executed="True" result="Success" success="True" time="0.480" asserts="126" />
                                      <test-case name="Kistl.DalProvider.Client.Tests.NMRelationBSideTests(0).add_should_insert_items_at_the_end(71)" executed="True" result="Success" success="True" time="0.637" asserts="146" />
                                      <test-case name="Kistl.DalProvider.Client.Tests.NMRelationBSideTests(0).add_should_insert_items_at_the_end(81)" executed="True" result="Success" success="True" time="0.819" asserts="166" />
                                      <test-case name="Kistl.DalProvider.Client.Tests.NMRelationBSideTests(0).add_should_insert_items_at_the_end(91)" executed="True" result="Success" success="True" time="1.021" asserts="186" />
                                    </results>
                                  </test-suite>
                                  <test-suite type="ParameterizedTest" name="copyto_should_check_enough_available_space" executed="True" result="Inconclusive" success="False" time="0.046" asserts="0">
                                    <results>
                                      <test-case name="Kistl.DalProvider.Client.Tests.NMRelationBSideTests(0).copyto_should_check_enough_available_space(-10)" executed="True" result="Inconclusive" success="False" time="0.011" asserts="2">
                                        <reason>
                                          <message><![CDATA[  Expected: less than 5
  But was:  16
]]></message>
                                        </reason>
                                      </test-case>
                                      <test-case name="Kistl.DalProvider.Client.Tests.NMRelationBSideTests(0).copyto_should_check_enough_available_space(-9)" executed="True" result="Inconclusive" success="False" time="0.001" asserts="2">
                                        <reason>
                                          <message><![CDATA[  Expected: less than 5
  But was:  15
]]></message>
                                        </reason>
                                      </test-case>
                                      <test-case name="Kistl.DalProvider.Client.Tests.NMRelationBSideTests(0).copyto_should_check_enough_available_space(-8)" executed="True" result="Inconclusive" success="False" time="0.001" asserts="2">
                                        <reason>
                                          <message><![CDATA[  Expected: less than 5
  But was:  14
]]></message>
                                        </reason>
                                      </test-case>
                                      <test-case name="Kistl.DalProvider.Client.Tests.NMRelationBSideTests(0).copyto_should_check_enough_available_space(-7)" executed="True" result="Inconclusive" success="False" time="0.001" asserts="2">
                                        <reason>
                                          <message><![CDATA[  Expected: less than 5
  But was:  13
]]></message>
                                        </reason>
                                      </test-case>
                                      <test-case name="Kistl.DalProvider.Client.Tests.NMRelationBSideTests(0).copyto_should_check_enough_available_space(-6)" executed="True" result="Inconclusive" success="False" time="0.001" asserts="2">
                                        <reason>
                                          <message><![CDATA[  Expected: less than 5
  But was:  12
]]></message>
                                        </reason>
                                      </test-case>
                                      <test-case name="Kistl.DalProvider.Client.Tests.NMRelationBSideTests(0).copyto_should_check_enough_available_space(-5)" executed="True" result="Inconclusive" success="False" time="0.002" asserts="2">
                                        <reason>
                                          <message><![CDATA[  Expected: less than 5
  But was:  11
]]></message>
                                        </reason>
                                      </test-case>
                                      <test-case name="Kistl.DalProvider.Client.Tests.NMRelationBSideTests(0).copyto_should_check_enough_available_space(-4)" executed="True" result="Inconclusive" success="False" time="0.001" asserts="2">
                                        <reason>
                                          <message><![CDATA[  Expected: less than 5
  But was:  10
]]></message>
                                        </reason>
                                      </test-case>
                                      <test-case name="Kistl.DalProvider.Client.Tests.NMRelationBSideTests(0).copyto_should_check_enough_available_space(-3)" executed="True" result="Inconclusive" success="False" time="0.001" asserts="2">
                                        <reason>
                                          <message><![CDATA[  Expected: less than 5
  But was:  9
]]></message>
                                        </reason>
                                      </test-case>
                                      <test-case name="Kistl.DalProvider.Client.Tests.NMRelationBSideTests(0).copyto_should_check_enough_available_space(-2)" executed="True" result="Inconclusive" success="False" time="0.001" asserts="2">
                                        <reason>
                                          <message><![CDATA[  Expected: less than 5
  But was:  8
]]></message>
                                        </reason>
                                      </test-case>
                                      <test-case name="Kistl.DalProvider.Client.Tests.NMRelationBSideTests(0).copyto_should_check_enough_available_space(-1)" executed="True" result="Inconclusive" success="False" time="0.001" asserts="2">
                                        <reason>
                                          <message><![CDATA[  Expected: less than 5
  But was:  7
]]></message>
                                        </reason>
                                      </test-case>
                                      <test-case name="Kistl.DalProvider.Client.Tests.NMRelationBSideTests(0).copyto_should_check_enough_available_space(0)" executed="True" result="Inconclusive" success="False" time="0.001" asserts="2">
                                        <reason>
                                          <message><![CDATA[  Expected: less than 5
  But was:  6
]]></message>
                                        </reason>
                                      </test-case>
                                      <test-case name="Kistl.DalProvider.Client.Tests.NMRelationBSideTests(0).copyto_should_check_enough_available_space(1)" executed="True" result="Inconclusive" success="False" time="0.002" asserts="2">
                                        <reason>
                                          <message><![CDATA[  Expected: less than 5
  But was:  5
]]></message>
                                        </reason>
                                      </test-case>
                                      <test-case name="Kistl.DalProvider.Client.Tests.NMRelationBSideTests(0).copyto_should_check_enough_available_space(2)" executed="True" result="Inconclusive" success="False" time="0.001" asserts="2">
                                        <reason>
                                          <message><![CDATA[  Expected: greater than 5
  But was:  4
]]></message>
                                        </reason>
                                      </test-case>
                                      <test-case name="Kistl.DalProvider.Client.Tests.NMRelationBSideTests(0).copyto_should_check_enough_available_space(3)" executed="True" result="Inconclusive" success="False" time="0.001" asserts="2">
                                        <reason>
                                          <message><![CDATA[  Expected: greater than 5
  But was:  3
]]></message>
                                        </reason>
                                      </test-case>
                                      <test-case name="Kistl.DalProvider.Client.Tests.NMRelationBSideTests(0).copyto_should_check_enough_available_space(4)" executed="True" result="Inconclusive" success="False" time="0.001" asserts="2">
                                        <reason>
                                          <message><![CDATA[  Expected: greater than 5
  But was:  2
]]></message>
                                        </reason>
                                      </test-case>
                                      <test-case name="Kistl.DalProvider.Client.Tests.NMRelationBSideTests(0).copyto_should_check_enough_available_space(5)" executed="True" result="Inconclusive" success="False" time="0.002" asserts="2">
                                        <reason>
                                          <message><![CDATA[  Expected: greater than 5
  But was:  1
]]></message>
                                        </reason>
                                      </test-case>
                                      <test-case name="Kistl.DalProvider.Client.Tests.NMRelationBSideTests(0).copyto_should_check_enough_available_space(6)" executed="True" result="Inconclusive" success="False" time="0.001" asserts="2">
                                        <reason>
                                          <message><![CDATA[  Expected: greater than 0
  But was:  0
]]></message>
                                        </reason>
                                      </test-case>
                                      <test-case name="Kistl.DalProvider.Client.Tests.NMRelationBSideTests(0).copyto_should_check_enough_available_space(7)" executed="True" result="Inconclusive" success="False" time="0.001" asserts="2">
                                        <reason>
                                          <message><![CDATA[  Expected: greater than 0
  But was:  -1
]]></message>
                                        </reason>
                                      </test-case>
                                      <test-case name="Kistl.DalProvider.Client.Tests.NMRelationBSideTests(0).copyto_should_check_enough_available_space(8)" executed="True" result="Inconclusive" success="False" time="0.001" asserts="2">
                                        <reason>
                                          <message><![CDATA[  Expected: greater than 0
  But was:  -2
]]></message>
                                        </reason>
                                      </test-case>
                                      <test-case name="Kistl.DalProvider.Client.Tests.NMRelationBSideTests(0).copyto_should_check_enough_available_space(9)" executed="True" result="Inconclusive" success="False" time="0.001" asserts="2">
                                        <reason>
                                          <message><![CDATA[  Expected: greater than 0
  But was:  -3
]]></message>
                                        </reason>
                                      </test-case>
                                      <test-case name="Kistl.DalProvider.Client.Tests.NMRelationBSideTests(0).copyto_should_check_enough_available_space(10)" executed="True" result="Inconclusive" success="False" time="0.001" asserts="2">
                                        <reason>
                                          <message><![CDATA[  Expected: greater than 0
  But was:  -4
]]></message>
                                        </reason>
                                      </test-case>
                                    </results>
                                  </test-suite>
                                  <test-suite type="ParameterizedTest" name="copyto_should_check_index_not_greater_than_or_equal_array_length" executed="True" result="Inconclusive" success="False" time="0.041" asserts="0">
                                    <results>
                                      <test-case name="Kistl.DalProvider.Client.Tests.NMRelationBSideTests(0).copyto_should_check_index_not_greater_than_or_equal_array_length(-10)" executed="True" result="Inconclusive" success="False" time="0.003" asserts="2">
                                        <reason>
                                          <message><![CDATA[  Expected: greater than 0
  But was:  0
]]></message>
                                        </reason>
                                      </test-case>
                                      <test-case name="Kistl.DalProvider.Client.Tests.NMRelationBSideTests(0).copyto_should_check_index_not_greater_than_or_equal_array_length(-9)" executed="True" result="Inconclusive" success="False" time="0.001" asserts="2">
                                        <reason>
                                          <message><![CDATA[  Expected: greater than 0
  But was:  0
]]></message>
                                        </reason>
                                      </test-case>
                                      <test-case name="Kistl.DalProvider.Client.Tests.NMRelationBSideTests(0).copyto_should_check_index_not_greater_than_or_equal_array_length(-8)" executed="True" result="Inconclusive" success="False" time="0.001" asserts="2">
                                        <reason>
                                          <message><![CDATA[  Expected: greater than 0
  But was:  0
]]></message>
                                        </reason>
                                      </test-case>
                                      <test-case name="Kistl.DalProvider.Client.Tests.NMRelationBSideTests(0).copyto_should_check_index_not_greater_than_or_equal_array_length(-7)" executed="True" result="Inconclusive" success="False" time="0.001" asserts="2">
                                        <reason>
                                          <message><![CDATA[  Expected: greater than 0
  But was:  0
]]></message>
                                        </reason>
                                      </test-case>
                                      <test-case name="Kistl.DalProvider.Client.Tests.NMRelationBSideTests(0).copyto_should_check_index_not_greater_than_or_equal_array_length(-6)" executed="True" result="Inconclusive" success="False" time="0.001" asserts="2">
                                        <reason>
                                          <message><![CDATA[  Expected: greater than 0
  But was:  0
]]></message>
                                        </reason>
                                      </test-case>
                                      <test-case name="Kistl.DalProvider.Client.Tests.NMRelationBSideTests(0).copyto_should_check_index_not_greater_than_or_equal_array_length(-5)" executed="True" result="Inconclusive" success="False" time="0.001" asserts="2">
                                        <reason>
                                          <message><![CDATA[  Expected: greater than 0
  But was:  0
]]></message>
                                        </reason>
                                      </test-case>
                                      <test-case name="Kistl.DalProvider.Client.Tests.NMRelationBSideTests(0).copyto_should_check_index_not_greater_than_or_equal_array_length(-4)" executed="True" result="Inconclusive" success="False" time="0.001" asserts="2">
                                        <reason>
                                          <message><![CDATA[  Expected: greater than 0
  But was:  0
]]></message>
                                        </reason>
                                      </test-case>
                                      <test-case name="Kistl.DalProvider.Client.Tests.NMRelationBSideTests(0).copyto_should_check_index_not_greater_than_or_equal_array_length(-3)" executed="True" result="Inconclusive" success="False" time="0.001" asserts="2">
                                        <reason>
                                          <message><![CDATA[  Expected: greater than 0
  But was:  0
]]></message>
                                        </reason>
                                      </test-case>
                                      <test-case name="Kistl.DalProvider.Client.Tests.NMRelationBSideTests(0).copyto_should_check_index_not_greater_than_or_equal_array_length(-2)" executed="True" result="Inconclusive" success="False" time="0.001" asserts="2">
                                        <reason>
                                          <message><![CDATA[  Expected: greater than 0
  But was:  0
]]></message>
                                        </reason>
                                      </test-case>
                                      <test-case name="Kistl.DalProvider.Client.Tests.NMRelationBSideTests(0).copyto_should_check_index_not_greater_than_or_equal_array_length(-1)" executed="True" result="Inconclusive" success="False" time="0.000" asserts="2">
                                        <reason>
                                          <message><![CDATA[  Expected: greater than 0
  But was:  0
]]></message>
                                        </reason>
                                      </test-case>
                                      <test-case name="Kistl.DalProvider.Client.Tests.NMRelationBSideTests(0).copyto_should_check_index_not_greater_than_or_equal_array_length(0)" executed="True" result="Inconclusive" success="False" time="0.001" asserts="2">
                                        <reason>
                                          <message><![CDATA[  Expected: greater than 0
  But was:  0
]]></message>
                                        </reason>
                                      </test-case>
                                      <test-case name="Kistl.DalProvider.Client.Tests.NMRelationBSideTests(0).copyto_should_check_index_not_greater_than_or_equal_array_length(1)" executed="True" result="Inconclusive" success="False" time="0.001" asserts="2">
                                        <reason>
                                          <message><![CDATA[  Expected: greater than 0
  But was:  0
]]></message>
                                        </reason>
                                      </test-case>
                                      <test-case name="Kistl.DalProvider.Client.Tests.NMRelationBSideTests(0).copyto_should_check_index_not_greater_than_or_equal_array_length(2)" executed="True" result="Inconclusive" success="False" time="0.001" asserts="2">
                                        <reason>
                                          <message><![CDATA[  Expected: greater than 0
  But was:  0
]]></message>
                                        </reason>
                                      </test-case>
                                      <test-case name="Kistl.DalProvider.Client.Tests.NMRelationBSideTests(0).copyto_should_check_index_not_greater_than_or_equal_array_length(3)" executed="True" result="Inconclusive" success="False" time="0.001" asserts="2">
                                        <reason>
                                          <message><![CDATA[  Expected: greater than 0
  But was:  0
]]></message>
                                        </reason>
                                      </test-case>
                                      <test-case name="Kistl.DalProvider.Client.Tests.NMRelationBSideTests(0).copyto_should_check_index_not_greater_than_or_equal_array_length(4)" executed="True" result="Inconclusive" success="False" time="0.001" asserts="2">
                                        <reason>
                                          <message><![CDATA[  Expected: greater than 0
  But was:  0
]]></message>
                                        </reason>
                                      </test-case>
                                      <test-case name="Kistl.DalProvider.Client.Tests.NMRelationBSideTests(0).copyto_should_check_index_not_greater_than_or_equal_array_length(5)" executed="True" result="Inconclusive" success="False" time="0.001" asserts="2">
                                        <reason>
                                          <message><![CDATA[  Expected: greater than 0
  But was:  0
]]></message>
                                        </reason>
                                      </test-case>
                                      <test-case name="Kistl.DalProvider.Client.Tests.NMRelationBSideTests(0).copyto_should_check_index_not_greater_than_or_equal_array_length(6)" executed="True" result="Inconclusive" success="False" time="0.001" asserts="2">
                                        <reason>
                                          <message><![CDATA[  Expected: greater than 0
  But was:  0
]]></message>
                                        </reason>
                                      </test-case>
                                      <test-case name="Kistl.DalProvider.Client.Tests.NMRelationBSideTests(0).copyto_should_check_index_not_greater_than_or_equal_array_length(7)" executed="True" result="Inconclusive" success="False" time="0.002" asserts="2">
                                        <reason>
                                          <message><![CDATA[  Expected: greater than 0
  But was:  0
]]></message>
                                        </reason>
                                      </test-case>
                                      <test-case name="Kistl.DalProvider.Client.Tests.NMRelationBSideTests(0).copyto_should_check_index_not_greater_than_or_equal_array_length(8)" executed="True" result="Inconclusive" success="False" time="0.001" asserts="2">
                                        <reason>
                                          <message><![CDATA[  Expected: greater than 0
  But was:  0
]]></message>
                                        </reason>
                                      </test-case>
                                      <test-case name="Kistl.DalProvider.Client.Tests.NMRelationBSideTests(0).copyto_should_check_index_not_greater_than_or_equal_array_length(9)" executed="True" result="Inconclusive" success="False" time="0.001" asserts="2">
                                        <reason>
                                          <message><![CDATA[  Expected: greater than 0
  But was:  0
]]></message>
                                        </reason>
                                      </test-case>
                                      <test-case name="Kistl.DalProvider.Client.Tests.NMRelationBSideTests(0).copyto_should_check_index_not_greater_than_or_equal_array_length(10)" executed="True" result="Inconclusive" success="False" time="0.001" asserts="2">
                                        <reason>
                                          <message><![CDATA[  Expected: greater than 0
  But was:  0
]]></message>
                                        </reason>
                                      </test-case>
                                    </results>
                                  </test-suite>
                                  <test-suite type="ParameterizedTest" name="copyto_should_copy_items" executed="True" result="Success" success="True" time="0.021" asserts="0">
                                    <results>
                                      <test-case name="Kistl.DalProvider.Client.Tests.NMRelationBSideTests(0).copyto_should_copy_items(0)" executed="True" result="Success" success="True" time="0.006" asserts="6" />
                                      <test-case name="Kistl.DalProvider.Client.Tests.NMRelationBSideTests(0).copyto_should_copy_items(1)" executed="True" result="Success" success="True" time="0.001" asserts="6" />
                                      <test-case name="Kistl.DalProvider.Client.Tests.NMRelationBSideTests(0).copyto_should_copy_items(2)" executed="True" result="Success" success="True" time="0.001" asserts="6" />
                                      <test-case name="Kistl.DalProvider.Client.Tests.NMRelationBSideTests(0).copyto_should_copy_items(3)" executed="True" result="Success" success="True" time="0.000" asserts="6" />
                                      <test-case name="Kistl.DalProvider.Client.Tests.NMRelationBSideTests(0).copyto_should_copy_items(4)" executed="True" result="Success" success="True" time="0.001" asserts="6" />
                                      <test-case name="Kistl.DalProvider.Client.Tests.NMRelationBSideTests(0).copyto_should_copy_items(5)" executed="True" result="Success" success="True" time="0.000" asserts="6" />
                                      <test-case name="Kistl.DalProvider.Client.Tests.NMRelationBSideTests(0).copyto_should_copy_items(6)" executed="True" result="Success" success="True" time="0.001" asserts="6" />
                                      <test-case name="Kistl.DalProvider.Client.Tests.NMRelationBSideTests(0).copyto_should_copy_items(7)" executed="True" result="Success" success="True" time="0.001" asserts="6" />
                                      <test-case name="Kistl.DalProvider.Client.Tests.NMRelationBSideTests(0).copyto_should_copy_items(8)" executed="True" result="Success" success="True" time="0.000" asserts="6" />
                                      <test-case name="Kistl.DalProvider.Client.Tests.NMRelationBSideTests(0).copyto_should_copy_items(9)" executed="True" result="Success" success="True" time="0.001" asserts="6" />
                                      <test-case name="Kistl.DalProvider.Client.Tests.NMRelationBSideTests(0).copyto_should_copy_items(10)" executed="True" result="Success" success="True" time="0.001" asserts="6" />
                                    </results>
                                  </test-suite>
                                  <test-suite type="ParameterizedTest" name="indexer_should_check_negative_index_on_get" executed="True" result="Success" success="True" time="0.011" asserts="0">
                                    <results>
                                      <test-case name="Kistl.DalProvider.Client.Tests.NMRelationBSideTests(0).indexer_should_check_negative_index_on_get(-5)" executed="True" result="Success" success="True" time="0.005" asserts="5" />
                                      <test-case name="Kistl.DalProvider.Client.Tests.NMRelationBSideTests(0).indexer_should_check_negative_index_on_get(-4)" executed="True" result="Success" success="True" time="0.001" asserts="5" />
                                      <test-case name="Kistl.DalProvider.Client.Tests.NMRelationBSideTests(0).indexer_should_check_negative_index_on_get(-3)" executed="True" result="Success" success="True" time="0.001" asserts="5" />
                                      <test-case name="Kistl.DalProvider.Client.Tests.NMRelationBSideTests(0).indexer_should_check_negative_index_on_get(-2)" executed="True" result="Success" success="True" time="0.001" asserts="5" />
                                      <test-case name="Kistl.DalProvider.Client.Tests.NMRelationBSideTests(0).indexer_should_check_negative_index_on_get(-1)" executed="True" result="Success" success="True" time="0.000" asserts="5" />
                                    </results>
                                  </test-suite>
                                  <test-suite type="ParameterizedTest" name="indexer_should_check_negative_index_on_set" executed="True" result="Success" success="True" time="0.010" asserts="0">
                                    <results>
                                      <test-case name="Kistl.DalProvider.Client.Tests.NMRelationBSideTests(0).indexer_should_check_negative_index_on_set(-5)" executed="True" result="Success" success="True" time="0.003" asserts="5" />
                                      <test-case name="Kistl.DalProvider.Client.Tests.NMRelationBSideTests(0).indexer_should_check_negative_index_on_set(-4)" executed="True" result="Success" success="True" time="0.001" asserts="5" />
                                      <test-case name="Kistl.DalProvider.Client.Tests.NMRelationBSideTests(0).indexer_should_check_negative_index_on_set(-3)" executed="True" result="Success" success="True" time="0.001" asserts="5" />
                                      <test-case name="Kistl.DalProvider.Client.Tests.NMRelationBSideTests(0).indexer_should_check_negative_index_on_set(-2)" executed="True" result="Success" success="True" time="0.002" asserts="5" />
                                      <test-case name="Kistl.DalProvider.Client.Tests.NMRelationBSideTests(0).indexer_should_check_negative_index_on_set(-1)" executed="True" result="Success" success="True" time="0.001" asserts="5" />
                                    </results>
                                  </test-suite>
                                  <test-suite type="ParameterizedTest" name="indexer_should_check_too_big_index_on_get" executed="True" result="Success" success="True" time="0.011" asserts="0">
                                    <results>
                                      <test-case name="Kistl.DalProvider.Client.Tests.NMRelationBSideTests(0).indexer_should_check_too_big_index_on_get(0)" executed="True" result="Success" success="True" time="0.002" asserts="5" />
                                      <test-case name="Kistl.DalProvider.Client.Tests.NMRelationBSideTests(0).indexer_should_check_too_big_index_on_get(1)" executed="True" result="Success" success="True" time="0.001" asserts="5" />
                                      <test-case name="Kistl.DalProvider.Client.Tests.NMRelationBSideTests(0).indexer_should_check_too_big_index_on_get(2)" executed="True" result="Success" success="True" time="0.000" asserts="5" />
                                      <test-case name="Kistl.DalProvider.Client.Tests.NMRelationBSideTests(0).indexer_should_check_too_big_index_on_get(3)" executed="True" result="Success" success="True" time="0.001" asserts="5" />
                                      <test-case name="Kistl.DalProvider.Client.Tests.NMRelationBSideTests(0).indexer_should_check_too_big_index_on_get(4)" executed="True" result="Success" success="True" time="0.001" asserts="5" />
                                      <test-case name="Kistl.DalProvider.Client.Tests.NMRelationBSideTests(0).indexer_should_check_too_big_index_on_get(5)" executed="True" result="Success" success="True" time="0.001" asserts="5" />
                                    </results>
                                  </test-suite>
                                  <test-suite type="ParameterizedTest" name="indexer_should_check_too_big_index_on_set" executed="True" result="Success" success="True" time="0.011" asserts="0">
                                    <results>
                                      <test-case name="Kistl.DalProvider.Client.Tests.NMRelationBSideTests(0).indexer_should_check_too_big_index_on_set(0)" executed="True" result="Success" success="True" time="0.002" asserts="5" />
                                      <test-case name="Kistl.DalProvider.Client.Tests.NMRelationBSideTests(0).indexer_should_check_too_big_index_on_set(1)" executed="True" result="Success" success="True" time="0.001" asserts="5" />
                                      <test-case name="Kistl.DalProvider.Client.Tests.NMRelationBSideTests(0).indexer_should_check_too_big_index_on_set(2)" executed="True" result="Success" success="True" time="0.001" asserts="5" />
                                      <test-case name="Kistl.DalProvider.Client.Tests.NMRelationBSideTests(0).indexer_should_check_too_big_index_on_set(3)" executed="True" result="Success" success="True" time="0.001" asserts="5" />
                                      <test-case name="Kistl.DalProvider.Client.Tests.NMRelationBSideTests(0).indexer_should_check_too_big_index_on_set(4)" executed="True" result="Success" success="True" time="0.001" asserts="5" />
                                      <test-case name="Kistl.DalProvider.Client.Tests.NMRelationBSideTests(0).indexer_should_check_too_big_index_on_set(5)" executed="True" result="Success" success="True" time="0.001" asserts="5" />
                                    </results>
                                  </test-suite>
                                  <test-suite type="ParameterizedTest" name="indexer_should_set_items_beginning" executed="True" result="Inconclusive" success="False" time="0.013" asserts="0">
                                    <results>
                                      <test-case name="Kistl.DalProvider.Client.Tests.NMRelationBSideTests(0).indexer_should_set_items_beginning(0)" executed="True" result="Inconclusive" success="False" time="0.004" asserts="2">
                                        <reason>
                                          <message><![CDATA[  Expected: greater than 0
  But was:  0
]]></message>
                                        </reason>
                                      </test-case>
                                      <test-case name="Kistl.DalProvider.Client.Tests.NMRelationBSideTests(0).indexer_should_set_items_beginning(1)" executed="True" result="Inconclusive" success="False" time="0.001" asserts="2">
                                        <reason>
                                          <message><![CDATA[  Expected: less than 0
  But was:  1
]]></message>
                                        </reason>
                                      </test-case>
                                      <test-case name="Kistl.DalProvider.Client.Tests.NMRelationBSideTests(0).indexer_should_set_items_beginning(2)" executed="True" result="Inconclusive" success="False" time="0.001" asserts="2">
                                        <reason>
                                          <message><![CDATA[  Expected: less than 0
  But was:  2
]]></message>
                                        </reason>
                                      </test-case>
                                      <test-case name="Kistl.DalProvider.Client.Tests.NMRelationBSideTests(0).indexer_should_set_items_beginning(3)" executed="True" result="Inconclusive" success="False" time="0.001" asserts="2">
                                        <reason>
                                          <message><![CDATA[  Expected: less than 0
  But was:  3
]]></message>
                                        </reason>
                                      </test-case>
                                      <test-case name="Kistl.DalProvider.Client.Tests.NMRelationBSideTests(0).indexer_should_set_items_beginning(4)" executed="True" result="Inconclusive" success="False" time="0.001" asserts="2">
                                        <reason>
                                          <message><![CDATA[  Expected: less than 0
  But was:  4
]]></message>
                                        </reason>
                                      </test-case>
                                      <test-case name="Kistl.DalProvider.Client.Tests.NMRelationBSideTests(0).indexer_should_set_items_beginning(5)" executed="True" result="Inconclusive" success="False" time="0.001" asserts="2">
                                        <reason>
                                          <message><![CDATA[  Expected: less than 0
  But was:  5
]]></message>
                                        </reason>
                                      </test-case>
                                    </results>
                                  </test-suite>
                                  <test-suite type="ParameterizedTest" name="indexer_should_set_items_end" executed="True" result="Inconclusive" success="False" time="0.013" asserts="0">
                                    <results>
                                      <test-case name="Kistl.DalProvider.Client.Tests.NMRelationBSideTests(0).indexer_should_set_items_end(0)" executed="True" result="Inconclusive" success="False" time="0.002" asserts="2">
                                        <reason>
                                          <message><![CDATA[  Expected: greater than 0
  But was:  0
]]></message>
                                        </reason>
                                      </test-case>
                                      <test-case name="Kistl.DalProvider.Client.Tests.NMRelationBSideTests(0).indexer_should_set_items_end(1)" executed="True" result="Inconclusive" success="False" time="0.001" asserts="2">
                                        <reason>
                                          <message><![CDATA[  Expected: greater than 0
  But was:  -1
]]></message>
                                        </reason>
                                      </test-case>
                                      <test-case name="Kistl.DalProvider.Client.Tests.NMRelationBSideTests(0).indexer_should_set_items_end(2)" executed="True" result="Inconclusive" success="False" time="0.001" asserts="2">
                                        <reason>
                                          <message><![CDATA[  Expected: greater than 0
  But was:  -2
]]></message>
                                        </reason>
                                      </test-case>
                                      <test-case name="Kistl.DalProvider.Client.Tests.NMRelationBSideTests(0).indexer_should_set_items_end(3)" executed="True" result="Inconclusive" success="False" time="0.002" asserts="2">
                                        <reason>
                                          <message><![CDATA[  Expected: greater than 0
  But was:  -3
]]></message>
                                        </reason>
                                      </test-case>
                                      <test-case name="Kistl.DalProvider.Client.Tests.NMRelationBSideTests(0).indexer_should_set_items_end(4)" executed="True" result="Inconclusive" success="False" time="0.001" asserts="2">
                                        <reason>
                                          <message><![CDATA[  Expected: greater than 0
  But was:  -4
]]></message>
                                        </reason>
                                      </test-case>
                                      <test-case name="Kistl.DalProvider.Client.Tests.NMRelationBSideTests(0).indexer_should_set_items_end(5)" executed="True" result="Inconclusive" success="False" time="0.001" asserts="2">
                                        <reason>
                                          <message><![CDATA[  Expected: greater than 0
  But was:  -5
]]></message>
                                        </reason>
                                      </test-case>
                                    </results>
                                  </test-suite>
                                  <test-suite type="ParameterizedTest" name="insert_should_insert_at_the_beginning" executed="True" result="Inconclusive" success="False" time="0.013" asserts="0">
                                    <results>
                                      <test-case name="Kistl.DalProvider.Client.Tests.NMRelationBSideTests(0).insert_should_insert_at_the_beginning(0)" executed="True" result="Inconclusive" success="False" time="0.004" asserts="2">
                                        <reason>
                                          <message><![CDATA[  Expected: less than 0
  But was:  0
]]></message>
                                        </reason>
                                      </test-case>
                                      <test-case name="Kistl.DalProvider.Client.Tests.NMRelationBSideTests(0).insert_should_insert_at_the_beginning(1)" executed="True" result="Inconclusive" success="False" time="0.001" asserts="2">
                                        <reason>
                                          <message><![CDATA[  Expected: less than 0
  But was:  1
]]></message>
                                        </reason>
                                      </test-case>
                                      <test-case name="Kistl.DalProvider.Client.Tests.NMRelationBSideTests(0).insert_should_insert_at_the_beginning(2)" executed="True" result="Inconclusive" success="False" time="0.001" asserts="2">
                                        <reason>
                                          <message><![CDATA[  Expected: less than 0
  But was:  2
]]></message>
                                        </reason>
                                      </test-case>
                                      <test-case name="Kistl.DalProvider.Client.Tests.NMRelationBSideTests(0).insert_should_insert_at_the_beginning(3)" executed="True" result="Inconclusive" success="False" time="0.001" asserts="2">
                                        <reason>
                                          <message><![CDATA[  Expected: less than 0
  But was:  3
]]></message>
                                        </reason>
                                      </test-case>
                                      <test-case name="Kistl.DalProvider.Client.Tests.NMRelationBSideTests(0).insert_should_insert_at_the_beginning(4)" executed="True" result="Inconclusive" success="False" time="0.001" asserts="2">
                                        <reason>
                                          <message><![CDATA[  Expected: less than 0
  But was:  4
]]></message>
                                        </reason>
                                      </test-case>
                                      <test-case name="Kistl.DalProvider.Client.Tests.NMRelationBSideTests(0).insert_should_insert_at_the_beginning(5)" executed="True" result="Inconclusive" success="False" time="0.001" asserts="2">
                                        <reason>
                                          <message><![CDATA[  Expected: less than 0
  But was:  5
]]></message>
                                        </reason>
                                      </test-case>
                                    </results>
                                  </test-suite>
                                  <test-suite type="ParameterizedTest" name="insert_should_insert_at_the_end" executed="True" result="Inconclusive" success="False" time="0.012" asserts="0">
                                    <results>
                                      <test-case name="Kistl.DalProvider.Client.Tests.NMRelationBSideTests(0).insert_should_insert_at_the_end(0)" executed="True" result="Inconclusive" success="False" time="0.002" asserts="2">
                                        <reason>
                                          <message><![CDATA[  Expected: greater than 0
  But was:  0
]]></message>
                                        </reason>
                                      </test-case>
                                      <test-case name="Kistl.DalProvider.Client.Tests.NMRelationBSideTests(0).insert_should_insert_at_the_end(1)" executed="True" result="Inconclusive" success="False" time="0.001" asserts="2">
                                        <reason>
                                          <message><![CDATA[  Expected: greater than 0
  But was:  -1
]]></message>
                                        </reason>
                                      </test-case>
                                      <test-case name="Kistl.DalProvider.Client.Tests.NMRelationBSideTests(0).insert_should_insert_at_the_end(2)" executed="True" result="Inconclusive" success="False" time="0.001" asserts="2">
                                        <reason>
                                          <message><![CDATA[  Expected: greater than 0
  But was:  -2
]]></message>
                                        </reason>
                                      </test-case>
                                      <test-case name="Kistl.DalProvider.Client.Tests.NMRelationBSideTests(0).insert_should_insert_at_the_end(3)" executed="True" result="Inconclusive" success="False" time="0.001" asserts="2">
                                        <reason>
                                          <message><![CDATA[  Expected: greater than 0
  But was:  -3
]]></message>
                                        </reason>
                                      </test-case>
                                      <test-case name="Kistl.DalProvider.Client.Tests.NMRelationBSideTests(0).insert_should_insert_at_the_end(4)" executed="True" result="Inconclusive" success="False" time="0.001" asserts="2">
                                        <reason>
                                          <message><![CDATA[  Expected: greater than 0
  But was:  -4
]]></message>
                                        </reason>
                                      </test-case>
                                      <test-case name="Kistl.DalProvider.Client.Tests.NMRelationBSideTests(0).insert_should_insert_at_the_end(5)" executed="True" result="Inconclusive" success="False" time="0.001" asserts="2">
                                        <reason>
                                          <message><![CDATA[  Expected: greater than 0
  But was:  -5
]]></message>
                                        </reason>
                                      </test-case>
                                    </results>
                                  </test-suite>
                                  <test-suite type="ParameterizedTest" name="remove_should_remove_contained_object_from_beginning" executed="True" result="Inconclusive" success="False" time="0.012" asserts="0">
                                    <results>
                                      <test-case name="Kistl.DalProvider.Client.Tests.NMRelationBSideTests(0).remove_should_remove_contained_object_from_beginning(0)" executed="True" result="Inconclusive" success="False" time="0.003" asserts="2">
                                        <reason>
                                          <message><![CDATA[  Expected: less than 0
  But was:  0
]]></message>
                                        </reason>
                                      </test-case>
                                      <test-case name="Kistl.DalProvider.Client.Tests.NMRelationBSideTests(0).remove_should_remove_contained_object_from_beginning(1)" executed="True" result="Inconclusive" success="False" time="0.001" asserts="2">
                                        <reason>
                                          <message><![CDATA[  Expected: less than 0
  But was:  1
]]></message>
                                        </reason>
                                      </test-case>
                                      <test-case name="Kistl.DalProvider.Client.Tests.NMRelationBSideTests(0).remove_should_remove_contained_object_from_beginning(2)" executed="True" result="Inconclusive" success="False" time="0.001" asserts="2">
                                        <reason>
                                          <message><![CDATA[  Expected: less than 0
  But was:  2
]]></message>
                                        </reason>
                                      </test-case>
                                      <test-case name="Kistl.DalProvider.Client.Tests.NMRelationBSideTests(0).remove_should_remove_contained_object_from_beginning(3)" executed="True" result="Inconclusive" success="False" time="0.001" asserts="2">
                                        <reason>
                                          <message><![CDATA[  Expected: less than 0
  But was:  3
]]></message>
                                        </reason>
                                      </test-case>
                                      <test-case name="Kistl.DalProvider.Client.Tests.NMRelationBSideTests(0).remove_should_remove_contained_object_from_beginning(4)" executed="True" result="Inconclusive" success="False" time="0.001" asserts="2">
                                        <reason>
                                          <message><![CDATA[  Expected: less than 0
  But was:  4
]]></message>
                                        </reason>
                                      </test-case>
                                      <test-case name="Kistl.DalProvider.Client.Tests.NMRelationBSideTests(0).remove_should_remove_contained_object_from_beginning(5)" executed="True" result="Inconclusive" success="False" time="0.001" asserts="2">
                                        <reason>
                                          <message><![CDATA[  Expected: less than 0
  But was:  5
]]></message>
                                        </reason>
                                      </test-case>
                                    </results>
                                  </test-suite>
                                  <test-suite type="ParameterizedTest" name="remove_should_remove_contained_object_from_end" executed="True" result="Inconclusive" success="False" time="0.011" asserts="0">
                                    <results>
                                      <test-case name="Kistl.DalProvider.Client.Tests.NMRelationBSideTests(0).remove_should_remove_contained_object_from_end(0)" executed="True" result="Inconclusive" success="False" time="0.002" asserts="2">
                                        <reason>
                                          <message><![CDATA[  Expected: less than 0
  But was:  0
]]></message>
                                        </reason>
                                      </test-case>
                                      <test-case name="Kistl.DalProvider.Client.Tests.NMRelationBSideTests(0).remove_should_remove_contained_object_from_end(1)" executed="True" result="Inconclusive" success="False" time="0.001" asserts="2">
                                        <reason>
                                          <message><![CDATA[  Expected: greater than or equal to 0
  But was:  -1
]]></message>
                                        </reason>
                                      </test-case>
                                      <test-case name="Kistl.DalProvider.Client.Tests.NMRelationBSideTests(0).remove_should_remove_contained_object_from_end(2)" executed="True" result="Inconclusive" success="False" time="0.001" asserts="2">
                                        <reason>
                                          <message><![CDATA[  Expected: greater than or equal to 0
  But was:  -2
]]></message>
                                        </reason>
                                      </test-case>
                                      <test-case name="Kistl.DalProvider.Client.Tests.NMRelationBSideTests(0).remove_should_remove_contained_object_from_end(3)" executed="True" result="Inconclusive" success="False" time="0.001" asserts="2">
                                        <reason>
                                          <message><![CDATA[  Expected: greater than or equal to 0
  But was:  -3
]]></message>
                                        </reason>
                                      </test-case>
                                      <test-case name="Kistl.DalProvider.Client.Tests.NMRelationBSideTests(0).remove_should_remove_contained_object_from_end(4)" executed="True" result="Inconclusive" success="False" time="0.001" asserts="2">
                                        <reason>
                                          <message><![CDATA[  Expected: greater than or equal to 0
  But was:  -4
]]></message>
                                        </reason>
                                      </test-case>
                                      <test-case name="Kistl.DalProvider.Client.Tests.NMRelationBSideTests(0).remove_should_remove_contained_object_from_end(5)" executed="True" result="Inconclusive" success="False" time="0.001" asserts="2">
                                        <reason>
                                          <message><![CDATA[  Expected: greater than or equal to 0
  But was:  -5
]]></message>
                                        </reason>
                                      </test-case>
                                    </results>
                                  </test-suite>
                                </results>
                              </test-suite>
                              <test-suite type="TestFixture" name="NMRelationBSideTests(1)" executed="True" result="Success" success="True" time="4.315" asserts="0">
                                <results>
                                  <test-case name="Kistl.DalProvider.Client.Tests.NMRelationBSideTests(1).BasicCollectionTests`2.copyto_should_check_array_dimensions" executed="True" result="Success" success="True" time="0.003" asserts="5" />
                                  <test-case name="Kistl.DalProvider.Client.Tests.NMRelationBSideTests(1).BasicCollectionTests`2.copyto_should_check_array_for_null" executed="True" result="Success" success="True" time="0.003" asserts="5" />
                                  <test-case name="Kistl.DalProvider.Client.Tests.NMRelationBSideTests(1).BasicCollectionTests`2.copyto_should_check_index_nonnegative" executed="True" result="Success" success="True" time="0.002" asserts="5" />
                                  <test-case name="Kistl.DalProvider.Client.Tests.NMRelationBSideTests(1).BasicCollectionTests`2.copyto_should_fail_on_wrong_destination_type" executed="True" result="Success" success="True" time="0.002" asserts="5" />
                                  <test-case name="Kistl.DalProvider.Client.Tests.NMRelationBSideTests(1).BasicCollectionTests`2.count_should_have_initial_number_of_items" executed="True" result="Success" success="True" time="0.002" asserts="5" />
                                  <test-case name="Kistl.DalProvider.Client.Tests.NMRelationBSideTests(1).BasicCollectionTests`2.enumerator_should_yield_all_items" executed="True" result="Success" success="True" time="0.004" asserts="5" />
                                  <test-case name="Kistl.DalProvider.Client.Tests.NMRelationBSideTests(1).BasicCollectionTests`2.issynchronized_should_not_throw" executed="True" result="Success" success="True" time="0.003" asserts="5" />
                                  <test-case name="Kistl.DalProvider.Client.Tests.NMRelationBSideTests(1).BasicCollectionTests`2.syncroot_should_exist" executed="True" result="Success" success="True" time="0.002" asserts="5" />
                                  <test-case name="Kistl.DalProvider.Client.Tests.NMRelationBSideTests(1).BasicListTests`2.clear_should_remove_all_items" executed="True" result="Success" success="True" time="0.003" asserts="5" />
                                  <test-case name="Kistl.DalProvider.Client.Tests.NMRelationBSideTests(1).BasicListTests`2.indexer_should_get_items" executed="True" result="Success" success="True" time="0.003" asserts="5" />
                                  <test-case name="Kistl.DalProvider.Client.Tests.NMRelationBSideTests(1).BasicListTests`2.indexOf_should_return_index" executed="True" result="Success" success="True" time="0.003" asserts="5" />
                                  <test-case name="Kistl.DalProvider.Client.Tests.NMRelationBSideTests(1).BasicListTests`2.indexOf_should_return_minus_one_for_otherItem" executed="True" result="Success" success="True" time="0.002" asserts="5" />
                                  <test-case name="Kistl.DalProvider.Client.Tests.NMRelationBSideTests(1).BasicListTests`2.isfixedsize_should_not_be_set" executed="True" result="Success" success="True" time="0.002" asserts="5" />
                                  <test-case name="Kistl.DalProvider.Client.Tests.NMRelationBSideTests(1).BasicListTests`2.isreadonly_should_not_be_set" executed="True" result="Success" success="True" time="0.002" asserts="5" />
                                  <test-case name="Kistl.DalProvider.Client.Tests.NMRelationBSideTests(1).BasicListTests`2.remove_should_ignore_other_item" executed="True" result="Success" success="True" time="0.003" asserts="7" />
                                  <test-suite type="ParameterizedTest" name="add_should_insert_items_at_the_end" executed="True" result="Success" success="True" time="3.904" asserts="0">
                                    <results>
                                      <test-case name="Kistl.DalProvider.Client.Tests.NMRelationBSideTests(1).add_should_insert_items_at_the_end(1)" executed="True" result="Success" success="True" time="0.003" asserts="6" />
                                      <test-case name="Kistl.DalProvider.Client.Tests.NMRelationBSideTests(1).add_should_insert_items_at_the_end(11)" executed="True" result="Success" success="True" time="0.030" asserts="26" />
                                      <test-case name="Kistl.DalProvider.Client.Tests.NMRelationBSideTests(1).add_should_insert_items_at_the_end(21)" executed="True" result="Success" success="True" time="0.078" asserts="46" />
                                      <test-case name="Kistl.DalProvider.Client.Tests.NMRelationBSideTests(1).add_should_insert_items_at_the_end(31)" executed="True" result="Success" success="True" time="0.151" asserts="66" />
                                      <test-case name="Kistl.DalProvider.Client.Tests.NMRelationBSideTests(1).add_should_insert_items_at_the_end(41)" executed="True" result="Success" success="True" time="0.244" asserts="86" />
                                      <test-case name="Kistl.DalProvider.Client.Tests.NMRelationBSideTests(1).add_should_insert_items_at_the_end(51)" executed="True" result="Success" success="True" time="0.355" asserts="106" />
                                      <test-case name="Kistl.DalProvider.Client.Tests.NMRelationBSideTests(1).add_should_insert_items_at_the_end(61)" executed="True" result="Success" success="True" time="0.495" asserts="126" />
                                      <test-case name="Kistl.DalProvider.Client.Tests.NMRelationBSideTests(1).add_should_insert_items_at_the_end(71)" executed="True" result="Success" success="True" time="0.653" asserts="146" />
                                      <test-case name="Kistl.DalProvider.Client.Tests.NMRelationBSideTests(1).add_should_insert_items_at_the_end(81)" executed="True" result="Success" success="True" time="0.839" asserts="166" />
                                      <test-case name="Kistl.DalProvider.Client.Tests.NMRelationBSideTests(1).add_should_insert_items_at_the_end(91)" executed="True" result="Success" success="True" time="1.042" asserts="186" />
                                    </results>
                                  </test-suite>
                                  <test-suite type="ParameterizedTest" name="copyto_should_check_enough_available_space" executed="True" result="Inconclusive" success="False" time="0.059" asserts="0">
                                    <results>
                                      <test-case name="Kistl.DalProvider.Client.Tests.NMRelationBSideTests(1).copyto_should_check_enough_available_space(-10)" executed="True" result="Inconclusive" success="False" time="0.002" asserts="2">
                                        <reason>
                                          <message><![CDATA[  Expected: less than 6
  But was:  16
]]></message>
                                        </reason>
                                      </test-case>
                                      <test-case name="Kistl.DalProvider.Client.Tests.NMRelationBSideTests(1).copyto_should_check_enough_available_space(-9)" executed="True" result="Inconclusive" success="False" time="0.002" asserts="2">
                                        <reason>
                                          <message><![CDATA[  Expected: less than 6
  But was:  15
]]></message>
                                        </reason>
                                      </test-case>
                                      <test-case name="Kistl.DalProvider.Client.Tests.NMRelationBSideTests(1).copyto_should_check_enough_available_space(-8)" executed="True" result="Inconclusive" success="False" time="0.002" asserts="2">
                                        <reason>
                                          <message><![CDATA[  Expected: less than 6
  But was:  14
]]></message>
                                        </reason>
                                      </test-case>
                                      <test-case name="Kistl.DalProvider.Client.Tests.NMRelationBSideTests(1).copyto_should_check_enough_available_space(-7)" executed="True" result="Inconclusive" success="False" time="0.002" asserts="2">
                                        <reason>
                                          <message><![CDATA[  Expected: less than 6
  But was:  13
]]></message>
                                        </reason>
                                      </test-case>
                                      <test-case name="Kistl.DalProvider.Client.Tests.NMRelationBSideTests(1).copyto_should_check_enough_available_space(-6)" executed="True" result="Inconclusive" success="False" time="0.002" asserts="2">
                                        <reason>
                                          <message><![CDATA[  Expected: less than 6
  But was:  12
]]></message>
                                        </reason>
                                      </test-case>
                                      <test-case name="Kistl.DalProvider.Client.Tests.NMRelationBSideTests(1).copyto_should_check_enough_available_space(-5)" executed="True" result="Inconclusive" success="False" time="0.002" asserts="2">
                                        <reason>
                                          <message><![CDATA[  Expected: less than 6
  But was:  11
]]></message>
                                        </reason>
                                      </test-case>
                                      <test-case name="Kistl.DalProvider.Client.Tests.NMRelationBSideTests(1).copyto_should_check_enough_available_space(-4)" executed="True" result="Inconclusive" success="False" time="0.002" asserts="2">
                                        <reason>
                                          <message><![CDATA[  Expected: less than 6
  But was:  10
]]></message>
                                        </reason>
                                      </test-case>
                                      <test-case name="Kistl.DalProvider.Client.Tests.NMRelationBSideTests(1).copyto_should_check_enough_available_space(-3)" executed="True" result="Inconclusive" success="False" time="0.002" asserts="2">
                                        <reason>
                                          <message><![CDATA[  Expected: less than 6
  But was:  9
]]></message>
                                        </reason>
                                      </test-case>
                                      <test-case name="Kistl.DalProvider.Client.Tests.NMRelationBSideTests(1).copyto_should_check_enough_available_space(-2)" executed="True" result="Inconclusive" success="False" time="0.002" asserts="2">
                                        <reason>
                                          <message><![CDATA[  Expected: less than 6
  But was:  8
]]></message>
                                        </reason>
                                      </test-case>
                                      <test-case name="Kistl.DalProvider.Client.Tests.NMRelationBSideTests(1).copyto_should_check_enough_available_space(-1)" executed="True" result="Inconclusive" success="False" time="0.002" asserts="2">
                                        <reason>
                                          <message><![CDATA[  Expected: less than 6
  But was:  7
]]></message>
                                        </reason>
                                      </test-case>
                                      <test-case name="Kistl.DalProvider.Client.Tests.NMRelationBSideTests(1).copyto_should_check_enough_available_space(0)" executed="True" result="Inconclusive" success="False" time="0.002" asserts="2">
                                        <reason>
                                          <message><![CDATA[  Expected: less than 6
  But was:  6
]]></message>
                                        </reason>
                                      </test-case>
                                      <test-case name="Kistl.DalProvider.Client.Tests.NMRelationBSideTests(1).copyto_should_check_enough_available_space(1)" executed="True" result="Inconclusive" success="False" time="0.002" asserts="2">
                                        <reason>
                                          <message><![CDATA[  Expected: greater than 6
  But was:  6
]]></message>
                                        </reason>
                                      </test-case>
                                      <test-case name="Kistl.DalProvider.Client.Tests.NMRelationBSideTests(1).copyto_should_check_enough_available_space(2)" executed="True" result="Inconclusive" success="False" time="0.002" asserts="2">
                                        <reason>
                                          <message><![CDATA[  Expected: greater than 6
  But was:  5
]]></message>
                                        </reason>
                                      </test-case>
                                      <test-case name="Kistl.DalProvider.Client.Tests.NMRelationBSideTests(1).copyto_should_check_enough_available_space(3)" executed="True" result="Inconclusive" success="False" time="0.002" asserts="2">
                                        <reason>
                                          <message><![CDATA[  Expected: greater than 6
  But was:  4
]]></message>
                                        </reason>
                                      </test-case>
                                      <test-case name="Kistl.DalProvider.Client.Tests.NMRelationBSideTests(1).copyto_should_check_enough_available_space(4)" executed="True" result="Inconclusive" success="False" time="0.002" asserts="2">
                                        <reason>
                                          <message><![CDATA[  Expected: greater than 6
  But was:  3
]]></message>
                                        </reason>
                                      </test-case>
                                      <test-case name="Kistl.DalProvider.Client.Tests.NMRelationBSideTests(1).copyto_should_check_enough_available_space(5)" executed="True" result="Inconclusive" success="False" time="0.002" asserts="2">
                                        <reason>
                                          <message><![CDATA[  Expected: greater than 6
  But was:  2
]]></message>
                                        </reason>
                                      </test-case>
                                      <test-case name="Kistl.DalProvider.Client.Tests.NMRelationBSideTests(1).copyto_should_check_enough_available_space(6)" executed="True" result="Inconclusive" success="False" time="0.002" asserts="2">
                                        <reason>
                                          <message><![CDATA[  Expected: greater than 0
  But was:  0
]]></message>
                                        </reason>
                                      </test-case>
                                      <test-case name="Kistl.DalProvider.Client.Tests.NMRelationBSideTests(1).copyto_should_check_enough_available_space(7)" executed="True" result="Inconclusive" success="False" time="0.002" asserts="2">
                                        <reason>
                                          <message><![CDATA[  Expected: greater than 0
  But was:  -1
]]></message>
                                        </reason>
                                      </test-case>
                                      <test-case name="Kistl.DalProvider.Client.Tests.NMRelationBSideTests(1).copyto_should_check_enough_available_space(8)" executed="True" result="Inconclusive" success="False" time="0.003" asserts="2">
                                        <reason>
                                          <message><![CDATA[  Expected: greater than 0
  But was:  -2
]]></message>
                                        </reason>
                                      </test-case>
                                      <test-case name="Kistl.DalProvider.Client.Tests.NMRelationBSideTests(1).copyto_should_check_enough_available_space(9)" executed="True" result="Inconclusive" success="False" time="0.002" asserts="2">
                                        <reason>
                                          <message><![CDATA[  Expected: greater than 0
  But was:  -3
]]></message>
                                        </reason>
                                      </test-case>
                                      <test-case name="Kistl.DalProvider.Client.Tests.NMRelationBSideTests(1).copyto_should_check_enough_available_space(10)" executed="True" result="Inconclusive" success="False" time="0.002" asserts="2">
                                        <reason>
                                          <message><![CDATA[  Expected: greater than 0
  But was:  -4
]]></message>
                                        </reason>
                                      </test-case>
                                    </results>
                                  </test-suite>
                                  <test-suite type="ParameterizedTest" name="copyto_should_check_index_not_greater_than_or_equal_array_length" executed="True" result="Success" success="True" time="0.063" asserts="0">
                                    <results>
                                      <test-case name="Kistl.DalProvider.Client.Tests.NMRelationBSideTests(1).copyto_should_check_index_not_greater_than_or_equal_array_length(-10)" executed="True" result="Success" success="True" time="0.003" asserts="5" />
                                      <test-case name="Kistl.DalProvider.Client.Tests.NMRelationBSideTests(1).copyto_should_check_index_not_greater_than_or_equal_array_length(-9)" executed="True" result="Success" success="True" time="0.002" asserts="5" />
                                      <test-case name="Kistl.DalProvider.Client.Tests.NMRelationBSideTests(1).copyto_should_check_index_not_greater_than_or_equal_array_length(-8)" executed="True" result="Success" success="True" time="0.002" asserts="5" />
                                      <test-case name="Kistl.DalProvider.Client.Tests.NMRelationBSideTests(1).copyto_should_check_index_not_greater_than_or_equal_array_length(-7)" executed="True" result="Success" success="True" time="0.002" asserts="5" />
                                      <test-case name="Kistl.DalProvider.Client.Tests.NMRelationBSideTests(1).copyto_should_check_index_not_greater_than_or_equal_array_length(-6)" executed="True" result="Success" success="True" time="0.002" asserts="5" />
                                      <test-case name="Kistl.DalProvider.Client.Tests.NMRelationBSideTests(1).copyto_should_check_index_not_greater_than_or_equal_array_length(-5)" executed="True" result="Success" success="True" time="0.003" asserts="5" />
                                      <test-case name="Kistl.DalProvider.Client.Tests.NMRelationBSideTests(1).copyto_should_check_index_not_greater_than_or_equal_array_length(-4)" executed="True" result="Success" success="True" time="0.002" asserts="5" />
                                      <test-case name="Kistl.DalProvider.Client.Tests.NMRelationBSideTests(1).copyto_should_check_index_not_greater_than_or_equal_array_length(-3)" executed="True" result="Success" success="True" time="0.002" asserts="5" />
                                      <test-case name="Kistl.DalProvider.Client.Tests.NMRelationBSideTests(1).copyto_should_check_index_not_greater_than_or_equal_array_length(-2)" executed="True" result="Success" success="True" time="0.003" asserts="5" />
                                      <test-case name="Kistl.DalProvider.Client.Tests.NMRelationBSideTests(1).copyto_should_check_index_not_greater_than_or_equal_array_length(-1)" executed="True" result="Success" success="True" time="0.002" asserts="5" />
                                      <test-case name="Kistl.DalProvider.Client.Tests.NMRelationBSideTests(1).copyto_should_check_index_not_greater_than_or_equal_array_length(0)" executed="True" result="Success" success="True" time="0.003" asserts="5" />
                                      <test-case name="Kistl.DalProvider.Client.Tests.NMRelationBSideTests(1).copyto_should_check_index_not_greater_than_or_equal_array_length(1)" executed="True" result="Inconclusive" success="False" time="0.003" asserts="2">
                                        <reason>
                                          <message><![CDATA[  Expected: greater than or equal to 6
  But was:  5
]]></message>
                                        </reason>
                                      </test-case>
                                      <test-case name="Kistl.DalProvider.Client.Tests.NMRelationBSideTests(1).copyto_should_check_index_not_greater_than_or_equal_array_length(2)" executed="True" result="Inconclusive" success="False" time="0.002" asserts="2">
                                        <reason>
                                          <message><![CDATA[  Expected: greater than or equal to 6
  But was:  4
]]></message>
                                        </reason>
                                      </test-case>
                                      <test-case name="Kistl.DalProvider.Client.Tests.NMRelationBSideTests(1).copyto_should_check_index_not_greater_than_or_equal_array_length(3)" executed="True" result="Inconclusive" success="False" time="0.002" asserts="2">
                                        <reason>
                                          <message><![CDATA[  Expected: greater than or equal to 6
  But was:  3
]]></message>
                                        </reason>
                                      </test-case>
                                      <test-case name="Kistl.DalProvider.Client.Tests.NMRelationBSideTests(1).copyto_should_check_index_not_greater_than_or_equal_array_length(4)" executed="True" result="Inconclusive" success="False" time="0.002" asserts="2">
                                        <reason>
                                          <message><![CDATA[  Expected: greater than or equal to 6
  But was:  2
]]></message>
                                        </reason>
                                      </test-case>
                                      <test-case name="Kistl.DalProvider.Client.Tests.NMRelationBSideTests(1).copyto_should_check_index_not_greater_than_or_equal_array_length(5)" executed="True" result="Inconclusive" success="False" time="0.002" asserts="2">
                                        <reason>
                                          <message><![CDATA[  Expected: greater than or equal to 6
  But was:  1
]]></message>
                                        </reason>
                                      </test-case>
                                      <test-case name="Kistl.DalProvider.Client.Tests.NMRelationBSideTests(1).copyto_should_check_index_not_greater_than_or_equal_array_length(6)" executed="True" result="Inconclusive" success="False" time="0.002" asserts="2">
                                        <reason>
                                          <message><![CDATA[  Expected: greater than or equal to 6
  But was:  0
]]></message>
                                        </reason>
                                      </test-case>
                                      <test-case name="Kistl.DalProvider.Client.Tests.NMRelationBSideTests(1).copyto_should_check_index_not_greater_than_or_equal_array_length(7)" executed="True" result="Inconclusive" success="False" time="0.002" asserts="2">
                                        <reason>
                                          <message><![CDATA[  Expected: greater than or equal to 6
  But was:  -1
]]></message>
                                        </reason>
                                      </test-case>
                                      <test-case name="Kistl.DalProvider.Client.Tests.NMRelationBSideTests(1).copyto_should_check_index_not_greater_than_or_equal_array_length(8)" executed="True" result="Inconclusive" success="False" time="0.002" asserts="2">
                                        <reason>
                                          <message><![CDATA[  Expected: greater than or equal to 6
  But was:  -2
]]></message>
                                        </reason>
                                      </test-case>
                                      <test-case name="Kistl.DalProvider.Client.Tests.NMRelationBSideTests(1).copyto_should_check_index_not_greater_than_or_equal_array_length(9)" executed="True" result="Inconclusive" success="False" time="0.002" asserts="2">
                                        <reason>
                                          <message><![CDATA[  Expected: greater than or equal to 6
  But was:  -3
]]></message>
                                        </reason>
                                      </test-case>
                                      <test-case name="Kistl.DalProvider.Client.Tests.NMRelationBSideTests(1).copyto_should_check_index_not_greater_than_or_equal_array_length(10)" executed="True" result="Inconclusive" success="False" time="0.002" asserts="2">
                                        <reason>
                                          <message><![CDATA[  Expected: greater than or equal to 6
  But was:  -4
]]></message>
                                        </reason>
                                      </test-case>
                                    </results>
                                  </test-suite>
                                  <test-suite type="ParameterizedTest" name="copyto_should_copy_items" executed="True" result="Success" success="True" time="0.037" asserts="0">
                                    <results>
                                      <test-case name="Kistl.DalProvider.Client.Tests.NMRelationBSideTests(1).copyto_should_copy_items(0)" executed="True" result="Success" success="True" time="0.007" asserts="6" />
                                      <test-case name="Kistl.DalProvider.Client.Tests.NMRelationBSideTests(1).copyto_should_copy_items(1)" executed="True" result="Success" success="True" time="0.003" asserts="6" />
                                      <test-case name="Kistl.DalProvider.Client.Tests.NMRelationBSideTests(1).copyto_should_copy_items(2)" executed="True" result="Success" success="True" time="0.002" asserts="6" />
                                      <test-case name="Kistl.DalProvider.Client.Tests.NMRelationBSideTests(1).copyto_should_copy_items(3)" executed="True" result="Success" success="True" time="0.002" asserts="6" />
                                      <test-case name="Kistl.DalProvider.Client.Tests.NMRelationBSideTests(1).copyto_should_copy_items(4)" executed="True" result="Success" success="True" time="0.002" asserts="6" />
                                      <test-case name="Kistl.DalProvider.Client.Tests.NMRelationBSideTests(1).copyto_should_copy_items(5)" executed="True" result="Success" success="True" time="0.002" asserts="6" />
                                      <test-case name="Kistl.DalProvider.Client.Tests.NMRelationBSideTests(1).copyto_should_copy_items(6)" executed="True" result="Success" success="True" time="0.002" asserts="6" />
                                      <test-case name="Kistl.DalProvider.Client.Tests.NMRelationBSideTests(1).copyto_should_copy_items(7)" executed="True" result="Success" success="True" time="0.002" asserts="6" />
                                      <test-case name="Kistl.DalProvider.Client.Tests.NMRelationBSideTests(1).copyto_should_copy_items(8)" executed="True" result="Success" success="True" time="0.002" asserts="6" />
                                      <test-case name="Kistl.DalProvider.Client.Tests.NMRelationBSideTests(1).copyto_should_copy_items(9)" executed="True" result="Success" success="True" time="0.003" asserts="6" />
                                      <test-case name="Kistl.DalProvider.Client.Tests.NMRelationBSideTests(1).copyto_should_copy_items(10)" executed="True" result="Success" success="True" time="0.002" asserts="6" />
                                    </results>
                                  </test-suite>
                                  <test-suite type="ParameterizedTest" name="indexer_should_check_negative_index_on_get" executed="True" result="Success" success="True" time="0.015" asserts="0">
                                    <results>
                                      <test-case name="Kistl.DalProvider.Client.Tests.NMRelationBSideTests(1).indexer_should_check_negative_index_on_get(-5)" executed="True" result="Success" success="True" time="0.002" asserts="5" />
                                      <test-case name="Kistl.DalProvider.Client.Tests.NMRelationBSideTests(1).indexer_should_check_negative_index_on_get(-4)" executed="True" result="Success" success="True" time="0.002" asserts="5" />
                                      <test-case name="Kistl.DalProvider.Client.Tests.NMRelationBSideTests(1).indexer_should_check_negative_index_on_get(-3)" executed="True" result="Success" success="True" time="0.002" asserts="5" />
                                      <test-case name="Kistl.DalProvider.Client.Tests.NMRelationBSideTests(1).indexer_should_check_negative_index_on_get(-2)" executed="True" result="Success" success="True" time="0.002" asserts="5" />
                                      <test-case name="Kistl.DalProvider.Client.Tests.NMRelationBSideTests(1).indexer_should_check_negative_index_on_get(-1)" executed="True" result="Success" success="True" time="0.002" asserts="5" />
                                    </results>
                                  </test-suite>
                                  <test-suite type="ParameterizedTest" name="indexer_should_check_negative_index_on_set" executed="True" result="Success" success="True" time="0.014" asserts="0">
                                    <results>
                                      <test-case name="Kistl.DalProvider.Client.Tests.NMRelationBSideTests(1).indexer_should_check_negative_index_on_set(-5)" executed="True" result="Success" success="True" time="0.002" asserts="5" />
                                      <test-case name="Kistl.DalProvider.Client.Tests.NMRelationBSideTests(1).indexer_should_check_negative_index_on_set(-4)" executed="True" result="Success" success="True" time="0.002" asserts="5" />
                                      <test-case name="Kistl.DalProvider.Client.Tests.NMRelationBSideTests(1).indexer_should_check_negative_index_on_set(-3)" executed="True" result="Success" success="True" time="0.002" asserts="5" />
                                      <test-case name="Kistl.DalProvider.Client.Tests.NMRelationBSideTests(1).indexer_should_check_negative_index_on_set(-2)" executed="True" result="Success" success="True" time="0.002" asserts="5" />
                                      <test-case name="Kistl.DalProvider.Client.Tests.NMRelationBSideTests(1).indexer_should_check_negative_index_on_set(-1)" executed="True" result="Success" success="True" time="0.002" asserts="5" />
                                    </results>
                                  </test-suite>
                                  <test-suite type="ParameterizedTest" name="indexer_should_check_too_big_index_on_get" executed="True" result="Success" success="True" time="0.017" asserts="0">
                                    <results>
                                      <test-case name="Kistl.DalProvider.Client.Tests.NMRelationBSideTests(1).indexer_should_check_too_big_index_on_get(0)" executed="True" result="Success" success="True" time="0.002" asserts="5" />
                                      <test-case name="Kistl.DalProvider.Client.Tests.NMRelationBSideTests(1).indexer_should_check_too_big_index_on_get(1)" executed="True" result="Success" success="True" time="0.003" asserts="5" />
                                      <test-case name="Kistl.DalProvider.Client.Tests.NMRelationBSideTests(1).indexer_should_check_too_big_index_on_get(2)" executed="True" result="Success" success="True" time="0.002" asserts="5" />
                                      <test-case name="Kistl.DalProvider.Client.Tests.NMRelationBSideTests(1).indexer_should_check_too_big_index_on_get(3)" executed="True" result="Success" success="True" time="0.002" asserts="5" />
                                      <test-case name="Kistl.DalProvider.Client.Tests.NMRelationBSideTests(1).indexer_should_check_too_big_index_on_get(4)" executed="True" result="Success" success="True" time="0.003" asserts="5" />
                                      <test-case name="Kistl.DalProvider.Client.Tests.NMRelationBSideTests(1).indexer_should_check_too_big_index_on_get(5)" executed="True" result="Success" success="True" time="0.002" asserts="5" />
                                    </results>
                                  </test-suite>
                                  <test-suite type="ParameterizedTest" name="indexer_should_check_too_big_index_on_set" executed="True" result="Success" success="True" time="0.018" asserts="0">
                                    <results>
                                      <test-case name="Kistl.DalProvider.Client.Tests.NMRelationBSideTests(1).indexer_should_check_too_big_index_on_set(0)" executed="True" result="Success" success="True" time="0.003" asserts="5" />
                                      <test-case name="Kistl.DalProvider.Client.Tests.NMRelationBSideTests(1).indexer_should_check_too_big_index_on_set(1)" executed="True" result="Success" success="True" time="0.002" asserts="5" />
                                      <test-case name="Kistl.DalProvider.Client.Tests.NMRelationBSideTests(1).indexer_should_check_too_big_index_on_set(2)" executed="True" result="Success" success="True" time="0.002" asserts="5" />
                                      <test-case name="Kistl.DalProvider.Client.Tests.NMRelationBSideTests(1).indexer_should_check_too_big_index_on_set(3)" executed="True" result="Success" success="True" time="0.003" asserts="5" />
                                      <test-case name="Kistl.DalProvider.Client.Tests.NMRelationBSideTests(1).indexer_should_check_too_big_index_on_set(4)" executed="True" result="Success" success="True" time="0.002" asserts="5" />
                                      <test-case name="Kistl.DalProvider.Client.Tests.NMRelationBSideTests(1).indexer_should_check_too_big_index_on_set(5)" executed="True" result="Success" success="True" time="0.002" asserts="5" />
                                    </results>
                                  </test-suite>
                                  <test-suite type="ParameterizedTest" name="indexer_should_set_items_beginning" executed="True" result="Inconclusive" success="False" time="0.017" asserts="0">
                                    <results>
                                      <test-case name="Kistl.DalProvider.Client.Tests.NMRelationBSideTests(1).indexer_should_set_items_beginning(0)" executed="True" result="Inconclusive" success="False" time="0.003" asserts="2">
                                        <reason>
                                          <message><![CDATA[  Expected: greater than 0
  But was:  0
]]></message>
                                        </reason>
                                      </test-case>
                                      <test-case name="Kistl.DalProvider.Client.Tests.NMRelationBSideTests(1).indexer_should_set_items_beginning(1)" executed="True" result="Inconclusive" success="False" time="0.002" asserts="2">
                                        <reason>
                                          <message><![CDATA[  Expected: less than 1
  But was:  1
]]></message>
                                        </reason>
                                      </test-case>
                                      <test-case name="Kistl.DalProvider.Client.Tests.NMRelationBSideTests(1).indexer_should_set_items_beginning(2)" executed="True" result="Inconclusive" success="False" time="0.003" asserts="2">
                                        <reason>
                                          <message><![CDATA[  Expected: less than 1
  But was:  2
]]></message>
                                        </reason>
                                      </test-case>
                                      <test-case name="Kistl.DalProvider.Client.Tests.NMRelationBSideTests(1).indexer_should_set_items_beginning(3)" executed="True" result="Inconclusive" success="False" time="0.002" asserts="2">
                                        <reason>
                                          <message><![CDATA[  Expected: less than 1
  But was:  3
]]></message>
                                        </reason>
                                      </test-case>
                                      <test-case name="Kistl.DalProvider.Client.Tests.NMRelationBSideTests(1).indexer_should_set_items_beginning(4)" executed="True" result="Inconclusive" success="False" time="0.002" asserts="2">
                                        <reason>
                                          <message><![CDATA[  Expected: less than 1
  But was:  4
]]></message>
                                        </reason>
                                      </test-case>
                                      <test-case name="Kistl.DalProvider.Client.Tests.NMRelationBSideTests(1).indexer_should_set_items_beginning(5)" executed="True" result="Inconclusive" success="False" time="0.002" asserts="2">
                                        <reason>
                                          <message><![CDATA[  Expected: less than 1
  But was:  5
]]></message>
                                        </reason>
                                      </test-case>
                                    </results>
                                  </test-suite>
                                  <test-suite type="ParameterizedTest" name="indexer_should_set_items_end" executed="True" result="Inconclusive" success="False" time="0.017" asserts="0">
                                    <results>
                                      <test-case name="Kistl.DalProvider.Client.Tests.NMRelationBSideTests(1).indexer_should_set_items_end(0)" executed="True" result="Inconclusive" success="False" time="0.003" asserts="2">
                                        <reason>
                                          <message><![CDATA[  Expected: less than 1
  But was:  1
]]></message>
                                        </reason>
                                      </test-case>
                                      <test-case name="Kistl.DalProvider.Client.Tests.NMRelationBSideTests(1).indexer_should_set_items_end(1)" executed="True" result="Inconclusive" success="False" time="0.003" asserts="2">
                                        <reason>
                                          <message><![CDATA[  Expected: greater than 0
  But was:  0
]]></message>
                                        </reason>
                                      </test-case>
                                      <test-case name="Kistl.DalProvider.Client.Tests.NMRelationBSideTests(1).indexer_should_set_items_end(2)" executed="True" result="Inconclusive" success="False" time="0.002" asserts="2">
                                        <reason>
                                          <message><![CDATA[  Expected: greater than 0
  But was:  -1
]]></message>
                                        </reason>
                                      </test-case>
                                      <test-case name="Kistl.DalProvider.Client.Tests.NMRelationBSideTests(1).indexer_should_set_items_end(3)" executed="True" result="Inconclusive" success="False" time="0.002" asserts="2">
                                        <reason>
                                          <message><![CDATA[  Expected: greater than 0
  But was:  -2
]]></message>
                                        </reason>
                                      </test-case>
                                      <test-case name="Kistl.DalProvider.Client.Tests.NMRelationBSideTests(1).indexer_should_set_items_end(4)" executed="True" result="Inconclusive" success="False" time="0.002" asserts="2">
                                        <reason>
                                          <message><![CDATA[  Expected: greater than 0
  But was:  -3
]]></message>
                                        </reason>
                                      </test-case>
                                      <test-case name="Kistl.DalProvider.Client.Tests.NMRelationBSideTests(1).indexer_should_set_items_end(5)" executed="True" result="Inconclusive" success="False" time="0.002" asserts="2">
                                        <reason>
                                          <message><![CDATA[  Expected: greater than 0
  But was:  -4
]]></message>
                                        </reason>
                                      </test-case>
                                    </results>
                                  </test-suite>
                                  <test-suite type="ParameterizedTest" name="insert_should_insert_at_the_beginning" executed="True" result="Success" success="True" time="0.022" asserts="0">
                                    <results>
                                      <test-case name="Kistl.DalProvider.Client.Tests.NMRelationBSideTests(1).insert_should_insert_at_the_beginning(0)" executed="True" result="Success" success="True" time="0.008" asserts="8" />
                                      <test-case name="Kistl.DalProvider.Client.Tests.NMRelationBSideTests(1).insert_should_insert_at_the_beginning(1)" executed="True" result="Inconclusive" success="False" time="0.003" asserts="2">
                                        <reason>
                                          <message><![CDATA[  Expected: less than 1
  But was:  1
]]></message>
                                        </reason>
                                      </test-case>
                                      <test-case name="Kistl.DalProvider.Client.Tests.NMRelationBSideTests(1).insert_should_insert_at_the_beginning(2)" executed="True" result="Inconclusive" success="False" time="0.002" asserts="2">
                                        <reason>
                                          <message><![CDATA[  Expected: less than 1
  But was:  2
]]></message>
                                        </reason>
                                      </test-case>
                                      <test-case name="Kistl.DalProvider.Client.Tests.NMRelationBSideTests(1).insert_should_insert_at_the_beginning(3)" executed="True" result="Inconclusive" success="False" time="0.002" asserts="2">
                                        <reason>
                                          <message><![CDATA[  Expected: less than 1
  But was:  3
]]></message>
                                        </reason>
                                      </test-case>
                                      <test-case name="Kistl.DalProvider.Client.Tests.NMRelationBSideTests(1).insert_should_insert_at_the_beginning(4)" executed="True" result="Inconclusive" success="False" time="0.002" asserts="2">
                                        <reason>
                                          <message><![CDATA[  Expected: less than 1
  But was:  4
]]></message>
                                        </reason>
                                      </test-case>
                                      <test-case name="Kistl.DalProvider.Client.Tests.NMRelationBSideTests(1).insert_should_insert_at_the_beginning(5)" executed="True" result="Inconclusive" success="False" time="0.002" asserts="2">
                                        <reason>
                                          <message><![CDATA[  Expected: less than 1
  But was:  5
]]></message>
                                        </reason>
                                      </test-case>
                                    </results>
                                  </test-suite>
                                  <test-suite type="ParameterizedTest" name="insert_should_insert_at_the_end" executed="True" result="Inconclusive" success="False" time="0.016" asserts="0">
                                    <results>
                                      <test-case name="Kistl.DalProvider.Client.Tests.NMRelationBSideTests(1).insert_should_insert_at_the_end(0)" executed="True" result="Inconclusive" success="False" time="0.002" asserts="2">
                                        <reason>
                                          <message><![CDATA[  Expected: less than 1
  But was:  1
]]></message>
                                        </reason>
                                      </test-case>
                                      <test-case name="Kistl.DalProvider.Client.Tests.NMRelationBSideTests(1).insert_should_insert_at_the_end(1)" executed="True" result="Inconclusive" success="False" time="0.002" asserts="2">
                                        <reason>
                                          <message><![CDATA[  Expected: greater than 0
  But was:  0
]]></message>
                                        </reason>
                                      </test-case>
                                      <test-case name="Kistl.DalProvider.Client.Tests.NMRelationBSideTests(1).insert_should_insert_at_the_end(2)" executed="True" result="Inconclusive" success="False" time="0.002" asserts="2">
                                        <reason>
                                          <message><![CDATA[  Expected: greater than 0
  But was:  -1
]]></message>
                                        </reason>
                                      </test-case>
                                      <test-case name="Kistl.DalProvider.Client.Tests.NMRelationBSideTests(1).insert_should_insert_at_the_end(3)" executed="True" result="Inconclusive" success="False" time="0.002" asserts="2">
                                        <reason>
                                          <message><![CDATA[  Expected: greater than 0
  But was:  -2
]]></message>
                                        </reason>
                                      </test-case>
                                      <test-case name="Kistl.DalProvider.Client.Tests.NMRelationBSideTests(1).insert_should_insert_at_the_end(4)" executed="True" result="Inconclusive" success="False" time="0.003" asserts="2">
                                        <reason>
                                          <message><![CDATA[  Expected: greater than 0
  But was:  -3
]]></message>
                                        </reason>
                                      </test-case>
                                      <test-case name="Kistl.DalProvider.Client.Tests.NMRelationBSideTests(1).insert_should_insert_at_the_end(5)" executed="True" result="Inconclusive" success="False" time="0.002" asserts="2">
                                        <reason>
                                          <message><![CDATA[  Expected: greater than 0
  But was:  -4
]]></message>
                                        </reason>
                                      </test-case>
                                    </results>
                                  </test-suite>
                                  <test-suite type="ParameterizedTest" name="remove_should_remove_contained_object_from_beginning" executed="True" result="Success" success="True" time="0.018" asserts="0">
                                    <results>
                                      <test-case name="Kistl.DalProvider.Client.Tests.NMRelationBSideTests(1).remove_should_remove_contained_object_from_beginning(0)" executed="True" result="Success" success="True" time="0.003" asserts="7" />
                                      <test-case name="Kistl.DalProvider.Client.Tests.NMRelationBSideTests(1).remove_should_remove_contained_object_from_beginning(1)" executed="True" result="Inconclusive" success="False" time="0.003" asserts="2">
                                        <reason>
                                          <message><![CDATA[  Expected: less than 1
  But was:  1
]]></message>
                                        </reason>
                                      </test-case>
                                      <test-case name="Kistl.DalProvider.Client.Tests.NMRelationBSideTests(1).remove_should_remove_contained_object_from_beginning(2)" executed="True" result="Inconclusive" success="False" time="0.002" asserts="2">
                                        <reason>
                                          <message><![CDATA[  Expected: less than 1
  But was:  2
]]></message>
                                        </reason>
                                      </test-case>
                                      <test-case name="Kistl.DalProvider.Client.Tests.NMRelationBSideTests(1).remove_should_remove_contained_object_from_beginning(3)" executed="True" result="Inconclusive" success="False" time="0.002" asserts="2">
                                        <reason>
                                          <message><![CDATA[  Expected: less than 1
  But was:  3
]]></message>
                                        </reason>
                                      </test-case>
                                      <test-case name="Kistl.DalProvider.Client.Tests.NMRelationBSideTests(1).remove_should_remove_contained_object_from_beginning(4)" executed="True" result="Inconclusive" success="False" time="0.002" asserts="2">
                                        <reason>
                                          <message><![CDATA[  Expected: less than 1
  But was:  4
]]></message>
                                        </reason>
                                      </test-case>
                                      <test-case name="Kistl.DalProvider.Client.Tests.NMRelationBSideTests(1).remove_should_remove_contained_object_from_beginning(5)" executed="True" result="Inconclusive" success="False" time="0.002" asserts="2">
                                        <reason>
                                          <message><![CDATA[  Expected: less than 1
  But was:  5
]]></message>
                                        </reason>
                                      </test-case>
                                    </results>
                                  </test-suite>
                                  <test-suite type="ParameterizedTest" name="remove_should_remove_contained_object_from_end" executed="True" result="Success" success="True" time="0.019" asserts="0">
                                    <results>
                                      <test-case name="Kistl.DalProvider.Client.Tests.NMRelationBSideTests(1).remove_should_remove_contained_object_from_end(0)" executed="True" result="Inconclusive" success="False" time="0.002" asserts="2">
                                        <reason>
                                          <message><![CDATA[  Expected: less than 1
  But was:  1
]]></message>
                                        </reason>
                                      </test-case>
                                      <test-case name="Kistl.DalProvider.Client.Tests.NMRelationBSideTests(1).remove_should_remove_contained_object_from_end(1)" executed="True" result="Success" success="True" time="0.003" asserts="7" />
                                      <test-case name="Kistl.DalProvider.Client.Tests.NMRelationBSideTests(1).remove_should_remove_contained_object_from_end(2)" executed="True" result="Inconclusive" success="False" time="0.002" asserts="2">
                                        <reason>
                                          <message><![CDATA[  Expected: greater than or equal to 0
  But was:  -1
]]></message>
                                        </reason>
                                      </test-case>
                                      <test-case name="Kistl.DalProvider.Client.Tests.NMRelationBSideTests(1).remove_should_remove_contained_object_from_end(3)" executed="True" result="Inconclusive" success="False" time="0.002" asserts="2">
                                        <reason>
                                          <message><![CDATA[  Expected: greater than or equal to 0
  But was:  -2
]]></message>
                                        </reason>
                                      </test-case>
                                      <test-case name="Kistl.DalProvider.Client.Tests.NMRelationBSideTests(1).remove_should_remove_contained_object_from_end(4)" executed="True" result="Inconclusive" success="False" time="0.002" asserts="2">
                                        <reason>
                                          <message><![CDATA[  Expected: greater than or equal to 0
  But was:  -3
]]></message>
                                        </reason>
                                      </test-case>
                                      <test-case name="Kistl.DalProvider.Client.Tests.NMRelationBSideTests(1).remove_should_remove_contained_object_from_end(5)" executed="True" result="Inconclusive" success="False" time="0.002" asserts="2">
                                        <reason>
                                          <message><![CDATA[  Expected: greater than or equal to 0
  But was:  -4
]]></message>
                                        </reason>
                                      </test-case>
                                    </results>
                                  </test-suite>
                                </results>
                              </test-suite>
                              <test-suite type="TestFixture" name="NMRelationBSideTests(10)" executed="True" result="Success" success="True" time="7.642" asserts="0">
                                <results>
                                  <test-case name="Kistl.DalProvider.Client.Tests.NMRelationBSideTests(10).BasicCollectionTests`2.copyto_should_check_array_dimensions" executed="True" result="Success" success="True" time="0.019" asserts="5" />
                                  <test-case name="Kistl.DalProvider.Client.Tests.NMRelationBSideTests(10).BasicCollectionTests`2.copyto_should_check_array_for_null" executed="True" result="Success" success="True" time="0.016" asserts="5" />
                                  <test-case name="Kistl.DalProvider.Client.Tests.NMRelationBSideTests(10).BasicCollectionTests`2.copyto_should_check_index_nonnegative" executed="True" result="Success" success="True" time="0.019" asserts="5" />
                                  <test-case name="Kistl.DalProvider.Client.Tests.NMRelationBSideTests(10).BasicCollectionTests`2.copyto_should_fail_on_wrong_destination_type" executed="True" result="Success" success="True" time="0.017" asserts="5" />
                                  <test-case name="Kistl.DalProvider.Client.Tests.NMRelationBSideTests(10).BasicCollectionTests`2.count_should_have_initial_number_of_items" executed="True" result="Success" success="True" time="0.017" asserts="5" />
                                  <test-case name="Kistl.DalProvider.Client.Tests.NMRelationBSideTests(10).BasicCollectionTests`2.enumerator_should_yield_all_items" executed="True" result="Success" success="True" time="0.018" asserts="5" />
                                  <test-case name="Kistl.DalProvider.Client.Tests.NMRelationBSideTests(10).BasicCollectionTests`2.issynchronized_should_not_throw" executed="True" result="Success" success="True" time="0.018" asserts="5" />
                                  <test-case name="Kistl.DalProvider.Client.Tests.NMRelationBSideTests(10).BasicCollectionTests`2.syncroot_should_exist" executed="True" result="Success" success="True" time="0.017" asserts="5" />
                                  <test-case name="Kistl.DalProvider.Client.Tests.NMRelationBSideTests(10).BasicListTests`2.clear_should_remove_all_items" executed="True" result="Success" success="True" time="0.016" asserts="5" />
                                  <test-case name="Kistl.DalProvider.Client.Tests.NMRelationBSideTests(10).BasicListTests`2.indexer_should_get_items" executed="True" result="Success" success="True" time="0.026" asserts="14" />
                                  <test-case name="Kistl.DalProvider.Client.Tests.NMRelationBSideTests(10).BasicListTests`2.indexOf_should_return_index" executed="True" result="Success" success="True" time="0.033" asserts="14" />
                                  <test-case name="Kistl.DalProvider.Client.Tests.NMRelationBSideTests(10).BasicListTests`2.indexOf_should_return_minus_one_for_otherItem" executed="True" result="Success" success="True" time="0.018" asserts="5" />
                                  <test-case name="Kistl.DalProvider.Client.Tests.NMRelationBSideTests(10).BasicListTests`2.isfixedsize_should_not_be_set" executed="True" result="Success" success="True" time="0.016" asserts="5" />
                                  <test-case name="Kistl.DalProvider.Client.Tests.NMRelationBSideTests(10).BasicListTests`2.isreadonly_should_not_be_set" executed="True" result="Success" success="True" time="0.017" asserts="5" />
                                  <test-case name="Kistl.DalProvider.Client.Tests.NMRelationBSideTests(10).BasicListTests`2.remove_should_ignore_other_item" executed="True" result="Success" success="True" time="0.019" asserts="7" />
                                  <test-suite type="ParameterizedTest" name="add_should_insert_items_at_the_end" executed="True" result="Success" success="True" time="5.191" asserts="0">
                                    <results>
                                      <test-case name="Kistl.DalProvider.Client.Tests.NMRelationBSideTests(10).add_should_insert_items_at_the_end(1)" executed="True" result="Success" success="True" time="0.020" asserts="6" />
                                      <test-case name="Kistl.DalProvider.Client.Tests.NMRelationBSideTests(10).add_should_insert_items_at_the_end(11)" executed="True" result="Success" success="True" time="0.065" asserts="26" />
                                      <test-case name="Kistl.DalProvider.Client.Tests.NMRelationBSideTests(10).add_should_insert_items_at_the_end(21)" executed="True" result="Success" success="True" time="0.135" asserts="46" />
                                      <test-case name="Kistl.DalProvider.Client.Tests.NMRelationBSideTests(10).add_should_insert_items_at_the_end(31)" executed="True" result="Success" success="True" time="0.227" asserts="66" />
                                      <test-case name="Kistl.DalProvider.Client.Tests.NMRelationBSideTests(10).add_should_insert_items_at_the_end(41)" executed="True" result="Success" success="True" time="0.339" asserts="86" />
                                      <test-case name="Kistl.DalProvider.Client.Tests.NMRelationBSideTests(10).add_should_insert_items_at_the_end(51)" executed="True" result="Success" success="True" time="0.476" asserts="106" />
                                      <test-case name="Kistl.DalProvider.Client.Tests.NMRelationBSideTests(10).add_should_insert_items_at_the_end(61)" executed="True" result="Success" success="True" time="0.654" asserts="126" />
                                      <test-case name="Kistl.DalProvider.Client.Tests.NMRelationBSideTests(10).add_should_insert_items_at_the_end(71)" executed="True" result="Success" success="True" time="0.846" asserts="146" />
                                      <test-case name="Kistl.DalProvider.Client.Tests.NMRelationBSideTests(10).add_should_insert_items_at_the_end(81)" executed="True" result="Success" success="True" time="1.089" asserts="166" />
                                      <test-case name="Kistl.DalProvider.Client.Tests.NMRelationBSideTests(10).add_should_insert_items_at_the_end(91)" executed="True" result="Success" success="True" time="1.329" asserts="186" />
                                    </results>
                                  </test-suite>
                                  <test-suite type="ParameterizedTest" name="copyto_should_check_enough_available_space" executed="True" result="Success" success="True" time="0.376" asserts="0">
                                    <results>
                                      <test-case name="Kistl.DalProvider.Client.Tests.NMRelationBSideTests(10).copyto_should_check_enough_available_space(-10)" executed="True" result="Inconclusive" success="False" time="0.015" asserts="2">
                                        <reason>
                                          <message><![CDATA[  Expected: less than 15
  But was:  16
]]></message>
                                        </reason>
                                      </test-case>
                                      <test-case name="Kistl.DalProvider.Client.Tests.NMRelationBSideTests(10).copyto_should_check_enough_available_space(-9)" executed="True" result="Inconclusive" success="False" time="0.016" asserts="2">
                                        <reason>
                                          <message><![CDATA[  Expected: less than 15
  But was:  15
]]></message>
                                        </reason>
                                      </test-case>
                                      <test-case name="Kistl.DalProvider.Client.Tests.NMRelationBSideTests(10).copyto_should_check_enough_available_space(-8)" executed="True" result="Success" success="True" time="0.020" asserts="5" />
                                      <test-case name="Kistl.DalProvider.Client.Tests.NMRelationBSideTests(10).copyto_should_check_enough_available_space(-7)" executed="True" result="Success" success="True" time="0.019" asserts="5" />
                                      <test-case name="Kistl.DalProvider.Client.Tests.NMRelationBSideTests(10).copyto_should_check_enough_available_space(-6)" executed="True" result="Success" success="True" time="0.020" asserts="5" />
                                      <test-case name="Kistl.DalProvider.Client.Tests.NMRelationBSideTests(10).copyto_should_check_enough_available_space(-5)" executed="True" result="Success" success="True" time="0.019" asserts="5" />
                                      <test-case name="Kistl.DalProvider.Client.Tests.NMRelationBSideTests(10).copyto_should_check_enough_available_space(-4)" executed="True" result="Success" success="True" time="0.019" asserts="5" />
                                      <test-case name="Kistl.DalProvider.Client.Tests.NMRelationBSideTests(10).copyto_should_check_enough_available_space(-3)" executed="True" result="Success" success="True" time="0.021" asserts="5" />
                                      <test-case name="Kistl.DalProvider.Client.Tests.NMRelationBSideTests(10).copyto_should_check_enough_available_space(-2)" executed="True" result="Success" success="True" time="0.020" asserts="5" />
                                      <test-case name="Kistl.DalProvider.Client.Tests.NMRelationBSideTests(10).copyto_should_check_enough_available_space(-1)" executed="True" result="Success" success="True" time="0.019" asserts="5" />
                                      <test-case name="Kistl.DalProvider.Client.Tests.NMRelationBSideTests(10).copyto_should_check_enough_available_space(0)" executed="True" result="Success" success="True" time="0.019" asserts="5" />
                                      <test-case name="Kistl.DalProvider.Client.Tests.NMRelationBSideTests(10).copyto_should_check_enough_available_space(1)" executed="True" result="Inconclusive" success="False" time="0.015" asserts="2">
                                        <reason>
                                          <message><![CDATA[  Expected: greater than 15
  But was:  15
]]></message>
                                        </reason>
                                      </test-case>
                                      <test-case name="Kistl.DalProvider.Client.Tests.NMRelationBSideTests(10).copyto_should_check_enough_available_space(2)" executed="True" result="Inconclusive" success="False" time="0.014" asserts="2">
                                        <reason>
                                          <message><![CDATA[  Expected: greater than 15
  But was:  14
]]></message>
                                        </reason>
                                      </test-case>
                                      <test-case name="Kistl.DalProvider.Client.Tests.NMRelationBSideTests(10).copyto_should_check_enough_available_space(3)" executed="True" result="Inconclusive" success="False" time="0.015" asserts="2">
                                        <reason>
                                          <message><![CDATA[  Expected: greater than 15
  But was:  13
]]></message>
                                        </reason>
                                      </test-case>
                                      <test-case name="Kistl.DalProvider.Client.Tests.NMRelationBSideTests(10).copyto_should_check_enough_available_space(4)" executed="True" result="Inconclusive" success="False" time="0.014" asserts="2">
                                        <reason>
                                          <message><![CDATA[  Expected: greater than 15
  But was:  12
]]></message>
                                        </reason>
                                      </test-case>
                                      <test-case name="Kistl.DalProvider.Client.Tests.NMRelationBSideTests(10).copyto_should_check_enough_available_space(5)" executed="True" result="Inconclusive" success="False" time="0.015" asserts="2">
                                        <reason>
                                          <message><![CDATA[  Expected: greater than 15
  But was:  11
]]></message>
                                        </reason>
                                      </test-case>
                                      <test-case name="Kistl.DalProvider.Client.Tests.NMRelationBSideTests(10).copyto_should_check_enough_available_space(6)" executed="True" result="Inconclusive" success="False" time="0.014" asserts="2">
                                        <reason>
                                          <message><![CDATA[  Expected: greater than 0
  But was:  0
]]></message>
                                        </reason>
                                      </test-case>
                                      <test-case name="Kistl.DalProvider.Client.Tests.NMRelationBSideTests(10).copyto_should_check_enough_available_space(7)" executed="True" result="Inconclusive" success="False" time="0.015" asserts="2">
                                        <reason>
                                          <message><![CDATA[  Expected: greater than 0
  But was:  -1
]]></message>
                                        </reason>
                                      </test-case>
                                      <test-case name="Kistl.DalProvider.Client.Tests.NMRelationBSideTests(10).copyto_should_check_enough_available_space(8)" executed="True" result="Inconclusive" success="False" time="0.014" asserts="2">
                                        <reason>
                                          <message><![CDATA[  Expected: greater than 0
  But was:  -2
]]></message>
                                        </reason>
                                      </test-case>
                                      <test-case name="Kistl.DalProvider.Client.Tests.NMRelationBSideTests(10).copyto_should_check_enough_available_space(9)" executed="True" result="Inconclusive" success="False" time="0.014" asserts="2">
                                        <reason>
                                          <message><![CDATA[  Expected: greater than 0
  But was:  -3
]]></message>
                                        </reason>
                                      </test-case>
                                      <test-case name="Kistl.DalProvider.Client.Tests.NMRelationBSideTests(10).copyto_should_check_enough_available_space(10)" executed="True" result="Inconclusive" success="False" time="0.014" asserts="2">
                                        <reason>
                                          <message><![CDATA[  Expected: greater than 0
  But was:  -4
]]></message>
                                        </reason>
                                      </test-case>
                                    </results>
                                  </test-suite>
                                  <test-suite type="ParameterizedTest" name="copyto_should_check_index_not_greater_than_or_equal_array_length" executed="True" result="Success" success="True" time="0.372" asserts="0">
                                    <results>
                                      <test-case name="Kistl.DalProvider.Client.Tests.NMRelationBSideTests(10).copyto_should_check_index_not_greater_than_or_equal_array_length(-10)" executed="True" result="Success" success="True" time="0.019" asserts="5" />
                                      <test-case name="Kistl.DalProvider.Client.Tests.NMRelationBSideTests(10).copyto_should_check_index_not_greater_than_or_equal_array_length(-9)" executed="True" result="Success" success="True" time="0.020" asserts="5" />
                                      <test-case name="Kistl.DalProvider.Client.Tests.NMRelationBSideTests(10).copyto_should_check_index_not_greater_than_or_equal_array_length(-8)" executed="True" result="Success" success="True" time="0.018" asserts="5" />
                                      <test-case name="Kistl.DalProvider.Client.Tests.NMRelationBSideTests(10).copyto_should_check_index_not_greater_than_or_equal_array_length(-7)" executed="True" result="Success" success="True" time="0.018" asserts="5" />
                                      <test-case name="Kistl.DalProvider.Client.Tests.NMRelationBSideTests(10).copyto_should_check_index_not_greater_than_or_equal_array_length(-6)" executed="True" result="Success" success="True" time="0.019" asserts="5" />
                                      <test-case name="Kistl.DalProvider.Client.Tests.NMRelationBSideTests(10).copyto_should_check_index_not_greater_than_or_equal_array_length(-5)" executed="True" result="Success" success="True" time="0.018" asserts="5" />
                                      <test-case name="Kistl.DalProvider.Client.Tests.NMRelationBSideTests(10).copyto_should_check_index_not_greater_than_or_equal_array_length(-4)" executed="True" result="Success" success="True" time="0.018" asserts="5" />
                                      <test-case name="Kistl.DalProvider.Client.Tests.NMRelationBSideTests(10).copyto_should_check_index_not_greater_than_or_equal_array_length(-3)" executed="True" result="Success" success="True" time="0.019" asserts="5" />
                                      <test-case name="Kistl.DalProvider.Client.Tests.NMRelationBSideTests(10).copyto_should_check_index_not_greater_than_or_equal_array_length(-2)" executed="True" result="Success" success="True" time="0.019" asserts="5" />
                                      <test-case name="Kistl.DalProvider.Client.Tests.NMRelationBSideTests(10).copyto_should_check_index_not_greater_than_or_equal_array_length(-1)" executed="True" result="Success" success="True" time="0.018" asserts="5" />
                                      <test-case name="Kistl.DalProvider.Client.Tests.NMRelationBSideTests(10).copyto_should_check_index_not_greater_than_or_equal_array_length(0)" executed="True" result="Success" success="True" time="0.018" asserts="5" />
                                      <test-case name="Kistl.DalProvider.Client.Tests.NMRelationBSideTests(10).copyto_should_check_index_not_greater_than_or_equal_array_length(1)" executed="True" result="Inconclusive" success="False" time="0.015" asserts="2">
                                        <reason>
                                          <message><![CDATA[  Expected: greater than or equal to 15
  But was:  14
]]></message>
                                        </reason>
                                      </test-case>
                                      <test-case name="Kistl.DalProvider.Client.Tests.NMRelationBSideTests(10).copyto_should_check_index_not_greater_than_or_equal_array_length(2)" executed="True" result="Inconclusive" success="False" time="0.014" asserts="2">
                                        <reason>
                                          <message><![CDATA[  Expected: greater than or equal to 15
  But was:  13
]]></message>
                                        </reason>
                                      </test-case>
                                      <test-case name="Kistl.DalProvider.Client.Tests.NMRelationBSideTests(10).copyto_should_check_index_not_greater_than_or_equal_array_length(3)" executed="True" result="Inconclusive" success="False" time="0.015" asserts="2">
                                        <reason>
                                          <message><![CDATA[  Expected: greater than or equal to 15
  But was:  12
]]></message>
                                        </reason>
                                      </test-case>
                                      <test-case name="Kistl.DalProvider.Client.Tests.NMRelationBSideTests(10).copyto_should_check_index_not_greater_than_or_equal_array_length(4)" executed="True" result="Inconclusive" success="False" time="0.014" asserts="2">
                                        <reason>
                                          <message><![CDATA[  Expected: greater than or equal to 15
  But was:  11
]]></message>
                                        </reason>
                                      </test-case>
                                      <test-case name="Kistl.DalProvider.Client.Tests.NMRelationBSideTests(10).copyto_should_check_index_not_greater_than_or_equal_array_length(5)" executed="True" result="Inconclusive" success="False" time="0.017" asserts="2">
                                        <reason>
                                          <message><![CDATA[  Expected: greater than or equal to 15
  But was:  10
]]></message>
                                        </reason>
                                      </test-case>
                                      <test-case name="Kistl.DalProvider.Client.Tests.NMRelationBSideTests(10).copyto_should_check_index_not_greater_than_or_equal_array_length(6)" executed="True" result="Inconclusive" success="False" time="0.015" asserts="2">
                                        <reason>
                                          <message><![CDATA[  Expected: greater than or equal to 15
  But was:  9
]]></message>
                                        </reason>
                                      </test-case>
                                      <test-case name="Kistl.DalProvider.Client.Tests.NMRelationBSideTests(10).copyto_should_check_index_not_greater_than_or_equal_array_length(7)" executed="True" result="Inconclusive" success="False" time="0.014" asserts="2">
                                        <reason>
                                          <message><![CDATA[  Expected: greater than or equal to 15
  But was:  8
]]></message>
                                        </reason>
                                      </test-case>
                                      <test-case name="Kistl.DalProvider.Client.Tests.NMRelationBSideTests(10).copyto_should_check_index_not_greater_than_or_equal_array_length(8)" executed="True" result="Inconclusive" success="False" time="0.015" asserts="2">
                                        <reason>
                                          <message><![CDATA[  Expected: greater than or equal to 15
  But was:  7
]]></message>
                                        </reason>
                                      </test-case>
                                      <test-case name="Kistl.DalProvider.Client.Tests.NMRelationBSideTests(10).copyto_should_check_index_not_greater_than_or_equal_array_length(9)" executed="True" result="Inconclusive" success="False" time="0.015" asserts="2">
                                        <reason>
                                          <message><![CDATA[  Expected: greater than or equal to 15
  But was:  6
]]></message>
                                        </reason>
                                      </test-case>
                                      <test-case name="Kistl.DalProvider.Client.Tests.NMRelationBSideTests(10).copyto_should_check_index_not_greater_than_or_equal_array_length(10)" executed="True" result="Inconclusive" success="False" time="0.014" asserts="2">
                                        <reason>
                                          <message><![CDATA[  Expected: greater than or equal to 15
  But was:  5
]]></message>
                                        </reason>
                                      </test-case>
                                    </results>
                                  </test-suite>
                                  <test-suite type="ParameterizedTest" name="copyto_should_copy_items" executed="True" result="Success" success="True" time="0.209" asserts="0">
                                    <results>
                                      <test-case name="Kistl.DalProvider.Client.Tests.NMRelationBSideTests(10).copyto_should_copy_items(0)" executed="True" result="Success" success="True" time="0.018" asserts="6" />
                                      <test-case name="Kistl.DalProvider.Client.Tests.NMRelationBSideTests(10).copyto_should_copy_items(1)" executed="True" result="Success" success="True" time="0.018" asserts="6" />
                                      <test-case name="Kistl.DalProvider.Client.Tests.NMRelationBSideTests(10).copyto_should_copy_items(2)" executed="True" result="Success" success="True" time="0.018" asserts="6" />
                                      <test-case name="Kistl.DalProvider.Client.Tests.NMRelationBSideTests(10).copyto_should_copy_items(3)" executed="True" result="Success" success="True" time="0.018" asserts="6" />
                                      <test-case name="Kistl.DalProvider.Client.Tests.NMRelationBSideTests(10).copyto_should_copy_items(4)" executed="True" result="Success" success="True" time="0.019" asserts="6" />
                                      <test-case name="Kistl.DalProvider.Client.Tests.NMRelationBSideTests(10).copyto_should_copy_items(5)" executed="True" result="Success" success="True" time="0.018" asserts="6" />
                                      <test-case name="Kistl.DalProvider.Client.Tests.NMRelationBSideTests(10).copyto_should_copy_items(6)" executed="True" result="Success" success="True" time="0.018" asserts="6" />
                                      <test-case name="Kistl.DalProvider.Client.Tests.NMRelationBSideTests(10).copyto_should_copy_items(7)" executed="True" result="Success" success="True" time="0.019" asserts="6" />
                                      <test-case name="Kistl.DalProvider.Client.Tests.NMRelationBSideTests(10).copyto_should_copy_items(8)" executed="True" result="Success" success="True" time="0.019" asserts="6" />
                                      <test-case name="Kistl.DalProvider.Client.Tests.NMRelationBSideTests(10).copyto_should_copy_items(9)" executed="True" result="Success" success="True" time="0.018" asserts="6" />
                                      <test-case name="Kistl.DalProvider.Client.Tests.NMRelationBSideTests(10).copyto_should_copy_items(10)" executed="True" result="Success" success="True" time="0.019" asserts="6" />
                                    </results>
                                  </test-suite>
                                  <test-suite type="ParameterizedTest" name="indexer_should_check_negative_index_on_get" executed="True" result="Success" success="True" time="0.089" asserts="0">
                                    <results>
                                      <test-case name="Kistl.DalProvider.Client.Tests.NMRelationBSideTests(10).indexer_should_check_negative_index_on_get(-5)" executed="True" result="Success" success="True" time="0.017" asserts="5" />
                                      <test-case name="Kistl.DalProvider.Client.Tests.NMRelationBSideTests(10).indexer_should_check_negative_index_on_get(-4)" executed="True" result="Success" success="True" time="0.016" asserts="5" />
                                      <test-case name="Kistl.DalProvider.Client.Tests.NMRelationBSideTests(10).indexer_should_check_negative_index_on_get(-3)" executed="True" result="Success" success="True" time="0.017" asserts="5" />
                                      <test-case name="Kistl.DalProvider.Client.Tests.NMRelationBSideTests(10).indexer_should_check_negative_index_on_get(-2)" executed="True" result="Success" success="True" time="0.017" asserts="5" />
                                      <test-case name="Kistl.DalProvider.Client.Tests.NMRelationBSideTests(10).indexer_should_check_negative_index_on_get(-1)" executed="True" result="Success" success="True" time="0.017" asserts="5" />
                                    </results>
                                  </test-suite>
                                  <test-suite type="ParameterizedTest" name="indexer_should_check_negative_index_on_set" executed="True" result="Success" success="True" time="0.090" asserts="0">
                                    <results>
                                      <test-case name="Kistl.DalProvider.Client.Tests.NMRelationBSideTests(10).indexer_should_check_negative_index_on_set(-5)" executed="True" result="Success" success="True" time="0.017" asserts="5" />
                                      <test-case name="Kistl.DalProvider.Client.Tests.NMRelationBSideTests(10).indexer_should_check_negative_index_on_set(-4)" executed="True" result="Success" success="True" time="0.017" asserts="5" />
                                      <test-case name="Kistl.DalProvider.Client.Tests.NMRelationBSideTests(10).indexer_should_check_negative_index_on_set(-3)" executed="True" result="Success" success="True" time="0.016" asserts="5" />
                                      <test-case name="Kistl.DalProvider.Client.Tests.NMRelationBSideTests(10).indexer_should_check_negative_index_on_set(-2)" executed="True" result="Success" success="True" time="0.019" asserts="5" />
                                      <test-case name="Kistl.DalProvider.Client.Tests.NMRelationBSideTests(10).indexer_should_check_negative_index_on_set(-1)" executed="True" result="Success" success="True" time="0.017" asserts="5" />
                                    </results>
                                  </test-suite>
                                  <test-suite type="ParameterizedTest" name="indexer_should_check_too_big_index_on_get" executed="True" result="Success" success="True" time="0.107" asserts="0">
                                    <results>
                                      <test-case name="Kistl.DalProvider.Client.Tests.NMRelationBSideTests(10).indexer_should_check_too_big_index_on_get(0)" executed="True" result="Success" success="True" time="0.017" asserts="5" />
                                      <test-case name="Kistl.DalProvider.Client.Tests.NMRelationBSideTests(10).indexer_should_check_too_big_index_on_get(1)" executed="True" result="Success" success="True" time="0.017" asserts="5" />
                                      <test-case name="Kistl.DalProvider.Client.Tests.NMRelationBSideTests(10).indexer_should_check_too_big_index_on_get(2)" executed="True" result="Success" success="True" time="0.017" asserts="5" />
                                      <test-case name="Kistl.DalProvider.Client.Tests.NMRelationBSideTests(10).indexer_should_check_too_big_index_on_get(3)" executed="True" result="Success" success="True" time="0.016" asserts="5" />
                                      <test-case name="Kistl.DalProvider.Client.Tests.NMRelationBSideTests(10).indexer_should_check_too_big_index_on_get(4)" executed="True" result="Success" success="True" time="0.017" asserts="5" />
                                      <test-case name="Kistl.DalProvider.Client.Tests.NMRelationBSideTests(10).indexer_should_check_too_big_index_on_get(5)" executed="True" result="Success" success="True" time="0.018" asserts="5" />
                                    </results>
                                  </test-suite>
                                  <test-suite type="ParameterizedTest" name="indexer_should_check_too_big_index_on_set" executed="True" result="Success" success="True" time="0.107" asserts="0">
                                    <results>
                                      <test-case name="Kistl.DalProvider.Client.Tests.NMRelationBSideTests(10).indexer_should_check_too_big_index_on_set(0)" executed="True" result="Success" success="True" time="0.017" asserts="5" />
                                      <test-case name="Kistl.DalProvider.Client.Tests.NMRelationBSideTests(10).indexer_should_check_too_big_index_on_set(1)" executed="True" result="Success" success="True" time="0.018" asserts="5" />
                                      <test-case name="Kistl.DalProvider.Client.Tests.NMRelationBSideTests(10).indexer_should_check_too_big_index_on_set(2)" executed="True" result="Success" success="True" time="0.018" asserts="5" />
                                      <test-case name="Kistl.DalProvider.Client.Tests.NMRelationBSideTests(10).indexer_should_check_too_big_index_on_set(3)" executed="True" result="Success" success="True" time="0.017" asserts="5" />
                                      <test-case name="Kistl.DalProvider.Client.Tests.NMRelationBSideTests(10).indexer_should_check_too_big_index_on_set(4)" executed="True" result="Success" success="True" time="0.018" asserts="5" />
                                      <test-case name="Kistl.DalProvider.Client.Tests.NMRelationBSideTests(10).indexer_should_check_too_big_index_on_set(5)" executed="True" result="Success" success="True" time="0.017" asserts="5" />
                                    </results>
                                  </test-suite>
                                  <test-suite type="ParameterizedTest" name="indexer_should_set_items_beginning" executed="True" result="Success" success="True" time="0.127" asserts="0">
                                    <results>
                                      <test-case name="Kistl.DalProvider.Client.Tests.NMRelationBSideTests(10).indexer_should_set_items_beginning(0)" executed="True" result="Inconclusive" success="False" time="0.014" asserts="2">
                                        <reason>
                                          <message><![CDATA[  Expected: greater than 0
  But was:  0
]]></message>
                                        </reason>
                                      </test-case>
                                      <test-case name="Kistl.DalProvider.Client.Tests.NMRelationBSideTests(10).indexer_should_set_items_beginning(1)" executed="True" result="Success" success="True" time="0.021" asserts="7" />
                                      <test-case name="Kistl.DalProvider.Client.Tests.NMRelationBSideTests(10).indexer_should_set_items_beginning(2)" executed="True" result="Success" success="True" time="0.021" asserts="7" />
                                      <test-case name="Kistl.DalProvider.Client.Tests.NMRelationBSideTests(10).indexer_should_set_items_beginning(3)" executed="True" result="Success" success="True" time="0.021" asserts="7" />
                                      <test-case name="Kistl.DalProvider.Client.Tests.NMRelationBSideTests(10).indexer_should_set_items_beginning(4)" executed="True" result="Success" success="True" time="0.021" asserts="7" />
                                      <test-case name="Kistl.DalProvider.Client.Tests.NMRelationBSideTests(10).indexer_should_set_items_beginning(5)" executed="True" result="Success" success="True" time="0.021" asserts="7" />
                                    </results>
                                  </test-suite>
                                  <test-suite type="ParameterizedTest" name="indexer_should_set_items_end" executed="True" result="Success" success="True" time="0.133" asserts="0">
                                    <results>
                                      <test-case name="Kistl.DalProvider.Client.Tests.NMRelationBSideTests(10).indexer_should_set_items_end(0)" executed="True" result="Inconclusive" success="False" time="0.014" asserts="2">
                                        <reason>
                                          <message><![CDATA[  Expected: less than 10
  But was:  10
]]></message>
                                        </reason>
                                      </test-case>
                                      <test-case name="Kistl.DalProvider.Client.Tests.NMRelationBSideTests(10).indexer_should_set_items_end(1)" executed="True" result="Success" success="True" time="0.021" asserts="7" />
                                      <test-case name="Kistl.DalProvider.Client.Tests.NMRelationBSideTests(10).indexer_should_set_items_end(2)" executed="True" result="Success" success="True" time="0.022" asserts="7" />
                                      <test-case name="Kistl.DalProvider.Client.Tests.NMRelationBSideTests(10).indexer_should_set_items_end(3)" executed="True" result="Success" success="True" time="0.022" asserts="7" />
                                      <test-case name="Kistl.DalProvider.Client.Tests.NMRelationBSideTests(10).indexer_should_set_items_end(4)" executed="True" result="Success" success="True" time="0.022" asserts="7" />
                                      <test-case name="Kistl.DalProvider.Client.Tests.NMRelationBSideTests(10).indexer_should_set_items_end(5)" executed="True" result="Success" success="True" time="0.023" asserts="7" />
                                    </results>
                                  </test-suite>
                                  <test-suite type="ParameterizedTest" name="insert_should_insert_at_the_beginning" executed="True" result="Success" success="True" time="0.138" asserts="0">
                                    <results>
                                      <test-case name="Kistl.DalProvider.Client.Tests.NMRelationBSideTests(10).insert_should_insert_at_the_beginning(0)" executed="True" result="Success" success="True" time="0.021" asserts="8" />
                                      <test-case name="Kistl.DalProvider.Client.Tests.NMRelationBSideTests(10).insert_should_insert_at_the_beginning(1)" executed="True" result="Success" success="True" time="0.021" asserts="8" />
                                      <test-case name="Kistl.DalProvider.Client.Tests.NMRelationBSideTests(10).insert_should_insert_at_the_beginning(2)" executed="True" result="Success" success="True" time="0.021" asserts="8" />
                                      <test-case name="Kistl.DalProvider.Client.Tests.NMRelationBSideTests(10).insert_should_insert_at_the_beginning(3)" executed="True" result="Success" success="True" time="0.021" asserts="8" />
                                      <test-case name="Kistl.DalProvider.Client.Tests.NMRelationBSideTests(10).insert_should_insert_at_the_beginning(4)" executed="True" result="Success" success="True" time="0.021" asserts="8" />
                                      <test-case name="Kistl.DalProvider.Client.Tests.NMRelationBSideTests(10).insert_should_insert_at_the_beginning(5)" executed="True" result="Success" success="True" time="0.022" asserts="8" />
                                    </results>
                                  </test-suite>
                                  <test-suite type="ParameterizedTest" name="insert_should_insert_at_the_end" executed="True" result="Success" success="True" time="0.134" asserts="0">
                                    <results>
                                      <test-case name="Kistl.DalProvider.Client.Tests.NMRelationBSideTests(10).insert_should_insert_at_the_end(0)" executed="True" result="Inconclusive" success="False" time="0.015" asserts="2">
                                        <reason>
                                          <message><![CDATA[  Expected: less than 10
  But was:  10
]]></message>
                                        </reason>
                                      </test-case>
                                      <test-case name="Kistl.DalProvider.Client.Tests.NMRelationBSideTests(10).insert_should_insert_at_the_end(1)" executed="True" result="Success" success="True" time="0.022" asserts="8" />
                                      <test-case name="Kistl.DalProvider.Client.Tests.NMRelationBSideTests(10).insert_should_insert_at_the_end(2)" executed="True" result="Success" success="True" time="0.022" asserts="8" />
                                      <test-case name="Kistl.DalProvider.Client.Tests.NMRelationBSideTests(10).insert_should_insert_at_the_end(3)" executed="True" result="Success" success="True" time="0.022" asserts="8" />
                                      <test-case name="Kistl.DalProvider.Client.Tests.NMRelationBSideTests(10).insert_should_insert_at_the_end(4)" executed="True" result="Success" success="True" time="0.021" asserts="8" />
                                      <test-case name="Kistl.DalProvider.Client.Tests.NMRelationBSideTests(10).insert_should_insert_at_the_end(5)" executed="True" result="Success" success="True" time="0.022" asserts="8" />
                                    </results>
                                  </test-suite>
                                  <test-suite type="ParameterizedTest" name="remove_should_remove_contained_object_from_beginning" executed="True" result="Success" success="True" time="0.120" asserts="0">
                                    <results>
                                      <test-case name="Kistl.DalProvider.Client.Tests.NMRelationBSideTests(10).remove_should_remove_contained_object_from_beginning(0)" executed="True" result="Success" success="True" time="0.019" asserts="7" />
                                      <test-case name="Kistl.DalProvider.Client.Tests.NMRelationBSideTests(10).remove_should_remove_contained_object_from_beginning(1)" executed="True" result="Success" success="True" time="0.020" asserts="7" />
                                      <test-case name="Kistl.DalProvider.Client.Tests.NMRelationBSideTests(10).remove_should_remove_contained_object_from_beginning(2)" executed="True" result="Success" success="True" time="0.021" asserts="7" />
                                      <test-case name="Kistl.DalProvider.Client.Tests.NMRelationBSideTests(10).remove_should_remove_contained_object_from_beginning(3)" executed="True" result="Success" success="True" time="0.019" asserts="7" />
                                      <test-case name="Kistl.DalProvider.Client.Tests.NMRelationBSideTests(10).remove_should_remove_contained_object_from_beginning(4)" executed="True" result="Success" success="True" time="0.019" asserts="7" />
                                      <test-case name="Kistl.DalProvider.Client.Tests.NMRelationBSideTests(10).remove_should_remove_contained_object_from_beginning(5)" executed="True" result="Success" success="True" time="0.019" asserts="7" />
                                    </results>
                                  </test-suite>
                                  <test-suite type="ParameterizedTest" name="remove_should_remove_contained_object_from_end" executed="True" result="Success" success="True" time="0.113" asserts="0">
                                    <results>
                                      <test-case name="Kistl.DalProvider.Client.Tests.NMRelationBSideTests(10).remove_should_remove_contained_object_from_end(0)" executed="True" result="Inconclusive" success="False" time="0.014" asserts="2">
                                        <reason>
                                          <message><![CDATA[  Expected: less than 10
  But was:  10
]]></message>
                                        </reason>
                                      </test-case>
                                      <test-case name="Kistl.DalProvider.Client.Tests.NMRelationBSideTests(10).remove_should_remove_contained_object_from_end(1)" executed="True" result="Success" success="True" time="0.018" asserts="7" />
                                      <test-case name="Kistl.DalProvider.Client.Tests.NMRelationBSideTests(10).remove_should_remove_contained_object_from_end(2)" executed="True" result="Success" success="True" time="0.021" asserts="7" />
                                      <test-case name="Kistl.DalProvider.Client.Tests.NMRelationBSideTests(10).remove_should_remove_contained_object_from_end(3)" executed="True" result="Success" success="True" time="0.019" asserts="7" />
                                      <test-case name="Kistl.DalProvider.Client.Tests.NMRelationBSideTests(10).remove_should_remove_contained_object_from_end(4)" executed="True" result="Success" success="True" time="0.020" asserts="7" />
                                      <test-case name="Kistl.DalProvider.Client.Tests.NMRelationBSideTests(10).remove_should_remove_contained_object_from_end(5)" executed="True" result="Success" success="True" time="0.018" asserts="7" />
                                    </results>
                                  </test-suite>
                                </results>
                              </test-suite>
                              <test-suite type="TestFixture" name="NMRelationBSideTests(50)" executed="True" result="Success" success="True" time="30.994" asserts="0">
                                <results>
                                  <test-case name="Kistl.DalProvider.Client.Tests.NMRelationBSideTests(50).BasicCollectionTests`2.copyto_should_check_array_dimensions" executed="True" result="Success" success="True" time="0.164" asserts="5" />
                                  <test-case name="Kistl.DalProvider.Client.Tests.NMRelationBSideTests(50).BasicCollectionTests`2.copyto_should_check_array_for_null" executed="True" result="Success" success="True" time="0.145" asserts="5" />
                                  <test-case name="Kistl.DalProvider.Client.Tests.NMRelationBSideTests(50).BasicCollectionTests`2.copyto_should_check_index_nonnegative" executed="True" result="Success" success="True" time="0.152" asserts="5" />
                                  <test-case name="Kistl.DalProvider.Client.Tests.NMRelationBSideTests(50).BasicCollectionTests`2.copyto_should_fail_on_wrong_destination_type" executed="True" result="Success" success="True" time="0.150" asserts="5" />
                                  <test-case name="Kistl.DalProvider.Client.Tests.NMRelationBSideTests(50).BasicCollectionTests`2.count_should_have_initial_number_of_items" executed="True" result="Success" success="True" time="0.161" asserts="5" />
                                  <test-case name="Kistl.DalProvider.Client.Tests.NMRelationBSideTests(50).BasicCollectionTests`2.enumerator_should_yield_all_items" executed="True" result="Success" success="True" time="0.148" asserts="5" />
                                  <test-case name="Kistl.DalProvider.Client.Tests.NMRelationBSideTests(50).BasicCollectionTests`2.issynchronized_should_not_throw" executed="True" result="Success" success="True" time="0.142" asserts="5" />
                                  <test-case name="Kistl.DalProvider.Client.Tests.NMRelationBSideTests(50).BasicCollectionTests`2.syncroot_should_exist" executed="True" result="Success" success="True" time="0.145" asserts="5" />
                                  <test-case name="Kistl.DalProvider.Client.Tests.NMRelationBSideTests(50).BasicListTests`2.clear_should_remove_all_items" executed="True" result="Success" success="True" time="0.141" asserts="5" />
                                  <test-case name="Kistl.DalProvider.Client.Tests.NMRelationBSideTests(50).BasicListTests`2.indexer_should_get_items" executed="True" result="Success" success="True" time="0.383" asserts="54" />
                                  <test-case name="Kistl.DalProvider.Client.Tests.NMRelationBSideTests(50).BasicListTests`2.indexOf_should_return_index" executed="True" result="Success" success="True" time="0.543" asserts="54" />
                                  <test-case name="Kistl.DalProvider.Client.Tests.NMRelationBSideTests(50).BasicListTests`2.indexOf_should_return_minus_one_for_otherItem" executed="True" result="Success" success="True" time="0.146" asserts="5" />
                                  <test-case name="Kistl.DalProvider.Client.Tests.NMRelationBSideTests(50).BasicListTests`2.isfixedsize_should_not_be_set" executed="True" result="Success" success="True" time="0.143" asserts="5" />
                                  <test-case name="Kistl.DalProvider.Client.Tests.NMRelationBSideTests(50).BasicListTests`2.isreadonly_should_not_be_set" executed="True" result="Success" success="True" time="0.148" asserts="5" />
                                  <test-case name="Kistl.DalProvider.Client.Tests.NMRelationBSideTests(50).BasicListTests`2.remove_should_ignore_other_item" executed="True" result="Success" success="True" time="0.155" asserts="7" />
                                  <test-suite type="ParameterizedTest" name="add_should_insert_items_at_the_end" executed="True" result="Success" success="True" time="10.843" asserts="0">
                                    <results>
                                      <test-case name="Kistl.DalProvider.Client.Tests.NMRelationBSideTests(50).add_should_insert_items_at_the_end(1)" executed="True" result="Success" success="True" time="0.159" asserts="6" />
                                      <test-case name="Kistl.DalProvider.Client.Tests.NMRelationBSideTests(50).add_should_insert_items_at_the_end(11)" executed="True" result="Success" success="True" time="0.295" asserts="26" />
                                      <test-case name="Kistl.DalProvider.Client.Tests.NMRelationBSideTests(50).add_should_insert_items_at_the_end(21)" executed="True" result="Success" success="True" time="0.475" asserts="46" />
                                      <test-case name="Kistl.DalProvider.Client.Tests.NMRelationBSideTests(50).add_should_insert_items_at_the_end(31)" executed="True" result="Success" success="True" time="0.675" asserts="66" />
                                      <test-case name="Kistl.DalProvider.Client.Tests.NMRelationBSideTests(50).add_should_insert_items_at_the_end(41)" executed="True" result="Success" success="True" time="0.862" asserts="86" />
                                      <test-case name="Kistl.DalProvider.Client.Tests.NMRelationBSideTests(50).add_should_insert_items_at_the_end(51)" executed="True" result="Success" success="True" time="1.077" asserts="106" />
                                      <test-case name="Kistl.DalProvider.Client.Tests.NMRelationBSideTests(50).add_should_insert_items_at_the_end(61)" executed="True" result="Success" success="True" time="1.379" asserts="126" />
                                      <test-case name="Kistl.DalProvider.Client.Tests.NMRelationBSideTests(50).add_should_insert_items_at_the_end(71)" executed="True" result="Success" success="True" time="1.611" asserts="146" />
                                      <test-case name="Kistl.DalProvider.Client.Tests.NMRelationBSideTests(50).add_should_insert_items_at_the_end(81)" executed="True" result="Success" success="True" time="1.939" asserts="166" />
                                      <test-case name="Kistl.DalProvider.Client.Tests.NMRelationBSideTests(50).add_should_insert_items_at_the_end(91)" executed="True" result="Success" success="True" time="2.352" asserts="186" />
                                    </results>
                                  </test-suite>
                                  <test-suite type="ParameterizedTest" name="copyto_should_check_enough_available_space" executed="True" result="Success" success="True" time="3.150" asserts="0">
                                    <results>
                                      <test-case name="Kistl.DalProvider.Client.Tests.NMRelationBSideTests(50).copyto_should_check_enough_available_space(-10)" executed="True" result="Success" success="True" time="0.168" asserts="5" />
                                      <test-case name="Kistl.DalProvider.Client.Tests.NMRelationBSideTests(50).copyto_should_check_enough_available_space(-9)" executed="True" result="Success" success="True" time="0.165" asserts="5" />
                                      <test-case name="Kistl.DalProvider.Client.Tests.NMRelationBSideTests(50).copyto_should_check_enough_available_space(-8)" executed="True" result="Success" success="True" time="0.159" asserts="5" />
                                      <test-case name="Kistl.DalProvider.Client.Tests.NMRelationBSideTests(50).copyto_should_check_enough_available_space(-7)" executed="True" result="Success" success="True" time="0.197" asserts="5" />
                                      <test-case name="Kistl.DalProvider.Client.Tests.NMRelationBSideTests(50).copyto_should_check_enough_available_space(-6)" executed="True" result="Success" success="True" time="0.162" asserts="5" />
                                      <test-case name="Kistl.DalProvider.Client.Tests.NMRelationBSideTests(50).copyto_should_check_enough_available_space(-5)" executed="True" result="Success" success="True" time="0.188" asserts="5" />
                                      <test-case name="Kistl.DalProvider.Client.Tests.NMRelationBSideTests(50).copyto_should_check_enough_available_space(-4)" executed="True" result="Success" success="True" time="0.160" asserts="5" />
                                      <test-case name="Kistl.DalProvider.Client.Tests.NMRelationBSideTests(50).copyto_should_check_enough_available_space(-3)" executed="True" result="Success" success="True" time="0.155" asserts="5" />
                                      <test-case name="Kistl.DalProvider.Client.Tests.NMRelationBSideTests(50).copyto_should_check_enough_available_space(-2)" executed="True" result="Success" success="True" time="0.157" asserts="5" />
                                      <test-case name="Kistl.DalProvider.Client.Tests.NMRelationBSideTests(50).copyto_should_check_enough_available_space(-1)" executed="True" result="Success" success="True" time="0.161" asserts="5" />
                                      <test-case name="Kistl.DalProvider.Client.Tests.NMRelationBSideTests(50).copyto_should_check_enough_available_space(0)" executed="True" result="Success" success="True" time="0.154" asserts="5" />
                                      <test-case name="Kistl.DalProvider.Client.Tests.NMRelationBSideTests(50).copyto_should_check_enough_available_space(1)" executed="True" result="Inconclusive" success="False" time="0.133" asserts="2">
                                        <reason>
                                          <message><![CDATA[  Expected: greater than 55
  But was:  55
]]></message>
                                        </reason>
                                      </test-case>
                                      <test-case name="Kistl.DalProvider.Client.Tests.NMRelationBSideTests(50).copyto_should_check_enough_available_space(2)" executed="True" result="Inconclusive" success="False" time="0.138" asserts="2">
                                        <reason>
                                          <message><![CDATA[  Expected: greater than 55
  But was:  54
]]></message>
                                        </reason>
                                      </test-case>
                                      <test-case name="Kistl.DalProvider.Client.Tests.NMRelationBSideTests(50).copyto_should_check_enough_available_space(3)" executed="True" result="Inconclusive" success="False" time="0.134" asserts="2">
                                        <reason>
                                          <message><![CDATA[  Expected: greater than 55
  But was:  53
]]></message>
                                        </reason>
                                      </test-case>
                                      <test-case name="Kistl.DalProvider.Client.Tests.NMRelationBSideTests(50).copyto_should_check_enough_available_space(4)" executed="True" result="Inconclusive" success="False" time="0.129" asserts="2">
                                        <reason>
                                          <message><![CDATA[  Expected: greater than 55
  But was:  52
]]></message>
                                        </reason>
                                      </test-case>
                                      <test-case name="Kistl.DalProvider.Client.Tests.NMRelationBSideTests(50).copyto_should_check_enough_available_space(5)" executed="True" result="Inconclusive" success="False" time="0.128" asserts="2">
                                        <reason>
                                          <message><![CDATA[  Expected: greater than 55
  But was:  51
]]></message>
                                        </reason>
                                      </test-case>
                                      <test-case name="Kistl.DalProvider.Client.Tests.NMRelationBSideTests(50).copyto_should_check_enough_available_space(6)" executed="True" result="Inconclusive" success="False" time="0.129" asserts="2">
                                        <reason>
                                          <message><![CDATA[  Expected: greater than 0
  But was:  0
]]></message>
                                        </reason>
                                      </test-case>
                                      <test-case name="Kistl.DalProvider.Client.Tests.NMRelationBSideTests(50).copyto_should_check_enough_available_space(7)" executed="True" result="Inconclusive" success="False" time="0.130" asserts="2">
                                        <reason>
                                          <message><![CDATA[  Expected: greater than 0
  But was:  -1
]]></message>
                                        </reason>
                                      </test-case>
                                      <test-case name="Kistl.DalProvider.Client.Tests.NMRelationBSideTests(50).copyto_should_check_enough_available_space(8)" executed="True" result="Inconclusive" success="False" time="0.127" asserts="2">
                                        <reason>
                                          <message><![CDATA[  Expected: greater than 0
  But was:  -2
]]></message>
                                        </reason>
                                      </test-case>
                                      <test-case name="Kistl.DalProvider.Client.Tests.NMRelationBSideTests(50).copyto_should_check_enough_available_space(9)" executed="True" result="Inconclusive" success="False" time="0.127" asserts="2">
                                        <reason>
                                          <message><![CDATA[  Expected: greater than 0
  But was:  -3
]]></message>
                                        </reason>
                                      </test-case>
                                      <test-case name="Kistl.DalProvider.Client.Tests.NMRelationBSideTests(50).copyto_should_check_enough_available_space(10)" executed="True" result="Inconclusive" success="False" time="0.126" asserts="2">
                                        <reason>
                                          <message><![CDATA[  Expected: greater than 0
  But was:  -4
]]></message>
                                        </reason>
                                      </test-case>
                                    </results>
                                  </test-suite>
                                  <test-suite type="ParameterizedTest" name="copyto_should_check_index_not_greater_than_or_equal_array_length" executed="True" result="Success" success="True" time="3.027" asserts="0">
                                    <results>
                                      <test-case name="Kistl.DalProvider.Client.Tests.NMRelationBSideTests(50).copyto_should_check_index_not_greater_than_or_equal_array_length(-10)" executed="True" result="Success" success="True" time="0.149" asserts="5" />
                                      <test-case name="Kistl.DalProvider.Client.Tests.NMRelationBSideTests(50).copyto_should_check_index_not_greater_than_or_equal_array_length(-9)" executed="True" result="Success" success="True" time="0.158" asserts="5" />
                                      <test-case name="Kistl.DalProvider.Client.Tests.NMRelationBSideTests(50).copyto_should_check_index_not_greater_than_or_equal_array_length(-8)" executed="True" result="Success" success="True" time="0.155" asserts="5" />
                                      <test-case name="Kistl.DalProvider.Client.Tests.NMRelationBSideTests(50).copyto_should_check_index_not_greater_than_or_equal_array_length(-7)" executed="True" result="Success" success="True" time="0.151" asserts="5" />
                                      <test-case name="Kistl.DalProvider.Client.Tests.NMRelationBSideTests(50).copyto_should_check_index_not_greater_than_or_equal_array_length(-6)" executed="True" result="Success" success="True" time="0.150" asserts="5" />
                                      <test-case name="Kistl.DalProvider.Client.Tests.NMRelationBSideTests(50).copyto_should_check_index_not_greater_than_or_equal_array_length(-5)" executed="True" result="Success" success="True" time="0.160" asserts="5" />
                                      <test-case name="Kistl.DalProvider.Client.Tests.NMRelationBSideTests(50).copyto_should_check_index_not_greater_than_or_equal_array_length(-4)" executed="True" result="Success" success="True" time="0.149" asserts="5" />
                                      <test-case name="Kistl.DalProvider.Client.Tests.NMRelationBSideTests(50).copyto_should_check_index_not_greater_than_or_equal_array_length(-3)" executed="True" result="Success" success="True" time="0.149" asserts="5" />
                                      <test-case name="Kistl.DalProvider.Client.Tests.NMRelationBSideTests(50).copyto_should_check_index_not_greater_than_or_equal_array_length(-2)" executed="True" result="Success" success="True" time="0.154" asserts="5" />
                                      <test-case name="Kistl.DalProvider.Client.Tests.NMRelationBSideTests(50).copyto_should_check_index_not_greater_than_or_equal_array_length(-1)" executed="True" result="Success" success="True" time="0.157" asserts="5" />
                                      <test-case name="Kistl.DalProvider.Client.Tests.NMRelationBSideTests(50).copyto_should_check_index_not_greater_than_or_equal_array_length(0)" executed="True" result="Success" success="True" time="0.151" asserts="5" />
                                      <test-case name="Kistl.DalProvider.Client.Tests.NMRelationBSideTests(50).copyto_should_check_index_not_greater_than_or_equal_array_length(1)" executed="True" result="Inconclusive" success="False" time="0.130" asserts="2">
                                        <reason>
                                          <message><![CDATA[  Expected: greater than or equal to 55
  But was:  54
]]></message>
                                        </reason>
                                      </test-case>
                                      <test-case name="Kistl.DalProvider.Client.Tests.NMRelationBSideTests(50).copyto_should_check_index_not_greater_than_or_equal_array_length(2)" executed="True" result="Inconclusive" success="False" time="0.130" asserts="2">
                                        <reason>
                                          <message><![CDATA[  Expected: greater than or equal to 55
  But was:  53
]]></message>
                                        </reason>
                                      </test-case>
                                      <test-case name="Kistl.DalProvider.Client.Tests.NMRelationBSideTests(50).copyto_should_check_index_not_greater_than_or_equal_array_length(3)" executed="True" result="Inconclusive" success="False" time="0.130" asserts="2">
                                        <reason>
                                          <message><![CDATA[  Expected: greater than or equal to 55
  But was:  52
]]></message>
                                        </reason>
                                      </test-case>
                                      <test-case name="Kistl.DalProvider.Client.Tests.NMRelationBSideTests(50).copyto_should_check_index_not_greater_than_or_equal_array_length(4)" executed="True" result="Inconclusive" success="False" time="0.129" asserts="2">
                                        <reason>
                                          <message><![CDATA[  Expected: greater than or equal to 55
  But was:  51
]]></message>
                                        </reason>
                                      </test-case>
                                      <test-case name="Kistl.DalProvider.Client.Tests.NMRelationBSideTests(50).copyto_should_check_index_not_greater_than_or_equal_array_length(5)" executed="True" result="Inconclusive" success="False" time="0.128" asserts="2">
                                        <reason>
                                          <message><![CDATA[  Expected: greater than or equal to 55
  But was:  50
]]></message>
                                        </reason>
                                      </test-case>
                                      <test-case name="Kistl.DalProvider.Client.Tests.NMRelationBSideTests(50).copyto_should_check_index_not_greater_than_or_equal_array_length(6)" executed="True" result="Inconclusive" success="False" time="0.134" asserts="2">
                                        <reason>
                                          <message><![CDATA[  Expected: greater than or equal to 55
  But was:  49
]]></message>
                                        </reason>
                                      </test-case>
                                      <test-case name="Kistl.DalProvider.Client.Tests.NMRelationBSideTests(50).copyto_should_check_index_not_greater_than_or_equal_array_length(7)" executed="True" result="Inconclusive" success="False" time="0.132" asserts="2">
                                        <reason>
                                          <message><![CDATA[  Expected: greater than or equal to 55
  But was:  48
]]></message>
                                        </reason>
                                      </test-case>
                                      <test-case name="Kistl.DalProvider.Client.Tests.NMRelationBSideTests(50).copyto_should_check_index_not_greater_than_or_equal_array_length(8)" executed="True" result="Inconclusive" success="False" time="0.129" asserts="2">
                                        <reason>
                                          <message><![CDATA[  Expected: greater than or equal to 55
  But was:  47
]]></message>
                                        </reason>
                                      </test-case>
                                      <test-case name="Kistl.DalProvider.Client.Tests.NMRelationBSideTests(50).copyto_should_check_index_not_greater_than_or_equal_array_length(9)" executed="True" result="Inconclusive" success="False" time="0.129" asserts="2">
                                        <reason>
                                          <message><![CDATA[  Expected: greater than or equal to 55
  But was:  46
]]></message>
                                        </reason>
                                      </test-case>
                                      <test-case name="Kistl.DalProvider.Client.Tests.NMRelationBSideTests(50).copyto_should_check_index_not_greater_than_or_equal_array_length(10)" executed="True" result="Inconclusive" success="False" time="0.134" asserts="2">
                                        <reason>
                                          <message><![CDATA[  Expected: greater than or equal to 55
  But was:  45
]]></message>
                                        </reason>
                                      </test-case>
                                    </results>
                                  </test-suite>
                                  <test-suite type="ParameterizedTest" name="copyto_should_copy_items" executed="True" result="Success" success="True" time="1.697" asserts="0">
                                    <results>
                                      <test-case name="Kistl.DalProvider.Client.Tests.NMRelationBSideTests(50).copyto_should_copy_items(0)" executed="True" result="Success" success="True" time="0.149" asserts="6" />
                                      <test-case name="Kistl.DalProvider.Client.Tests.NMRelationBSideTests(50).copyto_should_copy_items(1)" executed="True" result="Success" success="True" time="0.148" asserts="6" />
                                      <test-case name="Kistl.DalProvider.Client.Tests.NMRelationBSideTests(50).copyto_should_copy_items(2)" executed="True" result="Success" success="True" time="0.149" asserts="6" />
                                      <test-case name="Kistl.DalProvider.Client.Tests.NMRelationBSideTests(50).copyto_should_copy_items(3)" executed="True" result="Success" success="True" time="0.154" asserts="6" />
                                      <test-case name="Kistl.DalProvider.Client.Tests.NMRelationBSideTests(50).copyto_should_copy_items(4)" executed="True" result="Success" success="True" time="0.155" asserts="6" />
                                      <test-case name="Kistl.DalProvider.Client.Tests.NMRelationBSideTests(50).copyto_should_copy_items(5)" executed="True" result="Success" success="True" time="0.150" asserts="6" />
                                      <test-case name="Kistl.DalProvider.Client.Tests.NMRelationBSideTests(50).copyto_should_copy_items(6)" executed="True" result="Success" success="True" time="0.161" asserts="6" />
                                      <test-case name="Kistl.DalProvider.Client.Tests.NMRelationBSideTests(50).copyto_should_copy_items(7)" executed="True" result="Success" success="True" time="0.153" asserts="6" />
                                      <test-case name="Kistl.DalProvider.Client.Tests.NMRelationBSideTests(50).copyto_should_copy_items(8)" executed="True" result="Success" success="True" time="0.156" asserts="6" />
                                      <test-case name="Kistl.DalProvider.Client.Tests.NMRelationBSideTests(50).copyto_should_copy_items(9)" executed="True" result="Success" success="True" time="0.151" asserts="6" />
                                      <test-case name="Kistl.DalProvider.Client.Tests.NMRelationBSideTests(50).copyto_should_copy_items(10)" executed="True" result="Success" success="True" time="0.154" asserts="6" />
                                    </results>
                                  </test-suite>
                                  <test-suite type="ParameterizedTest" name="indexer_should_check_negative_index_on_get" executed="True" result="Success" success="True" time="0.761" asserts="0">
                                    <results>
                                      <test-case name="Kistl.DalProvider.Client.Tests.NMRelationBSideTests(50).indexer_should_check_negative_index_on_get(-5)" executed="True" result="Success" success="True" time="0.145" asserts="5" />
                                      <test-case name="Kistl.DalProvider.Client.Tests.NMRelationBSideTests(50).indexer_should_check_negative_index_on_get(-4)" executed="True" result="Success" success="True" time="0.150" asserts="5" />
                                      <test-case name="Kistl.DalProvider.Client.Tests.NMRelationBSideTests(50).indexer_should_check_negative_index_on_get(-3)" executed="True" result="Success" success="True" time="0.157" asserts="5" />
                                      <test-case name="Kistl.DalProvider.Client.Tests.NMRelationBSideTests(50).indexer_should_check_negative_index_on_get(-2)" executed="True" result="Success" success="True" time="0.148" asserts="5" />
                                      <test-case name="Kistl.DalProvider.Client.Tests.NMRelationBSideTests(50).indexer_should_check_negative_index_on_get(-1)" executed="True" result="Success" success="True" time="0.158" asserts="5" />
                                    </results>
                                  </test-suite>
                                  <test-suite type="ParameterizedTest" name="indexer_should_check_negative_index_on_set" executed="True" result="Success" success="True" time="0.761" asserts="0">
                                    <results>
                                      <test-case name="Kistl.DalProvider.Client.Tests.NMRelationBSideTests(50).indexer_should_check_negative_index_on_set(-5)" executed="True" result="Success" success="True" time="0.150" asserts="5" />
                                      <test-case name="Kistl.DalProvider.Client.Tests.NMRelationBSideTests(50).indexer_should_check_negative_index_on_set(-4)" executed="True" result="Success" success="True" time="0.145" asserts="5" />
                                      <test-case name="Kistl.DalProvider.Client.Tests.NMRelationBSideTests(50).indexer_should_check_negative_index_on_set(-3)" executed="True" result="Success" success="True" time="0.144" asserts="5" />
                                      <test-case name="Kistl.DalProvider.Client.Tests.NMRelationBSideTests(50).indexer_should_check_negative_index_on_set(-2)" executed="True" result="Success" success="True" time="0.161" asserts="5" />
                                      <test-case name="Kistl.DalProvider.Client.Tests.NMRelationBSideTests(50).indexer_should_check_negative_index_on_set(-1)" executed="True" result="Success" success="True" time="0.152" asserts="5" />
                                    </results>
                                  </test-suite>
                                  <test-suite type="ParameterizedTest" name="indexer_should_check_too_big_index_on_get" executed="True" result="Success" success="True" time="0.898" asserts="0">
                                    <results>
                                      <test-case name="Kistl.DalProvider.Client.Tests.NMRelationBSideTests(50).indexer_should_check_too_big_index_on_get(0)" executed="True" result="Success" success="True" time="0.152" asserts="5" />
                                      <test-case name="Kistl.DalProvider.Client.Tests.NMRelationBSideTests(50).indexer_should_check_too_big_index_on_get(1)" executed="True" result="Success" success="True" time="0.151" asserts="5" />
                                      <test-case name="Kistl.DalProvider.Client.Tests.NMRelationBSideTests(50).indexer_should_check_too_big_index_on_get(2)" executed="True" result="Success" success="True" time="0.147" asserts="5" />
                                      <test-case name="Kistl.DalProvider.Client.Tests.NMRelationBSideTests(50).indexer_should_check_too_big_index_on_get(3)" executed="True" result="Success" success="True" time="0.149" asserts="5" />
                                      <test-case name="Kistl.DalProvider.Client.Tests.NMRelationBSideTests(50).indexer_should_check_too_big_index_on_get(4)" executed="True" result="Success" success="True" time="0.145" asserts="5" />
                                      <test-case name="Kistl.DalProvider.Client.Tests.NMRelationBSideTests(50).indexer_should_check_too_big_index_on_get(5)" executed="True" result="Success" success="True" time="0.145" asserts="5" />
                                    </results>
                                  </test-suite>
                                  <test-suite type="ParameterizedTest" name="indexer_should_check_too_big_index_on_set" executed="True" result="Success" success="True" time="0.937" asserts="0">
                                    <results>
                                      <test-case name="Kistl.DalProvider.Client.Tests.NMRelationBSideTests(50).indexer_should_check_too_big_index_on_set(0)" executed="True" result="Success" success="True" time="0.166" asserts="5" />
                                      <test-case name="Kistl.DalProvider.Client.Tests.NMRelationBSideTests(50).indexer_should_check_too_big_index_on_set(1)" executed="True" result="Success" success="True" time="0.169" asserts="5" />
                                      <test-case name="Kistl.DalProvider.Client.Tests.NMRelationBSideTests(50).indexer_should_check_too_big_index_on_set(2)" executed="True" result="Success" success="True" time="0.154" asserts="5" />
                                      <test-case name="Kistl.DalProvider.Client.Tests.NMRelationBSideTests(50).indexer_should_check_too_big_index_on_set(3)" executed="True" result="Success" success="True" time="0.146" asserts="5" />
                                      <test-case name="Kistl.DalProvider.Client.Tests.NMRelationBSideTests(50).indexer_should_check_too_big_index_on_set(4)" executed="True" result="Success" success="True" time="0.149" asserts="5" />
                                      <test-case name="Kistl.DalProvider.Client.Tests.NMRelationBSideTests(50).indexer_should_check_too_big_index_on_set(5)" executed="True" result="Success" success="True" time="0.148" asserts="5" />
                                    </results>
                                  </test-suite>
                                  <test-suite type="ParameterizedTest" name="indexer_should_set_items_beginning" executed="True" result="Success" success="True" time="0.974" asserts="0">
                                    <results>
                                      <test-case name="Kistl.DalProvider.Client.Tests.NMRelationBSideTests(50).indexer_should_set_items_beginning(0)" executed="True" result="Inconclusive" success="False" time="0.131" asserts="2">
                                        <reason>
                                          <message><![CDATA[  Expected: greater than 0
  But was:  0
]]></message>
                                        </reason>
                                      </test-case>
                                      <test-case name="Kistl.DalProvider.Client.Tests.NMRelationBSideTests(50).indexer_should_set_items_beginning(1)" executed="True" result="Success" success="True" time="0.165" asserts="7" />
                                      <test-case name="Kistl.DalProvider.Client.Tests.NMRelationBSideTests(50).indexer_should_set_items_beginning(2)" executed="True" result="Success" success="True" time="0.164" asserts="7" />
                                      <test-case name="Kistl.DalProvider.Client.Tests.NMRelationBSideTests(50).indexer_should_set_items_beginning(3)" executed="True" result="Success" success="True" time="0.167" asserts="7" />
                                      <test-case name="Kistl.DalProvider.Client.Tests.NMRelationBSideTests(50).indexer_should_set_items_beginning(4)" executed="True" result="Success" success="True" time="0.168" asserts="7" />
                                      <test-case name="Kistl.DalProvider.Client.Tests.NMRelationBSideTests(50).indexer_should_set_items_beginning(5)" executed="True" result="Success" success="True" time="0.166" asserts="7" />
                                    </results>
                                  </test-suite>
                                  <test-suite type="ParameterizedTest" name="indexer_should_set_items_end" executed="True" result="Success" success="True" time="0.995" asserts="0">
                                    <results>
                                      <test-case name="Kistl.DalProvider.Client.Tests.NMRelationBSideTests(50).indexer_should_set_items_end(0)" executed="True" result="Inconclusive" success="False" time="0.133" asserts="2">
                                        <reason>
                                          <message><![CDATA[  Expected: less than 50
  But was:  50
]]></message>
                                        </reason>
                                      </test-case>
                                      <test-case name="Kistl.DalProvider.Client.Tests.NMRelationBSideTests(50).indexer_should_set_items_end(1)" executed="True" result="Success" success="True" time="0.171" asserts="7" />
                                      <test-case name="Kistl.DalProvider.Client.Tests.NMRelationBSideTests(50).indexer_should_set_items_end(2)" executed="True" result="Success" success="True" time="0.171" asserts="7" />
                                      <test-case name="Kistl.DalProvider.Client.Tests.NMRelationBSideTests(50).indexer_should_set_items_end(3)" executed="True" result="Success" success="True" time="0.172" asserts="7" />
                                      <test-case name="Kistl.DalProvider.Client.Tests.NMRelationBSideTests(50).indexer_should_set_items_end(4)" executed="True" result="Success" success="True" time="0.170" asserts="7" />
                                      <test-case name="Kistl.DalProvider.Client.Tests.NMRelationBSideTests(50).indexer_should_set_items_end(5)" executed="True" result="Success" success="True" time="0.174" asserts="7" />
                                    </results>
                                  </test-suite>
                                  <test-suite type="ParameterizedTest" name="insert_should_insert_at_the_beginning" executed="True" result="Success" success="True" time="0.979" asserts="0">
                                    <results>
                                      <test-case name="Kistl.DalProvider.Client.Tests.NMRelationBSideTests(50).insert_should_insert_at_the_beginning(0)" executed="True" result="Success" success="True" time="0.160" asserts="8" />
                                      <test-case name="Kistl.DalProvider.Client.Tests.NMRelationBSideTests(50).insert_should_insert_at_the_beginning(1)" executed="True" result="Success" success="True" time="0.160" asserts="8" />
                                      <test-case name="Kistl.DalProvider.Client.Tests.NMRelationBSideTests(50).insert_should_insert_at_the_beginning(2)" executed="True" result="Success" success="True" time="0.158" asserts="8" />
                                      <test-case name="Kistl.DalProvider.Client.Tests.NMRelationBSideTests(50).insert_should_insert_at_the_beginning(3)" executed="True" result="Success" success="True" time="0.170" asserts="8" />
                                      <test-case name="Kistl.DalProvider.Client.Tests.NMRelationBSideTests(50).insert_should_insert_at_the_beginning(4)" executed="True" result="Success" success="True" time="0.160" asserts="8" />
                                      <test-case name="Kistl.DalProvider.Client.Tests.NMRelationBSideTests(50).insert_should_insert_at_the_beginning(5)" executed="True" result="Success" success="True" time="0.162" asserts="8" />
                                    </results>
                                  </test-suite>
                                  <test-suite type="ParameterizedTest" name="insert_should_insert_at_the_end" executed="True" result="Success" success="True" time="1.065" asserts="0">
                                    <results>
                                      <test-case name="Kistl.DalProvider.Client.Tests.NMRelationBSideTests(50).insert_should_insert_at_the_end(0)" executed="True" result="Inconclusive" success="False" time="0.150" asserts="2">
                                        <reason>
                                          <message><![CDATA[  Expected: less than 50
  But was:  50
]]></message>
                                        </reason>
                                      </test-case>
                                      <test-case name="Kistl.DalProvider.Client.Tests.NMRelationBSideTests(50).insert_should_insert_at_the_end(1)" executed="True" result="Success" success="True" time="0.171" asserts="8" />
                                      <test-case name="Kistl.DalProvider.Client.Tests.NMRelationBSideTests(50).insert_should_insert_at_the_end(2)" executed="True" result="Success" success="True" time="0.166" asserts="8" />
                                      <test-case name="Kistl.DalProvider.Client.Tests.NMRelationBSideTests(50).insert_should_insert_at_the_end(3)" executed="True" result="Success" success="True" time="0.180" asserts="8" />
                                      <test-case name="Kistl.DalProvider.Client.Tests.NMRelationBSideTests(50).insert_should_insert_at_the_end(4)" executed="True" result="Success" success="True" time="0.187" asserts="8" />
                                      <test-case name="Kistl.DalProvider.Client.Tests.NMRelationBSideTests(50).insert_should_insert_at_the_end(5)" executed="True" result="Success" success="True" time="0.203" asserts="8" />
                                    </results>
                                  </test-suite>
                                  <test-suite type="ParameterizedTest" name="remove_should_remove_contained_object_from_beginning" executed="True" result="Success" success="True" time="1.056" asserts="0">
                                    <results>
                                      <test-case name="Kistl.DalProvider.Client.Tests.NMRelationBSideTests(50).remove_should_remove_contained_object_from_beginning(0)" executed="True" result="Success" success="True" time="0.172" asserts="7" />
                                      <test-case name="Kistl.DalProvider.Client.Tests.NMRelationBSideTests(50).remove_should_remove_contained_object_from_beginning(1)" executed="True" result="Success" success="True" time="0.205" asserts="7" />
                                      <test-case name="Kistl.DalProvider.Client.Tests.NMRelationBSideTests(50).remove_should_remove_contained_object_from_beginning(2)" executed="True" result="Success" success="True" time="0.180" asserts="7" />
                                      <test-case name="Kistl.DalProvider.Client.Tests.NMRelationBSideTests(50).remove_should_remove_contained_object_from_beginning(3)" executed="True" result="Success" success="True" time="0.171" asserts="7" />
                                      <test-case name="Kistl.DalProvider.Client.Tests.NMRelationBSideTests(50).remove_should_remove_contained_object_from_beginning(4)" executed="True" result="Success" success="True" time="0.163" asserts="7" />
                                      <test-case name="Kistl.DalProvider.Client.Tests.NMRelationBSideTests(50).remove_should_remove_contained_object_from_beginning(5)" executed="True" result="Success" success="True" time="0.163" asserts="7" />
                                    </results>
                                  </test-suite>
                                  <test-suite type="ParameterizedTest" name="remove_should_remove_contained_object_from_end" executed="True" result="Success" success="True" time="0.928" asserts="0">
                                    <results>
                                      <test-case name="Kistl.DalProvider.Client.Tests.NMRelationBSideTests(50).remove_should_remove_contained_object_from_end(0)" executed="True" result="Inconclusive" success="False" time="0.131" asserts="2">
                                        <reason>
                                          <message><![CDATA[  Expected: less than 50
  But was:  50
]]></message>
                                        </reason>
                                      </test-case>
                                      <test-case name="Kistl.DalProvider.Client.Tests.NMRelationBSideTests(50).remove_should_remove_contained_object_from_end(1)" executed="True" result="Success" success="True" time="0.161" asserts="7" />
                                      <test-case name="Kistl.DalProvider.Client.Tests.NMRelationBSideTests(50).remove_should_remove_contained_object_from_end(2)" executed="True" result="Success" success="True" time="0.157" asserts="7" />
                                      <test-case name="Kistl.DalProvider.Client.Tests.NMRelationBSideTests(50).remove_should_remove_contained_object_from_end(3)" executed="True" result="Success" success="True" time="0.158" asserts="7" />
                                      <test-case name="Kistl.DalProvider.Client.Tests.NMRelationBSideTests(50).remove_should_remove_contained_object_from_end(4)" executed="True" result="Success" success="True" time="0.158" asserts="7" />
                                      <test-case name="Kistl.DalProvider.Client.Tests.NMRelationBSideTests(50).remove_should_remove_contained_object_from_end(5)" executed="True" result="Success" success="True" time="0.157" asserts="7" />
                                    </results>
                                  </test-suite>
                                </results>
                              </test-suite>
                            </results>
                          </test-suite>
                          <test-suite type="Namespace" name="PersistenceObjects" executed="True" result="Success" success="True" time="0.167" asserts="0">
                            <results>
                              <test-suite type="TestFixture" name="navigator_context_checks" executed="True" result="Success" success="True" time="0.131" asserts="0">
                                <results>
                                  <test-case name="Kistl.DalProvider.Client.Tests.PersistenceObjects.navigator_context_checks.navigator_context_checks.set_1_1_same_context" executed="True" result="Success" success="True" time="0.030" asserts="0" />
                                  <test-case name="Kistl.DalProvider.Client.Tests.PersistenceObjects.navigator_context_checks.navigator_context_checks.set_1_1_wrong_context" executed="True" result="Success" success="True" time="0.023" asserts="0" />
                                  <test-case name="Kistl.DalProvider.Client.Tests.PersistenceObjects.navigator_context_checks.navigator_context_checks.set_1_N_same_context" executed="True" result="Success" success="True" time="0.014" asserts="0" />
                                  <test-case name="Kistl.DalProvider.Client.Tests.PersistenceObjects.navigator_context_checks.navigator_context_checks.set_1_N_wrong_context" executed="True" result="Success" success="True" time="0.009" asserts="0" />
                                  <test-case name="Kistl.DalProvider.Client.Tests.PersistenceObjects.navigator_context_checks.navigator_context_checks.set_N_1_same_context" executed="True" result="Success" success="True" time="0.012" asserts="0" />
                                  <test-case name="Kistl.DalProvider.Client.Tests.PersistenceObjects.navigator_context_checks.navigator_context_checks.set_N_1_wrong_context" executed="True" result="Success" success="True" time="0.009" asserts="0" />
                                  <test-case name="Kistl.DalProvider.Client.Tests.PersistenceObjects.navigator_context_checks.navigator_context_checks.set_N_M_same_context" executed="True" result="Success" success="True" time="0.016" asserts="0" />
                                  <test-case name="Kistl.DalProvider.Client.Tests.PersistenceObjects.navigator_context_checks.navigator_context_checks.set_N_M_wrong_context" executed="True" result="Success" success="True" time="0.009" asserts="0" />
                                </results>
                              </test-suite>
                              <test-suite type="TestFixture" name="when_changed" executed="True" result="Success" success="True" time="0.011" asserts="0">
                                <results>
                                  <test-case name="Kistl.DalProvider.Client.Tests.PersistenceObjects.when_changed.when_changed.should_be_modified" executed="True" result="Success" success="True" time="0.009" asserts="2" />
                                </results>
                              </test-suite>
                              <test-suite type="TestFixture" name="when_loaded" executed="True" result="Success" success="True" time="0.021" asserts="0">
                                <results>
                                  <test-case name="Kistl.DalProvider.Client.Tests.PersistenceObjects.when_loaded.when_loaded.should_be_attached" executed="True" result="Success" success="True" time="0.007" asserts="1" />
                                  <test-case name="Kistl.DalProvider.Client.Tests.PersistenceObjects.when_loaded.when_loaded.should_be_unmodified" executed="True" result="Success" success="True" time="0.008" asserts="1" />
                                </results>
                              </test-suite>
                            </results>
                          </test-suite>
                        </results>
                      </test-suite>
                    </results>
                  </test-suite>
                </results>
              </test-suite>
            </results>
          </test-suite>
        </results>
      </test-suite>
    </results>
  </test-suite>
</test-results>