<?xml version="1.0" encoding="utf-8" standalone="no"?>
<!--This file represents the results of running a test suite-->
<test-results name="P:\Kistl\Tests\Kistl.DalProvider.EF.Tests\Kistl.DalProvider.EF.Tests.nunit" total="43" errors="0" failures="0" not-run="0" inconclusive="0" ignored="0" skipped="0" invalid="0" date="2010-01-28" time="16:59:31">
  <environment nunit-version="2.5.3.9345" clr-version="2.0.50727.4927" os-version="Microsoft Windows NT 6.1.7600.0" platform="Win32NT" cwd="P:\Kistl\Tests\Kistl.DalProvider.EF.Tests" machine-name="DAVID-PC" user="david" user-domain="DASZ" />
  <culture-info current-culture="en-US" current-uiculture="en-US" />
  <test-suite name="P:\Kistl\Tests\Kistl.DalProvider.EF.Tests\Kistl.DalProvider.EF.Tests.nunit" executed="True" success="True" time="1.301" asserts="0">
    <results>
      <test-suite name="P:\Kistl\Tests\Kistl.DalProvider.EF.Tests\bin\Debug\Kistl.DalProvider.EF.Tests.dll" executed="True" success="True" time="1.286" asserts="0">
        <results>
          <test-suite name="Kistl" executed="True" success="True" time="1.281" asserts="0">
            <results>
              <test-suite name="DalProvider" executed="True" success="True" time="1.276" asserts="0">
                <results>
                  <test-suite name="EF" executed="True" success="True" time="1.271" asserts="0">
                    <results>
                      <test-suite name="Tests" executed="True" success="True" time="1.266" asserts="0">
                        <results>
                          <test-suite name="EntityListWrappers" executed="True" success="True" time="0.222" asserts="0">
                            <results>
                              <test-suite name="when_empty" executed="True" success="True" time="0.125" asserts="0">
                                <results>
                                  <test-case name="Kistl.DalProvider.EF.Tests.EntityListWrappers.when_empty.when_empty`1.should_be_empty" executed="True" success="True" time="0.023" asserts="1" />
                                  <test-case name="Kistl.DalProvider.EF.Tests.EntityListWrappers.when_empty.when_empty`1.should_copyTo_any_length_array" executed="True" success="True" time="0.011" asserts="854" />
                                  <test-case name="Kistl.DalProvider.EF.Tests.EntityListWrappers.when_empty.when_empty`1.should_have_zero_count" executed="True" success="True" time="0.012" asserts="1" />
                                  <test-case name="Kistl.DalProvider.EF.Tests.EntityListWrappers.when_empty.when_empty`1.should_leave_underlyingCollection_empty" executed="True" success="True" time="0.000" asserts="1" />
                                  <test-case name="Kistl.DalProvider.EF.Tests.EntityListWrappers.when_empty.when_empty`1.should_yield_no_items" executed="True" success="True" time="0.001" asserts="0" />
                                  <test-case name="Kistl.DalProvider.EF.Tests.EntityListWrappers.when_empty.WrapperFixture`1.copyTo_should_check_for_negative_index" executed="True" success="True" time="0.011" asserts="1" />
                                  <test-case name="Kistl.DalProvider.EF.Tests.EntityListWrappers.when_empty.WrapperFixture`1.copyTo_should_check_for_null_array" executed="True" success="True" time="0.001" asserts="1" />
                                  <test-case name="Kistl.DalProvider.EF.Tests.EntityListWrappers.when_empty.WrapperFixture`1.copyTo_should_check_for_overflow" executed="True" success="True" time="0.002" asserts="2" />
                                  <test-case name="Kistl.DalProvider.EF.Tests.EntityListWrappers.when_empty.WrapperFixture`1.should_add_item" executed="True" success="True" time="0.028" asserts="2" />
                                  <test-case name="Kistl.DalProvider.EF.Tests.EntityListWrappers.when_empty.WrapperFixture`1.should_be_equivalent_to_underlyingCollection" executed="True" success="True" time="0.002" asserts="1" />
                                  <test-case name="Kistl.DalProvider.EF.Tests.EntityListWrappers.when_empty.WrapperFixture`1.should_clear" executed="True" success="True" time="0.002" asserts="3" />
                                  <test-case name="Kistl.DalProvider.EF.Tests.EntityListWrappers.when_empty.WrapperFixture`1.should_not_be_readonly" executed="True" success="True" time="0.002" asserts="1" />
                                  <test-case name="Kistl.DalProvider.EF.Tests.EntityListWrappers.when_empty.WrapperFixture`1.should_return_false_on_contains_otherItem" executed="True" success="True" time="0.001" asserts="1" />
                                  <test-case name="Kistl.DalProvider.EF.Tests.EntityListWrappers.when_empty.WrapperFixture`1.should_return_false_on_remove_other_item" executed="True" success="True" time="0.001" asserts="1" />
                                </results>
                              </test-suite>
                              <test-suite name="when_having_a_item" executed="True" success="True" time="0.037" asserts="0">
                                <results>
                                  <test-case name="Kistl.DalProvider.EF.Tests.EntityListWrappers.when_having_a_item.when_having_a_item`1.should_copyTo_any_length_array" executed="True" success="True" time="0.012" asserts="20" />
                                  <test-case name="Kistl.DalProvider.EF.Tests.EntityListWrappers.when_having_a_item.when_having_a_item`1.should_have_count_one" executed="True" success="True" time="0.001" asserts="1" />
                                  <test-case name="Kistl.DalProvider.EF.Tests.EntityListWrappers.when_having_a_item.when_having_a_item`1.should_have_the_item" executed="True" success="True" time="0.001" asserts="1" />
                                  <test-case name="Kistl.DalProvider.EF.Tests.EntityListWrappers.when_having_a_item.when_having_a_item`1.should_leave_underlyingCollection_in_correct_state" executed="True" success="True" time="0.001" asserts="1" />
                                  <test-case name="Kistl.DalProvider.EF.Tests.EntityListWrappers.when_having_a_item.when_having_a_item`1.should_return_true_on_contains_containedItem" executed="True" success="True" time="0.001" asserts="1" />
                                  <test-case name="Kistl.DalProvider.EF.Tests.EntityListWrappers.when_having_a_item.when_having_a_item`1.should_yield_only_the_item" executed="True" success="True" time="0.002" asserts="2" />
                                  <test-case name="Kistl.DalProvider.EF.Tests.EntityListWrappers.when_having_a_item.WrapperFixture`1.copyTo_should_check_for_negative_index" executed="True" success="True" time="0.000" asserts="1" />
                                  <test-case name="Kistl.DalProvider.EF.Tests.EntityListWrappers.when_having_a_item.WrapperFixture`1.copyTo_should_check_for_null_array" executed="True" success="True" time="0.001" asserts="1" />
                                  <test-case name="Kistl.DalProvider.EF.Tests.EntityListWrappers.when_having_a_item.WrapperFixture`1.copyTo_should_check_for_overflow" executed="True" success="True" time="0.000" asserts="2" />
                                  <test-case name="Kistl.DalProvider.EF.Tests.EntityListWrappers.when_having_a_item.WrapperFixture`1.should_add_item" executed="True" success="True" time="0.001" asserts="2" />
                                  <test-case name="Kistl.DalProvider.EF.Tests.EntityListWrappers.when_having_a_item.WrapperFixture`1.should_be_equivalent_to_underlyingCollection" executed="True" success="True" time="0.001" asserts="1" />
                                  <test-case name="Kistl.DalProvider.EF.Tests.EntityListWrappers.when_having_a_item.WrapperFixture`1.should_clear" executed="True" success="True" time="0.001" asserts="3" />
                                  <test-case name="Kistl.DalProvider.EF.Tests.EntityListWrappers.when_having_a_item.WrapperFixture`1.should_not_be_readonly" executed="True" success="True" time="0.001" asserts="1" />
                                  <test-case name="Kistl.DalProvider.EF.Tests.EntityListWrappers.when_having_a_item.WrapperFixture`1.should_return_false_on_contains_otherItem" executed="True" success="True" time="0.000" asserts="1" />
                                  <test-case name="Kistl.DalProvider.EF.Tests.EntityListWrappers.when_having_a_item.WrapperFixture`1.should_return_false_on_remove_other_item" executed="True" success="True" time="0.001" asserts="1" />
                                </results>
                              </test-suite>
                              <test-suite name="when_having_multiple_items" executed="True" success="True" time="0.049" asserts="0">
                                <results>
                                  <test-case name="Kistl.DalProvider.EF.Tests.EntityListWrappers.when_having_multiple_items.when_having_multiple_items`1.should_copyTo_any_length_array" executed="True" success="True" time="0.006" asserts="20" />
                                  <test-case name="Kistl.DalProvider.EF.Tests.EntityListWrappers.when_having_multiple_items.when_having_multiple_items`1.should_have_correct_count" executed="True" success="True" time="0.002" asserts="1" />
                                  <test-case name="Kistl.DalProvider.EF.Tests.EntityListWrappers.when_having_multiple_items.when_having_multiple_items`1.should_have_the_items" executed="True" success="True" time="0.003" asserts="1" />
                                  <test-case name="Kistl.DalProvider.EF.Tests.EntityListWrappers.when_having_multiple_items.when_having_multiple_items`1.should_leave_underlyingCollection_in_correct_state" executed="True" success="True" time="0.002" asserts="1" />
                                  <test-case name="Kistl.DalProvider.EF.Tests.EntityListWrappers.when_having_multiple_items.when_having_multiple_items`1.should_return_true_on_contains_containedItem" executed="True" success="True" time="0.002" asserts="5" />
                                  <test-case name="Kistl.DalProvider.EF.Tests.EntityListWrappers.when_having_multiple_items.WrapperFixture`1.copyTo_should_check_for_negative_index" executed="True" success="True" time="0.001" asserts="1" />
                                  <test-case name="Kistl.DalProvider.EF.Tests.EntityListWrappers.when_having_multiple_items.WrapperFixture`1.copyTo_should_check_for_null_array" executed="True" success="True" time="0.002" asserts="1" />
                                  <test-case name="Kistl.DalProvider.EF.Tests.EntityListWrappers.when_having_multiple_items.WrapperFixture`1.copyTo_should_check_for_overflow" executed="True" success="True" time="0.002" asserts="2" />
                                  <test-case name="Kistl.DalProvider.EF.Tests.EntityListWrappers.when_having_multiple_items.WrapperFixture`1.should_add_item" executed="True" success="True" time="0.001" asserts="2" />
                                  <test-case name="Kistl.DalProvider.EF.Tests.EntityListWrappers.when_having_multiple_items.WrapperFixture`1.should_be_equivalent_to_underlyingCollection" executed="True" success="True" time="0.002" asserts="1" />
                                  <test-case name="Kistl.DalProvider.EF.Tests.EntityListWrappers.when_having_multiple_items.WrapperFixture`1.should_clear" executed="True" success="True" time="0.002" asserts="3" />
                                  <test-case name="Kistl.DalProvider.EF.Tests.EntityListWrappers.when_having_multiple_items.WrapperFixture`1.should_not_be_readonly" executed="True" success="True" time="0.001" asserts="1" />
                                  <test-case name="Kistl.DalProvider.EF.Tests.EntityListWrappers.when_having_multiple_items.WrapperFixture`1.should_return_false_on_contains_otherItem" executed="True" success="True" time="0.008" asserts="1" />
                                  <test-case name="Kistl.DalProvider.EF.Tests.EntityListWrappers.when_having_multiple_items.WrapperFixture`1.should_return_false_on_remove_other_item" executed="True" success="True" time="0.002" asserts="1" />
                                </results>
                              </test-suite>
                            </results>
                          </test-suite>
                        </results>
                      </test-suite>
                    </results>
                  </test-suite>
                </results>
              </test-suite>
            </results>
          </test-suite>
        </results>
      </test-suite>
    </results>
  </test-suite>
</test-results>