<?xml version="1.0" encoding="utf-8" standalone="no"?>
<!--This file represents the results of running a test suite-->
<test-results name="P:\Kistl\Tests\Kistl.DalProvider.EF.Tests\Kistl.DalProvider.EF.Tests.nunit" total="13" errors="0" failures="0" not-run="4" inconclusive="0" ignored="4" skipped="0" invalid="0" date="2010-01-04" time="13:03:44">
  <environment nunit-version="2.5.2.9222" clr-version="2.0.50727.4200" os-version="Microsoft Windows NT 6.0.6002 Service Pack 2" platform="Win32NT" cwd="P:\Kistl\Tests\Kistl.DalProvider.EF.Tests" machine-name="DAVID-NB" user="david" user-domain="DASZ" />
  <culture-info current-culture="de-AT" current-uiculture="en-US" />
  <test-suite name="P:\Kistl\Tests\Kistl.DalProvider.EF.Tests\Kistl.DalProvider.EF.Tests.nunit" executed="True" success="True" time="13.628" asserts="0">
    <results>
      <test-suite name="P:\Kistl\Tests\Kistl.DalProvider.EF.Tests\bin\Debug\Kistl.DalProvider.EF.Tests.dll" executed="True" success="True" time="13.623" asserts="0">
        <results>
          <test-suite name="Kistl" executed="True" success="True" time="13.620" asserts="0">
            <results>
              <test-suite name="DalProvider" executed="True" success="True" time="13.616" asserts="0">
                <results>
                  <test-suite name="EF" executed="True" success="True" time="13.602" asserts="0">
                    <results>
                      <test-suite name="Tests" executed="True" success="True" time="13.599" asserts="0">
                        <results>
                          <test-suite name="BaseServerDataObjectTests" executed="True" success="True" time="8.547" asserts="1">
                            <results>
                              <test-case name="Kistl.DalProvider.EF.Tests.BaseServerDataObjectTests.AttachToContext" executed="True" success="True" time="0.014" asserts="3" />
                              <test-case name="Kistl.DalProvider.EF.Tests.BaseServerDataObjectTests.AttachToContext_Other_fails" executed="True" success="True" time="0.007" asserts="3" />
                              <test-case name="Kistl.DalProvider.EF.Tests.BaseServerDataObjectTests.DetachFromContext" executed="True" success="True" time="0.042" asserts="4" />
                              <test-case name="Kistl.DalProvider.EF.Tests.BaseServerDataObjectTests.DetachFromContext_Other" executed="True" success="True" time="0.006" asserts="4" />
                              <test-case name="Kistl.DalProvider.EF.Tests.BaseServerDataObjectTests.fails_on_serializing_from_null_stream" executed="True" success="True" time="0.002" asserts="0" />
                              <test-case name="Kistl.DalProvider.EF.Tests.BaseServerDataObjectTests.fails_on_serializing_to_null_stream" executed="True" success="True" time="0.001" asserts="0" />
                              <test-case name="Kistl.DalProvider.EF.Tests.BaseServerDataObjectTests.FromStream_Attached_fails" executed="True" success="True" time="0.016" asserts="1" />
                              <test-case name="Kistl.DalProvider.EF.Tests.BaseServerDataObjectTests.FromStream_creates_correct_Object" executed="False">
                                <reason>
                                  <message><![CDATA[need to implement mocked serialization for ObjectClass]]></message>
                                </reason>
                              </test-case>
                              <test-case name="Kistl.DalProvider.EF.Tests.BaseServerDataObjectTests.FromStream_of_WrongType_fails" executed="True" success="True" time="0.007" asserts="1" />
                              <test-case name="Kistl.DalProvider.EF.Tests.BaseServerDataObjectTests.NotifyPropertyChanged_ing" executed="True" success="True" time="0.003" asserts="0" />
                              <test-case name="Kistl.DalProvider.EF.Tests.BaseServerDataObjectTests.ObjectState_ObjectWithID_Modified" executed="False">
                                <reason>
                                  <message><![CDATA[Wrong test, ObjectState is managed by EF]]></message>
                                </reason>
                              </test-case>
                              <test-case name="Kistl.DalProvider.EF.Tests.BaseServerDataObjectTests.ObjectState_should_be_Unmodified_after_setting_ID" executed="False">
                                <reason>
                                  <message><![CDATA[Wrong test, ObjectState is managed by EF]]></message>
                                </reason>
                              </test-case>
                              <test-case name="Kistl.DalProvider.EF.Tests.BaseServerDataObjectTests.should_not_be_attached_when_created" executed="True" success="True" time="0.002" asserts="1" />
                              <test-case name="Kistl.DalProvider.EF.Tests.BaseServerDataObjectTests.should_roundtrip_IPersistenceObject_correctly" executed="True" success="True" time="0.010" asserts="2" />
                              <test-case name="Kistl.DalProvider.EF.Tests.BaseServerDataObjectTests.should_roundtrip_ObjectClass_attributes_correctly" executed="True" success="True" time="8.385" asserts="13" />
                              <test-case name="Kistl.DalProvider.EF.Tests.BaseServerDataObjectTests.should_roundtrip_without_errors" executed="True" success="True" time="0.003" asserts="1" />
                              <test-case name="Kistl.DalProvider.EF.Tests.BaseServerDataObjectTests.ToStream_creates_correct_Stream" executed="False">
                                <reason>
                                  <message><![CDATA[need to implement mocked serialization for ObjectClass]]></message>
                                </reason>
                              </test-case>
                            </results>
                          </test-suite>
                        </results>
                      </test-suite>
                    </results>
                  </test-suite>
                </results>
              </test-suite>
            </results>
          </test-suite>
        </results>
      </test-suite>
    </results>
  </test-suite>
</test-results>