<?xml version="1.0" encoding="utf-8" standalone="no"?>
<!--This file represents the results of running a test suite-->
<test-results name="P:\Kistl\Tests\Kistl.DalProvider.EF.Tests\Kistl.DalProvider.EF.Tests.nunit" total="3" errors="0" failures="0" not-run="0" ignored="0" skipped="0" invalid="0" date="2009-03-19" time="18:07:23">
  <environment nunit-version="2.5.0.9015" clr-version="2.0.50727.3074" os-version="Microsoft Windows NT 6.0.6001 Service Pack 1" platform="Win32NT" cwd="P:\Kistl\Tests\Kistl.DalProvider.EF.Tests" machine-name="KISTL" user="david" user-domain="kistl" />
  <culture-info current-culture="de-AT" current-uiculture="de-DE" />
  <test-suite name="P:\Kistl\Tests\Kistl.DalProvider.EF.Tests\Kistl.DalProvider.EF.Tests.nunit" executed="True" success="True" time="11.648" asserts="0">
    <results>
      <test-suite name="P:\Kistl\Tests\Kistl.DalProvider.EF.Tests\bin\Debug\Kistl.DalProvider.EF.Tests.dll" executed="True" success="True" time="11.573" asserts="0">
        <results>
          <test-suite name="Kistl" executed="True" success="True" time="11.569" asserts="0">
            <results>
              <test-suite name="DalProvider" executed="True" success="True" time="11.567" asserts="0">
                <results>
                  <test-suite name="EF" executed="True" success="True" time="11.566" asserts="0">
                    <results>
                      <test-suite name="Tests" executed="True" success="True" time="11.563" asserts="0">
                        <results>
                          <test-suite name="QueryTranslatorTests" executed="True" success="True" time="7.472" asserts="0">
                            <results>
                              <test-case name="Kistl.DalProvider.EF.Tests.QueryTranslatorTests.test_against_class" executed="True" success="True" time="6.975" asserts="0" />
                              <test-case name="Kistl.DalProvider.EF.Tests.QueryTranslatorTests.test_against_interface" executed="True" success="True" time="0.121" asserts="0" />
                              <test-case name="Kistl.DalProvider.EF.Tests.QueryTranslatorTests.test_against_kistl_object" executed="True" success="True" time="0.368" asserts="0" />
                            </results>
                          </test-suite>
                        </results>
                      </test-suite>
                    </results>
                  </test-suite>
                </results>
              </test-suite>
            </results>
          </test-suite>
        </results>
      </test-suite>
    </results>
  </test-suite>
</test-results>