<?xml version="1.0" encoding="utf-8" standalone="no"?>
<!--This file represents the results of running a test suite-->
<test-results name="P:\Kistl\Tests\Kistl.DalProvider.EF.Tests\Kistl.DalProvider.EF.Tests.nunit" total="75" failures="5" not-run="1" date="2009-02-18" time="12:30:41">
  <environment nunit-version="2.4.7.0" clr-version="2.0.50727.3074" os-version="Microsoft Windows NT 6.0.6001 Service Pack 1" platform="Win32NT" cwd="P:\Kistl\Tests\Kistl.DalProvider.EF.Tests" machine-name="KISTL" user="david" user-domain="kistl" />
  <culture-info current-culture="de-AT" current-uiculture="de-DE" />
  <test-suite name="P:\Kistl\Tests\Kistl.DalProvider.EF.Tests\Kistl.DalProvider.EF.Tests.nunit" success="False" time="11.998" asserts="0">
    <results>
      <test-suite name="P:\Kistl\Tests\Kistl.DalProvider.EF.Tests\bin\Debug\Kistl.DalProvider.EF.Tests.exe" success="False" time="11.996" asserts="0">
        <results>
          <test-suite name="BaseServerDataObjectTests" success="False" time="7.684" asserts="0">
            <results>
              <test-case name="Kistl.DalProvider.EF.Tests.BaseServerDataObjectTests.AttachToContext" executed="True" success="True" time="1.803" asserts="3" />
              <test-case name="Kistl.DalProvider.EF.Tests.BaseServerDataObjectTests.AttachToContext_Other_fails" executed="True" success="True" time="0.006" asserts="3" />
              <test-case name="Kistl.DalProvider.EF.Tests.BaseServerDataObjectTests.DetachFromContext" executed="True" success="True" time="0.249" asserts="4" />
              <test-case name="Kistl.DalProvider.EF.Tests.BaseServerDataObjectTests.DetachFromContext_Other" executed="True" success="True" time="0.005" asserts="4" />
              <test-case name="Kistl.DalProvider.EF.Tests.BaseServerDataObjectTests.fails_on_serializing_from_null_stream" executed="True" success="True" time="0.002" asserts="0" />
              <test-case name="Kistl.DalProvider.EF.Tests.BaseServerDataObjectTests.fails_on_serializing_to_null_stream" executed="True" success="True" time="0.001" asserts="0" />
              <test-case name="Kistl.DalProvider.EF.Tests.BaseServerDataObjectTests.FromStream_Attached_fails" executed="True" success="True" time="0.073" asserts="1" />
              <test-case name="Kistl.DalProvider.EF.Tests.BaseServerDataObjectTests.FromStream_creates_correct_Object" executed="True" success="False" time="0.007" asserts="0">
                <failure>
                  <message><![CDATA[System.NotImplementedException : need to implement mocked serialization for ObjectClass]]></message>
                  <stack-trace><![CDATA[bei Kistl.DalProvider.EF.Tests.BaseServerDataObjectTests.FromStream_creates_correct_Object() in P:\Kistl\Tests\Kistl.DalProvider.EF.Tests\Tests\BaseServerDataObjectTests.cs:Zeile 143.
]]></stack-trace>
                </failure>
              </test-case>
              <test-case name="Kistl.DalProvider.EF.Tests.BaseServerDataObjectTests.FromStream_of_WrongType_fails" executed="True" success="True" time="0.009" asserts="1" />
              <test-case name="Kistl.DalProvider.EF.Tests.BaseServerDataObjectTests.NotifyChange" executed="False">
                <reason>
                  <message><![CDATA[not implemented]]></message>
                </reason>
              </test-case>
              <test-case name="Kistl.DalProvider.EF.Tests.BaseServerDataObjectTests.NotifyPropertyChanged_ing" executed="True" success="True" time="0.001" asserts="0" />
              <test-case name="Kistl.DalProvider.EF.Tests.BaseServerDataObjectTests.ObjectState_CreatedObject_Modified" executed="True" success="True" time="0.001" asserts="1" />
              <test-case name="Kistl.DalProvider.EF.Tests.BaseServerDataObjectTests.ObjectState_ObjectWithID_Modified" executed="True" success="True" time="0.000" asserts="1" />
              <test-case name="Kistl.DalProvider.EF.Tests.BaseServerDataObjectTests.ObjectState_should_be_New_when_created" executed="True" success="True" time="0.001" asserts="1" />
              <test-case name="Kistl.DalProvider.EF.Tests.BaseServerDataObjectTests.ObjectState_should_be_Unmodified_after_setting_ID" executed="True" success="True" time="0.001" asserts="1" />
              <test-case name="Kistl.DalProvider.EF.Tests.BaseServerDataObjectTests.should_be_attached_after_attaching" executed="True" success="False" time="0.022" asserts="0">
                <failure>
                  <message><![CDATA[Cannot get context without Kistl.API.{Client,Server} reference]]></message>
                  <stack-trace><![CDATA[bei Kistl.API.Tests.Skeletons.IPersistenceObjectTests`1.should_be_attached_after_attaching() in P:\Kistl\Tests\Kistl.API.Tests\Tests.Skeletons\IPersistenceObjectTests.cs:Zeile 27.
]]></stack-trace>
                </failure>
              </test-case>
              <test-case name="Kistl.DalProvider.EF.Tests.BaseServerDataObjectTests.should_have_events_attached_after_init" executed="True" success="True" time="0.001" asserts="1" />
              <test-case name="Kistl.DalProvider.EF.Tests.BaseServerDataObjectTests.should_not_be_attached_when_created" executed="True" success="True" time="0.001" asserts="1" />
              <test-case name="Kistl.DalProvider.EF.Tests.BaseServerDataObjectTests.should_roundtrip_IPersistenceObject_correctly" executed="True" success="True" time="0.061" asserts="3" />
              <test-case name="Kistl.DalProvider.EF.Tests.BaseServerDataObjectTests.should_roundtrip_ObjectClass_attributes_correctly" executed="True" success="False" time="5.280" asserts="12">
                <failure>
                  <message><![CDATA[  Expected: <Kistl.App.Base.Module__Implementation__>
  But was:  null
]]></message>
                  <stack-trace><![CDATA[bei Kistl.DalProvider.EF.Tests.BaseServerDataObjectTests.should_roundtrip_ObjectClass_attributes_correctly() in P:\Kistl\Tests\Kistl.DalProvider.EF.Tests\Tests\BaseServerDataObjectTests.cs:Zeile 108.
]]></stack-trace>
                </failure>
              </test-case>
              <test-case name="Kistl.DalProvider.EF.Tests.BaseServerDataObjectTests.should_roundtrip_without_errors" executed="True" success="True" time="0.059" asserts="1" />
              <test-case name="Kistl.DalProvider.EF.Tests.BaseServerDataObjectTests.ToStream_creates_correct_Stream" executed="True" success="False" time="0.060" asserts="1">
                <failure>
                  <message><![CDATA[System.NotImplementedException : need to implement mocked serialization for ObjectClass]]></message>
                  <stack-trace><![CDATA[bei Kistl.DalProvider.EF.Tests.BaseServerDataObjectTests.ToStream_creates_correct_Stream() in P:\Kistl\Tests\Kistl.DalProvider.EF.Tests\Tests\BaseServerDataObjectTests.cs:Zeile 131.
]]></stack-trace>
                </failure>
              </test-case>
            </results>
          </test-suite>
          <test-suite name="BaseServerStructObjectTests" success="True" time="0.050" asserts="0">
            <results>
              <test-case name="Kistl.DalProvider.EF.Tests.BaseServerStructObjectTests.Clone_creates_memberwise_equal_object" executed="True" success="True" time="0.003" asserts="2" />
              <test-case name="Kistl.DalProvider.EF.Tests.BaseServerStructObjectTests.fails_on_serializing_from_null_stream" executed="True" success="True" time="0.001" asserts="0" />
              <test-case name="Kistl.DalProvider.EF.Tests.BaseServerStructObjectTests.fails_on_serializing_to_null_stream" executed="True" success="True" time="0.001" asserts="0" />
              <test-case name="Kistl.DalProvider.EF.Tests.BaseServerStructObjectTests.FromStream_of_WrongType_fails" executed="True" success="True" time="0.005" asserts="1" />
              <test-case name="Kistl.DalProvider.EF.Tests.BaseServerStructObjectTests.NotifyPropertyChanged_ing" executed="True" success="True" time="0.001" asserts="2" />
              <test-case name="Kistl.DalProvider.EF.Tests.BaseServerStructObjectTests.should_roudtrip_members_correctly" executed="True" success="True" time="0.014" asserts="3" />
              <test-case name="Kistl.DalProvider.EF.Tests.BaseServerStructObjectTests.should_roundtrip_without_errors" executed="True" success="True" time="0.017" asserts="1" />
            </results>
          </test-suite>
          <test-suite name="KistlDataContextTests" success="True" time="4.069" asserts="0">
            <results>
              <test-case name="Kistl.DalProvider.EF.Tests.KistlDataContextTests.Attach_IDataObject_Existing" executed="True" success="True" time="2.201" asserts="2" />
              <test-case name="Kistl.DalProvider.EF.Tests.KistlDataContextTests.Attach_IDataObject_Existing_Twice" executed="True" success="True" time="0.014" asserts="3" />
              <test-case name="Kistl.DalProvider.EF.Tests.KistlDataContextTests.Attach_IDataObject_Existing_Twice_But_Different" executed="True" success="True" time="0.012" asserts="3" />
              <test-case name="Kistl.DalProvider.EF.Tests.KistlDataContextTests.Attach_IDataObject_New" executed="True" success="True" time="0.010" asserts="2" />
              <test-case name="Kistl.DalProvider.EF.Tests.KistlDataContextTests.AttachedObjects" executed="True" success="True" time="0.012" asserts="1" />
              <test-case name="Kistl.DalProvider.EF.Tests.KistlDataContextTests.CleanUpSession" executed="True" success="True" time="0.008" asserts="0" />
              <test-case name="Kistl.DalProvider.EF.Tests.KistlDataContextTests.ContainsObject" executed="True" success="True" time="0.014" asserts="2" />
              <test-case name="Kistl.DalProvider.EF.Tests.KistlDataContextTests.ContainsObject_Not" executed="True" success="True" time="0.009" asserts="2" />
              <test-case name="Kistl.DalProvider.EF.Tests.KistlDataContextTests.Create_Generic" executed="True" success="True" time="0.012" asserts="3" />
              <test-case name="Kistl.DalProvider.EF.Tests.KistlDataContextTests.Create_ObjectType" executed="True" success="True" time="0.011" asserts="2" />
              <test-case name="Kistl.DalProvider.EF.Tests.KistlDataContextTests.Create_Type" executed="True" success="True" time="0.010" asserts="2" />
              <test-case name="Kistl.DalProvider.EF.Tests.KistlDataContextTests.Delete_deletes_objects" executed="True" success="True" time="0.286" asserts="3" />
              <test-case name="Kistl.DalProvider.EF.Tests.KistlDataContextTests.Delete_triggers_ObjectDeleted" executed="True" success="True" time="0.034" asserts="2" />
              <test-case name="Kistl.DalProvider.EF.Tests.KistlDataContextTests.Detach_IDataObject" executed="True" success="True" time="0.027" asserts="1" />
              <test-case name="Kistl.DalProvider.EF.Tests.KistlDataContextTests.Detach_IDataObject_Failed" executed="True" success="True" time="0.012" asserts="0" />
              <test-case name="Kistl.DalProvider.EF.Tests.KistlDataContextTests.Find_ObjectType_fails_on_invalid_ID" executed="True" success="True" time="0.158" asserts="0" />
              <test-case name="Kistl.DalProvider.EF.Tests.KistlDataContextTests.Find_ObjectType_returns_right_object" executed="True" success="True" time="0.018" asserts="3" />
              <test-case name="Kistl.DalProvider.EF.Tests.KistlDataContextTests.Find_T_fails_on_invalid_ID" executed="True" success="True" time="0.024" asserts="0" />
              <test-case name="Kistl.DalProvider.EF.Tests.KistlDataContextTests.Find_T_returns_right_object" executed="True" success="True" time="0.018" asserts="3" />
              <test-case name="Kistl.DalProvider.EF.Tests.KistlDataContextTests.GetContext_returns_a_context" executed="True" success="True" time="0.009" asserts="1" />
              <test-case name="Kistl.DalProvider.EF.Tests.KistlDataContextTests.GetListOf_ObjType_returns_a_non_empty_list_on_class_DataType" executed="True" success="True" time="0.825" asserts="2" />
              <test-case name="Kistl.DalProvider.EF.Tests.KistlDataContextTests.GetListOf_ObjType_WrongItemType_fails" executed="True" success="True" time="0.074" asserts="0" />
              <test-case name="Kistl.DalProvider.EF.Tests.KistlDataContextTests.GetListOf_ObjType_WrongPropertyName_fails" executed="True" success="True" time="0.021" asserts="0" />
              <test-case name="Kistl.DalProvider.EF.Tests.KistlDataContextTests.GetListOf_T_SubClasses_returns_a_non_empty_list_on_class_DataType" executed="True" success="True" time="0.037" asserts="2" />
              <test-case name="Kistl.DalProvider.EF.Tests.KistlDataContextTests.GetListOf_T_WrongItemType_fails" executed="True" success="True" time="0.038" asserts="0" />
              <test-case name="Kistl.DalProvider.EF.Tests.KistlDataContextTests.GetListOf_T_WrongPropertyName_fails" executed="True" success="True" time="0.019" asserts="0" />
              <test-case name="Kistl.DalProvider.EF.Tests.KistlDataContextTests.GetQuery" executed="True" success="True" time="0.009" asserts="1" />
              <test-case name="Kistl.DalProvider.EF.Tests.KistlDataContextTests.GetQuery_ObjType" executed="True" success="True" time="0.055" asserts="3" />
              <test-case name="Kistl.DalProvider.EF.Tests.KistlDataContextTests.InitSession_returns_a_context_and_inits_Current" executed="True" success="True" time="0.009" asserts="2" />
              <test-case name="Kistl.DalProvider.EF.Tests.KistlDataContextTests.InitSessionTwice_creates_a_new_context" executed="True" success="True" time="0.011" asserts="2" />
              <test-case name="Kistl.DalProvider.EF.Tests.KistlDataContextTests.NoSession" executed="True" success="True" time="0.008" asserts="0" />
              <test-case name="Kistl.DalProvider.EF.Tests.KistlDataContextTests.UpdateSomeData_SubmitChanges" executed="True" success="True" time="0.033" asserts="4" />
            </results>
          </test-suite>
          <test-suite name="Linq" success="True" time="0.083" asserts="0">
            <results>
              <test-case name="Kistl.DalProvider.EF.Tests.Linq.Count_returns_correct_count" executed="True" success="True" time="0.024" asserts="1" />
              <test-case name="Kistl.DalProvider.EF.Tests.Linq.Where_filters_correctly" executed="True" success="True" time="0.058" asserts="2" />
            </results>
          </test-suite>
          <test-suite name="ServerCollectionEntry_EF" success="False" time="0.080" asserts="0">
            <results>
              <test-case name="Kistl.DalProvider.EF.Tests.ServerCollectionEntry_EF.fails_on_serializing_from_null_stream" executed="True" success="True" time="0.001" asserts="0" />
              <test-case name="Kistl.DalProvider.EF.Tests.ServerCollectionEntry_EF.fails_on_serializing_to_null_stream" executed="True" success="True" time="0.001" asserts="0" />
              <test-case name="Kistl.DalProvider.EF.Tests.ServerCollectionEntry_EF.FromStream_of_WrongType_fails" executed="True" success="True" time="0.006" asserts="1" />
              <test-case name="Kistl.DalProvider.EF.Tests.ServerCollectionEntry_EF.ObjectState_CreatedObject_Modified" executed="True" success="True" time="0.000" asserts="1" />
              <test-case name="Kistl.DalProvider.EF.Tests.ServerCollectionEntry_EF.ObjectState_should_be_New_when_created" executed="True" success="True" time="0.000" asserts="1" />
              <test-case name="Kistl.DalProvider.EF.Tests.ServerCollectionEntry_EF.should_be_attached_after_attaching" executed="True" success="False" time="0.000" asserts="0">
                <failure>
                  <message><![CDATA[Cannot get context without Kistl.API.{Client,Server} reference]]></message>
                  <stack-trace><![CDATA[bei Kistl.API.Tests.Skeletons.IPersistenceObjectTests`1.should_be_attached_after_attaching() in P:\Kistl\Tests\Kistl.API.Tests\Tests.Skeletons\IPersistenceObjectTests.cs:Zeile 27.
]]></stack-trace>
                </failure>
              </test-case>
              <test-case name="Kistl.DalProvider.EF.Tests.ServerCollectionEntry_EF.should_be_attached_to_EFContext_after_attaching" executed="True" success="True" time="0.005" asserts="3" />
              <test-case name="Kistl.DalProvider.EF.Tests.ServerCollectionEntry_EF.should_have_a_RelationshipManager" executed="True" success="True" time="0.000" asserts="1" />
              <test-case name="Kistl.DalProvider.EF.Tests.ServerCollectionEntry_EF.should_have_Detached_EntityState_when_created" executed="True" success="True" time="0.001" asserts="1" />
              <test-case name="Kistl.DalProvider.EF.Tests.ServerCollectionEntry_EF.should_have_no_EntityKey_when_created" executed="True" success="True" time="0.000" asserts="1" />
              <test-case name="Kistl.DalProvider.EF.Tests.ServerCollectionEntry_EF.should_not_be_attached_when_created" executed="True" success="True" time="0.000" asserts="1" />
              <test-case name="Kistl.DalProvider.EF.Tests.ServerCollectionEntry_EF.should_roundtrip_IPersistenceObject_correctly" executed="True" success="True" time="0.023" asserts="3" />
              <test-case name="Kistl.DalProvider.EF.Tests.ServerCollectionEntry_EF.should_roundtrip_without_errors" executed="True" success="True" time="0.018" asserts="1" />
            </results>
          </test-suite>
          <test-suite name="Tests" success="True" time="0.001" asserts="0">
            <results />
          </test-suite>
        </results>
      </test-suite>
    </results>
  </test-suite>
</test-results>