<?xml version="1.0" encoding="utf-8" standalone="no"?>
<!--This file represents the results of running a test suite-->
<test-results name="C:\Projekte\Kistl\Kistl.Tests\Kistl.Client.Tests\Kistl.Client.Tests.nunit" total="11" failures="4" not-run="0" date="2008-04-14" time="18:28:48">
  <environment nunit-version="2.4.7.0" clr-version="2.0.50727.1433" os-version="Microsoft Windows NT 5.1.2600 Service Pack 2" platform="Win32NT" cwd="C:\Projekte\Kistl\Kistl.Tests\Kistl.Client.Tests" machine-name="MONEY" user="David" user-domain="MONEY" />
  <culture-info current-culture="de-AT" current-uiculture="de-DE" />
  <test-suite name="C:\Projekte\Kistl\Kistl.Tests\Kistl.Client.Tests\Kistl.Client.Tests.nunit" success="False" time="1.813" asserts="0">
    <results>
      <test-suite name="C:\Projekte\Kistl\Kistl.Tests\Kistl.Client.Tests\bin\debug\..\Debug\Kistl.Client.Tests.dll" success="False" time="1.813" asserts="0">
        <results>
          <test-suite name="Kistl" success="False" time="1.813" asserts="0">
            <results>
              <test-suite name="Client" success="False" time="1.813" asserts="0">
                <results>
                  <test-suite name="Tests" success="False" time="1.781" asserts="0">
                    <results>
                      <test-suite name="GuiDbTests" success="False" time="0.344" asserts="0">
                        <results>
                          <test-case name="Kistl.Client.Tests.GuiDbTests.CreateControl" executed="True" success="True" time="0.250" asserts="2" />
                          <test-case name="Kistl.Client.Tests.GuiDbTests.CreatePresenter" executed="True" success="True" time="0.000" asserts="1" />
                          <test-case name="Kistl.Client.Tests.GuiDbTests.CreatePresenterFailNoInfo" executed="True" success="False" time="0.031" asserts="0">
                            <failure>
                              <message><![CDATA[System.NullReferenceException : Object reference not set to an instance of an object.]]></message>
                              <stack-trace><![CDATA[at Kistl.GUI.DB.KistlGUIContext.CreatePresenter(PresenterInfo info, IDataObject obj, Visual v, IBasicControl ctrl) in C:\Projekte\Kistl\Kistl.Client\GUI.DB\KistlGUIContext.cs:line 42
at Kistl.Client.Tests.GuiDbTests.CreatePresenterFailNoInfo() in C:\Projekte\Kistl\Kistl.Tests\Kistl.Client.Tests\Tests\GuiDbTests.cs:line 80
]]></stack-trace>
                            </failure>
                          </test-case>
                          <test-case name="Kistl.Client.Tests.GuiDbTests.CreatePresenterFailNoObject" executed="True" success="False" time="0.000" asserts="0">
                            <failure>
                              <message><![CDATA[System.ArgumentNullException : Value cannot be null.
Parameter name: object==null cannot be presented]]></message>
                              <stack-trace><![CDATA[at Kistl.GUI.Presenter.InitializeComponent(IDataObject obj, Visual v, IBasicControl ctrl) in C:\Projekte\Kistl\Kistl.Client\GUI\Presenter.cs:line 23
at Kistl.GUI.DB.KistlGUIContext.CreatePresenter(PresenterInfo info, IDataObject obj, Visual v, IBasicControl ctrl) in C:\Projekte\Kistl\Kistl.Client\GUI.DB\KistlGUIContext.cs:line 44
at Kistl.Client.Tests.GuiDbTests.CreatePresenterFailNoObject() in C:\Projekte\Kistl\Kistl.Tests\Kistl.Client.Tests\Tests\GuiDbTests.cs:line 86
]]></stack-trace>
                            </failure>
                          </test-case>
                          <test-case name="Kistl.Client.Tests.GuiDbTests.CreatePresenterFailNoVisual" executed="True" success="False" time="0.000" asserts="0">
                            <failure>
                              <message><![CDATA[System.ArgumentNullException : Value cannot be null.
Parameter name: object without visual cannot be presented]]></message>
                              <stack-trace><![CDATA[at Kistl.GUI.Presenter.InitializeComponent(IDataObject obj, Visual v, IBasicControl ctrl) in C:\Projekte\Kistl\Kistl.Client\GUI\Presenter.cs:line 26
at Kistl.GUI.DB.KistlGUIContext.CreatePresenter(PresenterInfo info, IDataObject obj, Visual v, IBasicControl ctrl) in C:\Projekte\Kistl\Kistl.Client\GUI.DB\KistlGUIContext.cs:line 44
at Kistl.Client.Tests.GuiDbTests.CreatePresenterFailNoVisual() in C:\Projekte\Kistl\Kistl.Tests\Kistl.Client.Tests\Tests\GuiDbTests.cs:line 92
]]></stack-trace>
                            </failure>
                          </test-case>
                          <test-case name="Kistl.Client.Tests.GuiDbTests.CreatePresenterFailNoWidget" executed="True" success="False" time="0.000" asserts="0">
                            <failure>
                              <message><![CDATA[System.ArgumentNullException : Value cannot be null.
Parameter name: visual without control cannot be presented]]></message>
                              <stack-trace><![CDATA[at Kistl.GUI.Presenter.InitializeComponent(IDataObject obj, Visual v, IBasicControl ctrl) in C:\Projekte\Kistl\Kistl.Client\GUI\Presenter.cs:line 29
at Kistl.GUI.DB.KistlGUIContext.CreatePresenter(PresenterInfo info, IDataObject obj, Visual v, IBasicControl ctrl) in C:\Projekte\Kistl\Kistl.Client\GUI.DB\KistlGUIContext.cs:line 44
at Kistl.Client.Tests.GuiDbTests.CreatePresenterFailNoWidget() in C:\Projekte\Kistl\Kistl.Tests\Kistl.Client.Tests\Tests\GuiDbTests.cs:line 98
]]></stack-trace>
                            </failure>
                          </test-case>
                          <test-case name="Kistl.Client.Tests.GuiDbTests.FindControlInfo" executed="True" success="True" time="0.000" asserts="1" />
                          <test-case name="Kistl.Client.Tests.GuiDbTests.FindPresenterInfo" executed="True" success="True" time="0.000" asserts="1" />
                          <test-case name="Kistl.Client.Tests.GuiDbTests.HandleNoUserInput" executed="True" success="True" time="0.016" asserts="2" />
                          <test-case name="Kistl.Client.Tests.GuiDbTests.HandleNoUserInputInvalid" executed="True" success="True" time="0.000" asserts="2" />
                          <test-case name="Kistl.Client.Tests.GuiDbTests.HandleUserInput" executed="True" success="True" time="0.000" asserts="2" />
                        </results>
                      </test-suite>
                    </results>
                  </test-suite>
                </results>
              </test-suite>
            </results>
          </test-suite>
        </results>
      </test-suite>
    </results>
  </test-suite>
</test-results>