<?xml version="1.0" encoding="utf-8" standalone="no"?>
<!--This file represents the results of running a test suite-->
<test-results name="E:\Projekte\Kistl\Kistl.Tests\Kistl.Client.Tests\Kistl.Client.Tests.nunit" total="28" failures="8" not-run="0" date="2008-04-30" time="10:05:41">
  <environment nunit-version="2.4.7.0" clr-version="2.0.50727.1433" os-version="Microsoft Windows NT 6.0.6000.0" platform="Win32NT" cwd="E:\Projekte\Kistl\Kistl.Tests\Kistl.Client.Tests" machine-name="KISTL" user="david" user-domain="kistl" />
  <culture-info current-culture="de-AT" current-uiculture="de-DE" />
  <test-suite name="E:\Projekte\Kistl\Kistl.Tests\Kistl.Client.Tests\Kistl.Client.Tests.nunit" success="False" time="0.889" asserts="0">
    <results>
      <test-suite name="E:\Projekte\Kistl\Kistl.Tests\Kistl.Client.Tests\bin\debug\..\Debug\Kistl.Client.Tests.dll" success="False" time="0.889" asserts="0">
        <results>
          <test-suite name="Kistl" success="False" time="0.874" asserts="0">
            <results>
              <test-suite name="Client" success="False" time="0.874" asserts="0">
                <results>
                  <test-suite name="Tests" success="False" time="0.874" asserts="0">
                    <results>
                      <test-suite name="BackReferencePresenterTests" success="True" time="0.109" asserts="0">
                        <results>
                          <test-case name="Kistl.Client.Tests.BackReferencePresenterTests.HandleNoUserInput" executed="True" success="True" time="0.109" asserts="2" />
                        </results>
                      </test-suite>
                      <test-suite name="BoolPresenterTests" success="False" time="0.094" asserts="0">
                        <results>
                          <test-case name="Kistl.Client.Tests.BoolPresenterTests.HandleFalseUserInput" executed="True" success="False" time="0.078" asserts="0">
                            <failure>
                              <message><![CDATA[System.InvalidOperationException : Sequence contains more than one element]]></message>
                              <stack-trace><![CDATA[bei System.Linq.Enumerable.Single[TSource](IEnumerable`1 source)
bei Kistl.GUI.DB.KistlGUIContext.FindControlInfo(Toolkit platform, Visual visual) in E:\Projekte\Kistl\Kistl.Client\GUI.DB\KistlGUIContext.cs:Zeile 21.
bei Kistl.Client.Tests.PresenterTest`2.Init(ControlInfo ci, BaseProperty bp) in E:\Projekte\Kistl\Kistl.Tests\Kistl.Client.Tests\Tests\PresenterTest.cs:Zeile 31.
bei Kistl.Client.Tests.BoolPresenterTests.InitControls() in E:\Projekte\Kistl\Kistl.Tests\Kistl.Client.Tests\Tests\BoolPresenterTests.cs:Zeile 19.
]]></stack-trace>
                            </failure>
                          </test-case>
                          <test-case name="Kistl.Client.Tests.BoolPresenterTests.HandleNoUserInput" executed="True" success="False" time="0.000" asserts="0">
                            <failure>
                              <message><![CDATA[System.InvalidOperationException : Sequence contains more than one element]]></message>
                              <stack-trace><![CDATA[bei System.Linq.Enumerable.Single[TSource](IEnumerable`1 source)
bei Kistl.GUI.DB.KistlGUIContext.FindControlInfo(Toolkit platform, Visual visual) in E:\Projekte\Kistl\Kistl.Client\GUI.DB\KistlGUIContext.cs:Zeile 21.
bei Kistl.Client.Tests.PresenterTest`2.Init(ControlInfo ci, BaseProperty bp) in E:\Projekte\Kistl\Kistl.Tests\Kistl.Client.Tests\Tests\PresenterTest.cs:Zeile 31.
bei Kistl.Client.Tests.BoolPresenterTests.InitControls() in E:\Projekte\Kistl\Kistl.Tests\Kistl.Client.Tests\Tests\BoolPresenterTests.cs:Zeile 19.
]]></stack-trace>
                            </failure>
                          </test-case>
                          <test-case name="Kistl.Client.Tests.BoolPresenterTests.HandleTrueUserInput" executed="True" success="False" time="0.000" asserts="0">
                            <failure>
                              <message><![CDATA[System.InvalidOperationException : Sequence contains more than one element]]></message>
                              <stack-trace><![CDATA[bei System.Linq.Enumerable.Single[TSource](IEnumerable`1 source)
bei Kistl.GUI.DB.KistlGUIContext.FindControlInfo(Toolkit platform, Visual visual) in E:\Projekte\Kistl\Kistl.Client\GUI.DB\KistlGUIContext.cs:Zeile 21.
bei Kistl.Client.Tests.PresenterTest`2.Init(ControlInfo ci, BaseProperty bp) in E:\Projekte\Kistl\Kistl.Tests\Kistl.Client.Tests\Tests\PresenterTest.cs:Zeile 31.
bei Kistl.Client.Tests.BoolPresenterTests.InitControls() in E:\Projekte\Kistl\Kistl.Tests\Kistl.Client.Tests\Tests\BoolPresenterTests.cs:Zeile 19.
]]></stack-trace>
                            </failure>
                          </test-case>
                        </results>
                      </test-suite>
                      <test-suite name="DateTimePresenterTests" success="True" time="0.016" asserts="0">
                        <results>
                          <test-case name="Kistl.Client.Tests.DateTimePresenterTests.HandleNoUserInput" executed="True" success="True" time="0.000" asserts="2" />
                          <test-case name="Kistl.Client.Tests.DateTimePresenterTests.HandleNullUserInput" executed="True" success="True" time="0.000" asserts="3" />
                          <test-case name="Kistl.Client.Tests.DateTimePresenterTests.HandleNullUserInputInvalid" executed="True" success="True" time="0.016" asserts="3" />
                          <test-case name="Kistl.Client.Tests.DateTimePresenterTests.HandleUserInput" executed="True" success="True" time="0.000" asserts="3" />
                        </results>
                      </test-suite>
                      <test-suite name="GuiDbTests" success="True" time="0.016" asserts="0">
                        <results>
                          <test-case name="Kistl.Client.Tests.GuiDbTests.CreateControl" executed="True" success="True" time="0.000" asserts="2" />
                          <test-case name="Kistl.Client.Tests.GuiDbTests.CreatePresenter" executed="True" success="True" time="0.000" asserts="1" />
                          <test-case name="Kistl.Client.Tests.GuiDbTests.CreatePresenterFailNoInfo" executed="True" success="True" time="0.000" asserts="0" />
                          <test-case name="Kistl.Client.Tests.GuiDbTests.CreatePresenterFailNoObject" executed="True" success="True" time="0.000" asserts="0" />
                          <test-case name="Kistl.Client.Tests.GuiDbTests.CreatePresenterFailNoVisual" executed="True" success="True" time="0.000" asserts="0" />
                          <test-case name="Kistl.Client.Tests.GuiDbTests.CreatePresenterFailNoWidget" executed="True" success="True" time="0.000" asserts="0" />
                          <test-case name="Kistl.Client.Tests.GuiDbTests.FindControlInfo" executed="True" success="True" time="0.000" asserts="1" />
                          <test-case name="Kistl.Client.Tests.GuiDbTests.FindPresenterInfo" executed="True" success="True" time="0.000" asserts="1" />
                        </results>
                      </test-suite>
                      <test-suite name="IntPresenterTests" success="True" time="0.016" asserts="0">
                        <results>
                          <test-case name="Kistl.Client.Tests.IntPresenterTests.HandleNoUserInput" executed="True" success="True" time="0.000" asserts="2" />
                          <test-case name="Kistl.Client.Tests.IntPresenterTests.HandleNullUserInput" executed="True" success="True" time="0.000" asserts="3" />
                          <test-case name="Kistl.Client.Tests.IntPresenterTests.HandleNullUserInputInvalid" executed="True" success="True" time="0.000" asserts="3" />
                          <test-case name="Kistl.Client.Tests.IntPresenterTests.HandleUserInput" executed="True" success="True" time="0.016" asserts="3" />
                        </results>
                      </test-suite>
                      <test-suite name="NullableBoolPresenterTests" success="False" time="0.016" asserts="0">
                        <results>
                          <test-case name="Kistl.Client.Tests.NullableBoolPresenterTests.HandleFalseUserInput" executed="True" success="False" time="0.000" asserts="0">
                            <failure>
                              <message><![CDATA[System.InvalidOperationException : Sequence contains more than one element]]></message>
                              <stack-trace><![CDATA[bei System.Linq.Enumerable.Single[TSource](IEnumerable`1 source)
bei Kistl.GUI.DB.KistlGUIContext.FindControlInfo(Toolkit platform, Visual visual) in E:\Projekte\Kistl\Kistl.Client\GUI.DB\KistlGUIContext.cs:Zeile 21.
bei Kistl.Client.Tests.PresenterTest`2.Init(ControlInfo ci, BaseProperty bp) in E:\Projekte\Kistl\Kistl.Tests\Kistl.Client.Tests\Tests\PresenterTest.cs:Zeile 31.
bei Kistl.Client.Tests.NullableBoolPresenterTests.InitControls() in E:\Projekte\Kistl\Kistl.Tests\Kistl.Client.Tests\Tests\BoolPresenterTests.cs:Zeile 60.
]]></stack-trace>
                            </failure>
                          </test-case>
                          <test-case name="Kistl.Client.Tests.NullableBoolPresenterTests.HandleNoUserInput" executed="True" success="False" time="0.000" asserts="0">
                            <failure>
                              <message><![CDATA[System.InvalidOperationException : Sequence contains more than one element]]></message>
                              <stack-trace><![CDATA[bei System.Linq.Enumerable.Single[TSource](IEnumerable`1 source)
bei Kistl.GUI.DB.KistlGUIContext.FindControlInfo(Toolkit platform, Visual visual) in E:\Projekte\Kistl\Kistl.Client\GUI.DB\KistlGUIContext.cs:Zeile 21.
bei Kistl.Client.Tests.PresenterTest`2.Init(ControlInfo ci, BaseProperty bp) in E:\Projekte\Kistl\Kistl.Tests\Kistl.Client.Tests\Tests\PresenterTest.cs:Zeile 31.
bei Kistl.Client.Tests.NullableBoolPresenterTests.InitControls() in E:\Projekte\Kistl\Kistl.Tests\Kistl.Client.Tests\Tests\BoolPresenterTests.cs:Zeile 60.
]]></stack-trace>
                            </failure>
                          </test-case>
                          <test-case name="Kistl.Client.Tests.NullableBoolPresenterTests.HandleNullUserInput" executed="True" success="False" time="0.016" asserts="0">
                            <failure>
                              <message><![CDATA[System.InvalidOperationException : Sequence contains more than one element]]></message>
                              <stack-trace><![CDATA[bei System.Linq.Enumerable.Single[TSource](IEnumerable`1 source)
bei Kistl.GUI.DB.KistlGUIContext.FindControlInfo(Toolkit platform, Visual visual) in E:\Projekte\Kistl\Kistl.Client\GUI.DB\KistlGUIContext.cs:Zeile 21.
bei Kistl.Client.Tests.PresenterTest`2.Init(ControlInfo ci, BaseProperty bp) in E:\Projekte\Kistl\Kistl.Tests\Kistl.Client.Tests\Tests\PresenterTest.cs:Zeile 31.
bei Kistl.Client.Tests.NullableBoolPresenterTests.InitControls() in E:\Projekte\Kistl\Kistl.Tests\Kistl.Client.Tests\Tests\BoolPresenterTests.cs:Zeile 60.
]]></stack-trace>
                            </failure>
                          </test-case>
                          <test-case name="Kistl.Client.Tests.NullableBoolPresenterTests.HandleTrueUserInput" executed="True" success="False" time="0.000" asserts="0">
                            <failure>
                              <message><![CDATA[System.InvalidOperationException : Sequence contains more than one element]]></message>
                              <stack-trace><![CDATA[bei System.Linq.Enumerable.Single[TSource](IEnumerable`1 source)
bei Kistl.GUI.DB.KistlGUIContext.FindControlInfo(Toolkit platform, Visual visual) in E:\Projekte\Kistl\Kistl.Client\GUI.DB\KistlGUIContext.cs:Zeile 21.
bei Kistl.Client.Tests.PresenterTest`2.Init(ControlInfo ci, BaseProperty bp) in E:\Projekte\Kistl\Kistl.Tests\Kistl.Client.Tests\Tests\PresenterTest.cs:Zeile 31.
bei Kistl.Client.Tests.NullableBoolPresenterTests.InitControls() in E:\Projekte\Kistl\Kistl.Tests\Kistl.Client.Tests\Tests\BoolPresenterTests.cs:Zeile 60.
]]></stack-trace>
                            </failure>
                          </test-case>
                        </results>
                      </test-suite>
                      <test-suite name="StringPresenterTests" success="False" time="0.016" asserts="0">
                        <results>
                          <test-case name="Kistl.Client.Tests.StringPresenterTests.HandleNoUserInput" executed="True" success="True" time="0.016" asserts="2" />
                          <test-case name="Kistl.Client.Tests.StringPresenterTests.HandleNullUserInput" executed="True" success="True" time="0.000" asserts="3" />
                          <test-case name="Kistl.Client.Tests.StringPresenterTests.HandleNullUserInputInvalid" executed="True" success="True" time="0.000" asserts="3" />
                          <test-case name="Kistl.Client.Tests.StringPresenterTests.HandleUserInput" executed="True" success="False" time="0.000" asserts="2">
                            <failure>
                              <message><![CDATA[  Expected: "new Value"
  But was:  null
]]></message>
                              <stack-trace><![CDATA[bei Kistl.Client.Tests.StringPresenterTests.HandleUserInput() in E:\Projekte\Kistl\Kistl.Tests\Kistl.Client.Tests\Tests\StringPresenterTests.cs:Zeile 60.
]]></stack-trace>
                            </failure>
                          </test-case>
                        </results>
                      </test-suite>
                    </results>
                  </test-suite>
                </results>
              </test-suite>
            </results>
          </test-suite>
        </results>
      </test-suite>
    </results>
  </test-suite>
</test-results>