<?xml version="1.0" encoding="utf-8" standalone="no"?>
<!--This file represents the results of running a test suite-->
<test-results name="E:\Projekte\Kistl\Kistl.Tests\Kistl.Client.Tests\Kistl.Client.Tests.nunit" total="46" failures="4" not-run="0" date="2008-05-08" time="16:48:38">
  <environment nunit-version="2.4.7.0" clr-version="2.0.50727.1433" os-version="Microsoft Windows NT 6.0.6000.0" platform="Win32NT" cwd="E:\Projekte\Kistl\Kistl.Tests\Kistl.Client.Tests" machine-name="KISTL" user="david" user-domain="kistl" />
  <culture-info current-culture="de-AT" current-uiculture="de-DE" />
  <test-suite name="E:\Projekte\Kistl\Kistl.Tests\Kistl.Client.Tests\Kistl.Client.Tests.nunit" success="False" time="3.487" asserts="0">
    <results>
      <test-suite name="E:\Projekte\Kistl\Kistl.Tests\Kistl.Client.Tests\bin\debug\..\Debug\Kistl.Client.Tests.dll" success="False" time="3.467" asserts="0">
        <results>
          <test-suite name="Kistl" success="False" time="2.837" asserts="0">
            <results>
              <test-suite name="Client" success="False" time="0.076" asserts="0">
                <results>
                  <test-suite name="Objects" success="False" time="0.073" asserts="0">
                    <results>
                      <test-suite name="Tests" success="False" time="0.071" asserts="0">
                        <results>
                          <test-suite name="BasicTests" success="False" time="0.062" asserts="0">
                            <results>
                              <test-case name="Kistl.Client.Objects.Tests.BasicTests.TestEqualsHard" executed="True" success="False" time="0.044" asserts="2">
                                <failure>
                                  <message><![CDATA[  Equals should accept cloned objects
  Expected: True
  But was:  False
]]></message>
                                  <stack-trace><![CDATA[bei Kistl.Client.Objects.Tests.BasicTests.TestEqualsHard() in E:\Projekte\Kistl\Kistl.Tests\Kistl.Client.Tests\Objects\BasicTests.cs:Zeile 41.
]]></stack-trace>
                                </failure>
                              </test-case>
                              <test-case name="Kistl.Client.Objects.Tests.BasicTests.TestEqualsSimple" executed="True" success="False" time="0.002" asserts="2">
                                <failure>
                                  <message><![CDATA[  Equals should accept cloned objects
  Expected: True
  But was:  False
]]></message>
                                  <stack-trace><![CDATA[bei Kistl.Client.Objects.Tests.BasicTests.TestEqualsSimple() in E:\Projekte\Kistl\Kistl.Tests\Kistl.Client.Tests\Objects\BasicTests.cs:Zeile 24.
]]></stack-trace>
                                </failure>
                              </test-case>
                            </results>
                          </test-suite>
                        </results>
                      </test-suite>
                    </results>
                  </test-suite>
                </results>
              </test-suite>
              <test-suite name="GUI" success="False" time="2.748" asserts="0">
                <results>
                  <test-suite name="Renderer" success="True" time="2.525" asserts="0">
                    <results>
                      <test-suite name="WPF" success="True" time="2.523" asserts="0">
                        <results>
                          <test-suite name="Tests" success="True" time="2.522" asserts="0">
                            <results>
                              <test-suite name="EditPointerControlTests" success="True" time="2.520" asserts="0">
                                <results>
                                  <test-case name="Kistl.GUI.Renderer.WPF.Tests.EditPointerControlTests.TestLoadedType" executed="True" success="True" time="2.160" asserts="1" />
                                  <test-case name="Kistl.GUI.Renderer.WPF.Tests.EditPointerControlTests.TestUserInput" executed="True" success="True" time="0.182" asserts="2" />
                                  <test-case name="Kistl.GUI.Renderer.WPF.Tests.EditPointerControlTests.TestUserInputSupression" executed="True" success="True" time="0.008" asserts="2" />
                                  <test-case name="Kistl.GUI.Renderer.WPF.Tests.EditPointerControlTests.TestWithPresenter" executed="True" success="True" time="0.055" asserts="5" />
                                </results>
                              </test-suite>
                            </results>
                          </test-suite>
                        </results>
                      </test-suite>
                    </results>
                  </test-suite>
                  <test-suite name="Tests" success="False" time="0.218" asserts="0">
                    <results>
                      <test-suite name="BackReferencePresenterTests" success="False" time="0.054" asserts="0">
                        <results>
                          <test-case name="Kistl.GUI.Tests.BackReferencePresenterTests.HandleNoUserInput" executed="True" success="False" time="0.040" asserts="0">
                            <failure>
                              <message><![CDATA[System.InvalidCastException : Das Objekt des Typs Kistl.App.Base.BackReferenceProperty kann nicht in Typ Kistl.App.Base.ObjectReferenceProperty umgewandelt werden.]]></message>
                              <stack-trace><![CDATA[bei Kistl.GUI.ObjectListPresenter.get_Property() in E:\Projekte\Kistl\Kistl.Client\GUI\Presenter.cs:Zeile 349.
bei Kistl.GUI.ObjectListPresenter.InitializeComponent() in E:\Projekte\Kistl\Kistl.Client\GUI\Presenter.cs:Zeile 328.
bei Kistl.GUI.Presenter`1.InitializeComponent(IDataObject obj, Visual v, CONTROL ctrl) in E:\Projekte\Kistl\Kistl.Client\GUI\Presenter.cs:Zeile 58.
bei Kistl.GUI.Presenter`1.InitializeComponent(IDataObject obj, Visual v, IBasicControl ctrl) in E:\Projekte\Kistl\Kistl.Client\GUI\Presenter.cs:Zeile 31.
bei Kistl.GUI.DB.KistlGUIContext.CreatePresenter(PresenterInfo info, IDataObject obj, Visual v, IBasicControl ctrl) in E:\Projekte\Kistl\Kistl.Client\GUI.DB\KistlGUIContext.cs:Zeile 60.
bei Kistl.GUI.Tests.PresenterTest`2.Init(ControlInfo ci, BaseProperty bp) in E:\Projekte\Kistl\Kistl.Tests\Kistl.Client.Tests\GUI\PresenterTest.cs:Zeile 67.
bei Kistl.GUI.Tests.BackReferencePresenterTests.HandleNoUserInput() in E:\Projekte\Kistl\Kistl.Tests\Kistl.Client.Tests\GUI\BackReferencePresenterTests.cs:Zeile 25.
]]></stack-trace>
                            </failure>
                          </test-case>
                          <test-case name="Kistl.GUI.Tests.BackReferencePresenterTests.ReInit" executed="True" success="False" time="0.002" asserts="0">
                            <failure>
                              <message><![CDATA[An unexpected exception type was thrown
Expected: System.InvalidOperationException
 but was: System.NullReferenceException : Der Objektverweis wurde nicht auf eine Objektinstanz festgelegt.]]></message>
                              <stack-trace><![CDATA[bei Kistl.GUI.Tests.PresenterTest`2.ReInit() in E:\Projekte\Kistl\Kistl.Tests\Kistl.Client.Tests\GUI\PresenterTest.cs:Zeile 76.
]]></stack-trace>
                            </failure>
                          </test-case>
                        </results>
                      </test-suite>
                      <test-suite name="BoolPresenterTests" success="True" time="0.023" asserts="0">
                        <results>
                          <test-case name="Kistl.GUI.Tests.BoolPresenterTests.HandleNoUserInput" executed="True" success="True" time="0.008" asserts="3" />
                          <test-case name="Kistl.GUI.Tests.BoolPresenterTests.HandleNullUserInput" executed="True" success="True" time="0.004" asserts="5" />
                          <test-case name="Kistl.GUI.Tests.BoolPresenterTests.HandleProgrammaticChange" executed="True" success="True" time="0.003" asserts="10" />
                          <test-case name="Kistl.GUI.Tests.BoolPresenterTests.HandleUserInput" executed="True" success="True" time="0.002" asserts="10" />
                          <test-case name="Kistl.GUI.Tests.BoolPresenterTests.ReInit" executed="True" success="True" time="0.002" asserts="0" />
                        </results>
                      </test-suite>
                      <test-suite name="DateTimePresenterTests" success="True" time="0.017" asserts="0">
                        <results>
                          <test-case name="Kistl.GUI.Tests.DateTimePresenterTests.HandleNoUserInput" executed="True" success="True" time="0.005" asserts="3" />
                          <test-case name="Kistl.GUI.Tests.DateTimePresenterTests.HandleNullUserInput" executed="True" success="True" time="0.003" asserts="5" />
                          <test-case name="Kistl.GUI.Tests.DateTimePresenterTests.HandleProgrammaticChange" executed="True" success="True" time="0.003" asserts="30" />
                          <test-case name="Kistl.GUI.Tests.DateTimePresenterTests.HandleUserInput" executed="True" success="True" time="0.001" asserts="30" />
                          <test-case name="Kistl.GUI.Tests.DateTimePresenterTests.ReInit" executed="True" success="True" time="0.001" asserts="0" />
                        </results>
                      </test-suite>
                      <test-suite name="DoublePresenterTests" success="True" time="0.018" asserts="0">
                        <results>
                          <test-case name="Kistl.GUI.Tests.DoublePresenterTests.HandleNoUserInput" executed="True" success="True" time="0.005" asserts="3" />
                          <test-case name="Kistl.GUI.Tests.DoublePresenterTests.HandleNullUserInput" executed="True" success="True" time="0.003" asserts="5" />
                          <test-case name="Kistl.GUI.Tests.DoublePresenterTests.HandleProgrammaticChange" executed="True" success="True" time="0.003" asserts="66" />
                          <test-case name="Kistl.GUI.Tests.DoublePresenterTests.HandleUserInput" executed="True" success="True" time="0.001" asserts="66" />
                          <test-case name="Kistl.GUI.Tests.DoublePresenterTests.ReInit" executed="True" success="True" time="0.001" asserts="0" />
                        </results>
                      </test-suite>
                      <test-suite name="GuiDbTests" success="True" time="0.024" asserts="0">
                        <results>
                          <test-case name="Kistl.GUI.Tests.GuiDbTests.CreateControl" executed="True" success="True" time="0.005" asserts="2" />
                          <test-case name="Kistl.GUI.Tests.GuiDbTests.CreatePresenter" executed="True" success="True" time="0.001" asserts="1" />
                          <test-case name="Kistl.GUI.Tests.GuiDbTests.CreatePresenterFailNoInfo" executed="True" success="True" time="0.002" asserts="0" />
                          <test-case name="Kistl.GUI.Tests.GuiDbTests.CreatePresenterFailNoObject" executed="True" success="True" time="0.001" asserts="0" />
                          <test-case name="Kistl.GUI.Tests.GuiDbTests.CreatePresenterFailNoVisual" executed="True" success="True" time="0.001" asserts="0" />
                          <test-case name="Kistl.GUI.Tests.GuiDbTests.CreatePresenterFailNoWidget" executed="True" success="True" time="0.001" asserts="0" />
                          <test-case name="Kistl.GUI.Tests.GuiDbTests.FindControlInfo" executed="True" success="True" time="0.000" asserts="1" />
                          <test-case name="Kistl.GUI.Tests.GuiDbTests.FindPresenterInfo" executed="True" success="True" time="0.000" asserts="1" />
                          <test-case name="Kistl.GUI.Tests.GuiDbTests.ReInit" executed="True" success="True" time="0.000" asserts="0" />
                        </results>
                      </test-suite>
                      <test-suite name="IntPresenterTests" success="True" time="0.018" asserts="0">
                        <results>
                          <test-case name="Kistl.GUI.Tests.IntPresenterTests.HandleNoUserInput" executed="True" success="True" time="0.005" asserts="3" />
                          <test-case name="Kistl.GUI.Tests.IntPresenterTests.HandleNullUserInput" executed="True" success="True" time="0.003" asserts="5" />
                          <test-case name="Kistl.GUI.Tests.IntPresenterTests.HandleProgrammaticChange" executed="True" success="True" time="0.002" asserts="70" />
                          <test-case name="Kistl.GUI.Tests.IntPresenterTests.HandleUserInput" executed="True" success="True" time="0.001" asserts="70" />
                          <test-case name="Kistl.GUI.Tests.IntPresenterTests.ReInit" executed="True" success="True" time="0.001" asserts="0" />
                        </results>
                      </test-suite>
                      <test-suite name="ObjectReferencePresenterTests" success="True" time="0.020" asserts="0">
                        <results>
                          <test-case name="Kistl.GUI.Tests.ObjectReferencePresenterTests.HandleInvalidUserInput" executed="True" success="True" time="0.010" asserts="14" />
                          <test-case name="Kistl.GUI.Tests.ObjectReferencePresenterTests.HandleNoUserInput" executed="True" success="True" time="0.001" asserts="7" />
                          <test-case name="Kistl.GUI.Tests.ObjectReferencePresenterTests.HandleProgrammaticChange" executed="True" success="True" time="0.002" asserts="7" />
                          <test-case name="Kistl.GUI.Tests.ObjectReferencePresenterTests.HandleValidUserInput" executed="True" success="True" time="0.002" asserts="7" />
                          <test-case name="Kistl.GUI.Tests.ObjectReferencePresenterTests.ReInit" executed="True" success="True" time="0.001" asserts="0" />
                        </results>
                      </test-suite>
                      <test-suite name="StringPresenterTests" success="True" time="0.012" asserts="0">
                        <results>
                          <test-case name="Kistl.GUI.Tests.StringPresenterTests.HandleNoUserInput" executed="True" success="True" time="0.002" asserts="2" />
                          <test-case name="Kistl.GUI.Tests.StringPresenterTests.HandleNullUserInput" executed="True" success="True" time="0.003" asserts="5" />
                          <test-case name="Kistl.GUI.Tests.StringPresenterTests.HandleProgrammaticChange" executed="True" success="True" time="0.003" asserts="66" />
                          <test-case name="Kistl.GUI.Tests.StringPresenterTests.ReInit" executed="True" success="True" time="0.001" asserts="0" />
                        </results>
                      </test-suite>
                    </results>
                  </test-suite>
                </results>
              </test-suite>
            </results>
          </test-suite>
        </results>
      </test-suite>
    </results>
  </test-suite>
</test-results>