<?xml version="1.0" encoding="utf-8" standalone="no"?>
<!--This file represents the results of running a test suite-->
<test-results name="C:\Projekte\Kistl\Kistl.Tests\Kistl.Client.Tests\Kistl.ClientTests.nunit" total="1" failures="0" not-run="0" date="2008-04-14" time="15:34:05">
  <environment nunit-version="2.4.7.0" clr-version="2.0.50727.1433" os-version="Microsoft Windows NT 5.1.2600 Service Pack 2" platform="Win32NT" cwd="C:\Projekte\Kistl\Kistl.Tests\Kistl.Client.Tests" machine-name="MONEY" user="David" user-domain="MONEY" />
  <culture-info current-culture="de-AT" current-uiculture="de-DE" />
  <test-suite name="C:\Projekte\Kistl\Kistl.Tests\Kistl.Client.Tests\Kistl.ClientTests.nunit" success="True" time="2.031" asserts="0">
    <results>
      <test-suite name="C:\Projekte\Kistl\Kistl.Tests\Kistl.Client.Tests\bin\debug\..\Debug\Kistl.Client.Tests.dll" success="True" time="2.016" asserts="0">
        <results>
          <test-suite name="Kistl" success="True" time="2.000" asserts="0">
            <results>
              <test-suite name="Client" success="True" time="2.000" asserts="0">
                <results>
                  <test-suite name="Tests" success="True" time="1.953" asserts="0">
                    <results>
                      <test-suite name="GuiDbTests" success="True" time="0.078" asserts="0">
                        <results>
                          <test-case name="Kistl.Client.Tests.GuiDbTests.ControlInfo" executed="True" success="True" time="0.047" asserts="1" />
                        </results>
                      </test-suite>
                    </results>
                  </test-suite>
                </results>
              </test-suite>
            </results>
          </test-suite>
        </results>
      </test-suite>
    </results>
  </test-suite>
</test-results>