<?xml version="1.0" encoding="utf-8" standalone="no"?>
<!--This file represents the results of running a test suite-->
<test-results name="D:\Programmierung\Kistl\Tests\CompleteTests\CompleteTests.nunit" total="22" failures="2" not-run="0" date="2008-06-30" time="14:58:14">
  <environment nunit-version="2.4.7.0" clr-version="2.0.50727.1434" os-version="Microsoft Windows NT 6.0.6001 Service Pack 1" platform="Win32NT" cwd="D:\Programmierung\Kistl\Tests\CompleteTests" machine-name="KISTL" user="Douglas" user-domain="KISTL" />
  <culture-info current-culture="de-AT" current-uiculture="en-US" />
  <test-suite name="D:\Programmierung\Kistl\Tests\CompleteTests\CompleteTests.nunit" success="False" time="41.815" asserts="0">
    <results>
      <test-suite name="D:\Programmierung\Kistl\Tests\CompleteTests\bin\Debug\Kistl.IntegrationTests.exe" success="False" time="41.812" asserts="0">
        <results>
          <test-suite name="Kistl" success="False" time="41.806" asserts="0">
            <results>
              <test-suite name="IntegrationTests" success="False" time="41.783" asserts="0">
                <results>
                  <test-suite name="GeneratorTests" success="True" time="10.268" asserts="0">
                    <results>
                      <test-case name="Kistl.IntegrationTests.GeneratorTests.Generate" executed="True" success="True" time="10.259" asserts="0" />
                    </results>
                  </test-suite>
                  <test-suite name="GetListTests" success="True" time="3.728" asserts="0">
                    <results>
                      <test-case name="Kistl.IntegrationTests.GetListTests.GetList" executed="True" success="True" time="0.652" asserts="1" />
                      <test-case name="Kistl.IntegrationTests.GetListTests.GetList_GetObject" executed="True" success="True" time="0.545" asserts="3" />
                      <test-case name="Kistl.IntegrationTests.GetListTests.GetList_Twice" executed="True" success="True" time="0.927" asserts="124" />
                      <test-case name="Kistl.IntegrationTests.GetListTests.GetListWithOrderBy" executed="True" success="True" time="0.506" asserts="1" />
                      <test-case name="Kistl.IntegrationTests.GetListTests.GetListWithParameterIllegal" executed="True" success="True" time="0.215" asserts="0" />
                      <test-case name="Kistl.IntegrationTests.GetListTests.GetListWithParameterLegal" executed="True" success="True" time="0.098" asserts="1" />
                      <test-case name="Kistl.IntegrationTests.GetListTests.GetListWithTop10" executed="True" success="True" time="0.177" asserts="1" />
                      <test-case name="Kistl.IntegrationTests.GetListTests.GetObject_GetList" executed="True" success="True" time="0.591" asserts="6" />
                    </results>
                  </test-suite>
                  <test-suite name="InheritanceTests" success="True" time="2.144" asserts="0">
                    <results>
                      <test-case name="Kistl.IntegrationTests.InheritanceTests.GetListOfInheritedObjects" executed="True" success="True" time="0.724" asserts="3" />
                      <test-case name="Kistl.IntegrationTests.InheritanceTests.UpdateInheritedObject" executed="True" success="True" time="1.411" asserts="4" />
                    </results>
                  </test-suite>
                  <test-suite name="ListPropetiesTests" success="False" time="0.956" asserts="0">
                    <results>
                      <test-case name="Kistl.IntegrationTests.ListPropetiesTests.AddStringListPropertyContent" executed="True" success="True" time="0.489" asserts="5" />
                      <test-case name="Kistl.IntegrationTests.ListPropetiesTests.DeleteStringListPropertyContent" executed="True" success="False" time="0.160" asserts="3">
                        <failure>
                          <message><![CDATA[System.InvalidOperationException : Sequence contains more than one matching element]]></message>
                          <stack-trace><![CDATA[at System.Linq.Enumerable.SingleOrDefault[TSource](IEnumerable`1 source, Func`2 predicate)
at Kistl.IntegrationTests.ListPropetiesTests.DeleteStringListPropertyContent() in D:\Programmierung\Kistl\Tests\Kistl.IntegrationTests\Tests\ListPropetiesTests.cs:line 154
]]></stack-trace>
                        </failure>
                      </test-case>
                      <test-case name="Kistl.IntegrationTests.ListPropetiesTests.GetPointerListPropertyContent" executed="True" success="True" time="0.163" asserts="9" />
                      <test-case name="Kistl.IntegrationTests.ListPropetiesTests.GetStringListPropertyContent" executed="True" success="True" time="0.020" asserts="1" />
                      <test-case name="Kistl.IntegrationTests.ListPropetiesTests.UpdateStringListPropertyContent" executed="True" success="False" time="0.109" asserts="3">
                        <failure>
                          <message><![CDATA[  Expected: not null
  But was:  null
]]></message>
                          <stack-trace><![CDATA[at Kistl.IntegrationTests.ListPropetiesTests.UpdateStringListPropertyContent() in D:\Programmierung\Kistl\Tests\Kistl.IntegrationTests\Tests\ListPropetiesTests.cs:line 115
]]></stack-trace>
                        </failure>
                      </test-case>
                    </results>
                  </test-suite>
                  <test-suite name="ObjectTests" success="True" time="1.336" asserts="0">
                    <results>
                      <test-case name="Kistl.IntegrationTests.ObjectTests.GetListOf" executed="True" success="True" time="0.470" asserts="1" />
                      <test-case name="Kistl.IntegrationTests.ObjectTests.GetListOf_List" executed="True" success="True" time="0.217" asserts="1" />
                      <test-case name="Kistl.IntegrationTests.ObjectTests.GetObject" executed="True" success="True" time="0.058" asserts="1" />
                      <test-case name="Kistl.IntegrationTests.ObjectTests.GetObject_Twice" executed="True" success="True" time="0.052" asserts="3" />
                      <test-case name="Kistl.IntegrationTests.ObjectTests.NewObject" executed="True" success="True" time="0.292" asserts="4" />
                      <test-case name="Kistl.IntegrationTests.ObjectTests.SetObject" executed="True" success="True" time="0.228" asserts="3" />
                    </results>
                  </test-suite>
                </results>
              </test-suite>
            </results>
          </test-suite>
        </results>
      </test-suite>
    </results>
  </test-suite>
</test-results>