<?xml version="1.0" encoding="utf-8" standalone="no"?>
<!--This file represents the results of running a test suite-->
<test-results name="D:\Programmierung\Kistl\Tests\CompleteTests\CompleteTests.nunit" total="150" failures="126" not-run="41" date="2008-07-16" time="11:55:52">
  <environment nunit-version="2.4.7.0" clr-version="2.0.50727.1434" os-version="Microsoft Windows NT 6.0.6001 Service Pack 1" platform="Win32NT" cwd="D:\Programmierung\Kistl\Tests\CompleteTests" machine-name="KISTL" user="Douglas" user-domain="KISTL" />
  <culture-info current-culture="de-AT" current-uiculture="en-US" />
  <test-suite name="D:\Programmierung\Kistl\Tests\CompleteTests\CompleteTests.nunit" success="False" time="4.134" asserts="0">
    <results>
      <test-suite name="D:\Programmierung\Kistl\Tests\CompleteTests\bin\Debug\Kistl.Client.Tests.exe" success="False" time="4.072" asserts="0">
        <results>
          <test-suite name="Kistl" success="False" time="3.292" asserts="0">
            <results>
              <test-suite name="GUI" success="False" time="3.276" asserts="0">
                <results>
                  <test-suite name="Integration" success="False" time="1.435" asserts="0">
                    <results>
                      <test-suite name="WPF" success="False" time="1.435" asserts="0">
                        <results>
                          <test-suite name="ObjectReferenceControlIntegrationTests" success="False" time="1.435" asserts="2">
                            <results>
                              <test-case name="Kistl.GUI.Integration.WPF.ObjectReferenceControlIntegrationTests.HandleInvalidUserInput" executed="True" success="False" time="1.123" asserts="0">
                                <failure>
                                  <message><![CDATA[System.Reflection.TargetInvocationException : Exception has been thrown by the target of an invocation.
  ----> System.InvalidOperationException : The calling thread must be STA, because many UI components require this.]]></message>
                                  <stack-trace><![CDATA[at System.RuntimeTypeHandle.CreateInstance(RuntimeType type, Boolean publicOnly, Boolean noCheck, Boolean& canBeCached, RuntimeMethodHandle& ctor, Boolean& bNeedSecurityCheck)
at System.RuntimeType.CreateInstanceSlow(Boolean publicOnly, Boolean fillCache)
at System.RuntimeType.CreateInstanceImpl(Boolean publicOnly, Boolean skipVisibilityChecks, Boolean fillCache)
at System.Activator.CreateInstance(Type type, Boolean nonPublic)
at System.Activator.CreateInstance(Type type)
at Kistl.GUI.DB.KistlGUIContext.CreateControl(ControlInfo info) in D:\Programmierung\Kistl\Kistl.Client\GUI.DB\KistlGUIContext.cs:line 51
at Kistl.GUI.Mocks.ControlHarness`1.SetUp() in D:\Programmierung\Kistl\Tests\Kistl.Client.Tests\Mocks\ControlHarness.cs:line 29
at Kistl.GUI.Tests.ObjectReferencePresenterInfrastructure`3.SetUp() in D:\Programmierung\Kistl\Tests\Kistl.Client.Tests\GUI\ObjectPresenterTests.cs:line 99
--InvalidOperationException
at System.Windows.Input.InputManager..ctor()
at System.Windows.Input.InputManager.GetCurrentInputManagerImpl()
at System.Windows.Input.InputManager.get_Current()
at System.Windows.Input.KeyboardNavigation..ctor()
at System.Windows.FrameworkElement.EnsureFrameworkServices()
at System.Windows.FrameworkElement..ctor()
at System.Windows.Controls.Control..ctor()
at System.Windows.Controls.UserControl..ctor()
at Kistl.GUI.Renderer.WPF.PropertyControl..ctor()
at Kistl.GUI.Renderer.WPF.ObjectReferenceControl..ctor() in D:\Programmierung\Kistl\Kistl.Client.WPF\Renderer.WPF\ObjectReferenceControl.xaml.cs:line 30
]]></stack-trace>
                                </failure>
                              </test-case>
                              <test-case name="Kistl.GUI.Integration.WPF.ObjectReferenceControlIntegrationTests.HandleNoUserInput" executed="True" success="False" time="0.016" asserts="0">
                                <failure>
                                  <message><![CDATA[System.Reflection.TargetInvocationException : Exception has been thrown by the target of an invocation.
  ----> System.InvalidOperationException : The calling thread must be STA, because many UI components require this.]]></message>
                                  <stack-trace><![CDATA[at System.RuntimeTypeHandle.CreateInstance(RuntimeType type, Boolean publicOnly, Boolean noCheck, Boolean& canBeCached, RuntimeMethodHandle& ctor, Boolean& bNeedSecurityCheck)
at System.RuntimeType.CreateInstanceSlow(Boolean publicOnly, Boolean fillCache)
at System.RuntimeType.CreateInstanceImpl(Boolean publicOnly, Boolean skipVisibilityChecks, Boolean fillCache)
at System.Activator.CreateInstance(Type type, Boolean nonPublic)
at System.Activator.CreateInstance(Type type)
at Kistl.GUI.DB.KistlGUIContext.CreateControl(ControlInfo info) in D:\Programmierung\Kistl\Kistl.Client\GUI.DB\KistlGUIContext.cs:line 51
at Kistl.GUI.Mocks.ControlHarness`1.SetUp() in D:\Programmierung\Kistl\Tests\Kistl.Client.Tests\Mocks\ControlHarness.cs:line 29
at Kistl.GUI.Tests.ObjectReferencePresenterInfrastructure`3.SetUp() in D:\Programmierung\Kistl\Tests\Kistl.Client.Tests\GUI\ObjectPresenterTests.cs:line 99
--InvalidOperationException
at System.Windows.Input.InputManager..ctor()
at System.Windows.Input.InputManager.GetCurrentInputManagerImpl()
at System.Windows.Input.InputManager.get_Current()
at System.Windows.Input.KeyboardNavigation..ctor()
at System.Windows.FrameworkElement.EnsureFrameworkServices()
at System.Windows.FrameworkElement..ctor()
at System.Windows.Controls.Control..ctor()
at System.Windows.Controls.UserControl..ctor()
at Kistl.GUI.Renderer.WPF.PropertyControl..ctor()
at Kistl.GUI.Renderer.WPF.ObjectReferenceControl..ctor() in D:\Programmierung\Kistl\Kistl.Client.WPF\Renderer.WPF\ObjectReferenceControl.xaml.cs:line 30
]]></stack-trace>
                                </failure>
                              </test-case>
                              <test-case name="Kistl.GUI.Integration.WPF.ObjectReferenceControlIntegrationTests.HandleNullUserInput" executed="True" success="False" time="0.000" asserts="0">
                                <failure>
                                  <message><![CDATA[System.Reflection.TargetInvocationException : Exception has been thrown by the target of an invocation.
  ----> System.InvalidOperationException : The calling thread must be STA, because many UI components require this.]]></message>
                                  <stack-trace><![CDATA[at System.RuntimeTypeHandle.CreateInstance(RuntimeType type, Boolean publicOnly, Boolean noCheck, Boolean& canBeCached, RuntimeMethodHandle& ctor, Boolean& bNeedSecurityCheck)
at System.RuntimeType.CreateInstanceSlow(Boolean publicOnly, Boolean fillCache)
at System.RuntimeType.CreateInstanceImpl(Boolean publicOnly, Boolean skipVisibilityChecks, Boolean fillCache)
at System.Activator.CreateInstance(Type type, Boolean nonPublic)
at System.Activator.CreateInstance(Type type)
at Kistl.GUI.DB.KistlGUIContext.CreateControl(ControlInfo info) in D:\Programmierung\Kistl\Kistl.Client\GUI.DB\KistlGUIContext.cs:line 51
at Kistl.GUI.Mocks.ControlHarness`1.SetUp() in D:\Programmierung\Kistl\Tests\Kistl.Client.Tests\Mocks\ControlHarness.cs:line 29
at Kistl.GUI.Tests.ObjectReferencePresenterInfrastructure`3.SetUp() in D:\Programmierung\Kistl\Tests\Kistl.Client.Tests\GUI\ObjectPresenterTests.cs:line 99
--InvalidOperationException
at System.Windows.Input.InputManager..ctor()
at System.Windows.Input.InputManager.GetCurrentInputManagerImpl()
at System.Windows.Input.InputManager.get_Current()
at System.Windows.Input.KeyboardNavigation..ctor()
at System.Windows.FrameworkElement.EnsureFrameworkServices()
at System.Windows.FrameworkElement..ctor()
at System.Windows.Controls.Control..ctor()
at System.Windows.Controls.UserControl..ctor()
at Kistl.GUI.Renderer.WPF.PropertyControl..ctor()
at Kistl.GUI.Renderer.WPF.ObjectReferenceControl..ctor() in D:\Programmierung\Kistl\Kistl.Client.WPF\Renderer.WPF\ObjectReferenceControl.xaml.cs:line 30
]]></stack-trace>
                                </failure>
                              </test-case>
                              <test-case name="Kistl.GUI.Integration.WPF.ObjectReferenceControlIntegrationTests.HandleProgrammaticChange" executed="True" success="False" time="0.000" asserts="0">
                                <failure>
                                  <message><![CDATA[System.Reflection.TargetInvocationException : Exception has been thrown by the target of an invocation.
  ----> System.InvalidOperationException : The calling thread must be STA, because many UI components require this.]]></message>
                                  <stack-trace><![CDATA[at System.RuntimeTypeHandle.CreateInstance(RuntimeType type, Boolean publicOnly, Boolean noCheck, Boolean& canBeCached, RuntimeMethodHandle& ctor, Boolean& bNeedSecurityCheck)
at System.RuntimeType.CreateInstanceSlow(Boolean publicOnly, Boolean fillCache)
at System.RuntimeType.CreateInstanceImpl(Boolean publicOnly, Boolean skipVisibilityChecks, Boolean fillCache)
at System.Activator.CreateInstance(Type type, Boolean nonPublic)
at System.Activator.CreateInstance(Type type)
at Kistl.GUI.DB.KistlGUIContext.CreateControl(ControlInfo info) in D:\Programmierung\Kistl\Kistl.Client\GUI.DB\KistlGUIContext.cs:line 51
at Kistl.GUI.Mocks.ControlHarness`1.SetUp() in D:\Programmierung\Kistl\Tests\Kistl.Client.Tests\Mocks\ControlHarness.cs:line 29
at Kistl.GUI.Tests.ObjectReferencePresenterInfrastructure`3.SetUp() in D:\Programmierung\Kistl\Tests\Kistl.Client.Tests\GUI\ObjectPresenterTests.cs:line 99
--InvalidOperationException
at System.Windows.Input.InputManager..ctor()
at System.Windows.Input.InputManager.GetCurrentInputManagerImpl()
at System.Windows.Input.InputManager.get_Current()
at System.Windows.Input.KeyboardNavigation..ctor()
at System.Windows.FrameworkElement.EnsureFrameworkServices()
at System.Windows.FrameworkElement..ctor()
at System.Windows.Controls.Control..ctor()
at System.Windows.Controls.UserControl..ctor()
at Kistl.GUI.Renderer.WPF.PropertyControl..ctor()
at Kistl.GUI.Renderer.WPF.ObjectReferenceControl..ctor() in D:\Programmierung\Kistl\Kistl.Client.WPF\Renderer.WPF\ObjectReferenceControl.xaml.cs:line 30
]]></stack-trace>
                                </failure>
                              </test-case>
                              <test-case name="Kistl.GUI.Integration.WPF.ObjectReferenceControlIntegrationTests.HandleValidUserInput" executed="True" success="False" time="0.000" asserts="0">
                                <failure>
                                  <message><![CDATA[System.Reflection.TargetInvocationException : Exception has been thrown by the target of an invocation.
  ----> System.InvalidOperationException : The calling thread must be STA, because many UI components require this.]]></message>
                                  <stack-trace><![CDATA[at System.RuntimeTypeHandle.CreateInstance(RuntimeType type, Boolean publicOnly, Boolean noCheck, Boolean& canBeCached, RuntimeMethodHandle& ctor, Boolean& bNeedSecurityCheck)
at System.RuntimeType.CreateInstanceSlow(Boolean publicOnly, Boolean fillCache)
at System.RuntimeType.CreateInstanceImpl(Boolean publicOnly, Boolean skipVisibilityChecks, Boolean fillCache)
at System.Activator.CreateInstance(Type type, Boolean nonPublic)
at System.Activator.CreateInstance(Type type)
at Kistl.GUI.DB.KistlGUIContext.CreateControl(ControlInfo info) in D:\Programmierung\Kistl\Kistl.Client\GUI.DB\KistlGUIContext.cs:line 51
at Kistl.GUI.Mocks.ControlHarness`1.SetUp() in D:\Programmierung\Kistl\Tests\Kistl.Client.Tests\Mocks\ControlHarness.cs:line 29
at Kistl.GUI.Tests.ObjectReferencePresenterInfrastructure`3.SetUp() in D:\Programmierung\Kistl\Tests\Kistl.Client.Tests\GUI\ObjectPresenterTests.cs:line 99
--InvalidOperationException
at System.Windows.Input.InputManager..ctor()
at System.Windows.Input.InputManager.GetCurrentInputManagerImpl()
at System.Windows.Input.InputManager.get_Current()
at System.Windows.Input.KeyboardNavigation..ctor()
at System.Windows.FrameworkElement.EnsureFrameworkServices()
at System.Windows.FrameworkElement..ctor()
at System.Windows.Controls.Control..ctor()
at System.Windows.Controls.UserControl..ctor()
at Kistl.GUI.Renderer.WPF.PropertyControl..ctor()
at Kistl.GUI.Renderer.WPF.ObjectReferenceControl..ctor() in D:\Programmierung\Kistl\Kistl.Client.WPF\Renderer.WPF\ObjectReferenceControl.xaml.cs:line 30
]]></stack-trace>
                                </failure>
                              </test-case>
                              <test-case name="Kistl.GUI.Integration.WPF.ObjectReferenceControlIntegrationTests.ReInit" executed="True" success="False" time="0.000" asserts="0">
                                <failure>
                                  <message><![CDATA[System.Reflection.TargetInvocationException : Exception has been thrown by the target of an invocation.
  ----> System.InvalidOperationException : The calling thread must be STA, because many UI components require this.]]></message>
                                  <stack-trace><![CDATA[at System.RuntimeTypeHandle.CreateInstance(RuntimeType type, Boolean publicOnly, Boolean noCheck, Boolean& canBeCached, RuntimeMethodHandle& ctor, Boolean& bNeedSecurityCheck)
at System.RuntimeType.CreateInstanceSlow(Boolean publicOnly, Boolean fillCache)
at System.RuntimeType.CreateInstanceImpl(Boolean publicOnly, Boolean skipVisibilityChecks, Boolean fillCache)
at System.Activator.CreateInstance(Type type, Boolean nonPublic)
at System.Activator.CreateInstance(Type type)
at Kistl.GUI.DB.KistlGUIContext.CreateControl(ControlInfo info) in D:\Programmierung\Kistl\Kistl.Client\GUI.DB\KistlGUIContext.cs:line 51
at Kistl.GUI.Mocks.ControlHarness`1.SetUp() in D:\Programmierung\Kistl\Tests\Kistl.Client.Tests\Mocks\ControlHarness.cs:line 29
at Kistl.GUI.Tests.ObjectReferencePresenterInfrastructure`3.SetUp() in D:\Programmierung\Kistl\Tests\Kistl.Client.Tests\GUI\ObjectPresenterTests.cs:line 99
--InvalidOperationException
at System.Windows.Input.InputManager..ctor()
at System.Windows.Input.InputManager.GetCurrentInputManagerImpl()
at System.Windows.Input.InputManager.get_Current()
at System.Windows.Input.KeyboardNavigation..ctor()
at System.Windows.FrameworkElement.EnsureFrameworkServices()
at System.Windows.FrameworkElement..ctor()
at System.Windows.Controls.Control..ctor()
at System.Windows.Controls.UserControl..ctor()
at Kistl.GUI.Renderer.WPF.PropertyControl..ctor()
at Kistl.GUI.Renderer.WPF.ObjectReferenceControl..ctor() in D:\Programmierung\Kistl\Kistl.Client.WPF\Renderer.WPF\ObjectReferenceControl.xaml.cs:line 30
]]></stack-trace>
                                </failure>
                              </test-case>
                              <test-case name="Kistl.GUI.Integration.WPF.ObjectReferenceControlIntegrationTests.TestPresenterSetUpCorrect" executed="True" success="False" time="0.000" asserts="0">
                                <failure>
                                  <message><![CDATA[System.Reflection.TargetInvocationException : Exception has been thrown by the target of an invocation.
  ----> System.InvalidOperationException : The calling thread must be STA, because many UI components require this.]]></message>
                                  <stack-trace><![CDATA[at System.RuntimeTypeHandle.CreateInstance(RuntimeType type, Boolean publicOnly, Boolean noCheck, Boolean& canBeCached, RuntimeMethodHandle& ctor, Boolean& bNeedSecurityCheck)
at System.RuntimeType.CreateInstanceSlow(Boolean publicOnly, Boolean fillCache)
at System.RuntimeType.CreateInstanceImpl(Boolean publicOnly, Boolean skipVisibilityChecks, Boolean fillCache)
at System.Activator.CreateInstance(Type type, Boolean nonPublic)
at System.Activator.CreateInstance(Type type)
at Kistl.GUI.DB.KistlGUIContext.CreateControl(ControlInfo info) in D:\Programmierung\Kistl\Kistl.Client\GUI.DB\KistlGUIContext.cs:line 51
at Kistl.GUI.Mocks.ControlHarness`1.SetUp() in D:\Programmierung\Kistl\Tests\Kistl.Client.Tests\Mocks\ControlHarness.cs:line 29
at Kistl.GUI.Tests.ObjectReferencePresenterInfrastructure`3.SetUp() in D:\Programmierung\Kistl\Tests\Kistl.Client.Tests\GUI\ObjectPresenterTests.cs:line 99
--InvalidOperationException
at System.Windows.Input.InputManager..ctor()
at System.Windows.Input.InputManager.GetCurrentInputManagerImpl()
at System.Windows.Input.InputManager.get_Current()
at System.Windows.Input.KeyboardNavigation..ctor()
at System.Windows.FrameworkElement.EnsureFrameworkServices()
at System.Windows.FrameworkElement..ctor()
at System.Windows.Controls.Control..ctor()
at System.Windows.Controls.UserControl..ctor()
at Kistl.GUI.Renderer.WPF.PropertyControl..ctor()
at Kistl.GUI.Renderer.WPF.ObjectReferenceControl..ctor() in D:\Programmierung\Kistl\Kistl.Client.WPF\Renderer.WPF\ObjectReferenceControl.xaml.cs:line 30
]]></stack-trace>
                                </failure>
                              </test-case>
                            </results>
                          </test-suite>
                        </results>
                      </test-suite>
                    </results>
                  </test-suite>
                  <test-suite name="Renderer" success="False" time="0.796" asserts="0">
                    <results>
                      <test-suite name="ASPNET" success="True" time="0.031" asserts="0">
                        <results>
                          <test-suite name="Tests" success="True" time="0.031" asserts="0">
                            <results>
                              <test-suite name="BoolControlTests" success="True" time="0.000" asserts="0">
                                <results>
                                  <test-case name="Kistl.GUI.Renderer.ASPNET.Tests.BoolControlTests.TestDescription" executed="False">
                                    <reason>
                                      <message><![CDATA[TODO: ASP.NET Testframework]]></message>
                                    </reason>
                                  </test-case>
                                  <test-case name="Kistl.GUI.Renderer.ASPNET.Tests.BoolControlTests.TestFieldSize" executed="False">
                                    <reason>
                                      <message><![CDATA[TODO: ASP.NET Testframework]]></message>
                                    </reason>
                                  </test-case>
                                  <test-case name="Kistl.GUI.Renderer.ASPNET.Tests.BoolControlTests.TestIsValidValue" executed="False">
                                    <reason>
                                      <message><![CDATA[TODO: ASP.NET Testframework]]></message>
                                    </reason>
                                  </test-case>
                                  <test-case name="Kistl.GUI.Renderer.ASPNET.Tests.BoolControlTests.TestSetUpCorrect" executed="False">
                                    <reason>
                                      <message><![CDATA[TODO: ASP.NET Testframework]]></message>
                                    </reason>
                                  </test-case>
                                  <test-case name="Kistl.GUI.Renderer.ASPNET.Tests.BoolControlTests.TestShortLabel" executed="False">
                                    <reason>
                                      <message><![CDATA[TODO: ASP.NET Testframework]]></message>
                                    </reason>
                                  </test-case>
                                  <test-case name="Kistl.GUI.Renderer.ASPNET.Tests.BoolControlTests.TestUserInput" executed="False">
                                    <reason>
                                      <message><![CDATA[TODO: ASP.NET Testframework]]></message>
                                    </reason>
                                  </test-case>
                                  <test-case name="Kistl.GUI.Renderer.ASPNET.Tests.BoolControlTests.TestValueProgrammatically" executed="False">
                                    <reason>
                                      <message><![CDATA[TODO: ASP.NET Testframework]]></message>
                                    </reason>
                                  </test-case>
                                </results>
                              </test-suite>
                              <test-suite name="DateTimeControlTests" success="True" time="0.016" asserts="0">
                                <results>
                                  <test-case name="Kistl.GUI.Renderer.ASPNET.Tests.DateTimeControlTests.TestDescription" executed="False">
                                    <reason>
                                      <message><![CDATA[TODO: ASP.NET Testframework]]></message>
                                    </reason>
                                  </test-case>
                                  <test-case name="Kistl.GUI.Renderer.ASPNET.Tests.DateTimeControlTests.TestFieldSize" executed="False">
                                    <reason>
                                      <message><![CDATA[TODO: ASP.NET Testframework]]></message>
                                    </reason>
                                  </test-case>
                                  <test-case name="Kistl.GUI.Renderer.ASPNET.Tests.DateTimeControlTests.TestIsValidValue" executed="False">
                                    <reason>
                                      <message><![CDATA[TODO: ASP.NET Testframework]]></message>
                                    </reason>
                                  </test-case>
                                  <test-case name="Kistl.GUI.Renderer.ASPNET.Tests.DateTimeControlTests.TestSetUpCorrect" executed="False">
                                    <reason>
                                      <message><![CDATA[TODO: ASP.NET Testframework]]></message>
                                    </reason>
                                  </test-case>
                                  <test-case name="Kistl.GUI.Renderer.ASPNET.Tests.DateTimeControlTests.TestShortLabel" executed="False">
                                    <reason>
                                      <message><![CDATA[TODO: ASP.NET Testframework]]></message>
                                    </reason>
                                  </test-case>
                                  <test-case name="Kistl.GUI.Renderer.ASPNET.Tests.DateTimeControlTests.TestUserInput" executed="False">
                                    <reason>
                                      <message><![CDATA[TODO: ASP.NET Testframework]]></message>
                                    </reason>
                                  </test-case>
                                  <test-case name="Kistl.GUI.Renderer.ASPNET.Tests.DateTimeControlTests.TestValueProgrammatically" executed="False">
                                    <reason>
                                      <message><![CDATA[TODO: ASP.NET Testframework]]></message>
                                    </reason>
                                  </test-case>
                                </results>
                              </test-suite>
                              <test-suite name="DoubleControlTests" success="True" time="0.000" asserts="0">
                                <results>
                                  <test-case name="Kistl.GUI.Renderer.ASPNET.Tests.DoubleControlTests.TestDescription" executed="False">
                                    <reason>
                                      <message><![CDATA[TODO: ASP.NET Testframework]]></message>
                                    </reason>
                                  </test-case>
                                  <test-case name="Kistl.GUI.Renderer.ASPNET.Tests.DoubleControlTests.TestFieldSize" executed="False">
                                    <reason>
                                      <message><![CDATA[TODO: ASP.NET Testframework]]></message>
                                    </reason>
                                  </test-case>
                                  <test-case name="Kistl.GUI.Renderer.ASPNET.Tests.DoubleControlTests.TestIsValidValue" executed="False">
                                    <reason>
                                      <message><![CDATA[TODO: ASP.NET Testframework]]></message>
                                    </reason>
                                  </test-case>
                                  <test-case name="Kistl.GUI.Renderer.ASPNET.Tests.DoubleControlTests.TestSetUpCorrect" executed="False">
                                    <reason>
                                      <message><![CDATA[TODO: ASP.NET Testframework]]></message>
                                    </reason>
                                  </test-case>
                                  <test-case name="Kistl.GUI.Renderer.ASPNET.Tests.DoubleControlTests.TestShortLabel" executed="False">
                                    <reason>
                                      <message><![CDATA[TODO: ASP.NET Testframework]]></message>
                                    </reason>
                                  </test-case>
                                  <test-case name="Kistl.GUI.Renderer.ASPNET.Tests.DoubleControlTests.TestUserInput" executed="False">
                                    <reason>
                                      <message><![CDATA[TODO: ASP.NET Testframework]]></message>
                                    </reason>
                                  </test-case>
                                  <test-case name="Kistl.GUI.Renderer.ASPNET.Tests.DoubleControlTests.TestValueProgrammatically" executed="False">
                                    <reason>
                                      <message><![CDATA[TODO: ASP.NET Testframework]]></message>
                                    </reason>
                                  </test-case>
                                </results>
                              </test-suite>
                              <test-suite name="IntControlTests" success="True" time="0.000" asserts="0">
                                <results>
                                  <test-case name="Kistl.GUI.Renderer.ASPNET.Tests.IntControlTests.TestDescription" executed="False">
                                    <reason>
                                      <message><![CDATA[TODO: ASP.NET Testframework]]></message>
                                    </reason>
                                  </test-case>
                                  <test-case name="Kistl.GUI.Renderer.ASPNET.Tests.IntControlTests.TestFieldSize" executed="False">
                                    <reason>
                                      <message><![CDATA[TODO: ASP.NET Testframework]]></message>
                                    </reason>
                                  </test-case>
                                  <test-case name="Kistl.GUI.Renderer.ASPNET.Tests.IntControlTests.TestIsValidValue" executed="False">
                                    <reason>
                                      <message><![CDATA[TODO: ASP.NET Testframework]]></message>
                                    </reason>
                                  </test-case>
                                  <test-case name="Kistl.GUI.Renderer.ASPNET.Tests.IntControlTests.TestSetUpCorrect" executed="False">
                                    <reason>
                                      <message><![CDATA[TODO: ASP.NET Testframework]]></message>
                                    </reason>
                                  </test-case>
                                  <test-case name="Kistl.GUI.Renderer.ASPNET.Tests.IntControlTests.TestShortLabel" executed="False">
                                    <reason>
                                      <message><![CDATA[TODO: ASP.NET Testframework]]></message>
                                    </reason>
                                  </test-case>
                                  <test-case name="Kistl.GUI.Renderer.ASPNET.Tests.IntControlTests.TestUserInput" executed="False">
                                    <reason>
                                      <message><![CDATA[TODO: ASP.NET Testframework]]></message>
                                    </reason>
                                  </test-case>
                                  <test-case name="Kistl.GUI.Renderer.ASPNET.Tests.IntControlTests.TestValueProgrammatically" executed="False">
                                    <reason>
                                      <message><![CDATA[TODO: ASP.NET Testframework]]></message>
                                    </reason>
                                  </test-case>
                                </results>
                              </test-suite>
                              <test-suite name="StringControlTests" success="True" time="0.000" asserts="0">
                                <results>
                                  <test-case name="Kistl.GUI.Renderer.ASPNET.Tests.StringControlTests.TestDescription" executed="False">
                                    <reason>
                                      <message><![CDATA[TODO: ASP.NET Testframework]]></message>
                                    </reason>
                                  </test-case>
                                  <test-case name="Kistl.GUI.Renderer.ASPNET.Tests.StringControlTests.TestFieldSize" executed="False">
                                    <reason>
                                      <message><![CDATA[TODO: ASP.NET Testframework]]></message>
                                    </reason>
                                  </test-case>
                                  <test-case name="Kistl.GUI.Renderer.ASPNET.Tests.StringControlTests.TestIsValidValue" executed="False">
                                    <reason>
                                      <message><![CDATA[TODO: ASP.NET Testframework]]></message>
                                    </reason>
                                  </test-case>
                                  <test-case name="Kistl.GUI.Renderer.ASPNET.Tests.StringControlTests.TestSetUpCorrect" executed="False">
                                    <reason>
                                      <message><![CDATA[TODO: ASP.NET Testframework]]></message>
                                    </reason>
                                  </test-case>
                                  <test-case name="Kistl.GUI.Renderer.ASPNET.Tests.StringControlTests.TestShortLabel" executed="False">
                                    <reason>
                                      <message><![CDATA[TODO: ASP.NET Testframework]]></message>
                                    </reason>
                                  </test-case>
                                  <test-case name="Kistl.GUI.Renderer.ASPNET.Tests.StringControlTests.TestUserInput" executed="False">
                                    <reason>
                                      <message><![CDATA[TODO: ASP.NET Testframework]]></message>
                                    </reason>
                                  </test-case>
                                  <test-case name="Kistl.GUI.Renderer.ASPNET.Tests.StringControlTests.TestValueProgrammatically" executed="False">
                                    <reason>
                                      <message><![CDATA[TODO: ASP.NET Testframework]]></message>
                                    </reason>
                                  </test-case>
                                </results>
                              </test-suite>
                            </results>
                          </test-suite>
                        </results>
                      </test-suite>
                      <test-suite name="WPF" success="False" time="0.749" asserts="0">
                        <results>
                          <test-suite name="Tests" success="False" time="0.733" asserts="0">
                            <results>
                              <test-suite name="BoolControlTests" success="False" time="0.140" asserts="2">
                                <results>
                                  <test-case name="Kistl.GUI.Renderer.WPF.Tests.BoolControlTests.TestDescription" executed="True" success="False" time="0.016" asserts="0">
                                    <failure>
                                      <message><![CDATA[System.Reflection.TargetInvocationException : Exception has been thrown by the target of an invocation.
  ----> System.InvalidOperationException : The calling thread must be STA, because many UI components require this.]]></message>
                                      <stack-trace><![CDATA[at System.RuntimeTypeHandle.CreateInstance(RuntimeType type, Boolean publicOnly, Boolean noCheck, Boolean& canBeCached, RuntimeMethodHandle& ctor, Boolean& bNeedSecurityCheck)
at System.RuntimeType.CreateInstanceSlow(Boolean publicOnly, Boolean fillCache)
at System.RuntimeType.CreateInstanceImpl(Boolean publicOnly, Boolean skipVisibilityChecks, Boolean fillCache)
at System.Activator.CreateInstance(Type type, Boolean nonPublic)
at System.Activator.CreateInstance(Type type)
at Kistl.GUI.DB.KistlGUIContext.CreateControl(ControlInfo info) in D:\Programmierung\Kistl\Kistl.Client\GUI.DB\KistlGUIContext.cs:line 51
at Kistl.GUI.Mocks.ControlHarness`1.SetUp() in D:\Programmierung\Kistl\Tests\Kistl.Client.Tests\Mocks\ControlHarness.cs:line 29
at Kistl.GUI.Tests.BasicControlTests`1.SetUp() in D:\Programmierung\Kistl\Tests\Kistl.Client.Tests\GUI\BasicControlTests.cs:line 40
at Kistl.GUI.Tests.ValueControlTests`2.AddEvents() in D:\Programmierung\Kistl\Tests\Kistl.Client.Tests\GUI\ValueControlTests.cs:line 39
--InvalidOperationException
at System.Windows.Input.InputManager..ctor()
at System.Windows.Input.InputManager.GetCurrentInputManagerImpl()
at System.Windows.Input.InputManager.get_Current()
at System.Windows.Input.KeyboardNavigation..ctor()
at System.Windows.FrameworkElement.EnsureFrameworkServices()
at System.Windows.FrameworkElement..ctor()
at System.Windows.Controls.Control..ctor()
at System.Windows.Controls.UserControl..ctor()
at Kistl.GUI.Renderer.WPF.PropertyControl..ctor()
at Kistl.GUI.Renderer.WPF.EditBoolProperty..ctor() in D:\Programmierung\Kistl\Kistl.Client.WPF\Renderer.WPF\EditBoolProperty.xaml.cs:line 22
]]></stack-trace>
                                    </failure>
                                  </test-case>
                                  <test-case name="Kistl.GUI.Renderer.WPF.Tests.BoolControlTests.TestFieldSize" executed="True" success="False" time="0.000" asserts="0">
                                    <failure>
                                      <message><![CDATA[System.Reflection.TargetInvocationException : Exception has been thrown by the target of an invocation.
  ----> System.InvalidOperationException : The calling thread must be STA, because many UI components require this.]]></message>
                                      <stack-trace><![CDATA[at System.RuntimeTypeHandle.CreateInstance(RuntimeType type, Boolean publicOnly, Boolean noCheck, Boolean& canBeCached, RuntimeMethodHandle& ctor, Boolean& bNeedSecurityCheck)
at System.RuntimeType.CreateInstanceSlow(Boolean publicOnly, Boolean fillCache)
at System.RuntimeType.CreateInstanceImpl(Boolean publicOnly, Boolean skipVisibilityChecks, Boolean fillCache)
at System.Activator.CreateInstance(Type type, Boolean nonPublic)
at System.Activator.CreateInstance(Type type)
at Kistl.GUI.DB.KistlGUIContext.CreateControl(ControlInfo info) in D:\Programmierung\Kistl\Kistl.Client\GUI.DB\KistlGUIContext.cs:line 51
at Kistl.GUI.Mocks.ControlHarness`1.SetUp() in D:\Programmierung\Kistl\Tests\Kistl.Client.Tests\Mocks\ControlHarness.cs:line 29
at Kistl.GUI.Tests.BasicControlTests`1.SetUp() in D:\Programmierung\Kistl\Tests\Kistl.Client.Tests\GUI\BasicControlTests.cs:line 40
at Kistl.GUI.Tests.ValueControlTests`2.AddEvents() in D:\Programmierung\Kistl\Tests\Kistl.Client.Tests\GUI\ValueControlTests.cs:line 39
--InvalidOperationException
at System.Windows.Input.InputManager..ctor()
at System.Windows.Input.InputManager.GetCurrentInputManagerImpl()
at System.Windows.Input.InputManager.get_Current()
at System.Windows.Input.KeyboardNavigation..ctor()
at System.Windows.FrameworkElement.EnsureFrameworkServices()
at System.Windows.FrameworkElement..ctor()
at System.Windows.Controls.Control..ctor()
at System.Windows.Controls.UserControl..ctor()
at Kistl.GUI.Renderer.WPF.PropertyControl..ctor()
at Kistl.GUI.Renderer.WPF.EditBoolProperty..ctor() in D:\Programmierung\Kistl\Kistl.Client.WPF\Renderer.WPF\EditBoolProperty.xaml.cs:line 22
]]></stack-trace>
                                    </failure>
                                  </test-case>
                                  <test-case name="Kistl.GUI.Renderer.WPF.Tests.BoolControlTests.TestIsValidValue" executed="True" success="False" time="0.016" asserts="0">
                                    <failure>
                                      <message><![CDATA[System.Reflection.TargetInvocationException : Exception has been thrown by the target of an invocation.
  ----> System.InvalidOperationException : The calling thread must be STA, because many UI components require this.]]></message>
                                      <stack-trace><![CDATA[at System.RuntimeTypeHandle.CreateInstance(RuntimeType type, Boolean publicOnly, Boolean noCheck, Boolean& canBeCached, RuntimeMethodHandle& ctor, Boolean& bNeedSecurityCheck)
at System.RuntimeType.CreateInstanceSlow(Boolean publicOnly, Boolean fillCache)
at System.RuntimeType.CreateInstanceImpl(Boolean publicOnly, Boolean skipVisibilityChecks, Boolean fillCache)
at System.Activator.CreateInstance(Type type, Boolean nonPublic)
at System.Activator.CreateInstance(Type type)
at Kistl.GUI.DB.KistlGUIContext.CreateControl(ControlInfo info) in D:\Programmierung\Kistl\Kistl.Client\GUI.DB\KistlGUIContext.cs:line 51
at Kistl.GUI.Mocks.ControlHarness`1.SetUp() in D:\Programmierung\Kistl\Tests\Kistl.Client.Tests\Mocks\ControlHarness.cs:line 29
at Kistl.GUI.Tests.BasicControlTests`1.SetUp() in D:\Programmierung\Kistl\Tests\Kistl.Client.Tests\GUI\BasicControlTests.cs:line 40
at Kistl.GUI.Tests.ValueControlTests`2.AddEvents() in D:\Programmierung\Kistl\Tests\Kistl.Client.Tests\GUI\ValueControlTests.cs:line 39
--InvalidOperationException
at System.Windows.Input.InputManager..ctor()
at System.Windows.Input.InputManager.GetCurrentInputManagerImpl()
at System.Windows.Input.InputManager.get_Current()
at System.Windows.Input.KeyboardNavigation..ctor()
at System.Windows.FrameworkElement.EnsureFrameworkServices()
at System.Windows.FrameworkElement..ctor()
at System.Windows.Controls.Control..ctor()
at System.Windows.Controls.UserControl..ctor()
at Kistl.GUI.Renderer.WPF.PropertyControl..ctor()
at Kistl.GUI.Renderer.WPF.EditBoolProperty..ctor() in D:\Programmierung\Kistl\Kistl.Client.WPF\Renderer.WPF\EditBoolProperty.xaml.cs:line 22
]]></stack-trace>
                                    </failure>
                                  </test-case>
                                  <test-case name="Kistl.GUI.Renderer.WPF.Tests.BoolControlTests.TestSetUpCorrect" executed="True" success="False" time="0.000" asserts="0">
                                    <failure>
                                      <message><![CDATA[System.Reflection.TargetInvocationException : Exception has been thrown by the target of an invocation.
  ----> System.InvalidOperationException : The calling thread must be STA, because many UI components require this.]]></message>
                                      <stack-trace><![CDATA[at System.RuntimeTypeHandle.CreateInstance(RuntimeType type, Boolean publicOnly, Boolean noCheck, Boolean& canBeCached, RuntimeMethodHandle& ctor, Boolean& bNeedSecurityCheck)
at System.RuntimeType.CreateInstanceSlow(Boolean publicOnly, Boolean fillCache)
at System.RuntimeType.CreateInstanceImpl(Boolean publicOnly, Boolean skipVisibilityChecks, Boolean fillCache)
at System.Activator.CreateInstance(Type type, Boolean nonPublic)
at System.Activator.CreateInstance(Type type)
at Kistl.GUI.DB.KistlGUIContext.CreateControl(ControlInfo info) in D:\Programmierung\Kistl\Kistl.Client\GUI.DB\KistlGUIContext.cs:line 51
at Kistl.GUI.Mocks.ControlHarness`1.SetUp() in D:\Programmierung\Kistl\Tests\Kistl.Client.Tests\Mocks\ControlHarness.cs:line 29
at Kistl.GUI.Tests.BasicControlTests`1.SetUp() in D:\Programmierung\Kistl\Tests\Kistl.Client.Tests\GUI\BasicControlTests.cs:line 40
at Kistl.GUI.Tests.ValueControlTests`2.AddEvents() in D:\Programmierung\Kistl\Tests\Kistl.Client.Tests\GUI\ValueControlTests.cs:line 39
--InvalidOperationException
at System.Windows.Input.InputManager..ctor()
at System.Windows.Input.InputManager.GetCurrentInputManagerImpl()
at System.Windows.Input.InputManager.get_Current()
at System.Windows.Input.KeyboardNavigation..ctor()
at System.Windows.FrameworkElement.EnsureFrameworkServices()
at System.Windows.FrameworkElement..ctor()
at System.Windows.Controls.Control..ctor()
at System.Windows.Controls.UserControl..ctor()
at Kistl.GUI.Renderer.WPF.PropertyControl..ctor()
at Kistl.GUI.Renderer.WPF.EditBoolProperty..ctor() in D:\Programmierung\Kistl\Kistl.Client.WPF\Renderer.WPF\EditBoolProperty.xaml.cs:line 22
]]></stack-trace>
                                    </failure>
                                  </test-case>
                                  <test-case name="Kistl.GUI.Renderer.WPF.Tests.BoolControlTests.TestShortLabel" executed="True" success="False" time="0.000" asserts="0">
                                    <failure>
                                      <message><![CDATA[System.Reflection.TargetInvocationException : Exception has been thrown by the target of an invocation.
  ----> System.InvalidOperationException : The calling thread must be STA, because many UI components require this.]]></message>
                                      <stack-trace><![CDATA[at System.RuntimeTypeHandle.CreateInstance(RuntimeType type, Boolean publicOnly, Boolean noCheck, Boolean& canBeCached, RuntimeMethodHandle& ctor, Boolean& bNeedSecurityCheck)
at System.RuntimeType.CreateInstanceSlow(Boolean publicOnly, Boolean fillCache)
at System.RuntimeType.CreateInstanceImpl(Boolean publicOnly, Boolean skipVisibilityChecks, Boolean fillCache)
at System.Activator.CreateInstance(Type type, Boolean nonPublic)
at System.Activator.CreateInstance(Type type)
at Kistl.GUI.DB.KistlGUIContext.CreateControl(ControlInfo info) in D:\Programmierung\Kistl\Kistl.Client\GUI.DB\KistlGUIContext.cs:line 51
at Kistl.GUI.Mocks.ControlHarness`1.SetUp() in D:\Programmierung\Kistl\Tests\Kistl.Client.Tests\Mocks\ControlHarness.cs:line 29
at Kistl.GUI.Tests.BasicControlTests`1.SetUp() in D:\Programmierung\Kistl\Tests\Kistl.Client.Tests\GUI\BasicControlTests.cs:line 40
at Kistl.GUI.Tests.ValueControlTests`2.AddEvents() in D:\Programmierung\Kistl\Tests\Kistl.Client.Tests\GUI\ValueControlTests.cs:line 39
--InvalidOperationException
at System.Windows.Input.InputManager..ctor()
at System.Windows.Input.InputManager.GetCurrentInputManagerImpl()
at System.Windows.Input.InputManager.get_Current()
at System.Windows.Input.KeyboardNavigation..ctor()
at System.Windows.FrameworkElement.EnsureFrameworkServices()
at System.Windows.FrameworkElement..ctor()
at System.Windows.Controls.Control..ctor()
at System.Windows.Controls.UserControl..ctor()
at Kistl.GUI.Renderer.WPF.PropertyControl..ctor()
at Kistl.GUI.Renderer.WPF.EditBoolProperty..ctor() in D:\Programmierung\Kistl\Kistl.Client.WPF\Renderer.WPF\EditBoolProperty.xaml.cs:line 22
]]></stack-trace>
                                    </failure>
                                  </test-case>
                                  <test-case name="Kistl.GUI.Renderer.WPF.Tests.BoolControlTests.TestUserInput" executed="True" success="False" time="0.000" asserts="0">
                                    <failure>
                                      <message><![CDATA[System.Reflection.TargetInvocationException : Exception has been thrown by the target of an invocation.
  ----> System.InvalidOperationException : The calling thread must be STA, because many UI components require this.]]></message>
                                      <stack-trace><![CDATA[at System.RuntimeTypeHandle.CreateInstance(RuntimeType type, Boolean publicOnly, Boolean noCheck, Boolean& canBeCached, RuntimeMethodHandle& ctor, Boolean& bNeedSecurityCheck)
at System.RuntimeType.CreateInstanceSlow(Boolean publicOnly, Boolean fillCache)
at System.RuntimeType.CreateInstanceImpl(Boolean publicOnly, Boolean skipVisibilityChecks, Boolean fillCache)
at System.Activator.CreateInstance(Type type, Boolean nonPublic)
at System.Activator.CreateInstance(Type type)
at Kistl.GUI.DB.KistlGUIContext.CreateControl(ControlInfo info) in D:\Programmierung\Kistl\Kistl.Client\GUI.DB\KistlGUIContext.cs:line 51
at Kistl.GUI.Mocks.ControlHarness`1.SetUp() in D:\Programmierung\Kistl\Tests\Kistl.Client.Tests\Mocks\ControlHarness.cs:line 29
at Kistl.GUI.Tests.BasicControlTests`1.SetUp() in D:\Programmierung\Kistl\Tests\Kistl.Client.Tests\GUI\BasicControlTests.cs:line 40
at Kistl.GUI.Tests.ValueControlTests`2.AddEvents() in D:\Programmierung\Kistl\Tests\Kistl.Client.Tests\GUI\ValueControlTests.cs:line 39
--InvalidOperationException
at System.Windows.Input.InputManager..ctor()
at System.Windows.Input.InputManager.GetCurrentInputManagerImpl()
at System.Windows.Input.InputManager.get_Current()
at System.Windows.Input.KeyboardNavigation..ctor()
at System.Windows.FrameworkElement.EnsureFrameworkServices()
at System.Windows.FrameworkElement..ctor()
at System.Windows.Controls.Control..ctor()
at System.Windows.Controls.UserControl..ctor()
at Kistl.GUI.Renderer.WPF.PropertyControl..ctor()
at Kistl.GUI.Renderer.WPF.EditBoolProperty..ctor() in D:\Programmierung\Kistl\Kistl.Client.WPF\Renderer.WPF\EditBoolProperty.xaml.cs:line 22
]]></stack-trace>
                                    </failure>
                                  </test-case>
                                  <test-case name="Kistl.GUI.Renderer.WPF.Tests.BoolControlTests.TestValueProgrammatically" executed="True" success="False" time="0.000" asserts="0">
                                    <failure>
                                      <message><![CDATA[System.Reflection.TargetInvocationException : Exception has been thrown by the target of an invocation.
  ----> System.InvalidOperationException : The calling thread must be STA, because many UI components require this.]]></message>
                                      <stack-trace><![CDATA[at System.RuntimeTypeHandle.CreateInstance(RuntimeType type, Boolean publicOnly, Boolean noCheck, Boolean& canBeCached, RuntimeMethodHandle& ctor, Boolean& bNeedSecurityCheck)
at System.RuntimeType.CreateInstanceSlow(Boolean publicOnly, Boolean fillCache)
at System.RuntimeType.CreateInstanceImpl(Boolean publicOnly, Boolean skipVisibilityChecks, Boolean fillCache)
at System.Activator.CreateInstance(Type type, Boolean nonPublic)
at System.Activator.CreateInstance(Type type)
at Kistl.GUI.DB.KistlGUIContext.CreateControl(ControlInfo info) in D:\Programmierung\Kistl\Kistl.Client\GUI.DB\KistlGUIContext.cs:line 51
at Kistl.GUI.Mocks.ControlHarness`1.SetUp() in D:\Programmierung\Kistl\Tests\Kistl.Client.Tests\Mocks\ControlHarness.cs:line 29
at Kistl.GUI.Tests.BasicControlTests`1.SetUp() in D:\Programmierung\Kistl\Tests\Kistl.Client.Tests\GUI\BasicControlTests.cs:line 40
at Kistl.GUI.Tests.ValueControlTests`2.AddEvents() in D:\Programmierung\Kistl\Tests\Kistl.Client.Tests\GUI\ValueControlTests.cs:line 39
--InvalidOperationException
at System.Windows.Input.InputManager..ctor()
at System.Windows.Input.InputManager.GetCurrentInputManagerImpl()
at System.Windows.Input.InputManager.get_Current()
at System.Windows.Input.KeyboardNavigation..ctor()
at System.Windows.FrameworkElement.EnsureFrameworkServices()
at System.Windows.FrameworkElement..ctor()
at System.Windows.Controls.Control..ctor()
at System.Windows.Controls.UserControl..ctor()
at Kistl.GUI.Renderer.WPF.PropertyControl..ctor()
at Kistl.GUI.Renderer.WPF.EditBoolProperty..ctor() in D:\Programmierung\Kistl\Kistl.Client.WPF\Renderer.WPF\EditBoolProperty.xaml.cs:line 22
]]></stack-trace>
                                    </failure>
                                  </test-case>
                                </results>
                              </test-suite>
                              <test-suite name="DateTimeControlTests" success="False" time="0.062" asserts="2">
                                <results>
                                  <test-case name="Kistl.GUI.Renderer.WPF.Tests.DateTimeControlTests.TestDescription" executed="True" success="False" time="0.000" asserts="0">
                                    <failure>
                                      <message><![CDATA[System.Reflection.TargetInvocationException : Exception has been thrown by the target of an invocation.
  ----> System.InvalidOperationException : The calling thread must be STA, because many UI components require this.]]></message>
                                      <stack-trace><![CDATA[at System.RuntimeTypeHandle.CreateInstance(RuntimeType type, Boolean publicOnly, Boolean noCheck, Boolean& canBeCached, RuntimeMethodHandle& ctor, Boolean& bNeedSecurityCheck)
at System.RuntimeType.CreateInstanceSlow(Boolean publicOnly, Boolean fillCache)
at System.RuntimeType.CreateInstanceImpl(Boolean publicOnly, Boolean skipVisibilityChecks, Boolean fillCache)
at System.Activator.CreateInstance(Type type, Boolean nonPublic)
at System.Activator.CreateInstance(Type type)
at Kistl.GUI.DB.KistlGUIContext.CreateControl(ControlInfo info) in D:\Programmierung\Kistl\Kistl.Client\GUI.DB\KistlGUIContext.cs:line 51
at Kistl.GUI.Mocks.ControlHarness`1.SetUp() in D:\Programmierung\Kistl\Tests\Kistl.Client.Tests\Mocks\ControlHarness.cs:line 29
at Kistl.GUI.Tests.BasicControlTests`1.SetUp() in D:\Programmierung\Kistl\Tests\Kistl.Client.Tests\GUI\BasicControlTests.cs:line 40
at Kistl.GUI.Tests.ValueControlTests`2.AddEvents() in D:\Programmierung\Kistl\Tests\Kistl.Client.Tests\GUI\ValueControlTests.cs:line 39
--InvalidOperationException
at System.Windows.Input.InputManager..ctor()
at System.Windows.Input.InputManager.GetCurrentInputManagerImpl()
at System.Windows.Input.InputManager.get_Current()
at System.Windows.Input.KeyboardNavigation..ctor()
at System.Windows.FrameworkElement.EnsureFrameworkServices()
at System.Windows.FrameworkElement..ctor()
at System.Windows.Controls.Control..ctor()
at System.Windows.Controls.UserControl..ctor()
at Kistl.GUI.Renderer.WPF.PropertyControl..ctor()
at Kistl.GUI.Renderer.WPF.EditDateTimeProperty..ctor() in D:\Programmierung\Kistl\Kistl.Client.WPF\Renderer.WPF\EditDateTimeProperty.xaml.cs:line 23
]]></stack-trace>
                                    </failure>
                                  </test-case>
                                  <test-case name="Kistl.GUI.Renderer.WPF.Tests.DateTimeControlTests.TestFieldSize" executed="True" success="False" time="0.000" asserts="0">
                                    <failure>
                                      <message><![CDATA[System.Reflection.TargetInvocationException : Exception has been thrown by the target of an invocation.
  ----> System.InvalidOperationException : The calling thread must be STA, because many UI components require this.]]></message>
                                      <stack-trace><![CDATA[at System.RuntimeTypeHandle.CreateInstance(RuntimeType type, Boolean publicOnly, Boolean noCheck, Boolean& canBeCached, RuntimeMethodHandle& ctor, Boolean& bNeedSecurityCheck)
at System.RuntimeType.CreateInstanceSlow(Boolean publicOnly, Boolean fillCache)
at System.RuntimeType.CreateInstanceImpl(Boolean publicOnly, Boolean skipVisibilityChecks, Boolean fillCache)
at System.Activator.CreateInstance(Type type, Boolean nonPublic)
at System.Activator.CreateInstance(Type type)
at Kistl.GUI.DB.KistlGUIContext.CreateControl(ControlInfo info) in D:\Programmierung\Kistl\Kistl.Client\GUI.DB\KistlGUIContext.cs:line 51
at Kistl.GUI.Mocks.ControlHarness`1.SetUp() in D:\Programmierung\Kistl\Tests\Kistl.Client.Tests\Mocks\ControlHarness.cs:line 29
at Kistl.GUI.Tests.BasicControlTests`1.SetUp() in D:\Programmierung\Kistl\Tests\Kistl.Client.Tests\GUI\BasicControlTests.cs:line 40
at Kistl.GUI.Tests.ValueControlTests`2.AddEvents() in D:\Programmierung\Kistl\Tests\Kistl.Client.Tests\GUI\ValueControlTests.cs:line 39
--InvalidOperationException
at System.Windows.Input.InputManager..ctor()
at System.Windows.Input.InputManager.GetCurrentInputManagerImpl()
at System.Windows.Input.InputManager.get_Current()
at System.Windows.Input.KeyboardNavigation..ctor()
at System.Windows.FrameworkElement.EnsureFrameworkServices()
at System.Windows.FrameworkElement..ctor()
at System.Windows.Controls.Control..ctor()
at System.Windows.Controls.UserControl..ctor()
at Kistl.GUI.Renderer.WPF.PropertyControl..ctor()
at Kistl.GUI.Renderer.WPF.EditDateTimeProperty..ctor() in D:\Programmierung\Kistl\Kistl.Client.WPF\Renderer.WPF\EditDateTimeProperty.xaml.cs:line 23
]]></stack-trace>
                                    </failure>
                                  </test-case>
                                  <test-case name="Kistl.GUI.Renderer.WPF.Tests.DateTimeControlTests.TestIsValidValue" executed="True" success="False" time="0.000" asserts="0">
                                    <failure>
                                      <message><![CDATA[System.Reflection.TargetInvocationException : Exception has been thrown by the target of an invocation.
  ----> System.InvalidOperationException : The calling thread must be STA, because many UI components require this.]]></message>
                                      <stack-trace><![CDATA[at System.RuntimeTypeHandle.CreateInstance(RuntimeType type, Boolean publicOnly, Boolean noCheck, Boolean& canBeCached, RuntimeMethodHandle& ctor, Boolean& bNeedSecurityCheck)
at System.RuntimeType.CreateInstanceSlow(Boolean publicOnly, Boolean fillCache)
at System.RuntimeType.CreateInstanceImpl(Boolean publicOnly, Boolean skipVisibilityChecks, Boolean fillCache)
at System.Activator.CreateInstance(Type type, Boolean nonPublic)
at System.Activator.CreateInstance(Type type)
at Kistl.GUI.DB.KistlGUIContext.CreateControl(ControlInfo info) in D:\Programmierung\Kistl\Kistl.Client\GUI.DB\KistlGUIContext.cs:line 51
at Kistl.GUI.Mocks.ControlHarness`1.SetUp() in D:\Programmierung\Kistl\Tests\Kistl.Client.Tests\Mocks\ControlHarness.cs:line 29
at Kistl.GUI.Tests.BasicControlTests`1.SetUp() in D:\Programmierung\Kistl\Tests\Kistl.Client.Tests\GUI\BasicControlTests.cs:line 40
at Kistl.GUI.Tests.ValueControlTests`2.AddEvents() in D:\Programmierung\Kistl\Tests\Kistl.Client.Tests\GUI\ValueControlTests.cs:line 39
--InvalidOperationException
at System.Windows.Input.InputManager..ctor()
at System.Windows.Input.InputManager.GetCurrentInputManagerImpl()
at System.Windows.Input.InputManager.get_Current()
at System.Windows.Input.KeyboardNavigation..ctor()
at System.Windows.FrameworkElement.EnsureFrameworkServices()
at System.Windows.FrameworkElement..ctor()
at System.Windows.Controls.Control..ctor()
at System.Windows.Controls.UserControl..ctor()
at Kistl.GUI.Renderer.WPF.PropertyControl..ctor()
at Kistl.GUI.Renderer.WPF.EditDateTimeProperty..ctor() in D:\Programmierung\Kistl\Kistl.Client.WPF\Renderer.WPF\EditDateTimeProperty.xaml.cs:line 23
]]></stack-trace>
                                    </failure>
                                  </test-case>
                                  <test-case name="Kistl.GUI.Renderer.WPF.Tests.DateTimeControlTests.TestSetUpCorrect" executed="True" success="False" time="0.000" asserts="0">
                                    <failure>
                                      <message><![CDATA[System.Reflection.TargetInvocationException : Exception has been thrown by the target of an invocation.
  ----> System.InvalidOperationException : The calling thread must be STA, because many UI components require this.]]></message>
                                      <stack-trace><![CDATA[at System.RuntimeTypeHandle.CreateInstance(RuntimeType type, Boolean publicOnly, Boolean noCheck, Boolean& canBeCached, RuntimeMethodHandle& ctor, Boolean& bNeedSecurityCheck)
at System.RuntimeType.CreateInstanceSlow(Boolean publicOnly, Boolean fillCache)
at System.RuntimeType.CreateInstanceImpl(Boolean publicOnly, Boolean skipVisibilityChecks, Boolean fillCache)
at System.Activator.CreateInstance(Type type, Boolean nonPublic)
at System.Activator.CreateInstance(Type type)
at Kistl.GUI.DB.KistlGUIContext.CreateControl(ControlInfo info) in D:\Programmierung\Kistl\Kistl.Client\GUI.DB\KistlGUIContext.cs:line 51
at Kistl.GUI.Mocks.ControlHarness`1.SetUp() in D:\Programmierung\Kistl\Tests\Kistl.Client.Tests\Mocks\ControlHarness.cs:line 29
at Kistl.GUI.Tests.BasicControlTests`1.SetUp() in D:\Programmierung\Kistl\Tests\Kistl.Client.Tests\GUI\BasicControlTests.cs:line 40
at Kistl.GUI.Tests.ValueControlTests`2.AddEvents() in D:\Programmierung\Kistl\Tests\Kistl.Client.Tests\GUI\ValueControlTests.cs:line 39
--InvalidOperationException
at System.Windows.Input.InputManager..ctor()
at System.Windows.Input.InputManager.GetCurrentInputManagerImpl()
at System.Windows.Input.InputManager.get_Current()
at System.Windows.Input.KeyboardNavigation..ctor()
at System.Windows.FrameworkElement.EnsureFrameworkServices()
at System.Windows.FrameworkElement..ctor()
at System.Windows.Controls.Control..ctor()
at System.Windows.Controls.UserControl..ctor()
at Kistl.GUI.Renderer.WPF.PropertyControl..ctor()
at Kistl.GUI.Renderer.WPF.EditDateTimeProperty..ctor() in D:\Programmierung\Kistl\Kistl.Client.WPF\Renderer.WPF\EditDateTimeProperty.xaml.cs:line 23
]]></stack-trace>
                                    </failure>
                                  </test-case>
                                  <test-case name="Kistl.GUI.Renderer.WPF.Tests.DateTimeControlTests.TestShortLabel" executed="True" success="False" time="0.000" asserts="0">
                                    <failure>
                                      <message><![CDATA[System.Reflection.TargetInvocationException : Exception has been thrown by the target of an invocation.
  ----> System.InvalidOperationException : The calling thread must be STA, because many UI components require this.]]></message>
                                      <stack-trace><![CDATA[at System.RuntimeTypeHandle.CreateInstance(RuntimeType type, Boolean publicOnly, Boolean noCheck, Boolean& canBeCached, RuntimeMethodHandle& ctor, Boolean& bNeedSecurityCheck)
at System.RuntimeType.CreateInstanceSlow(Boolean publicOnly, Boolean fillCache)
at System.RuntimeType.CreateInstanceImpl(Boolean publicOnly, Boolean skipVisibilityChecks, Boolean fillCache)
at System.Activator.CreateInstance(Type type, Boolean nonPublic)
at System.Activator.CreateInstance(Type type)
at Kistl.GUI.DB.KistlGUIContext.CreateControl(ControlInfo info) in D:\Programmierung\Kistl\Kistl.Client\GUI.DB\KistlGUIContext.cs:line 51
at Kistl.GUI.Mocks.ControlHarness`1.SetUp() in D:\Programmierung\Kistl\Tests\Kistl.Client.Tests\Mocks\ControlHarness.cs:line 29
at Kistl.GUI.Tests.BasicControlTests`1.SetUp() in D:\Programmierung\Kistl\Tests\Kistl.Client.Tests\GUI\BasicControlTests.cs:line 40
at Kistl.GUI.Tests.ValueControlTests`2.AddEvents() in D:\Programmierung\Kistl\Tests\Kistl.Client.Tests\GUI\ValueControlTests.cs:line 39
--InvalidOperationException
at System.Windows.Input.InputManager..ctor()
at System.Windows.Input.InputManager.GetCurrentInputManagerImpl()
at System.Windows.Input.InputManager.get_Current()
at System.Windows.Input.KeyboardNavigation..ctor()
at System.Windows.FrameworkElement.EnsureFrameworkServices()
at System.Windows.FrameworkElement..ctor()
at System.Windows.Controls.Control..ctor()
at System.Windows.Controls.UserControl..ctor()
at Kistl.GUI.Renderer.WPF.PropertyControl..ctor()
at Kistl.GUI.Renderer.WPF.EditDateTimeProperty..ctor() in D:\Programmierung\Kistl\Kistl.Client.WPF\Renderer.WPF\EditDateTimeProperty.xaml.cs:line 23
]]></stack-trace>
                                    </failure>
                                  </test-case>
                                  <test-case name="Kistl.GUI.Renderer.WPF.Tests.DateTimeControlTests.TestUserInput" executed="True" success="False" time="0.000" asserts="0">
                                    <failure>
                                      <message><![CDATA[System.Reflection.TargetInvocationException : Exception has been thrown by the target of an invocation.
  ----> System.InvalidOperationException : The calling thread must be STA, because many UI components require this.]]></message>
                                      <stack-trace><![CDATA[at System.RuntimeTypeHandle.CreateInstance(RuntimeType type, Boolean publicOnly, Boolean noCheck, Boolean& canBeCached, RuntimeMethodHandle& ctor, Boolean& bNeedSecurityCheck)
at System.RuntimeType.CreateInstanceSlow(Boolean publicOnly, Boolean fillCache)
at System.RuntimeType.CreateInstanceImpl(Boolean publicOnly, Boolean skipVisibilityChecks, Boolean fillCache)
at System.Activator.CreateInstance(Type type, Boolean nonPublic)
at System.Activator.CreateInstance(Type type)
at Kistl.GUI.DB.KistlGUIContext.CreateControl(ControlInfo info) in D:\Programmierung\Kistl\Kistl.Client\GUI.DB\KistlGUIContext.cs:line 51
at Kistl.GUI.Mocks.ControlHarness`1.SetUp() in D:\Programmierung\Kistl\Tests\Kistl.Client.Tests\Mocks\ControlHarness.cs:line 29
at Kistl.GUI.Tests.BasicControlTests`1.SetUp() in D:\Programmierung\Kistl\Tests\Kistl.Client.Tests\GUI\BasicControlTests.cs:line 40
at Kistl.GUI.Tests.ValueControlTests`2.AddEvents() in D:\Programmierung\Kistl\Tests\Kistl.Client.Tests\GUI\ValueControlTests.cs:line 39
--InvalidOperationException
at System.Windows.Input.InputManager..ctor()
at System.Windows.Input.InputManager.GetCurrentInputManagerImpl()
at System.Windows.Input.InputManager.get_Current()
at System.Windows.Input.KeyboardNavigation..ctor()
at System.Windows.FrameworkElement.EnsureFrameworkServices()
at System.Windows.FrameworkElement..ctor()
at System.Windows.Controls.Control..ctor()
at System.Windows.Controls.UserControl..ctor()
at Kistl.GUI.Renderer.WPF.PropertyControl..ctor()
at Kistl.GUI.Renderer.WPF.EditDateTimeProperty..ctor() in D:\Programmierung\Kistl\Kistl.Client.WPF\Renderer.WPF\EditDateTimeProperty.xaml.cs:line 23
]]></stack-trace>
                                    </failure>
                                  </test-case>
                                  <test-case name="Kistl.GUI.Renderer.WPF.Tests.DateTimeControlTests.TestValueProgrammatically" executed="True" success="False" time="0.016" asserts="0">
                                    <failure>
                                      <message><![CDATA[System.Reflection.TargetInvocationException : Exception has been thrown by the target of an invocation.
  ----> System.InvalidOperationException : The calling thread must be STA, because many UI components require this.]]></message>
                                      <stack-trace><![CDATA[at System.RuntimeTypeHandle.CreateInstance(RuntimeType type, Boolean publicOnly, Boolean noCheck, Boolean& canBeCached, RuntimeMethodHandle& ctor, Boolean& bNeedSecurityCheck)
at System.RuntimeType.CreateInstanceSlow(Boolean publicOnly, Boolean fillCache)
at System.RuntimeType.CreateInstanceImpl(Boolean publicOnly, Boolean skipVisibilityChecks, Boolean fillCache)
at System.Activator.CreateInstance(Type type, Boolean nonPublic)
at System.Activator.CreateInstance(Type type)
at Kistl.GUI.DB.KistlGUIContext.CreateControl(ControlInfo info) in D:\Programmierung\Kistl\Kistl.Client\GUI.DB\KistlGUIContext.cs:line 51
at Kistl.GUI.Mocks.ControlHarness`1.SetUp() in D:\Programmierung\Kistl\Tests\Kistl.Client.Tests\Mocks\ControlHarness.cs:line 29
at Kistl.GUI.Tests.BasicControlTests`1.SetUp() in D:\Programmierung\Kistl\Tests\Kistl.Client.Tests\GUI\BasicControlTests.cs:line 40
at Kistl.GUI.Tests.ValueControlTests`2.AddEvents() in D:\Programmierung\Kistl\Tests\Kistl.Client.Tests\GUI\ValueControlTests.cs:line 39
--InvalidOperationException
at System.Windows.Input.InputManager..ctor()
at System.Windows.Input.InputManager.GetCurrentInputManagerImpl()
at System.Windows.Input.InputManager.get_Current()
at System.Windows.Input.KeyboardNavigation..ctor()
at System.Windows.FrameworkElement.EnsureFrameworkServices()
at System.Windows.FrameworkElement..ctor()
at System.Windows.Controls.Control..ctor()
at System.Windows.Controls.UserControl..ctor()
at Kistl.GUI.Renderer.WPF.PropertyControl..ctor()
at Kistl.GUI.Renderer.WPF.EditDateTimeProperty..ctor() in D:\Programmierung\Kistl\Kistl.Client.WPF\Renderer.WPF\EditDateTimeProperty.xaml.cs:line 23
]]></stack-trace>
                                    </failure>
                                  </test-case>
                                </results>
                              </test-suite>
                              <test-suite name="DoubleControlTests" success="False" time="0.062" asserts="2">
                                <results>
                                  <test-case name="Kistl.GUI.Renderer.WPF.Tests.DoubleControlTests.TestDescription" executed="True" success="False" time="0.000" asserts="0">
                                    <failure>
                                      <message><![CDATA[System.Reflection.TargetInvocationException : Exception has been thrown by the target of an invocation.
  ----> System.InvalidOperationException : The calling thread must be STA, because many UI components require this.]]></message>
                                      <stack-trace><![CDATA[at System.RuntimeTypeHandle.CreateInstance(RuntimeType type, Boolean publicOnly, Boolean noCheck, Boolean& canBeCached, RuntimeMethodHandle& ctor, Boolean& bNeedSecurityCheck)
at System.RuntimeType.CreateInstanceSlow(Boolean publicOnly, Boolean fillCache)
at System.RuntimeType.CreateInstanceImpl(Boolean publicOnly, Boolean skipVisibilityChecks, Boolean fillCache)
at System.Activator.CreateInstance(Type type, Boolean nonPublic)
at System.Activator.CreateInstance(Type type)
at Kistl.GUI.DB.KistlGUIContext.CreateControl(ControlInfo info) in D:\Programmierung\Kistl\Kistl.Client\GUI.DB\KistlGUIContext.cs:line 51
at Kistl.GUI.Mocks.ControlHarness`1.SetUp() in D:\Programmierung\Kistl\Tests\Kistl.Client.Tests\Mocks\ControlHarness.cs:line 29
at Kistl.GUI.Tests.BasicControlTests`1.SetUp() in D:\Programmierung\Kistl\Tests\Kistl.Client.Tests\GUI\BasicControlTests.cs:line 40
at Kistl.GUI.Tests.ValueControlTests`2.AddEvents() in D:\Programmierung\Kistl\Tests\Kistl.Client.Tests\GUI\ValueControlTests.cs:line 39
--InvalidOperationException
at System.Windows.Input.InputManager..ctor()
at System.Windows.Input.InputManager.GetCurrentInputManagerImpl()
at System.Windows.Input.InputManager.get_Current()
at System.Windows.Input.KeyboardNavigation..ctor()
at System.Windows.FrameworkElement.EnsureFrameworkServices()
at System.Windows.FrameworkElement..ctor()
at System.Windows.Controls.Control..ctor()
at System.Windows.Controls.UserControl..ctor()
at Kistl.GUI.Renderer.WPF.PropertyControl..ctor()
at Kistl.GUI.Renderer.WPF.EditDoubleProperty..ctor() in D:\Programmierung\Kistl\Kistl.Client.WPF\Renderer.WPF\EditDoubleProperty.xaml.cs:line 23
]]></stack-trace>
                                    </failure>
                                  </test-case>
                                  <test-case name="Kistl.GUI.Renderer.WPF.Tests.DoubleControlTests.TestFieldSize" executed="True" success="False" time="0.000" asserts="0">
                                    <failure>
                                      <message><![CDATA[System.Reflection.TargetInvocationException : Exception has been thrown by the target of an invocation.
  ----> System.InvalidOperationException : The calling thread must be STA, because many UI components require this.]]></message>
                                      <stack-trace><![CDATA[at System.RuntimeTypeHandle.CreateInstance(RuntimeType type, Boolean publicOnly, Boolean noCheck, Boolean& canBeCached, RuntimeMethodHandle& ctor, Boolean& bNeedSecurityCheck)
at System.RuntimeType.CreateInstanceSlow(Boolean publicOnly, Boolean fillCache)
at System.RuntimeType.CreateInstanceImpl(Boolean publicOnly, Boolean skipVisibilityChecks, Boolean fillCache)
at System.Activator.CreateInstance(Type type, Boolean nonPublic)
at System.Activator.CreateInstance(Type type)
at Kistl.GUI.DB.KistlGUIContext.CreateControl(ControlInfo info) in D:\Programmierung\Kistl\Kistl.Client\GUI.DB\KistlGUIContext.cs:line 51
at Kistl.GUI.Mocks.ControlHarness`1.SetUp() in D:\Programmierung\Kistl\Tests\Kistl.Client.Tests\Mocks\ControlHarness.cs:line 29
at Kistl.GUI.Tests.BasicControlTests`1.SetUp() in D:\Programmierung\Kistl\Tests\Kistl.Client.Tests\GUI\BasicControlTests.cs:line 40
at Kistl.GUI.Tests.ValueControlTests`2.AddEvents() in D:\Programmierung\Kistl\Tests\Kistl.Client.Tests\GUI\ValueControlTests.cs:line 39
--InvalidOperationException
at System.Windows.Input.InputManager..ctor()
at System.Windows.Input.InputManager.GetCurrentInputManagerImpl()
at System.Windows.Input.InputManager.get_Current()
at System.Windows.Input.KeyboardNavigation..ctor()
at System.Windows.FrameworkElement.EnsureFrameworkServices()
at System.Windows.FrameworkElement..ctor()
at System.Windows.Controls.Control..ctor()
at System.Windows.Controls.UserControl..ctor()
at Kistl.GUI.Renderer.WPF.PropertyControl..ctor()
at Kistl.GUI.Renderer.WPF.EditDoubleProperty..ctor() in D:\Programmierung\Kistl\Kistl.Client.WPF\Renderer.WPF\EditDoubleProperty.xaml.cs:line 23
]]></stack-trace>
                                    </failure>
                                  </test-case>
                                  <test-case name="Kistl.GUI.Renderer.WPF.Tests.DoubleControlTests.TestIsValidValue" executed="True" success="False" time="0.000" asserts="0">
                                    <failure>
                                      <message><![CDATA[System.Reflection.TargetInvocationException : Exception has been thrown by the target of an invocation.
  ----> System.InvalidOperationException : The calling thread must be STA, because many UI components require this.]]></message>
                                      <stack-trace><![CDATA[at System.RuntimeTypeHandle.CreateInstance(RuntimeType type, Boolean publicOnly, Boolean noCheck, Boolean& canBeCached, RuntimeMethodHandle& ctor, Boolean& bNeedSecurityCheck)
at System.RuntimeType.CreateInstanceSlow(Boolean publicOnly, Boolean fillCache)
at System.RuntimeType.CreateInstanceImpl(Boolean publicOnly, Boolean skipVisibilityChecks, Boolean fillCache)
at System.Activator.CreateInstance(Type type, Boolean nonPublic)
at System.Activator.CreateInstance(Type type)
at Kistl.GUI.DB.KistlGUIContext.CreateControl(ControlInfo info) in D:\Programmierung\Kistl\Kistl.Client\GUI.DB\KistlGUIContext.cs:line 51
at Kistl.GUI.Mocks.ControlHarness`1.SetUp() in D:\Programmierung\Kistl\Tests\Kistl.Client.Tests\Mocks\ControlHarness.cs:line 29
at Kistl.GUI.Tests.BasicControlTests`1.SetUp() in D:\Programmierung\Kistl\Tests\Kistl.Client.Tests\GUI\BasicControlTests.cs:line 40
at Kistl.GUI.Tests.ValueControlTests`2.AddEvents() in D:\Programmierung\Kistl\Tests\Kistl.Client.Tests\GUI\ValueControlTests.cs:line 39
--InvalidOperationException
at System.Windows.Input.InputManager..ctor()
at System.Windows.Input.InputManager.GetCurrentInputManagerImpl()
at System.Windows.Input.InputManager.get_Current()
at System.Windows.Input.KeyboardNavigation..ctor()
at System.Windows.FrameworkElement.EnsureFrameworkServices()
at System.Windows.FrameworkElement..ctor()
at System.Windows.Controls.Control..ctor()
at System.Windows.Controls.UserControl..ctor()
at Kistl.GUI.Renderer.WPF.PropertyControl..ctor()
at Kistl.GUI.Renderer.WPF.EditDoubleProperty..ctor() in D:\Programmierung\Kistl\Kistl.Client.WPF\Renderer.WPF\EditDoubleProperty.xaml.cs:line 23
]]></stack-trace>
                                    </failure>
                                  </test-case>
                                  <test-case name="Kistl.GUI.Renderer.WPF.Tests.DoubleControlTests.TestSetUpCorrect" executed="True" success="False" time="0.000" asserts="0">
                                    <failure>
                                      <message><![CDATA[System.Reflection.TargetInvocationException : Exception has been thrown by the target of an invocation.
  ----> System.InvalidOperationException : The calling thread must be STA, because many UI components require this.]]></message>
                                      <stack-trace><![CDATA[at System.RuntimeTypeHandle.CreateInstance(RuntimeType type, Boolean publicOnly, Boolean noCheck, Boolean& canBeCached, RuntimeMethodHandle& ctor, Boolean& bNeedSecurityCheck)
at System.RuntimeType.CreateInstanceSlow(Boolean publicOnly, Boolean fillCache)
at System.RuntimeType.CreateInstanceImpl(Boolean publicOnly, Boolean skipVisibilityChecks, Boolean fillCache)
at System.Activator.CreateInstance(Type type, Boolean nonPublic)
at System.Activator.CreateInstance(Type type)
at Kistl.GUI.DB.KistlGUIContext.CreateControl(ControlInfo info) in D:\Programmierung\Kistl\Kistl.Client\GUI.DB\KistlGUIContext.cs:line 51
at Kistl.GUI.Mocks.ControlHarness`1.SetUp() in D:\Programmierung\Kistl\Tests\Kistl.Client.Tests\Mocks\ControlHarness.cs:line 29
at Kistl.GUI.Tests.BasicControlTests`1.SetUp() in D:\Programmierung\Kistl\Tests\Kistl.Client.Tests\GUI\BasicControlTests.cs:line 40
at Kistl.GUI.Tests.ValueControlTests`2.AddEvents() in D:\Programmierung\Kistl\Tests\Kistl.Client.Tests\GUI\ValueControlTests.cs:line 39
--InvalidOperationException
at System.Windows.Input.InputManager..ctor()
at System.Windows.Input.InputManager.GetCurrentInputManagerImpl()
at System.Windows.Input.InputManager.get_Current()
at System.Windows.Input.KeyboardNavigation..ctor()
at System.Windows.FrameworkElement.EnsureFrameworkServices()
at System.Windows.FrameworkElement..ctor()
at System.Windows.Controls.Control..ctor()
at System.Windows.Controls.UserControl..ctor()
at Kistl.GUI.Renderer.WPF.PropertyControl..ctor()
at Kistl.GUI.Renderer.WPF.EditDoubleProperty..ctor() in D:\Programmierung\Kistl\Kistl.Client.WPF\Renderer.WPF\EditDoubleProperty.xaml.cs:line 23
]]></stack-trace>
                                    </failure>
                                  </test-case>
                                  <test-case name="Kistl.GUI.Renderer.WPF.Tests.DoubleControlTests.TestShortLabel" executed="True" success="False" time="0.000" asserts="0">
                                    <failure>
                                      <message><![CDATA[System.Reflection.TargetInvocationException : Exception has been thrown by the target of an invocation.
  ----> System.InvalidOperationException : The calling thread must be STA, because many UI components require this.]]></message>
                                      <stack-trace><![CDATA[at System.RuntimeTypeHandle.CreateInstance(RuntimeType type, Boolean publicOnly, Boolean noCheck, Boolean& canBeCached, RuntimeMethodHandle& ctor, Boolean& bNeedSecurityCheck)
at System.RuntimeType.CreateInstanceSlow(Boolean publicOnly, Boolean fillCache)
at System.RuntimeType.CreateInstanceImpl(Boolean publicOnly, Boolean skipVisibilityChecks, Boolean fillCache)
at System.Activator.CreateInstance(Type type, Boolean nonPublic)
at System.Activator.CreateInstance(Type type)
at Kistl.GUI.DB.KistlGUIContext.CreateControl(ControlInfo info) in D:\Programmierung\Kistl\Kistl.Client\GUI.DB\KistlGUIContext.cs:line 51
at Kistl.GUI.Mocks.ControlHarness`1.SetUp() in D:\Programmierung\Kistl\Tests\Kistl.Client.Tests\Mocks\ControlHarness.cs:line 29
at Kistl.GUI.Tests.BasicControlTests`1.SetUp() in D:\Programmierung\Kistl\Tests\Kistl.Client.Tests\GUI\BasicControlTests.cs:line 40
at Kistl.GUI.Tests.ValueControlTests`2.AddEvents() in D:\Programmierung\Kistl\Tests\Kistl.Client.Tests\GUI\ValueControlTests.cs:line 39
--InvalidOperationException
at System.Windows.Input.InputManager..ctor()
at System.Windows.Input.InputManager.GetCurrentInputManagerImpl()
at System.Windows.Input.InputManager.get_Current()
at System.Windows.Input.KeyboardNavigation..ctor()
at System.Windows.FrameworkElement.EnsureFrameworkServices()
at System.Windows.FrameworkElement..ctor()
at System.Windows.Controls.Control..ctor()
at System.Windows.Controls.UserControl..ctor()
at Kistl.GUI.Renderer.WPF.PropertyControl..ctor()
at Kistl.GUI.Renderer.WPF.EditDoubleProperty..ctor() in D:\Programmierung\Kistl\Kistl.Client.WPF\Renderer.WPF\EditDoubleProperty.xaml.cs:line 23
]]></stack-trace>
                                    </failure>
                                  </test-case>
                                  <test-case name="Kistl.GUI.Renderer.WPF.Tests.DoubleControlTests.TestUserInput" executed="True" success="False" time="0.000" asserts="0">
                                    <failure>
                                      <message><![CDATA[System.Reflection.TargetInvocationException : Exception has been thrown by the target of an invocation.
  ----> System.InvalidOperationException : The calling thread must be STA, because many UI components require this.]]></message>
                                      <stack-trace><![CDATA[at System.RuntimeTypeHandle.CreateInstance(RuntimeType type, Boolean publicOnly, Boolean noCheck, Boolean& canBeCached, RuntimeMethodHandle& ctor, Boolean& bNeedSecurityCheck)
at System.RuntimeType.CreateInstanceSlow(Boolean publicOnly, Boolean fillCache)
at System.RuntimeType.CreateInstanceImpl(Boolean publicOnly, Boolean skipVisibilityChecks, Boolean fillCache)
at System.Activator.CreateInstance(Type type, Boolean nonPublic)
at System.Activator.CreateInstance(Type type)
at Kistl.GUI.DB.KistlGUIContext.CreateControl(ControlInfo info) in D:\Programmierung\Kistl\Kistl.Client\GUI.DB\KistlGUIContext.cs:line 51
at Kistl.GUI.Mocks.ControlHarness`1.SetUp() in D:\Programmierung\Kistl\Tests\Kistl.Client.Tests\Mocks\ControlHarness.cs:line 29
at Kistl.GUI.Tests.BasicControlTests`1.SetUp() in D:\Programmierung\Kistl\Tests\Kistl.Client.Tests\GUI\BasicControlTests.cs:line 40
at Kistl.GUI.Tests.ValueControlTests`2.AddEvents() in D:\Programmierung\Kistl\Tests\Kistl.Client.Tests\GUI\ValueControlTests.cs:line 39
--InvalidOperationException
at System.Windows.Input.InputManager..ctor()
at System.Windows.Input.InputManager.GetCurrentInputManagerImpl()
at System.Windows.Input.InputManager.get_Current()
at System.Windows.Input.KeyboardNavigation..ctor()
at System.Windows.FrameworkElement.EnsureFrameworkServices()
at System.Windows.FrameworkElement..ctor()
at System.Windows.Controls.Control..ctor()
at System.Windows.Controls.UserControl..ctor()
at Kistl.GUI.Renderer.WPF.PropertyControl..ctor()
at Kistl.GUI.Renderer.WPF.EditDoubleProperty..ctor() in D:\Programmierung\Kistl\Kistl.Client.WPF\Renderer.WPF\EditDoubleProperty.xaml.cs:line 23
]]></stack-trace>
                                    </failure>
                                  </test-case>
                                  <test-case name="Kistl.GUI.Renderer.WPF.Tests.DoubleControlTests.TestValueProgrammatically" executed="True" success="False" time="0.000" asserts="0">
                                    <failure>
                                      <message><![CDATA[System.Reflection.TargetInvocationException : Exception has been thrown by the target of an invocation.
  ----> System.InvalidOperationException : The calling thread must be STA, because many UI components require this.]]></message>
                                      <stack-trace><![CDATA[at System.RuntimeTypeHandle.CreateInstance(RuntimeType type, Boolean publicOnly, Boolean noCheck, Boolean& canBeCached, RuntimeMethodHandle& ctor, Boolean& bNeedSecurityCheck)
at System.RuntimeType.CreateInstanceSlow(Boolean publicOnly, Boolean fillCache)
at System.RuntimeType.CreateInstanceImpl(Boolean publicOnly, Boolean skipVisibilityChecks, Boolean fillCache)
at System.Activator.CreateInstance(Type type, Boolean nonPublic)
at System.Activator.CreateInstance(Type type)
at Kistl.GUI.DB.KistlGUIContext.CreateControl(ControlInfo info) in D:\Programmierung\Kistl\Kistl.Client\GUI.DB\KistlGUIContext.cs:line 51
at Kistl.GUI.Mocks.ControlHarness`1.SetUp() in D:\Programmierung\Kistl\Tests\Kistl.Client.Tests\Mocks\ControlHarness.cs:line 29
at Kistl.GUI.Tests.BasicControlTests`1.SetUp() in D:\Programmierung\Kistl\Tests\Kistl.Client.Tests\GUI\BasicControlTests.cs:line 40
at Kistl.GUI.Tests.ValueControlTests`2.AddEvents() in D:\Programmierung\Kistl\Tests\Kistl.Client.Tests\GUI\ValueControlTests.cs:line 39
--InvalidOperationException
at System.Windows.Input.InputManager..ctor()
at System.Windows.Input.InputManager.GetCurrentInputManagerImpl()
at System.Windows.Input.InputManager.get_Current()
at System.Windows.Input.KeyboardNavigation..ctor()
at System.Windows.FrameworkElement.EnsureFrameworkServices()
at System.Windows.FrameworkElement..ctor()
at System.Windows.Controls.Control..ctor()
at System.Windows.Controls.UserControl..ctor()
at Kistl.GUI.Renderer.WPF.PropertyControl..ctor()
at Kistl.GUI.Renderer.WPF.EditDoubleProperty..ctor() in D:\Programmierung\Kistl\Kistl.Client.WPF\Renderer.WPF\EditDoubleProperty.xaml.cs:line 23
]]></stack-trace>
                                    </failure>
                                  </test-case>
                                </results>
                              </test-suite>
                              <test-suite name="IntControlTests" success="False" time="0.062" asserts="2">
                                <results>
                                  <test-case name="Kistl.GUI.Renderer.WPF.Tests.IntControlTests.TestDescription" executed="True" success="False" time="0.000" asserts="0">
                                    <failure>
                                      <message><![CDATA[System.Reflection.TargetInvocationException : Exception has been thrown by the target of an invocation.
  ----> System.InvalidOperationException : The calling thread must be STA, because many UI components require this.]]></message>
                                      <stack-trace><![CDATA[at System.RuntimeTypeHandle.CreateInstance(RuntimeType type, Boolean publicOnly, Boolean noCheck, Boolean& canBeCached, RuntimeMethodHandle& ctor, Boolean& bNeedSecurityCheck)
at System.RuntimeType.CreateInstanceSlow(Boolean publicOnly, Boolean fillCache)
at System.RuntimeType.CreateInstanceImpl(Boolean publicOnly, Boolean skipVisibilityChecks, Boolean fillCache)
at System.Activator.CreateInstance(Type type, Boolean nonPublic)
at System.Activator.CreateInstance(Type type)
at Kistl.GUI.DB.KistlGUIContext.CreateControl(ControlInfo info) in D:\Programmierung\Kistl\Kistl.Client\GUI.DB\KistlGUIContext.cs:line 51
at Kistl.GUI.Mocks.ControlHarness`1.SetUp() in D:\Programmierung\Kistl\Tests\Kistl.Client.Tests\Mocks\ControlHarness.cs:line 29
at Kistl.GUI.Tests.BasicControlTests`1.SetUp() in D:\Programmierung\Kistl\Tests\Kistl.Client.Tests\GUI\BasicControlTests.cs:line 40
at Kistl.GUI.Tests.ValueControlTests`2.AddEvents() in D:\Programmierung\Kistl\Tests\Kistl.Client.Tests\GUI\ValueControlTests.cs:line 39
--InvalidOperationException
at System.Windows.Input.InputManager..ctor()
at System.Windows.Input.InputManager.GetCurrentInputManagerImpl()
at System.Windows.Input.InputManager.get_Current()
at System.Windows.Input.KeyboardNavigation..ctor()
at System.Windows.FrameworkElement.EnsureFrameworkServices()
at System.Windows.FrameworkElement..ctor()
at System.Windows.Controls.Control..ctor()
at System.Windows.Controls.UserControl..ctor()
at Kistl.GUI.Renderer.WPF.PropertyControl..ctor()
at Kistl.GUI.Renderer.WPF.EditIntProperty..ctor() in D:\Programmierung\Kistl\Kistl.Client.WPF\Renderer.WPF\EditIntProperty.xaml.cs:line 22
]]></stack-trace>
                                    </failure>
                                  </test-case>
                                  <test-case name="Kistl.GUI.Renderer.WPF.Tests.IntControlTests.TestFieldSize" executed="True" success="False" time="0.000" asserts="0">
                                    <failure>
                                      <message><![CDATA[System.Reflection.TargetInvocationException : Exception has been thrown by the target of an invocation.
  ----> System.InvalidOperationException : The calling thread must be STA, because many UI components require this.]]></message>
                                      <stack-trace><![CDATA[at System.RuntimeTypeHandle.CreateInstance(RuntimeType type, Boolean publicOnly, Boolean noCheck, Boolean& canBeCached, RuntimeMethodHandle& ctor, Boolean& bNeedSecurityCheck)
at System.RuntimeType.CreateInstanceSlow(Boolean publicOnly, Boolean fillCache)
at System.RuntimeType.CreateInstanceImpl(Boolean publicOnly, Boolean skipVisibilityChecks, Boolean fillCache)
at System.Activator.CreateInstance(Type type, Boolean nonPublic)
at System.Activator.CreateInstance(Type type)
at Kistl.GUI.DB.KistlGUIContext.CreateControl(ControlInfo info) in D:\Programmierung\Kistl\Kistl.Client\GUI.DB\KistlGUIContext.cs:line 51
at Kistl.GUI.Mocks.ControlHarness`1.SetUp() in D:\Programmierung\Kistl\Tests\Kistl.Client.Tests\Mocks\ControlHarness.cs:line 29
at Kistl.GUI.Tests.BasicControlTests`1.SetUp() in D:\Programmierung\Kistl\Tests\Kistl.Client.Tests\GUI\BasicControlTests.cs:line 40
at Kistl.GUI.Tests.ValueControlTests`2.AddEvents() in D:\Programmierung\Kistl\Tests\Kistl.Client.Tests\GUI\ValueControlTests.cs:line 39
--InvalidOperationException
at System.Windows.Input.InputManager..ctor()
at System.Windows.Input.InputManager.GetCurrentInputManagerImpl()
at System.Windows.Input.InputManager.get_Current()
at System.Windows.Input.KeyboardNavigation..ctor()
at System.Windows.FrameworkElement.EnsureFrameworkServices()
at System.Windows.FrameworkElement..ctor()
at System.Windows.Controls.Control..ctor()
at System.Windows.Controls.UserControl..ctor()
at Kistl.GUI.Renderer.WPF.PropertyControl..ctor()
at Kistl.GUI.Renderer.WPF.EditIntProperty..ctor() in D:\Programmierung\Kistl\Kistl.Client.WPF\Renderer.WPF\EditIntProperty.xaml.cs:line 22
]]></stack-trace>
                                    </failure>
                                  </test-case>
                                  <test-case name="Kistl.GUI.Renderer.WPF.Tests.IntControlTests.TestIsValidValue" executed="True" success="False" time="0.000" asserts="0">
                                    <failure>
                                      <message><![CDATA[System.Reflection.TargetInvocationException : Exception has been thrown by the target of an invocation.
  ----> System.InvalidOperationException : The calling thread must be STA, because many UI components require this.]]></message>
                                      <stack-trace><![CDATA[at System.RuntimeTypeHandle.CreateInstance(RuntimeType type, Boolean publicOnly, Boolean noCheck, Boolean& canBeCached, RuntimeMethodHandle& ctor, Boolean& bNeedSecurityCheck)
at System.RuntimeType.CreateInstanceSlow(Boolean publicOnly, Boolean fillCache)
at System.RuntimeType.CreateInstanceImpl(Boolean publicOnly, Boolean skipVisibilityChecks, Boolean fillCache)
at System.Activator.CreateInstance(Type type, Boolean nonPublic)
at System.Activator.CreateInstance(Type type)
at Kistl.GUI.DB.KistlGUIContext.CreateControl(ControlInfo info) in D:\Programmierung\Kistl\Kistl.Client\GUI.DB\KistlGUIContext.cs:line 51
at Kistl.GUI.Mocks.ControlHarness`1.SetUp() in D:\Programmierung\Kistl\Tests\Kistl.Client.Tests\Mocks\ControlHarness.cs:line 29
at Kistl.GUI.Tests.BasicControlTests`1.SetUp() in D:\Programmierung\Kistl\Tests\Kistl.Client.Tests\GUI\BasicControlTests.cs:line 40
at Kistl.GUI.Tests.ValueControlTests`2.AddEvents() in D:\Programmierung\Kistl\Tests\Kistl.Client.Tests\GUI\ValueControlTests.cs:line 39
--InvalidOperationException
at System.Windows.Input.InputManager..ctor()
at System.Windows.Input.InputManager.GetCurrentInputManagerImpl()
at System.Windows.Input.InputManager.get_Current()
at System.Windows.Input.KeyboardNavigation..ctor()
at System.Windows.FrameworkElement.EnsureFrameworkServices()
at System.Windows.FrameworkElement..ctor()
at System.Windows.Controls.Control..ctor()
at System.Windows.Controls.UserControl..ctor()
at Kistl.GUI.Renderer.WPF.PropertyControl..ctor()
at Kistl.GUI.Renderer.WPF.EditIntProperty..ctor() in D:\Programmierung\Kistl\Kistl.Client.WPF\Renderer.WPF\EditIntProperty.xaml.cs:line 22
]]></stack-trace>
                                    </failure>
                                  </test-case>
                                  <test-case name="Kistl.GUI.Renderer.WPF.Tests.IntControlTests.TestSetUpCorrect" executed="True" success="False" time="0.000" asserts="0">
                                    <failure>
                                      <message><![CDATA[System.Reflection.TargetInvocationException : Exception has been thrown by the target of an invocation.
  ----> System.InvalidOperationException : The calling thread must be STA, because many UI components require this.]]></message>
                                      <stack-trace><![CDATA[at System.RuntimeTypeHandle.CreateInstance(RuntimeType type, Boolean publicOnly, Boolean noCheck, Boolean& canBeCached, RuntimeMethodHandle& ctor, Boolean& bNeedSecurityCheck)
at System.RuntimeType.CreateInstanceSlow(Boolean publicOnly, Boolean fillCache)
at System.RuntimeType.CreateInstanceImpl(Boolean publicOnly, Boolean skipVisibilityChecks, Boolean fillCache)
at System.Activator.CreateInstance(Type type, Boolean nonPublic)
at System.Activator.CreateInstance(Type type)
at Kistl.GUI.DB.KistlGUIContext.CreateControl(ControlInfo info) in D:\Programmierung\Kistl\Kistl.Client\GUI.DB\KistlGUIContext.cs:line 51
at Kistl.GUI.Mocks.ControlHarness`1.SetUp() in D:\Programmierung\Kistl\Tests\Kistl.Client.Tests\Mocks\ControlHarness.cs:line 29
at Kistl.GUI.Tests.BasicControlTests`1.SetUp() in D:\Programmierung\Kistl\Tests\Kistl.Client.Tests\GUI\BasicControlTests.cs:line 40
at Kistl.GUI.Tests.ValueControlTests`2.AddEvents() in D:\Programmierung\Kistl\Tests\Kistl.Client.Tests\GUI\ValueControlTests.cs:line 39
--InvalidOperationException
at System.Windows.Input.InputManager..ctor()
at System.Windows.Input.InputManager.GetCurrentInputManagerImpl()
at System.Windows.Input.InputManager.get_Current()
at System.Windows.Input.KeyboardNavigation..ctor()
at System.Windows.FrameworkElement.EnsureFrameworkServices()
at System.Windows.FrameworkElement..ctor()
at System.Windows.Controls.Control..ctor()
at System.Windows.Controls.UserControl..ctor()
at Kistl.GUI.Renderer.WPF.PropertyControl..ctor()
at Kistl.GUI.Renderer.WPF.EditIntProperty..ctor() in D:\Programmierung\Kistl\Kistl.Client.WPF\Renderer.WPF\EditIntProperty.xaml.cs:line 22
]]></stack-trace>
                                    </failure>
                                  </test-case>
                                  <test-case name="Kistl.GUI.Renderer.WPF.Tests.IntControlTests.TestShortLabel" executed="True" success="False" time="0.000" asserts="0">
                                    <failure>
                                      <message><![CDATA[System.Reflection.TargetInvocationException : Exception has been thrown by the target of an invocation.
  ----> System.InvalidOperationException : The calling thread must be STA, because many UI components require this.]]></message>
                                      <stack-trace><![CDATA[at System.RuntimeTypeHandle.CreateInstance(RuntimeType type, Boolean publicOnly, Boolean noCheck, Boolean& canBeCached, RuntimeMethodHandle& ctor, Boolean& bNeedSecurityCheck)
at System.RuntimeType.CreateInstanceSlow(Boolean publicOnly, Boolean fillCache)
at System.RuntimeType.CreateInstanceImpl(Boolean publicOnly, Boolean skipVisibilityChecks, Boolean fillCache)
at System.Activator.CreateInstance(Type type, Boolean nonPublic)
at System.Activator.CreateInstance(Type type)
at Kistl.GUI.DB.KistlGUIContext.CreateControl(ControlInfo info) in D:\Programmierung\Kistl\Kistl.Client\GUI.DB\KistlGUIContext.cs:line 51
at Kistl.GUI.Mocks.ControlHarness`1.SetUp() in D:\Programmierung\Kistl\Tests\Kistl.Client.Tests\Mocks\ControlHarness.cs:line 29
at Kistl.GUI.Tests.BasicControlTests`1.SetUp() in D:\Programmierung\Kistl\Tests\Kistl.Client.Tests\GUI\BasicControlTests.cs:line 40
at Kistl.GUI.Tests.ValueControlTests`2.AddEvents() in D:\Programmierung\Kistl\Tests\Kistl.Client.Tests\GUI\ValueControlTests.cs:line 39
--InvalidOperationException
at System.Windows.Input.InputManager..ctor()
at System.Windows.Input.InputManager.GetCurrentInputManagerImpl()
at System.Windows.Input.InputManager.get_Current()
at System.Windows.Input.KeyboardNavigation..ctor()
at System.Windows.FrameworkElement.EnsureFrameworkServices()
at System.Windows.FrameworkElement..ctor()
at System.Windows.Controls.Control..ctor()
at System.Windows.Controls.UserControl..ctor()
at Kistl.GUI.Renderer.WPF.PropertyControl..ctor()
at Kistl.GUI.Renderer.WPF.EditIntProperty..ctor() in D:\Programmierung\Kistl\Kistl.Client.WPF\Renderer.WPF\EditIntProperty.xaml.cs:line 22
]]></stack-trace>
                                    </failure>
                                  </test-case>
                                  <test-case name="Kistl.GUI.Renderer.WPF.Tests.IntControlTests.TestUserInput" executed="True" success="False" time="0.000" asserts="0">
                                    <failure>
                                      <message><![CDATA[System.Reflection.TargetInvocationException : Exception has been thrown by the target of an invocation.
  ----> System.InvalidOperationException : The calling thread must be STA, because many UI components require this.]]></message>
                                      <stack-trace><![CDATA[at System.RuntimeTypeHandle.CreateInstance(RuntimeType type, Boolean publicOnly, Boolean noCheck, Boolean& canBeCached, RuntimeMethodHandle& ctor, Boolean& bNeedSecurityCheck)
at System.RuntimeType.CreateInstanceSlow(Boolean publicOnly, Boolean fillCache)
at System.RuntimeType.CreateInstanceImpl(Boolean publicOnly, Boolean skipVisibilityChecks, Boolean fillCache)
at System.Activator.CreateInstance(Type type, Boolean nonPublic)
at System.Activator.CreateInstance(Type type)
at Kistl.GUI.DB.KistlGUIContext.CreateControl(ControlInfo info) in D:\Programmierung\Kistl\Kistl.Client\GUI.DB\KistlGUIContext.cs:line 51
at Kistl.GUI.Mocks.ControlHarness`1.SetUp() in D:\Programmierung\Kistl\Tests\Kistl.Client.Tests\Mocks\ControlHarness.cs:line 29
at Kistl.GUI.Tests.BasicControlTests`1.SetUp() in D:\Programmierung\Kistl\Tests\Kistl.Client.Tests\GUI\BasicControlTests.cs:line 40
at Kistl.GUI.Tests.ValueControlTests`2.AddEvents() in D:\Programmierung\Kistl\Tests\Kistl.Client.Tests\GUI\ValueControlTests.cs:line 39
--InvalidOperationException
at System.Windows.Input.InputManager..ctor()
at System.Windows.Input.InputManager.GetCurrentInputManagerImpl()
at System.Windows.Input.InputManager.get_Current()
at System.Windows.Input.KeyboardNavigation..ctor()
at System.Windows.FrameworkElement.EnsureFrameworkServices()
at System.Windows.FrameworkElement..ctor()
at System.Windows.Controls.Control..ctor()
at System.Windows.Controls.UserControl..ctor()
at Kistl.GUI.Renderer.WPF.PropertyControl..ctor()
at Kistl.GUI.Renderer.WPF.EditIntProperty..ctor() in D:\Programmierung\Kistl\Kistl.Client.WPF\Renderer.WPF\EditIntProperty.xaml.cs:line 22
]]></stack-trace>
                                    </failure>
                                  </test-case>
                                  <test-case name="Kistl.GUI.Renderer.WPF.Tests.IntControlTests.TestValueProgrammatically" executed="True" success="False" time="0.016" asserts="0">
                                    <failure>
                                      <message><![CDATA[System.Reflection.TargetInvocationException : Exception has been thrown by the target of an invocation.
  ----> System.InvalidOperationException : The calling thread must be STA, because many UI components require this.]]></message>
                                      <stack-trace><![CDATA[at System.RuntimeTypeHandle.CreateInstance(RuntimeType type, Boolean publicOnly, Boolean noCheck, Boolean& canBeCached, RuntimeMethodHandle& ctor, Boolean& bNeedSecurityCheck)
at System.RuntimeType.CreateInstanceSlow(Boolean publicOnly, Boolean fillCache)
at System.RuntimeType.CreateInstanceImpl(Boolean publicOnly, Boolean skipVisibilityChecks, Boolean fillCache)
at System.Activator.CreateInstance(Type type, Boolean nonPublic)
at System.Activator.CreateInstance(Type type)
at Kistl.GUI.DB.KistlGUIContext.CreateControl(ControlInfo info) in D:\Programmierung\Kistl\Kistl.Client\GUI.DB\KistlGUIContext.cs:line 51
at Kistl.GUI.Mocks.ControlHarness`1.SetUp() in D:\Programmierung\Kistl\Tests\Kistl.Client.Tests\Mocks\ControlHarness.cs:line 29
at Kistl.GUI.Tests.BasicControlTests`1.SetUp() in D:\Programmierung\Kistl\Tests\Kistl.Client.Tests\GUI\BasicControlTests.cs:line 40
at Kistl.GUI.Tests.ValueControlTests`2.AddEvents() in D:\Programmierung\Kistl\Tests\Kistl.Client.Tests\GUI\ValueControlTests.cs:line 39
--InvalidOperationException
at System.Windows.Input.InputManager..ctor()
at System.Windows.Input.InputManager.GetCurrentInputManagerImpl()
at System.Windows.Input.InputManager.get_Current()
at System.Windows.Input.KeyboardNavigation..ctor()
at System.Windows.FrameworkElement.EnsureFrameworkServices()
at System.Windows.FrameworkElement..ctor()
at System.Windows.Controls.Control..ctor()
at System.Windows.Controls.UserControl..ctor()
at Kistl.GUI.Renderer.WPF.PropertyControl..ctor()
at Kistl.GUI.Renderer.WPF.EditIntProperty..ctor() in D:\Programmierung\Kistl\Kistl.Client.WPF\Renderer.WPF\EditIntProperty.xaml.cs:line 22
]]></stack-trace>
                                    </failure>
                                  </test-case>
                                </results>
                              </test-suite>
                              <test-suite name="ListValuesTests" success="True" time="0.094" asserts="0">
                                <results>
                                  <test-case name="Kistl.GUI.Renderer.WPF.Tests.ListValuesTests.TestInvalids" executed="True" success="True" time="0.047" asserts="8" />
                                  <test-case name="Kistl.GUI.Renderer.WPF.Tests.ListValuesTests.TestIsValid" executed="True" success="True" time="0.000" asserts="14" />
                                  <test-case name="Kistl.GUI.Renderer.WPF.Tests.ListValuesTests.TestNonUniqueListGenerationCore" executed="True" success="True" time="0.031" asserts="7" />
                                  <test-case name="Kistl.GUI.Renderer.WPF.Tests.ListValuesTests.TestNonUniqueListGenerationWithEmpty" executed="True" success="True" time="0.000" asserts="37" />
                                  <test-case name="Kistl.GUI.Renderer.WPF.Tests.ListValuesTests.TestNonUniqueListGenerationWithoutEmpty" executed="True" success="True" time="0.000" asserts="37" />
                                  <test-case name="Kistl.GUI.Renderer.WPF.Tests.ListValuesTests.TestUniqueListGenerationCore" executed="True" success="True" time="0.000" asserts="6" />
                                  <test-case name="Kistl.GUI.Renderer.WPF.Tests.ListValuesTests.TestUniqueListGenerationWithEmpty" executed="True" success="True" time="0.000" asserts="22" />
                                  <test-case name="Kistl.GUI.Renderer.WPF.Tests.ListValuesTests.TestUniqueListGenerationWithoutEmpty" executed="True" success="True" time="0.000" asserts="21" />
                                  <test-case name="Kistl.GUI.Renderer.WPF.Tests.ListValuesTests.TestValids" executed="True" success="True" time="0.000" asserts="48" />
                                </results>
                              </test-suite>
                              <test-suite name="ObjectListControlTests" success="False" time="0.078" asserts="2">
                                <results>
                                  <test-case name="Kistl.GUI.Renderer.WPF.Tests.ObjectListControlTests.TestDescription" executed="True" success="False" time="0.000" asserts="0">
                                    <failure>
                                      <message><![CDATA[System.Reflection.TargetInvocationException : Exception has been thrown by the target of an invocation.
  ----> System.InvalidOperationException : The calling thread must be STA, because many UI components require this.]]></message>
                                      <stack-trace><![CDATA[at System.RuntimeTypeHandle.CreateInstance(RuntimeType type, Boolean publicOnly, Boolean noCheck, Boolean& canBeCached, RuntimeMethodHandle& ctor, Boolean& bNeedSecurityCheck)
at System.RuntimeType.CreateInstanceSlow(Boolean publicOnly, Boolean fillCache)
at System.RuntimeType.CreateInstanceImpl(Boolean publicOnly, Boolean skipVisibilityChecks, Boolean fillCache)
at System.Activator.CreateInstance(Type type, Boolean nonPublic)
at System.Activator.CreateInstance(Type type)
at Kistl.GUI.DB.KistlGUIContext.CreateControl(ControlInfo info) in D:\Programmierung\Kistl\Kistl.Client\GUI.DB\KistlGUIContext.cs:line 51
at Kistl.GUI.Mocks.ControlHarness`1.SetUp() in D:\Programmierung\Kistl\Tests\Kistl.Client.Tests\Mocks\ControlHarness.cs:line 29
at Kistl.GUI.Tests.BasicControlTests`1.SetUp() in D:\Programmierung\Kistl\Tests\Kistl.Client.Tests\GUI\BasicControlTests.cs:line 40
at Kistl.GUI.Tests.ValueControlTests`2.AddEvents() in D:\Programmierung\Kistl\Tests\Kistl.Client.Tests\GUI\ValueControlTests.cs:line 39
at Kistl.GUI.Renderer.WPF.Tests.ObjectListControlTests.SetItemSource() in D:\Programmierung\Kistl\Tests\Kistl.Client.Tests\Renderer.WPF\ObjectControlTests.cs:line 115
--InvalidOperationException
at System.Windows.Input.InputManager..ctor()
at System.Windows.Input.InputManager.GetCurrentInputManagerImpl()
at System.Windows.Input.InputManager.get_Current()
at System.Windows.Input.KeyboardNavigation..ctor()
at System.Windows.FrameworkElement.EnsureFrameworkServices()
at System.Windows.FrameworkElement..ctor()
at System.Windows.Controls.Control..ctor()
at System.Windows.Controls.UserControl..ctor()
at Kistl.GUI.Renderer.WPF.PropertyControl..ctor()
at Kistl.GUI.Renderer.WPF.ObjectListControl..ctor() in D:\Programmierung\Kistl\Kistl.Client.WPF\Renderer.WPF\ObjectListControl.xaml.cs:line 32
]]></stack-trace>
                                    </failure>
                                  </test-case>
                                  <test-case name="Kistl.GUI.Renderer.WPF.Tests.ObjectListControlTests.TestFieldSize" executed="True" success="False" time="0.000" asserts="0">
                                    <failure>
                                      <message><![CDATA[System.Reflection.TargetInvocationException : Exception has been thrown by the target of an invocation.
  ----> System.InvalidOperationException : The calling thread must be STA, because many UI components require this.]]></message>
                                      <stack-trace><![CDATA[at System.RuntimeTypeHandle.CreateInstance(RuntimeType type, Boolean publicOnly, Boolean noCheck, Boolean& canBeCached, RuntimeMethodHandle& ctor, Boolean& bNeedSecurityCheck)
at System.RuntimeType.CreateInstanceSlow(Boolean publicOnly, Boolean fillCache)
at System.RuntimeType.CreateInstanceImpl(Boolean publicOnly, Boolean skipVisibilityChecks, Boolean fillCache)
at System.Activator.CreateInstance(Type type, Boolean nonPublic)
at System.Activator.CreateInstance(Type type)
at Kistl.GUI.DB.KistlGUIContext.CreateControl(ControlInfo info) in D:\Programmierung\Kistl\Kistl.Client\GUI.DB\KistlGUIContext.cs:line 51
at Kistl.GUI.Mocks.ControlHarness`1.SetUp() in D:\Programmierung\Kistl\Tests\Kistl.Client.Tests\Mocks\ControlHarness.cs:line 29
at Kistl.GUI.Tests.BasicControlTests`1.SetUp() in D:\Programmierung\Kistl\Tests\Kistl.Client.Tests\GUI\BasicControlTests.cs:line 40
at Kistl.GUI.Tests.ValueControlTests`2.AddEvents() in D:\Programmierung\Kistl\Tests\Kistl.Client.Tests\GUI\ValueControlTests.cs:line 39
at Kistl.GUI.Renderer.WPF.Tests.ObjectListControlTests.SetItemSource() in D:\Programmierung\Kistl\Tests\Kistl.Client.Tests\Renderer.WPF\ObjectControlTests.cs:line 115
--InvalidOperationException
at System.Windows.Input.InputManager..ctor()
at System.Windows.Input.InputManager.GetCurrentInputManagerImpl()
at System.Windows.Input.InputManager.get_Current()
at System.Windows.Input.KeyboardNavigation..ctor()
at System.Windows.FrameworkElement.EnsureFrameworkServices()
at System.Windows.FrameworkElement..ctor()
at System.Windows.Controls.Control..ctor()
at System.Windows.Controls.UserControl..ctor()
at Kistl.GUI.Renderer.WPF.PropertyControl..ctor()
at Kistl.GUI.Renderer.WPF.ObjectListControl..ctor() in D:\Programmierung\Kistl\Kistl.Client.WPF\Renderer.WPF\ObjectListControl.xaml.cs:line 32
]]></stack-trace>
                                    </failure>
                                  </test-case>
                                  <test-case name="Kistl.GUI.Renderer.WPF.Tests.ObjectListControlTests.TestIsValidValue" executed="True" success="False" time="0.016" asserts="0">
                                    <failure>
                                      <message><![CDATA[System.Reflection.TargetInvocationException : Exception has been thrown by the target of an invocation.
  ----> System.InvalidOperationException : The calling thread must be STA, because many UI components require this.]]></message>
                                      <stack-trace><![CDATA[at System.RuntimeTypeHandle.CreateInstance(RuntimeType type, Boolean publicOnly, Boolean noCheck, Boolean& canBeCached, RuntimeMethodHandle& ctor, Boolean& bNeedSecurityCheck)
at System.RuntimeType.CreateInstanceSlow(Boolean publicOnly, Boolean fillCache)
at System.RuntimeType.CreateInstanceImpl(Boolean publicOnly, Boolean skipVisibilityChecks, Boolean fillCache)
at System.Activator.CreateInstance(Type type, Boolean nonPublic)
at System.Activator.CreateInstance(Type type)
at Kistl.GUI.DB.KistlGUIContext.CreateControl(ControlInfo info) in D:\Programmierung\Kistl\Kistl.Client\GUI.DB\KistlGUIContext.cs:line 51
at Kistl.GUI.Mocks.ControlHarness`1.SetUp() in D:\Programmierung\Kistl\Tests\Kistl.Client.Tests\Mocks\ControlHarness.cs:line 29
at Kistl.GUI.Tests.BasicControlTests`1.SetUp() in D:\Programmierung\Kistl\Tests\Kistl.Client.Tests\GUI\BasicControlTests.cs:line 40
at Kistl.GUI.Tests.ValueControlTests`2.AddEvents() in D:\Programmierung\Kistl\Tests\Kistl.Client.Tests\GUI\ValueControlTests.cs:line 39
at Kistl.GUI.Renderer.WPF.Tests.ObjectListControlTests.SetItemSource() in D:\Programmierung\Kistl\Tests\Kistl.Client.Tests\Renderer.WPF\ObjectControlTests.cs:line 115
--InvalidOperationException
at System.Windows.Input.InputManager..ctor()
at System.Windows.Input.InputManager.GetCurrentInputManagerImpl()
at System.Windows.Input.InputManager.get_Current()
at System.Windows.Input.KeyboardNavigation..ctor()
at System.Windows.FrameworkElement.EnsureFrameworkServices()
at System.Windows.FrameworkElement..ctor()
at System.Windows.Controls.Control..ctor()
at System.Windows.Controls.UserControl..ctor()
at Kistl.GUI.Renderer.WPF.PropertyControl..ctor()
at Kistl.GUI.Renderer.WPF.ObjectListControl..ctor() in D:\Programmierung\Kistl\Kistl.Client.WPF\Renderer.WPF\ObjectListControl.xaml.cs:line 32
]]></stack-trace>
                                    </failure>
                                  </test-case>
                                  <test-case name="Kistl.GUI.Renderer.WPF.Tests.ObjectListControlTests.TestItemsSource" executed="False">
                                    <reason>
                                      <message><![CDATA[unimplemented]]></message>
                                    </reason>
                                  </test-case>
                                  <test-case name="Kistl.GUI.Renderer.WPF.Tests.ObjectListControlTests.TestListboxProgrammatically" executed="True" success="False" time="0.000" asserts="0">
                                    <failure>
                                      <message><![CDATA[System.Reflection.TargetInvocationException : Exception has been thrown by the target of an invocation.
  ----> System.InvalidOperationException : The calling thread must be STA, because many UI components require this.]]></message>
                                      <stack-trace><![CDATA[at System.RuntimeTypeHandle.CreateInstance(RuntimeType type, Boolean publicOnly, Boolean noCheck, Boolean& canBeCached, RuntimeMethodHandle& ctor, Boolean& bNeedSecurityCheck)
at System.RuntimeType.CreateInstanceSlow(Boolean publicOnly, Boolean fillCache)
at System.RuntimeType.CreateInstanceImpl(Boolean publicOnly, Boolean skipVisibilityChecks, Boolean fillCache)
at System.Activator.CreateInstance(Type type, Boolean nonPublic)
at System.Activator.CreateInstance(Type type)
at Kistl.GUI.DB.KistlGUIContext.CreateControl(ControlInfo info) in D:\Programmierung\Kistl\Kistl.Client\GUI.DB\KistlGUIContext.cs:line 51
at Kistl.GUI.Mocks.ControlHarness`1.SetUp() in D:\Programmierung\Kistl\Tests\Kistl.Client.Tests\Mocks\ControlHarness.cs:line 29
at Kistl.GUI.Tests.BasicControlTests`1.SetUp() in D:\Programmierung\Kistl\Tests\Kistl.Client.Tests\GUI\BasicControlTests.cs:line 40
at Kistl.GUI.Tests.ValueControlTests`2.AddEvents() in D:\Programmierung\Kistl\Tests\Kistl.Client.Tests\GUI\ValueControlTests.cs:line 39
at Kistl.GUI.Renderer.WPF.Tests.ObjectListControlTests.SetItemSource() in D:\Programmierung\Kistl\Tests\Kistl.Client.Tests\Renderer.WPF\ObjectControlTests.cs:line 115
--InvalidOperationException
at System.Windows.Input.InputManager..ctor()
at System.Windows.Input.InputManager.GetCurrentInputManagerImpl()
at System.Windows.Input.InputManager.get_Current()
at System.Windows.Input.KeyboardNavigation..ctor()
at System.Windows.FrameworkElement.EnsureFrameworkServices()
at System.Windows.FrameworkElement..ctor()
at System.Windows.Controls.Control..ctor()
at System.Windows.Controls.UserControl..ctor()
at Kistl.GUI.Renderer.WPF.PropertyControl..ctor()
at Kistl.GUI.Renderer.WPF.ObjectListControl..ctor() in D:\Programmierung\Kistl\Kistl.Client.WPF\Renderer.WPF\ObjectListControl.xaml.cs:line 32
]]></stack-trace>
                                    </failure>
                                  </test-case>
                                  <test-case name="Kistl.GUI.Renderer.WPF.Tests.ObjectListControlTests.TestListboxUserInput" executed="True" success="False" time="0.000" asserts="0">
                                    <failure>
                                      <message><![CDATA[System.Reflection.TargetInvocationException : Exception has been thrown by the target of an invocation.
  ----> System.InvalidOperationException : The calling thread must be STA, because many UI components require this.]]></message>
                                      <stack-trace><![CDATA[at System.RuntimeTypeHandle.CreateInstance(RuntimeType type, Boolean publicOnly, Boolean noCheck, Boolean& canBeCached, RuntimeMethodHandle& ctor, Boolean& bNeedSecurityCheck)
at System.RuntimeType.CreateInstanceSlow(Boolean publicOnly, Boolean fillCache)
at System.RuntimeType.CreateInstanceImpl(Boolean publicOnly, Boolean skipVisibilityChecks, Boolean fillCache)
at System.Activator.CreateInstance(Type type, Boolean nonPublic)
at System.Activator.CreateInstance(Type type)
at Kistl.GUI.DB.KistlGUIContext.CreateControl(ControlInfo info) in D:\Programmierung\Kistl\Kistl.Client\GUI.DB\KistlGUIContext.cs:line 51
at Kistl.GUI.Mocks.ControlHarness`1.SetUp() in D:\Programmierung\Kistl\Tests\Kistl.Client.Tests\Mocks\ControlHarness.cs:line 29
at Kistl.GUI.Tests.BasicControlTests`1.SetUp() in D:\Programmierung\Kistl\Tests\Kistl.Client.Tests\GUI\BasicControlTests.cs:line 40
at Kistl.GUI.Tests.ValueControlTests`2.AddEvents() in D:\Programmierung\Kistl\Tests\Kistl.Client.Tests\GUI\ValueControlTests.cs:line 39
at Kistl.GUI.Renderer.WPF.Tests.ObjectListControlTests.SetItemSource() in D:\Programmierung\Kistl\Tests\Kistl.Client.Tests\Renderer.WPF\ObjectControlTests.cs:line 115
--InvalidOperationException
at System.Windows.Input.InputManager..ctor()
at System.Windows.Input.InputManager.GetCurrentInputManagerImpl()
at System.Windows.Input.InputManager.get_Current()
at System.Windows.Input.KeyboardNavigation..ctor()
at System.Windows.FrameworkElement.EnsureFrameworkServices()
at System.Windows.FrameworkElement..ctor()
at System.Windows.Controls.Control..ctor()
at System.Windows.Controls.UserControl..ctor()
at Kistl.GUI.Renderer.WPF.PropertyControl..ctor()
at Kistl.GUI.Renderer.WPF.ObjectListControl..ctor() in D:\Programmierung\Kistl\Kistl.Client.WPF\Renderer.WPF\ObjectListControl.xaml.cs:line 32
]]></stack-trace>
                                    </failure>
                                  </test-case>
                                  <test-case name="Kistl.GUI.Renderer.WPF.Tests.ObjectListControlTests.TestNullValue" executed="True" success="False" time="0.000" asserts="0">
                                    <failure>
                                      <message><![CDATA[System.Reflection.TargetInvocationException : Exception has been thrown by the target of an invocation.
  ----> System.InvalidOperationException : The calling thread must be STA, because many UI components require this.]]></message>
                                      <stack-trace><![CDATA[at System.RuntimeTypeHandle.CreateInstance(RuntimeType type, Boolean publicOnly, Boolean noCheck, Boolean& canBeCached, RuntimeMethodHandle& ctor, Boolean& bNeedSecurityCheck)
at System.RuntimeType.CreateInstanceSlow(Boolean publicOnly, Boolean fillCache)
at System.RuntimeType.CreateInstanceImpl(Boolean publicOnly, Boolean skipVisibilityChecks, Boolean fillCache)
at System.Activator.CreateInstance(Type type, Boolean nonPublic)
at System.Activator.CreateInstance(Type type)
at Kistl.GUI.DB.KistlGUIContext.CreateControl(ControlInfo info) in D:\Programmierung\Kistl\Kistl.Client\GUI.DB\KistlGUIContext.cs:line 51
at Kistl.GUI.Mocks.ControlHarness`1.SetUp() in D:\Programmierung\Kistl\Tests\Kistl.Client.Tests\Mocks\ControlHarness.cs:line 29
at Kistl.GUI.Tests.BasicControlTests`1.SetUp() in D:\Programmierung\Kistl\Tests\Kistl.Client.Tests\GUI\BasicControlTests.cs:line 40
at Kistl.GUI.Tests.ValueControlTests`2.AddEvents() in D:\Programmierung\Kistl\Tests\Kistl.Client.Tests\GUI\ValueControlTests.cs:line 39
at Kistl.GUI.Renderer.WPF.Tests.ObjectListControlTests.SetItemSource() in D:\Programmierung\Kistl\Tests\Kistl.Client.Tests\Renderer.WPF\ObjectControlTests.cs:line 115
--InvalidOperationException
at System.Windows.Input.InputManager..ctor()
at System.Windows.Input.InputManager.GetCurrentInputManagerImpl()
at System.Windows.Input.InputManager.get_Current()
at System.Windows.Input.KeyboardNavigation..ctor()
at System.Windows.FrameworkElement.EnsureFrameworkServices()
at System.Windows.FrameworkElement..ctor()
at System.Windows.Controls.Control..ctor()
at System.Windows.Controls.UserControl..ctor()
at Kistl.GUI.Renderer.WPF.PropertyControl..ctor()
at Kistl.GUI.Renderer.WPF.ObjectListControl..ctor() in D:\Programmierung\Kistl\Kistl.Client.WPF\Renderer.WPF\ObjectListControl.xaml.cs:line 32
]]></stack-trace>
                                    </failure>
                                  </test-case>
                                  <test-case name="Kistl.GUI.Renderer.WPF.Tests.ObjectListControlTests.TestObjectType" executed="True" success="False" time="0.000" asserts="0">
                                    <failure>
                                      <message><![CDATA[System.Reflection.TargetInvocationException : Exception has been thrown by the target of an invocation.
  ----> System.InvalidOperationException : The calling thread must be STA, because many UI components require this.]]></message>
                                      <stack-trace><![CDATA[at System.RuntimeTypeHandle.CreateInstance(RuntimeType type, Boolean publicOnly, Boolean noCheck, Boolean& canBeCached, RuntimeMethodHandle& ctor, Boolean& bNeedSecurityCheck)
at System.RuntimeType.CreateInstanceSlow(Boolean publicOnly, Boolean fillCache)
at System.RuntimeType.CreateInstanceImpl(Boolean publicOnly, Boolean skipVisibilityChecks, Boolean fillCache)
at System.Activator.CreateInstance(Type type, Boolean nonPublic)
at System.Activator.CreateInstance(Type type)
at Kistl.GUI.DB.KistlGUIContext.CreateControl(ControlInfo info) in D:\Programmierung\Kistl\Kistl.Client\GUI.DB\KistlGUIContext.cs:line 51
at Kistl.GUI.Mocks.ControlHarness`1.SetUp() in D:\Programmierung\Kistl\Tests\Kistl.Client.Tests\Mocks\ControlHarness.cs:line 29
at Kistl.GUI.Tests.BasicControlTests`1.SetUp() in D:\Programmierung\Kistl\Tests\Kistl.Client.Tests\GUI\BasicControlTests.cs:line 40
at Kistl.GUI.Tests.ValueControlTests`2.AddEvents() in D:\Programmierung\Kistl\Tests\Kistl.Client.Tests\GUI\ValueControlTests.cs:line 39
at Kistl.GUI.Renderer.WPF.Tests.ObjectListControlTests.SetItemSource() in D:\Programmierung\Kistl\Tests\Kistl.Client.Tests\Renderer.WPF\ObjectControlTests.cs:line 115
--InvalidOperationException
at System.Windows.Input.InputManager..ctor()
at System.Windows.Input.InputManager.GetCurrentInputManagerImpl()
at System.Windows.Input.InputManager.get_Current()
at System.Windows.Input.KeyboardNavigation..ctor()
at System.Windows.FrameworkElement.EnsureFrameworkServices()
at System.Windows.FrameworkElement..ctor()
at System.Windows.Controls.Control..ctor()
at System.Windows.Controls.UserControl..ctor()
at Kistl.GUI.Renderer.WPF.PropertyControl..ctor()
at Kistl.GUI.Renderer.WPF.ObjectListControl..ctor() in D:\Programmierung\Kistl\Kistl.Client.WPF\Renderer.WPF\ObjectListControl.xaml.cs:line 32
]]></stack-trace>
                                    </failure>
                                  </test-case>
                                  <test-case name="Kistl.GUI.Renderer.WPF.Tests.ObjectListControlTests.TestSetUpCorrect" executed="True" success="False" time="0.000" asserts="0">
                                    <failure>
                                      <message><![CDATA[System.Reflection.TargetInvocationException : Exception has been thrown by the target of an invocation.
  ----> System.InvalidOperationException : The calling thread must be STA, because many UI components require this.]]></message>
                                      <stack-trace><![CDATA[at System.RuntimeTypeHandle.CreateInstance(RuntimeType type, Boolean publicOnly, Boolean noCheck, Boolean& canBeCached, RuntimeMethodHandle& ctor, Boolean& bNeedSecurityCheck)
at System.RuntimeType.CreateInstanceSlow(Boolean publicOnly, Boolean fillCache)
at System.RuntimeType.CreateInstanceImpl(Boolean publicOnly, Boolean skipVisibilityChecks, Boolean fillCache)
at System.Activator.CreateInstance(Type type, Boolean nonPublic)
at System.Activator.CreateInstance(Type type)
at Kistl.GUI.DB.KistlGUIContext.CreateControl(ControlInfo info) in D:\Programmierung\Kistl\Kistl.Client\GUI.DB\KistlGUIContext.cs:line 51
at Kistl.GUI.Mocks.ControlHarness`1.SetUp() in D:\Programmierung\Kistl\Tests\Kistl.Client.Tests\Mocks\ControlHarness.cs:line 29
at Kistl.GUI.Tests.BasicControlTests`1.SetUp() in D:\Programmierung\Kistl\Tests\Kistl.Client.Tests\GUI\BasicControlTests.cs:line 40
at Kistl.GUI.Tests.ValueControlTests`2.AddEvents() in D:\Programmierung\Kistl\Tests\Kistl.Client.Tests\GUI\ValueControlTests.cs:line 39
at Kistl.GUI.Renderer.WPF.Tests.ObjectListControlTests.SetItemSource() in D:\Programmierung\Kistl\Tests\Kistl.Client.Tests\Renderer.WPF\ObjectControlTests.cs:line 115
--InvalidOperationException
at System.Windows.Input.InputManager..ctor()
at System.Windows.Input.InputManager.GetCurrentInputManagerImpl()
at System.Windows.Input.InputManager.get_Current()
at System.Windows.Input.KeyboardNavigation..ctor()
at System.Windows.FrameworkElement.EnsureFrameworkServices()
at System.Windows.FrameworkElement..ctor()
at System.Windows.Controls.Control..ctor()
at System.Windows.Controls.UserControl..ctor()
at Kistl.GUI.Renderer.WPF.PropertyControl..ctor()
at Kistl.GUI.Renderer.WPF.ObjectListControl..ctor() in D:\Programmierung\Kistl\Kistl.Client.WPF\Renderer.WPF\ObjectListControl.xaml.cs:line 32
]]></stack-trace>
                                    </failure>
                                  </test-case>
                                  <test-case name="Kistl.GUI.Renderer.WPF.Tests.ObjectListControlTests.TestShortLabel" executed="True" success="False" time="0.000" asserts="0">
                                    <failure>
                                      <message><![CDATA[System.Reflection.TargetInvocationException : Exception has been thrown by the target of an invocation.
  ----> System.InvalidOperationException : The calling thread must be STA, because many UI components require this.]]></message>
                                      <stack-trace><![CDATA[at System.RuntimeTypeHandle.CreateInstance(RuntimeType type, Boolean publicOnly, Boolean noCheck, Boolean& canBeCached, RuntimeMethodHandle& ctor, Boolean& bNeedSecurityCheck)
at System.RuntimeType.CreateInstanceSlow(Boolean publicOnly, Boolean fillCache)
at System.RuntimeType.CreateInstanceImpl(Boolean publicOnly, Boolean skipVisibilityChecks, Boolean fillCache)
at System.Activator.CreateInstance(Type type, Boolean nonPublic)
at System.Activator.CreateInstance(Type type)
at Kistl.GUI.DB.KistlGUIContext.CreateControl(ControlInfo info) in D:\Programmierung\Kistl\Kistl.Client\GUI.DB\KistlGUIContext.cs:line 51
at Kistl.GUI.Mocks.ControlHarness`1.SetUp() in D:\Programmierung\Kistl\Tests\Kistl.Client.Tests\Mocks\ControlHarness.cs:line 29
at Kistl.GUI.Tests.BasicControlTests`1.SetUp() in D:\Programmierung\Kistl\Tests\Kistl.Client.Tests\GUI\BasicControlTests.cs:line 40
at Kistl.GUI.Tests.ValueControlTests`2.AddEvents() in D:\Programmierung\Kistl\Tests\Kistl.Client.Tests\GUI\ValueControlTests.cs:line 39
at Kistl.GUI.Renderer.WPF.Tests.ObjectListControlTests.SetItemSource() in D:\Programmierung\Kistl\Tests\Kistl.Client.Tests\Renderer.WPF\ObjectControlTests.cs:line 115
--InvalidOperationException
at System.Windows.Input.InputManager..ctor()
at System.Windows.Input.InputManager.GetCurrentInputManagerImpl()
at System.Windows.Input.InputManager.get_Current()
at System.Windows.Input.KeyboardNavigation..ctor()
at System.Windows.FrameworkElement.EnsureFrameworkServices()
at System.Windows.FrameworkElement..ctor()
at System.Windows.Controls.Control..ctor()
at System.Windows.Controls.UserControl..ctor()
at Kistl.GUI.Renderer.WPF.PropertyControl..ctor()
at Kistl.GUI.Renderer.WPF.ObjectListControl..ctor() in D:\Programmierung\Kistl\Kistl.Client.WPF\Renderer.WPF\ObjectListControl.xaml.cs:line 32
]]></stack-trace>
                                    </failure>
                                  </test-case>
                                  <test-case name="Kistl.GUI.Renderer.WPF.Tests.ObjectListControlTests.TestUserInput" executed="True" success="False" time="0.016" asserts="0">
                                    <failure>
                                      <message><![CDATA[System.Reflection.TargetInvocationException : Exception has been thrown by the target of an invocation.
  ----> System.InvalidOperationException : The calling thread must be STA, because many UI components require this.]]></message>
                                      <stack-trace><![CDATA[at System.RuntimeTypeHandle.CreateInstance(RuntimeType type, Boolean publicOnly, Boolean noCheck, Boolean& canBeCached, RuntimeMethodHandle& ctor, Boolean& bNeedSecurityCheck)
at System.RuntimeType.CreateInstanceSlow(Boolean publicOnly, Boolean fillCache)
at System.RuntimeType.CreateInstanceImpl(Boolean publicOnly, Boolean skipVisibilityChecks, Boolean fillCache)
at System.Activator.CreateInstance(Type type, Boolean nonPublic)
at System.Activator.CreateInstance(Type type)
at Kistl.GUI.DB.KistlGUIContext.CreateControl(ControlInfo info) in D:\Programmierung\Kistl\Kistl.Client\GUI.DB\KistlGUIContext.cs:line 51
at Kistl.GUI.Mocks.ControlHarness`1.SetUp() in D:\Programmierung\Kistl\Tests\Kistl.Client.Tests\Mocks\ControlHarness.cs:line 29
at Kistl.GUI.Tests.BasicControlTests`1.SetUp() in D:\Programmierung\Kistl\Tests\Kistl.Client.Tests\GUI\BasicControlTests.cs:line 40
at Kistl.GUI.Tests.ValueControlTests`2.AddEvents() in D:\Programmierung\Kistl\Tests\Kistl.Client.Tests\GUI\ValueControlTests.cs:line 39
at Kistl.GUI.Renderer.WPF.Tests.ObjectListControlTests.SetItemSource() in D:\Programmierung\Kistl\Tests\Kistl.Client.Tests\Renderer.WPF\ObjectControlTests.cs:line 115
--InvalidOperationException
at System.Windows.Input.InputManager..ctor()
at System.Windows.Input.InputManager.GetCurrentInputManagerImpl()
at System.Windows.Input.InputManager.get_Current()
at System.Windows.Input.KeyboardNavigation..ctor()
at System.Windows.FrameworkElement.EnsureFrameworkServices()
at System.Windows.FrameworkElement..ctor()
at System.Windows.Controls.Control..ctor()
at System.Windows.Controls.UserControl..ctor()
at Kistl.GUI.Renderer.WPF.PropertyControl..ctor()
at Kistl.GUI.Renderer.WPF.ObjectListControl..ctor() in D:\Programmierung\Kistl\Kistl.Client.WPF\Renderer.WPF\ObjectListControl.xaml.cs:line 32
]]></stack-trace>
                                    </failure>
                                  </test-case>
                                  <test-case name="Kistl.GUI.Renderer.WPF.Tests.ObjectListControlTests.TestValueProgrammatically" executed="True" success="False" time="0.000" asserts="0">
                                    <failure>
                                      <message><![CDATA[System.Reflection.TargetInvocationException : Exception has been thrown by the target of an invocation.
  ----> System.InvalidOperationException : The calling thread must be STA, because many UI components require this.]]></message>
                                      <stack-trace><![CDATA[at System.RuntimeTypeHandle.CreateInstance(RuntimeType type, Boolean publicOnly, Boolean noCheck, Boolean& canBeCached, RuntimeMethodHandle& ctor, Boolean& bNeedSecurityCheck)
at System.RuntimeType.CreateInstanceSlow(Boolean publicOnly, Boolean fillCache)
at System.RuntimeType.CreateInstanceImpl(Boolean publicOnly, Boolean skipVisibilityChecks, Boolean fillCache)
at System.Activator.CreateInstance(Type type, Boolean nonPublic)
at System.Activator.CreateInstance(Type type)
at Kistl.GUI.DB.KistlGUIContext.CreateControl(ControlInfo info) in D:\Programmierung\Kistl\Kistl.Client\GUI.DB\KistlGUIContext.cs:line 51
at Kistl.GUI.Mocks.ControlHarness`1.SetUp() in D:\Programmierung\Kistl\Tests\Kistl.Client.Tests\Mocks\ControlHarness.cs:line 29
at Kistl.GUI.Tests.BasicControlTests`1.SetUp() in D:\Programmierung\Kistl\Tests\Kistl.Client.Tests\GUI\BasicControlTests.cs:line 40
at Kistl.GUI.Tests.ValueControlTests`2.AddEvents() in D:\Programmierung\Kistl\Tests\Kistl.Client.Tests\GUI\ValueControlTests.cs:line 39
at Kistl.GUI.Renderer.WPF.Tests.ObjectListControlTests.SetItemSource() in D:\Programmierung\Kistl\Tests\Kistl.Client.Tests\Renderer.WPF\ObjectControlTests.cs:line 115
--InvalidOperationException
at System.Windows.Input.InputManager..ctor()
at System.Windows.Input.InputManager.GetCurrentInputManagerImpl()
at System.Windows.Input.InputManager.get_Current()
at System.Windows.Input.KeyboardNavigation..ctor()
at System.Windows.FrameworkElement.EnsureFrameworkServices()
at System.Windows.FrameworkElement..ctor()
at System.Windows.Controls.Control..ctor()
at System.Windows.Controls.UserControl..ctor()
at Kistl.GUI.Renderer.WPF.PropertyControl..ctor()
at Kistl.GUI.Renderer.WPF.ObjectListControl..ctor() in D:\Programmierung\Kistl\Kistl.Client.WPF\Renderer.WPF\ObjectListControl.xaml.cs:line 32
]]></stack-trace>
                                    </failure>
                                  </test-case>
                                </results>
                              </test-suite>
                              <test-suite name="ObjectReferenceControlTests" success="False" time="0.140" asserts="2">
                                <results>
                                  <test-case name="Kistl.GUI.Renderer.WPF.Tests.ObjectReferenceControlTests.TestComboboxProgrammatically" executed="True" success="False" time="0.000" asserts="0">
                                    <failure>
                                      <message><![CDATA[System.Reflection.TargetInvocationException : Exception has been thrown by the target of an invocation.
  ----> System.InvalidOperationException : The calling thread must be STA, because many UI components require this.]]></message>
                                      <stack-trace><![CDATA[at System.RuntimeTypeHandle.CreateInstance(RuntimeType type, Boolean publicOnly, Boolean noCheck, Boolean& canBeCached, RuntimeMethodHandle& ctor, Boolean& bNeedSecurityCheck)
at System.RuntimeType.CreateInstanceSlow(Boolean publicOnly, Boolean fillCache)
at System.RuntimeType.CreateInstanceImpl(Boolean publicOnly, Boolean skipVisibilityChecks, Boolean fillCache)
at System.Activator.CreateInstance(Type type, Boolean nonPublic)
at System.Activator.CreateInstance(Type type)
at Kistl.GUI.DB.KistlGUIContext.CreateControl(ControlInfo info) in D:\Programmierung\Kistl\Kistl.Client\GUI.DB\KistlGUIContext.cs:line 51
at Kistl.GUI.Mocks.ControlHarness`1.SetUp() in D:\Programmierung\Kistl\Tests\Kistl.Client.Tests\Mocks\ControlHarness.cs:line 29
at Kistl.GUI.Tests.BasicControlTests`1.SetUp() in D:\Programmierung\Kistl\Tests\Kistl.Client.Tests\GUI\BasicControlTests.cs:line 40
at Kistl.GUI.Tests.ValueControlTests`2.AddEvents() in D:\Programmierung\Kistl\Tests\Kistl.Client.Tests\GUI\ValueControlTests.cs:line 39
at Kistl.GUI.Renderer.WPF.Tests.ObjectReferenceControlTests.SetItemSource() in D:\Programmierung\Kistl\Tests\Kistl.Client.Tests\Renderer.WPF\ObjectControlTests.cs:line 37
--InvalidOperationException
at System.Windows.Input.InputManager..ctor()
at System.Windows.Input.InputManager.GetCurrentInputManagerImpl()
at System.Windows.Input.InputManager.get_Current()
at System.Windows.Input.KeyboardNavigation..ctor()
at System.Windows.FrameworkElement.EnsureFrameworkServices()
at System.Windows.FrameworkElement..ctor()
at System.Windows.Controls.Control..ctor()
at System.Windows.Controls.UserControl..ctor()
at Kistl.GUI.Renderer.WPF.PropertyControl..ctor()
at Kistl.GUI.Renderer.WPF.ObjectReferenceControl..ctor() in D:\Programmierung\Kistl\Kistl.Client.WPF\Renderer.WPF\ObjectReferenceControl.xaml.cs:line 30
]]></stack-trace>
                                    </failure>
                                  </test-case>
                                  <test-case name="Kistl.GUI.Renderer.WPF.Tests.ObjectReferenceControlTests.TestComboboxUserInput" executed="True" success="False" time="0.000" asserts="0">
                                    <failure>
                                      <message><![CDATA[System.Reflection.TargetInvocationException : Exception has been thrown by the target of an invocation.
  ----> System.InvalidOperationException : The calling thread must be STA, because many UI components require this.]]></message>
                                      <stack-trace><![CDATA[at System.RuntimeTypeHandle.CreateInstance(RuntimeType type, Boolean publicOnly, Boolean noCheck, Boolean& canBeCached, RuntimeMethodHandle& ctor, Boolean& bNeedSecurityCheck)
at System.RuntimeType.CreateInstanceSlow(Boolean publicOnly, Boolean fillCache)
at System.RuntimeType.CreateInstanceImpl(Boolean publicOnly, Boolean skipVisibilityChecks, Boolean fillCache)
at System.Activator.CreateInstance(Type type, Boolean nonPublic)
at System.Activator.CreateInstance(Type type)
at Kistl.GUI.DB.KistlGUIContext.CreateControl(ControlInfo info) in D:\Programmierung\Kistl\Kistl.Client\GUI.DB\KistlGUIContext.cs:line 51
at Kistl.GUI.Mocks.ControlHarness`1.SetUp() in D:\Programmierung\Kistl\Tests\Kistl.Client.Tests\Mocks\ControlHarness.cs:line 29
at Kistl.GUI.Tests.BasicControlTests`1.SetUp() in D:\Programmierung\Kistl\Tests\Kistl.Client.Tests\GUI\BasicControlTests.cs:line 40
at Kistl.GUI.Tests.ValueControlTests`2.AddEvents() in D:\Programmierung\Kistl\Tests\Kistl.Client.Tests\GUI\ValueControlTests.cs:line 39
at Kistl.GUI.Renderer.WPF.Tests.ObjectReferenceControlTests.SetItemSource() in D:\Programmierung\Kistl\Tests\Kistl.Client.Tests\Renderer.WPF\ObjectControlTests.cs:line 37
--InvalidOperationException
at System.Windows.Input.InputManager..ctor()
at System.Windows.Input.InputManager.GetCurrentInputManagerImpl()
at System.Windows.Input.InputManager.get_Current()
at System.Windows.Input.KeyboardNavigation..ctor()
at System.Windows.FrameworkElement.EnsureFrameworkServices()
at System.Windows.FrameworkElement..ctor()
at System.Windows.Controls.Control..ctor()
at System.Windows.Controls.UserControl..ctor()
at Kistl.GUI.Renderer.WPF.PropertyControl..ctor()
at Kistl.GUI.Renderer.WPF.ObjectReferenceControl..ctor() in D:\Programmierung\Kistl\Kistl.Client.WPF\Renderer.WPF\ObjectReferenceControl.xaml.cs:line 30
]]></stack-trace>
                                    </failure>
                                  </test-case>
                                  <test-case name="Kistl.GUI.Renderer.WPF.Tests.ObjectReferenceControlTests.TestDescription" executed="True" success="False" time="0.000" asserts="0">
                                    <failure>
                                      <message><![CDATA[System.Reflection.TargetInvocationException : Exception has been thrown by the target of an invocation.
  ----> System.InvalidOperationException : The calling thread must be STA, because many UI components require this.]]></message>
                                      <stack-trace><![CDATA[at System.RuntimeTypeHandle.CreateInstance(RuntimeType type, Boolean publicOnly, Boolean noCheck, Boolean& canBeCached, RuntimeMethodHandle& ctor, Boolean& bNeedSecurityCheck)
at System.RuntimeType.CreateInstanceSlow(Boolean publicOnly, Boolean fillCache)
at System.RuntimeType.CreateInstanceImpl(Boolean publicOnly, Boolean skipVisibilityChecks, Boolean fillCache)
at System.Activator.CreateInstance(Type type, Boolean nonPublic)
at System.Activator.CreateInstance(Type type)
at Kistl.GUI.DB.KistlGUIContext.CreateControl(ControlInfo info) in D:\Programmierung\Kistl\Kistl.Client\GUI.DB\KistlGUIContext.cs:line 51
at Kistl.GUI.Mocks.ControlHarness`1.SetUp() in D:\Programmierung\Kistl\Tests\Kistl.Client.Tests\Mocks\ControlHarness.cs:line 29
at Kistl.GUI.Tests.BasicControlTests`1.SetUp() in D:\Programmierung\Kistl\Tests\Kistl.Client.Tests\GUI\BasicControlTests.cs:line 40
at Kistl.GUI.Tests.ValueControlTests`2.AddEvents() in D:\Programmierung\Kistl\Tests\Kistl.Client.Tests\GUI\ValueControlTests.cs:line 39
at Kistl.GUI.Renderer.WPF.Tests.ObjectReferenceControlTests.SetItemSource() in D:\Programmierung\Kistl\Tests\Kistl.Client.Tests\Renderer.WPF\ObjectControlTests.cs:line 37
--InvalidOperationException
at System.Windows.Input.InputManager..ctor()
at System.Windows.Input.InputManager.GetCurrentInputManagerImpl()
at System.Windows.Input.InputManager.get_Current()
at System.Windows.Input.KeyboardNavigation..ctor()
at System.Windows.FrameworkElement.EnsureFrameworkServices()
at System.Windows.FrameworkElement..ctor()
at System.Windows.Controls.Control..ctor()
at System.Windows.Controls.UserControl..ctor()
at Kistl.GUI.Renderer.WPF.PropertyControl..ctor()
at Kistl.GUI.Renderer.WPF.ObjectReferenceControl..ctor() in D:\Programmierung\Kistl\Kistl.Client.WPF\Renderer.WPF\ObjectReferenceControl.xaml.cs:line 30
]]></stack-trace>
                                    </failure>
                                  </test-case>
                                  <test-case name="Kistl.GUI.Renderer.WPF.Tests.ObjectReferenceControlTests.TestFieldSize" executed="True" success="False" time="0.000" asserts="0">
                                    <failure>
                                      <message><![CDATA[System.Reflection.TargetInvocationException : Exception has been thrown by the target of an invocation.
  ----> System.InvalidOperationException : The calling thread must be STA, because many UI components require this.]]></message>
                                      <stack-trace><![CDATA[at System.RuntimeTypeHandle.CreateInstance(RuntimeType type, Boolean publicOnly, Boolean noCheck, Boolean& canBeCached, RuntimeMethodHandle& ctor, Boolean& bNeedSecurityCheck)
at System.RuntimeType.CreateInstanceSlow(Boolean publicOnly, Boolean fillCache)
at System.RuntimeType.CreateInstanceImpl(Boolean publicOnly, Boolean skipVisibilityChecks, Boolean fillCache)
at System.Activator.CreateInstance(Type type, Boolean nonPublic)
at System.Activator.CreateInstance(Type type)
at Kistl.GUI.DB.KistlGUIContext.CreateControl(ControlInfo info) in D:\Programmierung\Kistl\Kistl.Client\GUI.DB\KistlGUIContext.cs:line 51
at Kistl.GUI.Mocks.ControlHarness`1.SetUp() in D:\Programmierung\Kistl\Tests\Kistl.Client.Tests\Mocks\ControlHarness.cs:line 29
at Kistl.GUI.Tests.BasicControlTests`1.SetUp() in D:\Programmierung\Kistl\Tests\Kistl.Client.Tests\GUI\BasicControlTests.cs:line 40
at Kistl.GUI.Tests.ValueControlTests`2.AddEvents() in D:\Programmierung\Kistl\Tests\Kistl.Client.Tests\GUI\ValueControlTests.cs:line 39
at Kistl.GUI.Renderer.WPF.Tests.ObjectReferenceControlTests.SetItemSource() in D:\Programmierung\Kistl\Tests\Kistl.Client.Tests\Renderer.WPF\ObjectControlTests.cs:line 37
--InvalidOperationException
at System.Windows.Input.InputManager..ctor()
at System.Windows.Input.InputManager.GetCurrentInputManagerImpl()
at System.Windows.Input.InputManager.get_Current()
at System.Windows.Input.KeyboardNavigation..ctor()
at System.Windows.FrameworkElement.EnsureFrameworkServices()
at System.Windows.FrameworkElement..ctor()
at System.Windows.Controls.Control..ctor()
at System.Windows.Controls.UserControl..ctor()
at Kistl.GUI.Renderer.WPF.PropertyControl..ctor()
at Kistl.GUI.Renderer.WPF.ObjectReferenceControl..ctor() in D:\Programmierung\Kistl\Kistl.Client.WPF\Renderer.WPF\ObjectReferenceControl.xaml.cs:line 30
]]></stack-trace>
                                    </failure>
                                  </test-case>
                                  <test-case name="Kistl.GUI.Renderer.WPF.Tests.ObjectReferenceControlTests.TestIsValidValue" executed="True" success="False" time="0.000" asserts="0">
                                    <failure>
                                      <message><![CDATA[System.Reflection.TargetInvocationException : Exception has been thrown by the target of an invocation.
  ----> System.InvalidOperationException : The calling thread must be STA, because many UI components require this.]]></message>
                                      <stack-trace><![CDATA[at System.RuntimeTypeHandle.CreateInstance(RuntimeType type, Boolean publicOnly, Boolean noCheck, Boolean& canBeCached, RuntimeMethodHandle& ctor, Boolean& bNeedSecurityCheck)
at System.RuntimeType.CreateInstanceSlow(Boolean publicOnly, Boolean fillCache)
at System.RuntimeType.CreateInstanceImpl(Boolean publicOnly, Boolean skipVisibilityChecks, Boolean fillCache)
at System.Activator.CreateInstance(Type type, Boolean nonPublic)
at System.Activator.CreateInstance(Type type)
at Kistl.GUI.DB.KistlGUIContext.CreateControl(ControlInfo info) in D:\Programmierung\Kistl\Kistl.Client\GUI.DB\KistlGUIContext.cs:line 51
at Kistl.GUI.Mocks.ControlHarness`1.SetUp() in D:\Programmierung\Kistl\Tests\Kistl.Client.Tests\Mocks\ControlHarness.cs:line 29
at Kistl.GUI.Tests.BasicControlTests`1.SetUp() in D:\Programmierung\Kistl\Tests\Kistl.Client.Tests\GUI\BasicControlTests.cs:line 40
at Kistl.GUI.Tests.ValueControlTests`2.AddEvents() in D:\Programmierung\Kistl\Tests\Kistl.Client.Tests\GUI\ValueControlTests.cs:line 39
at Kistl.GUI.Renderer.WPF.Tests.ObjectReferenceControlTests.SetItemSource() in D:\Programmierung\Kistl\Tests\Kistl.Client.Tests\Renderer.WPF\ObjectControlTests.cs:line 37
--InvalidOperationException
at System.Windows.Input.InputManager..ctor()
at System.Windows.Input.InputManager.GetCurrentInputManagerImpl()
at System.Windows.Input.InputManager.get_Current()
at System.Windows.Input.KeyboardNavigation..ctor()
at System.Windows.FrameworkElement.EnsureFrameworkServices()
at System.Windows.FrameworkElement..ctor()
at System.Windows.Controls.Control..ctor()
at System.Windows.Controls.UserControl..ctor()
at Kistl.GUI.Renderer.WPF.PropertyControl..ctor()
at Kistl.GUI.Renderer.WPF.ObjectReferenceControl..ctor() in D:\Programmierung\Kistl\Kistl.Client.WPF\Renderer.WPF\ObjectReferenceControl.xaml.cs:line 30
]]></stack-trace>
                                    </failure>
                                  </test-case>
                                  <test-case name="Kistl.GUI.Renderer.WPF.Tests.ObjectReferenceControlTests.TestItemsSource" executed="False">
                                    <reason>
                                      <message><![CDATA[unimplemented]]></message>
                                    </reason>
                                  </test-case>
                                  <test-case name="Kistl.GUI.Renderer.WPF.Tests.ObjectReferenceControlTests.TestObjectType" executed="True" success="False" time="0.000" asserts="0">
                                    <failure>
                                      <message><![CDATA[System.Reflection.TargetInvocationException : Exception has been thrown by the target of an invocation.
  ----> System.InvalidOperationException : The calling thread must be STA, because many UI components require this.]]></message>
                                      <stack-trace><![CDATA[at System.RuntimeTypeHandle.CreateInstance(RuntimeType type, Boolean publicOnly, Boolean noCheck, Boolean& canBeCached, RuntimeMethodHandle& ctor, Boolean& bNeedSecurityCheck)
at System.RuntimeType.CreateInstanceSlow(Boolean publicOnly, Boolean fillCache)
at System.RuntimeType.CreateInstanceImpl(Boolean publicOnly, Boolean skipVisibilityChecks, Boolean fillCache)
at System.Activator.CreateInstance(Type type, Boolean nonPublic)
at System.Activator.CreateInstance(Type type)
at Kistl.GUI.DB.KistlGUIContext.CreateControl(ControlInfo info) in D:\Programmierung\Kistl\Kistl.Client\GUI.DB\KistlGUIContext.cs:line 51
at Kistl.GUI.Mocks.ControlHarness`1.SetUp() in D:\Programmierung\Kistl\Tests\Kistl.Client.Tests\Mocks\ControlHarness.cs:line 29
at Kistl.GUI.Tests.BasicControlTests`1.SetUp() in D:\Programmierung\Kistl\Tests\Kistl.Client.Tests\GUI\BasicControlTests.cs:line 40
at Kistl.GUI.Tests.ValueControlTests`2.AddEvents() in D:\Programmierung\Kistl\Tests\Kistl.Client.Tests\GUI\ValueControlTests.cs:line 39
at Kistl.GUI.Renderer.WPF.Tests.ObjectReferenceControlTests.SetItemSource() in D:\Programmierung\Kistl\Tests\Kistl.Client.Tests\Renderer.WPF\ObjectControlTests.cs:line 37
--InvalidOperationException
at System.Windows.Input.InputManager..ctor()
at System.Windows.Input.InputManager.GetCurrentInputManagerImpl()
at System.Windows.Input.InputManager.get_Current()
at System.Windows.Input.KeyboardNavigation..ctor()
at System.Windows.FrameworkElement.EnsureFrameworkServices()
at System.Windows.FrameworkElement..ctor()
at System.Windows.Controls.Control..ctor()
at System.Windows.Controls.UserControl..ctor()
at Kistl.GUI.Renderer.WPF.PropertyControl..ctor()
at Kistl.GUI.Renderer.WPF.ObjectReferenceControl..ctor() in D:\Programmierung\Kistl\Kistl.Client.WPF\Renderer.WPF\ObjectReferenceControl.xaml.cs:line 30
]]></stack-trace>
                                    </failure>
                                  </test-case>
                                  <test-case name="Kistl.GUI.Renderer.WPF.Tests.ObjectReferenceControlTests.TestSetUpCorrect" executed="True" success="False" time="0.000" asserts="0">
                                    <failure>
                                      <message><![CDATA[System.Reflection.TargetInvocationException : Exception has been thrown by the target of an invocation.
  ----> System.InvalidOperationException : The calling thread must be STA, because many UI components require this.]]></message>
                                      <stack-trace><![CDATA[at System.RuntimeTypeHandle.CreateInstance(RuntimeType type, Boolean publicOnly, Boolean noCheck, Boolean& canBeCached, RuntimeMethodHandle& ctor, Boolean& bNeedSecurityCheck)
at System.RuntimeType.CreateInstanceSlow(Boolean publicOnly, Boolean fillCache)
at System.RuntimeType.CreateInstanceImpl(Boolean publicOnly, Boolean skipVisibilityChecks, Boolean fillCache)
at System.Activator.CreateInstance(Type type, Boolean nonPublic)
at System.Activator.CreateInstance(Type type)
at Kistl.GUI.DB.KistlGUIContext.CreateControl(ControlInfo info) in D:\Programmierung\Kistl\Kistl.Client\GUI.DB\KistlGUIContext.cs:line 51
at Kistl.GUI.Mocks.ControlHarness`1.SetUp() in D:\Programmierung\Kistl\Tests\Kistl.Client.Tests\Mocks\ControlHarness.cs:line 29
at Kistl.GUI.Tests.BasicControlTests`1.SetUp() in D:\Programmierung\Kistl\Tests\Kistl.Client.Tests\GUI\BasicControlTests.cs:line 40
at Kistl.GUI.Tests.ValueControlTests`2.AddEvents() in D:\Programmierung\Kistl\Tests\Kistl.Client.Tests\GUI\ValueControlTests.cs:line 39
at Kistl.GUI.Renderer.WPF.Tests.ObjectReferenceControlTests.SetItemSource() in D:\Programmierung\Kistl\Tests\Kistl.Client.Tests\Renderer.WPF\ObjectControlTests.cs:line 37
--InvalidOperationException
at System.Windows.Input.InputManager..ctor()
at System.Windows.Input.InputManager.GetCurrentInputManagerImpl()
at System.Windows.Input.InputManager.get_Current()
at System.Windows.Input.KeyboardNavigation..ctor()
at System.Windows.FrameworkElement.EnsureFrameworkServices()
at System.Windows.FrameworkElement..ctor()
at System.Windows.Controls.Control..ctor()
at System.Windows.Controls.UserControl..ctor()
at Kistl.GUI.Renderer.WPF.PropertyControl..ctor()
at Kistl.GUI.Renderer.WPF.ObjectReferenceControl..ctor() in D:\Programmierung\Kistl\Kistl.Client.WPF\Renderer.WPF\ObjectReferenceControl.xaml.cs:line 30
]]></stack-trace>
                                    </failure>
                                  </test-case>
                                  <test-case name="Kistl.GUI.Renderer.WPF.Tests.ObjectReferenceControlTests.TestShortLabel" executed="True" success="False" time="0.000" asserts="0">
                                    <failure>
                                      <message><![CDATA[System.Reflection.TargetInvocationException : Exception has been thrown by the target of an invocation.
  ----> System.InvalidOperationException : The calling thread must be STA, because many UI components require this.]]></message>
                                      <stack-trace><![CDATA[at System.RuntimeTypeHandle.CreateInstance(RuntimeType type, Boolean publicOnly, Boolean noCheck, Boolean& canBeCached, RuntimeMethodHandle& ctor, Boolean& bNeedSecurityCheck)
at System.RuntimeType.CreateInstanceSlow(Boolean publicOnly, Boolean fillCache)
at System.RuntimeType.CreateInstanceImpl(Boolean publicOnly, Boolean skipVisibilityChecks, Boolean fillCache)
at System.Activator.CreateInstance(Type type, Boolean nonPublic)
at System.Activator.CreateInstance(Type type)
at Kistl.GUI.DB.KistlGUIContext.CreateControl(ControlInfo info) in D:\Programmierung\Kistl\Kistl.Client\GUI.DB\KistlGUIContext.cs:line 51
at Kistl.GUI.Mocks.ControlHarness`1.SetUp() in D:\Programmierung\Kistl\Tests\Kistl.Client.Tests\Mocks\ControlHarness.cs:line 29
at Kistl.GUI.Tests.BasicControlTests`1.SetUp() in D:\Programmierung\Kistl\Tests\Kistl.Client.Tests\GUI\BasicControlTests.cs:line 40
at Kistl.GUI.Tests.ValueControlTests`2.AddEvents() in D:\Programmierung\Kistl\Tests\Kistl.Client.Tests\GUI\ValueControlTests.cs:line 39
at Kistl.GUI.Renderer.WPF.Tests.ObjectReferenceControlTests.SetItemSource() in D:\Programmierung\Kistl\Tests\Kistl.Client.Tests\Renderer.WPF\ObjectControlTests.cs:line 37
--InvalidOperationException
at System.Windows.Input.InputManager..ctor()
at System.Windows.Input.InputManager.GetCurrentInputManagerImpl()
at System.Windows.Input.InputManager.get_Current()
at System.Windows.Input.KeyboardNavigation..ctor()
at System.Windows.FrameworkElement.EnsureFrameworkServices()
at System.Windows.FrameworkElement..ctor()
at System.Windows.Controls.Control..ctor()
at System.Windows.Controls.UserControl..ctor()
at Kistl.GUI.Renderer.WPF.PropertyControl..ctor()
at Kistl.GUI.Renderer.WPF.ObjectReferenceControl..ctor() in D:\Programmierung\Kistl\Kistl.Client.WPF\Renderer.WPF\ObjectReferenceControl.xaml.cs:line 30
]]></stack-trace>
                                    </failure>
                                  </test-case>
                                  <test-case name="Kistl.GUI.Renderer.WPF.Tests.ObjectReferenceControlTests.TestUserInput" executed="True" success="False" time="0.000" asserts="0">
                                    <failure>
                                      <message><![CDATA[System.Reflection.TargetInvocationException : Exception has been thrown by the target of an invocation.
  ----> System.InvalidOperationException : The calling thread must be STA, because many UI components require this.]]></message>
                                      <stack-trace><![CDATA[at System.RuntimeTypeHandle.CreateInstance(RuntimeType type, Boolean publicOnly, Boolean noCheck, Boolean& canBeCached, RuntimeMethodHandle& ctor, Boolean& bNeedSecurityCheck)
at System.RuntimeType.CreateInstanceSlow(Boolean publicOnly, Boolean fillCache)
at System.RuntimeType.CreateInstanceImpl(Boolean publicOnly, Boolean skipVisibilityChecks, Boolean fillCache)
at System.Activator.CreateInstance(Type type, Boolean nonPublic)
at System.Activator.CreateInstance(Type type)
at Kistl.GUI.DB.KistlGUIContext.CreateControl(ControlInfo info) in D:\Programmierung\Kistl\Kistl.Client\GUI.DB\KistlGUIContext.cs:line 51
at Kistl.GUI.Mocks.ControlHarness`1.SetUp() in D:\Programmierung\Kistl\Tests\Kistl.Client.Tests\Mocks\ControlHarness.cs:line 29
at Kistl.GUI.Tests.BasicControlTests`1.SetUp() in D:\Programmierung\Kistl\Tests\Kistl.Client.Tests\GUI\BasicControlTests.cs:line 40
at Kistl.GUI.Tests.ValueControlTests`2.AddEvents() in D:\Programmierung\Kistl\Tests\Kistl.Client.Tests\GUI\ValueControlTests.cs:line 39
at Kistl.GUI.Renderer.WPF.Tests.ObjectReferenceControlTests.SetItemSource() in D:\Programmierung\Kistl\Tests\Kistl.Client.Tests\Renderer.WPF\ObjectControlTests.cs:line 37
--InvalidOperationException
at System.Windows.Input.InputManager..ctor()
at System.Windows.Input.InputManager.GetCurrentInputManagerImpl()
at System.Windows.Input.InputManager.get_Current()
at System.Windows.Input.KeyboardNavigation..ctor()
at System.Windows.FrameworkElement.EnsureFrameworkServices()
at System.Windows.FrameworkElement..ctor()
at System.Windows.Controls.Control..ctor()
at System.Windows.Controls.UserControl..ctor()
at Kistl.GUI.Renderer.WPF.PropertyControl..ctor()
at Kistl.GUI.Renderer.WPF.ObjectReferenceControl..ctor() in D:\Programmierung\Kistl\Kistl.Client.WPF\Renderer.WPF\ObjectReferenceControl.xaml.cs:line 30
]]></stack-trace>
                                    </failure>
                                  </test-case>
                                  <test-case name="Kistl.GUI.Renderer.WPF.Tests.ObjectReferenceControlTests.TestValueProgrammatically" executed="True" success="False" time="0.016" asserts="0">
                                    <failure>
                                      <message><![CDATA[System.Reflection.TargetInvocationException : Exception has been thrown by the target of an invocation.
  ----> System.InvalidOperationException : The calling thread must be STA, because many UI components require this.]]></message>
                                      <stack-trace><![CDATA[at System.RuntimeTypeHandle.CreateInstance(RuntimeType type, Boolean publicOnly, Boolean noCheck, Boolean& canBeCached, RuntimeMethodHandle& ctor, Boolean& bNeedSecurityCheck)
at System.RuntimeType.CreateInstanceSlow(Boolean publicOnly, Boolean fillCache)
at System.RuntimeType.CreateInstanceImpl(Boolean publicOnly, Boolean skipVisibilityChecks, Boolean fillCache)
at System.Activator.CreateInstance(Type type, Boolean nonPublic)
at System.Activator.CreateInstance(Type type)
at Kistl.GUI.DB.KistlGUIContext.CreateControl(ControlInfo info) in D:\Programmierung\Kistl\Kistl.Client\GUI.DB\KistlGUIContext.cs:line 51
at Kistl.GUI.Mocks.ControlHarness`1.SetUp() in D:\Programmierung\Kistl\Tests\Kistl.Client.Tests\Mocks\ControlHarness.cs:line 29
at Kistl.GUI.Tests.BasicControlTests`1.SetUp() in D:\Programmierung\Kistl\Tests\Kistl.Client.Tests\GUI\BasicControlTests.cs:line 40
at Kistl.GUI.Tests.ValueControlTests`2.AddEvents() in D:\Programmierung\Kistl\Tests\Kistl.Client.Tests\GUI\ValueControlTests.cs:line 39
at Kistl.GUI.Renderer.WPF.Tests.ObjectReferenceControlTests.SetItemSource() in D:\Programmierung\Kistl\Tests\Kistl.Client.Tests\Renderer.WPF\ObjectControlTests.cs:line 37
--InvalidOperationException
at System.Windows.Input.InputManager..ctor()
at System.Windows.Input.InputManager.GetCurrentInputManagerImpl()
at System.Windows.Input.InputManager.get_Current()
at System.Windows.Input.KeyboardNavigation..ctor()
at System.Windows.FrameworkElement.EnsureFrameworkServices()
at System.Windows.FrameworkElement..ctor()
at System.Windows.Controls.Control..ctor()
at System.Windows.Controls.UserControl..ctor()
at Kistl.GUI.Renderer.WPF.PropertyControl..ctor()
at Kistl.GUI.Renderer.WPF.ObjectReferenceControl..ctor() in D:\Programmierung\Kistl\Kistl.Client.WPF\Renderer.WPF\ObjectReferenceControl.xaml.cs:line 30
]]></stack-trace>
                                    </failure>
                                  </test-case>
                                </results>
                              </test-suite>
                              <test-suite name="StringControlTests" success="False" time="0.062" asserts="2">
                                <results>
                                  <test-case name="Kistl.GUI.Renderer.WPF.Tests.StringControlTests.TestDescription" executed="True" success="False" time="0.016" asserts="0">
                                    <failure>
                                      <message><![CDATA[System.Reflection.TargetInvocationException : Exception has been thrown by the target of an invocation.
  ----> System.InvalidOperationException : The calling thread must be STA, because many UI components require this.]]></message>
                                      <stack-trace><![CDATA[at System.RuntimeTypeHandle.CreateInstance(RuntimeType type, Boolean publicOnly, Boolean noCheck, Boolean& canBeCached, RuntimeMethodHandle& ctor, Boolean& bNeedSecurityCheck)
at System.RuntimeType.CreateInstanceSlow(Boolean publicOnly, Boolean fillCache)
at System.RuntimeType.CreateInstanceImpl(Boolean publicOnly, Boolean skipVisibilityChecks, Boolean fillCache)
at System.Activator.CreateInstance(Type type, Boolean nonPublic)
at System.Activator.CreateInstance(Type type)
at Kistl.GUI.DB.KistlGUIContext.CreateControl(ControlInfo info) in D:\Programmierung\Kistl\Kistl.Client\GUI.DB\KistlGUIContext.cs:line 51
at Kistl.GUI.Mocks.ControlHarness`1.SetUp() in D:\Programmierung\Kistl\Tests\Kistl.Client.Tests\Mocks\ControlHarness.cs:line 29
at Kistl.GUI.Tests.BasicControlTests`1.SetUp() in D:\Programmierung\Kistl\Tests\Kistl.Client.Tests\GUI\BasicControlTests.cs:line 40
at Kistl.GUI.Tests.ValueControlTests`2.AddEvents() in D:\Programmierung\Kistl\Tests\Kistl.Client.Tests\GUI\ValueControlTests.cs:line 39
--InvalidOperationException
at System.Windows.Input.InputManager..ctor()
at System.Windows.Input.InputManager.GetCurrentInputManagerImpl()
at System.Windows.Input.InputManager.get_Current()
at System.Windows.Input.KeyboardNavigation..ctor()
at System.Windows.FrameworkElement.EnsureFrameworkServices()
at System.Windows.FrameworkElement..ctor()
at System.Windows.Controls.Control..ctor()
at System.Windows.Controls.UserControl..ctor()
at Kistl.GUI.Renderer.WPF.PropertyControl..ctor()
at Kistl.GUI.Renderer.WPF.EditSimpleProperty..ctor() in D:\Programmierung\Kistl\Kistl.Client.WPF\Renderer.WPF\EditSimpleProperty.xaml.cs:line 25
]]></stack-trace>
                                    </failure>
                                  </test-case>
                                  <test-case name="Kistl.GUI.Renderer.WPF.Tests.StringControlTests.TestFieldSize" executed="True" success="False" time="0.000" asserts="0">
                                    <failure>
                                      <message><![CDATA[System.Reflection.TargetInvocationException : Exception has been thrown by the target of an invocation.
  ----> System.InvalidOperationException : The calling thread must be STA, because many UI components require this.]]></message>
                                      <stack-trace><![CDATA[at System.RuntimeTypeHandle.CreateInstance(RuntimeType type, Boolean publicOnly, Boolean noCheck, Boolean& canBeCached, RuntimeMethodHandle& ctor, Boolean& bNeedSecurityCheck)
at System.RuntimeType.CreateInstanceSlow(Boolean publicOnly, Boolean fillCache)
at System.RuntimeType.CreateInstanceImpl(Boolean publicOnly, Boolean skipVisibilityChecks, Boolean fillCache)
at System.Activator.CreateInstance(Type type, Boolean nonPublic)
at System.Activator.CreateInstance(Type type)
at Kistl.GUI.DB.KistlGUIContext.CreateControl(ControlInfo info) in D:\Programmierung\Kistl\Kistl.Client\GUI.DB\KistlGUIContext.cs:line 51
at Kistl.GUI.Mocks.ControlHarness`1.SetUp() in D:\Programmierung\Kistl\Tests\Kistl.Client.Tests\Mocks\ControlHarness.cs:line 29
at Kistl.GUI.Tests.BasicControlTests`1.SetUp() in D:\Programmierung\Kistl\Tests\Kistl.Client.Tests\GUI\BasicControlTests.cs:line 40
at Kistl.GUI.Tests.ValueControlTests`2.AddEvents() in D:\Programmierung\Kistl\Tests\Kistl.Client.Tests\GUI\ValueControlTests.cs:line 39
--InvalidOperationException
at System.Windows.Input.InputManager..ctor()
at System.Windows.Input.InputManager.GetCurrentInputManagerImpl()
at System.Windows.Input.InputManager.get_Current()
at System.Windows.Input.KeyboardNavigation..ctor()
at System.Windows.FrameworkElement.EnsureFrameworkServices()
at System.Windows.FrameworkElement..ctor()
at System.Windows.Controls.Control..ctor()
at System.Windows.Controls.UserControl..ctor()
at Kistl.GUI.Renderer.WPF.PropertyControl..ctor()
at Kistl.GUI.Renderer.WPF.EditSimpleProperty..ctor() in D:\Programmierung\Kistl\Kistl.Client.WPF\Renderer.WPF\EditSimpleProperty.xaml.cs:line 25
]]></stack-trace>
                                    </failure>
                                  </test-case>
                                  <test-case name="Kistl.GUI.Renderer.WPF.Tests.StringControlTests.TestIsValidValue" executed="True" success="False" time="0.000" asserts="0">
                                    <failure>
                                      <message><![CDATA[System.Reflection.TargetInvocationException : Exception has been thrown by the target of an invocation.
  ----> System.InvalidOperationException : The calling thread must be STA, because many UI components require this.]]></message>
                                      <stack-trace><![CDATA[at System.RuntimeTypeHandle.CreateInstance(RuntimeType type, Boolean publicOnly, Boolean noCheck, Boolean& canBeCached, RuntimeMethodHandle& ctor, Boolean& bNeedSecurityCheck)
at System.RuntimeType.CreateInstanceSlow(Boolean publicOnly, Boolean fillCache)
at System.RuntimeType.CreateInstanceImpl(Boolean publicOnly, Boolean skipVisibilityChecks, Boolean fillCache)
at System.Activator.CreateInstance(Type type, Boolean nonPublic)
at System.Activator.CreateInstance(Type type)
at Kistl.GUI.DB.KistlGUIContext.CreateControl(ControlInfo info) in D:\Programmierung\Kistl\Kistl.Client\GUI.DB\KistlGUIContext.cs:line 51
at Kistl.GUI.Mocks.ControlHarness`1.SetUp() in D:\Programmierung\Kistl\Tests\Kistl.Client.Tests\Mocks\ControlHarness.cs:line 29
at Kistl.GUI.Tests.BasicControlTests`1.SetUp() in D:\Programmierung\Kistl\Tests\Kistl.Client.Tests\GUI\BasicControlTests.cs:line 40
at Kistl.GUI.Tests.ValueControlTests`2.AddEvents() in D:\Programmierung\Kistl\Tests\Kistl.Client.Tests\GUI\ValueControlTests.cs:line 39
--InvalidOperationException
at System.Windows.Input.InputManager..ctor()
at System.Windows.Input.InputManager.GetCurrentInputManagerImpl()
at System.Windows.Input.InputManager.get_Current()
at System.Windows.Input.KeyboardNavigation..ctor()
at System.Windows.FrameworkElement.EnsureFrameworkServices()
at System.Windows.FrameworkElement..ctor()
at System.Windows.Controls.Control..ctor()
at System.Windows.Controls.UserControl..ctor()
at Kistl.GUI.Renderer.WPF.PropertyControl..ctor()
at Kistl.GUI.Renderer.WPF.EditSimpleProperty..ctor() in D:\Programmierung\Kistl\Kistl.Client.WPF\Renderer.WPF\EditSimpleProperty.xaml.cs:line 25
]]></stack-trace>
                                    </failure>
                                  </test-case>
                                  <test-case name="Kistl.GUI.Renderer.WPF.Tests.StringControlTests.TestSetUpCorrect" executed="True" success="False" time="0.000" asserts="0">
                                    <failure>
                                      <message><![CDATA[System.Reflection.TargetInvocationException : Exception has been thrown by the target of an invocation.
  ----> System.InvalidOperationException : The calling thread must be STA, because many UI components require this.]]></message>
                                      <stack-trace><![CDATA[at System.RuntimeTypeHandle.CreateInstance(RuntimeType type, Boolean publicOnly, Boolean noCheck, Boolean& canBeCached, RuntimeMethodHandle& ctor, Boolean& bNeedSecurityCheck)
at System.RuntimeType.CreateInstanceSlow(Boolean publicOnly, Boolean fillCache)
at System.RuntimeType.CreateInstanceImpl(Boolean publicOnly, Boolean skipVisibilityChecks, Boolean fillCache)
at System.Activator.CreateInstance(Type type, Boolean nonPublic)
at System.Activator.CreateInstance(Type type)
at Kistl.GUI.DB.KistlGUIContext.CreateControl(ControlInfo info) in D:\Programmierung\Kistl\Kistl.Client\GUI.DB\KistlGUIContext.cs:line 51
at Kistl.GUI.Mocks.ControlHarness`1.SetUp() in D:\Programmierung\Kistl\Tests\Kistl.Client.Tests\Mocks\ControlHarness.cs:line 29
at Kistl.GUI.Tests.BasicControlTests`1.SetUp() in D:\Programmierung\Kistl\Tests\Kistl.Client.Tests\GUI\BasicControlTests.cs:line 40
at Kistl.GUI.Tests.ValueControlTests`2.AddEvents() in D:\Programmierung\Kistl\Tests\Kistl.Client.Tests\GUI\ValueControlTests.cs:line 39
--InvalidOperationException
at System.Windows.Input.InputManager..ctor()
at System.Windows.Input.InputManager.GetCurrentInputManagerImpl()
at System.Windows.Input.InputManager.get_Current()
at System.Windows.Input.KeyboardNavigation..ctor()
at System.Windows.FrameworkElement.EnsureFrameworkServices()
at System.Windows.FrameworkElement..ctor()
at System.Windows.Controls.Control..ctor()
at System.Windows.Controls.UserControl..ctor()
at Kistl.GUI.Renderer.WPF.PropertyControl..ctor()
at Kistl.GUI.Renderer.WPF.EditSimpleProperty..ctor() in D:\Programmierung\Kistl\Kistl.Client.WPF\Renderer.WPF\EditSimpleProperty.xaml.cs:line 25
]]></stack-trace>
                                    </failure>
                                  </test-case>
                                  <test-case name="Kistl.GUI.Renderer.WPF.Tests.StringControlTests.TestShortLabel" executed="True" success="False" time="0.000" asserts="0">
                                    <failure>
                                      <message><![CDATA[System.Reflection.TargetInvocationException : Exception has been thrown by the target of an invocation.
  ----> System.InvalidOperationException : The calling thread must be STA, because many UI components require this.]]></message>
                                      <stack-trace><![CDATA[at System.RuntimeTypeHandle.CreateInstance(RuntimeType type, Boolean publicOnly, Boolean noCheck, Boolean& canBeCached, RuntimeMethodHandle& ctor, Boolean& bNeedSecurityCheck)
at System.RuntimeType.CreateInstanceSlow(Boolean publicOnly, Boolean fillCache)
at System.RuntimeType.CreateInstanceImpl(Boolean publicOnly, Boolean skipVisibilityChecks, Boolean fillCache)
at System.Activator.CreateInstance(Type type, Boolean nonPublic)
at System.Activator.CreateInstance(Type type)
at Kistl.GUI.DB.KistlGUIContext.CreateControl(ControlInfo info) in D:\Programmierung\Kistl\Kistl.Client\GUI.DB\KistlGUIContext.cs:line 51
at Kistl.GUI.Mocks.ControlHarness`1.SetUp() in D:\Programmierung\Kistl\Tests\Kistl.Client.Tests\Mocks\ControlHarness.cs:line 29
at Kistl.GUI.Tests.BasicControlTests`1.SetUp() in D:\Programmierung\Kistl\Tests\Kistl.Client.Tests\GUI\BasicControlTests.cs:line 40
at Kistl.GUI.Tests.ValueControlTests`2.AddEvents() in D:\Programmierung\Kistl\Tests\Kistl.Client.Tests\GUI\ValueControlTests.cs:line 39
--InvalidOperationException
at System.Windows.Input.InputManager..ctor()
at System.Windows.Input.InputManager.GetCurrentInputManagerImpl()
at System.Windows.Input.InputManager.get_Current()
at System.Windows.Input.KeyboardNavigation..ctor()
at System.Windows.FrameworkElement.EnsureFrameworkServices()
at System.Windows.FrameworkElement..ctor()
at System.Windows.Controls.Control..ctor()
at System.Windows.Controls.UserControl..ctor()
at Kistl.GUI.Renderer.WPF.PropertyControl..ctor()
at Kistl.GUI.Renderer.WPF.EditSimpleProperty..ctor() in D:\Programmierung\Kistl\Kistl.Client.WPF\Renderer.WPF\EditSimpleProperty.xaml.cs:line 25
]]></stack-trace>
                                    </failure>
                                  </test-case>
                                  <test-case name="Kistl.GUI.Renderer.WPF.Tests.StringControlTests.TestUserInput" executed="True" success="False" time="0.000" asserts="0">
                                    <failure>
                                      <message><![CDATA[System.Reflection.TargetInvocationException : Exception has been thrown by the target of an invocation.
  ----> System.InvalidOperationException : The calling thread must be STA, because many UI components require this.]]></message>
                                      <stack-trace><![CDATA[at System.RuntimeTypeHandle.CreateInstance(RuntimeType type, Boolean publicOnly, Boolean noCheck, Boolean& canBeCached, RuntimeMethodHandle& ctor, Boolean& bNeedSecurityCheck)
at System.RuntimeType.CreateInstanceSlow(Boolean publicOnly, Boolean fillCache)
at System.RuntimeType.CreateInstanceImpl(Boolean publicOnly, Boolean skipVisibilityChecks, Boolean fillCache)
at System.Activator.CreateInstance(Type type, Boolean nonPublic)
at System.Activator.CreateInstance(Type type)
at Kistl.GUI.DB.KistlGUIContext.CreateControl(ControlInfo info) in D:\Programmierung\Kistl\Kistl.Client\GUI.DB\KistlGUIContext.cs:line 51
at Kistl.GUI.Mocks.ControlHarness`1.SetUp() in D:\Programmierung\Kistl\Tests\Kistl.Client.Tests\Mocks\ControlHarness.cs:line 29
at Kistl.GUI.Tests.BasicControlTests`1.SetUp() in D:\Programmierung\Kistl\Tests\Kistl.Client.Tests\GUI\BasicControlTests.cs:line 40
at Kistl.GUI.Tests.ValueControlTests`2.AddEvents() in D:\Programmierung\Kistl\Tests\Kistl.Client.Tests\GUI\ValueControlTests.cs:line 39
--InvalidOperationException
at System.Windows.Input.InputManager..ctor()
at System.Windows.Input.InputManager.GetCurrentInputManagerImpl()
at System.Windows.Input.InputManager.get_Current()
at System.Windows.Input.KeyboardNavigation..ctor()
at System.Windows.FrameworkElement.EnsureFrameworkServices()
at System.Windows.FrameworkElement..ctor()
at System.Windows.Controls.Control..ctor()
at System.Windows.Controls.UserControl..ctor()
at Kistl.GUI.Renderer.WPF.PropertyControl..ctor()
at Kistl.GUI.Renderer.WPF.EditSimpleProperty..ctor() in D:\Programmierung\Kistl\Kistl.Client.WPF\Renderer.WPF\EditSimpleProperty.xaml.cs:line 25
]]></stack-trace>
                                    </failure>
                                  </test-case>
                                  <test-case name="Kistl.GUI.Renderer.WPF.Tests.StringControlTests.TestValueProgrammatically" executed="True" success="False" time="0.000" asserts="0">
                                    <failure>
                                      <message><![CDATA[System.Reflection.TargetInvocationException : Exception has been thrown by the target of an invocation.
  ----> System.InvalidOperationException : The calling thread must be STA, because many UI components require this.]]></message>
                                      <stack-trace><![CDATA[at System.RuntimeTypeHandle.CreateInstance(RuntimeType type, Boolean publicOnly, Boolean noCheck, Boolean& canBeCached, RuntimeMethodHandle& ctor, Boolean& bNeedSecurityCheck)
at System.RuntimeType.CreateInstanceSlow(Boolean publicOnly, Boolean fillCache)
at System.RuntimeType.CreateInstanceImpl(Boolean publicOnly, Boolean skipVisibilityChecks, Boolean fillCache)
at System.Activator.CreateInstance(Type type, Boolean nonPublic)
at System.Activator.CreateInstance(Type type)
at Kistl.GUI.DB.KistlGUIContext.CreateControl(ControlInfo info) in D:\Programmierung\Kistl\Kistl.Client\GUI.DB\KistlGUIContext.cs:line 51
at Kistl.GUI.Mocks.ControlHarness`1.SetUp() in D:\Programmierung\Kistl\Tests\Kistl.Client.Tests\Mocks\ControlHarness.cs:line 29
at Kistl.GUI.Tests.BasicControlTests`1.SetUp() in D:\Programmierung\Kistl\Tests\Kistl.Client.Tests\GUI\BasicControlTests.cs:line 40
at Kistl.GUI.Tests.ValueControlTests`2.AddEvents() in D:\Programmierung\Kistl\Tests\Kistl.Client.Tests\GUI\ValueControlTests.cs:line 39
--InvalidOperationException
at System.Windows.Input.InputManager..ctor()
at System.Windows.Input.InputManager.GetCurrentInputManagerImpl()
at System.Windows.Input.InputManager.get_Current()
at System.Windows.Input.KeyboardNavigation..ctor()
at System.Windows.FrameworkElement.EnsureFrameworkServices()
at System.Windows.FrameworkElement..ctor()
at System.Windows.Controls.Control..ctor()
at System.Windows.Controls.UserControl..ctor()
at Kistl.GUI.Renderer.WPF.PropertyControl..ctor()
at Kistl.GUI.Renderer.WPF.EditSimpleProperty..ctor() in D:\Programmierung\Kistl\Kistl.Client.WPF\Renderer.WPF\EditSimpleProperty.xaml.cs:line 25
]]></stack-trace>
                                    </failure>
                                  </test-case>
                                </results>
                              </test-suite>
                            </results>
                          </test-suite>
                        </results>
                      </test-suite>
                    </results>
                  </test-suite>
                  <test-suite name="Tests" success="False" time="0.998" asserts="0">
                    <results>
                      <test-suite name="BackReferencePresenterTests" success="False" time="0.094" asserts="2">
                        <results>
                          <test-case name="Kistl.GUI.Tests.BackReferencePresenterTests.HandleInvalidUserInput" executed="True" success="False" time="0.031" asserts="0">
                            <failure>
                              <message><![CDATA[System.ArgumentException : Exception of type 'System.ArgumentException' was thrown.
Parameter name: typeName@0]]></message>
                              <stack-trace><![CDATA[at System.RuntimeTypeHandle._GetTypeByName(String name, Boolean throwOnError, Boolean ignoreCase, Boolean reflectionOnly, StackCrawlMark& stackMark, Boolean loadTypeFromPartialName)
at System.RuntimeTypeHandle.GetTypeByName(String name, Boolean throwOnError, Boolean ignoreCase, Boolean reflectionOnly, StackCrawlMark& stackMark)
at System.RuntimeType.PrivateGetType(String typeName, Boolean throwOnError, Boolean ignoreCase, Boolean reflectionOnly, StackCrawlMark& stackMark)
at System.Type.GetType(String typeName, Boolean throwOnError)
at Kistl.Client.TheseMethodsShouldBeImplementedOnKistlObjects.GetDataCLRType(BaseProperty p) in D:\Programmierung\Kistl\Kistl.Client\TheseMethodsShouldBeImplementedOnKistlObjects.cs:line 70
at Kistl.GUI.DB.KistlGUIContext.CreatePresenter(PresenterInfo info, IDataObject obj, Visual v, IBasicControl ctrl) in D:\Programmierung\Kistl\Kistl.Client\GUI.DB\KistlGUIContext.cs:line 68
at Kistl.GUI.Mocks.PresenterHarness`3.SetUp() in D:\Programmierung\Kistl\Tests\Kistl.Client.Tests\Mocks\PresenterHarness.cs:line 32
at Kistl.GUI.Tests.BackReferencePresenterTests.SetUp() in D:\Programmierung\Kistl\Tests\Kistl.Client.Tests\GUI\ObjectPresenterTests.cs:line 295
]]></stack-trace>
                            </failure>
                          </test-case>
                          <test-case name="Kistl.GUI.Tests.BackReferencePresenterTests.HandleNoUserInput" executed="True" success="False" time="0.000" asserts="0">
                            <failure>
                              <message><![CDATA[System.ArgumentException : Exception of type 'System.ArgumentException' was thrown.
Parameter name: typeName@0]]></message>
                              <stack-trace><![CDATA[at System.RuntimeTypeHandle._GetTypeByName(String name, Boolean throwOnError, Boolean ignoreCase, Boolean reflectionOnly, StackCrawlMark& stackMark, Boolean loadTypeFromPartialName)
at System.RuntimeTypeHandle.GetTypeByName(String name, Boolean throwOnError, Boolean ignoreCase, Boolean reflectionOnly, StackCrawlMark& stackMark)
at System.RuntimeType.PrivateGetType(String typeName, Boolean throwOnError, Boolean ignoreCase, Boolean reflectionOnly, StackCrawlMark& stackMark)
at System.Type.GetType(String typeName, Boolean throwOnError)
at Kistl.Client.TheseMethodsShouldBeImplementedOnKistlObjects.GetDataCLRType(BaseProperty p) in D:\Programmierung\Kistl\Kistl.Client\TheseMethodsShouldBeImplementedOnKistlObjects.cs:line 70
at Kistl.GUI.DB.KistlGUIContext.CreatePresenter(PresenterInfo info, IDataObject obj, Visual v, IBasicControl ctrl) in D:\Programmierung\Kistl\Kistl.Client\GUI.DB\KistlGUIContext.cs:line 68
at Kistl.GUI.Mocks.PresenterHarness`3.SetUp() in D:\Programmierung\Kistl\Tests\Kistl.Client.Tests\Mocks\PresenterHarness.cs:line 32
at Kistl.GUI.Tests.BackReferencePresenterTests.SetUp() in D:\Programmierung\Kistl\Tests\Kistl.Client.Tests\GUI\ObjectPresenterTests.cs:line 295
]]></stack-trace>
                            </failure>
                          </test-case>
                          <test-case name="Kistl.GUI.Tests.BackReferencePresenterTests.HandleNullUserInput" executed="False">
                            <reason>
                              <message><![CDATA[Has to be re-evaluated after List/generic Presenter refactoring]]></message>
                            </reason>
                          </test-case>
                          <test-case name="Kistl.GUI.Tests.BackReferencePresenterTests.HandleProgrammaticChange" executed="True" success="False" time="0.016" asserts="0">
                            <failure>
                              <message><![CDATA[System.ArgumentException : Exception of type 'System.ArgumentException' was thrown.
Parameter name: typeName@0]]></message>
                              <stack-trace><![CDATA[at System.RuntimeTypeHandle._GetTypeByName(String name, Boolean throwOnError, Boolean ignoreCase, Boolean reflectionOnly, StackCrawlMark& stackMark, Boolean loadTypeFromPartialName)
at System.RuntimeTypeHandle.GetTypeByName(String name, Boolean throwOnError, Boolean ignoreCase, Boolean reflectionOnly, StackCrawlMark& stackMark)
at System.RuntimeType.PrivateGetType(String typeName, Boolean throwOnError, Boolean ignoreCase, Boolean reflectionOnly, StackCrawlMark& stackMark)
at System.Type.GetType(String typeName, Boolean throwOnError)
at Kistl.Client.TheseMethodsShouldBeImplementedOnKistlObjects.GetDataCLRType(BaseProperty p) in D:\Programmierung\Kistl\Kistl.Client\TheseMethodsShouldBeImplementedOnKistlObjects.cs:line 70
at Kistl.GUI.DB.KistlGUIContext.CreatePresenter(PresenterInfo info, IDataObject obj, Visual v, IBasicControl ctrl) in D:\Programmierung\Kistl\Kistl.Client\GUI.DB\KistlGUIContext.cs:line 68
at Kistl.GUI.Mocks.PresenterHarness`3.SetUp() in D:\Programmierung\Kistl\Tests\Kistl.Client.Tests\Mocks\PresenterHarness.cs:line 32
at Kistl.GUI.Tests.BackReferencePresenterTests.SetUp() in D:\Programmierung\Kistl\Tests\Kistl.Client.Tests\GUI\ObjectPresenterTests.cs:line 295
]]></stack-trace>
                            </failure>
                          </test-case>
                          <test-case name="Kistl.GUI.Tests.BackReferencePresenterTests.HandleValidUserInput" executed="True" success="False" time="0.000" asserts="0">
                            <failure>
                              <message><![CDATA[System.ArgumentException : Exception of type 'System.ArgumentException' was thrown.
Parameter name: typeName@0]]></message>
                              <stack-trace><![CDATA[at System.RuntimeTypeHandle._GetTypeByName(String name, Boolean throwOnError, Boolean ignoreCase, Boolean reflectionOnly, StackCrawlMark& stackMark, Boolean loadTypeFromPartialName)
at System.RuntimeTypeHandle.GetTypeByName(String name, Boolean throwOnError, Boolean ignoreCase, Boolean reflectionOnly, StackCrawlMark& stackMark)
at System.RuntimeType.PrivateGetType(String typeName, Boolean throwOnError, Boolean ignoreCase, Boolean reflectionOnly, StackCrawlMark& stackMark)
at System.Type.GetType(String typeName, Boolean throwOnError)
at Kistl.Client.TheseMethodsShouldBeImplementedOnKistlObjects.GetDataCLRType(BaseProperty p) in D:\Programmierung\Kistl\Kistl.Client\TheseMethodsShouldBeImplementedOnKistlObjects.cs:line 70
at Kistl.GUI.DB.KistlGUIContext.CreatePresenter(PresenterInfo info, IDataObject obj, Visual v, IBasicControl ctrl) in D:\Programmierung\Kistl\Kistl.Client\GUI.DB\KistlGUIContext.cs:line 68
at Kistl.GUI.Mocks.PresenterHarness`3.SetUp() in D:\Programmierung\Kistl\Tests\Kistl.Client.Tests\Mocks\PresenterHarness.cs:line 32
at Kistl.GUI.Tests.BackReferencePresenterTests.SetUp() in D:\Programmierung\Kistl\Tests\Kistl.Client.Tests\GUI\ObjectPresenterTests.cs:line 295
]]></stack-trace>
                            </failure>
                          </test-case>
                          <test-case name="Kistl.GUI.Tests.BackReferencePresenterTests.ReInit" executed="True" success="False" time="0.016" asserts="0">
                            <failure>
                              <message><![CDATA[System.ArgumentException : Exception of type 'System.ArgumentException' was thrown.
Parameter name: typeName@0]]></message>
                              <stack-trace><![CDATA[at System.RuntimeTypeHandle._GetTypeByName(String name, Boolean throwOnError, Boolean ignoreCase, Boolean reflectionOnly, StackCrawlMark& stackMark, Boolean loadTypeFromPartialName)
at System.RuntimeTypeHandle.GetTypeByName(String name, Boolean throwOnError, Boolean ignoreCase, Boolean reflectionOnly, StackCrawlMark& stackMark)
at System.RuntimeType.PrivateGetType(String typeName, Boolean throwOnError, Boolean ignoreCase, Boolean reflectionOnly, StackCrawlMark& stackMark)
at System.Type.GetType(String typeName, Boolean throwOnError)
at Kistl.Client.TheseMethodsShouldBeImplementedOnKistlObjects.GetDataCLRType(BaseProperty p) in D:\Programmierung\Kistl\Kistl.Client\TheseMethodsShouldBeImplementedOnKistlObjects.cs:line 70
at Kistl.GUI.DB.KistlGUIContext.CreatePresenter(PresenterInfo info, IDataObject obj, Visual v, IBasicControl ctrl) in D:\Programmierung\Kistl\Kistl.Client\GUI.DB\KistlGUIContext.cs:line 68
at Kistl.GUI.Mocks.PresenterHarness`3.SetUp() in D:\Programmierung\Kistl\Tests\Kistl.Client.Tests\Mocks\PresenterHarness.cs:line 32
at Kistl.GUI.Tests.BackReferencePresenterTests.SetUp() in D:\Programmierung\Kistl\Tests\Kistl.Client.Tests\GUI\ObjectPresenterTests.cs:line 295
]]></stack-trace>
                            </failure>
                          </test-case>
                          <test-case name="Kistl.GUI.Tests.BackReferencePresenterTests.TestPresenterSetUpCorrect" executed="True" success="False" time="0.016" asserts="0">
                            <failure>
                              <message><![CDATA[System.ArgumentException : Exception of type 'System.ArgumentException' was thrown.
Parameter name: typeName@0]]></message>
                              <stack-trace><![CDATA[at System.RuntimeTypeHandle._GetTypeByName(String name, Boolean throwOnError, Boolean ignoreCase, Boolean reflectionOnly, StackCrawlMark& stackMark, Boolean loadTypeFromPartialName)
at System.RuntimeTypeHandle.GetTypeByName(String name, Boolean throwOnError, Boolean ignoreCase, Boolean reflectionOnly, StackCrawlMark& stackMark)
at System.RuntimeType.PrivateGetType(String typeName, Boolean throwOnError, Boolean ignoreCase, Boolean reflectionOnly, StackCrawlMark& stackMark)
at System.Type.GetType(String typeName, Boolean throwOnError)
at Kistl.Client.TheseMethodsShouldBeImplementedOnKistlObjects.GetDataCLRType(BaseProperty p) in D:\Programmierung\Kistl\Kistl.Client\TheseMethodsShouldBeImplementedOnKistlObjects.cs:line 70
at Kistl.GUI.DB.KistlGUIContext.CreatePresenter(PresenterInfo info, IDataObject obj, Visual v, IBasicControl ctrl) in D:\Programmierung\Kistl\Kistl.Client\GUI.DB\KistlGUIContext.cs:line 68
at Kistl.GUI.Mocks.PresenterHarness`3.SetUp() in D:\Programmierung\Kistl\Tests\Kistl.Client.Tests\Mocks\PresenterHarness.cs:line 32
at Kistl.GUI.Tests.BackReferencePresenterTests.SetUp() in D:\Programmierung\Kistl\Tests\Kistl.Client.Tests\GUI\ObjectPresenterTests.cs:line 295
]]></stack-trace>
                            </failure>
                          </test-case>
                        </results>
                      </test-suite>
                      <test-suite name="BoolPresenterTests" success="False" time="0.062" asserts="2">
                        <results>
                          <test-case name="Kistl.GUI.Tests.BoolPresenterTests.HandleInvalidUserInput" executed="True" success="False" time="0.016" asserts="0">
                            <failure>
                              <message><![CDATA[System.ArgumentNullException : Value cannot be null.
Parameter name: TypeName]]></message>
                              <stack-trace><![CDATA[at System.RuntimeType.PrivateGetType(String typeName, Boolean throwOnError, Boolean ignoreCase, Boolean reflectionOnly, StackCrawlMark& stackMark)
at System.Type.GetType(String typeName)
at Kistl.Client.TheseMethodsShouldBeImplementedOnKistlObjects.GetDataCLRType(BaseProperty p) in D:\Programmierung\Kistl\Kistl.Client\TheseMethodsShouldBeImplementedOnKistlObjects.cs:line 66
at Kistl.GUI.DB.KistlGUIContext.CreatePresenter(PresenterInfo info, IDataObject obj, Visual v, IBasicControl ctrl) in D:\Programmierung\Kistl\Kistl.Client\GUI.DB\KistlGUIContext.cs:line 68
at Kistl.GUI.Mocks.PresenterHarness`3.SetUp() in D:\Programmierung\Kistl\Tests\Kistl.Client.Tests\Mocks\PresenterHarness.cs:line 32
at Kistl.GUI.Tests.PresenterTests`4.SetUp() in D:\Programmierung\Kistl\Tests\Kistl.Client.Tests\GUI\PresenterTests.cs:line 97
]]></stack-trace>
                            </failure>
                          </test-case>
                          <test-case name="Kistl.GUI.Tests.BoolPresenterTests.HandleNoUserInput" executed="True" success="False" time="0.000" asserts="0">
                            <failure>
                              <message><![CDATA[System.ArgumentNullException : Value cannot be null.
Parameter name: TypeName]]></message>
                              <stack-trace><![CDATA[at System.RuntimeType.PrivateGetType(String typeName, Boolean throwOnError, Boolean ignoreCase, Boolean reflectionOnly, StackCrawlMark& stackMark)
at System.Type.GetType(String typeName)
at Kistl.Client.TheseMethodsShouldBeImplementedOnKistlObjects.GetDataCLRType(BaseProperty p) in D:\Programmierung\Kistl\Kistl.Client\TheseMethodsShouldBeImplementedOnKistlObjects.cs:line 66
at Kistl.GUI.DB.KistlGUIContext.CreatePresenter(PresenterInfo info, IDataObject obj, Visual v, IBasicControl ctrl) in D:\Programmierung\Kistl\Kistl.Client\GUI.DB\KistlGUIContext.cs:line 68
at Kistl.GUI.Mocks.PresenterHarness`3.SetUp() in D:\Programmierung\Kistl\Tests\Kistl.Client.Tests\Mocks\PresenterHarness.cs:line 32
at Kistl.GUI.Tests.PresenterTests`4.SetUp() in D:\Programmierung\Kistl\Tests\Kistl.Client.Tests\GUI\PresenterTests.cs:line 97
]]></stack-trace>
                            </failure>
                          </test-case>
                          <test-case name="Kistl.GUI.Tests.BoolPresenterTests.HandleNullUserInput" executed="True" success="False" time="0.000" asserts="0">
                            <failure>
                              <message><![CDATA[System.ArgumentNullException : Value cannot be null.
Parameter name: TypeName]]></message>
                              <stack-trace><![CDATA[at System.RuntimeType.PrivateGetType(String typeName, Boolean throwOnError, Boolean ignoreCase, Boolean reflectionOnly, StackCrawlMark& stackMark)
at System.Type.GetType(String typeName)
at Kistl.Client.TheseMethodsShouldBeImplementedOnKistlObjects.GetDataCLRType(BaseProperty p) in D:\Programmierung\Kistl\Kistl.Client\TheseMethodsShouldBeImplementedOnKistlObjects.cs:line 66
at Kistl.GUI.DB.KistlGUIContext.CreatePresenter(PresenterInfo info, IDataObject obj, Visual v, IBasicControl ctrl) in D:\Programmierung\Kistl\Kistl.Client\GUI.DB\KistlGUIContext.cs:line 68
at Kistl.GUI.Mocks.PresenterHarness`3.SetUp() in D:\Programmierung\Kistl\Tests\Kistl.Client.Tests\Mocks\PresenterHarness.cs:line 32
at Kistl.GUI.Tests.PresenterTests`4.SetUp() in D:\Programmierung\Kistl\Tests\Kistl.Client.Tests\GUI\PresenterTests.cs:line 97
]]></stack-trace>
                            </failure>
                          </test-case>
                          <test-case name="Kistl.GUI.Tests.BoolPresenterTests.HandleProgrammaticChange" executed="True" success="False" time="0.000" asserts="0">
                            <failure>
                              <message><![CDATA[System.ArgumentNullException : Value cannot be null.
Parameter name: TypeName]]></message>
                              <stack-trace><![CDATA[at System.RuntimeType.PrivateGetType(String typeName, Boolean throwOnError, Boolean ignoreCase, Boolean reflectionOnly, StackCrawlMark& stackMark)
at System.Type.GetType(String typeName)
at Kistl.Client.TheseMethodsShouldBeImplementedOnKistlObjects.GetDataCLRType(BaseProperty p) in D:\Programmierung\Kistl\Kistl.Client\TheseMethodsShouldBeImplementedOnKistlObjects.cs:line 66
at Kistl.GUI.DB.KistlGUIContext.CreatePresenter(PresenterInfo info, IDataObject obj, Visual v, IBasicControl ctrl) in D:\Programmierung\Kistl\Kistl.Client\GUI.DB\KistlGUIContext.cs:line 68
at Kistl.GUI.Mocks.PresenterHarness`3.SetUp() in D:\Programmierung\Kistl\Tests\Kistl.Client.Tests\Mocks\PresenterHarness.cs:line 32
at Kistl.GUI.Tests.PresenterTests`4.SetUp() in D:\Programmierung\Kistl\Tests\Kistl.Client.Tests\GUI\PresenterTests.cs:line 97
]]></stack-trace>
                            </failure>
                          </test-case>
                          <test-case name="Kistl.GUI.Tests.BoolPresenterTests.HandleValidUserInput" executed="True" success="False" time="0.000" asserts="0">
                            <failure>
                              <message><![CDATA[System.ArgumentNullException : Value cannot be null.
Parameter name: TypeName]]></message>
                              <stack-trace><![CDATA[at System.RuntimeType.PrivateGetType(String typeName, Boolean throwOnError, Boolean ignoreCase, Boolean reflectionOnly, StackCrawlMark& stackMark)
at System.Type.GetType(String typeName)
at Kistl.Client.TheseMethodsShouldBeImplementedOnKistlObjects.GetDataCLRType(BaseProperty p) in D:\Programmierung\Kistl\Kistl.Client\TheseMethodsShouldBeImplementedOnKistlObjects.cs:line 66
at Kistl.GUI.DB.KistlGUIContext.CreatePresenter(PresenterInfo info, IDataObject obj, Visual v, IBasicControl ctrl) in D:\Programmierung\Kistl\Kistl.Client\GUI.DB\KistlGUIContext.cs:line 68
at Kistl.GUI.Mocks.PresenterHarness`3.SetUp() in D:\Programmierung\Kistl\Tests\Kistl.Client.Tests\Mocks\PresenterHarness.cs:line 32
at Kistl.GUI.Tests.PresenterTests`4.SetUp() in D:\Programmierung\Kistl\Tests\Kistl.Client.Tests\GUI\PresenterTests.cs:line 97
]]></stack-trace>
                            </failure>
                          </test-case>
                          <test-case name="Kistl.GUI.Tests.BoolPresenterTests.ReInit" executed="True" success="False" time="0.000" asserts="0">
                            <failure>
                              <message><![CDATA[System.ArgumentNullException : Value cannot be null.
Parameter name: TypeName]]></message>
                              <stack-trace><![CDATA[at System.RuntimeType.PrivateGetType(String typeName, Boolean throwOnError, Boolean ignoreCase, Boolean reflectionOnly, StackCrawlMark& stackMark)
at System.Type.GetType(String typeName)
at Kistl.Client.TheseMethodsShouldBeImplementedOnKistlObjects.GetDataCLRType(BaseProperty p) in D:\Programmierung\Kistl\Kistl.Client\TheseMethodsShouldBeImplementedOnKistlObjects.cs:line 66
at Kistl.GUI.DB.KistlGUIContext.CreatePresenter(PresenterInfo info, IDataObject obj, Visual v, IBasicControl ctrl) in D:\Programmierung\Kistl\Kistl.Client\GUI.DB\KistlGUIContext.cs:line 68
at Kistl.GUI.Mocks.PresenterHarness`3.SetUp() in D:\Programmierung\Kistl\Tests\Kistl.Client.Tests\Mocks\PresenterHarness.cs:line 32
at Kistl.GUI.Tests.PresenterTests`4.SetUp() in D:\Programmierung\Kistl\Tests\Kistl.Client.Tests\GUI\PresenterTests.cs:line 97
]]></stack-trace>
                            </failure>
                          </test-case>
                          <test-case name="Kistl.GUI.Tests.BoolPresenterTests.TestPresenterSetUpCorrect" executed="True" success="False" time="0.000" asserts="0">
                            <failure>
                              <message><![CDATA[System.ArgumentNullException : Value cannot be null.
Parameter name: TypeName]]></message>
                              <stack-trace><![CDATA[at System.RuntimeType.PrivateGetType(String typeName, Boolean throwOnError, Boolean ignoreCase, Boolean reflectionOnly, StackCrawlMark& stackMark)
at System.Type.GetType(String typeName)
at Kistl.Client.TheseMethodsShouldBeImplementedOnKistlObjects.GetDataCLRType(BaseProperty p) in D:\Programmierung\Kistl\Kistl.Client\TheseMethodsShouldBeImplementedOnKistlObjects.cs:line 66
at Kistl.GUI.DB.KistlGUIContext.CreatePresenter(PresenterInfo info, IDataObject obj, Visual v, IBasicControl ctrl) in D:\Programmierung\Kistl\Kistl.Client\GUI.DB\KistlGUIContext.cs:line 68
at Kistl.GUI.Mocks.PresenterHarness`3.SetUp() in D:\Programmierung\Kistl\Tests\Kistl.Client.Tests\Mocks\PresenterHarness.cs:line 32
at Kistl.GUI.Tests.PresenterTests`4.SetUp() in D:\Programmierung\Kistl\Tests\Kistl.Client.Tests\GUI\PresenterTests.cs:line 97
]]></stack-trace>
                            </failure>
                          </test-case>
                        </results>
                      </test-suite>
                      <test-suite name="DateTimePresenterTests" success="False" time="0.062" asserts="2">
                        <results>
                          <test-case name="Kistl.GUI.Tests.DateTimePresenterTests.HandleInvalidUserInput" executed="True" success="False" time="0.016" asserts="0">
                            <failure>
                              <message><![CDATA[System.ArgumentNullException : Value cannot be null.
Parameter name: TypeName]]></message>
                              <stack-trace><![CDATA[at System.RuntimeType.PrivateGetType(String typeName, Boolean throwOnError, Boolean ignoreCase, Boolean reflectionOnly, StackCrawlMark& stackMark)
at System.Type.GetType(String typeName)
at Kistl.Client.TheseMethodsShouldBeImplementedOnKistlObjects.GetDataCLRType(BaseProperty p) in D:\Programmierung\Kistl\Kistl.Client\TheseMethodsShouldBeImplementedOnKistlObjects.cs:line 66
at Kistl.GUI.DB.KistlGUIContext.CreatePresenter(PresenterInfo info, IDataObject obj, Visual v, IBasicControl ctrl) in D:\Programmierung\Kistl\Kistl.Client\GUI.DB\KistlGUIContext.cs:line 68
at Kistl.GUI.Mocks.PresenterHarness`3.SetUp() in D:\Programmierung\Kistl\Tests\Kistl.Client.Tests\Mocks\PresenterHarness.cs:line 32
at Kistl.GUI.Tests.PresenterTests`4.SetUp() in D:\Programmierung\Kistl\Tests\Kistl.Client.Tests\GUI\PresenterTests.cs:line 97
]]></stack-trace>
                            </failure>
                          </test-case>
                          <test-case name="Kistl.GUI.Tests.DateTimePresenterTests.HandleNoUserInput" executed="True" success="False" time="0.000" asserts="0">
                            <failure>
                              <message><![CDATA[System.ArgumentNullException : Value cannot be null.
Parameter name: TypeName]]></message>
                              <stack-trace><![CDATA[at System.RuntimeType.PrivateGetType(String typeName, Boolean throwOnError, Boolean ignoreCase, Boolean reflectionOnly, StackCrawlMark& stackMark)
at System.Type.GetType(String typeName)
at Kistl.Client.TheseMethodsShouldBeImplementedOnKistlObjects.GetDataCLRType(BaseProperty p) in D:\Programmierung\Kistl\Kistl.Client\TheseMethodsShouldBeImplementedOnKistlObjects.cs:line 66
at Kistl.GUI.DB.KistlGUIContext.CreatePresenter(PresenterInfo info, IDataObject obj, Visual v, IBasicControl ctrl) in D:\Programmierung\Kistl\Kistl.Client\GUI.DB\KistlGUIContext.cs:line 68
at Kistl.GUI.Mocks.PresenterHarness`3.SetUp() in D:\Programmierung\Kistl\Tests\Kistl.Client.Tests\Mocks\PresenterHarness.cs:line 32
at Kistl.GUI.Tests.PresenterTests`4.SetUp() in D:\Programmierung\Kistl\Tests\Kistl.Client.Tests\GUI\PresenterTests.cs:line 97
]]></stack-trace>
                            </failure>
                          </test-case>
                          <test-case name="Kistl.GUI.Tests.DateTimePresenterTests.HandleNullUserInput" executed="True" success="False" time="0.000" asserts="0">
                            <failure>
                              <message><![CDATA[System.ArgumentNullException : Value cannot be null.
Parameter name: TypeName]]></message>
                              <stack-trace><![CDATA[at System.RuntimeType.PrivateGetType(String typeName, Boolean throwOnError, Boolean ignoreCase, Boolean reflectionOnly, StackCrawlMark& stackMark)
at System.Type.GetType(String typeName)
at Kistl.Client.TheseMethodsShouldBeImplementedOnKistlObjects.GetDataCLRType(BaseProperty p) in D:\Programmierung\Kistl\Kistl.Client\TheseMethodsShouldBeImplementedOnKistlObjects.cs:line 66
at Kistl.GUI.DB.KistlGUIContext.CreatePresenter(PresenterInfo info, IDataObject obj, Visual v, IBasicControl ctrl) in D:\Programmierung\Kistl\Kistl.Client\GUI.DB\KistlGUIContext.cs:line 68
at Kistl.GUI.Mocks.PresenterHarness`3.SetUp() in D:\Programmierung\Kistl\Tests\Kistl.Client.Tests\Mocks\PresenterHarness.cs:line 32
at Kistl.GUI.Tests.PresenterTests`4.SetUp() in D:\Programmierung\Kistl\Tests\Kistl.Client.Tests\GUI\PresenterTests.cs:line 97
]]></stack-trace>
                            </failure>
                          </test-case>
                          <test-case name="Kistl.GUI.Tests.DateTimePresenterTests.HandleProgrammaticChange" executed="True" success="False" time="0.000" asserts="0">
                            <failure>
                              <message><![CDATA[System.ArgumentNullException : Value cannot be null.
Parameter name: TypeName]]></message>
                              <stack-trace><![CDATA[at System.RuntimeType.PrivateGetType(String typeName, Boolean throwOnError, Boolean ignoreCase, Boolean reflectionOnly, StackCrawlMark& stackMark)
at System.Type.GetType(String typeName)
at Kistl.Client.TheseMethodsShouldBeImplementedOnKistlObjects.GetDataCLRType(BaseProperty p) in D:\Programmierung\Kistl\Kistl.Client\TheseMethodsShouldBeImplementedOnKistlObjects.cs:line 66
at Kistl.GUI.DB.KistlGUIContext.CreatePresenter(PresenterInfo info, IDataObject obj, Visual v, IBasicControl ctrl) in D:\Programmierung\Kistl\Kistl.Client\GUI.DB\KistlGUIContext.cs:line 68
at Kistl.GUI.Mocks.PresenterHarness`3.SetUp() in D:\Programmierung\Kistl\Tests\Kistl.Client.Tests\Mocks\PresenterHarness.cs:line 32
at Kistl.GUI.Tests.PresenterTests`4.SetUp() in D:\Programmierung\Kistl\Tests\Kistl.Client.Tests\GUI\PresenterTests.cs:line 97
]]></stack-trace>
                            </failure>
                          </test-case>
                          <test-case name="Kistl.GUI.Tests.DateTimePresenterTests.HandleValidUserInput" executed="True" success="False" time="0.000" asserts="0">
                            <failure>
                              <message><![CDATA[System.ArgumentNullException : Value cannot be null.
Parameter name: TypeName]]></message>
                              <stack-trace><![CDATA[at System.RuntimeType.PrivateGetType(String typeName, Boolean throwOnError, Boolean ignoreCase, Boolean reflectionOnly, StackCrawlMark& stackMark)
at System.Type.GetType(String typeName)
at Kistl.Client.TheseMethodsShouldBeImplementedOnKistlObjects.GetDataCLRType(BaseProperty p) in D:\Programmierung\Kistl\Kistl.Client\TheseMethodsShouldBeImplementedOnKistlObjects.cs:line 66
at Kistl.GUI.DB.KistlGUIContext.CreatePresenter(PresenterInfo info, IDataObject obj, Visual v, IBasicControl ctrl) in D:\Programmierung\Kistl\Kistl.Client\GUI.DB\KistlGUIContext.cs:line 68
at Kistl.GUI.Mocks.PresenterHarness`3.SetUp() in D:\Programmierung\Kistl\Tests\Kistl.Client.Tests\Mocks\PresenterHarness.cs:line 32
at Kistl.GUI.Tests.PresenterTests`4.SetUp() in D:\Programmierung\Kistl\Tests\Kistl.Client.Tests\GUI\PresenterTests.cs:line 97
]]></stack-trace>
                            </failure>
                          </test-case>
                          <test-case name="Kistl.GUI.Tests.DateTimePresenterTests.ReInit" executed="True" success="False" time="0.000" asserts="0">
                            <failure>
                              <message><![CDATA[System.ArgumentNullException : Value cannot be null.
Parameter name: TypeName]]></message>
                              <stack-trace><![CDATA[at System.RuntimeType.PrivateGetType(String typeName, Boolean throwOnError, Boolean ignoreCase, Boolean reflectionOnly, StackCrawlMark& stackMark)
at System.Type.GetType(String typeName)
at Kistl.Client.TheseMethodsShouldBeImplementedOnKistlObjects.GetDataCLRType(BaseProperty p) in D:\Programmierung\Kistl\Kistl.Client\TheseMethodsShouldBeImplementedOnKistlObjects.cs:line 66
at Kistl.GUI.DB.KistlGUIContext.CreatePresenter(PresenterInfo info, IDataObject obj, Visual v, IBasicControl ctrl) in D:\Programmierung\Kistl\Kistl.Client\GUI.DB\KistlGUIContext.cs:line 68
at Kistl.GUI.Mocks.PresenterHarness`3.SetUp() in D:\Programmierung\Kistl\Tests\Kistl.Client.Tests\Mocks\PresenterHarness.cs:line 32
at Kistl.GUI.Tests.PresenterTests`4.SetUp() in D:\Programmierung\Kistl\Tests\Kistl.Client.Tests\GUI\PresenterTests.cs:line 97
]]></stack-trace>
                            </failure>
                          </test-case>
                          <test-case name="Kistl.GUI.Tests.DateTimePresenterTests.TestPresenterSetUpCorrect" executed="True" success="False" time="0.000" asserts="0">
                            <failure>
                              <message><![CDATA[System.ArgumentNullException : Value cannot be null.
Parameter name: TypeName]]></message>
                              <stack-trace><![CDATA[at System.RuntimeType.PrivateGetType(String typeName, Boolean throwOnError, Boolean ignoreCase, Boolean reflectionOnly, StackCrawlMark& stackMark)
at System.Type.GetType(String typeName)
at Kistl.Client.TheseMethodsShouldBeImplementedOnKistlObjects.GetDataCLRType(BaseProperty p) in D:\Programmierung\Kistl\Kistl.Client\TheseMethodsShouldBeImplementedOnKistlObjects.cs:line 66
at Kistl.GUI.DB.KistlGUIContext.CreatePresenter(PresenterInfo info, IDataObject obj, Visual v, IBasicControl ctrl) in D:\Programmierung\Kistl\Kistl.Client\GUI.DB\KistlGUIContext.cs:line 68
at Kistl.GUI.Mocks.PresenterHarness`3.SetUp() in D:\Programmierung\Kistl\Tests\Kistl.Client.Tests\Mocks\PresenterHarness.cs:line 32
at Kistl.GUI.Tests.PresenterTests`4.SetUp() in D:\Programmierung\Kistl\Tests\Kistl.Client.Tests\GUI\PresenterTests.cs:line 97
]]></stack-trace>
                            </failure>
                          </test-case>
                        </results>
                      </test-suite>
                      <test-suite name="DoublePresenterTests" success="False" time="0.062" asserts="2">
                        <results>
                          <test-case name="Kistl.GUI.Tests.DoublePresenterTests.HandleInvalidUserInput" executed="True" success="False" time="0.000" asserts="0">
                            <failure>
                              <message><![CDATA[System.ArgumentNullException : Value cannot be null.
Parameter name: TypeName]]></message>
                              <stack-trace><![CDATA[at System.RuntimeType.PrivateGetType(String typeName, Boolean throwOnError, Boolean ignoreCase, Boolean reflectionOnly, StackCrawlMark& stackMark)
at System.Type.GetType(String typeName)
at Kistl.Client.TheseMethodsShouldBeImplementedOnKistlObjects.GetDataCLRType(BaseProperty p) in D:\Programmierung\Kistl\Kistl.Client\TheseMethodsShouldBeImplementedOnKistlObjects.cs:line 66
at Kistl.GUI.DB.KistlGUIContext.CreatePresenter(PresenterInfo info, IDataObject obj, Visual v, IBasicControl ctrl) in D:\Programmierung\Kistl\Kistl.Client\GUI.DB\KistlGUIContext.cs:line 68
at Kistl.GUI.Mocks.PresenterHarness`3.SetUp() in D:\Programmierung\Kistl\Tests\Kistl.Client.Tests\Mocks\PresenterHarness.cs:line 32
at Kistl.GUI.Tests.PresenterTests`4.SetUp() in D:\Programmierung\Kistl\Tests\Kistl.Client.Tests\GUI\PresenterTests.cs:line 97
]]></stack-trace>
                            </failure>
                          </test-case>
                          <test-case name="Kistl.GUI.Tests.DoublePresenterTests.HandleNoUserInput" executed="True" success="False" time="0.016" asserts="0">
                            <failure>
                              <message><![CDATA[System.ArgumentNullException : Value cannot be null.
Parameter name: TypeName]]></message>
                              <stack-trace><![CDATA[at System.RuntimeType.PrivateGetType(String typeName, Boolean throwOnError, Boolean ignoreCase, Boolean reflectionOnly, StackCrawlMark& stackMark)
at System.Type.GetType(String typeName)
at Kistl.Client.TheseMethodsShouldBeImplementedOnKistlObjects.GetDataCLRType(BaseProperty p) in D:\Programmierung\Kistl\Kistl.Client\TheseMethodsShouldBeImplementedOnKistlObjects.cs:line 66
at Kistl.GUI.DB.KistlGUIContext.CreatePresenter(PresenterInfo info, IDataObject obj, Visual v, IBasicControl ctrl) in D:\Programmierung\Kistl\Kistl.Client\GUI.DB\KistlGUIContext.cs:line 68
at Kistl.GUI.Mocks.PresenterHarness`3.SetUp() in D:\Programmierung\Kistl\Tests\Kistl.Client.Tests\Mocks\PresenterHarness.cs:line 32
at Kistl.GUI.Tests.PresenterTests`4.SetUp() in D:\Programmierung\Kistl\Tests\Kistl.Client.Tests\GUI\PresenterTests.cs:line 97
]]></stack-trace>
                            </failure>
                          </test-case>
                          <test-case name="Kistl.GUI.Tests.DoublePresenterTests.HandleNullUserInput" executed="True" success="False" time="0.000" asserts="0">
                            <failure>
                              <message><![CDATA[System.ArgumentNullException : Value cannot be null.
Parameter name: TypeName]]></message>
                              <stack-trace><![CDATA[at System.RuntimeType.PrivateGetType(String typeName, Boolean throwOnError, Boolean ignoreCase, Boolean reflectionOnly, StackCrawlMark& stackMark)
at System.Type.GetType(String typeName)
at Kistl.Client.TheseMethodsShouldBeImplementedOnKistlObjects.GetDataCLRType(BaseProperty p) in D:\Programmierung\Kistl\Kistl.Client\TheseMethodsShouldBeImplementedOnKistlObjects.cs:line 66
at Kistl.GUI.DB.KistlGUIContext.CreatePresenter(PresenterInfo info, IDataObject obj, Visual v, IBasicControl ctrl) in D:\Programmierung\Kistl\Kistl.Client\GUI.DB\KistlGUIContext.cs:line 68
at Kistl.GUI.Mocks.PresenterHarness`3.SetUp() in D:\Programmierung\Kistl\Tests\Kistl.Client.Tests\Mocks\PresenterHarness.cs:line 32
at Kistl.GUI.Tests.PresenterTests`4.SetUp() in D:\Programmierung\Kistl\Tests\Kistl.Client.Tests\GUI\PresenterTests.cs:line 97
]]></stack-trace>
                            </failure>
                          </test-case>
                          <test-case name="Kistl.GUI.Tests.DoublePresenterTests.HandleProgrammaticChange" executed="True" success="False" time="0.016" asserts="0">
                            <failure>
                              <message><![CDATA[System.ArgumentNullException : Value cannot be null.
Parameter name: TypeName]]></message>
                              <stack-trace><![CDATA[at System.RuntimeType.PrivateGetType(String typeName, Boolean throwOnError, Boolean ignoreCase, Boolean reflectionOnly, StackCrawlMark& stackMark)
at System.Type.GetType(String typeName)
at Kistl.Client.TheseMethodsShouldBeImplementedOnKistlObjects.GetDataCLRType(BaseProperty p) in D:\Programmierung\Kistl\Kistl.Client\TheseMethodsShouldBeImplementedOnKistlObjects.cs:line 66
at Kistl.GUI.DB.KistlGUIContext.CreatePresenter(PresenterInfo info, IDataObject obj, Visual v, IBasicControl ctrl) in D:\Programmierung\Kistl\Kistl.Client\GUI.DB\KistlGUIContext.cs:line 68
at Kistl.GUI.Mocks.PresenterHarness`3.SetUp() in D:\Programmierung\Kistl\Tests\Kistl.Client.Tests\Mocks\PresenterHarness.cs:line 32
at Kistl.GUI.Tests.PresenterTests`4.SetUp() in D:\Programmierung\Kistl\Tests\Kistl.Client.Tests\GUI\PresenterTests.cs:line 97
]]></stack-trace>
                            </failure>
                          </test-case>
                          <test-case name="Kistl.GUI.Tests.DoublePresenterTests.HandleValidUserInput" executed="True" success="False" time="0.000" asserts="0">
                            <failure>
                              <message><![CDATA[System.ArgumentNullException : Value cannot be null.
Parameter name: TypeName]]></message>
                              <stack-trace><![CDATA[at System.RuntimeType.PrivateGetType(String typeName, Boolean throwOnError, Boolean ignoreCase, Boolean reflectionOnly, StackCrawlMark& stackMark)
at System.Type.GetType(String typeName)
at Kistl.Client.TheseMethodsShouldBeImplementedOnKistlObjects.GetDataCLRType(BaseProperty p) in D:\Programmierung\Kistl\Kistl.Client\TheseMethodsShouldBeImplementedOnKistlObjects.cs:line 66
at Kistl.GUI.DB.KistlGUIContext.CreatePresenter(PresenterInfo info, IDataObject obj, Visual v, IBasicControl ctrl) in D:\Programmierung\Kistl\Kistl.Client\GUI.DB\KistlGUIContext.cs:line 68
at Kistl.GUI.Mocks.PresenterHarness`3.SetUp() in D:\Programmierung\Kistl\Tests\Kistl.Client.Tests\Mocks\PresenterHarness.cs:line 32
at Kistl.GUI.Tests.PresenterTests`4.SetUp() in D:\Programmierung\Kistl\Tests\Kistl.Client.Tests\GUI\PresenterTests.cs:line 97
]]></stack-trace>
                            </failure>
                          </test-case>
                          <test-case name="Kistl.GUI.Tests.DoublePresenterTests.ReInit" executed="True" success="False" time="0.000" asserts="0">
                            <failure>
                              <message><![CDATA[System.ArgumentNullException : Value cannot be null.
Parameter name: TypeName]]></message>
                              <stack-trace><![CDATA[at System.RuntimeType.PrivateGetType(String typeName, Boolean throwOnError, Boolean ignoreCase, Boolean reflectionOnly, StackCrawlMark& stackMark)
at System.Type.GetType(String typeName)
at Kistl.Client.TheseMethodsShouldBeImplementedOnKistlObjects.GetDataCLRType(BaseProperty p) in D:\Programmierung\Kistl\Kistl.Client\TheseMethodsShouldBeImplementedOnKistlObjects.cs:line 66
at Kistl.GUI.DB.KistlGUIContext.CreatePresenter(PresenterInfo info, IDataObject obj, Visual v, IBasicControl ctrl) in D:\Programmierung\Kistl\Kistl.Client\GUI.DB\KistlGUIContext.cs:line 68
at Kistl.GUI.Mocks.PresenterHarness`3.SetUp() in D:\Programmierung\Kistl\Tests\Kistl.Client.Tests\Mocks\PresenterHarness.cs:line 32
at Kistl.GUI.Tests.PresenterTests`4.SetUp() in D:\Programmierung\Kistl\Tests\Kistl.Client.Tests\GUI\PresenterTests.cs:line 97
]]></stack-trace>
                            </failure>
                          </test-case>
                          <test-case name="Kistl.GUI.Tests.DoublePresenterTests.TestPresenterSetUpCorrect" executed="True" success="False" time="0.000" asserts="0">
                            <failure>
                              <message><![CDATA[System.ArgumentNullException : Value cannot be null.
Parameter name: TypeName]]></message>
                              <stack-trace><![CDATA[at System.RuntimeType.PrivateGetType(String typeName, Boolean throwOnError, Boolean ignoreCase, Boolean reflectionOnly, StackCrawlMark& stackMark)
at System.Type.GetType(String typeName)
at Kistl.Client.TheseMethodsShouldBeImplementedOnKistlObjects.GetDataCLRType(BaseProperty p) in D:\Programmierung\Kistl\Kistl.Client\TheseMethodsShouldBeImplementedOnKistlObjects.cs:line 66
at Kistl.GUI.DB.KistlGUIContext.CreatePresenter(PresenterInfo info, IDataObject obj, Visual v, IBasicControl ctrl) in D:\Programmierung\Kistl\Kistl.Client\GUI.DB\KistlGUIContext.cs:line 68
at Kistl.GUI.Mocks.PresenterHarness`3.SetUp() in D:\Programmierung\Kistl\Tests\Kistl.Client.Tests\Mocks\PresenterHarness.cs:line 32
at Kistl.GUI.Tests.PresenterTests`4.SetUp() in D:\Programmierung\Kistl\Tests\Kistl.Client.Tests\GUI\PresenterTests.cs:line 97
]]></stack-trace>
                            </failure>
                          </test-case>
                        </results>
                      </test-suite>
                      <test-suite name="GenericPresenterCreationTests" success="True" time="0.109" asserts="2">
                        <results>
                          <test-case name="Kistl.GUI.Tests.GenericPresenterCreationTests.CreatePresenter" executed="True" success="True" time="0.047" asserts="2" />
                          <test-case name="Kistl.GUI.Tests.GenericPresenterCreationTests.ReInit" executed="True" success="True" time="0.016" asserts="0" />
                          <test-case name="Kistl.GUI.Tests.GenericPresenterCreationTests.TestPresenterSetUpCorrect" executed="True" success="True" time="0.016" asserts="11" />
                        </results>
                      </test-suite>
                      <test-suite name="GuiDbTests" success="False" time="0.094" asserts="2">
                        <results>
                          <test-case name="Kistl.GUI.Tests.GuiDbTests.CreatePresenterFailNoInfo" executed="True" success="False" time="0.000" asserts="0">
                            <failure>
                              <message><![CDATA[System.ArgumentNullException : Value cannot be null.
Parameter name: TypeName]]></message>
                              <stack-trace><![CDATA[at System.RuntimeType.PrivateGetType(String typeName, Boolean throwOnError, Boolean ignoreCase, Boolean reflectionOnly, StackCrawlMark& stackMark)
at System.Type.GetType(String typeName)
at Kistl.Client.TheseMethodsShouldBeImplementedOnKistlObjects.GetDataCLRType(BaseProperty p) in D:\Programmierung\Kistl\Kistl.Client\TheseMethodsShouldBeImplementedOnKistlObjects.cs:line 66
at Kistl.GUI.DB.KistlGUIContext.CreatePresenter(PresenterInfo info, IDataObject obj, Visual v, IBasicControl ctrl) in D:\Programmierung\Kistl\Kistl.Client\GUI.DB\KistlGUIContext.cs:line 68
at Kistl.GUI.Mocks.PresenterHarness`3.SetUp() in D:\Programmierung\Kistl\Tests\Kistl.Client.Tests\Mocks\PresenterHarness.cs:line 32
at Kistl.GUI.Tests.PresenterTests`4.SetUp() in D:\Programmierung\Kistl\Tests\Kistl.Client.Tests\GUI\PresenterTests.cs:line 97
]]></stack-trace>
                            </failure>
                          </test-case>
                          <test-case name="Kistl.GUI.Tests.GuiDbTests.CreatePresenterFailNoObject" executed="True" success="False" time="0.000" asserts="0">
                            <failure>
                              <message><![CDATA[System.ArgumentNullException : Value cannot be null.
Parameter name: TypeName]]></message>
                              <stack-trace><![CDATA[at System.RuntimeType.PrivateGetType(String typeName, Boolean throwOnError, Boolean ignoreCase, Boolean reflectionOnly, StackCrawlMark& stackMark)
at System.Type.GetType(String typeName)
at Kistl.Client.TheseMethodsShouldBeImplementedOnKistlObjects.GetDataCLRType(BaseProperty p) in D:\Programmierung\Kistl\Kistl.Client\TheseMethodsShouldBeImplementedOnKistlObjects.cs:line 66
at Kistl.GUI.DB.KistlGUIContext.CreatePresenter(PresenterInfo info, IDataObject obj, Visual v, IBasicControl ctrl) in D:\Programmierung\Kistl\Kistl.Client\GUI.DB\KistlGUIContext.cs:line 68
at Kistl.GUI.Mocks.PresenterHarness`3.SetUp() in D:\Programmierung\Kistl\Tests\Kistl.Client.Tests\Mocks\PresenterHarness.cs:line 32
at Kistl.GUI.Tests.PresenterTests`4.SetUp() in D:\Programmierung\Kistl\Tests\Kistl.Client.Tests\GUI\PresenterTests.cs:line 97
]]></stack-trace>
                            </failure>
                          </test-case>
                          <test-case name="Kistl.GUI.Tests.GuiDbTests.CreatePresenterFailNoVisual" executed="True" success="False" time="0.000" asserts="0">
                            <failure>
                              <message><![CDATA[System.ArgumentNullException : Value cannot be null.
Parameter name: TypeName]]></message>
                              <stack-trace><![CDATA[at System.RuntimeType.PrivateGetType(String typeName, Boolean throwOnError, Boolean ignoreCase, Boolean reflectionOnly, StackCrawlMark& stackMark)
at System.Type.GetType(String typeName)
at Kistl.Client.TheseMethodsShouldBeImplementedOnKistlObjects.GetDataCLRType(BaseProperty p) in D:\Programmierung\Kistl\Kistl.Client\TheseMethodsShouldBeImplementedOnKistlObjects.cs:line 66
at Kistl.GUI.DB.KistlGUIContext.CreatePresenter(PresenterInfo info, IDataObject obj, Visual v, IBasicControl ctrl) in D:\Programmierung\Kistl\Kistl.Client\GUI.DB\KistlGUIContext.cs:line 68
at Kistl.GUI.Mocks.PresenterHarness`3.SetUp() in D:\Programmierung\Kistl\Tests\Kistl.Client.Tests\Mocks\PresenterHarness.cs:line 32
at Kistl.GUI.Tests.PresenterTests`4.SetUp() in D:\Programmierung\Kistl\Tests\Kistl.Client.Tests\GUI\PresenterTests.cs:line 97
]]></stack-trace>
                            </failure>
                          </test-case>
                          <test-case name="Kistl.GUI.Tests.GuiDbTests.CreatePresenterFailNoWidget" executed="True" success="False" time="0.000" asserts="0">
                            <failure>
                              <message><![CDATA[System.ArgumentNullException : Value cannot be null.
Parameter name: TypeName]]></message>
                              <stack-trace><![CDATA[at System.RuntimeType.PrivateGetType(String typeName, Boolean throwOnError, Boolean ignoreCase, Boolean reflectionOnly, StackCrawlMark& stackMark)
at System.Type.GetType(String typeName)
at Kistl.Client.TheseMethodsShouldBeImplementedOnKistlObjects.GetDataCLRType(BaseProperty p) in D:\Programmierung\Kistl\Kistl.Client\TheseMethodsShouldBeImplementedOnKistlObjects.cs:line 66
at Kistl.GUI.DB.KistlGUIContext.CreatePresenter(PresenterInfo info, IDataObject obj, Visual v, IBasicControl ctrl) in D:\Programmierung\Kistl\Kistl.Client\GUI.DB\KistlGUIContext.cs:line 68
at Kistl.GUI.Mocks.PresenterHarness`3.SetUp() in D:\Programmierung\Kistl\Tests\Kistl.Client.Tests\Mocks\PresenterHarness.cs:line 32
at Kistl.GUI.Tests.PresenterTests`4.SetUp() in D:\Programmierung\Kistl\Tests\Kistl.Client.Tests\GUI\PresenterTests.cs:line 97
]]></stack-trace>
                            </failure>
                          </test-case>
                          <test-case name="Kistl.GUI.Tests.GuiDbTests.FindControlFailNoVisualType" executed="True" success="False" time="0.000" asserts="0">
                            <failure>
                              <message><![CDATA[System.ArgumentNullException : Value cannot be null.
Parameter name: TypeName]]></message>
                              <stack-trace><![CDATA[at System.RuntimeType.PrivateGetType(String typeName, Boolean throwOnError, Boolean ignoreCase, Boolean reflectionOnly, StackCrawlMark& stackMark)
at System.Type.GetType(String typeName)
at Kistl.Client.TheseMethodsShouldBeImplementedOnKistlObjects.GetDataCLRType(BaseProperty p) in D:\Programmierung\Kistl\Kistl.Client\TheseMethodsShouldBeImplementedOnKistlObjects.cs:line 66
at Kistl.GUI.DB.KistlGUIContext.CreatePresenter(PresenterInfo info, IDataObject obj, Visual v, IBasicControl ctrl) in D:\Programmierung\Kistl\Kistl.Client\GUI.DB\KistlGUIContext.cs:line 68
at Kistl.GUI.Mocks.PresenterHarness`3.SetUp() in D:\Programmierung\Kistl\Tests\Kistl.Client.Tests\Mocks\PresenterHarness.cs:line 32
at Kistl.GUI.Tests.PresenterTests`4.SetUp() in D:\Programmierung\Kistl\Tests\Kistl.Client.Tests\GUI\PresenterTests.cs:line 97
]]></stack-trace>
                            </failure>
                          </test-case>
                          <test-case name="Kistl.GUI.Tests.GuiDbTests.FindPresenterFailNoProperty" executed="True" success="False" time="0.016" asserts="0">
                            <failure>
                              <message><![CDATA[System.ArgumentNullException : Value cannot be null.
Parameter name: TypeName]]></message>
                              <stack-trace><![CDATA[at System.RuntimeType.PrivateGetType(String typeName, Boolean throwOnError, Boolean ignoreCase, Boolean reflectionOnly, StackCrawlMark& stackMark)
at System.Type.GetType(String typeName)
at Kistl.Client.TheseMethodsShouldBeImplementedOnKistlObjects.GetDataCLRType(BaseProperty p) in D:\Programmierung\Kistl\Kistl.Client\TheseMethodsShouldBeImplementedOnKistlObjects.cs:line 66
at Kistl.GUI.DB.KistlGUIContext.CreatePresenter(PresenterInfo info, IDataObject obj, Visual v, IBasicControl ctrl) in D:\Programmierung\Kistl\Kistl.Client\GUI.DB\KistlGUIContext.cs:line 68
at Kistl.GUI.Mocks.PresenterHarness`3.SetUp() in D:\Programmierung\Kistl\Tests\Kistl.Client.Tests\Mocks\PresenterHarness.cs:line 32
at Kistl.GUI.Tests.PresenterTests`4.SetUp() in D:\Programmierung\Kistl\Tests\Kistl.Client.Tests\GUI\PresenterTests.cs:line 97
]]></stack-trace>
                            </failure>
                          </test-case>
                          <test-case name="Kistl.GUI.Tests.GuiDbTests.FindPresenterFailNoVisual" executed="True" success="False" time="0.000" asserts="0">
                            <failure>
                              <message><![CDATA[System.ArgumentNullException : Value cannot be null.
Parameter name: TypeName]]></message>
                              <stack-trace><![CDATA[at System.RuntimeType.PrivateGetType(String typeName, Boolean throwOnError, Boolean ignoreCase, Boolean reflectionOnly, StackCrawlMark& stackMark)
at System.Type.GetType(String typeName)
at Kistl.Client.TheseMethodsShouldBeImplementedOnKistlObjects.GetDataCLRType(BaseProperty p) in D:\Programmierung\Kistl\Kistl.Client\TheseMethodsShouldBeImplementedOnKistlObjects.cs:line 66
at Kistl.GUI.DB.KistlGUIContext.CreatePresenter(PresenterInfo info, IDataObject obj, Visual v, IBasicControl ctrl) in D:\Programmierung\Kistl\Kistl.Client\GUI.DB\KistlGUIContext.cs:line 68
at Kistl.GUI.Mocks.PresenterHarness`3.SetUp() in D:\Programmierung\Kistl\Tests\Kistl.Client.Tests\Mocks\PresenterHarness.cs:line 32
at Kistl.GUI.Tests.PresenterTests`4.SetUp() in D:\Programmierung\Kistl\Tests\Kistl.Client.Tests\GUI\PresenterTests.cs:line 97
]]></stack-trace>
                            </failure>
                          </test-case>
                          <test-case name="Kistl.GUI.Tests.GuiDbTests.ReInit" executed="True" success="False" time="0.000" asserts="0">
                            <failure>
                              <message><![CDATA[System.ArgumentNullException : Value cannot be null.
Parameter name: TypeName]]></message>
                              <stack-trace><![CDATA[at System.RuntimeType.PrivateGetType(String typeName, Boolean throwOnError, Boolean ignoreCase, Boolean reflectionOnly, StackCrawlMark& stackMark)
at System.Type.GetType(String typeName)
at Kistl.Client.TheseMethodsShouldBeImplementedOnKistlObjects.GetDataCLRType(BaseProperty p) in D:\Programmierung\Kistl\Kistl.Client\TheseMethodsShouldBeImplementedOnKistlObjects.cs:line 66
at Kistl.GUI.DB.KistlGUIContext.CreatePresenter(PresenterInfo info, IDataObject obj, Visual v, IBasicControl ctrl) in D:\Programmierung\Kistl\Kistl.Client\GUI.DB\KistlGUIContext.cs:line 68
at Kistl.GUI.Mocks.PresenterHarness`3.SetUp() in D:\Programmierung\Kistl\Tests\Kistl.Client.Tests\Mocks\PresenterHarness.cs:line 32
at Kistl.GUI.Tests.PresenterTests`4.SetUp() in D:\Programmierung\Kistl\Tests\Kistl.Client.Tests\GUI\PresenterTests.cs:line 97
]]></stack-trace>
                            </failure>
                          </test-case>
                          <test-case name="Kistl.GUI.Tests.GuiDbTests.TestCreateRenderer" executed="True" success="False" time="0.016" asserts="0">
                            <failure>
                              <message><![CDATA[System.ArgumentNullException : Value cannot be null.
Parameter name: TypeName]]></message>
                              <stack-trace><![CDATA[at System.RuntimeType.PrivateGetType(String typeName, Boolean throwOnError, Boolean ignoreCase, Boolean reflectionOnly, StackCrawlMark& stackMark)
at System.Type.GetType(String typeName)
at Kistl.Client.TheseMethodsShouldBeImplementedOnKistlObjects.GetDataCLRType(BaseProperty p) in D:\Programmierung\Kistl\Kistl.Client\TheseMethodsShouldBeImplementedOnKistlObjects.cs:line 66
at Kistl.GUI.DB.KistlGUIContext.CreatePresenter(PresenterInfo info, IDataObject obj, Visual v, IBasicControl ctrl) in D:\Programmierung\Kistl\Kistl.Client\GUI.DB\KistlGUIContext.cs:line 68
at Kistl.GUI.Mocks.PresenterHarness`3.SetUp() in D:\Programmierung\Kistl\Tests\Kistl.Client.Tests\Mocks\PresenterHarness.cs:line 32
at Kistl.GUI.Tests.PresenterTests`4.SetUp() in D:\Programmierung\Kistl\Tests\Kistl.Client.Tests\GUI\PresenterTests.cs:line 97
]]></stack-trace>
                            </failure>
                          </test-case>
                          <test-case name="Kistl.GUI.Tests.GuiDbTests.TestFindControlByVisual" executed="True" success="False" time="0.000" asserts="0">
                            <failure>
                              <message><![CDATA[System.ArgumentNullException : Value cannot be null.
Parameter name: TypeName]]></message>
                              <stack-trace><![CDATA[at System.RuntimeType.PrivateGetType(String typeName, Boolean throwOnError, Boolean ignoreCase, Boolean reflectionOnly, StackCrawlMark& stackMark)
at System.Type.GetType(String typeName)
at Kistl.Client.TheseMethodsShouldBeImplementedOnKistlObjects.GetDataCLRType(BaseProperty p) in D:\Programmierung\Kistl\Kistl.Client\TheseMethodsShouldBeImplementedOnKistlObjects.cs:line 66
at Kistl.GUI.DB.KistlGUIContext.CreatePresenter(PresenterInfo info, IDataObject obj, Visual v, IBasicControl ctrl) in D:\Programmierung\Kistl\Kistl.Client\GUI.DB\KistlGUIContext.cs:line 68
at Kistl.GUI.Mocks.PresenterHarness`3.SetUp() in D:\Programmierung\Kistl\Tests\Kistl.Client.Tests\Mocks\PresenterHarness.cs:line 32
at Kistl.GUI.Tests.PresenterTests`4.SetUp() in D:\Programmierung\Kistl\Tests\Kistl.Client.Tests\GUI\PresenterTests.cs:line 97
]]></stack-trace>
                            </failure>
                          </test-case>
                          <test-case name="Kistl.GUI.Tests.GuiDbTests.TestFindPresenter" executed="True" success="False" time="0.016" asserts="0">
                            <failure>
                              <message><![CDATA[System.ArgumentNullException : Value cannot be null.
Parameter name: TypeName]]></message>
                              <stack-trace><![CDATA[at System.RuntimeType.PrivateGetType(String typeName, Boolean throwOnError, Boolean ignoreCase, Boolean reflectionOnly, StackCrawlMark& stackMark)
at System.Type.GetType(String typeName)
at Kistl.Client.TheseMethodsShouldBeImplementedOnKistlObjects.GetDataCLRType(BaseProperty p) in D:\Programmierung\Kistl\Kistl.Client\TheseMethodsShouldBeImplementedOnKistlObjects.cs:line 66
at Kistl.GUI.DB.KistlGUIContext.CreatePresenter(PresenterInfo info, IDataObject obj, Visual v, IBasicControl ctrl) in D:\Programmierung\Kistl\Kistl.Client\GUI.DB\KistlGUIContext.cs:line 68
at Kistl.GUI.Mocks.PresenterHarness`3.SetUp() in D:\Programmierung\Kistl\Tests\Kistl.Client.Tests\Mocks\PresenterHarness.cs:line 32
at Kistl.GUI.Tests.PresenterTests`4.SetUp() in D:\Programmierung\Kistl\Tests\Kistl.Client.Tests\GUI\PresenterTests.cs:line 97
]]></stack-trace>
                            </failure>
                          </test-case>
                          <test-case name="Kistl.GUI.Tests.GuiDbTests.TestPresenterSetUpCorrect" executed="True" success="False" time="0.000" asserts="0">
                            <failure>
                              <message><![CDATA[System.ArgumentNullException : Value cannot be null.
Parameter name: TypeName]]></message>
                              <stack-trace><![CDATA[at System.RuntimeType.PrivateGetType(String typeName, Boolean throwOnError, Boolean ignoreCase, Boolean reflectionOnly, StackCrawlMark& stackMark)
at System.Type.GetType(String typeName)
at Kistl.Client.TheseMethodsShouldBeImplementedOnKistlObjects.GetDataCLRType(BaseProperty p) in D:\Programmierung\Kistl\Kistl.Client\TheseMethodsShouldBeImplementedOnKistlObjects.cs:line 66
at Kistl.GUI.DB.KistlGUIContext.CreatePresenter(PresenterInfo info, IDataObject obj, Visual v, IBasicControl ctrl) in D:\Programmierung\Kistl\Kistl.Client\GUI.DB\KistlGUIContext.cs:line 68
at Kistl.GUI.Mocks.PresenterHarness`3.SetUp() in D:\Programmierung\Kistl\Tests\Kistl.Client.Tests\Mocks\PresenterHarness.cs:line 32
at Kistl.GUI.Tests.PresenterTests`4.SetUp() in D:\Programmierung\Kistl\Tests\Kistl.Client.Tests\GUI\PresenterTests.cs:line 97
]]></stack-trace>
                            </failure>
                          </test-case>
                        </results>
                      </test-suite>
                      <test-suite name="IntPresenterTests" success="False" time="0.078" asserts="2">
                        <results>
                          <test-case name="Kistl.GUI.Tests.IntPresenterTests.HandleInvalidUserInput" executed="True" success="False" time="0.000" asserts="0">
                            <failure>
                              <message><![CDATA[System.ArgumentNullException : Value cannot be null.
Parameter name: TypeName]]></message>
                              <stack-trace><![CDATA[at System.RuntimeType.PrivateGetType(String typeName, Boolean throwOnError, Boolean ignoreCase, Boolean reflectionOnly, StackCrawlMark& stackMark)
at System.Type.GetType(String typeName)
at Kistl.Client.TheseMethodsShouldBeImplementedOnKistlObjects.GetDataCLRType(BaseProperty p) in D:\Programmierung\Kistl\Kistl.Client\TheseMethodsShouldBeImplementedOnKistlObjects.cs:line 66
at Kistl.GUI.DB.KistlGUIContext.CreatePresenter(PresenterInfo info, IDataObject obj, Visual v, IBasicControl ctrl) in D:\Programmierung\Kistl\Kistl.Client\GUI.DB\KistlGUIContext.cs:line 68
at Kistl.GUI.Mocks.PresenterHarness`3.SetUp() in D:\Programmierung\Kistl\Tests\Kistl.Client.Tests\Mocks\PresenterHarness.cs:line 32
at Kistl.GUI.Tests.PresenterTests`4.SetUp() in D:\Programmierung\Kistl\Tests\Kistl.Client.Tests\GUI\PresenterTests.cs:line 97
]]></stack-trace>
                            </failure>
                          </test-case>
                          <test-case name="Kistl.GUI.Tests.IntPresenterTests.HandleNoUserInput" executed="True" success="False" time="0.000" asserts="0">
                            <failure>
                              <message><![CDATA[System.ArgumentNullException : Value cannot be null.
Parameter name: TypeName]]></message>
                              <stack-trace><![CDATA[at System.RuntimeType.PrivateGetType(String typeName, Boolean throwOnError, Boolean ignoreCase, Boolean reflectionOnly, StackCrawlMark& stackMark)
at System.Type.GetType(String typeName)
at Kistl.Client.TheseMethodsShouldBeImplementedOnKistlObjects.GetDataCLRType(BaseProperty p) in D:\Programmierung\Kistl\Kistl.Client\TheseMethodsShouldBeImplementedOnKistlObjects.cs:line 66
at Kistl.GUI.DB.KistlGUIContext.CreatePresenter(PresenterInfo info, IDataObject obj, Visual v, IBasicControl ctrl) in D:\Programmierung\Kistl\Kistl.Client\GUI.DB\KistlGUIContext.cs:line 68
at Kistl.GUI.Mocks.PresenterHarness`3.SetUp() in D:\Programmierung\Kistl\Tests\Kistl.Client.Tests\Mocks\PresenterHarness.cs:line 32
at Kistl.GUI.Tests.PresenterTests`4.SetUp() in D:\Programmierung\Kistl\Tests\Kistl.Client.Tests\GUI\PresenterTests.cs:line 97
]]></stack-trace>
                            </failure>
                          </test-case>
                          <test-case name="Kistl.GUI.Tests.IntPresenterTests.HandleNullUserInput" executed="True" success="False" time="0.000" asserts="0">
                            <failure>
                              <message><![CDATA[System.ArgumentNullException : Value cannot be null.
Parameter name: TypeName]]></message>
                              <stack-trace><![CDATA[at System.RuntimeType.PrivateGetType(String typeName, Boolean throwOnError, Boolean ignoreCase, Boolean reflectionOnly, StackCrawlMark& stackMark)
at System.Type.GetType(String typeName)
at Kistl.Client.TheseMethodsShouldBeImplementedOnKistlObjects.GetDataCLRType(BaseProperty p) in D:\Programmierung\Kistl\Kistl.Client\TheseMethodsShouldBeImplementedOnKistlObjects.cs:line 66
at Kistl.GUI.DB.KistlGUIContext.CreatePresenter(PresenterInfo info, IDataObject obj, Visual v, IBasicControl ctrl) in D:\Programmierung\Kistl\Kistl.Client\GUI.DB\KistlGUIContext.cs:line 68
at Kistl.GUI.Mocks.PresenterHarness`3.SetUp() in D:\Programmierung\Kistl\Tests\Kistl.Client.Tests\Mocks\PresenterHarness.cs:line 32
at Kistl.GUI.Tests.PresenterTests`4.SetUp() in D:\Programmierung\Kistl\Tests\Kistl.Client.Tests\GUI\PresenterTests.cs:line 97
]]></stack-trace>
                            </failure>
                          </test-case>
                          <test-case name="Kistl.GUI.Tests.IntPresenterTests.HandleProgrammaticChange" executed="True" success="False" time="0.000" asserts="0">
                            <failure>
                              <message><![CDATA[System.ArgumentNullException : Value cannot be null.
Parameter name: TypeName]]></message>
                              <stack-trace><![CDATA[at System.RuntimeType.PrivateGetType(String typeName, Boolean throwOnError, Boolean ignoreCase, Boolean reflectionOnly, StackCrawlMark& stackMark)
at System.Type.GetType(String typeName)
at Kistl.Client.TheseMethodsShouldBeImplementedOnKistlObjects.GetDataCLRType(BaseProperty p) in D:\Programmierung\Kistl\Kistl.Client\TheseMethodsShouldBeImplementedOnKistlObjects.cs:line 66
at Kistl.GUI.DB.KistlGUIContext.CreatePresenter(PresenterInfo info, IDataObject obj, Visual v, IBasicControl ctrl) in D:\Programmierung\Kistl\Kistl.Client\GUI.DB\KistlGUIContext.cs:line 68
at Kistl.GUI.Mocks.PresenterHarness`3.SetUp() in D:\Programmierung\Kistl\Tests\Kistl.Client.Tests\Mocks\PresenterHarness.cs:line 32
at Kistl.GUI.Tests.PresenterTests`4.SetUp() in D:\Programmierung\Kistl\Tests\Kistl.Client.Tests\GUI\PresenterTests.cs:line 97
]]></stack-trace>
                            </failure>
                          </test-case>
                          <test-case name="Kistl.GUI.Tests.IntPresenterTests.HandleValidUserInput" executed="True" success="False" time="0.000" asserts="0">
                            <failure>
                              <message><![CDATA[System.ArgumentNullException : Value cannot be null.
Parameter name: TypeName]]></message>
                              <stack-trace><![CDATA[at System.RuntimeType.PrivateGetType(String typeName, Boolean throwOnError, Boolean ignoreCase, Boolean reflectionOnly, StackCrawlMark& stackMark)
at System.Type.GetType(String typeName)
at Kistl.Client.TheseMethodsShouldBeImplementedOnKistlObjects.GetDataCLRType(BaseProperty p) in D:\Programmierung\Kistl\Kistl.Client\TheseMethodsShouldBeImplementedOnKistlObjects.cs:line 66
at Kistl.GUI.DB.KistlGUIContext.CreatePresenter(PresenterInfo info, IDataObject obj, Visual v, IBasicControl ctrl) in D:\Programmierung\Kistl\Kistl.Client\GUI.DB\KistlGUIContext.cs:line 68
at Kistl.GUI.Mocks.PresenterHarness`3.SetUp() in D:\Programmierung\Kistl\Tests\Kistl.Client.Tests\Mocks\PresenterHarness.cs:line 32
at Kistl.GUI.Tests.PresenterTests`4.SetUp() in D:\Programmierung\Kistl\Tests\Kistl.Client.Tests\GUI\PresenterTests.cs:line 97
]]></stack-trace>
                            </failure>
                          </test-case>
                          <test-case name="Kistl.GUI.Tests.IntPresenterTests.ReInit" executed="True" success="False" time="0.000" asserts="0">
                            <failure>
                              <message><![CDATA[System.ArgumentNullException : Value cannot be null.
Parameter name: TypeName]]></message>
                              <stack-trace><![CDATA[at System.RuntimeType.PrivateGetType(String typeName, Boolean throwOnError, Boolean ignoreCase, Boolean reflectionOnly, StackCrawlMark& stackMark)
at System.Type.GetType(String typeName)
at Kistl.Client.TheseMethodsShouldBeImplementedOnKistlObjects.GetDataCLRType(BaseProperty p) in D:\Programmierung\Kistl\Kistl.Client\TheseMethodsShouldBeImplementedOnKistlObjects.cs:line 66
at Kistl.GUI.DB.KistlGUIContext.CreatePresenter(PresenterInfo info, IDataObject obj, Visual v, IBasicControl ctrl) in D:\Programmierung\Kistl\Kistl.Client\GUI.DB\KistlGUIContext.cs:line 68
at Kistl.GUI.Mocks.PresenterHarness`3.SetUp() in D:\Programmierung\Kistl\Tests\Kistl.Client.Tests\Mocks\PresenterHarness.cs:line 32
at Kistl.GUI.Tests.PresenterTests`4.SetUp() in D:\Programmierung\Kistl\Tests\Kistl.Client.Tests\GUI\PresenterTests.cs:line 97
]]></stack-trace>
                            </failure>
                          </test-case>
                          <test-case name="Kistl.GUI.Tests.IntPresenterTests.TestPresenterSetUpCorrect" executed="True" success="False" time="0.000" asserts="0">
                            <failure>
                              <message><![CDATA[System.ArgumentNullException : Value cannot be null.
Parameter name: TypeName]]></message>
                              <stack-trace><![CDATA[at System.RuntimeType.PrivateGetType(String typeName, Boolean throwOnError, Boolean ignoreCase, Boolean reflectionOnly, StackCrawlMark& stackMark)
at System.Type.GetType(String typeName)
at Kistl.Client.TheseMethodsShouldBeImplementedOnKistlObjects.GetDataCLRType(BaseProperty p) in D:\Programmierung\Kistl\Kistl.Client\TheseMethodsShouldBeImplementedOnKistlObjects.cs:line 66
at Kistl.GUI.DB.KistlGUIContext.CreatePresenter(PresenterInfo info, IDataObject obj, Visual v, IBasicControl ctrl) in D:\Programmierung\Kistl\Kistl.Client\GUI.DB\KistlGUIContext.cs:line 68
at Kistl.GUI.Mocks.PresenterHarness`3.SetUp() in D:\Programmierung\Kistl\Tests\Kistl.Client.Tests\Mocks\PresenterHarness.cs:line 32
at Kistl.GUI.Tests.PresenterTests`4.SetUp() in D:\Programmierung\Kistl\Tests\Kistl.Client.Tests\GUI\PresenterTests.cs:line 97
]]></stack-trace>
                            </failure>
                          </test-case>
                        </results>
                      </test-suite>
                      <test-suite name="ObjectListPresenterTests" success="False" time="0.140" asserts="2">
                        <results>
                          <test-case name="Kistl.GUI.Tests.ObjectListPresenterTests.HandleInvalidUserInput" executed="True" success="False" time="0.031" asserts="3">
                            <failure>
                              <message><![CDATA[  cannot find entry 'TestObject<ID = 2>' in ItemsSource
  Expected: True
  But was:  False
]]></message>
                              <stack-trace><![CDATA[at Kistl.GUI.Tests.ObjectReferenceListPresenterInfrastructure`3.AssertWidgetHasValidValue() in D:\Programmierung\Kistl\Tests\Kistl.Client.Tests\GUI\ObjectPresenterTests.cs:line 215
at Kistl.GUI.Tests.ReferenceListPresenterTests`4.HandleInvalidUserInput() in D:\Programmierung\Kistl\Tests\Kistl.Client.Tests\GUI\PresenterTests.cs:line 661
]]></stack-trace>
                            </failure>
                          </test-case>
                          <test-case name="Kistl.GUI.Tests.ObjectListPresenterTests.HandleNoUserInput" executed="True" success="False" time="0.016" asserts="5">
                            <failure>
                              <message><![CDATA[  cannot find entry 'TestObject<ID = 2>' in ItemsSource
  Expected: True
  But was:  False
]]></message>
                              <stack-trace><![CDATA[at Kistl.GUI.Tests.ObjectReferenceListPresenterInfrastructure`3.AssertWidgetHasValidValue() in D:\Programmierung\Kistl\Tests\Kistl.Client.Tests\GUI\ObjectPresenterTests.cs:line 215
at Kistl.GUI.Tests.ReferenceListPresenterTests`4.HandleNoUserInput() in D:\Programmierung\Kistl\Tests\Kistl.Client.Tests\GUI\PresenterTests.cs:line 614
]]></stack-trace>
                            </failure>
                          </test-case>
                          <test-case name="Kistl.GUI.Tests.ObjectListPresenterTests.HandleNullUserInput" executed="False">
                            <reason>
                              <message><![CDATA[Has to be re-evaluated after List/generic Presenter refactoring]]></message>
                            </reason>
                          </test-case>
                          <test-case name="Kistl.GUI.Tests.ObjectListPresenterTests.HandleProgrammaticChange" executed="True" success="False" time="0.016" asserts="3">
                            <failure>
                              <message><![CDATA[  cannot find entry 'TestObject<ID = 2>' in ItemsSource
  Expected: True
  But was:  False
]]></message>
                              <stack-trace><![CDATA[at Kistl.GUI.Tests.ObjectReferenceListPresenterInfrastructure`3.AssertWidgetHasValidValue() in D:\Programmierung\Kistl\Tests\Kistl.Client.Tests\GUI\ObjectPresenterTests.cs:line 215
at Kistl.GUI.Tests.ReferenceListPresenterTests`4.HandleProgrammaticChange() in D:\Programmierung\Kistl\Tests\Kistl.Client.Tests\GUI\PresenterTests.cs:line 697
]]></stack-trace>
                            </failure>
                          </test-case>
                          <test-case name="Kistl.GUI.Tests.ObjectListPresenterTests.HandleValidUserInput" executed="True" success="False" time="0.016" asserts="3">
                            <failure>
                              <message><![CDATA[  cannot find entry 'TestObject<ID = 2>' in ItemsSource
  Expected: True
  But was:  False
]]></message>
                              <stack-trace><![CDATA[at Kistl.GUI.Tests.ObjectReferenceListPresenterInfrastructure`3.AssertWidgetHasValidValue() in D:\Programmierung\Kistl\Tests\Kistl.Client.Tests\GUI\ObjectPresenterTests.cs:line 215
at Kistl.GUI.Tests.ReferenceListPresenterTests`4.HandleValidUserInput() in D:\Programmierung\Kistl\Tests\Kistl.Client.Tests\GUI\PresenterTests.cs:line 647
]]></stack-trace>
                            </failure>
                          </test-case>
                          <test-case name="Kistl.GUI.Tests.ObjectListPresenterTests.ReInit" executed="True" success="True" time="0.016" asserts="0" />
                          <test-case name="Kistl.GUI.Tests.ObjectListPresenterTests.TestPresenterSetUpCorrect" executed="True" success="True" time="0.016" asserts="11" />
                        </results>
                      </test-suite>
                      <test-suite name="ObjectReferencePresenterTests" success="False" time="0.125" asserts="2">
                        <results>
                          <test-case name="Kistl.GUI.Tests.ObjectReferencePresenterTests.HandleInvalidUserInput" executed="True" success="False" time="0.031" asserts="3">
                            <failure>
                              <message><![CDATA[  cannot find entry 'TestObject<ID = 2>' in ItemsSource
  Expected: True
  But was:  False
]]></message>
                              <stack-trace><![CDATA[at Kistl.GUI.Tests.ObjectReferencePresenterInfrastructure`3.AssertWidgetHasValidValue() in D:\Programmierung\Kistl\Tests\Kistl.Client.Tests\GUI\ObjectPresenterTests.cs:line 114
at Kistl.GUI.Tests.ReferencePresenterTests`4.HandleInvalidUserInput() in D:\Programmierung\Kistl\Tests\Kistl.Client.Tests\GUI\PresenterTests.cs:line 503
]]></stack-trace>
                            </failure>
                          </test-case>
                          <test-case name="Kistl.GUI.Tests.ObjectReferencePresenterTests.HandleNoUserInput" executed="True" success="False" time="0.000" asserts="5">
                            <failure>
                              <message><![CDATA[  cannot find entry 'TestObject<ID = 2>' in ItemsSource
  Expected: True
  But was:  False
]]></message>
                              <stack-trace><![CDATA[at Kistl.GUI.Tests.ObjectReferencePresenterInfrastructure`3.AssertWidgetHasValidValue() in D:\Programmierung\Kistl\Tests\Kistl.Client.Tests\GUI\ObjectPresenterTests.cs:line 114
at Kistl.GUI.Tests.ReferencePresenterTests`4.HandleNoUserInput() in D:\Programmierung\Kistl\Tests\Kistl.Client.Tests\GUI\PresenterTests.cs:line 457
]]></stack-trace>
                            </failure>
                          </test-case>
                          <test-case name="Kistl.GUI.Tests.ObjectReferencePresenterTests.HandleNullUserInput" executed="True" success="False" time="0.016" asserts="3">
                            <failure>
                              <message><![CDATA[  cannot find entry 'TestObject<ID = 2>' in ItemsSource
  Expected: True
  But was:  False
]]></message>
                              <stack-trace><![CDATA[at Kistl.GUI.Tests.ObjectReferencePresenterInfrastructure`3.AssertWidgetHasValidValue() in D:\Programmierung\Kistl\Tests\Kistl.Client.Tests\GUI\ObjectPresenterTests.cs:line 114
at Kistl.GUI.Tests.ReferencePresenterTests`4.HandleNullUserInput() in D:\Programmierung\Kistl\Tests\Kistl.Client.Tests\GUI\PresenterTests.cs:line 463
]]></stack-trace>
                            </failure>
                          </test-case>
                          <test-case name="Kistl.GUI.Tests.ObjectReferencePresenterTests.HandleProgrammaticChange" executed="True" success="False" time="0.016" asserts="3">
                            <failure>
                              <message><![CDATA[  cannot find entry 'TestObject<ID = 2>' in ItemsSource
  Expected: True
  But was:  False
]]></message>
                              <stack-trace><![CDATA[at Kistl.GUI.Tests.ObjectReferencePresenterInfrastructure`3.AssertWidgetHasValidValue() in D:\Programmierung\Kistl\Tests\Kistl.Client.Tests\GUI\ObjectPresenterTests.cs:line 114
at Kistl.GUI.Tests.ReferencePresenterTests`4.HandleProgrammaticChange() in D:\Programmierung\Kistl\Tests\Kistl.Client.Tests\GUI\PresenterTests.cs:line 543
]]></stack-trace>
                            </failure>
                          </test-case>
                          <test-case name="Kistl.GUI.Tests.ObjectReferencePresenterTests.HandleValidUserInput" executed="True" success="False" time="0.000" asserts="3">
                            <failure>
                              <message><![CDATA[  cannot find entry 'TestObject<ID = 2>' in ItemsSource
  Expected: True
  But was:  False
]]></message>
                              <stack-trace><![CDATA[at Kistl.GUI.Tests.ObjectReferencePresenterInfrastructure`3.AssertWidgetHasValidValue() in D:\Programmierung\Kistl\Tests\Kistl.Client.Tests\GUI\ObjectPresenterTests.cs:line 114
at Kistl.GUI.Tests.ReferencePresenterTests`4.HandleValidUserInput() in D:\Programmierung\Kistl\Tests\Kistl.Client.Tests\GUI\PresenterTests.cs:line 489
]]></stack-trace>
                            </failure>
                          </test-case>
                          <test-case name="Kistl.GUI.Tests.ObjectReferencePresenterTests.ReInit" executed="True" success="True" time="0.016" asserts="0" />
                          <test-case name="Kistl.GUI.Tests.ObjectReferencePresenterTests.TestGenerics" executed="True" success="True" time="0.016" asserts="3" />
                          <test-case name="Kistl.GUI.Tests.ObjectReferencePresenterTests.TestPresenterSetUpCorrect" executed="True" success="True" time="0.000" asserts="11" />
                        </results>
                      </test-suite>
                      <test-suite name="RendererTests" success="False" time="0.016" asserts="0">
                        <results>
                          <test-case name="Kistl.GUI.Tests.RendererTests.TestCreateControl" executed="True" success="False" time="0.000" asserts="1">
                            <failure>
                              <message><![CDATA[System.ArgumentNullException : Value cannot be null.
Parameter name: TypeName]]></message>
                              <stack-trace><![CDATA[at System.RuntimeType.PrivateGetType(String typeName, Boolean throwOnError, Boolean ignoreCase, Boolean reflectionOnly, StackCrawlMark& stackMark)
at System.Type.GetType(String typeName)
at Kistl.Client.TheseMethodsShouldBeImplementedOnKistlObjects.GetDataCLRType(BaseProperty p) in D:\Programmierung\Kistl\Kistl.Client\TheseMethodsShouldBeImplementedOnKistlObjects.cs:line 66
at Kistl.GUI.DB.KistlGUIContext.CreatePresenter(PresenterInfo info, IDataObject obj, Visual v, IBasicControl ctrl) in D:\Programmierung\Kistl\Kistl.Client\GUI.DB\KistlGUIContext.cs:line 68
at Kistl.GUI.Renderer.BasicRenderer`3.CreateControl(IDataObject obj, Visual visual) in D:\Programmierung\Kistl\Kistl.Client\GUI\Renderer.BasicRenderer.cs:line 88
at Kistl.GUI.Tests.RendererTests.TestCreateControl() in D:\Programmierung\Kistl\Tests\Kistl.Client.Tests\GUI\RendererTests.cs:line 21
]]></stack-trace>
                            </failure>
                          </test-case>
                          <test-case name="Kistl.GUI.Tests.RendererTests.TestCreateObjectControl" executed="True" success="True" time="0.000" asserts="1" />
                        </results>
                      </test-suite>
                      <test-suite name="StringPresenterTests" success="False" time="0.062" asserts="2">
                        <results>
                          <test-case name="Kistl.GUI.Tests.StringPresenterTests.HandleInvalidUserInput" executed="True" success="False" time="0.000" asserts="0">
                            <failure>
                              <message><![CDATA[System.ArgumentNullException : Value cannot be null.
Parameter name: TypeName]]></message>
                              <stack-trace><![CDATA[at System.RuntimeType.PrivateGetType(String typeName, Boolean throwOnError, Boolean ignoreCase, Boolean reflectionOnly, StackCrawlMark& stackMark)
at System.Type.GetType(String typeName)
at Kistl.Client.TheseMethodsShouldBeImplementedOnKistlObjects.GetDataCLRType(BaseProperty p) in D:\Programmierung\Kistl\Kistl.Client\TheseMethodsShouldBeImplementedOnKistlObjects.cs:line 66
at Kistl.GUI.DB.KistlGUIContext.CreatePresenter(PresenterInfo info, IDataObject obj, Visual v, IBasicControl ctrl) in D:\Programmierung\Kistl\Kistl.Client\GUI.DB\KistlGUIContext.cs:line 68
at Kistl.GUI.Mocks.PresenterHarness`3.SetUp() in D:\Programmierung\Kistl\Tests\Kistl.Client.Tests\Mocks\PresenterHarness.cs:line 32
at Kistl.GUI.Tests.PresenterTests`4.SetUp() in D:\Programmierung\Kistl\Tests\Kistl.Client.Tests\GUI\PresenterTests.cs:line 97
]]></stack-trace>
                            </failure>
                          </test-case>
                          <test-case name="Kistl.GUI.Tests.StringPresenterTests.HandleNoUserInput" executed="True" success="False" time="0.000" asserts="0">
                            <failure>
                              <message><![CDATA[System.ArgumentNullException : Value cannot be null.
Parameter name: TypeName]]></message>
                              <stack-trace><![CDATA[at System.RuntimeType.PrivateGetType(String typeName, Boolean throwOnError, Boolean ignoreCase, Boolean reflectionOnly, StackCrawlMark& stackMark)
at System.Type.GetType(String typeName)
at Kistl.Client.TheseMethodsShouldBeImplementedOnKistlObjects.GetDataCLRType(BaseProperty p) in D:\Programmierung\Kistl\Kistl.Client\TheseMethodsShouldBeImplementedOnKistlObjects.cs:line 66
at Kistl.GUI.DB.KistlGUIContext.CreatePresenter(PresenterInfo info, IDataObject obj, Visual v, IBasicControl ctrl) in D:\Programmierung\Kistl\Kistl.Client\GUI.DB\KistlGUIContext.cs:line 68
at Kistl.GUI.Mocks.PresenterHarness`3.SetUp() in D:\Programmierung\Kistl\Tests\Kistl.Client.Tests\Mocks\PresenterHarness.cs:line 32
at Kistl.GUI.Tests.PresenterTests`4.SetUp() in D:\Programmierung\Kistl\Tests\Kistl.Client.Tests\GUI\PresenterTests.cs:line 97
]]></stack-trace>
                            </failure>
                          </test-case>
                          <test-case name="Kistl.GUI.Tests.StringPresenterTests.HandleNullUserInput" executed="True" success="False" time="0.016" asserts="0">
                            <failure>
                              <message><![CDATA[System.ArgumentNullException : Value cannot be null.
Parameter name: TypeName]]></message>
                              <stack-trace><![CDATA[at System.RuntimeType.PrivateGetType(String typeName, Boolean throwOnError, Boolean ignoreCase, Boolean reflectionOnly, StackCrawlMark& stackMark)
at System.Type.GetType(String typeName)
at Kistl.Client.TheseMethodsShouldBeImplementedOnKistlObjects.GetDataCLRType(BaseProperty p) in D:\Programmierung\Kistl\Kistl.Client\TheseMethodsShouldBeImplementedOnKistlObjects.cs:line 66
at Kistl.GUI.DB.KistlGUIContext.CreatePresenter(PresenterInfo info, IDataObject obj, Visual v, IBasicControl ctrl) in D:\Programmierung\Kistl\Kistl.Client\GUI.DB\KistlGUIContext.cs:line 68
at Kistl.GUI.Mocks.PresenterHarness`3.SetUp() in D:\Programmierung\Kistl\Tests\Kistl.Client.Tests\Mocks\PresenterHarness.cs:line 32
at Kistl.GUI.Tests.PresenterTests`4.SetUp() in D:\Programmierung\Kistl\Tests\Kistl.Client.Tests\GUI\PresenterTests.cs:line 97
]]></stack-trace>
                            </failure>
                          </test-case>
                          <test-case name="Kistl.GUI.Tests.StringPresenterTests.HandleProgrammaticChange" executed="True" success="False" time="0.000" asserts="0">
                            <failure>
                              <message><![CDATA[System.ArgumentNullException : Value cannot be null.
Parameter name: TypeName]]></message>
                              <stack-trace><![CDATA[at System.RuntimeType.PrivateGetType(String typeName, Boolean throwOnError, Boolean ignoreCase, Boolean reflectionOnly, StackCrawlMark& stackMark)
at System.Type.GetType(String typeName)
at Kistl.Client.TheseMethodsShouldBeImplementedOnKistlObjects.GetDataCLRType(BaseProperty p) in D:\Programmierung\Kistl\Kistl.Client\TheseMethodsShouldBeImplementedOnKistlObjects.cs:line 66
at Kistl.GUI.DB.KistlGUIContext.CreatePresenter(PresenterInfo info, IDataObject obj, Visual v, IBasicControl ctrl) in D:\Programmierung\Kistl\Kistl.Client\GUI.DB\KistlGUIContext.cs:line 68
at Kistl.GUI.Mocks.PresenterHarness`3.SetUp() in D:\Programmierung\Kistl\Tests\Kistl.Client.Tests\Mocks\PresenterHarness.cs:line 32
at Kistl.GUI.Tests.PresenterTests`4.SetUp() in D:\Programmierung\Kistl\Tests\Kistl.Client.Tests\GUI\PresenterTests.cs:line 97
]]></stack-trace>
                            </failure>
                          </test-case>
                          <test-case name="Kistl.GUI.Tests.StringPresenterTests.HandleValidUserInput" executed="True" success="False" time="0.000" asserts="0">
                            <failure>
                              <message><![CDATA[System.ArgumentNullException : Value cannot be null.
Parameter name: TypeName]]></message>
                              <stack-trace><![CDATA[at System.RuntimeType.PrivateGetType(String typeName, Boolean throwOnError, Boolean ignoreCase, Boolean reflectionOnly, StackCrawlMark& stackMark)
at System.Type.GetType(String typeName)
at Kistl.Client.TheseMethodsShouldBeImplementedOnKistlObjects.GetDataCLRType(BaseProperty p) in D:\Programmierung\Kistl\Kistl.Client\TheseMethodsShouldBeImplementedOnKistlObjects.cs:line 66
at Kistl.GUI.DB.KistlGUIContext.CreatePresenter(PresenterInfo info, IDataObject obj, Visual v, IBasicControl ctrl) in D:\Programmierung\Kistl\Kistl.Client\GUI.DB\KistlGUIContext.cs:line 68
at Kistl.GUI.Mocks.PresenterHarness`3.SetUp() in D:\Programmierung\Kistl\Tests\Kistl.Client.Tests\Mocks\PresenterHarness.cs:line 32
at Kistl.GUI.Tests.PresenterTests`4.SetUp() in D:\Programmierung\Kistl\Tests\Kistl.Client.Tests\GUI\PresenterTests.cs:line 97
]]></stack-trace>
                            </failure>
                          </test-case>
                          <test-case name="Kistl.GUI.Tests.StringPresenterTests.ReInit" executed="True" success="False" time="0.016" asserts="0">
                            <failure>
                              <message><![CDATA[System.ArgumentNullException : Value cannot be null.
Parameter name: TypeName]]></message>
                              <stack-trace><![CDATA[at System.RuntimeType.PrivateGetType(String typeName, Boolean throwOnError, Boolean ignoreCase, Boolean reflectionOnly, StackCrawlMark& stackMark)
at System.Type.GetType(String typeName)
at Kistl.Client.TheseMethodsShouldBeImplementedOnKistlObjects.GetDataCLRType(BaseProperty p) in D:\Programmierung\Kistl\Kistl.Client\TheseMethodsShouldBeImplementedOnKistlObjects.cs:line 66
at Kistl.GUI.DB.KistlGUIContext.CreatePresenter(PresenterInfo info, IDataObject obj, Visual v, IBasicControl ctrl) in D:\Programmierung\Kistl\Kistl.Client\GUI.DB\KistlGUIContext.cs:line 68
at Kistl.GUI.Mocks.PresenterHarness`3.SetUp() in D:\Programmierung\Kistl\Tests\Kistl.Client.Tests\Mocks\PresenterHarness.cs:line 32
at Kistl.GUI.Tests.PresenterTests`4.SetUp() in D:\Programmierung\Kistl\Tests\Kistl.Client.Tests\GUI\PresenterTests.cs:line 97
]]></stack-trace>
                            </failure>
                          </test-case>
                          <test-case name="Kistl.GUI.Tests.StringPresenterTests.TestPresenterSetUpCorrect" executed="True" success="False" time="0.000" asserts="0">
                            <failure>
                              <message><![CDATA[System.ArgumentNullException : Value cannot be null.
Parameter name: TypeName]]></message>
                              <stack-trace><![CDATA[at System.RuntimeType.PrivateGetType(String typeName, Boolean throwOnError, Boolean ignoreCase, Boolean reflectionOnly, StackCrawlMark& stackMark)
at System.Type.GetType(String typeName)
at Kistl.Client.TheseMethodsShouldBeImplementedOnKistlObjects.GetDataCLRType(BaseProperty p) in D:\Programmierung\Kistl\Kistl.Client\TheseMethodsShouldBeImplementedOnKistlObjects.cs:line 66
at Kistl.GUI.DB.KistlGUIContext.CreatePresenter(PresenterInfo info, IDataObject obj, Visual v, IBasicControl ctrl) in D:\Programmierung\Kistl\Kistl.Client\GUI.DB\KistlGUIContext.cs:line 68
at Kistl.GUI.Mocks.PresenterHarness`3.SetUp() in D:\Programmierung\Kistl\Tests\Kistl.Client.Tests\Mocks\PresenterHarness.cs:line 32
at Kistl.GUI.Tests.PresenterTests`4.SetUp() in D:\Programmierung\Kistl\Tests\Kistl.Client.Tests\GUI\PresenterTests.cs:line 97
]]></stack-trace>
                            </failure>
                          </test-case>
                        </results>
                      </test-suite>
                      <test-suite name="TemplateTests" success="True" time="0.000" asserts="0">
                        <results>
                          <test-case name="Kistl.GUI.Tests.TemplateTests.TestDefaultsOther" executed="False">
                            <reason>
                              <message><![CDATA[unable to test at the moment, because ClientHelper.Objectclasses cannot be mocked]]></message>
                            </reason>
                          </test-case>
                          <test-case name="Kistl.GUI.Tests.TemplateTests.TestDefaultUnknownObjectType" executed="False">
                            <reason>
                              <message><![CDATA[unable to test at the moment, because ClientHelper.Objectclasses cannot be mocked]]></message>
                            </reason>
                          </test-case>
                          <test-case name="Kistl.GUI.Tests.TemplateTests.TestProperties" executed="True" success="True" time="0.000" asserts="5" />
                        </results>
                      </test-suite>
                      <test-suite name="VisualTests" success="True" time="0.031" asserts="0">
                        <results>
                          <test-case name="Kistl.GUI.Tests.VisualTests.TestDefaults" executed="True" success="True" time="0.000" asserts="9" />
                          <test-case name="Kistl.GUI.Tests.VisualTests.TestEnumeration" executed="True" success="True" time="0.000" asserts="1" />
                          <test-case name="Kistl.GUI.Tests.VisualTests.TestFailure" executed="True" success="True" time="0.000" asserts="1" />
                          <test-case name="Kistl.GUI.Tests.VisualTests.TestProperties" executed="True" success="True" time="0.000" asserts="5" />
                          <test-case name="Kistl.GUI.Tests.VisualTests.TestValueType" executed="True" success="True" time="0.016" asserts="1" />
                        </results>
                      </test-suite>
                    </results>
                  </test-suite>
                </results>
              </test-suite>
            </results>
          </test-suite>
        </results>
      </test-suite>
    </results>
  </test-suite>
</test-results>