<?xml version="1.0" encoding="utf-8" standalone="no"?>
<!--This file represents the results of running a test suite-->
<test-results name="E:\Projekte\Kistl\Tests\CompleteTests\CompleteTests.nunit" total="111" failures="3" not-run="0" date="2008-05-26" time="16:54:58">
  <environment nunit-version="2.4.7.0" clr-version="2.0.50727.1433" os-version="Microsoft Windows NT 6.0.6000.0" platform="Win32NT" cwd="E:\Projekte\Kistl\Tests\CompleteTests" machine-name="KISTL" user="david" user-domain="kistl" />
  <culture-info current-culture="de-AT" current-uiculture="de-DE" />
  <test-suite name="E:\Projekte\Kistl\Tests\CompleteTests\CompleteTests.nunit" success="False" time="4.072" asserts="0">
    <results>
      <test-suite name="E:\Projekte\Kistl\Tests\CompleteTests\bin\Debug\Kistl.Client.Tests.exe" success="False" time="3.869" asserts="0">
        <results>
          <test-suite name="Kistl" success="False" time="3.292" asserts="0">
            <results>
              <test-suite name="GUI" success="False" time="3.292" asserts="0">
                <results>
                  <test-suite name="Integration" success="True" time="2.324" asserts="0">
                    <results>
                      <test-suite name="WPF" success="True" time="2.324" asserts="0">
                        <results>
                          <test-suite name="ObjectReferenceControlIntegrationTests" success="True" time="2.324" asserts="2">
                            <results>
                              <test-case name="Kistl.GUI.Integration.WPF.ObjectReferenceControlIntegrationTests.HandleInvalidUserInput" executed="True" success="True" time="2.153" asserts="18" />
                              <test-case name="Kistl.GUI.Integration.WPF.ObjectReferenceControlIntegrationTests.HandleNoUserInput" executed="True" success="True" time="0.000" asserts="10" />
                              <test-case name="Kistl.GUI.Integration.WPF.ObjectReferenceControlIntegrationTests.HandleNullUserInput" executed="True" success="True" time="0.016" asserts="17" />
                              <test-case name="Kistl.GUI.Integration.WPF.ObjectReferenceControlIntegrationTests.HandleProgrammaticChange" executed="True" success="True" time="0.000" asserts="68" />
                              <test-case name="Kistl.GUI.Integration.WPF.ObjectReferenceControlIntegrationTests.HandleValidUserInput" executed="True" success="True" time="0.000" asserts="68" />
                              <test-case name="Kistl.GUI.Integration.WPF.ObjectReferenceControlIntegrationTests.ReInit" executed="True" success="True" time="0.016" asserts="0" />
                              <test-case name="Kistl.GUI.Integration.WPF.ObjectReferenceControlIntegrationTests.TestPresenterSetUpCorrect" executed="True" success="True" time="0.000" asserts="11" />
                            </results>
                          </test-suite>
                        </results>
                      </test-suite>
                    </results>
                  </test-suite>
                  <test-suite name="Renderer" success="False" time="0.733" asserts="0">
                    <results>
                      <test-suite name="WPF" success="False" time="0.718" asserts="0">
                        <results>
                          <test-suite name="Tests" success="False" time="0.718" asserts="0">
                            <results>
                              <test-suite name="BoolControlTests" success="True" time="0.078" asserts="2">
                                <results>
                                  <test-case name="Kistl.GUI.Renderer.WPF.Tests.BoolControlTests.TestDescription" executed="True" success="True" time="0.016" asserts="4" />
                                  <test-case name="Kistl.GUI.Renderer.WPF.Tests.BoolControlTests.TestFieldSize" executed="True" success="True" time="0.016" asserts="10" />
                                  <test-case name="Kistl.GUI.Renderer.WPF.Tests.BoolControlTests.TestIsValidValue" executed="True" success="True" time="0.016" asserts="14" />
                                  <test-case name="Kistl.GUI.Renderer.WPF.Tests.BoolControlTests.TestSetUpCorrect" executed="True" success="True" time="0.000" asserts="5" />
                                  <test-case name="Kistl.GUI.Renderer.WPF.Tests.BoolControlTests.TestShortLabel" executed="True" success="True" time="0.000" asserts="4" />
                                  <test-case name="Kistl.GUI.Renderer.WPF.Tests.BoolControlTests.TestUserInput" executed="True" success="True" time="0.016" asserts="4" />
                                  <test-case name="Kistl.GUI.Renderer.WPF.Tests.BoolControlTests.TestValueProgrammatically" executed="True" success="True" time="0.000" asserts="4" />
                                </results>
                              </test-suite>
                              <test-suite name="DateTimeControlTests" success="True" time="0.187" asserts="2">
                                <results>
                                  <test-case name="Kistl.GUI.Renderer.WPF.Tests.DateTimeControlTests.TestDescription" executed="True" success="True" time="0.140" asserts="4" />
                                  <test-case name="Kistl.GUI.Renderer.WPF.Tests.DateTimeControlTests.TestFieldSize" executed="True" success="True" time="0.000" asserts="10" />
                                  <test-case name="Kistl.GUI.Renderer.WPF.Tests.DateTimeControlTests.TestIsValidValue" executed="True" success="True" time="0.000" asserts="14" />
                                  <test-case name="Kistl.GUI.Renderer.WPF.Tests.DateTimeControlTests.TestSetUpCorrect" executed="True" success="True" time="0.016" asserts="5" />
                                  <test-case name="Kistl.GUI.Renderer.WPF.Tests.DateTimeControlTests.TestShortLabel" executed="True" success="True" time="0.000" asserts="4" />
                                  <test-case name="Kistl.GUI.Renderer.WPF.Tests.DateTimeControlTests.TestUserInput" executed="True" success="True" time="0.000" asserts="14" />
                                  <test-case name="Kistl.GUI.Renderer.WPF.Tests.DateTimeControlTests.TestValueProgrammatically" executed="True" success="True" time="0.000" asserts="14" />
                                </results>
                              </test-suite>
                              <test-suite name="DoubleControlTests" success="True" time="0.296" asserts="2">
                                <results>
                                  <test-case name="Kistl.GUI.Renderer.WPF.Tests.DoubleControlTests.TestDescription" executed="True" success="True" time="0.203" asserts="4" />
                                  <test-case name="Kistl.GUI.Renderer.WPF.Tests.DoubleControlTests.TestFieldSize" executed="True" success="True" time="0.000" asserts="10" />
                                  <test-case name="Kistl.GUI.Renderer.WPF.Tests.DoubleControlTests.TestIsValidValue" executed="True" success="True" time="0.000" asserts="14" />
                                  <test-case name="Kistl.GUI.Renderer.WPF.Tests.DoubleControlTests.TestSetUpCorrect" executed="True" success="True" time="0.000" asserts="5" />
                                  <test-case name="Kistl.GUI.Renderer.WPF.Tests.DoubleControlTests.TestShortLabel" executed="True" success="True" time="0.000" asserts="4" />
                                  <test-case name="Kistl.GUI.Renderer.WPF.Tests.DoubleControlTests.TestUserInput" executed="True" success="True" time="0.078" asserts="32" />
                                  <test-case name="Kistl.GUI.Renderer.WPF.Tests.DoubleControlTests.TestValueProgrammatically" executed="True" success="True" time="0.000" asserts="32" />
                                </results>
                              </test-suite>
                              <test-suite name="IntControlTests" success="True" time="0.031" asserts="2">
                                <results>
                                  <test-case name="Kistl.GUI.Renderer.WPF.Tests.IntControlTests.TestDescription" executed="True" success="True" time="0.016" asserts="4" />
                                  <test-case name="Kistl.GUI.Renderer.WPF.Tests.IntControlTests.TestFieldSize" executed="True" success="True" time="0.000" asserts="10" />
                                  <test-case name="Kistl.GUI.Renderer.WPF.Tests.IntControlTests.TestIsValidValue" executed="True" success="True" time="0.000" asserts="14" />
                                  <test-case name="Kistl.GUI.Renderer.WPF.Tests.IntControlTests.TestSetUpCorrect" executed="True" success="True" time="0.000" asserts="5" />
                                  <test-case name="Kistl.GUI.Renderer.WPF.Tests.IntControlTests.TestShortLabel" executed="True" success="True" time="0.000" asserts="4" />
                                  <test-case name="Kistl.GUI.Renderer.WPF.Tests.IntControlTests.TestUserInput" executed="True" success="True" time="0.016" asserts="34" />
                                  <test-case name="Kistl.GUI.Renderer.WPF.Tests.IntControlTests.TestValueProgrammatically" executed="True" success="True" time="0.000" asserts="34" />
                                </results>
                              </test-suite>
                              <test-suite name="ObjectListControlTests" success="False" time="0.062" asserts="2">
                                <results>
                                  <test-case name="Kistl.GUI.Renderer.WPF.Tests.ObjectListControlTests.TestCombobox" executed="True" success="False" time="0.047" asserts="1">
                                    <failure>
                                      <message><![CDATA[  The control should be tested whether it displays the right values to the user
  Expected: True
  But was:  False
]]></message>
                                      <stack-trace><![CDATA[bei Kistl.GUI.Renderer.WPF.Tests.ObjectListControlTests.TestCombobox() in E:\Projekte\Kistl\Tests\Kistl.Client.Tests\Renderer.WPF\ObjectControlTests.cs:Zeile 101.
]]></stack-trace>
                                    </failure>
                                  </test-case>
                                  <test-case name="Kistl.GUI.Renderer.WPF.Tests.ObjectListControlTests.TestDescription" executed="True" success="True" time="0.000" asserts="4" />
                                  <test-case name="Kistl.GUI.Renderer.WPF.Tests.ObjectListControlTests.TestFieldSize" executed="True" success="True" time="0.000" asserts="10" />
                                  <test-case name="Kistl.GUI.Renderer.WPF.Tests.ObjectListControlTests.TestIsValidValue" executed="True" success="True" time="0.000" asserts="14" />
                                  <test-case name="Kistl.GUI.Renderer.WPF.Tests.ObjectListControlTests.TestSetUpCorrect" executed="True" success="True" time="0.000" asserts="5" />
                                  <test-case name="Kistl.GUI.Renderer.WPF.Tests.ObjectListControlTests.TestShortLabel" executed="True" success="True" time="0.000" asserts="4" />
                                  <test-case name="Kistl.GUI.Renderer.WPF.Tests.ObjectListControlTests.TestValueProgrammatically" executed="True" success="True" time="0.000" asserts="0" />
                                </results>
                              </test-suite>
                              <test-suite name="ObjectReferenceControlTests" success="True" time="0.031" asserts="2">
                                <results>
                                  <test-case name="Kistl.GUI.Renderer.WPF.Tests.ObjectReferenceControlTests.TestCombobox" executed="True" success="True" time="0.016" asserts="19" />
                                  <test-case name="Kistl.GUI.Renderer.WPF.Tests.ObjectReferenceControlTests.TestDescription" executed="True" success="True" time="0.000" asserts="4" />
                                  <test-case name="Kistl.GUI.Renderer.WPF.Tests.ObjectReferenceControlTests.TestFieldSize" executed="True" success="True" time="0.000" asserts="10" />
                                  <test-case name="Kistl.GUI.Renderer.WPF.Tests.ObjectReferenceControlTests.TestIsValidValue" executed="True" success="True" time="0.000" asserts="14" />
                                  <test-case name="Kistl.GUI.Renderer.WPF.Tests.ObjectReferenceControlTests.TestSetUpCorrect" executed="True" success="True" time="0.000" asserts="5" />
                                  <test-case name="Kistl.GUI.Renderer.WPF.Tests.ObjectReferenceControlTests.TestShortLabel" executed="True" success="True" time="0.000" asserts="4" />
                                  <test-case name="Kistl.GUI.Renderer.WPF.Tests.ObjectReferenceControlTests.TestValueProgrammatically" executed="True" success="True" time="0.016" asserts="12" />
                                </results>
                              </test-suite>
                              <test-suite name="StringControlTests" success="True" time="0.016" asserts="2">
                                <results>
                                  <test-case name="Kistl.GUI.Renderer.WPF.Tests.StringControlTests.TestDescription" executed="True" success="True" time="0.000" asserts="4" />
                                  <test-case name="Kistl.GUI.Renderer.WPF.Tests.StringControlTests.TestFieldSize" executed="True" success="True" time="0.000" asserts="10" />
                                  <test-case name="Kistl.GUI.Renderer.WPF.Tests.StringControlTests.TestIsValidValue" executed="True" success="True" time="0.000" asserts="14" />
                                  <test-case name="Kistl.GUI.Renderer.WPF.Tests.StringControlTests.TestSetUpCorrect" executed="True" success="True" time="0.000" asserts="5" />
                                  <test-case name="Kistl.GUI.Renderer.WPF.Tests.StringControlTests.TestShortLabel" executed="True" success="True" time="0.000" asserts="4" />
                                  <test-case name="Kistl.GUI.Renderer.WPF.Tests.StringControlTests.TestUserInput" executed="True" success="True" time="0.016" asserts="32" />
                                  <test-case name="Kistl.GUI.Renderer.WPF.Tests.StringControlTests.TestValueProgrammatically" executed="True" success="True" time="0.000" asserts="32" />
                                </results>
                              </test-suite>
                            </results>
                          </test-suite>
                        </results>
                      </test-suite>
                    </results>
                  </test-suite>
                  <test-suite name="Tests" success="False" time="0.234" asserts="0">
                    <results>
                      <test-suite name="BoolPresenterTests" success="True" time="0.031" asserts="2">
                        <results>
                          <test-case name="Kistl.GUI.Tests.BoolPresenterTests.HandleInvalidUserInput" executed="True" success="True" time="0.000" asserts="6" />
                          <test-case name="Kistl.GUI.Tests.BoolPresenterTests.HandleNoUserInput" executed="True" success="True" time="0.016" asserts="3" />
                          <test-case name="Kistl.GUI.Tests.BoolPresenterTests.HandleNullUserInput" executed="True" success="True" time="0.000" asserts="5" />
                          <test-case name="Kistl.GUI.Tests.BoolPresenterTests.HandleProgrammaticChange" executed="True" success="True" time="0.000" asserts="10" />
                          <test-case name="Kistl.GUI.Tests.BoolPresenterTests.HandleValidUserInput" executed="True" success="True" time="0.000" asserts="10" />
                          <test-case name="Kistl.GUI.Tests.BoolPresenterTests.ReInit" executed="True" success="True" time="0.000" asserts="0" />
                          <test-case name="Kistl.GUI.Tests.BoolPresenterTests.TestPresenterSetUpCorrect" executed="True" success="True" time="0.000" asserts="11" />
                        </results>
                      </test-suite>
                      <test-suite name="DateTimePresenterTests" success="True" time="0.016" asserts="2">
                        <results>
                          <test-case name="Kistl.GUI.Tests.DateTimePresenterTests.HandleInvalidUserInput" executed="True" success="True" time="0.016" asserts="6" />
                          <test-case name="Kistl.GUI.Tests.DateTimePresenterTests.HandleNoUserInput" executed="True" success="True" time="0.000" asserts="3" />
                          <test-case name="Kistl.GUI.Tests.DateTimePresenterTests.HandleNullUserInput" executed="True" success="True" time="0.000" asserts="5" />
                          <test-case name="Kistl.GUI.Tests.DateTimePresenterTests.HandleProgrammaticChange" executed="True" success="True" time="0.000" asserts="30" />
                          <test-case name="Kistl.GUI.Tests.DateTimePresenterTests.HandleValidUserInput" executed="True" success="True" time="0.000" asserts="30" />
                          <test-case name="Kistl.GUI.Tests.DateTimePresenterTests.ReInit" executed="True" success="True" time="0.000" asserts="0" />
                          <test-case name="Kistl.GUI.Tests.DateTimePresenterTests.TestPresenterSetUpCorrect" executed="True" success="True" time="0.000" asserts="11" />
                        </results>
                      </test-suite>
                      <test-suite name="DoublePresenterTests" success="True" time="0.016" asserts="2">
                        <results>
                          <test-case name="Kistl.GUI.Tests.DoublePresenterTests.HandleInvalidUserInput" executed="True" success="True" time="0.000" asserts="6" />
                          <test-case name="Kistl.GUI.Tests.DoublePresenterTests.HandleNoUserInput" executed="True" success="True" time="0.000" asserts="3" />
                          <test-case name="Kistl.GUI.Tests.DoublePresenterTests.HandleNullUserInput" executed="True" success="True" time="0.000" asserts="5" />
                          <test-case name="Kistl.GUI.Tests.DoublePresenterTests.HandleProgrammaticChange" executed="True" success="True" time="0.016" asserts="66" />
                          <test-case name="Kistl.GUI.Tests.DoublePresenterTests.HandleValidUserInput" executed="True" success="True" time="0.000" asserts="66" />
                          <test-case name="Kistl.GUI.Tests.DoublePresenterTests.ReInit" executed="True" success="True" time="0.000" asserts="0" />
                          <test-case name="Kistl.GUI.Tests.DoublePresenterTests.TestPresenterSetUpCorrect" executed="True" success="True" time="0.000" asserts="11" />
                        </results>
                      </test-suite>
                      <test-suite name="GuiDbTests" success="True" time="0.031" asserts="2">
                        <results>
                          <test-case name="Kistl.GUI.Tests.GuiDbTests.CreatePresenterFailNoInfo" executed="True" success="True" time="0.000" asserts="0" />
                          <test-case name="Kistl.GUI.Tests.GuiDbTests.CreatePresenterFailNoObject" executed="True" success="True" time="0.000" asserts="0" />
                          <test-case name="Kistl.GUI.Tests.GuiDbTests.CreatePresenterFailNoVisual" executed="True" success="True" time="0.000" asserts="0" />
                          <test-case name="Kistl.GUI.Tests.GuiDbTests.CreatePresenterFailNoWidget" executed="True" success="True" time="0.000" asserts="0" />
                          <test-case name="Kistl.GUI.Tests.GuiDbTests.ReInit" executed="True" success="True" time="0.016" asserts="0" />
                          <test-case name="Kistl.GUI.Tests.GuiDbTests.TestPresenterSetUpCorrect" executed="True" success="True" time="0.000" asserts="11" />
                        </results>
                      </test-suite>
                      <test-suite name="IntPresenterTests" success="True" time="0.016" asserts="2">
                        <results>
                          <test-case name="Kistl.GUI.Tests.IntPresenterTests.HandleInvalidUserInput" executed="True" success="True" time="0.000" asserts="6" />
                          <test-case name="Kistl.GUI.Tests.IntPresenterTests.HandleNoUserInput" executed="True" success="True" time="0.016" asserts="3" />
                          <test-case name="Kistl.GUI.Tests.IntPresenterTests.HandleNullUserInput" executed="True" success="True" time="0.000" asserts="5" />
                          <test-case name="Kistl.GUI.Tests.IntPresenterTests.HandleProgrammaticChange" executed="True" success="True" time="0.000" asserts="70" />
                          <test-case name="Kistl.GUI.Tests.IntPresenterTests.HandleValidUserInput" executed="True" success="True" time="0.000" asserts="70" />
                          <test-case name="Kistl.GUI.Tests.IntPresenterTests.ReInit" executed="True" success="True" time="0.000" asserts="0" />
                          <test-case name="Kistl.GUI.Tests.IntPresenterTests.TestPresenterSetUpCorrect" executed="True" success="True" time="0.000" asserts="11" />
                        </results>
                      </test-suite>
                      <test-suite name="ObjectListPresenterTests" success="False" time="0.031" asserts="2">
                        <results>
                          <test-case name="Kistl.GUI.Tests.ObjectListPresenterTests.HandleInvalidUserInput" executed="True" success="True" time="0.000" asserts="2" />
                          <test-case name="Kistl.GUI.Tests.ObjectListPresenterTests.HandleNoUserInput" executed="True" success="False" time="0.000" asserts="1">
                            <failure>
                              <message><![CDATA[  property This is a MockObjectReferenceProperty should have proper default
  Expected: null
  But was:  <empty>
]]></message>
                              <stack-trace><![CDATA[bei Kistl.GUI.Tests.ReferencePresenterTests`4.HandleNoUserInput() in E:\Projekte\Kistl\Tests\Kistl.Client.Tests\GUI\PresenterTests.cs:Zeile 277.
]]></stack-trace>
                            </failure>
                          </test-case>
                          <test-case name="Kistl.GUI.Tests.ObjectListPresenterTests.HandleNullUserInput" executed="True" success="False" time="0.016" asserts="2">
                            <failure>
                              <message><![CDATA[System.NotImplementedException : Die Methode oder der Vorgang sind nicht implementiert.]]></message>
                              <stack-trace><![CDATA[bei Kistl.Client.Mocks.TestObjectListControl.SimulateUserInput(IList`1 v) in E:\Projekte\Kistl\Tests\Kistl.Client.Tests\Mocks\TestControl.cs:Zeile 393.
bei Kistl.GUI.Tests.ObjectListPresenterTests.UserInput(IList`1 v) in E:\Projekte\Kistl\Tests\Kistl.Client.Tests\GUI\ObjectPresenterTests.cs:Zeile 139.
bei Kistl.GUI.Tests.ReferencePresenterTests`4.HandleNullUserInput() in E:\Projekte\Kistl\Tests\Kistl.Client.Tests\GUI\PresenterTests.cs:Zeile 286.
]]></stack-trace>
                            </failure>
                          </test-case>
                          <test-case name="Kistl.GUI.Tests.ObjectListPresenterTests.HandleProgrammaticChange" executed="True" success="True" time="0.000" asserts="2" />
                          <test-case name="Kistl.GUI.Tests.ObjectListPresenterTests.HandleValidUserInput" executed="True" success="True" time="0.000" asserts="2" />
                          <test-case name="Kistl.GUI.Tests.ObjectListPresenterTests.ReInit" executed="True" success="True" time="0.000" asserts="0" />
                          <test-case name="Kistl.GUI.Tests.ObjectListPresenterTests.TestPresenterSetUpCorrect" executed="True" success="True" time="0.000" asserts="11" />
                        </results>
                      </test-suite>
                      <test-suite name="ObjectReferencePresenterTests" success="True" time="0.016" asserts="2">
                        <results>
                          <test-case name="Kistl.GUI.Tests.ObjectReferencePresenterTests.HandleInvalidUserInput" executed="True" success="True" time="0.000" asserts="18" />
                          <test-case name="Kistl.GUI.Tests.ObjectReferencePresenterTests.HandleNoUserInput" executed="True" success="True" time="0.000" asserts="10" />
                          <test-case name="Kistl.GUI.Tests.ObjectReferencePresenterTests.HandleNullUserInput" executed="True" success="True" time="0.000" asserts="17" />
                          <test-case name="Kistl.GUI.Tests.ObjectReferencePresenterTests.HandleProgrammaticChange" executed="True" success="True" time="0.000" asserts="68" />
                          <test-case name="Kistl.GUI.Tests.ObjectReferencePresenterTests.HandleValidUserInput" executed="True" success="True" time="0.000" asserts="68" />
                          <test-case name="Kistl.GUI.Tests.ObjectReferencePresenterTests.ReInit" executed="True" success="True" time="0.000" asserts="0" />
                          <test-case name="Kistl.GUI.Tests.ObjectReferencePresenterTests.TestPresenterSetUpCorrect" executed="True" success="True" time="0.000" asserts="11" />
                        </results>
                      </test-suite>
                      <test-suite name="StringPresenterTests" success="True" time="0.016" asserts="2">
                        <results>
                          <test-case name="Kistl.GUI.Tests.StringPresenterTests.HandleInvalidUserInput" executed="True" success="True" time="0.000" asserts="6" />
                          <test-case name="Kistl.GUI.Tests.StringPresenterTests.HandleNoUserInput" executed="True" success="True" time="0.000" asserts="4" />
                          <test-case name="Kistl.GUI.Tests.StringPresenterTests.HandleNullUserInput" executed="True" success="True" time="0.000" asserts="5" />
                          <test-case name="Kistl.GUI.Tests.StringPresenterTests.HandleProgrammaticChange" executed="True" success="True" time="0.000" asserts="66" />
                          <test-case name="Kistl.GUI.Tests.StringPresenterTests.HandleValidUserInput" executed="True" success="True" time="0.000" asserts="66" />
                          <test-case name="Kistl.GUI.Tests.StringPresenterTests.ReInit" executed="True" success="True" time="0.016" asserts="0" />
                          <test-case name="Kistl.GUI.Tests.StringPresenterTests.TestPresenterSetUpCorrect" executed="True" success="True" time="0.000" asserts="11" />
                        </results>
                      </test-suite>
                    </results>
                  </test-suite>
                </results>
              </test-suite>
            </results>
          </test-suite>
        </results>
      </test-suite>
    </results>
  </test-suite>
</test-results>