<?xml version="1.0" encoding="utf-8" standalone="no"?>
<!--This file represents the results of running a test suite-->
<test-results name="E:\Projekte\Kistl\Tests\CompleteTests\CompleteTests.nunit" total="549" failures="72" not-run="0" date="2008-05-26" time="11:53:02">
  <environment nunit-version="2.4.7.0" clr-version="2.0.50727.1433" os-version="Microsoft Windows NT 6.0.6000.0" platform="Win32NT" cwd="E:\Projekte\Kistl\Tests\CompleteTests" machine-name="KISTL" user="david" user-domain="kistl" />
  <culture-info current-culture="de-AT" current-uiculture="de-DE" />
  <test-suite name="E:\Projekte\Kistl\Tests\CompleteTests\CompleteTests.nunit" success="False" time="11.100" asserts="0">
    <results>
      <test-suite name="E:\Projekte\Kistl\Tests\CompleteTests\bin\Debug\Kistl.API.Client.Tests.exe" success="True" time="0.888" asserts="0">
        <results>
          <test-suite name="Kistl" success="True" time="0.879" asserts="0">
            <results>
              <test-suite name="API" success="True" time="0.872" asserts="0">
                <results>
                  <test-suite name="Client" success="True" time="0.866" asserts="0">
                    <results>
                      <test-suite name="Tests" success="True" time="0.853" asserts="0">
                        <results>
                          <test-suite name="BaseClientDataObjectTests" success="True" time="0.078" asserts="0">
                            <results>
                              <test-case name="Kistl.API.Client.Tests.BaseClientDataObjectTests.AttachToContext" executed="True" success="True" time="0.020" asserts="4" />
                              <test-case name="Kistl.API.Client.Tests.BaseClientDataObjectTests.AttachToContext_New" executed="True" success="True" time="0.000" asserts="4" />
                              <test-case name="Kistl.API.Client.Tests.BaseClientDataObjectTests.AttachToContext_Twice" executed="True" success="True" time="0.000" asserts="4" />
                              <test-case name="Kistl.API.Client.Tests.BaseClientDataObjectTests.Clone" executed="True" success="True" time="0.001" asserts="2" />
                              <test-case name="Kistl.API.Client.Tests.BaseClientDataObjectTests.CopyTo" executed="True" success="True" time="0.002" asserts="2" />
                              <test-case name="Kistl.API.Client.Tests.BaseClientDataObjectTests.CopyTo_Null" executed="True" success="True" time="0.005" asserts="0" />
                              <test-case name="Kistl.API.Client.Tests.BaseClientDataObjectTests.DetachFromContext" executed="True" success="True" time="0.004" asserts="5" />
                              <test-case name="Kistl.API.Client.Tests.BaseClientDataObjectTests.DetachFromContext_NotAttached" executed="True" success="True" time="0.003" asserts="1" />
                              <test-case name="Kistl.API.Client.Tests.BaseClientDataObjectTests.EventAttached" executed="True" success="True" time="0.000" asserts="1" />
                              <test-case name="Kistl.API.Client.Tests.BaseClientDataObjectTests.FromStream_Null_StreamReader" executed="True" success="True" time="0.004" asserts="0" />
                              <test-case name="Kistl.API.Client.Tests.BaseClientDataObjectTests.FromStream_WrongType" executed="True" success="True" time="0.006" asserts="0" />
                              <test-case name="Kistl.API.Client.Tests.BaseClientDataObjectTests.NotifyChange" executed="True" success="True" time="0.000" asserts="1" />
                              <test-case name="Kistl.API.Client.Tests.BaseClientDataObjectTests.NotifyPropertyChanged_ing" executed="True" success="True" time="0.000" asserts="1" />
                              <test-case name="Kistl.API.Client.Tests.BaseClientDataObjectTests.ObjectState_CreatedObject" executed="True" success="True" time="0.000" asserts="1" />
                              <test-case name="Kistl.API.Client.Tests.BaseClientDataObjectTests.ObjectState_CreatedObject_Modified" executed="True" success="True" time="0.000" asserts="1" />
                              <test-case name="Kistl.API.Client.Tests.BaseClientDataObjectTests.ObjectState_New_then_UnModified" executed="True" success="True" time="0.000" asserts="2" />
                              <test-case name="Kistl.API.Client.Tests.BaseClientDataObjectTests.ObjectState_ObjectWithID" executed="True" success="True" time="0.000" asserts="1" />
                              <test-case name="Kistl.API.Client.Tests.BaseClientDataObjectTests.ObjectState_ObjectWithID_Modified" executed="True" success="True" time="0.000" asserts="1" />
                              <test-case name="Kistl.API.Client.Tests.BaseClientDataObjectTests.Stream" executed="True" success="True" time="0.003" asserts="5" />
                              <test-case name="Kistl.API.Client.Tests.BaseClientDataObjectTests.ToStream_Null" executed="True" success="True" time="0.003" asserts="0" />
                              <test-case name="Kistl.API.Client.Tests.BaseClientDataObjectTests.Type" executed="True" success="True" time="0.001" asserts="1" />
                            </results>
                          </test-suite>
                          <test-suite name="KistlContextTests" success="True" time="0.169" asserts="0">
                            <results>
                              <test-case name="Kistl.API.Client.Tests.KistlContextTests.Attach_IDataObject_Existing_Twice_But_Different" executed="True" success="True" time="0.005" asserts="3" />
                              <test-case name="Kistl.API.Client.Tests.KistlContextTests.Attach_IDataObject_New" executed="True" success="True" time="0.001" asserts="2" />
                              <test-case name="Kistl.API.Client.Tests.KistlContextTests.Attach_IDataObject_Null" executed="True" success="True" time="0.005" asserts="0" />
                              <test-case name="Kistl.API.Client.Tests.KistlContextTests.Attach_IDataObject_Twice" executed="True" success="True" time="0.002" asserts="2" />
                              <test-case name="Kistl.API.Client.Tests.KistlContextTests.Attach_IDataObject_Twice_Modified" executed="True" success="True" time="0.001" asserts="4" />
                              <test-case name="Kistl.API.Client.Tests.KistlContextTests.Create_ObjectType" executed="True" success="True" time="0.003" asserts="4" />
                              <test-case name="Kistl.API.Client.Tests.KistlContextTests.Create_T" executed="True" success="True" time="0.002" asserts="4" />
                              <test-case name="Kistl.API.Client.Tests.KistlContextTests.Create_T_Twice" executed="True" success="True" time="0.002" asserts="7" />
                              <test-case name="Kistl.API.Client.Tests.KistlContextTests.Create_Type" executed="True" success="True" time="0.001" asserts="4" />
                              <test-case name="Kistl.API.Client.Tests.KistlContextTests.Delete" executed="True" success="True" time="0.047" asserts="2" />
                              <test-case name="Kistl.API.Client.Tests.KistlContextTests.Delete_Not_Attached" executed="True" success="True" time="0.005" asserts="0" />
                              <test-case name="Kistl.API.Client.Tests.KistlContextTests.Delete_Null" executed="True" success="True" time="0.004" asserts="0" />
                              <test-case name="Kistl.API.Client.Tests.KistlContextTests.Delete_Wrong_Context" executed="True" success="True" time="0.004" asserts="0" />
                              <test-case name="Kistl.API.Client.Tests.KistlContextTests.Detach" executed="True" success="True" time="0.001" asserts="2" />
                              <test-case name="Kistl.API.Client.Tests.KistlContextTests.Detach_NotAttached" executed="True" success="True" time="0.004" asserts="0" />
                              <test-case name="Kistl.API.Client.Tests.KistlContextTests.Detach_Null" executed="True" success="True" time="0.004" asserts="0" />
                              <test-case name="Kistl.API.Client.Tests.KistlContextTests.Detach_Twice" executed="True" success="True" time="0.005" asserts="2" />
                              <test-case name="Kistl.API.Client.Tests.KistlContextTests.Find_ObjectType" executed="True" success="True" time="0.002" asserts="1" />
                              <test-case name="Kistl.API.Client.Tests.KistlContextTests.Find_T" executed="True" success="True" time="0.001" asserts="1" />
                              <test-case name="Kistl.API.Client.Tests.KistlContextTests.GetList" executed="True" success="True" time="0.014" asserts="17" />
                              <test-case name="Kistl.API.Client.Tests.KistlContextTests.GetList_GetListOf" executed="True" success="True" time="0.008" asserts="9" />
                              <test-case name="Kistl.API.Client.Tests.KistlContextTests.GetList_Twice" executed="True" success="True" time="0.002" asserts="19" />
                              <test-case name="Kistl.API.Client.Tests.KistlContextTests.GetListOf" executed="True" success="True" time="0.002" asserts="8" />
                              <test-case name="Kistl.API.Client.Tests.KistlContextTests.GetListOf_Twice" executed="True" success="True" time="0.003" asserts="10" />
                              <test-case name="Kistl.API.Client.Tests.KistlContextTests.GetObject" executed="True" success="True" time="0.001" asserts="4" />
                              <test-case name="Kistl.API.Client.Tests.KistlContextTests.GetObject_GetList" executed="True" success="True" time="0.002" asserts="7" />
                              <test-case name="Kistl.API.Client.Tests.KistlContextTests.GetObject_GetListOf" executed="True" success="True" time="0.001" asserts="7" />
                              <test-case name="Kistl.API.Client.Tests.KistlContextTests.GetObject_Twice" executed="True" success="True" time="0.001" asserts="5" />
                              <test-case name="Kistl.API.Client.Tests.KistlContextTests.GetQuery_ObjectType" executed="True" success="True" time="0.002" asserts="2" />
                              <test-case name="Kistl.API.Client.Tests.KistlContextTests.GetQuery_T" executed="True" success="True" time="0.001" asserts="2" />
                              <test-case name="Kistl.API.Client.Tests.KistlContextTests.SubmitChanges" executed="True" success="True" time="0.003" asserts="4" />
                              <test-case name="Kistl.API.Client.Tests.KistlContextTests.SubmitChanges_Delete" executed="True" success="True" time="0.001" asserts="5" />
                              <test-case name="Kistl.API.Client.Tests.KistlContextTests.SubmitChanges_New" executed="True" success="True" time="0.001" asserts="4" />
                              <test-case name="Kistl.API.Client.Tests.KistlContextTests.SubmitChanges_Nothing" executed="True" success="True" time="0.001" asserts="4" />
                            </results>
                          </test-suite>
                        </results>
                      </test-suite>
                    </results>
                  </test-suite>
                </results>
              </test-suite>
            </results>
          </test-suite>
        </results>
      </test-suite>
      <test-suite name="E:\Projekte\Kistl\Tests\CompleteTests\bin\Debug\Kistl.API.Server.Tests.exe" success="False" time="1.439" asserts="0">
        <results>
          <test-suite name="Kistl" success="False" time="1.430" asserts="0">
            <results>
              <test-suite name="API" success="False" time="1.423" asserts="0">
                <results>
                  <test-suite name="Server" success="False" time="1.416" asserts="0">
                    <results>
                      <test-suite name="Tests" success="False" time="1.399" asserts="0">
                        <results>
                          <test-suite name="BaseServerCollectionEntryTests" success="False" time="0.422" asserts="0">
                            <results>
                              <test-case name="Kistl.API.Server.Tests.BaseServerCollectionEntryTests.Clone" executed="True" success="True" time="0.008" asserts="1" />
                              <test-case name="Kistl.API.Server.Tests.BaseServerCollectionEntryTests.CopyTo" executed="True" success="True" time="0.028" asserts="1" />
                              <test-case name="Kistl.API.Server.Tests.BaseServerCollectionEntryTests.CopyTo_Null" executed="True" success="True" time="0.005" asserts="0" />
                              <test-case name="Kistl.API.Server.Tests.BaseServerCollectionEntryTests.FromStream_Null_StreamReader" executed="True" success="False" time="0.347" asserts="0">
                                <failure>
                                  <message><![CDATA[An unexpected exception type was thrown
Expected: System.ArgumentNullException
 but was: System.ArgumentException : The specified store provider cannot be found in the configuration or it's not valid.]]></message>
                                  <stack-trace><![CDATA[bei System.Data.EntityClient.EntityConnection.ChangeConnectionString(String newConnectionString)
bei System.Data.EntityClient.EntityConnection..ctor(String connectionString)
bei System.Data.Objects.ObjectContext..ctor(String connectionString, String defaultContainerName)
bei Kistl.API.Server.KistlDataContextEntityFramework..ctor() in E:\Projekte\Kistl\Kistl.API.Server\KistlDataContextEntityFramework.cs:Zeile 59.
bei Kistl.API.Server.KistlDataContext.GetContext() in E:\Projekte\Kistl\Kistl.API.Server\KistlDataContext.cs:Zeile 42.
bei Kistl.API.Server.KistlDataContext.InitSession() in E:\Projekte\Kistl\Kistl.API.Server\KistlDataContext.cs:Zeile 28.
bei Kistl.API.Server.Tests.BaseServerCollectionEntryTests.FromStream_Null_StreamReader() in E:\Projekte\Kistl\Tests\Kistl.API.Server.Tests\Tests\BaseServerCollectionEntryTests.cs:Zeile 82.
]]></stack-trace>
                                </failure>
                              </test-case>
                              <test-case name="Kistl.API.Server.Tests.BaseServerCollectionEntryTests.NotifyPropertyChanged_ing" executed="True" success="True" time="0.001" asserts="0" />
                              <test-case name="Kistl.API.Server.Tests.BaseServerCollectionEntryTests.Stream" executed="True" success="False" time="0.010" asserts="1">
                                <failure>
                                  <message><![CDATA[System.ArgumentException : The specified store provider cannot be found in the configuration or it's not valid.
  ----> System.ArgumentException : Der angeforderte .Net Framework-Datenprovider kann nicht gefunden werden. Er ist ggf. nicht installiert.]]></message>
                                  <stack-trace><![CDATA[bei System.Data.EntityClient.EntityConnection.ChangeConnectionString(String newConnectionString)
bei System.Data.EntityClient.EntityConnection..ctor(String connectionString)
bei System.Data.Objects.ObjectContext..ctor(String connectionString, String defaultContainerName)
bei Kistl.API.Server.KistlDataContextEntityFramework..ctor() in E:\Projekte\Kistl\Kistl.API.Server\KistlDataContextEntityFramework.cs:Zeile 59.
bei Kistl.API.Server.KistlDataContext.GetContext() in E:\Projekte\Kistl\Kistl.API.Server\KistlDataContext.cs:Zeile 42.
bei Kistl.API.Server.KistlDataContext.InitSession() in E:\Projekte\Kistl\Kistl.API.Server\KistlDataContext.cs:Zeile 28.
bei Kistl.API.Server.Tests.BaseServerCollectionEntryTests.Stream() in E:\Projekte\Kistl\Tests\Kistl.API.Server.Tests\Tests\BaseServerCollectionEntryTests.cs:Zeile 69.
--ArgumentException
bei System.Data.Common.DbProviderFactories.GetFactory(String providerInvariantName)
bei System.Data.EntityClient.EntityConnection.ChangeConnectionString(String newConnectionString)
]]></stack-trace>
                                </failure>
                              </test-case>
                              <test-case name="Kistl.API.Server.Tests.BaseServerCollectionEntryTests.ToStream_Null" executed="True" success="True" time="0.004" asserts="0" />
                            </results>
                          </test-suite>
                          <test-suite name="BaseServerDataObjectTests" success="False" time="0.096" asserts="0">
                            <results>
                              <test-case name="Kistl.API.Server.Tests.BaseServerDataObjectTests.AttachToContext" executed="True" success="False" time="0.006" asserts="1">
                                <failure>
                                  <message><![CDATA[System.ArgumentException : The specified store provider cannot be found in the configuration or it's not valid.
  ----> System.ArgumentException : Der angeforderte .Net Framework-Datenprovider kann nicht gefunden werden. Er ist ggf. nicht installiert.]]></message>
                                  <stack-trace><![CDATA[bei System.Data.EntityClient.EntityConnection.ChangeConnectionString(String newConnectionString)
bei System.Data.EntityClient.EntityConnection..ctor(String connectionString)
bei System.Data.Objects.ObjectContext..ctor(String connectionString, String defaultContainerName)
bei Kistl.API.Server.KistlDataContextEntityFramework..ctor() in E:\Projekte\Kistl\Kistl.API.Server\KistlDataContextEntityFramework.cs:Zeile 59.
bei Kistl.API.Server.KistlDataContext.GetContext() in E:\Projekte\Kistl\Kistl.API.Server\KistlDataContext.cs:Zeile 42.
bei Kistl.API.Server.KistlDataContext.InitSession() in E:\Projekte\Kistl\Kistl.API.Server\KistlDataContext.cs:Zeile 28.
bei Kistl.API.Server.Tests.BaseServerDataObjectTests.AttachToContext() in E:\Projekte\Kistl\Tests\Kistl.API.Server.Tests\Tests\BaseServerDataObjectTests.cs:Zeile 184.
--ArgumentException
bei System.Data.Common.DbProviderFactories.GetFactory(String providerInvariantName)
bei System.Data.EntityClient.EntityConnection.ChangeConnectionString(String newConnectionString)
]]></stack-trace>
                                </failure>
                              </test-case>
                              <test-case name="Kistl.API.Server.Tests.BaseServerDataObjectTests.Clone" executed="True" success="True" time="0.000" asserts="1" />
                              <test-case name="Kistl.API.Server.Tests.BaseServerDataObjectTests.CopyTo" executed="True" success="True" time="0.000" asserts="1" />
                              <test-case name="Kistl.API.Server.Tests.BaseServerDataObjectTests.CopyTo_Null" executed="True" success="True" time="0.003" asserts="0" />
                              <test-case name="Kistl.API.Server.Tests.BaseServerDataObjectTests.DetachFromContext" executed="True" success="False" time="0.005" asserts="1">
                                <failure>
                                  <message><![CDATA[System.ArgumentException : The specified store provider cannot be found in the configuration or it's not valid.
  ----> System.ArgumentException : Der angeforderte .Net Framework-Datenprovider kann nicht gefunden werden. Er ist ggf. nicht installiert.]]></message>
                                  <stack-trace><![CDATA[bei System.Data.EntityClient.EntityConnection.ChangeConnectionString(String newConnectionString)
bei System.Data.EntityClient.EntityConnection..ctor(String connectionString)
bei System.Data.Objects.ObjectContext..ctor(String connectionString, String defaultContainerName)
bei Kistl.API.Server.KistlDataContextEntityFramework..ctor() in E:\Projekte\Kistl\Kistl.API.Server\KistlDataContextEntityFramework.cs:Zeile 59.
bei Kistl.API.Server.KistlDataContext.GetContext() in E:\Projekte\Kistl\Kistl.API.Server\KistlDataContext.cs:Zeile 42.
bei Kistl.API.Server.KistlDataContext.InitSession() in E:\Projekte\Kistl\Kistl.API.Server\KistlDataContext.cs:Zeile 28.
bei Kistl.API.Server.Tests.BaseServerDataObjectTests.DetachFromContext() in E:\Projekte\Kistl\Tests\Kistl.API.Server.Tests\Tests\BaseServerDataObjectTests.cs:Zeile 197.
--ArgumentException
bei System.Data.Common.DbProviderFactories.GetFactory(String providerInvariantName)
bei System.Data.EntityClient.EntityConnection.ChangeConnectionString(String newConnectionString)
]]></stack-trace>
                                </failure>
                              </test-case>
                              <test-case name="Kistl.API.Server.Tests.BaseServerDataObjectTests.EventAttached" executed="True" success="True" time="0.000" asserts="1" />
                              <test-case name="Kistl.API.Server.Tests.BaseServerDataObjectTests.FromStream_Null_StreamReader" executed="True" success="False" time="0.004" asserts="0">
                                <failure>
                                  <message><![CDATA[An unexpected exception type was thrown
Expected: System.ArgumentNullException
 but was: System.ArgumentException : The specified store provider cannot be found in the configuration or it's not valid.]]></message>
                                  <stack-trace><![CDATA[bei System.Data.EntityClient.EntityConnection.ChangeConnectionString(String newConnectionString)
bei System.Data.EntityClient.EntityConnection..ctor(String connectionString)
bei System.Data.Objects.ObjectContext..ctor(String connectionString, String defaultContainerName)
bei Kistl.API.Server.KistlDataContextEntityFramework..ctor() in E:\Projekte\Kistl\Kistl.API.Server\KistlDataContextEntityFramework.cs:Zeile 59.
bei Kistl.API.Server.KistlDataContext.GetContext() in E:\Projekte\Kistl\Kistl.API.Server\KistlDataContext.cs:Zeile 42.
bei Kistl.API.Server.KistlDataContext.InitSession() in E:\Projekte\Kistl\Kistl.API.Server\KistlDataContext.cs:Zeile 28.
bei Kistl.API.Server.Tests.BaseServerDataObjectTests.FromStream_Null_StreamReader() in E:\Projekte\Kistl\Tests\Kistl.API.Server.Tests\Tests\BaseServerDataObjectTests.cs:Zeile 154.
]]></stack-trace>
                                </failure>
                              </test-case>
                              <test-case name="Kistl.API.Server.Tests.BaseServerDataObjectTests.FromStream_WrongType" executed="True" success="False" time="0.015" asserts="0">
                                <failure>
                                  <message><![CDATA[An unexpected exception type was thrown
Expected: System.InvalidOperationException
 but was: System.ArgumentException : The specified store provider cannot be found in the configuration or it's not valid.]]></message>
                                  <stack-trace><![CDATA[bei System.Data.EntityClient.EntityConnection.ChangeConnectionString(String newConnectionString)
bei System.Data.EntityClient.EntityConnection..ctor(String connectionString)
bei System.Data.Objects.ObjectContext..ctor(String connectionString, String defaultContainerName)
bei Kistl.API.Server.KistlDataContextEntityFramework..ctor() in E:\Projekte\Kistl\Kistl.API.Server\KistlDataContextEntityFramework.cs:Zeile 59.
bei Kistl.API.Server.KistlDataContext.GetContext() in E:\Projekte\Kistl\Kistl.API.Server\KistlDataContext.cs:Zeile 42.
bei Kistl.API.Server.KistlDataContext.InitSession() in E:\Projekte\Kistl\Kistl.API.Server\KistlDataContext.cs:Zeile 28.
bei Kistl.API.Server.Tests.BaseServerDataObjectTests.FromStream_WrongType() in E:\Projekte\Kistl\Tests\Kistl.API.Server.Tests\Tests\BaseServerDataObjectTests.cs:Zeile 172.
]]></stack-trace>
                                </failure>
                              </test-case>
                              <test-case name="Kistl.API.Server.Tests.BaseServerDataObjectTests.NotifyChange" executed="True" success="True" time="0.003" asserts="0" />
                              <test-case name="Kistl.API.Server.Tests.BaseServerDataObjectTests.NotifyPropertyChanged_ing" executed="True" success="True" time="0.007" asserts="0" />
                              <test-case name="Kistl.API.Server.Tests.BaseServerDataObjectTests.ObjectState_CreatedObject" executed="True" success="True" time="0.000" asserts="1" />
                              <test-case name="Kistl.API.Server.Tests.BaseServerDataObjectTests.ObjectState_CreatedObject_Modified" executed="True" success="True" time="0.000" asserts="1" />
                              <test-case name="Kistl.API.Server.Tests.BaseServerDataObjectTests.ObjectState_New_then_UnModified" executed="True" success="True" time="0.000" asserts="2" />
                              <test-case name="Kistl.API.Server.Tests.BaseServerDataObjectTests.ObjectState_ObjectWithID" executed="True" success="True" time="0.000" asserts="1" />
                              <test-case name="Kistl.API.Server.Tests.BaseServerDataObjectTests.ObjectState_ObjectWithID_Modified" executed="True" success="True" time="0.000" asserts="1" />
                              <test-case name="Kistl.API.Server.Tests.BaseServerDataObjectTests.Stream" executed="True" success="False" time="0.006" asserts="1">
                                <failure>
                                  <message><![CDATA[System.ArgumentException : The specified store provider cannot be found in the configuration or it's not valid.
  ----> System.ArgumentException : Der angeforderte .Net Framework-Datenprovider kann nicht gefunden werden. Er ist ggf. nicht installiert.]]></message>
                                  <stack-trace><![CDATA[bei System.Data.EntityClient.EntityConnection.ChangeConnectionString(String newConnectionString)
bei System.Data.EntityClient.EntityConnection..ctor(String connectionString)
bei System.Data.Objects.ObjectContext..ctor(String connectionString, String defaultContainerName)
bei Kistl.API.Server.KistlDataContextEntityFramework..ctor() in E:\Projekte\Kistl\Kistl.API.Server\KistlDataContextEntityFramework.cs:Zeile 59.
bei Kistl.API.Server.KistlDataContext.GetContext() in E:\Projekte\Kistl\Kistl.API.Server\KistlDataContext.cs:Zeile 42.
bei Kistl.API.Server.KistlDataContext.InitSession() in E:\Projekte\Kistl\Kistl.API.Server\KistlDataContext.cs:Zeile 28.
bei Kistl.API.Server.Tests.BaseServerDataObjectTests.Stream() in E:\Projekte\Kistl\Tests\Kistl.API.Server.Tests\Tests\BaseServerDataObjectTests.cs:Zeile 139.
--ArgumentException
bei System.Data.Common.DbProviderFactories.GetFactory(String providerInvariantName)
bei System.Data.EntityClient.EntityConnection.ChangeConnectionString(String newConnectionString)
]]></stack-trace>
                                </failure>
                              </test-case>
                              <test-case name="Kistl.API.Server.Tests.BaseServerDataObjectTests.ToStream_Null" executed="True" success="True" time="0.005" asserts="0" />
                              <test-case name="Kistl.API.Server.Tests.BaseServerDataObjectTests.Type" executed="True" success="True" time="0.001" asserts="1" />
                            </results>
                          </test-suite>
                          <test-suite name="KistlDataContextTests" success="False" time="0.296" asserts="0">
                            <results>
                              <test-case name="Kistl.API.Server.Tests.KistlDataContextTests.Attach_ICollectionEntry_Existing" executed="True" success="False" time="0.006" asserts="0">
                                <failure>
                                  <message><![CDATA[System.ArgumentException : The specified store provider cannot be found in the configuration or it's not valid.
  ----> System.ArgumentException : Der angeforderte .Net Framework-Datenprovider kann nicht gefunden werden. Er ist ggf. nicht installiert.]]></message>
                                  <stack-trace><![CDATA[bei System.Data.EntityClient.EntityConnection.ChangeConnectionString(String newConnectionString)
bei System.Data.EntityClient.EntityConnection..ctor(String connectionString)
bei System.Data.Objects.ObjectContext..ctor(String connectionString, String defaultContainerName)
bei Kistl.API.Server.KistlDataContextEntityFramework..ctor() in E:\Projekte\Kistl\Kistl.API.Server\KistlDataContextEntityFramework.cs:Zeile 59.
bei Kistl.API.Server.KistlDataContext.GetContext() in E:\Projekte\Kistl\Kistl.API.Server\KistlDataContext.cs:Zeile 42.
bei Kistl.API.Server.KistlDataContext.InitSession() in E:\Projekte\Kistl\Kistl.API.Server\KistlDataContext.cs:Zeile 28.
bei Kistl.API.Server.Tests.KistlDataContextTests.SetUp() in E:\Projekte\Kistl\Tests\Kistl.API.Server.Tests\Tests\KistlDataContextTests.cs:Zeile 20.
--ArgumentException
bei System.Data.Common.DbProviderFactories.GetFactory(String providerInvariantName)
bei System.Data.EntityClient.EntityConnection.ChangeConnectionString(String newConnectionString)
]]></stack-trace>
                                </failure>
                              </test-case>
                              <test-case name="Kistl.API.Server.Tests.KistlDataContextTests.Attach_ICollectionEntry_Existing_Twice" executed="True" success="False" time="0.005" asserts="0">
                                <failure>
                                  <message><![CDATA[System.ArgumentException : The specified store provider cannot be found in the configuration or it's not valid.
  ----> System.ArgumentException : Der angeforderte .Net Framework-Datenprovider kann nicht gefunden werden. Er ist ggf. nicht installiert.]]></message>
                                  <stack-trace><![CDATA[bei System.Data.EntityClient.EntityConnection.ChangeConnectionString(String newConnectionString)
bei System.Data.EntityClient.EntityConnection..ctor(String connectionString)
bei System.Data.Objects.ObjectContext..ctor(String connectionString, String defaultContainerName)
bei Kistl.API.Server.KistlDataContextEntityFramework..ctor() in E:\Projekte\Kistl\Kistl.API.Server\KistlDataContextEntityFramework.cs:Zeile 59.
bei Kistl.API.Server.KistlDataContext.GetContext() in E:\Projekte\Kistl\Kistl.API.Server\KistlDataContext.cs:Zeile 42.
bei Kistl.API.Server.KistlDataContext.InitSession() in E:\Projekte\Kistl\Kistl.API.Server\KistlDataContext.cs:Zeile 28.
bei Kistl.API.Server.Tests.KistlDataContextTests.SetUp() in E:\Projekte\Kistl\Tests\Kistl.API.Server.Tests\Tests\KistlDataContextTests.cs:Zeile 20.
--ArgumentException
bei System.Data.Common.DbProviderFactories.GetFactory(String providerInvariantName)
bei System.Data.EntityClient.EntityConnection.ChangeConnectionString(String newConnectionString)
]]></stack-trace>
                                </failure>
                              </test-case>
                              <test-case name="Kistl.API.Server.Tests.KistlDataContextTests.Attach_ICollectionEntry_Existing_Twice_But_Different" executed="True" success="False" time="0.004" asserts="0">
                                <failure>
                                  <message><![CDATA[System.ArgumentException : The specified store provider cannot be found in the configuration or it's not valid.
  ----> System.ArgumentException : Der angeforderte .Net Framework-Datenprovider kann nicht gefunden werden. Er ist ggf. nicht installiert.]]></message>
                                  <stack-trace><![CDATA[bei System.Data.EntityClient.EntityConnection.ChangeConnectionString(String newConnectionString)
bei System.Data.EntityClient.EntityConnection..ctor(String connectionString)
bei System.Data.Objects.ObjectContext..ctor(String connectionString, String defaultContainerName)
bei Kistl.API.Server.KistlDataContextEntityFramework..ctor() in E:\Projekte\Kistl\Kistl.API.Server\KistlDataContextEntityFramework.cs:Zeile 59.
bei Kistl.API.Server.KistlDataContext.GetContext() in E:\Projekte\Kistl\Kistl.API.Server\KistlDataContext.cs:Zeile 42.
bei Kistl.API.Server.KistlDataContext.InitSession() in E:\Projekte\Kistl\Kistl.API.Server\KistlDataContext.cs:Zeile 28.
bei Kistl.API.Server.Tests.KistlDataContextTests.SetUp() in E:\Projekte\Kistl\Tests\Kistl.API.Server.Tests\Tests\KistlDataContextTests.cs:Zeile 20.
--ArgumentException
bei System.Data.Common.DbProviderFactories.GetFactory(String providerInvariantName)
bei System.Data.EntityClient.EntityConnection.ChangeConnectionString(String newConnectionString)
]]></stack-trace>
                                </failure>
                              </test-case>
                              <test-case name="Kistl.API.Server.Tests.KistlDataContextTests.Attach_ICollectionEntry_New" executed="True" success="False" time="0.005" asserts="0">
                                <failure>
                                  <message><![CDATA[System.ArgumentException : The specified store provider cannot be found in the configuration or it's not valid.
  ----> System.ArgumentException : Der angeforderte .Net Framework-Datenprovider kann nicht gefunden werden. Er ist ggf. nicht installiert.]]></message>
                                  <stack-trace><![CDATA[bei System.Data.EntityClient.EntityConnection.ChangeConnectionString(String newConnectionString)
bei System.Data.EntityClient.EntityConnection..ctor(String connectionString)
bei System.Data.Objects.ObjectContext..ctor(String connectionString, String defaultContainerName)
bei Kistl.API.Server.KistlDataContextEntityFramework..ctor() in E:\Projekte\Kistl\Kistl.API.Server\KistlDataContextEntityFramework.cs:Zeile 59.
bei Kistl.API.Server.KistlDataContext.GetContext() in E:\Projekte\Kistl\Kistl.API.Server\KistlDataContext.cs:Zeile 42.
bei Kistl.API.Server.KistlDataContext.InitSession() in E:\Projekte\Kistl\Kistl.API.Server\KistlDataContext.cs:Zeile 28.
bei Kistl.API.Server.Tests.KistlDataContextTests.SetUp() in E:\Projekte\Kistl\Tests\Kistl.API.Server.Tests\Tests\KistlDataContextTests.cs:Zeile 20.
--ArgumentException
bei System.Data.Common.DbProviderFactories.GetFactory(String providerInvariantName)
bei System.Data.EntityClient.EntityConnection.ChangeConnectionString(String newConnectionString)
]]></stack-trace>
                                </failure>
                              </test-case>
                              <test-case name="Kistl.API.Server.Tests.KistlDataContextTests.Attach_IDataObject_Existing" executed="True" success="False" time="0.004" asserts="0">
                                <failure>
                                  <message><![CDATA[System.ArgumentException : The specified store provider cannot be found in the configuration or it's not valid.
  ----> System.ArgumentException : Der angeforderte .Net Framework-Datenprovider kann nicht gefunden werden. Er ist ggf. nicht installiert.]]></message>
                                  <stack-trace><![CDATA[bei System.Data.EntityClient.EntityConnection.ChangeConnectionString(String newConnectionString)
bei System.Data.EntityClient.EntityConnection..ctor(String connectionString)
bei System.Data.Objects.ObjectContext..ctor(String connectionString, String defaultContainerName)
bei Kistl.API.Server.KistlDataContextEntityFramework..ctor() in E:\Projekte\Kistl\Kistl.API.Server\KistlDataContextEntityFramework.cs:Zeile 59.
bei Kistl.API.Server.KistlDataContext.GetContext() in E:\Projekte\Kistl\Kistl.API.Server\KistlDataContext.cs:Zeile 42.
bei Kistl.API.Server.KistlDataContext.InitSession() in E:\Projekte\Kistl\Kistl.API.Server\KistlDataContext.cs:Zeile 28.
bei Kistl.API.Server.Tests.KistlDataContextTests.SetUp() in E:\Projekte\Kistl\Tests\Kistl.API.Server.Tests\Tests\KistlDataContextTests.cs:Zeile 20.
--ArgumentException
bei System.Data.Common.DbProviderFactories.GetFactory(String providerInvariantName)
bei System.Data.EntityClient.EntityConnection.ChangeConnectionString(String newConnectionString)
]]></stack-trace>
                                </failure>
                              </test-case>
                              <test-case name="Kistl.API.Server.Tests.KistlDataContextTests.Attach_IDataObject_Existing_Twice" executed="True" success="False" time="0.005" asserts="0">
                                <failure>
                                  <message><![CDATA[System.ArgumentException : The specified store provider cannot be found in the configuration or it's not valid.
  ----> System.ArgumentException : Der angeforderte .Net Framework-Datenprovider kann nicht gefunden werden. Er ist ggf. nicht installiert.]]></message>
                                  <stack-trace><![CDATA[bei System.Data.EntityClient.EntityConnection.ChangeConnectionString(String newConnectionString)
bei System.Data.EntityClient.EntityConnection..ctor(String connectionString)
bei System.Data.Objects.ObjectContext..ctor(String connectionString, String defaultContainerName)
bei Kistl.API.Server.KistlDataContextEntityFramework..ctor() in E:\Projekte\Kistl\Kistl.API.Server\KistlDataContextEntityFramework.cs:Zeile 59.
bei Kistl.API.Server.KistlDataContext.GetContext() in E:\Projekte\Kistl\Kistl.API.Server\KistlDataContext.cs:Zeile 42.
bei Kistl.API.Server.KistlDataContext.InitSession() in E:\Projekte\Kistl\Kistl.API.Server\KistlDataContext.cs:Zeile 28.
bei Kistl.API.Server.Tests.KistlDataContextTests.SetUp() in E:\Projekte\Kistl\Tests\Kistl.API.Server.Tests\Tests\KistlDataContextTests.cs:Zeile 20.
--ArgumentException
bei System.Data.Common.DbProviderFactories.GetFactory(String providerInvariantName)
bei System.Data.EntityClient.EntityConnection.ChangeConnectionString(String newConnectionString)
]]></stack-trace>
                                </failure>
                              </test-case>
                              <test-case name="Kistl.API.Server.Tests.KistlDataContextTests.Attach_IDataObject_Existing_Twice_But_Different" executed="True" success="False" time="0.004" asserts="0">
                                <failure>
                                  <message><![CDATA[System.ArgumentException : The specified store provider cannot be found in the configuration or it's not valid.
  ----> System.ArgumentException : Der angeforderte .Net Framework-Datenprovider kann nicht gefunden werden. Er ist ggf. nicht installiert.]]></message>
                                  <stack-trace><![CDATA[bei System.Data.EntityClient.EntityConnection.ChangeConnectionString(String newConnectionString)
bei System.Data.EntityClient.EntityConnection..ctor(String connectionString)
bei System.Data.Objects.ObjectContext..ctor(String connectionString, String defaultContainerName)
bei Kistl.API.Server.KistlDataContextEntityFramework..ctor() in E:\Projekte\Kistl\Kistl.API.Server\KistlDataContextEntityFramework.cs:Zeile 59.
bei Kistl.API.Server.KistlDataContext.GetContext() in E:\Projekte\Kistl\Kistl.API.Server\KistlDataContext.cs:Zeile 42.
bei Kistl.API.Server.KistlDataContext.InitSession() in E:\Projekte\Kistl\Kistl.API.Server\KistlDataContext.cs:Zeile 28.
bei Kistl.API.Server.Tests.KistlDataContextTests.SetUp() in E:\Projekte\Kistl\Tests\Kistl.API.Server.Tests\Tests\KistlDataContextTests.cs:Zeile 20.
--ArgumentException
bei System.Data.Common.DbProviderFactories.GetFactory(String providerInvariantName)
bei System.Data.EntityClient.EntityConnection.ChangeConnectionString(String newConnectionString)
]]></stack-trace>
                                </failure>
                              </test-case>
                              <test-case name="Kistl.API.Server.Tests.KistlDataContextTests.Attach_IDataObject_New" executed="True" success="False" time="0.005" asserts="0">
                                <failure>
                                  <message><![CDATA[System.ArgumentException : The specified store provider cannot be found in the configuration or it's not valid.
  ----> System.ArgumentException : Der angeforderte .Net Framework-Datenprovider kann nicht gefunden werden. Er ist ggf. nicht installiert.]]></message>
                                  <stack-trace><![CDATA[bei System.Data.EntityClient.EntityConnection.ChangeConnectionString(String newConnectionString)
bei System.Data.EntityClient.EntityConnection..ctor(String connectionString)
bei System.Data.Objects.ObjectContext..ctor(String connectionString, String defaultContainerName)
bei Kistl.API.Server.KistlDataContextEntityFramework..ctor() in E:\Projekte\Kistl\Kistl.API.Server\KistlDataContextEntityFramework.cs:Zeile 59.
bei Kistl.API.Server.KistlDataContext.GetContext() in E:\Projekte\Kistl\Kistl.API.Server\KistlDataContext.cs:Zeile 42.
bei Kistl.API.Server.KistlDataContext.InitSession() in E:\Projekte\Kistl\Kistl.API.Server\KistlDataContext.cs:Zeile 28.
bei Kistl.API.Server.Tests.KistlDataContextTests.SetUp() in E:\Projekte\Kistl\Tests\Kistl.API.Server.Tests\Tests\KistlDataContextTests.cs:Zeile 20.
--ArgumentException
bei System.Data.Common.DbProviderFactories.GetFactory(String providerInvariantName)
bei System.Data.EntityClient.EntityConnection.ChangeConnectionString(String newConnectionString)
]]></stack-trace>
                                </failure>
                              </test-case>
                              <test-case name="Kistl.API.Server.Tests.KistlDataContextTests.CleanUpSession" executed="True" success="False" time="0.004" asserts="0">
                                <failure>
                                  <message><![CDATA[System.ArgumentException : The specified store provider cannot be found in the configuration or it's not valid.
  ----> System.ArgumentException : Der angeforderte .Net Framework-Datenprovider kann nicht gefunden werden. Er ist ggf. nicht installiert.]]></message>
                                  <stack-trace><![CDATA[bei System.Data.EntityClient.EntityConnection.ChangeConnectionString(String newConnectionString)
bei System.Data.EntityClient.EntityConnection..ctor(String connectionString)
bei System.Data.Objects.ObjectContext..ctor(String connectionString, String defaultContainerName)
bei Kistl.API.Server.KistlDataContextEntityFramework..ctor() in E:\Projekte\Kistl\Kistl.API.Server\KistlDataContextEntityFramework.cs:Zeile 59.
bei Kistl.API.Server.KistlDataContext.GetContext() in E:\Projekte\Kistl\Kistl.API.Server\KistlDataContext.cs:Zeile 42.
bei Kistl.API.Server.KistlDataContext.InitSession() in E:\Projekte\Kistl\Kistl.API.Server\KistlDataContext.cs:Zeile 28.
bei Kistl.API.Server.Tests.KistlDataContextTests.SetUp() in E:\Projekte\Kistl\Tests\Kistl.API.Server.Tests\Tests\KistlDataContextTests.cs:Zeile 20.
--ArgumentException
bei System.Data.Common.DbProviderFactories.GetFactory(String providerInvariantName)
bei System.Data.EntityClient.EntityConnection.ChangeConnectionString(String newConnectionString)
]]></stack-trace>
                                </failure>
                              </test-case>
                              <test-case name="Kistl.API.Server.Tests.KistlDataContextTests.Create_Generic" executed="True" success="False" time="0.005" asserts="0">
                                <failure>
                                  <message><![CDATA[System.ArgumentException : The specified store provider cannot be found in the configuration or it's not valid.
  ----> System.ArgumentException : Der angeforderte .Net Framework-Datenprovider kann nicht gefunden werden. Er ist ggf. nicht installiert.]]></message>
                                  <stack-trace><![CDATA[bei System.Data.EntityClient.EntityConnection.ChangeConnectionString(String newConnectionString)
bei System.Data.EntityClient.EntityConnection..ctor(String connectionString)
bei System.Data.Objects.ObjectContext..ctor(String connectionString, String defaultContainerName)
bei Kistl.API.Server.KistlDataContextEntityFramework..ctor() in E:\Projekte\Kistl\Kistl.API.Server\KistlDataContextEntityFramework.cs:Zeile 59.
bei Kistl.API.Server.KistlDataContext.GetContext() in E:\Projekte\Kistl\Kistl.API.Server\KistlDataContext.cs:Zeile 42.
bei Kistl.API.Server.KistlDataContext.InitSession() in E:\Projekte\Kistl\Kistl.API.Server\KistlDataContext.cs:Zeile 28.
bei Kistl.API.Server.Tests.KistlDataContextTests.SetUp() in E:\Projekte\Kistl\Tests\Kistl.API.Server.Tests\Tests\KistlDataContextTests.cs:Zeile 20.
--ArgumentException
bei System.Data.Common.DbProviderFactories.GetFactory(String providerInvariantName)
bei System.Data.EntityClient.EntityConnection.ChangeConnectionString(String newConnectionString)
]]></stack-trace>
                                </failure>
                              </test-case>
                              <test-case name="Kistl.API.Server.Tests.KistlDataContextTests.Create_ObjectType" executed="True" success="False" time="0.005" asserts="0">
                                <failure>
                                  <message><![CDATA[System.ArgumentException : The specified store provider cannot be found in the configuration or it's not valid.
  ----> System.ArgumentException : Der angeforderte .Net Framework-Datenprovider kann nicht gefunden werden. Er ist ggf. nicht installiert.]]></message>
                                  <stack-trace><![CDATA[bei System.Data.EntityClient.EntityConnection.ChangeConnectionString(String newConnectionString)
bei System.Data.EntityClient.EntityConnection..ctor(String connectionString)
bei System.Data.Objects.ObjectContext..ctor(String connectionString, String defaultContainerName)
bei Kistl.API.Server.KistlDataContextEntityFramework..ctor() in E:\Projekte\Kistl\Kistl.API.Server\KistlDataContextEntityFramework.cs:Zeile 59.
bei Kistl.API.Server.KistlDataContext.GetContext() in E:\Projekte\Kistl\Kistl.API.Server\KistlDataContext.cs:Zeile 42.
bei Kistl.API.Server.KistlDataContext.InitSession() in E:\Projekte\Kistl\Kistl.API.Server\KistlDataContext.cs:Zeile 28.
bei Kistl.API.Server.Tests.KistlDataContextTests.SetUp() in E:\Projekte\Kistl\Tests\Kistl.API.Server.Tests\Tests\KistlDataContextTests.cs:Zeile 20.
--ArgumentException
bei System.Data.Common.DbProviderFactories.GetFactory(String providerInvariantName)
bei System.Data.EntityClient.EntityConnection.ChangeConnectionString(String newConnectionString)
]]></stack-trace>
                                </failure>
                              </test-case>
                              <test-case name="Kistl.API.Server.Tests.KistlDataContextTests.Create_Type" executed="True" success="False" time="0.005" asserts="0">
                                <failure>
                                  <message><![CDATA[System.ArgumentException : The specified store provider cannot be found in the configuration or it's not valid.
  ----> System.ArgumentException : Der angeforderte .Net Framework-Datenprovider kann nicht gefunden werden. Er ist ggf. nicht installiert.]]></message>
                                  <stack-trace><![CDATA[bei System.Data.EntityClient.EntityConnection.ChangeConnectionString(String newConnectionString)
bei System.Data.EntityClient.EntityConnection..ctor(String connectionString)
bei System.Data.Objects.ObjectContext..ctor(String connectionString, String defaultContainerName)
bei Kistl.API.Server.KistlDataContextEntityFramework..ctor() in E:\Projekte\Kistl\Kistl.API.Server\KistlDataContextEntityFramework.cs:Zeile 59.
bei Kistl.API.Server.KistlDataContext.GetContext() in E:\Projekte\Kistl\Kistl.API.Server\KistlDataContext.cs:Zeile 42.
bei Kistl.API.Server.KistlDataContext.InitSession() in E:\Projekte\Kistl\Kistl.API.Server\KistlDataContext.cs:Zeile 28.
bei Kistl.API.Server.Tests.KistlDataContextTests.SetUp() in E:\Projekte\Kistl\Tests\Kistl.API.Server.Tests\Tests\KistlDataContextTests.cs:Zeile 20.
--ArgumentException
bei System.Data.Common.DbProviderFactories.GetFactory(String providerInvariantName)
bei System.Data.EntityClient.EntityConnection.ChangeConnectionString(String newConnectionString)
]]></stack-trace>
                                </failure>
                              </test-case>
                              <test-case name="Kistl.API.Server.Tests.KistlDataContextTests.Delete_ICollectionEntry" executed="True" success="False" time="0.004" asserts="0">
                                <failure>
                                  <message><![CDATA[System.ArgumentException : The specified store provider cannot be found in the configuration or it's not valid.
  ----> System.ArgumentException : Der angeforderte .Net Framework-Datenprovider kann nicht gefunden werden. Er ist ggf. nicht installiert.]]></message>
                                  <stack-trace><![CDATA[bei System.Data.EntityClient.EntityConnection.ChangeConnectionString(String newConnectionString)
bei System.Data.EntityClient.EntityConnection..ctor(String connectionString)
bei System.Data.Objects.ObjectContext..ctor(String connectionString, String defaultContainerName)
bei Kistl.API.Server.KistlDataContextEntityFramework..ctor() in E:\Projekte\Kistl\Kistl.API.Server\KistlDataContextEntityFramework.cs:Zeile 59.
bei Kistl.API.Server.KistlDataContext.GetContext() in E:\Projekte\Kistl\Kistl.API.Server\KistlDataContext.cs:Zeile 42.
bei Kistl.API.Server.KistlDataContext.InitSession() in E:\Projekte\Kistl\Kistl.API.Server\KistlDataContext.cs:Zeile 28.
bei Kistl.API.Server.Tests.KistlDataContextTests.SetUp() in E:\Projekte\Kistl\Tests\Kistl.API.Server.Tests\Tests\KistlDataContextTests.cs:Zeile 20.
--ArgumentException
bei System.Data.Common.DbProviderFactories.GetFactory(String providerInvariantName)
bei System.Data.EntityClient.EntityConnection.ChangeConnectionString(String newConnectionString)
]]></stack-trace>
                                </failure>
                              </test-case>
                              <test-case name="Kistl.API.Server.Tests.KistlDataContextTests.Delete_IDataObject" executed="True" success="False" time="0.004" asserts="0">
                                <failure>
                                  <message><![CDATA[System.ArgumentException : The specified store provider cannot be found in the configuration or it's not valid.
  ----> System.ArgumentException : Der angeforderte .Net Framework-Datenprovider kann nicht gefunden werden. Er ist ggf. nicht installiert.]]></message>
                                  <stack-trace><![CDATA[bei System.Data.EntityClient.EntityConnection.ChangeConnectionString(String newConnectionString)
bei System.Data.EntityClient.EntityConnection..ctor(String connectionString)
bei System.Data.Objects.ObjectContext..ctor(String connectionString, String defaultContainerName)
bei Kistl.API.Server.KistlDataContextEntityFramework..ctor() in E:\Projekte\Kistl\Kistl.API.Server\KistlDataContextEntityFramework.cs:Zeile 59.
bei Kistl.API.Server.KistlDataContext.GetContext() in E:\Projekte\Kistl\Kistl.API.Server\KistlDataContext.cs:Zeile 42.
bei Kistl.API.Server.KistlDataContext.InitSession() in E:\Projekte\Kistl\Kistl.API.Server\KistlDataContext.cs:Zeile 28.
bei Kistl.API.Server.Tests.KistlDataContextTests.SetUp() in E:\Projekte\Kistl\Tests\Kistl.API.Server.Tests\Tests\KistlDataContextTests.cs:Zeile 20.
--ArgumentException
bei System.Data.Common.DbProviderFactories.GetFactory(String providerInvariantName)
bei System.Data.EntityClient.EntityConnection.ChangeConnectionString(String newConnectionString)
]]></stack-trace>
                                </failure>
                              </test-case>
                              <test-case name="Kistl.API.Server.Tests.KistlDataContextTests.Detach_ICollectionEntry" executed="True" success="False" time="0.005" asserts="0">
                                <failure>
                                  <message><![CDATA[System.ArgumentException : The specified store provider cannot be found in the configuration or it's not valid.
  ----> System.ArgumentException : Der angeforderte .Net Framework-Datenprovider kann nicht gefunden werden. Er ist ggf. nicht installiert.]]></message>
                                  <stack-trace><![CDATA[bei System.Data.EntityClient.EntityConnection.ChangeConnectionString(String newConnectionString)
bei System.Data.EntityClient.EntityConnection..ctor(String connectionString)
bei System.Data.Objects.ObjectContext..ctor(String connectionString, String defaultContainerName)
bei Kistl.API.Server.KistlDataContextEntityFramework..ctor() in E:\Projekte\Kistl\Kistl.API.Server\KistlDataContextEntityFramework.cs:Zeile 59.
bei Kistl.API.Server.KistlDataContext.GetContext() in E:\Projekte\Kistl\Kistl.API.Server\KistlDataContext.cs:Zeile 42.
bei Kistl.API.Server.KistlDataContext.InitSession() in E:\Projekte\Kistl\Kistl.API.Server\KistlDataContext.cs:Zeile 28.
bei Kistl.API.Server.Tests.KistlDataContextTests.SetUp() in E:\Projekte\Kistl\Tests\Kistl.API.Server.Tests\Tests\KistlDataContextTests.cs:Zeile 20.
--ArgumentException
bei System.Data.Common.DbProviderFactories.GetFactory(String providerInvariantName)
bei System.Data.EntityClient.EntityConnection.ChangeConnectionString(String newConnectionString)
]]></stack-trace>
                                </failure>
                              </test-case>
                              <test-case name="Kistl.API.Server.Tests.KistlDataContextTests.Detach_IDataObject" executed="True" success="False" time="0.004" asserts="0">
                                <failure>
                                  <message><![CDATA[System.ArgumentException : The specified store provider cannot be found in the configuration or it's not valid.
  ----> System.ArgumentException : Der angeforderte .Net Framework-Datenprovider kann nicht gefunden werden. Er ist ggf. nicht installiert.]]></message>
                                  <stack-trace><![CDATA[bei System.Data.EntityClient.EntityConnection.ChangeConnectionString(String newConnectionString)
bei System.Data.EntityClient.EntityConnection..ctor(String connectionString)
bei System.Data.Objects.ObjectContext..ctor(String connectionString, String defaultContainerName)
bei Kistl.API.Server.KistlDataContextEntityFramework..ctor() in E:\Projekte\Kistl\Kistl.API.Server\KistlDataContextEntityFramework.cs:Zeile 59.
bei Kistl.API.Server.KistlDataContext.GetContext() in E:\Projekte\Kistl\Kistl.API.Server\KistlDataContext.cs:Zeile 42.
bei Kistl.API.Server.KistlDataContext.InitSession() in E:\Projekte\Kistl\Kistl.API.Server\KistlDataContext.cs:Zeile 28.
bei Kistl.API.Server.Tests.KistlDataContextTests.SetUp() in E:\Projekte\Kistl\Tests\Kistl.API.Server.Tests\Tests\KistlDataContextTests.cs:Zeile 20.
--ArgumentException
bei System.Data.Common.DbProviderFactories.GetFactory(String providerInvariantName)
bei System.Data.EntityClient.EntityConnection.ChangeConnectionString(String newConnectionString)
]]></stack-trace>
                                </failure>
                              </test-case>
                              <test-case name="Kistl.API.Server.Tests.KistlDataContextTests.Detach_IDataObject_Failed" executed="True" success="False" time="0.005" asserts="0">
                                <failure>
                                  <message><![CDATA[System.ArgumentException : The specified store provider cannot be found in the configuration or it's not valid.
  ----> System.ArgumentException : Der angeforderte .Net Framework-Datenprovider kann nicht gefunden werden. Er ist ggf. nicht installiert.]]></message>
                                  <stack-trace><![CDATA[bei System.Data.EntityClient.EntityConnection.ChangeConnectionString(String newConnectionString)
bei System.Data.EntityClient.EntityConnection..ctor(String connectionString)
bei System.Data.Objects.ObjectContext..ctor(String connectionString, String defaultContainerName)
bei Kistl.API.Server.KistlDataContextEntityFramework..ctor() in E:\Projekte\Kistl\Kistl.API.Server\KistlDataContextEntityFramework.cs:Zeile 59.
bei Kistl.API.Server.KistlDataContext.GetContext() in E:\Projekte\Kistl\Kistl.API.Server\KistlDataContext.cs:Zeile 42.
bei Kistl.API.Server.KistlDataContext.InitSession() in E:\Projekte\Kistl\Kistl.API.Server\KistlDataContext.cs:Zeile 28.
bei Kistl.API.Server.Tests.KistlDataContextTests.SetUp() in E:\Projekte\Kistl\Tests\Kistl.API.Server.Tests\Tests\KistlDataContextTests.cs:Zeile 20.
--ArgumentException
bei System.Data.Common.DbProviderFactories.GetFactory(String providerInvariantName)
bei System.Data.EntityClient.EntityConnection.ChangeConnectionString(String newConnectionString)
]]></stack-trace>
                                </failure>
                              </test-case>
                              <test-case name="Kistl.API.Server.Tests.KistlDataContextTests.Find_ObjectType" executed="True" success="False" time="0.004" asserts="0">
                                <failure>
                                  <message><![CDATA[System.ArgumentException : The specified store provider cannot be found in the configuration or it's not valid.
  ----> System.ArgumentException : Der angeforderte .Net Framework-Datenprovider kann nicht gefunden werden. Er ist ggf. nicht installiert.]]></message>
                                  <stack-trace><![CDATA[bei System.Data.EntityClient.EntityConnection.ChangeConnectionString(String newConnectionString)
bei System.Data.EntityClient.EntityConnection..ctor(String connectionString)
bei System.Data.Objects.ObjectContext..ctor(String connectionString, String defaultContainerName)
bei Kistl.API.Server.KistlDataContextEntityFramework..ctor() in E:\Projekte\Kistl\Kistl.API.Server\KistlDataContextEntityFramework.cs:Zeile 59.
bei Kistl.API.Server.KistlDataContext.GetContext() in E:\Projekte\Kistl\Kistl.API.Server\KistlDataContext.cs:Zeile 42.
bei Kistl.API.Server.KistlDataContext.InitSession() in E:\Projekte\Kistl\Kistl.API.Server\KistlDataContext.cs:Zeile 28.
bei Kistl.API.Server.Tests.KistlDataContextTests.SetUp() in E:\Projekte\Kistl\Tests\Kistl.API.Server.Tests\Tests\KistlDataContextTests.cs:Zeile 20.
--ArgumentException
bei System.Data.Common.DbProviderFactories.GetFactory(String providerInvariantName)
bei System.Data.EntityClient.EntityConnection.ChangeConnectionString(String newConnectionString)
]]></stack-trace>
                                </failure>
                              </test-case>
                              <test-case name="Kistl.API.Server.Tests.KistlDataContextTests.Find_T" executed="True" success="False" time="0.005" asserts="0">
                                <failure>
                                  <message><![CDATA[System.ArgumentException : The specified store provider cannot be found in the configuration or it's not valid.
  ----> System.ArgumentException : Der angeforderte .Net Framework-Datenprovider kann nicht gefunden werden. Er ist ggf. nicht installiert.]]></message>
                                  <stack-trace><![CDATA[bei System.Data.EntityClient.EntityConnection.ChangeConnectionString(String newConnectionString)
bei System.Data.EntityClient.EntityConnection..ctor(String connectionString)
bei System.Data.Objects.ObjectContext..ctor(String connectionString, String defaultContainerName)
bei Kistl.API.Server.KistlDataContextEntityFramework..ctor() in E:\Projekte\Kistl\Kistl.API.Server\KistlDataContextEntityFramework.cs:Zeile 59.
bei Kistl.API.Server.KistlDataContext.GetContext() in E:\Projekte\Kistl\Kistl.API.Server\KistlDataContext.cs:Zeile 42.
bei Kistl.API.Server.KistlDataContext.InitSession() in E:\Projekte\Kistl\Kistl.API.Server\KistlDataContext.cs:Zeile 28.
bei Kistl.API.Server.Tests.KistlDataContextTests.SetUp() in E:\Projekte\Kistl\Tests\Kistl.API.Server.Tests\Tests\KistlDataContextTests.cs:Zeile 20.
--ArgumentException
bei System.Data.Common.DbProviderFactories.GetFactory(String providerInvariantName)
bei System.Data.EntityClient.EntityConnection.ChangeConnectionString(String newConnectionString)
]]></stack-trace>
                                </failure>
                              </test-case>
                              <test-case name="Kistl.API.Server.Tests.KistlDataContextTests.GetContext" executed="True" success="False" time="0.004" asserts="0">
                                <failure>
                                  <message><![CDATA[System.ArgumentException : The specified store provider cannot be found in the configuration or it's not valid.
  ----> System.ArgumentException : Der angeforderte .Net Framework-Datenprovider kann nicht gefunden werden. Er ist ggf. nicht installiert.]]></message>
                                  <stack-trace><![CDATA[bei System.Data.EntityClient.EntityConnection.ChangeConnectionString(String newConnectionString)
bei System.Data.EntityClient.EntityConnection..ctor(String connectionString)
bei System.Data.Objects.ObjectContext..ctor(String connectionString, String defaultContainerName)
bei Kistl.API.Server.KistlDataContextEntityFramework..ctor() in E:\Projekte\Kistl\Kistl.API.Server\KistlDataContextEntityFramework.cs:Zeile 59.
bei Kistl.API.Server.KistlDataContext.GetContext() in E:\Projekte\Kistl\Kistl.API.Server\KistlDataContext.cs:Zeile 42.
bei Kistl.API.Server.KistlDataContext.InitSession() in E:\Projekte\Kistl\Kistl.API.Server\KistlDataContext.cs:Zeile 28.
bei Kistl.API.Server.Tests.KistlDataContextTests.SetUp() in E:\Projekte\Kistl\Tests\Kistl.API.Server.Tests\Tests\KistlDataContextTests.cs:Zeile 20.
--ArgumentException
bei System.Data.Common.DbProviderFactories.GetFactory(String providerInvariantName)
bei System.Data.EntityClient.EntityConnection.ChangeConnectionString(String newConnectionString)
]]></stack-trace>
                                </failure>
                              </test-case>
                              <test-case name="Kistl.API.Server.Tests.KistlDataContextTests.GetListOf" executed="True" success="False" time="0.004" asserts="0">
                                <failure>
                                  <message><![CDATA[System.ArgumentException : The specified store provider cannot be found in the configuration or it's not valid.
  ----> System.ArgumentException : Der angeforderte .Net Framework-Datenprovider kann nicht gefunden werden. Er ist ggf. nicht installiert.]]></message>
                                  <stack-trace><![CDATA[bei System.Data.EntityClient.EntityConnection.ChangeConnectionString(String newConnectionString)
bei System.Data.EntityClient.EntityConnection..ctor(String connectionString)
bei System.Data.Objects.ObjectContext..ctor(String connectionString, String defaultContainerName)
bei Kistl.API.Server.KistlDataContextEntityFramework..ctor() in E:\Projekte\Kistl\Kistl.API.Server\KistlDataContextEntityFramework.cs:Zeile 59.
bei Kistl.API.Server.KistlDataContext.GetContext() in E:\Projekte\Kistl\Kistl.API.Server\KistlDataContext.cs:Zeile 42.
bei Kistl.API.Server.KistlDataContext.InitSession() in E:\Projekte\Kistl\Kistl.API.Server\KistlDataContext.cs:Zeile 28.
bei Kistl.API.Server.Tests.KistlDataContextTests.SetUp() in E:\Projekte\Kistl\Tests\Kistl.API.Server.Tests\Tests\KistlDataContextTests.cs:Zeile 20.
--ArgumentException
bei System.Data.Common.DbProviderFactories.GetFactory(String providerInvariantName)
bei System.Data.EntityClient.EntityConnection.ChangeConnectionString(String newConnectionString)
]]></stack-trace>
                                </failure>
                              </test-case>
                              <test-case name="Kistl.API.Server.Tests.KistlDataContextTests.GetListOf_ObjType" executed="True" success="False" time="0.005" asserts="0">
                                <failure>
                                  <message><![CDATA[System.ArgumentException : The specified store provider cannot be found in the configuration or it's not valid.
  ----> System.ArgumentException : Der angeforderte .Net Framework-Datenprovider kann nicht gefunden werden. Er ist ggf. nicht installiert.]]></message>
                                  <stack-trace><![CDATA[bei System.Data.EntityClient.EntityConnection.ChangeConnectionString(String newConnectionString)
bei System.Data.EntityClient.EntityConnection..ctor(String connectionString)
bei System.Data.Objects.ObjectContext..ctor(String connectionString, String defaultContainerName)
bei Kistl.API.Server.KistlDataContextEntityFramework..ctor() in E:\Projekte\Kistl\Kistl.API.Server\KistlDataContextEntityFramework.cs:Zeile 59.
bei Kistl.API.Server.KistlDataContext.GetContext() in E:\Projekte\Kistl\Kistl.API.Server\KistlDataContext.cs:Zeile 42.
bei Kistl.API.Server.KistlDataContext.InitSession() in E:\Projekte\Kistl\Kistl.API.Server\KistlDataContext.cs:Zeile 28.
bei Kistl.API.Server.Tests.KistlDataContextTests.SetUp() in E:\Projekte\Kistl\Tests\Kistl.API.Server.Tests\Tests\KistlDataContextTests.cs:Zeile 20.
--ArgumentException
bei System.Data.Common.DbProviderFactories.GetFactory(String providerInvariantName)
bei System.Data.EntityClient.EntityConnection.ChangeConnectionString(String newConnectionString)
]]></stack-trace>
                                </failure>
                              </test-case>
                              <test-case name="Kistl.API.Server.Tests.KistlDataContextTests.GetListOf_WrongPropertyName" executed="True" success="False" time="0.005" asserts="0">
                                <failure>
                                  <message><![CDATA[System.ArgumentException : The specified store provider cannot be found in the configuration or it's not valid.
  ----> System.ArgumentException : Der angeforderte .Net Framework-Datenprovider kann nicht gefunden werden. Er ist ggf. nicht installiert.]]></message>
                                  <stack-trace><![CDATA[bei System.Data.EntityClient.EntityConnection.ChangeConnectionString(String newConnectionString)
bei System.Data.EntityClient.EntityConnection..ctor(String connectionString)
bei System.Data.Objects.ObjectContext..ctor(String connectionString, String defaultContainerName)
bei Kistl.API.Server.KistlDataContextEntityFramework..ctor() in E:\Projekte\Kistl\Kistl.API.Server\KistlDataContextEntityFramework.cs:Zeile 59.
bei Kistl.API.Server.KistlDataContext.GetContext() in E:\Projekte\Kistl\Kistl.API.Server\KistlDataContext.cs:Zeile 42.
bei Kistl.API.Server.KistlDataContext.InitSession() in E:\Projekte\Kistl\Kistl.API.Server\KistlDataContext.cs:Zeile 28.
bei Kistl.API.Server.Tests.KistlDataContextTests.SetUp() in E:\Projekte\Kistl\Tests\Kistl.API.Server.Tests\Tests\KistlDataContextTests.cs:Zeile 20.
--ArgumentException
bei System.Data.Common.DbProviderFactories.GetFactory(String providerInvariantName)
bei System.Data.EntityClient.EntityConnection.ChangeConnectionString(String newConnectionString)
]]></stack-trace>
                                </failure>
                              </test-case>
                              <test-case name="Kistl.API.Server.Tests.KistlDataContextTests.GetQuery" executed="True" success="False" time="0.005" asserts="0">
                                <failure>
                                  <message><![CDATA[System.ArgumentException : The specified store provider cannot be found in the configuration or it's not valid.
  ----> System.ArgumentException : Der angeforderte .Net Framework-Datenprovider kann nicht gefunden werden. Er ist ggf. nicht installiert.]]></message>
                                  <stack-trace><![CDATA[bei System.Data.EntityClient.EntityConnection.ChangeConnectionString(String newConnectionString)
bei System.Data.EntityClient.EntityConnection..ctor(String connectionString)
bei System.Data.Objects.ObjectContext..ctor(String connectionString, String defaultContainerName)
bei Kistl.API.Server.KistlDataContextEntityFramework..ctor() in E:\Projekte\Kistl\Kistl.API.Server\KistlDataContextEntityFramework.cs:Zeile 59.
bei Kistl.API.Server.KistlDataContext.GetContext() in E:\Projekte\Kistl\Kistl.API.Server\KistlDataContext.cs:Zeile 42.
bei Kistl.API.Server.KistlDataContext.InitSession() in E:\Projekte\Kistl\Kistl.API.Server\KistlDataContext.cs:Zeile 28.
bei Kistl.API.Server.Tests.KistlDataContextTests.SetUp() in E:\Projekte\Kistl\Tests\Kistl.API.Server.Tests\Tests\KistlDataContextTests.cs:Zeile 20.
--ArgumentException
bei System.Data.Common.DbProviderFactories.GetFactory(String providerInvariantName)
bei System.Data.EntityClient.EntityConnection.ChangeConnectionString(String newConnectionString)
]]></stack-trace>
                                </failure>
                              </test-case>
                              <test-case name="Kistl.API.Server.Tests.KistlDataContextTests.GetQuery_ObjType" executed="True" success="False" time="0.004" asserts="0">
                                <failure>
                                  <message><![CDATA[System.ArgumentException : The specified store provider cannot be found in the configuration or it's not valid.
  ----> System.ArgumentException : Der angeforderte .Net Framework-Datenprovider kann nicht gefunden werden. Er ist ggf. nicht installiert.]]></message>
                                  <stack-trace><![CDATA[bei System.Data.EntityClient.EntityConnection.ChangeConnectionString(String newConnectionString)
bei System.Data.EntityClient.EntityConnection..ctor(String connectionString)
bei System.Data.Objects.ObjectContext..ctor(String connectionString, String defaultContainerName)
bei Kistl.API.Server.KistlDataContextEntityFramework..ctor() in E:\Projekte\Kistl\Kistl.API.Server\KistlDataContextEntityFramework.cs:Zeile 59.
bei Kistl.API.Server.KistlDataContext.GetContext() in E:\Projekte\Kistl\Kistl.API.Server\KistlDataContext.cs:Zeile 42.
bei Kistl.API.Server.KistlDataContext.InitSession() in E:\Projekte\Kistl\Kistl.API.Server\KistlDataContext.cs:Zeile 28.
bei Kistl.API.Server.Tests.KistlDataContextTests.SetUp() in E:\Projekte\Kistl\Tests\Kistl.API.Server.Tests\Tests\KistlDataContextTests.cs:Zeile 20.
--ArgumentException
bei System.Data.Common.DbProviderFactories.GetFactory(String providerInvariantName)
bei System.Data.EntityClient.EntityConnection.ChangeConnectionString(String newConnectionString)
]]></stack-trace>
                                </failure>
                              </test-case>
                              <test-case name="Kistl.API.Server.Tests.KistlDataContextTests.InitSession" executed="True" success="False" time="0.005" asserts="0">
                                <failure>
                                  <message><![CDATA[System.ArgumentException : The specified store provider cannot be found in the configuration or it's not valid.
  ----> System.ArgumentException : Der angeforderte .Net Framework-Datenprovider kann nicht gefunden werden. Er ist ggf. nicht installiert.]]></message>
                                  <stack-trace><![CDATA[bei System.Data.EntityClient.EntityConnection.ChangeConnectionString(String newConnectionString)
bei System.Data.EntityClient.EntityConnection..ctor(String connectionString)
bei System.Data.Objects.ObjectContext..ctor(String connectionString, String defaultContainerName)
bei Kistl.API.Server.KistlDataContextEntityFramework..ctor() in E:\Projekte\Kistl\Kistl.API.Server\KistlDataContextEntityFramework.cs:Zeile 59.
bei Kistl.API.Server.KistlDataContext.GetContext() in E:\Projekte\Kistl\Kistl.API.Server\KistlDataContext.cs:Zeile 42.
bei Kistl.API.Server.KistlDataContext.InitSession() in E:\Projekte\Kistl\Kistl.API.Server\KistlDataContext.cs:Zeile 28.
bei Kistl.API.Server.Tests.KistlDataContextTests.SetUp() in E:\Projekte\Kistl\Tests\Kistl.API.Server.Tests\Tests\KistlDataContextTests.cs:Zeile 20.
--ArgumentException
bei System.Data.Common.DbProviderFactories.GetFactory(String providerInvariantName)
bei System.Data.EntityClient.EntityConnection.ChangeConnectionString(String newConnectionString)
]]></stack-trace>
                                </failure>
                              </test-case>
                              <test-case name="Kistl.API.Server.Tests.KistlDataContextTests.InitSessionTwice" executed="True" success="False" time="0.004" asserts="0">
                                <failure>
                                  <message><![CDATA[System.ArgumentException : The specified store provider cannot be found in the configuration or it's not valid.
  ----> System.ArgumentException : Der angeforderte .Net Framework-Datenprovider kann nicht gefunden werden. Er ist ggf. nicht installiert.]]></message>
                                  <stack-trace><![CDATA[bei System.Data.EntityClient.EntityConnection.ChangeConnectionString(String newConnectionString)
bei System.Data.EntityClient.EntityConnection..ctor(String connectionString)
bei System.Data.Objects.ObjectContext..ctor(String connectionString, String defaultContainerName)
bei Kistl.API.Server.KistlDataContextEntityFramework..ctor() in E:\Projekte\Kistl\Kistl.API.Server\KistlDataContextEntityFramework.cs:Zeile 59.
bei Kistl.API.Server.KistlDataContext.GetContext() in E:\Projekte\Kistl\Kistl.API.Server\KistlDataContext.cs:Zeile 42.
bei Kistl.API.Server.KistlDataContext.InitSession() in E:\Projekte\Kistl\Kistl.API.Server\KistlDataContext.cs:Zeile 28.
bei Kistl.API.Server.Tests.KistlDataContextTests.SetUp() in E:\Projekte\Kistl\Tests\Kistl.API.Server.Tests\Tests\KistlDataContextTests.cs:Zeile 20.
--ArgumentException
bei System.Data.Common.DbProviderFactories.GetFactory(String providerInvariantName)
bei System.Data.EntityClient.EntityConnection.ChangeConnectionString(String newConnectionString)
]]></stack-trace>
                                </failure>
                              </test-case>
                              <test-case name="Kistl.API.Server.Tests.KistlDataContextTests.NoSession" executed="True" success="False" time="0.005" asserts="0">
                                <failure>
                                  <message><![CDATA[System.ArgumentException : The specified store provider cannot be found in the configuration or it's not valid.
  ----> System.ArgumentException : Der angeforderte .Net Framework-Datenprovider kann nicht gefunden werden. Er ist ggf. nicht installiert.]]></message>
                                  <stack-trace><![CDATA[bei System.Data.EntityClient.EntityConnection.ChangeConnectionString(String newConnectionString)
bei System.Data.EntityClient.EntityConnection..ctor(String connectionString)
bei System.Data.Objects.ObjectContext..ctor(String connectionString, String defaultContainerName)
bei Kistl.API.Server.KistlDataContextEntityFramework..ctor() in E:\Projekte\Kistl\Kistl.API.Server\KistlDataContextEntityFramework.cs:Zeile 59.
bei Kistl.API.Server.KistlDataContext.GetContext() in E:\Projekte\Kistl\Kistl.API.Server\KistlDataContext.cs:Zeile 42.
bei Kistl.API.Server.KistlDataContext.InitSession() in E:\Projekte\Kistl\Kistl.API.Server\KistlDataContext.cs:Zeile 28.
bei Kistl.API.Server.Tests.KistlDataContextTests.SetUp() in E:\Projekte\Kistl\Tests\Kistl.API.Server.Tests\Tests\KistlDataContextTests.cs:Zeile 20.
--ArgumentException
bei System.Data.Common.DbProviderFactories.GetFactory(String providerInvariantName)
bei System.Data.EntityClient.EntityConnection.ChangeConnectionString(String newConnectionString)
]]></stack-trace>
                                </failure>
                              </test-case>
                              <test-case name="Kistl.API.Server.Tests.KistlDataContextTests.SelectSomeData" executed="True" success="False" time="0.004" asserts="0">
                                <failure>
                                  <message><![CDATA[System.ArgumentException : The specified store provider cannot be found in the configuration or it's not valid.
  ----> System.ArgumentException : Der angeforderte .Net Framework-Datenprovider kann nicht gefunden werden. Er ist ggf. nicht installiert.]]></message>
                                  <stack-trace><![CDATA[bei System.Data.EntityClient.EntityConnection.ChangeConnectionString(String newConnectionString)
bei System.Data.EntityClient.EntityConnection..ctor(String connectionString)
bei System.Data.Objects.ObjectContext..ctor(String connectionString, String defaultContainerName)
bei Kistl.API.Server.KistlDataContextEntityFramework..ctor() in E:\Projekte\Kistl\Kistl.API.Server\KistlDataContextEntityFramework.cs:Zeile 59.
bei Kistl.API.Server.KistlDataContext.GetContext() in E:\Projekte\Kistl\Kistl.API.Server\KistlDataContext.cs:Zeile 42.
bei Kistl.API.Server.KistlDataContext.InitSession() in E:\Projekte\Kistl\Kistl.API.Server\KistlDataContext.cs:Zeile 28.
bei Kistl.API.Server.Tests.KistlDataContextTests.SetUp() in E:\Projekte\Kistl\Tests\Kistl.API.Server.Tests\Tests\KistlDataContextTests.cs:Zeile 20.
--ArgumentException
bei System.Data.Common.DbProviderFactories.GetFactory(String providerInvariantName)
bei System.Data.EntityClient.EntityConnection.ChangeConnectionString(String newConnectionString)
]]></stack-trace>
                                </failure>
                              </test-case>
                              <test-case name="Kistl.API.Server.Tests.KistlDataContextTests.SelectSomeData_Children" executed="True" success="False" time="0.004" asserts="0">
                                <failure>
                                  <message><![CDATA[System.ArgumentException : The specified store provider cannot be found in the configuration or it's not valid.
  ----> System.ArgumentException : Der angeforderte .Net Framework-Datenprovider kann nicht gefunden werden. Er ist ggf. nicht installiert.]]></message>
                                  <stack-trace><![CDATA[bei System.Data.EntityClient.EntityConnection.ChangeConnectionString(String newConnectionString)
bei System.Data.EntityClient.EntityConnection..ctor(String connectionString)
bei System.Data.Objects.ObjectContext..ctor(String connectionString, String defaultContainerName)
bei Kistl.API.Server.KistlDataContextEntityFramework..ctor() in E:\Projekte\Kistl\Kistl.API.Server\KistlDataContextEntityFramework.cs:Zeile 59.
bei Kistl.API.Server.KistlDataContext.GetContext() in E:\Projekte\Kistl\Kistl.API.Server\KistlDataContext.cs:Zeile 42.
bei Kistl.API.Server.KistlDataContext.InitSession() in E:\Projekte\Kistl\Kistl.API.Server\KistlDataContext.cs:Zeile 28.
bei Kistl.API.Server.Tests.KistlDataContextTests.SetUp() in E:\Projekte\Kistl\Tests\Kistl.API.Server.Tests\Tests\KistlDataContextTests.cs:Zeile 20.
--ArgumentException
bei System.Data.Common.DbProviderFactories.GetFactory(String providerInvariantName)
bei System.Data.EntityClient.EntityConnection.ChangeConnectionString(String newConnectionString)
]]></stack-trace>
                                </failure>
                              </test-case>
                              <test-case name="Kistl.API.Server.Tests.KistlDataContextTests.SelectSomeData_Collection" executed="True" success="False" time="0.005" asserts="0">
                                <failure>
                                  <message><![CDATA[System.ArgumentException : The specified store provider cannot be found in the configuration or it's not valid.
  ----> System.ArgumentException : Der angeforderte .Net Framework-Datenprovider kann nicht gefunden werden. Er ist ggf. nicht installiert.]]></message>
                                  <stack-trace><![CDATA[bei System.Data.EntityClient.EntityConnection.ChangeConnectionString(String newConnectionString)
bei System.Data.EntityClient.EntityConnection..ctor(String connectionString)
bei System.Data.Objects.ObjectContext..ctor(String connectionString, String defaultContainerName)
bei Kistl.API.Server.KistlDataContextEntityFramework..ctor() in E:\Projekte\Kistl\Kistl.API.Server\KistlDataContextEntityFramework.cs:Zeile 59.
bei Kistl.API.Server.KistlDataContext.GetContext() in E:\Projekte\Kistl\Kistl.API.Server\KistlDataContext.cs:Zeile 42.
bei Kistl.API.Server.KistlDataContext.InitSession() in E:\Projekte\Kistl\Kistl.API.Server\KistlDataContext.cs:Zeile 28.
bei Kistl.API.Server.Tests.KistlDataContextTests.SetUp() in E:\Projekte\Kistl\Tests\Kistl.API.Server.Tests\Tests\KistlDataContextTests.cs:Zeile 20.
--ArgumentException
bei System.Data.Common.DbProviderFactories.GetFactory(String providerInvariantName)
bei System.Data.EntityClient.EntityConnection.ChangeConnectionString(String newConnectionString)
]]></stack-trace>
                                </failure>
                              </test-case>
                              <test-case name="Kistl.API.Server.Tests.KistlDataContextTests.SelectSomeData_Parent" executed="True" success="False" time="0.005" asserts="0">
                                <failure>
                                  <message><![CDATA[System.ArgumentException : The specified store provider cannot be found in the configuration or it's not valid.
  ----> System.ArgumentException : Der angeforderte .Net Framework-Datenprovider kann nicht gefunden werden. Er ist ggf. nicht installiert.]]></message>
                                  <stack-trace><![CDATA[bei System.Data.EntityClient.EntityConnection.ChangeConnectionString(String newConnectionString)
bei System.Data.EntityClient.EntityConnection..ctor(String connectionString)
bei System.Data.Objects.ObjectContext..ctor(String connectionString, String defaultContainerName)
bei Kistl.API.Server.KistlDataContextEntityFramework..ctor() in E:\Projekte\Kistl\Kistl.API.Server\KistlDataContextEntityFramework.cs:Zeile 59.
bei Kistl.API.Server.KistlDataContext.GetContext() in E:\Projekte\Kistl\Kistl.API.Server\KistlDataContext.cs:Zeile 42.
bei Kistl.API.Server.KistlDataContext.InitSession() in E:\Projekte\Kistl\Kistl.API.Server\KistlDataContext.cs:Zeile 28.
bei Kistl.API.Server.Tests.KistlDataContextTests.SetUp() in E:\Projekte\Kistl\Tests\Kistl.API.Server.Tests\Tests\KistlDataContextTests.cs:Zeile 20.
--ArgumentException
bei System.Data.Common.DbProviderFactories.GetFactory(String providerInvariantName)
bei System.Data.EntityClient.EntityConnection.ChangeConnectionString(String newConnectionString)
]]></stack-trace>
                                </failure>
                              </test-case>
                              <test-case name="Kistl.API.Server.Tests.KistlDataContextTests.UpdateLists_SubmitChanges" executed="True" success="False" time="0.005" asserts="0">
                                <failure>
                                  <message><![CDATA[System.ArgumentException : The specified store provider cannot be found in the configuration or it's not valid.
  ----> System.ArgumentException : Der angeforderte .Net Framework-Datenprovider kann nicht gefunden werden. Er ist ggf. nicht installiert.]]></message>
                                  <stack-trace><![CDATA[bei System.Data.EntityClient.EntityConnection.ChangeConnectionString(String newConnectionString)
bei System.Data.EntityClient.EntityConnection..ctor(String connectionString)
bei System.Data.Objects.ObjectContext..ctor(String connectionString, String defaultContainerName)
bei Kistl.API.Server.KistlDataContextEntityFramework..ctor() in E:\Projekte\Kistl\Kistl.API.Server\KistlDataContextEntityFramework.cs:Zeile 59.
bei Kistl.API.Server.KistlDataContext.GetContext() in E:\Projekte\Kistl\Kistl.API.Server\KistlDataContext.cs:Zeile 42.
bei Kistl.API.Server.KistlDataContext.InitSession() in E:\Projekte\Kistl\Kistl.API.Server\KistlDataContext.cs:Zeile 28.
bei Kistl.API.Server.Tests.KistlDataContextTests.SetUp() in E:\Projekte\Kistl\Tests\Kistl.API.Server.Tests\Tests\KistlDataContextTests.cs:Zeile 20.
--ArgumentException
bei System.Data.Common.DbProviderFactories.GetFactory(String providerInvariantName)
bei System.Data.EntityClient.EntityConnection.ChangeConnectionString(String newConnectionString)
]]></stack-trace>
                                </failure>
                              </test-case>
                              <test-case name="Kistl.API.Server.Tests.KistlDataContextTests.UpdateSomeData_SubmitChanges" executed="True" success="False" time="0.005" asserts="0">
                                <failure>
                                  <message><![CDATA[System.ArgumentException : The specified store provider cannot be found in the configuration or it's not valid.
  ----> System.ArgumentException : Der angeforderte .Net Framework-Datenprovider kann nicht gefunden werden. Er ist ggf. nicht installiert.]]></message>
                                  <stack-trace><![CDATA[bei System.Data.EntityClient.EntityConnection.ChangeConnectionString(String newConnectionString)
bei System.Data.EntityClient.EntityConnection..ctor(String connectionString)
bei System.Data.Objects.ObjectContext..ctor(String connectionString, String defaultContainerName)
bei Kistl.API.Server.KistlDataContextEntityFramework..ctor() in E:\Projekte\Kistl\Kistl.API.Server\KistlDataContextEntityFramework.cs:Zeile 59.
bei Kistl.API.Server.KistlDataContext.GetContext() in E:\Projekte\Kistl\Kistl.API.Server\KistlDataContext.cs:Zeile 42.
bei Kistl.API.Server.KistlDataContext.InitSession() in E:\Projekte\Kistl\Kistl.API.Server\KistlDataContext.cs:Zeile 28.
bei Kistl.API.Server.Tests.KistlDataContextTests.SetUp() in E:\Projekte\Kistl\Tests\Kistl.API.Server.Tests\Tests\KistlDataContextTests.cs:Zeile 20.
--ArgumentException
bei System.Data.Common.DbProviderFactories.GetFactory(String providerInvariantName)
bei System.Data.EntityClient.EntityConnection.ChangeConnectionString(String newConnectionString)
]]></stack-trace>
                                </failure>
                              </test-case>
                            </results>
                          </test-suite>
                        </results>
                      </test-suite>
                    </results>
                  </test-suite>
                </results>
              </test-suite>
            </results>
          </test-suite>
        </results>
      </test-suite>
      <test-suite name="E:\Projekte\Kistl\Tests\CompleteTests\bin\Debug\Kistl.API.Tests.exe" success="False" time="1.591" asserts="0">
        <results>
          <test-suite name="Kistl" success="False" time="1.579" asserts="0">
            <results>
              <test-suite name="API" success="False" time="1.569" asserts="0">
                <results>
                  <test-suite name="Tests" success="False" time="1.559" asserts="0">
                    <results>
                      <test-suite name="APIInitTest" success="True" time="0.011" asserts="0">
                        <results>
                          <test-case name="Kistl.API.Tests.APIInitTest.SecondInitFail" executed="True" success="True" time="0.006" asserts="0" />
                        </results>
                      </test-suite>
                      <test-suite name="AssemblyLoaderTests" success="False" time="0.078" asserts="0">
                        <results>
                          <test-case name="Kistl.API.Tests.AssemblyLoaderTests.AssemblyResolve" executed="True" success="True" time="0.014" asserts="0" />
                          <test-case name="Kistl.API.Tests.AssemblyLoaderTests.Load" executed="True" success="False" time="0.048" asserts="1">
                            <failure>
                              <message><![CDATA[  Expected: not null
  But was:  null
]]></message>
                              <stack-trace><![CDATA[bei Kistl.API.Tests.AssemblyLoaderTests.Load() in E:\Projekte\Kistl\Tests\Kistl.API.Tests\Tests\AssemblyLoaderTests.cs:Zeile 21.
]]></stack-trace>
                            </failure>
                          </test-case>
                          <test-case name="Kistl.API.Tests.AssemblyLoaderTests.ReflectionOnlyLoadFrom" executed="True" success="False" time="0.011" asserts="1">
                            <failure>
                              <message><![CDATA[  Expected: not null
  But was:  null
]]></message>
                              <stack-trace><![CDATA[bei Kistl.API.Tests.AssemblyLoaderTests.ReflectionOnlyLoadFrom() in E:\Projekte\Kistl\Tests\Kistl.API.Tests\Tests\AssemblyLoaderTests.cs:Zeile 28.
]]></stack-trace>
                            </failure>
                          </test-case>
                        </results>
                      </test-suite>
                      <test-suite name="BinarySerializerTests" success="True" time="0.186" asserts="0">
                        <results>
                          <test-case name="Kistl.API.Tests.BinarySerializerTests.Bool" executed="True" success="True" time="0.002" asserts="1" />
                          <test-case name="Kistl.API.Tests.BinarySerializerTests.BoolNull" executed="True" success="True" time="0.001" asserts="1" />
                          <test-case name="Kistl.API.Tests.BinarySerializerTests.BoolNullValue" executed="True" success="True" time="0.001" asserts="1" />
                          <test-case name="Kistl.API.Tests.BinarySerializerTests.DateTime" executed="True" success="True" time="0.000" asserts="1" />
                          <test-case name="Kistl.API.Tests.BinarySerializerTests.DateTimeNull" executed="True" success="True" time="0.001" asserts="1" />
                          <test-case name="Kistl.API.Tests.BinarySerializerTests.Double" executed="True" success="True" time="0.002" asserts="1" />
                          <test-case name="Kistl.API.Tests.BinarySerializerTests.DoubleNull" executed="True" success="True" time="0.001" asserts="1" />
                          <test-case name="Kistl.API.Tests.BinarySerializerTests.DoubleNullValue" executed="True" success="True" time="0.000" asserts="1" />
                          <test-case name="Kistl.API.Tests.BinarySerializerTests.Enum" executed="True" success="True" time="0.000" asserts="1" />
                          <test-case name="Kistl.API.Tests.BinarySerializerTests.Float" executed="True" success="True" time="0.001" asserts="1" />
                          <test-case name="Kistl.API.Tests.BinarySerializerTests.FloatNull" executed="True" success="True" time="0.000" asserts="1" />
                          <test-case name="Kistl.API.Tests.BinarySerializerTests.FloatNullValue" executed="True" success="True" time="0.001" asserts="1" />
                          <test-case name="Kistl.API.Tests.BinarySerializerTests.ICollection_ICollectionEntry" executed="True" success="True" time="0.008" asserts="1" />
                          <test-case name="Kistl.API.Tests.BinarySerializerTests.ICollection_ObservableCollection_ICollectionEntry" executed="True" success="True" time="0.018" asserts="1" />
                          <test-case name="Kistl.API.Tests.BinarySerializerTests.IEnumerable_IDataObject" executed="True" success="True" time="0.020" asserts="1" />
                          <test-case name="Kistl.API.Tests.BinarySerializerTests.Int" executed="True" success="True" time="0.001" asserts="1" />
                          <test-case name="Kistl.API.Tests.BinarySerializerTests.IntNull" executed="True" success="True" time="0.000" asserts="1" />
                          <test-case name="Kistl.API.Tests.BinarySerializerTests.IntNullValue" executed="True" success="True" time="0.000" asserts="1" />
                          <test-case name="Kistl.API.Tests.BinarySerializerTests.ObjectType" executed="True" success="True" time="0.000" asserts="1" />
                          <test-case name="Kistl.API.Tests.BinarySerializerTests.ObjectTypeNull" executed="True" success="True" time="0.004" asserts="0" />
                          <test-case name="Kistl.API.Tests.BinarySerializerTests.SerializableExpression" executed="True" success="True" time="0.101" asserts="2" />
                          <test-case name="Kistl.API.Tests.BinarySerializerTests.String" executed="True" success="True" time="0.001" asserts="1" />
                          <test-case name="Kistl.API.Tests.BinarySerializerTests.StringNull" executed="True" success="True" time="0.000" asserts="1" />
                        </results>
                      </test-suite>
                      <test-suite name="CustomActionsManagerFactoryTests" success="True" time="0.004" asserts="0">
                        <results>
                          <test-case name="Kistl.API.Tests.CustomActionsManagerFactoryTests.Init_Fail" executed="True" success="True" time="0.003" asserts="1" />
                        </results>
                      </test-suite>
                      <test-suite name="ExpressionFilterTest" success="True" time="0.019" asserts="0">
                        <results>
                          <test-case name="Kistl.API.Tests.ExpressionFilterTest.IllegalExpression" executed="True" success="True" time="0.011" asserts="1" />
                          <test-case name="Kistl.API.Tests.ExpressionFilterTest.IllegalExpressionClass_UnknownToString" executed="True" success="True" time="0.004" asserts="0" />
                          <test-case name="Kistl.API.Tests.ExpressionFilterTest.LegalExpression" executed="True" success="True" time="0.001" asserts="1" />
                        </results>
                      </test-suite>
                      <test-suite name="ExpressionTreeVisitorTests" success="True" time="0.064" asserts="0">
                        <results>
                          <test-case name="Kistl.API.Tests.ExpressionTreeVisitorTests.Visit" executed="True" success="True" time="0.063" asserts="1" />
                        </results>
                      </test-suite>
                      <test-suite name="ExtensionHelpersTest" success="True" time="0.335" asserts="0">
                        <results>
                          <test-case name="Kistl.API.Tests.ExtensionHelpersTest.Clone_List" executed="True" success="True" time="0.003" asserts="1" />
                          <test-case name="Kistl.API.Tests.ExtensionHelpersTest.Clone_NotifyingObservableCollection" executed="True" success="True" time="0.009" asserts="1" />
                          <test-case name="Kistl.API.Tests.ExtensionHelpersTest.Clone_ObservableCollection" executed="True" success="True" time="0.003" asserts="1" />
                          <test-case name="Kistl.API.Tests.ExtensionHelpersTest.ForEach_IEnumerable" executed="True" success="True" time="0.001" asserts="1" />
                          <test-case name="Kistl.API.Tests.ExtensionHelpersTest.ForEach_ObservableCollection" executed="True" success="True" time="0.004" asserts="1" />
                          <test-case name="Kistl.API.Tests.ExtensionHelpersTest.GetPropertyValue" executed="True" success="True" time="0.002" asserts="3" />
                          <test-case name="Kistl.API.Tests.ExtensionHelpersTest.GetPropertyValue_InvalidPropertyName" executed="True" success="True" time="0.004" asserts="0" />
                          <test-case name="Kistl.API.Tests.ExtensionHelpersTest.In" executed="True" success="True" time="0.000" asserts="1" />
                          <test-case name="Kistl.API.Tests.ExtensionHelpersTest.InFalse" executed="True" success="True" time="0.000" asserts="1" />
                          <test-case name="Kistl.API.Tests.ExtensionHelpersTest.SetPropertyValue" executed="True" success="True" time="0.002" asserts="3" />
                          <test-case name="Kistl.API.Tests.ExtensionHelpersTest.SetPropertyValue_InvalidPropertyName" executed="True" success="True" time="0.003" asserts="0" />
                          <test-case name="Kistl.API.Tests.ExtensionHelpersTest.XmlString" executed="True" success="True" time="0.292" asserts="1" />
                        </results>
                      </test-suite>
                      <test-suite name="KistlConfigTests" success="True" time="0.029" asserts="0">
                        <results>
                          <test-case name="Kistl.API.Tests.KistlConfigTests.Current" executed="True" success="True" time="0.001" asserts="3" />
                          <test-case name="Kistl.API.Tests.KistlConfigTests.FromStream" executed="True" success="True" time="0.003" asserts="9" />
                          <test-case name="Kistl.API.Tests.KistlConfigTests.FromTextReader" executed="True" success="True" time="0.002" asserts="9" />
                          <test-case name="Kistl.API.Tests.KistlConfigTests.ToFile" executed="True" success="True" time="0.021" asserts="2" />
                          <test-case name="Kistl.API.Tests.KistlConfigTests.ToStream" executed="True" success="True" time="0.000" asserts="1" />
                        </results>
                      </test-suite>
                      <test-suite name="KistlServiceStreamsMessageTests" success="True" time="0.002" asserts="0">
                        <results>
                          <test-case name="Kistl.API.Tests.KistlServiceStreamsMessageTests.Stream" executed="True" success="True" time="0.002" asserts="3" />
                        </results>
                      </test-suite>
                      <test-suite name="LinqExtensionsTests" success="True" time="0.145" asserts="0">
                        <results>
                          <test-case name="Kistl.API.Tests.LinqExtensionsTests.AddEqualityCondition" executed="True" success="True" time="0.051" asserts="1" />
                          <test-case name="Kistl.API.Tests.LinqExtensionsTests.AddEqualityCondition_InvalidProperty" executed="True" success="True" time="0.004" asserts="0" />
                          <test-case name="Kistl.API.Tests.LinqExtensionsTests.AddEqualityCondition_InvalidType" executed="True" success="True" time="0.037" asserts="0" />
                          <test-case name="Kistl.API.Tests.LinqExtensionsTests.AddFilter" executed="True" success="True" time="0.014" asserts="1" />
                          <test-case name="Kistl.API.Tests.LinqExtensionsTests.AddFilter_IllegalExpression" executed="True" success="True" time="0.005" asserts="0" />
                          <test-case name="Kistl.API.Tests.LinqExtensionsTests.AddOrderBy" executed="True" success="True" time="0.013" asserts="2" />
                          <test-case name="Kistl.API.Tests.LinqExtensionsTests.AddOrderBy_WithQuote" executed="True" success="True" time="0.002" asserts="2" />
                          <test-case name="Kistl.API.Tests.LinqExtensionsTests.GetExpressionValue_Constant" executed="True" success="True" time="0.002" asserts="1" />
                          <test-case name="Kistl.API.Tests.LinqExtensionsTests.GetExpressionValue_LambdaExpression" executed="True" success="True" time="0.006" asserts="0" />
                          <test-case name="Kistl.API.Tests.LinqExtensionsTests.GetExpressionValue_MemberExpression_Field" executed="True" success="True" time="0.000" asserts="1" />
                          <test-case name="Kistl.API.Tests.LinqExtensionsTests.GetExpressionValue_MemberExpression_Property" executed="True" success="True" time="0.001" asserts="1" />
                        </results>
                      </test-suite>
                      <test-suite name="NotifyingObservableCollectionTests" success="True" time="0.006" asserts="0">
                        <results>
                          <test-case name="Kistl.API.Tests.NotifyingObservableCollectionTests.Event" executed="True" success="True" time="0.001" asserts="1" />
                          <test-case name="Kistl.API.Tests.NotifyingObservableCollectionTests.List" executed="True" success="True" time="0.000" asserts="1" />
                          <test-case name="Kistl.API.Tests.NotifyingObservableCollectionTests.SetItem" executed="True" success="True" time="0.002" asserts="1" />
                        </results>
                      </test-suite>
                      <test-suite name="ObjectTypeTests" success="True" time="0.030" asserts="0">
                        <results>
                          <test-case name="Kistl.API.Tests.ObjectTypeTests.Constructor_Empty" executed="True" success="True" time="0.000" asserts="2" />
                          <test-case name="Kistl.API.Tests.ObjectTypeTests.Constructor_IDataObject" executed="True" success="True" time="0.001" asserts="0" />
                          <test-case name="Kistl.API.Tests.ObjectTypeTests.Constructor_Namespace_Classname" executed="True" success="True" time="0.000" asserts="2" />
                          <test-case name="Kistl.API.Tests.ObjectTypeTests.Constructor_String" executed="True" success="True" time="0.001" asserts="2" />
                          <test-case name="Kistl.API.Tests.ObjectTypeTests.Constructor_Type" executed="True" success="True" time="0.000" asserts="2" />
                          <test-case name="Kistl.API.Tests.ObjectTypeTests.HashCode" executed="True" success="True" time="0.001" asserts="1" />
                          <test-case name="Kistl.API.Tests.ObjectTypeTests.InitAssembly" executed="True" success="True" time="0.000" asserts="1" />
                          <test-case name="Kistl.API.Tests.ObjectTypeTests.InitFail" executed="True" success="True" time="0.004" asserts="0" />
                          <test-case name="Kistl.API.Tests.ObjectTypeTests.InitString" executed="True" success="True" time="0.001" asserts="1" />
                          <test-case name="Kistl.API.Tests.ObjectTypeTests.NewDataObject" executed="True" success="True" time="0.000" asserts="1" />
                          <test-case name="Kistl.API.Tests.ObjectTypeTests.NewDataObject_Empty" executed="True" success="True" time="0.003" asserts="0" />
                          <test-case name="Kistl.API.Tests.ObjectTypeTests.NewDataObject_TypeNotFound" executed="True" success="True" time="0.003" asserts="0" />
                          <test-case name="Kistl.API.Tests.ObjectTypeTests.NewDataObject_TypeNotIDataObject" executed="True" success="True" time="0.003" asserts="0" />
                        </results>
                      </test-suite>
                      <test-suite name="SerializableExpressionTests" success="True" time="0.014" asserts="0">
                        <results>
                          <test-case name="Kistl.API.Tests.SerializableExpressionTests.FromExpression_Null" executed="True" success="True" time="0.004" asserts="0" />
                          <test-case name="Kistl.API.Tests.SerializableExpressionTests.SerializableType_InvalidType" executed="True" success="True" time="0.003" asserts="0" />
                          <test-case name="Kistl.API.Tests.SerializableExpressionTests.SerializableType_InvalidType_Generic" executed="True" success="True" time="0.003" asserts="0" />
                          <test-case name="Kistl.API.Tests.SerializableExpressionTests.SerializableType_Valid" executed="True" success="True" time="0.001" asserts="1" />
                        </results>
                      </test-suite>
                    </results>
                  </test-suite>
                </results>
              </test-suite>
            </results>
          </test-suite>
        </results>
      </test-suite>
      <test-suite name="E:\Projekte\Kistl\Tests\CompleteTests\bin\Debug\Kistl.Client.Tests.exe" success="False" time="4.026" asserts="0">
        <results>
          <test-suite name="Kistl" success="False" time="3.418" asserts="0">
            <results>
              <test-suite name="GUI" success="False" time="3.418" asserts="0">
                <results>
                  <test-suite name="Integration" success="False" time="2.477" asserts="0">
                    <results>
                      <test-suite name="WPF" success="False" time="2.474" asserts="0">
                        <results>
                          <test-suite name="ObjectReferenceControlIntegrationTests" success="False" time="2.471" asserts="2">
                            <results>
                              <test-case name="Kistl.GUI.Integration.WPF.ObjectReferenceControlIntegrationTests.HandleInvalidUserInput" executed="True" success="False" time="2.256" asserts="0">
                                <failure>
                                  <message><![CDATA[System.ArgumentOutOfRangeException : Der Index lag außerhalb des Bereichs. Er muss nicht negativ und kleiner als die Auflistung sein.
Parametername: index]]></message>
                                  <stack-trace><![CDATA[bei System.ThrowHelper.ThrowArgumentOutOfRangeException(ExceptionArgument argument, ExceptionResource resource)
bei System.ThrowHelper.ThrowArgumentOutOfRangeException()
bei System.Collections.Generic.List`1.get_Item(Int32 index)
bei Kistl.GUI.Renderer.WPF.ObjectReferenceControl.set_ValueIndex(Int32 value) in E:\Projekte\Kistl\Kistl.Client.WPF\Renderer.WPF\ObjectReferenceControl.xaml.cs:Zeile 155.
bei Kistl.GUI.Renderer.WPF.ObjectReferenceControl.cbValues_SelectionChanged(Object sender, SelectionChangedEventArgs e) in E:\Projekte\Kistl\Kistl.Client.WPF\Renderer.WPF\ObjectReferenceControl.xaml.cs:Zeile 182.
bei System.Windows.Controls.SelectionChangedEventArgs.InvokeEventHandler(Delegate genericHandler, Object genericTarget)
bei System.Windows.RoutedEventArgs.InvokeHandler(Delegate handler, Object target)
bei System.Windows.RoutedEventHandlerInfo.InvokeHandler(Object target, RoutedEventArgs routedEventArgs)
bei System.Windows.EventRoute.InvokeHandlersImpl(Object source, RoutedEventArgs args, Boolean reRaised)
bei System.Windows.UIElement.RaiseEventImpl(RoutedEventArgs args)
bei System.Windows.UIElement.RaiseEvent(RoutedEventArgs e)
bei System.Windows.Controls.ComboBox.OnSelectionChanged(SelectionChangedEventArgs e)
bei System.Windows.Controls.Primitives.Selector.SelectionChanger.End()
bei System.Windows.Controls.Primitives.Selector.SelectionChanger.SelectJustThisItem(Object item, Boolean assumeInItemsCollection)
bei System.Windows.Controls.Primitives.Selector.OnSelectedIndexChanged(DependencyObject d, DependencyPropertyChangedEventArgs e)
bei System.Windows.DependencyObject.OnPropertyChanged(DependencyPropertyChangedEventArgs e)
bei System.Windows.FrameworkElement.OnPropertyChanged(DependencyPropertyChangedEventArgs e)
bei System.Windows.DependencyObject.NotifyPropertyChange(DependencyPropertyChangedEventArgs args)
bei System.Windows.DependencyObject.UpdateEffectiveValue(EntryIndex entryIndex, DependencyProperty dp, PropertyMetadata metadata, EffectiveValueEntry oldEntry, EffectiveValueEntry& newEntry, Boolean coerceWithDeferredReference, OperationType operationType)
bei System.Windows.DependencyObject.SetValueCommon(DependencyProperty dp, Object value, PropertyMetadata metadata, Boolean coerceWithDeferredReference, OperationType operationType, Boolean isInternal)
bei System.Windows.DependencyObject.SetValue(DependencyProperty dp, Object value)
bei System.Windows.Controls.Primitives.Selector.set_SelectedIndex(Int32 value)
bei Kistl.GUI.Renderer.WPF.ObjectReferenceControl.OnUserInput(DependencyPropertyChangedEventArgs e) in E:\Projekte\Kistl\Kistl.Client.WPF\Renderer.WPF\ObjectReferenceControl.xaml.cs:Zeile 169.
bei Kistl.GUI.Renderer.WPF.ObjectReferenceControl.OnPropertyChanged(DependencyPropertyChangedEventArgs e) in E:\Projekte\Kistl\Kistl.Client.WPF\Renderer.WPF\ObjectReferenceControl.xaml.cs:Zeile 163.
bei System.Windows.DependencyObject.NotifyPropertyChange(DependencyPropertyChangedEventArgs args)
bei System.Windows.DependencyObject.UpdateEffectiveValue(EntryIndex entryIndex, DependencyProperty dp, PropertyMetadata metadata, EffectiveValueEntry oldEntry, EffectiveValueEntry& newEntry, Boolean coerceWithDeferredReference, OperationType operationType)
bei System.Windows.DependencyObject.SetValueCommon(DependencyProperty dp, Object value, PropertyMetadata metadata, Boolean coerceWithDeferredReference, OperationType operationType, Boolean isInternal)
bei System.Windows.DependencyObject.SetValue(DependencyProperty dp, Object value)
bei Kistl.GUI.Renderer.WPF.ObjectReferenceControl.SetValueNoUserInput(DependencyProperty dp, Object value) in E:\Projekte\Kistl\Kistl.Client.WPF\Renderer.WPF\ObjectReferenceControl.xaml.cs:Zeile 39.
bei Kistl.GUI.Renderer.WPF.ObjectReferenceControl.Kistl.GUI.IValueControl<Kistl.API.IDataObject>.set_Value(IDataObject value) in E:\Projekte\Kistl\Kistl.Client.WPF\Renderer.WPF\ObjectReferenceControl.xaml.cs:Zeile 134.
bei Kistl.GUI.DefaultPresenter`3.InitializeComponent() in E:\Projekte\Kistl\Kistl.Client\GUI\Presenter.cs:Zeile 175.
bei Kistl.GUI.ObjectReferencePresenter.InitializeComponent() in E:\Projekte\Kistl\Kistl.Client\GUI\Presenter.cs:Zeile 322.
bei Kistl.GUI.Presenter`1.InitializeComponent(IDataObject obj, Visual v, CONTROL ctrl) in E:\Projekte\Kistl\Kistl.Client\GUI\Presenter.cs:Zeile 53.
bei Kistl.GUI.Presenter`1.Kistl.GUI.IPresenter.InitializeComponent(IDataObject obj, Visual v, IBasicControl ctrl) in E:\Projekte\Kistl\Kistl.Client\GUI\Presenter.cs:Zeile 77.
bei Kistl.GUI.DB.KistlGUIContext.CreatePresenter(PresenterInfo info, IDataObject obj, Visual v, IBasicControl ctrl) in E:\Projekte\Kistl\Kistl.Client\GUI.DB\KistlGUIContext.cs:Zeile 60.
bei Kistl.GUI.Mocks.PresenterHarness`3.SetUp() in E:\Projekte\Kistl\Tests\Kistl.Client.Tests\Mocks\PresenterHarness.cs:Zeile 31.
bei Kistl.GUI.Tests.ObjectReferencePresenterInfrastructure`1.SetUp() in E:\Projekte\Kistl\Tests\Kistl.Client.Tests\GUI\ObjectReferencePresenterTests.cs:Zeile 80.
]]></stack-trace>
                                </failure>
                              </test-case>
                              <test-case name="Kistl.GUI.Integration.WPF.ObjectReferenceControlIntegrationTests.HandleNoUserInput" executed="True" success="False" time="0.010" asserts="0">
                                <failure>
                                  <message><![CDATA[System.ArgumentOutOfRangeException : Der Index lag außerhalb des Bereichs. Er muss nicht negativ und kleiner als die Auflistung sein.
Parametername: index]]></message>
                                  <stack-trace><![CDATA[bei System.ThrowHelper.ThrowArgumentOutOfRangeException(ExceptionArgument argument, ExceptionResource resource)
bei System.ThrowHelper.ThrowArgumentOutOfRangeException()
bei System.Collections.Generic.List`1.get_Item(Int32 index)
bei Kistl.GUI.Renderer.WPF.ObjectReferenceControl.set_ValueIndex(Int32 value) in E:\Projekte\Kistl\Kistl.Client.WPF\Renderer.WPF\ObjectReferenceControl.xaml.cs:Zeile 155.
bei Kistl.GUI.Renderer.WPF.ObjectReferenceControl.cbValues_SelectionChanged(Object sender, SelectionChangedEventArgs e) in E:\Projekte\Kistl\Kistl.Client.WPF\Renderer.WPF\ObjectReferenceControl.xaml.cs:Zeile 182.
bei System.Windows.Controls.SelectionChangedEventArgs.InvokeEventHandler(Delegate genericHandler, Object genericTarget)
bei System.Windows.RoutedEventArgs.InvokeHandler(Delegate handler, Object target)
bei System.Windows.RoutedEventHandlerInfo.InvokeHandler(Object target, RoutedEventArgs routedEventArgs)
bei System.Windows.EventRoute.InvokeHandlersImpl(Object source, RoutedEventArgs args, Boolean reRaised)
bei System.Windows.UIElement.RaiseEventImpl(RoutedEventArgs args)
bei System.Windows.UIElement.RaiseEvent(RoutedEventArgs e)
bei System.Windows.Controls.ComboBox.OnSelectionChanged(SelectionChangedEventArgs e)
bei System.Windows.Controls.Primitives.Selector.SelectionChanger.End()
bei System.Windows.Controls.Primitives.Selector.SelectionChanger.SelectJustThisItem(Object item, Boolean assumeInItemsCollection)
bei System.Windows.Controls.Primitives.Selector.OnSelectedIndexChanged(DependencyObject d, DependencyPropertyChangedEventArgs e)
bei System.Windows.DependencyObject.OnPropertyChanged(DependencyPropertyChangedEventArgs e)
bei System.Windows.FrameworkElement.OnPropertyChanged(DependencyPropertyChangedEventArgs e)
bei System.Windows.DependencyObject.NotifyPropertyChange(DependencyPropertyChangedEventArgs args)
bei System.Windows.DependencyObject.UpdateEffectiveValue(EntryIndex entryIndex, DependencyProperty dp, PropertyMetadata metadata, EffectiveValueEntry oldEntry, EffectiveValueEntry& newEntry, Boolean coerceWithDeferredReference, OperationType operationType)
bei System.Windows.DependencyObject.SetValueCommon(DependencyProperty dp, Object value, PropertyMetadata metadata, Boolean coerceWithDeferredReference, OperationType operationType, Boolean isInternal)
bei System.Windows.DependencyObject.SetValue(DependencyProperty dp, Object value)
bei System.Windows.Controls.Primitives.Selector.set_SelectedIndex(Int32 value)
bei Kistl.GUI.Renderer.WPF.ObjectReferenceControl.OnUserInput(DependencyPropertyChangedEventArgs e) in E:\Projekte\Kistl\Kistl.Client.WPF\Renderer.WPF\ObjectReferenceControl.xaml.cs:Zeile 169.
bei Kistl.GUI.Renderer.WPF.ObjectReferenceControl.OnPropertyChanged(DependencyPropertyChangedEventArgs e) in E:\Projekte\Kistl\Kistl.Client.WPF\Renderer.WPF\ObjectReferenceControl.xaml.cs:Zeile 163.
bei System.Windows.DependencyObject.NotifyPropertyChange(DependencyPropertyChangedEventArgs args)
bei System.Windows.DependencyObject.UpdateEffectiveValue(EntryIndex entryIndex, DependencyProperty dp, PropertyMetadata metadata, EffectiveValueEntry oldEntry, EffectiveValueEntry& newEntry, Boolean coerceWithDeferredReference, OperationType operationType)
bei System.Windows.DependencyObject.SetValueCommon(DependencyProperty dp, Object value, PropertyMetadata metadata, Boolean coerceWithDeferredReference, OperationType operationType, Boolean isInternal)
bei System.Windows.DependencyObject.SetValue(DependencyProperty dp, Object value)
bei Kistl.GUI.Renderer.WPF.ObjectReferenceControl.SetValueNoUserInput(DependencyProperty dp, Object value) in E:\Projekte\Kistl\Kistl.Client.WPF\Renderer.WPF\ObjectReferenceControl.xaml.cs:Zeile 39.
bei Kistl.GUI.Renderer.WPF.ObjectReferenceControl.Kistl.GUI.IValueControl<Kistl.API.IDataObject>.set_Value(IDataObject value) in E:\Projekte\Kistl\Kistl.Client.WPF\Renderer.WPF\ObjectReferenceControl.xaml.cs:Zeile 134.
bei Kistl.GUI.DefaultPresenter`3.InitializeComponent() in E:\Projekte\Kistl\Kistl.Client\GUI\Presenter.cs:Zeile 175.
bei Kistl.GUI.ObjectReferencePresenter.InitializeComponent() in E:\Projekte\Kistl\Kistl.Client\GUI\Presenter.cs:Zeile 322.
bei Kistl.GUI.Presenter`1.InitializeComponent(IDataObject obj, Visual v, CONTROL ctrl) in E:\Projekte\Kistl\Kistl.Client\GUI\Presenter.cs:Zeile 53.
bei Kistl.GUI.Presenter`1.Kistl.GUI.IPresenter.InitializeComponent(IDataObject obj, Visual v, IBasicControl ctrl) in E:\Projekte\Kistl\Kistl.Client\GUI\Presenter.cs:Zeile 77.
bei Kistl.GUI.DB.KistlGUIContext.CreatePresenter(PresenterInfo info, IDataObject obj, Visual v, IBasicControl ctrl) in E:\Projekte\Kistl\Kistl.Client\GUI.DB\KistlGUIContext.cs:Zeile 60.
bei Kistl.GUI.Mocks.PresenterHarness`3.SetUp() in E:\Projekte\Kistl\Tests\Kistl.Client.Tests\Mocks\PresenterHarness.cs:Zeile 31.
bei Kistl.GUI.Tests.ObjectReferencePresenterInfrastructure`1.SetUp() in E:\Projekte\Kistl\Tests\Kistl.Client.Tests\GUI\ObjectReferencePresenterTests.cs:Zeile 80.
]]></stack-trace>
                                </failure>
                              </test-case>
                              <test-case name="Kistl.GUI.Integration.WPF.ObjectReferenceControlIntegrationTests.HandleNullUserInput" executed="True" success="False" time="0.006" asserts="0">
                                <failure>
                                  <message><![CDATA[System.ArgumentOutOfRangeException : Der Index lag außerhalb des Bereichs. Er muss nicht negativ und kleiner als die Auflistung sein.
Parametername: index]]></message>
                                  <stack-trace><![CDATA[bei System.ThrowHelper.ThrowArgumentOutOfRangeException(ExceptionArgument argument, ExceptionResource resource)
bei System.ThrowHelper.ThrowArgumentOutOfRangeException()
bei System.Collections.Generic.List`1.get_Item(Int32 index)
bei Kistl.GUI.Renderer.WPF.ObjectReferenceControl.set_ValueIndex(Int32 value) in E:\Projekte\Kistl\Kistl.Client.WPF\Renderer.WPF\ObjectReferenceControl.xaml.cs:Zeile 155.
bei Kistl.GUI.Renderer.WPF.ObjectReferenceControl.cbValues_SelectionChanged(Object sender, SelectionChangedEventArgs e) in E:\Projekte\Kistl\Kistl.Client.WPF\Renderer.WPF\ObjectReferenceControl.xaml.cs:Zeile 182.
bei System.Windows.Controls.SelectionChangedEventArgs.InvokeEventHandler(Delegate genericHandler, Object genericTarget)
bei System.Windows.RoutedEventArgs.InvokeHandler(Delegate handler, Object target)
bei System.Windows.RoutedEventHandlerInfo.InvokeHandler(Object target, RoutedEventArgs routedEventArgs)
bei System.Windows.EventRoute.InvokeHandlersImpl(Object source, RoutedEventArgs args, Boolean reRaised)
bei System.Windows.UIElement.RaiseEventImpl(RoutedEventArgs args)
bei System.Windows.UIElement.RaiseEvent(RoutedEventArgs e)
bei System.Windows.Controls.ComboBox.OnSelectionChanged(SelectionChangedEventArgs e)
bei System.Windows.Controls.Primitives.Selector.SelectionChanger.End()
bei System.Windows.Controls.Primitives.Selector.SelectionChanger.SelectJustThisItem(Object item, Boolean assumeInItemsCollection)
bei System.Windows.Controls.Primitives.Selector.OnSelectedIndexChanged(DependencyObject d, DependencyPropertyChangedEventArgs e)
bei System.Windows.DependencyObject.OnPropertyChanged(DependencyPropertyChangedEventArgs e)
bei System.Windows.FrameworkElement.OnPropertyChanged(DependencyPropertyChangedEventArgs e)
bei System.Windows.DependencyObject.NotifyPropertyChange(DependencyPropertyChangedEventArgs args)
bei System.Windows.DependencyObject.UpdateEffectiveValue(EntryIndex entryIndex, DependencyProperty dp, PropertyMetadata metadata, EffectiveValueEntry oldEntry, EffectiveValueEntry& newEntry, Boolean coerceWithDeferredReference, OperationType operationType)
bei System.Windows.DependencyObject.SetValueCommon(DependencyProperty dp, Object value, PropertyMetadata metadata, Boolean coerceWithDeferredReference, OperationType operationType, Boolean isInternal)
bei System.Windows.DependencyObject.SetValue(DependencyProperty dp, Object value)
bei System.Windows.Controls.Primitives.Selector.set_SelectedIndex(Int32 value)
bei Kistl.GUI.Renderer.WPF.ObjectReferenceControl.OnUserInput(DependencyPropertyChangedEventArgs e) in E:\Projekte\Kistl\Kistl.Client.WPF\Renderer.WPF\ObjectReferenceControl.xaml.cs:Zeile 169.
bei Kistl.GUI.Renderer.WPF.ObjectReferenceControl.OnPropertyChanged(DependencyPropertyChangedEventArgs e) in E:\Projekte\Kistl\Kistl.Client.WPF\Renderer.WPF\ObjectReferenceControl.xaml.cs:Zeile 163.
bei System.Windows.DependencyObject.NotifyPropertyChange(DependencyPropertyChangedEventArgs args)
bei System.Windows.DependencyObject.UpdateEffectiveValue(EntryIndex entryIndex, DependencyProperty dp, PropertyMetadata metadata, EffectiveValueEntry oldEntry, EffectiveValueEntry& newEntry, Boolean coerceWithDeferredReference, OperationType operationType)
bei System.Windows.DependencyObject.SetValueCommon(DependencyProperty dp, Object value, PropertyMetadata metadata, Boolean coerceWithDeferredReference, OperationType operationType, Boolean isInternal)
bei System.Windows.DependencyObject.SetValue(DependencyProperty dp, Object value)
bei Kistl.GUI.Renderer.WPF.ObjectReferenceControl.SetValueNoUserInput(DependencyProperty dp, Object value) in E:\Projekte\Kistl\Kistl.Client.WPF\Renderer.WPF\ObjectReferenceControl.xaml.cs:Zeile 39.
bei Kistl.GUI.Renderer.WPF.ObjectReferenceControl.Kistl.GUI.IValueControl<Kistl.API.IDataObject>.set_Value(IDataObject value) in E:\Projekte\Kistl\Kistl.Client.WPF\Renderer.WPF\ObjectReferenceControl.xaml.cs:Zeile 134.
bei Kistl.GUI.DefaultPresenter`3.InitializeComponent() in E:\Projekte\Kistl\Kistl.Client\GUI\Presenter.cs:Zeile 175.
bei Kistl.GUI.ObjectReferencePresenter.InitializeComponent() in E:\Projekte\Kistl\Kistl.Client\GUI\Presenter.cs:Zeile 322.
bei Kistl.GUI.Presenter`1.InitializeComponent(IDataObject obj, Visual v, CONTROL ctrl) in E:\Projekte\Kistl\Kistl.Client\GUI\Presenter.cs:Zeile 53.
bei Kistl.GUI.Presenter`1.Kistl.GUI.IPresenter.InitializeComponent(IDataObject obj, Visual v, IBasicControl ctrl) in E:\Projekte\Kistl\Kistl.Client\GUI\Presenter.cs:Zeile 77.
bei Kistl.GUI.DB.KistlGUIContext.CreatePresenter(PresenterInfo info, IDataObject obj, Visual v, IBasicControl ctrl) in E:\Projekte\Kistl\Kistl.Client\GUI.DB\KistlGUIContext.cs:Zeile 60.
bei Kistl.GUI.Mocks.PresenterHarness`3.SetUp() in E:\Projekte\Kistl\Tests\Kistl.Client.Tests\Mocks\PresenterHarness.cs:Zeile 31.
bei Kistl.GUI.Tests.ObjectReferencePresenterInfrastructure`1.SetUp() in E:\Projekte\Kistl\Tests\Kistl.Client.Tests\GUI\ObjectReferencePresenterTests.cs:Zeile 80.
]]></stack-trace>
                                </failure>
                              </test-case>
                              <test-case name="Kistl.GUI.Integration.WPF.ObjectReferenceControlIntegrationTests.HandleProgrammaticChange" executed="True" success="False" time="0.006" asserts="0">
                                <failure>
                                  <message><![CDATA[System.ArgumentOutOfRangeException : Der Index lag außerhalb des Bereichs. Er muss nicht negativ und kleiner als die Auflistung sein.
Parametername: index]]></message>
                                  <stack-trace><![CDATA[bei System.ThrowHelper.ThrowArgumentOutOfRangeException(ExceptionArgument argument, ExceptionResource resource)
bei System.ThrowHelper.ThrowArgumentOutOfRangeException()
bei System.Collections.Generic.List`1.get_Item(Int32 index)
bei Kistl.GUI.Renderer.WPF.ObjectReferenceControl.set_ValueIndex(Int32 value) in E:\Projekte\Kistl\Kistl.Client.WPF\Renderer.WPF\ObjectReferenceControl.xaml.cs:Zeile 155.
bei Kistl.GUI.Renderer.WPF.ObjectReferenceControl.cbValues_SelectionChanged(Object sender, SelectionChangedEventArgs e) in E:\Projekte\Kistl\Kistl.Client.WPF\Renderer.WPF\ObjectReferenceControl.xaml.cs:Zeile 182.
bei System.Windows.Controls.SelectionChangedEventArgs.InvokeEventHandler(Delegate genericHandler, Object genericTarget)
bei System.Windows.RoutedEventArgs.InvokeHandler(Delegate handler, Object target)
bei System.Windows.RoutedEventHandlerInfo.InvokeHandler(Object target, RoutedEventArgs routedEventArgs)
bei System.Windows.EventRoute.InvokeHandlersImpl(Object source, RoutedEventArgs args, Boolean reRaised)
bei System.Windows.UIElement.RaiseEventImpl(RoutedEventArgs args)
bei System.Windows.UIElement.RaiseEvent(RoutedEventArgs e)
bei System.Windows.Controls.ComboBox.OnSelectionChanged(SelectionChangedEventArgs e)
bei System.Windows.Controls.Primitives.Selector.SelectionChanger.End()
bei System.Windows.Controls.Primitives.Selector.SelectionChanger.SelectJustThisItem(Object item, Boolean assumeInItemsCollection)
bei System.Windows.Controls.Primitives.Selector.OnSelectedIndexChanged(DependencyObject d, DependencyPropertyChangedEventArgs e)
bei System.Windows.DependencyObject.OnPropertyChanged(DependencyPropertyChangedEventArgs e)
bei System.Windows.FrameworkElement.OnPropertyChanged(DependencyPropertyChangedEventArgs e)
bei System.Windows.DependencyObject.NotifyPropertyChange(DependencyPropertyChangedEventArgs args)
bei System.Windows.DependencyObject.UpdateEffectiveValue(EntryIndex entryIndex, DependencyProperty dp, PropertyMetadata metadata, EffectiveValueEntry oldEntry, EffectiveValueEntry& newEntry, Boolean coerceWithDeferredReference, OperationType operationType)
bei System.Windows.DependencyObject.SetValueCommon(DependencyProperty dp, Object value, PropertyMetadata metadata, Boolean coerceWithDeferredReference, OperationType operationType, Boolean isInternal)
bei System.Windows.DependencyObject.SetValue(DependencyProperty dp, Object value)
bei System.Windows.Controls.Primitives.Selector.set_SelectedIndex(Int32 value)
bei Kistl.GUI.Renderer.WPF.ObjectReferenceControl.OnUserInput(DependencyPropertyChangedEventArgs e) in E:\Projekte\Kistl\Kistl.Client.WPF\Renderer.WPF\ObjectReferenceControl.xaml.cs:Zeile 169.
bei Kistl.GUI.Renderer.WPF.ObjectReferenceControl.OnPropertyChanged(DependencyPropertyChangedEventArgs e) in E:\Projekte\Kistl\Kistl.Client.WPF\Renderer.WPF\ObjectReferenceControl.xaml.cs:Zeile 163.
bei System.Windows.DependencyObject.NotifyPropertyChange(DependencyPropertyChangedEventArgs args)
bei System.Windows.DependencyObject.UpdateEffectiveValue(EntryIndex entryIndex, DependencyProperty dp, PropertyMetadata metadata, EffectiveValueEntry oldEntry, EffectiveValueEntry& newEntry, Boolean coerceWithDeferredReference, OperationType operationType)
bei System.Windows.DependencyObject.SetValueCommon(DependencyProperty dp, Object value, PropertyMetadata metadata, Boolean coerceWithDeferredReference, OperationType operationType, Boolean isInternal)
bei System.Windows.DependencyObject.SetValue(DependencyProperty dp, Object value)
bei Kistl.GUI.Renderer.WPF.ObjectReferenceControl.SetValueNoUserInput(DependencyProperty dp, Object value) in E:\Projekte\Kistl\Kistl.Client.WPF\Renderer.WPF\ObjectReferenceControl.xaml.cs:Zeile 39.
bei Kistl.GUI.Renderer.WPF.ObjectReferenceControl.Kistl.GUI.IValueControl<Kistl.API.IDataObject>.set_Value(IDataObject value) in E:\Projekte\Kistl\Kistl.Client.WPF\Renderer.WPF\ObjectReferenceControl.xaml.cs:Zeile 134.
bei Kistl.GUI.DefaultPresenter`3.InitializeComponent() in E:\Projekte\Kistl\Kistl.Client\GUI\Presenter.cs:Zeile 175.
bei Kistl.GUI.ObjectReferencePresenter.InitializeComponent() in E:\Projekte\Kistl\Kistl.Client\GUI\Presenter.cs:Zeile 322.
bei Kistl.GUI.Presenter`1.InitializeComponent(IDataObject obj, Visual v, CONTROL ctrl) in E:\Projekte\Kistl\Kistl.Client\GUI\Presenter.cs:Zeile 53.
bei Kistl.GUI.Presenter`1.Kistl.GUI.IPresenter.InitializeComponent(IDataObject obj, Visual v, IBasicControl ctrl) in E:\Projekte\Kistl\Kistl.Client\GUI\Presenter.cs:Zeile 77.
bei Kistl.GUI.DB.KistlGUIContext.CreatePresenter(PresenterInfo info, IDataObject obj, Visual v, IBasicControl ctrl) in E:\Projekte\Kistl\Kistl.Client\GUI.DB\KistlGUIContext.cs:Zeile 60.
bei Kistl.GUI.Mocks.PresenterHarness`3.SetUp() in E:\Projekte\Kistl\Tests\Kistl.Client.Tests\Mocks\PresenterHarness.cs:Zeile 31.
bei Kistl.GUI.Tests.ObjectReferencePresenterInfrastructure`1.SetUp() in E:\Projekte\Kistl\Tests\Kistl.Client.Tests\GUI\ObjectReferencePresenterTests.cs:Zeile 80.
]]></stack-trace>
                                </failure>
                              </test-case>
                              <test-case name="Kistl.GUI.Integration.WPF.ObjectReferenceControlIntegrationTests.HandleValidUserInput" executed="True" success="False" time="0.015" asserts="0">
                                <failure>
                                  <message><![CDATA[System.ArgumentOutOfRangeException : Der Index lag außerhalb des Bereichs. Er muss nicht negativ und kleiner als die Auflistung sein.
Parametername: index]]></message>
                                  <stack-trace><![CDATA[bei System.ThrowHelper.ThrowArgumentOutOfRangeException(ExceptionArgument argument, ExceptionResource resource)
bei System.ThrowHelper.ThrowArgumentOutOfRangeException()
bei System.Collections.Generic.List`1.get_Item(Int32 index)
bei Kistl.GUI.Renderer.WPF.ObjectReferenceControl.set_ValueIndex(Int32 value) in E:\Projekte\Kistl\Kistl.Client.WPF\Renderer.WPF\ObjectReferenceControl.xaml.cs:Zeile 155.
bei Kistl.GUI.Renderer.WPF.ObjectReferenceControl.cbValues_SelectionChanged(Object sender, SelectionChangedEventArgs e) in E:\Projekte\Kistl\Kistl.Client.WPF\Renderer.WPF\ObjectReferenceControl.xaml.cs:Zeile 182.
bei System.Windows.Controls.SelectionChangedEventArgs.InvokeEventHandler(Delegate genericHandler, Object genericTarget)
bei System.Windows.RoutedEventArgs.InvokeHandler(Delegate handler, Object target)
bei System.Windows.RoutedEventHandlerInfo.InvokeHandler(Object target, RoutedEventArgs routedEventArgs)
bei System.Windows.EventRoute.InvokeHandlersImpl(Object source, RoutedEventArgs args, Boolean reRaised)
bei System.Windows.UIElement.RaiseEventImpl(RoutedEventArgs args)
bei System.Windows.UIElement.RaiseEvent(RoutedEventArgs e)
bei System.Windows.Controls.ComboBox.OnSelectionChanged(SelectionChangedEventArgs e)
bei System.Windows.Controls.Primitives.Selector.SelectionChanger.End()
bei System.Windows.Controls.Primitives.Selector.SelectionChanger.SelectJustThisItem(Object item, Boolean assumeInItemsCollection)
bei System.Windows.Controls.Primitives.Selector.OnSelectedIndexChanged(DependencyObject d, DependencyPropertyChangedEventArgs e)
bei System.Windows.DependencyObject.OnPropertyChanged(DependencyPropertyChangedEventArgs e)
bei System.Windows.FrameworkElement.OnPropertyChanged(DependencyPropertyChangedEventArgs e)
bei System.Windows.DependencyObject.NotifyPropertyChange(DependencyPropertyChangedEventArgs args)
bei System.Windows.DependencyObject.UpdateEffectiveValue(EntryIndex entryIndex, DependencyProperty dp, PropertyMetadata metadata, EffectiveValueEntry oldEntry, EffectiveValueEntry& newEntry, Boolean coerceWithDeferredReference, OperationType operationType)
bei System.Windows.DependencyObject.SetValueCommon(DependencyProperty dp, Object value, PropertyMetadata metadata, Boolean coerceWithDeferredReference, OperationType operationType, Boolean isInternal)
bei System.Windows.DependencyObject.SetValue(DependencyProperty dp, Object value)
bei System.Windows.Controls.Primitives.Selector.set_SelectedIndex(Int32 value)
bei Kistl.GUI.Renderer.WPF.ObjectReferenceControl.OnUserInput(DependencyPropertyChangedEventArgs e) in E:\Projekte\Kistl\Kistl.Client.WPF\Renderer.WPF\ObjectReferenceControl.xaml.cs:Zeile 169.
bei Kistl.GUI.Renderer.WPF.ObjectReferenceControl.OnPropertyChanged(DependencyPropertyChangedEventArgs e) in E:\Projekte\Kistl\Kistl.Client.WPF\Renderer.WPF\ObjectReferenceControl.xaml.cs:Zeile 163.
bei System.Windows.DependencyObject.NotifyPropertyChange(DependencyPropertyChangedEventArgs args)
bei System.Windows.DependencyObject.UpdateEffectiveValue(EntryIndex entryIndex, DependencyProperty dp, PropertyMetadata metadata, EffectiveValueEntry oldEntry, EffectiveValueEntry& newEntry, Boolean coerceWithDeferredReference, OperationType operationType)
bei System.Windows.DependencyObject.SetValueCommon(DependencyProperty dp, Object value, PropertyMetadata metadata, Boolean coerceWithDeferredReference, OperationType operationType, Boolean isInternal)
bei System.Windows.DependencyObject.SetValue(DependencyProperty dp, Object value)
bei Kistl.GUI.Renderer.WPF.ObjectReferenceControl.SetValueNoUserInput(DependencyProperty dp, Object value) in E:\Projekte\Kistl\Kistl.Client.WPF\Renderer.WPF\ObjectReferenceControl.xaml.cs:Zeile 39.
bei Kistl.GUI.Renderer.WPF.ObjectReferenceControl.Kistl.GUI.IValueControl<Kistl.API.IDataObject>.set_Value(IDataObject value) in E:\Projekte\Kistl\Kistl.Client.WPF\Renderer.WPF\ObjectReferenceControl.xaml.cs:Zeile 134.
bei Kistl.GUI.DefaultPresenter`3.InitializeComponent() in E:\Projekte\Kistl\Kistl.Client\GUI\Presenter.cs:Zeile 175.
bei Kistl.GUI.ObjectReferencePresenter.InitializeComponent() in E:\Projekte\Kistl\Kistl.Client\GUI\Presenter.cs:Zeile 322.
bei Kistl.GUI.Presenter`1.InitializeComponent(IDataObject obj, Visual v, CONTROL ctrl) in E:\Projekte\Kistl\Kistl.Client\GUI\Presenter.cs:Zeile 53.
bei Kistl.GUI.Presenter`1.Kistl.GUI.IPresenter.InitializeComponent(IDataObject obj, Visual v, IBasicControl ctrl) in E:\Projekte\Kistl\Kistl.Client\GUI\Presenter.cs:Zeile 77.
bei Kistl.GUI.DB.KistlGUIContext.CreatePresenter(PresenterInfo info, IDataObject obj, Visual v, IBasicControl ctrl) in E:\Projekte\Kistl\Kistl.Client\GUI.DB\KistlGUIContext.cs:Zeile 60.
bei Kistl.GUI.Mocks.PresenterHarness`3.SetUp() in E:\Projekte\Kistl\Tests\Kistl.Client.Tests\Mocks\PresenterHarness.cs:Zeile 31.
bei Kistl.GUI.Tests.ObjectReferencePresenterInfrastructure`1.SetUp() in E:\Projekte\Kistl\Tests\Kistl.Client.Tests\GUI\ObjectReferencePresenterTests.cs:Zeile 80.
]]></stack-trace>
                                </failure>
                              </test-case>
                              <test-case name="Kistl.GUI.Integration.WPF.ObjectReferenceControlIntegrationTests.ReInit" executed="True" success="False" time="0.007" asserts="0">
                                <failure>
                                  <message><![CDATA[System.ArgumentOutOfRangeException : Der Index lag außerhalb des Bereichs. Er muss nicht negativ und kleiner als die Auflistung sein.
Parametername: index]]></message>
                                  <stack-trace><![CDATA[bei System.ThrowHelper.ThrowArgumentOutOfRangeException(ExceptionArgument argument, ExceptionResource resource)
bei System.ThrowHelper.ThrowArgumentOutOfRangeException()
bei System.Collections.Generic.List`1.get_Item(Int32 index)
bei Kistl.GUI.Renderer.WPF.ObjectReferenceControl.set_ValueIndex(Int32 value) in E:\Projekte\Kistl\Kistl.Client.WPF\Renderer.WPF\ObjectReferenceControl.xaml.cs:Zeile 155.
bei Kistl.GUI.Renderer.WPF.ObjectReferenceControl.cbValues_SelectionChanged(Object sender, SelectionChangedEventArgs e) in E:\Projekte\Kistl\Kistl.Client.WPF\Renderer.WPF\ObjectReferenceControl.xaml.cs:Zeile 182.
bei System.Windows.Controls.SelectionChangedEventArgs.InvokeEventHandler(Delegate genericHandler, Object genericTarget)
bei System.Windows.RoutedEventArgs.InvokeHandler(Delegate handler, Object target)
bei System.Windows.RoutedEventHandlerInfo.InvokeHandler(Object target, RoutedEventArgs routedEventArgs)
bei System.Windows.EventRoute.InvokeHandlersImpl(Object source, RoutedEventArgs args, Boolean reRaised)
bei System.Windows.UIElement.RaiseEventImpl(RoutedEventArgs args)
bei System.Windows.UIElement.RaiseEvent(RoutedEventArgs e)
bei System.Windows.Controls.ComboBox.OnSelectionChanged(SelectionChangedEventArgs e)
bei System.Windows.Controls.Primitives.Selector.SelectionChanger.End()
bei System.Windows.Controls.Primitives.Selector.SelectionChanger.SelectJustThisItem(Object item, Boolean assumeInItemsCollection)
bei System.Windows.Controls.Primitives.Selector.OnSelectedIndexChanged(DependencyObject d, DependencyPropertyChangedEventArgs e)
bei System.Windows.DependencyObject.OnPropertyChanged(DependencyPropertyChangedEventArgs e)
bei System.Windows.FrameworkElement.OnPropertyChanged(DependencyPropertyChangedEventArgs e)
bei System.Windows.DependencyObject.NotifyPropertyChange(DependencyPropertyChangedEventArgs args)
bei System.Windows.DependencyObject.UpdateEffectiveValue(EntryIndex entryIndex, DependencyProperty dp, PropertyMetadata metadata, EffectiveValueEntry oldEntry, EffectiveValueEntry& newEntry, Boolean coerceWithDeferredReference, OperationType operationType)
bei System.Windows.DependencyObject.SetValueCommon(DependencyProperty dp, Object value, PropertyMetadata metadata, Boolean coerceWithDeferredReference, OperationType operationType, Boolean isInternal)
bei System.Windows.DependencyObject.SetValue(DependencyProperty dp, Object value)
bei System.Windows.Controls.Primitives.Selector.set_SelectedIndex(Int32 value)
bei Kistl.GUI.Renderer.WPF.ObjectReferenceControl.OnUserInput(DependencyPropertyChangedEventArgs e) in E:\Projekte\Kistl\Kistl.Client.WPF\Renderer.WPF\ObjectReferenceControl.xaml.cs:Zeile 169.
bei Kistl.GUI.Renderer.WPF.ObjectReferenceControl.OnPropertyChanged(DependencyPropertyChangedEventArgs e) in E:\Projekte\Kistl\Kistl.Client.WPF\Renderer.WPF\ObjectReferenceControl.xaml.cs:Zeile 163.
bei System.Windows.DependencyObject.NotifyPropertyChange(DependencyPropertyChangedEventArgs args)
bei System.Windows.DependencyObject.UpdateEffectiveValue(EntryIndex entryIndex, DependencyProperty dp, PropertyMetadata metadata, EffectiveValueEntry oldEntry, EffectiveValueEntry& newEntry, Boolean coerceWithDeferredReference, OperationType operationType)
bei System.Windows.DependencyObject.SetValueCommon(DependencyProperty dp, Object value, PropertyMetadata metadata, Boolean coerceWithDeferredReference, OperationType operationType, Boolean isInternal)
bei System.Windows.DependencyObject.SetValue(DependencyProperty dp, Object value)
bei Kistl.GUI.Renderer.WPF.ObjectReferenceControl.SetValueNoUserInput(DependencyProperty dp, Object value) in E:\Projekte\Kistl\Kistl.Client.WPF\Renderer.WPF\ObjectReferenceControl.xaml.cs:Zeile 39.
bei Kistl.GUI.Renderer.WPF.ObjectReferenceControl.Kistl.GUI.IValueControl<Kistl.API.IDataObject>.set_Value(IDataObject value) in E:\Projekte\Kistl\Kistl.Client.WPF\Renderer.WPF\ObjectReferenceControl.xaml.cs:Zeile 134.
bei Kistl.GUI.DefaultPresenter`3.InitializeComponent() in E:\Projekte\Kistl\Kistl.Client\GUI\Presenter.cs:Zeile 175.
bei Kistl.GUI.ObjectReferencePresenter.InitializeComponent() in E:\Projekte\Kistl\Kistl.Client\GUI\Presenter.cs:Zeile 322.
bei Kistl.GUI.Presenter`1.InitializeComponent(IDataObject obj, Visual v, CONTROL ctrl) in E:\Projekte\Kistl\Kistl.Client\GUI\Presenter.cs:Zeile 53.
bei Kistl.GUI.Presenter`1.Kistl.GUI.IPresenter.InitializeComponent(IDataObject obj, Visual v, IBasicControl ctrl) in E:\Projekte\Kistl\Kistl.Client\GUI\Presenter.cs:Zeile 77.
bei Kistl.GUI.DB.KistlGUIContext.CreatePresenter(PresenterInfo info, IDataObject obj, Visual v, IBasicControl ctrl) in E:\Projekte\Kistl\Kistl.Client\GUI.DB\KistlGUIContext.cs:Zeile 60.
bei Kistl.GUI.Mocks.PresenterHarness`3.SetUp() in E:\Projekte\Kistl\Tests\Kistl.Client.Tests\Mocks\PresenterHarness.cs:Zeile 31.
bei Kistl.GUI.Tests.ObjectReferencePresenterInfrastructure`1.SetUp() in E:\Projekte\Kistl\Tests\Kistl.Client.Tests\GUI\ObjectReferencePresenterTests.cs:Zeile 80.
]]></stack-trace>
                                </failure>
                              </test-case>
                              <test-case name="Kistl.GUI.Integration.WPF.ObjectReferenceControlIntegrationTests.TestPresenterSetUpCorrect" executed="True" success="False" time="0.005" asserts="0">
                                <failure>
                                  <message><![CDATA[System.ArgumentOutOfRangeException : Der Index lag außerhalb des Bereichs. Er muss nicht negativ und kleiner als die Auflistung sein.
Parametername: index]]></message>
                                  <stack-trace><![CDATA[bei System.ThrowHelper.ThrowArgumentOutOfRangeException(ExceptionArgument argument, ExceptionResource resource)
bei System.ThrowHelper.ThrowArgumentOutOfRangeException()
bei System.Collections.Generic.List`1.get_Item(Int32 index)
bei Kistl.GUI.Renderer.WPF.ObjectReferenceControl.set_ValueIndex(Int32 value) in E:\Projekte\Kistl\Kistl.Client.WPF\Renderer.WPF\ObjectReferenceControl.xaml.cs:Zeile 155.
bei Kistl.GUI.Renderer.WPF.ObjectReferenceControl.cbValues_SelectionChanged(Object sender, SelectionChangedEventArgs e) in E:\Projekte\Kistl\Kistl.Client.WPF\Renderer.WPF\ObjectReferenceControl.xaml.cs:Zeile 182.
bei System.Windows.Controls.SelectionChangedEventArgs.InvokeEventHandler(Delegate genericHandler, Object genericTarget)
bei System.Windows.RoutedEventArgs.InvokeHandler(Delegate handler, Object target)
bei System.Windows.RoutedEventHandlerInfo.InvokeHandler(Object target, RoutedEventArgs routedEventArgs)
bei System.Windows.EventRoute.InvokeHandlersImpl(Object source, RoutedEventArgs args, Boolean reRaised)
bei System.Windows.UIElement.RaiseEventImpl(RoutedEventArgs args)
bei System.Windows.UIElement.RaiseEvent(RoutedEventArgs e)
bei System.Windows.Controls.ComboBox.OnSelectionChanged(SelectionChangedEventArgs e)
bei System.Windows.Controls.Primitives.Selector.SelectionChanger.End()
bei System.Windows.Controls.Primitives.Selector.SelectionChanger.SelectJustThisItem(Object item, Boolean assumeInItemsCollection)
bei System.Windows.Controls.Primitives.Selector.OnSelectedIndexChanged(DependencyObject d, DependencyPropertyChangedEventArgs e)
bei System.Windows.DependencyObject.OnPropertyChanged(DependencyPropertyChangedEventArgs e)
bei System.Windows.FrameworkElement.OnPropertyChanged(DependencyPropertyChangedEventArgs e)
bei System.Windows.DependencyObject.NotifyPropertyChange(DependencyPropertyChangedEventArgs args)
bei System.Windows.DependencyObject.UpdateEffectiveValue(EntryIndex entryIndex, DependencyProperty dp, PropertyMetadata metadata, EffectiveValueEntry oldEntry, EffectiveValueEntry& newEntry, Boolean coerceWithDeferredReference, OperationType operationType)
bei System.Windows.DependencyObject.SetValueCommon(DependencyProperty dp, Object value, PropertyMetadata metadata, Boolean coerceWithDeferredReference, OperationType operationType, Boolean isInternal)
bei System.Windows.DependencyObject.SetValue(DependencyProperty dp, Object value)
bei System.Windows.Controls.Primitives.Selector.set_SelectedIndex(Int32 value)
bei Kistl.GUI.Renderer.WPF.ObjectReferenceControl.OnUserInput(DependencyPropertyChangedEventArgs e) in E:\Projekte\Kistl\Kistl.Client.WPF\Renderer.WPF\ObjectReferenceControl.xaml.cs:Zeile 169.
bei Kistl.GUI.Renderer.WPF.ObjectReferenceControl.OnPropertyChanged(DependencyPropertyChangedEventArgs e) in E:\Projekte\Kistl\Kistl.Client.WPF\Renderer.WPF\ObjectReferenceControl.xaml.cs:Zeile 163.
bei System.Windows.DependencyObject.NotifyPropertyChange(DependencyPropertyChangedEventArgs args)
bei System.Windows.DependencyObject.UpdateEffectiveValue(EntryIndex entryIndex, DependencyProperty dp, PropertyMetadata metadata, EffectiveValueEntry oldEntry, EffectiveValueEntry& newEntry, Boolean coerceWithDeferredReference, OperationType operationType)
bei System.Windows.DependencyObject.SetValueCommon(DependencyProperty dp, Object value, PropertyMetadata metadata, Boolean coerceWithDeferredReference, OperationType operationType, Boolean isInternal)
bei System.Windows.DependencyObject.SetValue(DependencyProperty dp, Object value)
bei Kistl.GUI.Renderer.WPF.ObjectReferenceControl.SetValueNoUserInput(DependencyProperty dp, Object value) in E:\Projekte\Kistl\Kistl.Client.WPF\Renderer.WPF\ObjectReferenceControl.xaml.cs:Zeile 39.
bei Kistl.GUI.Renderer.WPF.ObjectReferenceControl.Kistl.GUI.IValueControl<Kistl.API.IDataObject>.set_Value(IDataObject value) in E:\Projekte\Kistl\Kistl.Client.WPF\Renderer.WPF\ObjectReferenceControl.xaml.cs:Zeile 134.
bei Kistl.GUI.DefaultPresenter`3.InitializeComponent() in E:\Projekte\Kistl\Kistl.Client\GUI\Presenter.cs:Zeile 175.
bei Kistl.GUI.ObjectReferencePresenter.InitializeComponent() in E:\Projekte\Kistl\Kistl.Client\GUI\Presenter.cs:Zeile 322.
bei Kistl.GUI.Presenter`1.InitializeComponent(IDataObject obj, Visual v, CONTROL ctrl) in E:\Projekte\Kistl\Kistl.Client\GUI\Presenter.cs:Zeile 53.
bei Kistl.GUI.Presenter`1.Kistl.GUI.IPresenter.InitializeComponent(IDataObject obj, Visual v, IBasicControl ctrl) in E:\Projekte\Kistl\Kistl.Client\GUI\Presenter.cs:Zeile 77.
bei Kistl.GUI.DB.KistlGUIContext.CreatePresenter(PresenterInfo info, IDataObject obj, Visual v, IBasicControl ctrl) in E:\Projekte\Kistl\Kistl.Client\GUI.DB\KistlGUIContext.cs:Zeile 60.
bei Kistl.GUI.Mocks.PresenterHarness`3.SetUp() in E:\Projekte\Kistl\Tests\Kistl.Client.Tests\Mocks\PresenterHarness.cs:Zeile 31.
bei Kistl.GUI.Tests.ObjectReferencePresenterInfrastructure`1.SetUp() in E:\Projekte\Kistl\Tests\Kistl.Client.Tests\GUI\ObjectReferencePresenterTests.cs:Zeile 80.
]]></stack-trace>
                                </failure>
                              </test-case>
                            </results>
                          </test-suite>
                        </results>
                      </test-suite>
                    </results>
                  </test-suite>
                  <test-suite name="Renderer" success="True" time="0.728" asserts="0">
                    <results>
                      <test-suite name="WPF" success="True" time="0.721" asserts="0">
                        <results>
                          <test-suite name="Tests" success="True" time="0.720" asserts="0">
                            <results>
                              <test-suite name="BoolControlTests" success="True" time="0.077" asserts="2">
                                <results>
                                  <test-case name="Kistl.GUI.Renderer.WPF.Tests.BoolControlTests.TestDescription" executed="True" success="True" time="0.027" asserts="4" />
                                  <test-case name="Kistl.GUI.Renderer.WPF.Tests.BoolControlTests.TestFieldSize" executed="True" success="True" time="0.016" asserts="10" />
                                  <test-case name="Kistl.GUI.Renderer.WPF.Tests.BoolControlTests.TestIsValidValue" executed="True" success="True" time="0.009" asserts="14" />
                                  <test-case name="Kistl.GUI.Renderer.WPF.Tests.BoolControlTests.TestSetUpCorrect" executed="True" success="True" time="0.003" asserts="5" />
                                  <test-case name="Kistl.GUI.Renderer.WPF.Tests.BoolControlTests.TestShortLabel" executed="True" success="True" time="0.003" asserts="4" />
                                  <test-case name="Kistl.GUI.Renderer.WPF.Tests.BoolControlTests.TestUserInput" executed="True" success="True" time="0.010" asserts="4" />
                                  <test-case name="Kistl.GUI.Renderer.WPF.Tests.BoolControlTests.TestValueProgrammatically" executed="True" success="True" time="0.003" asserts="4" />
                                </results>
                              </test-suite>
                              <test-suite name="DateTimeControlTests" success="True" time="0.204" asserts="2">
                                <results>
                                  <test-case name="Kistl.GUI.Renderer.WPF.Tests.DateTimeControlTests.TestDescription" executed="True" success="True" time="0.175" asserts="4" />
                                  <test-case name="Kistl.GUI.Renderer.WPF.Tests.DateTimeControlTests.TestFieldSize" executed="True" success="True" time="0.001" asserts="10" />
                                  <test-case name="Kistl.GUI.Renderer.WPF.Tests.DateTimeControlTests.TestIsValidValue" executed="True" success="True" time="0.002" asserts="14" />
                                  <test-case name="Kistl.GUI.Renderer.WPF.Tests.DateTimeControlTests.TestSetUpCorrect" executed="True" success="True" time="0.001" asserts="5" />
                                  <test-case name="Kistl.GUI.Renderer.WPF.Tests.DateTimeControlTests.TestShortLabel" executed="True" success="True" time="0.001" asserts="4" />
                                  <test-case name="Kistl.GUI.Renderer.WPF.Tests.DateTimeControlTests.TestUserInput" executed="True" success="True" time="0.013" asserts="14" />
                                  <test-case name="Kistl.GUI.Renderer.WPF.Tests.DateTimeControlTests.TestValueProgrammatically" executed="True" success="True" time="0.003" asserts="14" />
                                </results>
                              </test-suite>
                              <test-suite name="DoubleControlTests" success="True" time="0.345" asserts="2">
                                <results>
                                  <test-case name="Kistl.GUI.Renderer.WPF.Tests.DoubleControlTests.TestDescription" executed="True" success="True" time="0.239" asserts="4" />
                                  <test-case name="Kistl.GUI.Renderer.WPF.Tests.DoubleControlTests.TestFieldSize" executed="True" success="True" time="0.002" asserts="10" />
                                  <test-case name="Kistl.GUI.Renderer.WPF.Tests.DoubleControlTests.TestIsValidValue" executed="True" success="True" time="0.002" asserts="14" />
                                  <test-case name="Kistl.GUI.Renderer.WPF.Tests.DoubleControlTests.TestSetUpCorrect" executed="True" success="True" time="0.001" asserts="5" />
                                  <test-case name="Kistl.GUI.Renderer.WPF.Tests.DoubleControlTests.TestShortLabel" executed="True" success="True" time="0.001" asserts="4" />
                                  <test-case name="Kistl.GUI.Renderer.WPF.Tests.DoubleControlTests.TestUserInput" executed="True" success="True" time="0.090" asserts="32" />
                                  <test-case name="Kistl.GUI.Renderer.WPF.Tests.DoubleControlTests.TestValueProgrammatically" executed="True" success="True" time="0.004" asserts="32" />
                                </results>
                              </test-suite>
                              <test-suite name="IntControlTests" success="True" time="0.029" asserts="2">
                                <results>
                                  <test-case name="Kistl.GUI.Renderer.WPF.Tests.IntControlTests.TestDescription" executed="True" success="True" time="0.003" asserts="4" />
                                  <test-case name="Kistl.GUI.Renderer.WPF.Tests.IntControlTests.TestFieldSize" executed="True" success="True" time="0.001" asserts="10" />
                                  <test-case name="Kistl.GUI.Renderer.WPF.Tests.IntControlTests.TestIsValidValue" executed="True" success="True" time="0.002" asserts="14" />
                                  <test-case name="Kistl.GUI.Renderer.WPF.Tests.IntControlTests.TestSetUpCorrect" executed="True" success="True" time="0.001" asserts="5" />
                                  <test-case name="Kistl.GUI.Renderer.WPF.Tests.IntControlTests.TestShortLabel" executed="True" success="True" time="0.001" asserts="4" />
                                  <test-case name="Kistl.GUI.Renderer.WPF.Tests.IntControlTests.TestUserInput" executed="True" success="True" time="0.011" asserts="34" />
                                  <test-case name="Kistl.GUI.Renderer.WPF.Tests.IntControlTests.TestValueProgrammatically" executed="True" success="True" time="0.003" asserts="34" />
                                </results>
                              </test-suite>
                              <test-suite name="ObjectReferenceControlTests" success="True" time="0.036" asserts="2">
                                <results>
                                  <test-case name="Kistl.GUI.Renderer.WPF.Tests.ObjectReferenceControlTests.TestCombobox" executed="True" success="True" time="0.006" asserts="10" />
                                  <test-case name="Kistl.GUI.Renderer.WPF.Tests.ObjectReferenceControlTests.TestDescription" executed="True" success="True" time="0.002" asserts="4" />
                                  <test-case name="Kistl.GUI.Renderer.WPF.Tests.ObjectReferenceControlTests.TestFieldSize" executed="True" success="True" time="0.002" asserts="10" />
                                  <test-case name="Kistl.GUI.Renderer.WPF.Tests.ObjectReferenceControlTests.TestIsValidValue" executed="True" success="True" time="0.003" asserts="14" />
                                  <test-case name="Kistl.GUI.Renderer.WPF.Tests.ObjectReferenceControlTests.TestSetUpCorrect" executed="True" success="True" time="0.001" asserts="5" />
                                  <test-case name="Kistl.GUI.Renderer.WPF.Tests.ObjectReferenceControlTests.TestShortLabel" executed="True" success="True" time="0.001" asserts="4" />
                                  <test-case name="Kistl.GUI.Renderer.WPF.Tests.ObjectReferenceControlTests.TestValueProgrammatically" executed="True" success="True" time="0.003" asserts="6" />
                                </results>
                              </test-suite>
                              <test-suite name="StringControlTests" success="True" time="0.016" asserts="2">
                                <results>
                                  <test-case name="Kistl.GUI.Renderer.WPF.Tests.StringControlTests.TestDescription" executed="True" success="True" time="0.003" asserts="4" />
                                  <test-case name="Kistl.GUI.Renderer.WPF.Tests.StringControlTests.TestFieldSize" executed="True" success="True" time="0.001" asserts="10" />
                                  <test-case name="Kistl.GUI.Renderer.WPF.Tests.StringControlTests.TestIsValidValue" executed="True" success="True" time="0.001" asserts="14" />
                                  <test-case name="Kistl.GUI.Renderer.WPF.Tests.StringControlTests.TestSetUpCorrect" executed="True" success="True" time="0.001" asserts="5" />
                                  <test-case name="Kistl.GUI.Renderer.WPF.Tests.StringControlTests.TestShortLabel" executed="True" success="True" time="0.001" asserts="4" />
                                  <test-case name="Kistl.GUI.Renderer.WPF.Tests.StringControlTests.TestUserInput" executed="True" success="True" time="0.003" asserts="32" />
                                  <test-case name="Kistl.GUI.Renderer.WPF.Tests.StringControlTests.TestValueProgrammatically" executed="True" success="True" time="0.002" asserts="32" />
                                </results>
                              </test-suite>
                            </results>
                          </test-suite>
                        </results>
                      </test-suite>
                    </results>
                  </test-suite>
                  <test-suite name="Tests" success="True" time="0.196" asserts="0">
                    <results>
                      <test-suite name="BoolPresenterTests" success="True" time="0.036" asserts="2">
                        <results>
                          <test-case name="Kistl.GUI.Tests.BoolPresenterTests.HandleInvalidUserInput" executed="True" success="True" time="0.014" asserts="6" />
                          <test-case name="Kistl.GUI.Tests.BoolPresenterTests.HandleNoUserInput" executed="True" success="True" time="0.003" asserts="3" />
                          <test-case name="Kistl.GUI.Tests.BoolPresenterTests.HandleNullUserInput" executed="True" success="True" time="0.001" asserts="5" />
                          <test-case name="Kistl.GUI.Tests.BoolPresenterTests.HandleProgrammaticChange" executed="True" success="True" time="0.002" asserts="10" />
                          <test-case name="Kistl.GUI.Tests.BoolPresenterTests.HandleValidUserInput" executed="True" success="True" time="0.001" asserts="10" />
                          <test-case name="Kistl.GUI.Tests.BoolPresenterTests.ReInit" executed="True" success="True" time="0.006" asserts="0" />
                          <test-case name="Kistl.GUI.Tests.BoolPresenterTests.TestPresenterSetUpCorrect" executed="True" success="True" time="0.002" asserts="11" />
                        </results>
                      </test-suite>
                      <test-suite name="DateTimePresenterTests" success="True" time="0.022" asserts="2">
                        <results>
                          <test-case name="Kistl.GUI.Tests.DateTimePresenterTests.HandleInvalidUserInput" executed="True" success="True" time="0.008" asserts="6" />
                          <test-case name="Kistl.GUI.Tests.DateTimePresenterTests.HandleNoUserInput" executed="True" success="True" time="0.002" asserts="3" />
                          <test-case name="Kistl.GUI.Tests.DateTimePresenterTests.HandleNullUserInput" executed="True" success="True" time="0.001" asserts="5" />
                          <test-case name="Kistl.GUI.Tests.DateTimePresenterTests.HandleProgrammaticChange" executed="True" success="True" time="0.001" asserts="30" />
                          <test-case name="Kistl.GUI.Tests.DateTimePresenterTests.HandleValidUserInput" executed="True" success="True" time="0.001" asserts="30" />
                          <test-case name="Kistl.GUI.Tests.DateTimePresenterTests.ReInit" executed="True" success="True" time="0.004" asserts="0" />
                          <test-case name="Kistl.GUI.Tests.DateTimePresenterTests.TestPresenterSetUpCorrect" executed="True" success="True" time="0.001" asserts="11" />
                        </results>
                      </test-suite>
                      <test-suite name="DoublePresenterTests" success="True" time="0.023" asserts="2">
                        <results>
                          <test-case name="Kistl.GUI.Tests.DoublePresenterTests.HandleInvalidUserInput" executed="True" success="True" time="0.008" asserts="6" />
                          <test-case name="Kistl.GUI.Tests.DoublePresenterTests.HandleNoUserInput" executed="True" success="True" time="0.002" asserts="3" />
                          <test-case name="Kistl.GUI.Tests.DoublePresenterTests.HandleNullUserInput" executed="True" success="True" time="0.000" asserts="5" />
                          <test-case name="Kistl.GUI.Tests.DoublePresenterTests.HandleProgrammaticChange" executed="True" success="True" time="0.001" asserts="66" />
                          <test-case name="Kistl.GUI.Tests.DoublePresenterTests.HandleValidUserInput" executed="True" success="True" time="0.001" asserts="66" />
                          <test-case name="Kistl.GUI.Tests.DoublePresenterTests.ReInit" executed="True" success="True" time="0.004" asserts="0" />
                          <test-case name="Kistl.GUI.Tests.DoublePresenterTests.TestPresenterSetUpCorrect" executed="True" success="True" time="0.000" asserts="11" />
                        </results>
                      </test-suite>
                      <test-suite name="GuiDbTests" success="True" time="0.036" asserts="2">
                        <results>
                          <test-case name="Kistl.GUI.Tests.GuiDbTests.CreatePresenterFailNoInfo" executed="True" success="True" time="0.005" asserts="0" />
                          <test-case name="Kistl.GUI.Tests.GuiDbTests.CreatePresenterFailNoObject" executed="True" success="True" time="0.004" asserts="0" />
                          <test-case name="Kistl.GUI.Tests.GuiDbTests.CreatePresenterFailNoVisual" executed="True" success="True" time="0.004" asserts="0" />
                          <test-case name="Kistl.GUI.Tests.GuiDbTests.CreatePresenterFailNoWidget" executed="True" success="True" time="0.004" asserts="0" />
                          <test-case name="Kistl.GUI.Tests.GuiDbTests.ReInit" executed="True" success="True" time="0.015" asserts="0" />
                          <test-case name="Kistl.GUI.Tests.GuiDbTests.TestPresenterSetUpCorrect" executed="True" success="True" time="0.001" asserts="11" />
                        </results>
                      </test-suite>
                      <test-suite name="IntPresenterTests" success="True" time="0.023" asserts="2">
                        <results>
                          <test-case name="Kistl.GUI.Tests.IntPresenterTests.HandleInvalidUserInput" executed="True" success="True" time="0.007" asserts="6" />
                          <test-case name="Kistl.GUI.Tests.IntPresenterTests.HandleNoUserInput" executed="True" success="True" time="0.001" asserts="3" />
                          <test-case name="Kistl.GUI.Tests.IntPresenterTests.HandleNullUserInput" executed="True" success="True" time="0.001" asserts="5" />
                          <test-case name="Kistl.GUI.Tests.IntPresenterTests.HandleProgrammaticChange" executed="True" success="True" time="0.001" asserts="70" />
                          <test-case name="Kistl.GUI.Tests.IntPresenterTests.HandleValidUserInput" executed="True" success="True" time="0.001" asserts="70" />
                          <test-case name="Kistl.GUI.Tests.IntPresenterTests.ReInit" executed="True" success="True" time="0.004" asserts="0" />
                          <test-case name="Kistl.GUI.Tests.IntPresenterTests.TestPresenterSetUpCorrect" executed="True" success="True" time="0.001" asserts="11" />
                        </results>
                      </test-suite>
                      <test-suite name="ObjectReferencePresenterTests" success="True" time="0.026" asserts="2">
                        <results>
                          <test-case name="Kistl.GUI.Tests.ObjectReferencePresenterTests.HandleInvalidUserInput" executed="True" success="True" time="0.009" asserts="12" />
                          <test-case name="Kistl.GUI.Tests.ObjectReferencePresenterTests.HandleNoUserInput" executed="True" success="True" time="0.002" asserts="7" />
                          <test-case name="Kistl.GUI.Tests.ObjectReferencePresenterTests.HandleNullUserInput" executed="True" success="True" time="0.001" asserts="11" />
                          <test-case name="Kistl.GUI.Tests.ObjectReferencePresenterTests.HandleProgrammaticChange" executed="True" success="True" time="0.002" asserts="26" />
                          <test-case name="Kistl.GUI.Tests.ObjectReferencePresenterTests.HandleValidUserInput" executed="True" success="True" time="0.002" asserts="26" />
                          <test-case name="Kistl.GUI.Tests.ObjectReferencePresenterTests.ReInit" executed="True" success="True" time="0.004" asserts="0" />
                          <test-case name="Kistl.GUI.Tests.ObjectReferencePresenterTests.TestPresenterSetUpCorrect" executed="True" success="True" time="0.000" asserts="11" />
                        </results>
                      </test-suite>
                      <test-suite name="StringPresenterTests" success="True" time="0.015" asserts="2">
                        <results>
                          <test-case name="Kistl.GUI.Tests.StringPresenterTests.HandleInvalidUserInput" executed="True" success="True" time="0.002" asserts="6" />
                          <test-case name="Kistl.GUI.Tests.StringPresenterTests.HandleNoUserInput" executed="True" success="True" time="0.001" asserts="4" />
                          <test-case name="Kistl.GUI.Tests.StringPresenterTests.HandleNullUserInput" executed="True" success="True" time="0.000" asserts="5" />
                          <test-case name="Kistl.GUI.Tests.StringPresenterTests.HandleProgrammaticChange" executed="True" success="True" time="0.001" asserts="66" />
                          <test-case name="Kistl.GUI.Tests.StringPresenterTests.HandleValidUserInput" executed="True" success="True" time="0.000" asserts="66" />
                          <test-case name="Kistl.GUI.Tests.StringPresenterTests.ReInit" executed="True" success="True" time="0.003" asserts="0" />
                          <test-case name="Kistl.GUI.Tests.StringPresenterTests.TestPresenterSetUpCorrect" executed="True" success="True" time="0.001" asserts="11" />
                        </results>
                      </test-suite>
                    </results>
                  </test-suite>
                </results>
              </test-suite>
            </results>
          </test-suite>
        </results>
      </test-suite>
      <test-suite name="E:\Projekte\Kistl\Tests\CompleteTests\bin\Debug\Kistl.IntegrationTests.exe" success="False" time="1.550" asserts="0">
        <results>
          <test-suite name="Kistl" success="False" time="1.542" asserts="0">
            <results>
              <test-suite name="IntegrationTests" success="False" time="1.527" asserts="0">
                <failure>
                  <message><![CDATA[System.IO.FileNotFoundException : Die Datei oder Assembly Kistl.Server oder eine Abhängigkeit davon wurde nicht gefunden. Das System kann die angegebene Datei nicht finden.]]></message>
                  <stack-trace><![CDATA[bei System.Reflection.Assembly._nLoad(AssemblyName fileName, String codeBase, Evidence assemblySecurity, Assembly locationHint, StackCrawlMark& stackMark, Boolean throwOnFileNotFound, Boolean forIntrospection)
bei System.Reflection.Assembly.nLoad(AssemblyName fileName, String codeBase, Evidence assemblySecurity, Assembly locationHint, StackCrawlMark& stackMark, Boolean throwOnFileNotFound, Boolean forIntrospection)
bei System.Reflection.Assembly.InternalLoad(AssemblyName assemblyRef, Evidence assemblySecurity, StackCrawlMark& stackMark, Boolean forIntrospection)
bei System.Reflection.Assembly.InternalLoad(String assemblyString, Evidence assemblySecurity, StackCrawlMark& stackMark, Boolean forIntrospection)
bei System.Activator.CreateInstance(String assemblyName, String typeName, Boolean ignoreCase, BindingFlags bindingAttr, Binder binder, Object[] args, CultureInfo culture, Object[] activationAttributes, Evidence securityInfo, StackCrawlMark& stackMark)
bei System.Activator.CreateInstance(String assemblyName, String typeName)
bei System.AppDomain.CreateInstance(String assemblyName, String typeName)
bei System.AppDomain.CreateInstanceAndUnwrap(String assemblyName, String typeName)
bei System.AppDomain.CreateInstanceAndUnwrap(String assemblyName, String typeName)
bei Kistl.Client.Client.Start() in E:\Projekte\Kistl\Kistl.Client\Client.cs:Zeile 50.
bei Kistl.IntegrationTests.SetUp.Init() in E:\Projekte\Kistl\Tests\Kistl.IntegrationTests\SetUp.cs:Zeile 26.
]]></stack-trace>
                </failure>
                <results>
                  <test-case name="Kistl.IntegrationTests.GeneratorTests.Generate" executed="True" success="False" time="0.000" asserts="0">
                    <failure>
                      <message><![CDATA[TestFixtureSetUp failed in SetUp]]></message>
                      <stack-trace />
                    </failure>
                  </test-case>
                  <test-suite name="Kistl.IntegrationTests.GeneratorTests" success="False" time="0.000" asserts="0">
                    <results />
                  </test-suite>
                  <test-case name="Kistl.IntegrationTests.GetListTests.GetList" executed="True" success="False" time="0.000" asserts="0">
                    <failure>
                      <message><![CDATA[TestFixtureSetUp failed in SetUp]]></message>
                      <stack-trace />
                    </failure>
                  </test-case>
                  <test-case name="Kistl.IntegrationTests.GetListTests.GetList_GetObject" executed="True" success="False" time="0.000" asserts="0">
                    <failure>
                      <message><![CDATA[TestFixtureSetUp failed in SetUp]]></message>
                      <stack-trace />
                    </failure>
                  </test-case>
                  <test-case name="Kistl.IntegrationTests.GetListTests.GetList_Twice" executed="True" success="False" time="0.000" asserts="0">
                    <failure>
                      <message><![CDATA[TestFixtureSetUp failed in SetUp]]></message>
                      <stack-trace />
                    </failure>
                  </test-case>
                  <test-case name="Kistl.IntegrationTests.GetListTests.GetListWithOrderBy" executed="True" success="False" time="0.000" asserts="0">
                    <failure>
                      <message><![CDATA[TestFixtureSetUp failed in SetUp]]></message>
                      <stack-trace />
                    </failure>
                  </test-case>
                  <test-case name="Kistl.IntegrationTests.GetListTests.GetListWithParameterIllegal" executed="True" success="False" time="0.000" asserts="0">
                    <failure>
                      <message><![CDATA[TestFixtureSetUp failed in SetUp]]></message>
                      <stack-trace />
                    </failure>
                  </test-case>
                  <test-case name="Kistl.IntegrationTests.GetListTests.GetListWithParameterLegal" executed="True" success="False" time="0.000" asserts="0">
                    <failure>
                      <message><![CDATA[TestFixtureSetUp failed in SetUp]]></message>
                      <stack-trace />
                    </failure>
                  </test-case>
                  <test-case name="Kistl.IntegrationTests.GetListTests.GetListWithTop10" executed="True" success="False" time="0.000" asserts="0">
                    <failure>
                      <message><![CDATA[TestFixtureSetUp failed in SetUp]]></message>
                      <stack-trace />
                    </failure>
                  </test-case>
                  <test-case name="Kistl.IntegrationTests.GetListTests.GetObject_GetList" executed="True" success="False" time="0.000" asserts="0">
                    <failure>
                      <message><![CDATA[TestFixtureSetUp failed in SetUp]]></message>
                      <stack-trace />
                    </failure>
                  </test-case>
                  <test-suite name="Kistl.IntegrationTests.GetListTests" success="False" time="0.000" asserts="0">
                    <results />
                  </test-suite>
                  <test-case name="Kistl.IntegrationTests.InheritanceTests.GetListOfInheritedObjects" executed="True" success="False" time="0.000" asserts="0">
                    <failure>
                      <message><![CDATA[TestFixtureSetUp failed in SetUp]]></message>
                      <stack-trace />
                    </failure>
                  </test-case>
                  <test-case name="Kistl.IntegrationTests.InheritanceTests.UpdateInheritedObject" executed="True" success="False" time="0.000" asserts="0">
                    <failure>
                      <message><![CDATA[TestFixtureSetUp failed in SetUp]]></message>
                      <stack-trace />
                    </failure>
                  </test-case>
                  <test-suite name="Kistl.IntegrationTests.InheritanceTests" success="False" time="0.000" asserts="0">
                    <results />
                  </test-suite>
                  <test-case name="Kistl.IntegrationTests.ListPropetiesTests.AddStringListPropertyContent" executed="True" success="False" time="0.000" asserts="0">
                    <failure>
                      <message><![CDATA[TestFixtureSetUp failed in SetUp]]></message>
                      <stack-trace />
                    </failure>
                  </test-case>
                  <test-case name="Kistl.IntegrationTests.ListPropetiesTests.DeleteStringListPropertyContent" executed="True" success="False" time="0.000" asserts="0">
                    <failure>
                      <message><![CDATA[TestFixtureSetUp failed in SetUp]]></message>
                      <stack-trace />
                    </failure>
                  </test-case>
                  <test-case name="Kistl.IntegrationTests.ListPropetiesTests.GetPointerListPropertyContent" executed="True" success="False" time="0.000" asserts="0">
                    <failure>
                      <message><![CDATA[TestFixtureSetUp failed in SetUp]]></message>
                      <stack-trace />
                    </failure>
                  </test-case>
                  <test-case name="Kistl.IntegrationTests.ListPropetiesTests.GetStringListPropertyContent" executed="True" success="False" time="0.000" asserts="0">
                    <failure>
                      <message><![CDATA[TestFixtureSetUp failed in SetUp]]></message>
                      <stack-trace />
                    </failure>
                  </test-case>
                  <test-case name="Kistl.IntegrationTests.ListPropetiesTests.UpdateStringListPropertyContent" executed="True" success="False" time="0.000" asserts="0">
                    <failure>
                      <message><![CDATA[TestFixtureSetUp failed in SetUp]]></message>
                      <stack-trace />
                    </failure>
                  </test-case>
                  <test-suite name="Kistl.IntegrationTests.ListPropetiesTests" success="False" time="0.000" asserts="0">
                    <results />
                  </test-suite>
                  <test-case name="Kistl.IntegrationTests.ObjectTests.GetListOf" executed="True" success="False" time="0.000" asserts="0">
                    <failure>
                      <message><![CDATA[TestFixtureSetUp failed in SetUp]]></message>
                      <stack-trace />
                    </failure>
                  </test-case>
                  <test-case name="Kistl.IntegrationTests.ObjectTests.GetListOf_List" executed="True" success="False" time="0.000" asserts="0">
                    <failure>
                      <message><![CDATA[TestFixtureSetUp failed in SetUp]]></message>
                      <stack-trace />
                    </failure>
                  </test-case>
                  <test-case name="Kistl.IntegrationTests.ObjectTests.GetObject" executed="True" success="False" time="0.000" asserts="0">
                    <failure>
                      <message><![CDATA[TestFixtureSetUp failed in SetUp]]></message>
                      <stack-trace />
                    </failure>
                  </test-case>
                  <test-case name="Kistl.IntegrationTests.ObjectTests.GetObject_Twice" executed="True" success="False" time="0.000" asserts="0">
                    <failure>
                      <message><![CDATA[TestFixtureSetUp failed in SetUp]]></message>
                      <stack-trace />
                    </failure>
                  </test-case>
                  <test-case name="Kistl.IntegrationTests.ObjectTests.NewObject" executed="True" success="False" time="0.000" asserts="0">
                    <failure>
                      <message><![CDATA[TestFixtureSetUp failed in SetUp]]></message>
                      <stack-trace />
                    </failure>
                  </test-case>
                  <test-case name="Kistl.IntegrationTests.ObjectTests.SetObject" executed="True" success="False" time="0.000" asserts="0">
                    <failure>
                      <message><![CDATA[TestFixtureSetUp failed in SetUp]]></message>
                      <stack-trace />
                    </failure>
                  </test-case>
                  <test-suite name="Kistl.IntegrationTests.ObjectTests" success="False" time="0.000" asserts="0">
                    <results />
                  </test-suite>
                </results>
              </test-suite>
            </results>
          </test-suite>
        </results>
      </test-suite>
      <test-suite name="E:\Projekte\Kistl\Tests\CompleteTests\bin\Debug\NMock2.AcceptanceTests.dll" success="True" time="0.305" asserts="0">
        <results>
          <test-suite name="NMock2" success="True" time="0.294" asserts="0">
            <results>
              <test-suite name="AcceptanceTests" success="True" time="0.293" asserts="0">
                <results>
                  <test-suite name="ArgumentMatchingAcceptanceTest" success="True" time="0.029" asserts="0">
                    <results>
                      <test-case name="NMock2.AcceptanceTests.ArgumentMatchingAcceptanceTest.CanMixMatcherAndNonMatcherExpectedArguments" executed="True" success="True" time="0.025" asserts="0" />
                    </results>
                  </test-suite>
                  <test-suite name="ErrorCheckingAcceptanceTest" success="True" time="0.045" asserts="0">
                    <results>
                      <test-case name="NMock2.AcceptanceTests.ErrorCheckingAcceptanceTest.CannotExpectAddToNonexistentEvent" executed="True" success="True" time="0.006" asserts="0" />
                      <test-case name="NMock2.AcceptanceTests.ErrorCheckingAcceptanceTest.CannotExpectAMethodOnAnRealObject" executed="True" success="True" time="0.004" asserts="0" />
                      <test-case name="NMock2.AcceptanceTests.ErrorCheckingAcceptanceTest.CannotExpectAMethodThatDoesNotExistInTheMockedType" executed="True" success="True" time="0.005" asserts="0" />
                      <test-case name="NMock2.AcceptanceTests.ErrorCheckingAcceptanceTest.CannotExpectAMethodWithAnInvalidName" executed="True" success="True" time="0.003" asserts="0" />
                      <test-case name="NMock2.AcceptanceTests.ErrorCheckingAcceptanceTest.CannotExpectGetOfAnInvalidProperty" executed="True" success="True" time="0.004" asserts="0" />
                      <test-case name="NMock2.AcceptanceTests.ErrorCheckingAcceptanceTest.CannotExpectGetOfIndexerIfNoIndexerInMockedType" executed="True" success="True" time="0.004" asserts="0" />
                      <test-case name="NMock2.AcceptanceTests.ErrorCheckingAcceptanceTest.CannotExpectRemoveFromNonexistentEvent" executed="True" success="True" time="0.004" asserts="0" />
                      <test-case name="NMock2.AcceptanceTests.ErrorCheckingAcceptanceTest.CannotExpectSetOfAnInvalidProperty" executed="True" success="True" time="0.004" asserts="0" />
                      <test-case name="NMock2.AcceptanceTests.ErrorCheckingAcceptanceTest.CannotExpectSetOfIndexerIfNoIndexerInMockedType" executed="True" success="True" time="0.004" asserts="0" />
                    </results>
                  </test-suite>
                  <test-suite name="ErrorMessageDemo" success="True" time="0.026" asserts="0">
                    <results>
                      <test-case name="NMock2.AcceptanceTests.ErrorMessageDemo.EventAdd" executed="True" success="True" time="0.008" asserts="0" />
                      <test-case name="NMock2.AcceptanceTests.ErrorMessageDemo.IndexerSet" executed="True" success="True" time="0.005" asserts="0" />
                      <test-case name="NMock2.AcceptanceTests.ErrorMessageDemo.UnexpectedInvocation" executed="True" success="True" time="0.006" asserts="0" />
                      <test-case name="NMock2.AcceptanceTests.ErrorMessageDemo.VerifyFailure" executed="True" success="True" time="0.004" asserts="0" />
                    </results>
                  </test-suite>
                  <test-suite name="EventsAcceptanceTest" success="True" time="0.015" asserts="0">
                    <results>
                      <test-case name="NMock2.AcceptanceTests.EventsAcceptanceTest.CanExpectEventAdd" executed="True" success="True" time="0.002" asserts="0" />
                      <test-case name="NMock2.AcceptanceTests.EventsAcceptanceTest.CanExpectEventRemove" executed="True" success="True" time="0.001" asserts="0" />
                      <test-case name="NMock2.AcceptanceTests.EventsAcceptanceTest.DelegatesCanBeComparedToEquality" executed="True" success="True" time="0.004" asserts="1" />
                      <test-case name="NMock2.AcceptanceTests.EventsAcceptanceTest.EventHandlersCanBeRemovedDuringEventHandling" executed="True" success="True" time="0.002" asserts="0" />
                      <test-case name="NMock2.AcceptanceTests.EventsAcceptanceTest.EventHandlingByMocksRespectsAdditionAndRemovalOfListeners" executed="True" success="True" time="0.002" asserts="3" />
                      <test-case name="NMock2.AcceptanceTests.EventsAcceptanceTest.EventsCanBeRaisedDuringTests" executed="True" success="True" time="0.000" asserts="1" />
                    </results>
                  </test-suite>
                  <test-suite name="Example" success="True" time="0.005" asserts="0">
                    <results>
                      <test-case name="NMock2.AcceptanceTests.Example.KnockKnockJoke" executed="True" success="True" time="0.005" asserts="0" />
                    </results>
                  </test-suite>
                  <test-suite name="ExpectationsAcceptanceTest" success="True" time="0.057" asserts="0">
                    <results>
                      <test-case name="NMock2.AcceptanceTests.ExpectationsAcceptanceTest.ExpectationsCanOverrideStubs" executed="True" success="True" time="0.001" asserts="2" />
                      <test-case name="NMock2.AcceptanceTests.ExpectationsAcceptanceTest.FailsTestIfMethodExpectedAtLeastNTimesButCalledLessThanNTimes" executed="True" success="True" time="0.004" asserts="0" />
                      <test-case name="NMock2.AcceptanceTests.ExpectationsAcceptanceTest.FailsTestIfMethodExpectedAtMostNTimesAndCalledMoreThanNTimes" executed="True" success="True" time="0.004" asserts="0" />
                      <test-case name="NMock2.AcceptanceTests.ExpectationsAcceptanceTest.FailsTestIfMethodExpectedBetweenNAndMTimesAndCalledMoreThanMTimes" executed="True" success="True" time="0.004" asserts="0" />
                      <test-case name="NMock2.AcceptanceTests.ExpectationsAcceptanceTest.FailsTestIfMethodExpectedBetweenNAndMTimesButCalledLessThanNTimes" executed="True" success="True" time="0.004" asserts="0" />
                      <test-case name="NMock2.AcceptanceTests.ExpectationsAcceptanceTest.FailsTestIfMethodExpectedOnceButCalledTwice" executed="True" success="True" time="0.003" asserts="0" />
                      <test-case name="NMock2.AcceptanceTests.ExpectationsAcceptanceTest.FailsTestIfMethodExpectedOnceButNotCalled" executed="True" success="True" time="0.003" asserts="0" />
                      <test-case name="NMock2.AcceptanceTests.ExpectationsAcceptanceTest.FailsTestIfMethodNeverExpectedIsActuallyCalled" executed="True" success="True" time="0.003" asserts="0" />
                      <test-case name="NMock2.AcceptanceTests.ExpectationsAcceptanceTest.FailsTestIfMethodNeverExpectedIsCalled" executed="True" success="True" time="0.004" asserts="0" />
                      <test-case name="NMock2.AcceptanceTests.ExpectationsAcceptanceTest.PassesTestIfMethodExpectedAtLeastNTimesAndCalledMoreThanNTimes" executed="True" success="True" time="0.001" asserts="0" />
                      <test-case name="NMock2.AcceptanceTests.ExpectationsAcceptanceTest.PassesTestIfMethodExpectedAtLeastNTimesAndCalledNTimes" executed="True" success="True" time="0.000" asserts="0" />
                      <test-case name="NMock2.AcceptanceTests.ExpectationsAcceptanceTest.PassesTestIfMethodExpectedAtMostNTimesAndCalledLessThanNTimes" executed="True" success="True" time="0.001" asserts="0" />
                      <test-case name="NMock2.AcceptanceTests.ExpectationsAcceptanceTest.PassesTestIfMethodExpectedAtMostNTimesAndCalledNTimes" executed="True" success="True" time="0.001" asserts="0" />
                      <test-case name="NMock2.AcceptanceTests.ExpectationsAcceptanceTest.PassesTestIfMethodExpectedBetweenNAndMTimesAndCalledBetweenNAndMTimes" executed="True" success="True" time="0.000" asserts="0" />
                      <test-case name="NMock2.AcceptanceTests.ExpectationsAcceptanceTest.PassesTestIfMethodExpectedOnceAndCalled" executed="True" success="True" time="0.001" asserts="0" />
                      <test-case name="NMock2.AcceptanceTests.ExpectationsAcceptanceTest.PassesTestIfMethodNeverExpectedIsNeverCalled" executed="True" success="True" time="0.000" asserts="0" />
                      <test-case name="NMock2.AcceptanceTests.ExpectationsAcceptanceTest.TestShouldFailIfExpectedExactlyNTimesAndCalledLessThanNTimes" executed="True" success="True" time="0.004" asserts="0" />
                      <test-case name="NMock2.AcceptanceTests.ExpectationsAcceptanceTest.TestShouldFailIfExpectedExactlyNTimesAndCalledMoreThanNTimes" executed="True" success="True" time="0.004" asserts="0" />
                      <test-case name="NMock2.AcceptanceTests.ExpectationsAcceptanceTest.TestShouldPassIfExpectedExactlyNTimesAndCalledNTimes" executed="True" success="True" time="0.001" asserts="0" />
                    </results>
                  </test-suite>
                  <test-suite name="IndexersAcceptanceTest" success="True" time="0.007" asserts="0">
                    <results>
                      <test-case name="NMock2.AcceptanceTests.IndexersAcceptanceTest.CanExpectIndexedGetter" executed="True" success="True" time="0.002" asserts="2" />
                      <test-case name="NMock2.AcceptanceTests.IndexersAcceptanceTest.CanExpectIndexedSetter" executed="True" success="True" time="0.000" asserts="0" />
                      <test-case name="NMock2.AcceptanceTests.IndexersAcceptanceTest.ErrorMessagesContainNameOfIndexedGetterNotHiddenMethod" executed="True" success="True" time="0.002" asserts="3" />
                      <test-case name="NMock2.AcceptanceTests.IndexersAcceptanceTest.ErrorMessagesContainNameOfPropertySetterNotHiddenMethod" executed="True" success="True" time="0.001" asserts="3" />
                    </results>
                  </test-suite>
                  <test-suite name="MockeryAcceptanceTest" success="True" time="0.028" asserts="0">
                    <results>
                      <test-case name="NMock2.AcceptanceTests.MockeryAcceptanceTest.CallingVerifyOnMockeryShouldEnableMockeryToBeUsedSuccessfullyForOtherTests" executed="True" success="True" time="0.001" asserts="1" />
                      <test-case name="NMock2.AcceptanceTests.MockeryAcceptanceTest.MockEmptyInterface" executed="True" success="True" time="0.003" asserts="1" />
                      <test-case name="NMock2.AcceptanceTests.MockeryAcceptanceTest.MockGenericInterfaceWithArgs1" executed="True" success="True" time="0.001" asserts="1" />
                      <test-case name="NMock2.AcceptanceTests.MockeryAcceptanceTest.MockGenericInterfaceWithArgs2" executed="True" success="True" time="0.001" asserts="1" />
                      <test-case name="NMock2.AcceptanceTests.MockeryAcceptanceTest.MockGenericInterfaceWithArgs3" executed="True" success="True" time="0.000" asserts="1" />
                      <test-case name="NMock2.AcceptanceTests.MockeryAcceptanceTest.MockGenericInterfaceWithArgs4" executed="True" success="True" time="0.001" asserts="1" />
                      <test-case name="NMock2.AcceptanceTests.MockeryAcceptanceTest.MockGenericInterfaceWithArgs5" executed="True" success="True" time="0.001" asserts="1" />
                      <test-case name="NMock2.AcceptanceTests.MockeryAcceptanceTest.MockGenericInterfaceWithArgs6" executed="True" success="True" time="0.001" asserts="1" />
                      <test-case name="NMock2.AcceptanceTests.MockeryAcceptanceTest.MockMixedInterface" executed="True" success="True" time="0.002" asserts="2" />
                      <test-case name="NMock2.AcceptanceTests.MockeryAcceptanceTest.MockObjectsMayBePlacedIntoServiceContainers" executed="True" success="True" time="0.003" asserts="1" />
                      <test-case name="NMock2.AcceptanceTests.MockeryAcceptanceTest.MockSimpleGenericInterface" executed="True" success="True" time="0.001" asserts="2" />
                      <test-case name="NMock2.AcceptanceTests.MockeryAcceptanceTest.MockSimpleGenericInterfaceWithArgs" executed="True" success="True" time="0.002" asserts="2" />
                      <test-case name="NMock2.AcceptanceTests.MockeryAcceptanceTest.MockSimpleInterface" executed="True" success="True" time="0.001" asserts="1" />
                      <test-case name="NMock2.AcceptanceTests.MockeryAcceptanceTest.MockSimpleInterfaceWithArgs" executed="True" success="True" time="0.001" asserts="1" />
                    </results>
                  </test-suite>
                  <test-suite name="OrderedCallsAcceptanceTest" success="True" time="0.026" asserts="0">
                    <results>
                      <test-case name="NMock2.AcceptanceTests.OrderedCallsAcceptanceTest.AllowsCallsIfCalledInSameOrderAsExpectedWithinAnInOrderBlock" executed="True" success="True" time="0.001" asserts="0" />
                      <test-case name="NMock2.AcceptanceTests.OrderedCallsAcceptanceTest.CallsInOrderedBlocksThatAreNotMatchedFailVerification" executed="True" success="True" time="0.004" asserts="0" />
                      <test-case name="NMock2.AcceptanceTests.OrderedCallsAcceptanceTest.CallsWithinAnInOrderedBlockCanBeExpectedMoreThanOnce" executed="True" success="True" time="0.001" asserts="0" />
                      <test-case name="NMock2.AcceptanceTests.OrderedCallsAcceptanceTest.CanExpectUnorderedCallsWithinAnOrderedSequence" executed="True" success="True" time="0.001" asserts="0" />
                      <test-case name="NMock2.AcceptanceTests.OrderedCallsAcceptanceTest.DoesNotEnforceTheOrderOfCallsByDefault" executed="True" success="True" time="0.001" asserts="0" />
                      <test-case name="NMock2.AcceptanceTests.OrderedCallsAcceptanceTest.EnforcesTheOrderOfCallsWithinAnInOrderBlock" executed="True" success="True" time="0.003" asserts="0" />
                      <test-case name="NMock2.AcceptanceTests.OrderedCallsAcceptanceTest.UnorderedCallsWithinAnInOrderedBlockCannotBeCalledAfterTheEndOfTheUnorderedExpectations" executed="True" success="True" time="0.004" asserts="0" />
                      <test-case name="NMock2.AcceptanceTests.OrderedCallsAcceptanceTest.UnorderedCallsWithinAnInOrderedBlockCannotBeCalledBeforeTheStartOfTheUnorderedExpectations" executed="True" success="True" time="0.004" asserts="0" />
                      <test-case name="NMock2.AcceptanceTests.OrderedCallsAcceptanceTest.UnorderedExpectationsMatchInOrderOfSpecification" executed="True" success="True" time="0.001" asserts="2" />
                    </results>
                  </test-suite>
                  <test-suite name="PropertiesAcceptanceTest" success="True" time="0.007" asserts="0">
                    <results>
                      <test-case name="NMock2.AcceptanceTests.PropertiesAcceptanceTest.CanExpectPropertyGetter" executed="True" success="True" time="0.002" asserts="0" />
                      <test-case name="NMock2.AcceptanceTests.PropertiesAcceptanceTest.CanExpectPropertySetter" executed="True" success="True" time="0.001" asserts="0" />
                      <test-case name="NMock2.AcceptanceTests.PropertiesAcceptanceTest.ErrorMessagesContainNameOfPropertyGetterNotHiddenMethod" executed="True" success="True" time="0.001" asserts="4" />
                      <test-case name="NMock2.AcceptanceTests.PropertiesAcceptanceTest.ErrorMessagesContainNameOfPropertySetterNotHiddenMethod" executed="True" success="True" time="0.001" asserts="4" />
                    </results>
                  </test-suite>
                  <test-suite name="StubAcceptanceTest" success="True" time="0.004" asserts="0">
                    <results>
                      <test-case name="NMock2.AcceptanceTests.StubAcceptanceTest.StubsCanBeCalledAnyNumberOfTimes" executed="True" success="True" time="0.001" asserts="0" />
                      <test-case name="NMock2.AcceptanceTests.StubAcceptanceTest.StubsDoNotHaveToBeCalled" executed="True" success="True" time="0.000" asserts="0" />
                      <test-case name="NMock2.AcceptanceTests.StubAcceptanceTest.StubsMatchArgumentsAndPerformActionsJustLikeAnExpectation" executed="True" success="True" time="0.001" asserts="0" />
                    </results>
                  </test-suite>
                  <test-suite name="UsingBlockAcceptanceTest" success="True" time="0.004" asserts="0">
                    <results>
                      <test-case name="NMock2.AcceptanceTests.UsingBlockAcceptanceTest.AssertsExpectationsAreMetAtEndOfUsingBlock" executed="True" success="True" time="0.004" asserts="0" />
                    </results>
                  </test-suite>
                </results>
              </test-suite>
            </results>
          </test-suite>
        </results>
      </test-suite>
      <test-suite name="E:\Projekte\Kistl\Tests\CompleteTests\bin\Debug\NMock2.Test.dll" success="True" time="0.473" asserts="0">
        <results>
          <test-suite name="NMock2" success="True" time="0.453" asserts="0">
            <results>
              <test-suite name="Internal" success="True" time="0.043" asserts="0">
                <results>
                  <test-suite name="Test" success="True" time="0.043" asserts="0">
                    <results>
                      <test-suite name="BuildableExpectationTest" success="True" time="0.027" asserts="0">
                        <results>
                          <test-case name="NMock2.Internal.Test.BuildableExpectationTest.ChecksCallCountToAssertThatItHasBeenMet" executed="True" success="True" time="0.011" asserts="5" />
                          <test-case name="NMock2.Internal.Test.BuildableExpectationTest.DoesNotMatchIfAnyMatcherDoesNotMatch" executed="True" success="True" time="0.002" asserts="63" />
                          <test-case name="NMock2.Internal.Test.BuildableExpectationTest.HasReadableDescription" executed="True" success="True" time="0.002" asserts="1" />
                          <test-case name="NMock2.Internal.Test.BuildableExpectationTest.InvokesAListOfActionsToPerformAnInvocation" executed="True" success="True" time="0.001" asserts="2" />
                          <test-case name="NMock2.Internal.Test.BuildableExpectationTest.MatchesCallCountWhenMatchingInvocation" executed="True" success="True" time="0.000" asserts="10" />
                          <test-case name="NMock2.Internal.Test.BuildableExpectationTest.MatchesIfAllMatchersMatch" executed="True" success="True" time="0.000" asserts="1" />
                          <test-case name="NMock2.Internal.Test.BuildableExpectationTest.WillNotPrintAPeriodBetweenReceiverAndMethodIfToldToDescribeItselfAsAnIndexer" executed="True" success="True" time="0.001" asserts="1" />
                        </results>
                      </test-suite>
                      <test-suite name="DescriptionWriterTest" success="True" time="0.003" asserts="0">
                        <results>
                          <test-case name="NMock2.Internal.Test.DescriptionWriterTest.FormatsNullAsNull" executed="True" success="True" time="0.000" asserts="1" />
                          <test-case name="NMock2.Internal.Test.DescriptionWriterTest.FormatsStringsInCSharpSyntaxWhenWrittenAsObject" executed="True" success="True" time="0.001" asserts="1" />
                          <test-case name="NMock2.Internal.Test.DescriptionWriterTest.HighlightsOtherValuesWhenWrittenAsObject" executed="True" success="True" time="0.000" asserts="1" />
                        </results>
                      </test-suite>
                    </results>
                  </test-suite>
                </results>
              </test-suite>
              <test-suite name="Test" success="True" time="0.405" asserts="0">
                <results>
                  <test-suite name="Actions" success="True" time="0.078" asserts="0">
                    <results>
                      <test-suite name="CollectActionTest" success="True" time="0.004" asserts="0">
                        <results>
                          <test-case name="NMock2.Test.Actions.CollectActionTest.CollectsParameterValueAtSpecifiedIndex" executed="True" success="True" time="0.001" asserts="1" />
                          <test-case name="NMock2.Test.Actions.CollectActionTest.HasAReadableDescription" executed="True" success="True" time="0.001" asserts="1" />
                          <test-case name="NMock2.Test.Actions.CollectActionTest.ReturnsParameterValueFromMostRecentOfMultipleCalls" executed="True" success="True" time="0.000" asserts="1" />
                        </results>
                      </test-suite>
                      <test-suite name="FireActionTest" success="True" time="0.022" asserts="0">
                        <results>
                          <test-case name="NMock2.Test.Actions.FireActionTest.FiresEventOnInvocationReceiver" executed="True" success="True" time="0.020" asserts="1" />
                          <test-case name="NMock2.Test.Actions.FireActionTest.HasAReadableDescription" executed="True" success="True" time="0.000" asserts="1" />
                        </results>
                      </test-suite>
                      <test-suite name="ResultSynthesizerTest" success="True" time="0.024" asserts="0">
                        <results>
                          <test-case name="NMock2.Test.Actions.ResultSynthesizerTest.CanOverrideDefaultResultForType" executed="True" success="True" time="0.003" asserts="0" />
                          <test-case name="NMock2.Test.Actions.ResultSynthesizerTest.CanSpecifyResultForOtherType" executed="True" success="True" time="0.001" asserts="0" />
                          <test-case name="NMock2.Test.Actions.ResultSynthesizerTest.CreatesDefaultValuesForBasicTypes" executed="True" success="True" time="0.001" asserts="0" />
                          <test-case name="NMock2.Test.Actions.ResultSynthesizerTest.DoesNotTryToSetResultForVoidReturnType" executed="True" success="True" time="0.000" asserts="0" />
                          <test-case name="NMock2.Test.Actions.ResultSynthesizerTest.HasAReadableDescription" executed="True" success="True" time="0.000" asserts="1" />
                          <test-case name="NMock2.Test.Actions.ResultSynthesizerTest.ReturnsADifferentCollectionOnEachInvocation" executed="True" success="True" time="0.001" asserts="0" />
                          <test-case name="NMock2.Test.Actions.ResultSynthesizerTest.ReturnsDefaultValueOfValueTypes" executed="True" success="True" time="0.000" asserts="0" />
                          <test-case name="NMock2.Test.Actions.ResultSynthesizerTest.ReturnsEmptyCollections" executed="True" success="True" time="0.000" asserts="0" />
                          <test-case name="NMock2.Test.Actions.ResultSynthesizerTest.ReturnsZeroLengthArrays" executed="True" success="True" time="0.002" asserts="0" />
                          <test-case name="NMock2.Test.Actions.ResultSynthesizerTest.ThrowsExceptionIfTriesToReturnValueForUnsupportedResultType" executed="True" success="True" time="0.004" asserts="0" />
                        </results>
                      </test-suite>
                      <test-suite name="ReturnActionTest" success="True" time="0.003" asserts="0">
                        <results>
                          <test-case name="NMock2.Test.Actions.ReturnActionTest.HasAReadableDescription" executed="True" success="True" time="0.001" asserts="1" />
                          <test-case name="NMock2.Test.Actions.ReturnActionTest.SetsReturnValueOfInvocation" executed="True" success="True" time="0.000" asserts="1" />
                        </results>
                      </test-suite>
                      <test-suite name="ReturnCloneActionTest" success="True" time="0.003" asserts="0">
                        <results>
                          <test-case name="NMock2.Test.Actions.ReturnCloneActionTest.HasAReadableDescription" executed="True" success="True" time="0.000" asserts="1" />
                          <test-case name="NMock2.Test.Actions.ReturnCloneActionTest.ReturnsCloneOfPrototypeObject" executed="True" success="True" time="0.001" asserts="0" />
                        </results>
                      </test-suite>
                      <test-suite name="SetIndexedParameterActionTest" success="True" time="0.003" asserts="0">
                        <results>
                          <test-case name="NMock2.Test.Actions.SetIndexedParameterActionTest.HasReadableDescription" executed="True" success="True" time="0.001" asserts="1" />
                          <test-case name="NMock2.Test.Actions.SetIndexedParameterActionTest.SetsIndexedParameterOnInvocation" executed="True" success="True" time="0.001" asserts="1" />
                        </results>
                      </test-suite>
                      <test-suite name="SetNamedParameterActionTest" success="True" time="0.003" asserts="0">
                        <results>
                          <test-case name="NMock2.Test.Actions.SetNamedParameterActionTest.HasReadableDescription" executed="True" success="True" time="0.000" asserts="1" />
                          <test-case name="NMock2.Test.Actions.SetNamedParameterActionTest.SetsNamedParameterOnInvocation" executed="True" success="True" time="0.002" asserts="1" />
                        </results>
                      </test-suite>
                      <test-suite name="ThrowActionTest" success="True" time="0.002" asserts="0">
                        <results>
                          <test-case name="NMock2.Test.Actions.ThrowActionTest.HasReadableDescription" executed="True" success="True" time="0.001" asserts="1" />
                          <test-case name="NMock2.Test.Actions.ThrowActionTest.SetsExceptionOfInvocation" executed="True" success="True" time="0.000" asserts="1" />
                        </results>
                      </test-suite>
                    </results>
                  </test-suite>
                  <test-suite name="Matchers" success="True" time="0.145" asserts="0">
                    <results>
                      <test-suite name="AlwaysMatcherTest" success="True" time="0.003" asserts="0">
                        <results>
                          <test-case name="NMock2.Test.Matchers.AlwaysMatcherTest.AlwaysReturnsFixedBooleanValueFromMatchesMethod" executed="True" success="True" time="0.001" asserts="12" />
                          <test-case name="NMock2.Test.Matchers.AlwaysMatcherTest.IsGivenADescription" executed="True" success="True" time="0.000" asserts="1" />
                        </results>
                      </test-suite>
                      <test-suite name="AndMatcherTest" success="True" time="0.005" asserts="0">
                        <results>
                          <test-case name="NMock2.Test.Matchers.AndMatcherTest.CalculatesLogicalConjunctionOfTwoMatchers" executed="True" success="True" time="0.001" asserts="4" />
                          <test-case name="NMock2.Test.Matchers.AndMatcherTest.CanUseOperatorOverloadingAsSyntacticSugar" executed="True" success="True" time="0.001" asserts="4" />
                          <test-case name="NMock2.Test.Matchers.AndMatcherTest.HasAReadableDescription" executed="True" success="True" time="0.001" asserts="1" />
                        </results>
                      </test-suite>
                      <test-suite name="ArgumentsMatcherTest" success="True" time="0.015" asserts="0">
                        <results>
                          <test-case name="NMock2.Test.Matchers.ArgumentsMatcherTest.DescribesAsIndexGetterArguments" executed="True" success="True" time="0.001" asserts="1" />
                          <test-case name="NMock2.Test.Matchers.ArgumentsMatcherTest.DescribesAsIndexSetterArguments" executed="True" success="True" time="0.001" asserts="1" />
                          <test-case name="NMock2.Test.Matchers.ArgumentsMatcherTest.DoesNotMatchAndDoesNotThrowExceptionIfValueSpecifiedForOutputParameter" executed="True" success="True" time="0.000" asserts="1" />
                          <test-case name="NMock2.Test.Matchers.ArgumentsMatcherTest.DoesNotMatchAnObjectThatIsNotAnInvocation" executed="True" success="True" time="0.000" asserts="1" />
                          <test-case name="NMock2.Test.Matchers.ArgumentsMatcherTest.DoesNotMatchIfValueMatchersDoNotMatchArgumentValues" executed="True" success="True" time="0.001" asserts="2" />
                          <test-case name="NMock2.Test.Matchers.ArgumentsMatcherTest.DoesNotMatchInvocationWithDifferentNumberOfArguments" executed="True" success="True" time="0.000" asserts="2" />
                          <test-case name="NMock2.Test.Matchers.ArgumentsMatcherTest.FormatsDescriptionToLookSimilarToAnArgumentList" executed="True" success="True" time="0.001" asserts="1" />
                          <test-case name="NMock2.Test.Matchers.ArgumentsMatcherTest.MatchesInvocationWithSameNumberOfArgumentsAsMatcherHasValueMatchersAndValueMatchersMatch" executed="True" success="True" time="0.000" asserts="1" />
                          <test-case name="NMock2.Test.Matchers.ArgumentsMatcherTest.MatchesOutputParametersWithSpecialMatcherClass" executed="True" success="True" time="0.000" asserts="1" />
                          <test-case name="NMock2.Test.Matchers.ArgumentsMatcherTest.ShowsOutputParametersInDescription" executed="True" success="True" time="0.000" asserts="1" />
                        </results>
                      </test-suite>
                      <test-suite name="ComparisonMatcherTest" success="True" time="0.010" asserts="0">
                        <results>
                          <test-case name="NMock2.Test.Matchers.ComparisonMatcherTest.CannotCreateComparisonThatMatchesAnything" executed="True" success="True" time="0.003" asserts="0" />
                          <test-case name="NMock2.Test.Matchers.ComparisonMatcherTest.CanSpecifyMinAndMaxComparisonResultInAnyOrder" executed="True" success="True" time="0.001" asserts="3" />
                          <test-case name="NMock2.Test.Matchers.ComparisonMatcherTest.DoesNotMatchObjectOfDifferentType" executed="True" success="True" time="0.000" asserts="1" />
                          <test-case name="NMock2.Test.Matchers.ComparisonMatcherTest.HasReadableDescription" executed="True" success="True" time="0.001" asserts="5" />
                          <test-case name="NMock2.Test.Matchers.ComparisonMatcherTest.MatchesAComparisonOfAComparableValue" executed="True" success="True" time="0.000" asserts="9" />
                        </results>
                      </test-suite>
                      <test-suite name="DescriptionOverrideTest" success="True" time="0.002" asserts="0">
                        <results>
                          <test-case name="NMock2.Test.Matchers.DescriptionOverrideTest.DelegatesMatchingToAnotherMatcher" executed="True" success="True" time="0.000" asserts="2" />
                          <test-case name="NMock2.Test.Matchers.DescriptionOverrideTest.OverridesDescriptionOfOtherMatcherWithThatPassedToConstructor" executed="True" success="True" time="0.001" asserts="2" />
                        </results>
                      </test-suite>
                      <test-suite name="ElementMatcherTest" success="True" time="0.004" asserts="0">
                        <results>
                          <test-case name="NMock2.Test.Matchers.ElementMatcherTest.HasAReadableDescription" executed="True" success="True" time="0.001" asserts="2" />
                          <test-case name="NMock2.Test.Matchers.ElementMatcherTest.IsNullSafe" executed="True" success="True" time="0.001" asserts="5" />
                          <test-case name="NMock2.Test.Matchers.ElementMatcherTest.MatchesIfArgumentInCollection" executed="True" success="True" time="0.000" asserts="5" />
                        </results>
                      </test-suite>
                      <test-suite name="EqualMatcherTest" success="True" time="0.011" asserts="0">
                        <results>
                          <test-case name="NMock2.Test.Matchers.EqualMatcherTest.CanCompareAutoboxedValues" executed="True" success="True" time="0.000" asserts="2" />
                          <test-case name="NMock2.Test.Matchers.EqualMatcherTest.ComparesArgumentForEqualityToExpectedObject" executed="True" success="True" time="0.000" asserts="3" />
                          <test-case name="NMock2.Test.Matchers.EqualMatcherTest.ComparesArraysForEqualityByContents" executed="True" success="True" time="0.001" asserts="7" />
                          <test-case name="NMock2.Test.Matchers.EqualMatcherTest.ComparesMultidimensionalArraysForEquality" executed="True" success="True" time="0.000" asserts="5" />
                          <test-case name="NMock2.Test.Matchers.EqualMatcherTest.HasAReadableDescription" executed="True" success="True" time="0.000" asserts="1" />
                          <test-case name="NMock2.Test.Matchers.EqualMatcherTest.IsNullSafe" executed="True" success="True" time="0.000" asserts="3" />
                          <test-case name="NMock2.Test.Matchers.EqualMatcherTest.RecursivelyComparesArrayContentsOfNestedArrays" executed="True" success="True" time="0.000" asserts="3" />
                          <test-case name="NMock2.Test.Matchers.EqualMatcherTest.RecursivelyComparesContentsOfNestedLists" executed="True" success="True" time="0.000" asserts="3" />
                        </results>
                      </test-suite>
                      <test-suite name="FieldMatcherTest" success="True" time="0.009" asserts="0">
                        <results>
                          <test-case name="NMock2.Test.Matchers.FieldMatcherTest.DoesNotMatchNonPublicField" executed="True" success="True" time="0.001" asserts="2" />
                          <test-case name="NMock2.Test.Matchers.FieldMatcherTest.DoesNotMatchObjectIfItDoesNotHaveNamedField" executed="True" success="True" time="0.000" asserts="1" />
                          <test-case name="NMock2.Test.Matchers.FieldMatcherTest.DoesNotMatchObjectIfValueMatcherDoesNotMatch" executed="True" success="True" time="0.000" asserts="1" />
                          <test-case name="NMock2.Test.Matchers.FieldMatcherTest.DoesNotMatchStaticField" executed="True" success="True" time="0.000" asserts="1" />
                          <test-case name="NMock2.Test.Matchers.FieldMatcherTest.HasAReadableDescription" executed="True" success="True" time="0.000" asserts="1" />
                          <test-case name="NMock2.Test.Matchers.FieldMatcherTest.MatchesObjectWithMatchingField" executed="True" success="True" time="0.000" asserts="1" />
                        </results>
                      </test-suite>
                      <test-suite name="MethodNameMatcherTest" success="True" time="0.004" asserts="0">
                        <results>
                          <test-case name="NMock2.Test.Matchers.MethodNameMatcherTest.DoesNotMatchObjectsThatAreNotMethodInfo" executed="True" success="True" time="0.000" asserts="1" />
                          <test-case name="NMock2.Test.Matchers.MethodNameMatcherTest.MatchesMethodsWithAGivenName" executed="True" success="True" time="0.000" asserts="4" />
                          <test-case name="NMock2.Test.Matchers.MethodNameMatcherTest.UsesMethodNameAsDescription" executed="True" success="True" time="0.001" asserts="1" />
                        </results>
                      </test-suite>
                      <test-suite name="NotMatcherTest" success="True" time="0.004" asserts="0">
                        <results>
                          <test-case name="NMock2.Test.Matchers.NotMatcherTest.CalculatesTheLogicalNegationOfAMatcher" executed="True" success="True" time="0.000" asserts="2" />
                          <test-case name="NMock2.Test.Matchers.NotMatcherTest.CanUseOperatorOverloadingAsSyntacticSugar" executed="True" success="True" time="0.000" asserts="2" />
                          <test-case name="NMock2.Test.Matchers.NotMatcherTest.HasAReadableDescription" executed="True" success="True" time="0.000" asserts="1" />
                        </results>
                      </test-suite>
                      <test-suite name="NullMatcherTest" success="True" time="0.003" asserts="0">
                        <results>
                          <test-case name="NMock2.Test.Matchers.NullMatcherTest.MatchesNullReferences" executed="True" success="True" time="0.000" asserts="2" />
                          <test-case name="NMock2.Test.Matchers.NullMatcherTest.ProvidesAReadableDescription" executed="True" success="True" time="0.000" asserts="1" />
                        </results>
                      </test-suite>
                      <test-suite name="OrMatcherTest" success="True" time="0.004" asserts="0">
                        <results>
                          <test-case name="NMock2.Test.Matchers.OrMatcherTest.CalculatesLogicalDisjunctionOfTwoMatchers" executed="True" success="True" time="0.001" asserts="4" />
                          <test-case name="NMock2.Test.Matchers.OrMatcherTest.CanUseOperatorOverloadingAsSyntacticSugar" executed="True" success="True" time="0.000" asserts="4" />
                          <test-case name="NMock2.Test.Matchers.OrMatcherTest.HasAReadableDescription" executed="True" success="True" time="0.001" asserts="1" />
                        </results>
                      </test-suite>
                      <test-suite name="PropertyMatcherTest" success="True" time="0.009" asserts="0">
                        <results>
                          <test-case name="NMock2.Test.Matchers.PropertyMatcherTest.DoesNotMatchObjectIfItDoesNotHaveNamedProperty" executed="True" success="True" time="0.000" asserts="1" />
                          <test-case name="NMock2.Test.Matchers.PropertyMatcherTest.DoesNotMatchObjectIfPropertyMatcherDoesNotMatch" executed="True" success="True" time="0.001" asserts="1" />
                          <test-case name="NMock2.Test.Matchers.PropertyMatcherTest.DoesNotMatchPrivateProperty" executed="True" success="True" time="0.000" asserts="1" />
                          <test-case name="NMock2.Test.Matchers.PropertyMatcherTest.DoesNotMatchWriteOnlyProperty" executed="True" success="True" time="0.000" asserts="1" />
                          <test-case name="NMock2.Test.Matchers.PropertyMatcherTest.HasAReadableDescription" executed="True" success="True" time="0.000" asserts="1" />
                          <test-case name="NMock2.Test.Matchers.PropertyMatcherTest.MatchesObjectWithNamedPropertyAndMatchingPropertyValue" executed="True" success="True" time="0.000" asserts="1" />
                        </results>
                      </test-suite>
                      <test-suite name="SameMatcherTest" success="True" time="0.004" asserts="0">
                        <results>
                          <test-case name="NMock2.Test.Matchers.SameMatcherTest.HasAReadableDescription" executed="True" success="True" time="0.000" asserts="1" />
                          <test-case name="NMock2.Test.Matchers.SameMatcherTest.IsNullSafe" executed="True" success="True" time="0.000" asserts="3" />
                          <test-case name="NMock2.Test.Matchers.SameMatcherTest.MatchesSameObject" executed="True" success="True" time="0.000" asserts="2" />
                        </results>
                      </test-suite>
                      <test-suite name="StringContainsMatcherTest" success="True" time="0.002" asserts="0">
                        <results>
                          <test-case name="NMock2.Test.Matchers.StringContainsMatcherTest.HasAReadableDescription" executed="True" success="True" time="0.000" asserts="1" />
                          <test-case name="NMock2.Test.Matchers.StringContainsMatcherTest.MatchesIfStringArgumentContainsGivenSubstring" executed="True" success="True" time="0.001" asserts="7" />
                        </results>
                      </test-suite>
                      <test-suite name="ToStringMatcherTest" success="True" time="0.004" asserts="0">
                        <results>
                          <test-case name="NMock2.Test.Matchers.ToStringMatcherTest.PassesResultOfToStringToOtherMatcher" executed="True" success="True" time="0.002" asserts="3" />
                          <test-case name="NMock2.Test.Matchers.ToStringMatcherTest.ReturnsAReadableDescription" executed="True" success="True" time="0.000" asserts="1" />
                        </results>
                      </test-suite>
                      <test-suite name="TypeMatcherTest" success="True" time="0.002" asserts="0">
                        <results>
                          <test-case name="NMock2.Test.Matchers.TypeMatcherTest.DoesNotMatchValueOfNonAssignableType" executed="True" success="True" time="0.001" asserts="3" />
                          <test-case name="NMock2.Test.Matchers.TypeMatcherTest.MatchesValueOfAssignableType" executed="True" success="True" time="0.001" asserts="2" />
                        </results>
                      </test-suite>
                    </results>
                  </test-suite>
                  <test-suite name="MockeryTest" success="True" time="0.051" asserts="0">
                    <results>
                      <test-case name="NMock2.Test.MockeryTest.AssertionExceptionThrownWhenNoExpectationsMatchContainsDescriptionOfActiveExpectations" executed="True" success="True" time="0.008" asserts="10" />
                      <test-case name="NMock2.Test.MockeryTest.AssertionExceptionThrownWhenSomeExpectationsHaveNotBeenMetContainsDescriptionOfUnMetExpectations" executed="True" success="True" time="0.002" asserts="1" />
                      <test-case name="NMock2.Test.MockeryTest.CanCreateMockWithoutCastingBySpecifingTypeAsGenericParameter" executed="True" success="True" time="0.001" asserts="0" />
                      <test-case name="NMock2.Test.MockeryTest.CreatedMockComparesReferenceIdentityWithEqualsMethod" executed="True" success="True" time="0.000" asserts="2" />
                      <test-case name="NMock2.Test.MockeryTest.CreatedMockReturnsNameFromToString" executed="True" success="True" time="0.000" asserts="2" />
                      <test-case name="NMock2.Test.MockeryTest.CreatesMocksThatCanBeCastToIMockObject" executed="True" success="True" time="0.000" asserts="1" />
                      <test-case name="NMock2.Test.MockeryTest.CreatesMocksThatCanBeCastToMockedType" executed="True" success="True" time="0.000" asserts="1" />
                      <test-case name="NMock2.Test.MockeryTest.DetectsWhenFirstExpectationHasNotBeenMet" executed="True" success="True" time="0.004" asserts="0" />
                      <test-case name="NMock2.Test.MockeryTest.DetectsWhenSecondExpectationHasNotBeenMet" executed="True" success="True" time="0.003" asserts="0" />
                      <test-case name="NMock2.Test.MockeryTest.DispatchesInvocationBySearchingForMatchingExpectationInOrderOfAddition" executed="True" success="True" time="0.000" asserts="19" />
                      <test-case name="NMock2.Test.MockeryTest.FailsTestIfNoExpectationsMatch" executed="True" success="True" time="0.004" asserts="6" />
                      <test-case name="NMock2.Test.MockeryTest.GenericMockCanSpecifyName" executed="True" success="True" time="0.001" asserts="1" />
                      <test-case name="NMock2.Test.MockeryTest.GivesMocksDefaultNameIfNoNameSpecified" executed="True" success="True" time="0.002" asserts="4" />
                      <test-case name="NMock2.Test.MockeryTest.MockReturnsNameFromToString" executed="True" success="True" time="0.000" asserts="1" />
                      <test-case name="NMock2.Test.MockeryTest.ShouldBeAbleToInvokeMethodOnInheritedInterface" executed="True" success="True" time="0.001" asserts="0" />
                      <test-case name="NMock2.Test.MockeryTest.StopsSearchingForMatchingExpectationAsSoonAsOneMatches" executed="True" success="True" time="0.001" asserts="13" />
                      <test-case name="NMock2.Test.MockeryTest.VerifiesWhenAllExpectationsHaveBeenMet" executed="True" success="True" time="0.000" asserts="0" />
                      <test-case name="NMock2.Test.MockeryTest.VerifyExpectationsReportsOnUnexpectedInvocationsWhoseExceptionsWereCaughtElsewhere" executed="True" success="True" time="0.004" asserts="0" />
                    </results>
                  </test-suite>
                  <test-suite name="Monitoring" success="True" time="0.098" asserts="0">
                    <results>
                      <test-suite name="InvocationSemanticsTest" success="True" time="0.001" asserts="0">
                        <results>
                          <test-case name="NMock2.Test.Monitoring.InvocationSemanticsTest.OutParametersAreSetAfterExceptionThrown" executed="True" success="True" time="0.001" asserts="2" />
                        </results>
                      </test-suite>
                      <test-suite name="InvocationTest" success="True" time="0.040" asserts="0">
                        <results>
                          <test-case name="NMock2.Test.Monitoring.InvocationTest.AllowsNullResultForMethodThatReturnsANullableType" executed="True" success="True" time="0.000" asserts="0" />
                          <test-case name="NMock2.Test.Monitoring.InvocationTest.AllowsSettingNullResultOfVoidMethod" executed="True" success="True" time="0.000" asserts="0" />
                          <test-case name="NMock2.Test.Monitoring.InvocationTest.CanBeInvokedOnAnotherObject" executed="True" success="True" time="0.001" asserts="4" />
                          <test-case name="NMock2.Test.Monitoring.InvocationTest.DescriptionOfEventAdderDoesNotShowSugaredMethod" executed="True" success="True" time="0.000" asserts="1" />
                          <test-case name="NMock2.Test.Monitoring.InvocationTest.DescriptionOfEventRemoverDoesNotShowSugaredMethod" executed="True" success="True" time="0.001" asserts="1" />
                          <test-case name="NMock2.Test.Monitoring.InvocationTest.DescriptionOfInvocationOfIndexerGetterDoesNotShowSugaredMethod" executed="True" success="True" time="0.000" asserts="1" />
                          <test-case name="NMock2.Test.Monitoring.InvocationTest.DescriptionOfInvocationOfIndexerSetterDoesNotShowSugaredMethod" executed="True" success="True" time="0.001" asserts="1" />
                          <test-case name="NMock2.Test.Monitoring.InvocationTest.DescriptionOfInvocationOfPropertyGetterDoesNotShowSugaredMethod" executed="True" success="True" time="0.001" asserts="1" />
                          <test-case name="NMock2.Test.Monitoring.InvocationTest.DescriptionOfInvocationOfPropertySetterDoesNotShowSugaredMethod" executed="True" success="True" time="0.000" asserts="1" />
                          <test-case name="NMock2.Test.Monitoring.InvocationTest.DoesNotAllowNullException" executed="True" success="True" time="0.004" asserts="0" />
                          <test-case name="NMock2.Test.Monitoring.InvocationTest.DoesNotAllowNullResultForMethodThatReturnsAValueType" executed="True" success="True" time="0.003" asserts="0" />
                          <test-case name="NMock2.Test.Monitoring.InvocationTest.DoesNotAllowSettingIncompatibleResultType" executed="True" success="True" time="0.000" asserts="0" />
                          <test-case name="NMock2.Test.Monitoring.InvocationTest.DoesNotAllowSettingNonNullResultOfVoidMethod" executed="True" success="True" time="0.004" asserts="0" />
                          <test-case name="NMock2.Test.Monitoring.InvocationTest.SettingExceptionClearsResult" executed="True" success="True" time="0.000" asserts="3" />
                          <test-case name="NMock2.Test.Monitoring.InvocationTest.SettingResultClearsException" executed="True" success="True" time="0.000" asserts="3" />
                          <test-case name="NMock2.Test.Monitoring.InvocationTest.StoresExceptionToThrow" executed="True" success="True" time="0.000" asserts="3" />
                          <test-case name="NMock2.Test.Monitoring.InvocationTest.StoresResultToReturn" executed="True" success="True" time="0.000" asserts="3" />
                          <test-case name="NMock2.Test.Monitoring.InvocationTest.TrapsExceptionsWhenInvokedOnAnotherObject" executed="True" success="True" time="0.004" asserts="3" />
                        </results>
                      </test-suite>
                      <test-suite name="InvokerTest" success="True" time="0.003" asserts="0">
                        <results>
                          <test-case name="NMock2.Test.Monitoring.InvokerTest.ForwardsInvocationsToNextIfMethodIsNotDeclaredInSpecifiedType" executed="True" success="True" time="0.001" asserts="4" />
                          <test-case name="NMock2.Test.Monitoring.InvokerTest.InvokesMethodOnObjectIfMethodIsDeclaredInSpecifiedType" executed="True" success="True" time="0.001" asserts="1" />
                        </results>
                      </test-suite>
                      <test-suite name="MultiInterfaceFactoryTest" success="True" time="0.006" asserts="0">
                        <results>
                          <test-case name="NMock2.Test.Monitoring.MultiInterfaceFactoryTest.AvoidsNameClash" executed="True" success="True" time="0.001" asserts="1" />
                          <test-case name="NMock2.Test.Monitoring.MultiInterfaceFactoryTest.CreatesTypeInfoObjectsThatRepresentAnInterfaceThatExtendsAllParameterInterfaces" executed="True" success="True" time="0.001" asserts="3" />
                          <test-case name="NMock2.Test.Monitoring.MultiInterfaceFactoryTest.ReturnsTheSameTypeWhenPassedTheSameArguments" executed="True" success="True" time="0.001" asserts="2" />
                          <test-case name="NMock2.Test.Monitoring.MultiInterfaceFactoryTest.ReturnsTheSameTypeWhenPassedTheSameArgumentsInDifferentOrder" executed="True" success="True" time="0.000" asserts="1" />
                        </results>
                      </test-suite>
                      <test-suite name="ParameterListTest" success="True" time="0.014" asserts="0">
                        <results>
                          <test-case name="NMock2.Test.Monitoring.ParameterListTest.CanSetValuesOfOutAndRefParameters" executed="True" success="True" time="0.001" asserts="3" />
                          <test-case name="NMock2.Test.Monitoring.ParameterListTest.DoesNotAllowAccessToValuesOfUnsetOutParameters" executed="True" success="True" time="0.004" asserts="1" />
                          <test-case name="NMock2.Test.Monitoring.ParameterListTest.DoesNotAllowValuesOfInputParametersToBeChanged" executed="True" success="True" time="0.004" asserts="0" />
                          <test-case name="NMock2.Test.Monitoring.ParameterListTest.ReturnsNumberOfParameters" executed="True" success="True" time="0.001" asserts="1" />
                          <test-case name="NMock2.Test.Monitoring.ParameterListTest.ReturnsValuesOfInParameters" executed="True" success="True" time="0.000" asserts="4" />
                        </results>
                      </test-suite>
                      <test-suite name="ProxiedObjectIdentityTest" success="True" time="0.005" asserts="0">
                        <results>
                          <test-case name="NMock2.Test.Monitoring.ProxiedObjectIdentityTest.ForwardsGetHashCodeToIdentityProvider" executed="True" success="True" time="0.001" asserts="1" />
                          <test-case name="NMock2.Test.Monitoring.ProxiedObjectIdentityTest.ForwardsInvocationsOfOtherMethodsToNextInChain" executed="True" success="True" time="0.000" asserts="2" />
                          <test-case name="NMock2.Test.Monitoring.ProxiedObjectIdentityTest.ForwardsToStringToIdentityProvider" executed="True" success="True" time="0.001" asserts="1" />
                          <test-case name="NMock2.Test.Monitoring.ProxiedObjectIdentityTest.ImplementsEqualsByComparingInvocationReceiversForIdentity" executed="True" success="True" time="0.000" asserts="2" />
                        </results>
                      </test-suite>
                      <test-suite name="ProxyInvokableAdapterTest" success="True" time="0.014" asserts="0">
                        <results>
                          <test-case name="NMock2.Test.Monitoring.ProxyInvokableAdapterTest.CapturesInvocationsOnTransparentProxyAndForwardsToInvokableObject" executed="True" success="True" time="0.002" asserts="3" />
                          <test-case name="NMock2.Test.Monitoring.ProxyInvokableAdapterTest.PassesExceptionThrownByInvokableToCallerOfProxy" executed="True" success="True" time="0.003" asserts="1" />
                          <test-case name="NMock2.Test.Monitoring.ProxyInvokableAdapterTest.ReturnsOutAndRefParametersFromInvocationToCallerOfProxy" executed="True" success="True" time="0.000" asserts="4" />
                          <test-case name="NMock2.Test.Monitoring.ProxyInvokableAdapterTest.ReturnsResultFromInvocationToCallerOfProxy" executed="True" success="True" time="0.001" asserts="2" />
                          <test-case name="NMock2.Test.Monitoring.ProxyInvokableAdapterTest.ThrowsExceptionFromInvocationToCallerOfProxy" executed="True" success="True" time="0.003" asserts="1" />
                        </results>
                      </test-suite>
                    </results>
                  </test-suite>
                  <test-suite name="VerifyTest" success="True" time="0.010" asserts="0">
                    <results>
                      <test-case name="NMock2.Test.VerifyTest.CanPrependCustomMessageToDescriptionOfFailure" executed="True" success="True" time="0.000" asserts="1" />
                      <test-case name="NMock2.Test.VerifyTest.VerifyThatFailsIfMatcherDoesNotMatchValue" executed="True" success="True" time="0.001" asserts="1" />
                      <test-case name="NMock2.Test.VerifyTest.VerifyThatPassesIfMatcherMatchesValue" executed="True" success="True" time="0.000" asserts="0" />
                    </results>
                  </test-suite>
                </results>
              </test-suite>
            </results>
          </test-suite>
        </results>
      </test-suite>
    </results>
  </test-suite>
</test-results>