<?xml version="1.0" encoding="utf-8" standalone="no"?>
<!--This file represents the results of running a test suite-->
<test-results name="D:\Programmierung\Kistl\Tests\Kistl.API.Tests\Kistl.APITests.nunit" total="84" failures="0" not-run="0" date="2008-08-14" time="17:58:18">
  <environment nunit-version="2.4.7.0" clr-version="2.0.50727.1434" os-version="Microsoft Windows NT 6.0.6001 Service Pack 1" platform="Win32NT" cwd="D:\Programmierung\Kistl\Tests\Kistl.API.Tests" machine-name="KISTL" user="Douglas" user-domain="KISTL" />
  <culture-info current-culture="de-AT" current-uiculture="en-US" />
  <test-suite name="D:\Programmierung\Kistl\Tests\Kistl.API.Tests\Kistl.APITests.nunit" success="True" time="1.793" asserts="0">
    <results>
      <test-suite name="D:\Programmierung\Kistl\Tests\Kistl.API.Tests\bin\Debug\Kistl.API.Tests.exe" success="True" time="1.776" asserts="0">
        <results>
          <test-suite name="Kistl" success="True" time="1.759" asserts="0">
            <results>
              <test-suite name="API" success="True" time="1.745" asserts="0">
                <results>
                  <test-suite name="Tests" success="True" time="1.735" asserts="0">
                    <results>
                      <test-suite name="APIInitTest" success="True" time="0.012" asserts="0">
                        <results>
                          <test-case name="Kistl.API.Tests.APIInitTest.SecondInitFail" executed="True" success="True" time="0.005" asserts="0" />
                        </results>
                      </test-suite>
                      <test-suite name="AssemblyLoaderTests" success="True" time="0.053" asserts="0">
                        <results>
                          <test-case name="Kistl.API.Tests.AssemblyLoaderTests.AssemblyResolve" executed="True" success="True" time="0.016" asserts="0" />
                          <test-case name="Kistl.API.Tests.AssemblyLoaderTests.Load" executed="True" success="True" time="0.028" asserts="1" />
                          <test-case name="Kistl.API.Tests.AssemblyLoaderTests.ReflectionOnlyLoadFrom" executed="True" success="True" time="0.006" asserts="1" />
                        </results>
                      </test-suite>
                      <test-suite name="BinarySerializerTests" success="True" time="0.346" asserts="0">
                        <results>
                          <test-case name="Kistl.API.Tests.BinarySerializerTests.Bool" executed="True" success="True" time="0.007" asserts="1" />
                          <test-case name="Kistl.API.Tests.BinarySerializerTests.BoolNull" executed="True" success="True" time="0.002" asserts="1" />
                          <test-case name="Kistl.API.Tests.BinarySerializerTests.BoolNullValue" executed="True" success="True" time="0.001" asserts="1" />
                          <test-case name="Kistl.API.Tests.BinarySerializerTests.DateTime" executed="True" success="True" time="0.001" asserts="1" />
                          <test-case name="Kistl.API.Tests.BinarySerializerTests.DateTimeNull" executed="True" success="True" time="0.001" asserts="1" />
                          <test-case name="Kistl.API.Tests.BinarySerializerTests.DateTimeNullValue" executed="True" success="True" time="0.001" asserts="1" />
                          <test-case name="Kistl.API.Tests.BinarySerializerTests.Double" executed="True" success="True" time="0.003" asserts="1" />
                          <test-case name="Kistl.API.Tests.BinarySerializerTests.DoubleNull" executed="True" success="True" time="0.001" asserts="1" />
                          <test-case name="Kistl.API.Tests.BinarySerializerTests.DoubleNullValue" executed="True" success="True" time="0.000" asserts="1" />
                          <test-case name="Kistl.API.Tests.BinarySerializerTests.Enum" executed="True" success="True" time="0.001" asserts="1" />
                          <test-case name="Kistl.API.Tests.BinarySerializerTests.Float" executed="True" success="True" time="0.000" asserts="1" />
                          <test-case name="Kistl.API.Tests.BinarySerializerTests.FloatNull" executed="True" success="True" time="0.001" asserts="1" />
                          <test-case name="Kistl.API.Tests.BinarySerializerTests.FloatNullValue" executed="True" success="True" time="0.001" asserts="1" />
                          <test-case name="Kistl.API.Tests.BinarySerializerTests.ICollection_ICollectionEntry" executed="True" success="True" time="0.008" asserts="1" />
                          <test-case name="Kistl.API.Tests.BinarySerializerTests.ICollection_IDataObject" executed="True" success="True" time="0.029" asserts="1" />
                          <test-case name="Kistl.API.Tests.BinarySerializerTests.ICollection_ObservableCollection_ICollectionEntry" executed="True" success="True" time="0.105" asserts="1" />
                          <test-case name="Kistl.API.Tests.BinarySerializerTests.IEnumerable_IDataObject" executed="True" success="True" time="0.005" asserts="1" />
                          <test-case name="Kistl.API.Tests.BinarySerializerTests.Int" executed="True" success="True" time="0.000" asserts="1" />
                          <test-case name="Kistl.API.Tests.BinarySerializerTests.IntNull" executed="True" success="True" time="0.001" asserts="1" />
                          <test-case name="Kistl.API.Tests.BinarySerializerTests.IntNullValue" executed="True" success="True" time="0.000" asserts="1" />
                          <test-case name="Kistl.API.Tests.BinarySerializerTests.IStruct" executed="True" success="True" time="0.002" asserts="1" />
                          <test-case name="Kistl.API.Tests.BinarySerializerTests.IStructNull" executed="True" success="True" time="0.000" asserts="1" />
                          <test-case name="Kistl.API.Tests.BinarySerializerTests.SerializableExpression" executed="True" success="True" time="0.158" asserts="2" />
                          <test-case name="Kistl.API.Tests.BinarySerializerTests.SerializableType" executed="True" success="True" time="0.001" asserts="1" />
                          <test-case name="Kistl.API.Tests.BinarySerializerTests.SerializableType_FromBinary_NullStream" executed="True" success="True" time="0.000" asserts="0" />
                          <test-case name="Kistl.API.Tests.BinarySerializerTests.SerializableTypeNull" executed="True" success="True" time="0.001" asserts="0" />
                          <test-case name="Kistl.API.Tests.BinarySerializerTests.String" executed="True" success="True" time="0.001" asserts="1" />
                          <test-case name="Kistl.API.Tests.BinarySerializerTests.StringNull" executed="True" success="True" time="0.000" asserts="1" />
                        </results>
                      </test-suite>
                      <test-suite name="CustomActionsManagerFactoryTests" success="True" time="0.001" asserts="0">
                        <results>
                          <test-case name="Kistl.API.Tests.CustomActionsManagerFactoryTests.Init_Fail" executed="True" success="True" time="0.001" asserts="1" />
                        </results>
                      </test-suite>
                      <test-suite name="ExpressionFilterTest" success="True" time="0.024" asserts="0">
                        <results>
                          <test-case name="Kistl.API.Tests.ExpressionFilterTest.IllegalExpression" executed="True" success="True" time="0.019" asserts="1" />
                          <test-case name="Kistl.API.Tests.ExpressionFilterTest.IllegalExpressionClass_UnknownToString" executed="True" success="True" time="0.001" asserts="0" />
                          <test-case name="Kistl.API.Tests.ExpressionFilterTest.LegalExpression" executed="True" success="True" time="0.002" asserts="1" />
                        </results>
                      </test-suite>
                      <test-suite name="ExpressionTreeVisitorTests" success="True" time="0.095" asserts="0">
                        <results>
                          <test-case name="Kistl.API.Tests.ExpressionTreeVisitorTests.Visit" executed="True" success="True" time="0.095" asserts="1" />
                        </results>
                      </test-suite>
                      <test-suite name="ExtensionHelpersTest" success="True" time="0.320" asserts="0">
                        <results>
                          <test-case name="Kistl.API.Tests.ExtensionHelpersTest.ForEach_IEnumerable" executed="True" success="True" time="0.003" asserts="1" />
                          <test-case name="Kistl.API.Tests.ExtensionHelpersTest.ForEach_List" executed="True" success="True" time="0.001" asserts="1" />
                          <test-case name="Kistl.API.Tests.ExtensionHelpersTest.ForEach_ObservableCollection" executed="True" success="True" time="0.008" asserts="1" />
                          <test-case name="Kistl.API.Tests.ExtensionHelpersTest.GetPrivateFieldValue" executed="True" success="True" time="0.005" asserts="3" />
                          <test-case name="Kistl.API.Tests.ExtensionHelpersTest.GetPrivateFieldValue_InvalidPropertyName" executed="True" success="True" time="0.001" asserts="0" />
                          <test-case name="Kistl.API.Tests.ExtensionHelpersTest.GetPrivatePropertyValue" executed="True" success="True" time="0.003" asserts="1" />
                          <test-case name="Kistl.API.Tests.ExtensionHelpersTest.GetPrivatePropertyValue_InvalidPropertyName" executed="True" success="True" time="0.001" asserts="0" />
                          <test-case name="Kistl.API.Tests.ExtensionHelpersTest.GetPropertyValue" executed="True" success="True" time="0.004" asserts="3" />
                          <test-case name="Kistl.API.Tests.ExtensionHelpersTest.GetPropertyValue_InvalidPropertyName" executed="True" success="True" time="0.001" asserts="0" />
                          <test-case name="Kistl.API.Tests.ExtensionHelpersTest.In" executed="True" success="True" time="0.001" asserts="1" />
                          <test-case name="Kistl.API.Tests.ExtensionHelpersTest.InFalse" executed="True" success="True" time="0.001" asserts="1" />
                          <test-case name="Kistl.API.Tests.ExtensionHelpersTest.SetPrivateFieldValue" executed="True" success="True" time="0.005" asserts="3" />
                          <test-case name="Kistl.API.Tests.ExtensionHelpersTest.SetPrivateFieldValue_InvalidPropertyName" executed="True" success="True" time="0.001" asserts="0" />
                          <test-case name="Kistl.API.Tests.ExtensionHelpersTest.SetPrivatePropertyValue" executed="True" success="True" time="0.002" asserts="0" />
                          <test-case name="Kistl.API.Tests.ExtensionHelpersTest.SetPrivatePropertyValue_InvalidPropertyName" executed="True" success="True" time="0.001" asserts="0" />
                          <test-case name="Kistl.API.Tests.ExtensionHelpersTest.SetPropertyValue" executed="True" success="True" time="0.004" asserts="3" />
                          <test-case name="Kistl.API.Tests.ExtensionHelpersTest.SetPropertyValue_InvalidPropertyName" executed="True" success="True" time="0.001" asserts="0" />
                          <test-case name="Kistl.API.Tests.ExtensionHelpersTest.XmlString" executed="True" success="True" time="0.267" asserts="1" />
                        </results>
                      </test-suite>
                      <test-suite name="HelperTest" success="True" time="0.003" asserts="0">
                        <results>
                          <test-case name="Kistl.API.Tests.HelperTest.IsFloatingObjectTest" executed="True" success="True" time="0.001" asserts="2" />
                          <test-case name="Kistl.API.Tests.HelperTest.IsPersistedObject" executed="True" success="True" time="0.001" asserts="2" />
                        </results>
                      </test-suite>
                      <test-suite name="KistlConfigTests" success="True" time="0.023" asserts="0">
                        <results>
                          <test-case name="Kistl.API.Tests.KistlConfigTests.Current" executed="True" success="True" time="0.002" asserts="3" />
                          <test-case name="Kistl.API.Tests.KistlConfigTests.FromStream" executed="True" success="True" time="0.003" asserts="9" />
                          <test-case name="Kistl.API.Tests.KistlConfigTests.FromTextReader" executed="True" success="True" time="0.001" asserts="9" />
                          <test-case name="Kistl.API.Tests.KistlConfigTests.ToFile" executed="True" success="True" time="0.013" asserts="2" />
                          <test-case name="Kistl.API.Tests.KistlConfigTests.ToStream" executed="True" success="True" time="0.001" asserts="1" />
                        </results>
                      </test-suite>
                      <test-suite name="KistlServiceStreamsMessageTests" success="True" time="0.009" asserts="0">
                        <results>
                          <test-case name="Kistl.API.Tests.KistlServiceStreamsMessageTests.Stream" executed="True" success="True" time="0.009" asserts="3" />
                        </results>
                      </test-suite>
                      <test-suite name="LinqExtensionsTests" success="True" time="0.154" asserts="0">
                        <results>
                          <test-case name="Kistl.API.Tests.LinqExtensionsTests.AddEqualityCondition" executed="True" success="True" time="0.081" asserts="1" />
                          <test-case name="Kistl.API.Tests.LinqExtensionsTests.AddEqualityCondition_InvalidProperty" executed="True" success="True" time="0.002" asserts="0" />
                          <test-case name="Kistl.API.Tests.LinqExtensionsTests.AddEqualityCondition_InvalidType" executed="True" success="True" time="0.012" asserts="0" />
                          <test-case name="Kistl.API.Tests.LinqExtensionsTests.AddFilter" executed="True" success="True" time="0.012" asserts="1" />
                          <test-case name="Kistl.API.Tests.LinqExtensionsTests.AddFilter_IllegalExpression" executed="True" success="True" time="0.003" asserts="0" />
                          <test-case name="Kistl.API.Tests.LinqExtensionsTests.AddOrderBy" executed="True" success="True" time="0.020" asserts="2" />
                          <test-case name="Kistl.API.Tests.LinqExtensionsTests.AddOrderBy_WithQuote" executed="True" success="True" time="0.003" asserts="2" />
                          <test-case name="Kistl.API.Tests.LinqExtensionsTests.AddSelector" executed="True" success="True" time="0.011" asserts="1" />
                          <test-case name="Kistl.API.Tests.LinqExtensionsTests.GetExpressionValue_Constant" executed="True" success="True" time="0.002" asserts="1" />
                          <test-case name="Kistl.API.Tests.LinqExtensionsTests.GetExpressionValue_LambdaExpression" executed="True" success="True" time="0.004" asserts="0" />
                          <test-case name="Kistl.API.Tests.LinqExtensionsTests.GetExpressionValue_MemberExpression_Field" executed="True" success="True" time="0.001" asserts="1" />
                          <test-case name="Kistl.API.Tests.LinqExtensionsTests.GetExpressionValue_MemberExpression_Property" executed="True" success="True" time="0.000" asserts="1" />
                        </results>
                      </test-suite>
                      <test-suite name="NotifyingObservableCollectionTests" success="True" time="0.024" asserts="0">
                        <results>
                          <test-case name="Kistl.API.Tests.NotifyingObservableCollectionTests.Event" executed="True" success="True" time="0.015" asserts="1" />
                          <test-case name="Kistl.API.Tests.NotifyingObservableCollectionTests.List" executed="True" success="True" time="0.000" asserts="1" />
                          <test-case name="Kistl.API.Tests.NotifyingObservableCollectionTests.Property" executed="True" success="True" time="0.001" asserts="1" />
                          <test-case name="Kistl.API.Tests.NotifyingObservableCollectionTests.SetItem" executed="True" success="True" time="0.003" asserts="1" />
                          <test-case name="Kistl.API.Tests.NotifyingObservableCollectionTests.SetItem_WithBeginUpdate" executed="True" success="True" time="0.001" asserts="2" />
                        </results>
                      </test-suite>
                      <test-suite name="SerializableExpressionTests" success="True" time="0.005" asserts="0">
                        <results>
                          <test-case name="Kistl.API.Tests.SerializableExpressionTests.FromExpression_Null" executed="True" success="True" time="0.001" asserts="0" />
                          <test-case name="Kistl.API.Tests.SerializableExpressionTests.SerializableType_GetHashCode" executed="True" success="True" time="0.000" asserts="1" />
                          <test-case name="Kistl.API.Tests.SerializableExpressionTests.SerializableType_Invalid" executed="True" success="True" time="0.001" asserts="0" />
                          <test-case name="Kistl.API.Tests.SerializableExpressionTests.SerializableType_Valid" executed="True" success="True" time="0.001" asserts="1" />
                        </results>
                      </test-suite>
                    </results>
                  </test-suite>
                </results>
              </test-suite>
            </results>
          </test-suite>
        </results>
      </test-suite>
    </results>
  </test-suite>
</test-results>