<?xml version="1.0" encoding="utf-8" standalone="no"?>
<!--This file represents the results of running a test suite-->
<test-results name="P:\Kistl\Tests\Kistl.API.Tests\Kistl.API.Tests.nunit" total="1" failures="0" not-run="0" date="2009-02-17" time="10:41:04">
  <environment nunit-version="2.4.7.0" clr-version="2.0.50727.3074" os-version="Microsoft Windows NT 6.0.6001 Service Pack 1" platform="Win32NT" cwd="P:\Kistl\Tests\Kistl.API.Tests" machine-name="KISTL" user="david" user-domain="kistl" />
  <culture-info current-culture="de-AT" current-uiculture="de-DE" />
  <test-suite name="P:\Kistl\Tests\Kistl.API.Tests\Kistl.API.Tests.nunit" success="True" time="0.058" asserts="0">
    <results>
      <test-suite name="P:\Kistl\Tests\Kistl.API.Tests\bin\Debug\Kistl.API.Tests.exe" success="True" time="0.054" asserts="0">
        <results>
          <test-suite name="SerializerMockTests" success="True" time="0.044" asserts="0">
            <results>
              <test-case name="Kistl.API.Tests.SerializerMockTests.AssertCorrectContents_correctly_identifies_ToStream_result" executed="True" success="True" time="0.040" asserts="31" />
            </results>
          </test-suite>
        </results>
      </test-suite>
    </results>
  </test-suite>
</test-results>