<?xml version="1.0" encoding="utf-8" standalone="no"?>
<!--This file represents the results of running a test suite-->
<test-results name="P:\Kistl\Tests\Kistl.API.Tests\Kistl.API.Tests.nunit" total="4" errors="0" failures="0" not-run="0" ignored="0" skipped="0" invalid="0" date="2009-04-01" time="12:01:51">
  <environment nunit-version="2.5.0.9015" clr-version="2.0.50727.3074" os-version="Microsoft Windows NT 6.0.6001 Service Pack 1" platform="Win32NT" cwd="P:\Kistl\Tests\Kistl.API.Tests" machine-name="DAVID-PC" user="david" user-domain="david-PC" />
  <culture-info current-culture="de-AT" current-uiculture="en-US" />
  <test-suite name="P:\Kistl\Tests\Kistl.API.Tests\Kistl.API.Tests.nunit" executed="True" success="True" time="0.230" asserts="0">
    <results>
      <test-suite name="P:\Kistl\Tests\Kistl.API.Tests\bin\Debug\Kistl.API.Tests.dll" executed="True" success="True" time="0.144" asserts="0">
        <results>
          <test-suite name="Kistl" executed="True" success="True" time="0.142" asserts="0">
            <results>
              <test-suite name="API" executed="True" success="True" time="0.142" asserts="0">
                <results>
                  <test-suite name="Tests" executed="True" success="True" time="0.142" asserts="0">
                    <results>
                      <test-suite name="MagicCollectionFactory" executed="True" success="True" time="0.142" asserts="0">
                        <results>
                          <test-suite name="should_wrap_collections" executed="True" success="True" time="0.127" asserts="0">
                            <results>
                              <test-case name="Kistl.API.Tests.MagicCollectionFactory.should_wrap_collections.from_any_string_to_object" executed="True" success="True" time="0.116" asserts="4" />
                              <test-case name="Kistl.API.Tests.MagicCollectionFactory.should_wrap_collections.from_string_to_object" executed="True" success="True" time="0.003" asserts="4" />
                            </results>
                          </test-suite>
                          <test-suite name="should_wrap_lists" executed="True" success="True" time="0.012" asserts="0">
                            <results>
                              <test-case name="Kistl.API.Tests.MagicCollectionFactory.should_wrap_lists.from_any_string_to_object" executed="True" success="True" time="0.011" asserts="4" />
                              <test-case name="Kistl.API.Tests.MagicCollectionFactory.should_wrap_lists.from_string_to_object" executed="True" success="True" time="0.001" asserts="4" />
                            </results>
                          </test-suite>
                        </results>
                      </test-suite>
                    </results>
                  </test-suite>
                </results>
              </test-suite>
            </results>
          </test-suite>
        </results>
      </test-suite>
    </results>
  </test-suite>
</test-results>