<?xml version="1.0" encoding="utf-8" standalone="no"?>
<!--This file represents the results of running a test suite-->
<test-results name="P:\Kistl\Tests\Kistl.API.Tests\Kistl.API.Tests.nunit" total="4" failures="0" not-run="0" date="2009-02-19" time="10:52:14">
  <environment nunit-version="2.4.7.0" clr-version="2.0.50727.3074" os-version="Microsoft Windows NT 6.0.6001 Service Pack 1" platform="Win32NT" cwd="P:\Kistl\Tests\Kistl.API.Tests" machine-name="KISTL" user="david" user-domain="kistl" />
  <culture-info current-culture="de-AT" current-uiculture="de-DE" />
  <test-suite name="P:\Kistl\Tests\Kistl.API.Tests\Kistl.API.Tests.nunit" success="True" time="0.037" asserts="0">
    <results>
      <test-suite name="P:\Kistl\Tests\Kistl.API.Tests\bin\Debug\Kistl.API.Tests.exe" success="True" time="0.034" asserts="0">
        <results>
          <test-suite name="SerializableTypeTests" success="True" time="0.025" asserts="0">
            <results>
              <test-case name="Kistl.API.Tests.SerializableTypeTests.GetHashCode_returns_right_value" executed="True" success="True" time="0.010" asserts="1" />
              <test-case name="Kistl.API.Tests.SerializableTypeTests.GetSerializableType_fails_on_invalid_AssemblyQualifiedName" executed="True" success="True" time="0.005" asserts="0" />
              <test-case name="Kistl.API.Tests.SerializableTypeTests.GetSerializableType_fails_on_invalid_TypeName" executed="True" success="True" time="0.001" asserts="0" />
              <test-case name="Kistl.API.Tests.SerializableTypeTests.GetSerializedType_returns_right_type" executed="True" success="True" time="0.001" asserts="1" />
            </results>
          </test-suite>
        </results>
      </test-suite>
    </results>
  </test-suite>
</test-results>