<?xml version="1.0" encoding="utf-8" standalone="no"?>
<!--This file represents the results of running a test suite-->
<test-results name="P:\Kistl\Tests\Kistl.DalProvider.Frozen.Tests\Kistl.DalProvider.Frozen.Tests.nunit" total="4" errors="0" failures="0" not-run="8" inconclusive="0" ignored="8" skipped="0" invalid="0" date="2010-05-02" time="17:32:36">
  <environment nunit-version="2.5.2.9222" clr-version="2.0.50727.4927" os-version="Microsoft Windows NT 6.1.7600.0" platform="Win32NT" cwd="P:\Kistl\Tests\Kistl.DalProvider.Frozen.Tests" machine-name="ARTHUR-NB" user="arthur" user-domain="DASZ" />
  <culture-info current-culture="de-AT" current-uiculture="en-US" />
  <test-suite name="P:\Kistl\Tests\Kistl.DalProvider.Frozen.Tests\Kistl.DalProvider.Frozen.Tests.nunit" executed="True" success="True" time="14.127" asserts="0">
    <results>
      <test-suite name="P:\Kistl\Tests\Kistl.DalProvider.Frozen.Tests\bin\Debug\Kistl.DalProvider.Frozen.Tests.dll" executed="True" success="True" time="14.121" asserts="0">
        <results>
          <test-suite name="Kistl" executed="True" success="True" time="13.083" asserts="0">
            <results>
              <test-suite name="DalProvider" executed="True" success="True" time="13.082" asserts="0">
                <results>
                  <test-suite name="Frozen" executed="True" success="True" time="13.082" asserts="0">
                    <results>
                      <test-suite name="Tests" executed="True" success="True" time="13.078" asserts="0">
                        <results>
                          <test-suite name="FrozenContextTests" executed="True" success="True" time="13.057" asserts="0">
                            <results>
                              <test-case name="Kistl.DalProvider.Frozen.Tests.FrozenContextTests.should_forbid_setting_reference_properties" executed="True" success="True" time="12.958" asserts="0" />
                              <test-case name="Kistl.DalProvider.Frozen.Tests.FrozenContextTests.should_forbid_setting_simple_properties" executed="True" success="True" time="0.002" asserts="0" />
                              <test-case name="Kistl.DalProvider.Frozen.Tests.FrozenContextTests.should_only_hand_out_objects_with_IsReadonly_set" executed="True" success="True" time="0.004" asserts="111" />
                              <test-case name="Kistl.DalProvider.Frozen.Tests.FrozenContextTests.should_provide_each_AttachedObject_only_once" executed="True" success="True" time="0.081" asserts="1" />
                            </results>
                          </test-suite>
                          <test-suite name="ListPropertiesTests" executed="False">
                            <reason>
                              <message><![CDATA[Needs Frozen value list property]]></message>
                            </reason>
                            <results>
                              <test-case name="Kistl.DalProvider.Frozen.Tests.ListPropertiesTests.list_and_query_should_yield_consistent_results" executed="False">
                                <reason>
                                  <message><![CDATA[Needs Frozen value list property]]></message>
                                </reason>
                              </test-case>
                              <test-case name="Kistl.DalProvider.Frozen.Tests.ListPropertiesTests.list_should_be_sorted_correctly" executed="False">
                                <reason>
                                  <message><![CDATA[Needs Frozen value list property]]></message>
                                </reason>
                              </test-case>
                              <test-case name="Kistl.DalProvider.Frozen.Tests.ListPropertiesTests.navigating_a_fk_list_property_should_yield_related_objects" executed="False">
                                <reason>
                                  <message><![CDATA[Needs Frozen value list property]]></message>
                                </reason>
                              </test-case>
                              <test-case name="Kistl.DalProvider.Frozen.Tests.ListPropertiesTests.navigating_a_nm_list_property_should_yield_related_objects" executed="False">
                                <reason>
                                  <message><![CDATA[Needs Frozen value list property]]></message>
                                </reason>
                              </test-case>
                              <test-case name="Kistl.DalProvider.Frozen.Tests.ListPropertiesTests.object_lists_should_have_elements" executed="False">
                                <reason>
                                  <message><![CDATA[Needs Frozen value list property]]></message>
                                </reason>
                              </test-case>
                              <test-case name="Kistl.DalProvider.Frozen.Tests.ListPropertiesTests.retrieving_a_fk_list_twice_should_yield_same_list" executed="False">
                                <reason>
                                  <message><![CDATA[Needs Frozen value list property]]></message>
                                </reason>
                              </test-case>
                              <test-case name="Kistl.DalProvider.Frozen.Tests.ListPropertiesTests.retrieving_a_nm_list_twice_should_yield_same_list" executed="False">
                                <reason>
                                  <message><![CDATA[Needs Frozen value list property]]></message>
                                </reason>
                              </test-case>
                              <test-case name="Kistl.DalProvider.Frozen.Tests.ListPropertiesTests.value_lists_should_have_elements" executed="False">
                                <reason>
                                  <message><![CDATA[Needs Frozen value list property]]></message>
                                </reason>
                              </test-case>
                            </results>
                          </test-suite>
                        </results>
                      </test-suite>
                    </results>
                  </test-suite>
                </results>
              </test-suite>
            </results>
          </test-suite>
        </results>
      </test-suite>
    </results>
  </test-suite>
</test-results>