<?xml version="1.0" encoding="utf-8" standalone="no"?>
<!--This file represents the results of running a test suite-->
<test-results name="P:\Kistl\Tests\Kistl.DalProvider.Frozen.Tests\Kistl.DalProvider.Frozen.Tests.nunit" total="5" errors="0" failures="0" not-run="7" ignored="7" skipped="0" invalid="0" date="2009-03-20" time="15:36:13">
  <environment nunit-version="2.5.0.9015" clr-version="2.0.50727.3074" os-version="Microsoft Windows NT 6.0.6001 Service Pack 1" platform="Win32NT" cwd="P:\Kistl\Tests\Kistl.DalProvider.Frozen.Tests" machine-name="KISTL" user="david" user-domain="kistl" />
  <culture-info current-culture="de-AT" current-uiculture="de-DE" />
  <test-suite name="P:\Kistl\Tests\Kistl.DalProvider.Frozen.Tests\Kistl.DalProvider.Frozen.Tests.nunit" executed="True" success="True" time="1.851" asserts="0">
    <results>
      <test-suite name="P:\Kistl\Tests\Kistl.DalProvider.Frozen.Tests\bin\Debug\Kistl.DalProvider.Frozen.Tests.dll" executed="True" success="True" time="1.764" asserts="0">
        <results>
          <test-suite name="Kistl" executed="True" success="True" time="1.266" asserts="0">
            <results>
              <test-suite name="DalProvider" executed="True" success="True" time="1.264" asserts="0">
                <results>
                  <test-suite name="Frozen" executed="True" success="True" time="1.262" asserts="0">
                    <results>
                      <test-suite name="Tests" executed="True" success="True" time="1.242" asserts="0">
                        <results>
                          <test-suite name="FrozenContextTests" executed="True" success="True" time="1.236" asserts="0">
                            <results>
                              <test-case name="Kistl.DalProvider.Frozen.Tests.FrozenContextTests.should_forbid_Create" executed="True" success="True" time="1.105" asserts="0" />
                              <test-case name="Kistl.DalProvider.Frozen.Tests.FrozenContextTests.should_forbid_setting_reference_properties" executed="True" success="True" time="0.111" asserts="0" />
                              <test-case name="Kistl.DalProvider.Frozen.Tests.FrozenContextTests.should_forbid_setting_simple_properties" executed="True" success="True" time="0.002" asserts="0" />
                              <test-case name="Kistl.DalProvider.Frozen.Tests.FrozenContextTests.should_have_IsReadonly_set" executed="True" success="True" time="0.002" asserts="1" />
                              <test-case name="Kistl.DalProvider.Frozen.Tests.FrozenContextTests.should_only_hand_out_objects_with_IsReadonly_set" executed="True" success="True" time="0.003" asserts="61" />
                            </results>
                          </test-suite>
                          <test-suite name="ListPropertiesTests" executed="False">
                            <reason>
                              <message><![CDATA[Needs Frozen value list property]]></message>
                            </reason>
                            <results>
                              <test-case name="Kistl.DalProvider.Frozen.Tests.ListPropertiesTests.list_and_query_should_yield_consistent_results" executed="False">
                                <reason>
                                  <message><![CDATA[Needs Frozen value list property]]></message>
                                </reason>
                              </test-case>
                              <test-case name="Kistl.DalProvider.Frozen.Tests.ListPropertiesTests.navigating_a_fk_list_property_should_yield_related_objects" executed="False">
                                <reason>
                                  <message><![CDATA[Needs Frozen value list property]]></message>
                                </reason>
                              </test-case>
                              <test-case name="Kistl.DalProvider.Frozen.Tests.ListPropertiesTests.navigating_a_nm_list_property_should_yield_related_objects" executed="False">
                                <reason>
                                  <message><![CDATA[Needs Frozen value list property]]></message>
                                </reason>
                              </test-case>
                              <test-case name="Kistl.DalProvider.Frozen.Tests.ListPropertiesTests.object_lists_should_have_elements" executed="False">
                                <reason>
                                  <message><![CDATA[Needs Frozen value list property]]></message>
                                </reason>
                              </test-case>
                              <test-case name="Kistl.DalProvider.Frozen.Tests.ListPropertiesTests.retrieving_a_fk_list_twice_should_yield_same_list" executed="False">
                                <reason>
                                  <message><![CDATA[Needs Frozen value list property]]></message>
                                </reason>
                              </test-case>
                              <test-case name="Kistl.DalProvider.Frozen.Tests.ListPropertiesTests.retrieving_a_nm_list_twice_should_yield_same_list" executed="False">
                                <reason>
                                  <message><![CDATA[Needs Frozen value list property]]></message>
                                </reason>
                              </test-case>
                              <test-case name="Kistl.DalProvider.Frozen.Tests.ListPropertiesTests.value_lists_should_have_elements" executed="False">
                                <reason>
                                  <message><![CDATA[Needs Frozen value list property]]></message>
                                </reason>
                              </test-case>
                            </results>
                          </test-suite>
                        </results>
                      </test-suite>
                    </results>
                  </test-suite>
                </results>
              </test-suite>
            </results>
          </test-suite>
        </results>
      </test-suite>
    </results>
  </test-suite>
</test-results>